[1.268s] Invoking command in '/home/urc/new-GUI/src/gui_window': PYTHONPATH=/home/urc/new-GUI/build/gui_window/prefix_override:/home/urc/new-GUI/install/gui_window/lib/python3.10/site-packages:${PYTHONPATH} /usr/bin/python3 setup.py egg_info --egg-base ../../build/gui_window build --build-base /home/urc/new-GUI/build/gui_window/build install --record /home/urc/new-GUI/build/gui_window/install.log --single-version-externally-managed
[1.703s] running egg_info
[1.705s] writing ../../build/gui_window/gui_window.egg-info/PKG-INFO
[1.705s] writing dependency_links to ../../build/gui_window/gui_window.egg-info/dependency_links.txt
[1.705s] writing entry points to ../../build/gui_window/gui_window.egg-info/entry_points.txt
[1.705s] writing requirements to ../../build/gui_window/gui_window.egg-info/requires.txt
[1.705s] writing top-level names to ../../build/gui_window/gui_window.egg-info/top_level.txt
[1.710s] reading manifest file '../../build/gui_window/gui_window.egg-info/SOURCES.txt'
[1.713s] writing manifest file '../../build/gui_window/gui_window.egg-info/SOURCES.txt'
[1.713s] running build
[1.714s] running build_py
[1.714s] copying gui_window/urc_gui_common/ros_link.py -> /home/urc/new-GUI/build/gui_window/build/lib/gui_window/urc_gui_common
[1.714s] copying gui_window/urc_gui_common/__init__.py -> /home/urc/new-GUI/build/gui_window/build/lib/gui_window/urc_gui_common
[1.722s] running install
[1.722s] running install_lib
[1.734s] copying /home/urc/new-GUI/build/gui_window/build/lib/gui_window/urc_gui_common/ros_link.py -> /home/urc/new-GUI/install/gui_window/lib/python3.10/site-packages/gui_window/urc_gui_common
[1.735s] copying /home/urc/new-GUI/build/gui_window/build/lib/gui_window/urc_gui_common/__init__.py -> /home/urc/new-GUI/install/gui_window/lib/python3.10/site-packages/gui_window/urc_gui_common
[1.735s] byte-compiling /home/urc/new-GUI/install/gui_window/lib/python3.10/site-packages/gui_window/urc_gui_common/ros_link.py to ros_link.cpython-310.pyc
[1.735s] byte-compiling /home/urc/new-GUI/install/gui_window/lib/python3.10/site-packages/gui_window/urc_gui_common/__init__.py to __init__.cpython-310.pyc
[1.735s] running install_data
[1.735s] running install_egg_info
[1.735s] removing '/home/urc/new-GUI/install/gui_window/lib/python3.10/site-packages/gui_window-0.0.0-py3.10.egg-info' (and everything under it)
[1.735s] Copying ../../build/gui_window/gui_window.egg-info to /home/urc/new-GUI/install/gui_window/lib/python3.10/site-packages/gui_window-0.0.0-py3.10.egg-info
[1.735s] running install_scripts
[1.763s] Installing gui script to /home/urc/new-GUI/install/gui_window/lib/gui_window
[1.766s] writing list of installed files to '/home/urc/new-GUI/build/gui_window/install.log'
[1.799s] Invoked command in '/home/urc/new-GUI/src/gui_window' returned '0': PYTHONPATH=/home/urc/new-GUI/build/gui_window/prefix_override:/home/urc/new-GUI/install/gui_window/lib/python3.10/site-packages:${PYTHONPATH} /usr/bin/python3 setup.py egg_info --egg-base ../../build/gui_window build --build-base /home/urc/new-GUI/build/gui_window/build install --record /home/urc/new-GUI/build/gui_window/install.log --single-version-externally-managed
