[2.149s] Invoking command in '/home/urc/new_GUI/src/gui_window': AMENT_PREFIX_PATH=/home/urc/new_GUI/install/theora_webcams:/home/urc/new_GUI/install/ocean_optics_spectrometer:/home/urc/new_GUI/install/marker_interfacing:/home/urc/new_GUI/install/hockey_stick_arm:/home/urc/new_GUI/install/aruco_finder:${AMENT_PREFIX_PATH} CMAKE_PREFIX_PATH=/home/urc/new_GUI/install/rover_gui_lib:/home/urc/new_GUI/install/urc_gui_lib:/home/urc/new_GUI/install/theora_webcams:/home/urc/new_GUI/install/ocean_optics_spectrometer:/home/urc/new_GUI/install/marker_interfacing:/home/urc/new_GUI/install/hockey_stick_arm:/home/urc/new_GUI/install/aruco_finder LD_LIBRARY_PATH=/home/urc/new_GUI/install/rover_gui_lib/lib:/home/urc/new_GUI/install/theora_webcams/lib:/home/urc/new_GUI/install/ocean_optics_spectrometer/lib:/home/urc/new_GUI/install/marker_interfacing/lib:/home/urc/new_GUI/install/hockey_stick_arm/lib:/home/urc/new_GUI/install/aruco_finder/lib:${LD_LIBRARY_PATH} PKG_CONFIG_PATH=/home/urc/new_GUI/install/rover_gui_lib/lib/x86_64-linux-gnu/pkgconfig:/home/urc/new_GUI/install/rover_gui_lib/lib/pkgconfig:/home/urc/new_GUI/install/urc_gui_lib/lib/x86_64-linux-gnu/pkgconfig:/home/urc/new_GUI/install/urc_gui_lib/lib/pkgconfig PYTHONPATH=/home/urc/new_GUI/build/gui_window/prefix_override:/home/urc/new_GUI/install/gui_window/lib/python3.10/site-packages:/home/urc/new_GUI/install/rover_gui_lib/local/lib/python3.10/dist-packages:/home/urc/new_GUI/install/theora_webcams/local/lib/python3.10/dist-packages:/home/urc/new_GUI/install/ocean_optics_spectrometer/local/lib/python3.10/dist-packages:/home/urc/new_GUI/install/marker_interfacing/local/lib/python3.10/dist-packages:/home/urc/new_GUI/install/hockey_stick_arm/local/lib/python3.10/dist-packages:/home/urc/new_GUI/install/aruco_finder/local/lib/python3.10/dist-packages:${PYTHONPATH} ROS_PACKAGE_PATH=/home/urc/new_GUI/install/rover_gui_lib/share:/home/urc/new_GUI/install/urc_gui_lib/share /usr/bin/python3 setup.py egg_info --egg-base ../../build/gui_window build --build-base /home/urc/new_GUI/build/gui_window/build install --record /home/urc/new_GUI/build/gui_window/install.log --single-version-externally-managed
[2.729s] running egg_info
[2.729s] creating ../../build/gui_window/gui_window.egg-info
[2.732s] writing ../../build/gui_window/gui_window.egg-info/PKG-INFO
[2.732s] writing dependency_links to ../../build/gui_window/gui_window.egg-info/dependency_links.txt
[2.733s] writing entry points to ../../build/gui_window/gui_window.egg-info/entry_points.txt
[2.733s] writing requirements to ../../build/gui_window/gui_window.egg-info/requires.txt
[2.733s] writing top-level names to ../../build/gui_window/gui_window.egg-info/top_level.txt
[2.733s] writing manifest file '../../build/gui_window/gui_window.egg-info/SOURCES.txt'
[2.743s] reading manifest file '../../build/gui_window/gui_window.egg-info/SOURCES.txt'
[2.744s] writing manifest file '../../build/gui_window/gui_window.egg-info/SOURCES.txt'
[2.744s] running build
[2.745s] running build_py
[2.745s] creating /home/urc/new_GUI/build/gui_window/build
[2.748s] creating /home/urc/new_GUI/build/gui_window/build/lib
[2.748s] creating /home/urc/new_GUI/build/gui_window/build/lib/gui_window
[2.752s] copying gui_window/current_display_widget.py -> /home/urc/new_GUI/build/gui_window/build/lib/gui_window
[2.753s] copying gui_window/__init__.py -> /home/urc/new_GUI/build/gui_window/build/lib/gui_window
[2.753s] copying gui_window/wanderer_ros_link.py -> /home/urc/new_GUI/build/gui_window/build/lib/gui_window
[2.754s] copying gui_window/wanderer_controls.py -> /home/urc/new_GUI/build/gui_window/build/lib/gui_window
[2.756s] copying gui_window/science.py -> /home/urc/new_GUI/build/gui_window/build/lib/gui_window
[2.756s] copying gui_window/main.py -> /home/urc/new_GUI/build/gui_window/build/lib/gui_window
[2.757s] creating /home/urc/new_GUI/build/gui_window/build/lib/gui_window/urc_gui_common
[2.758s] copying gui_window/urc_gui_common/ros_link.py -> /home/urc/new_GUI/build/gui_window/build/lib/gui_window/urc_gui_common
[2.758s] copying gui_window/urc_gui_common/status_bar.py -> /home/urc/new_GUI/build/gui_window/build/lib/gui_window/urc_gui_common
[2.761s] copying gui_window/urc_gui_common/tile_scraper.py -> /home/urc/new_GUI/build/gui_window/build/lib/gui_window/urc_gui_common
[2.762s] copying gui_window/urc_gui_common/__init__.py -> /home/urc/new_GUI/build/gui_window/build/lib/gui_window/urc_gui_common
[2.762s] copying gui_window/urc_gui_common/app.py -> /home/urc/new_GUI/build/gui_window/build/lib/gui_window/urc_gui_common
[2.762s] copying gui_window/urc_gui_common/camera_link.py -> /home/urc/new_GUI/build/gui_window/build/lib/gui_window/urc_gui_common
[2.763s] creating /home/urc/new_GUI/build/gui_window/build/lib/gui_window/rover_gui_common
[2.763s] copying gui_window/rover_gui_common/rover_ros_link.py -> /home/urc/new_GUI/build/gui_window/build/lib/gui_window/rover_gui_common
[2.763s] copying gui_window/rover_gui_common/__init__.py -> /home/urc/new_GUI/build/gui_window/build/lib/gui_window/rover_gui_common
[2.764s] copying gui_window/rover_gui_common/rover_map.py -> /home/urc/new_GUI/build/gui_window/build/lib/gui_window/rover_gui_common
[2.764s] creating /home/urc/new_GUI/build/gui_window/build/lib/gui_window/ui_python
[2.767s] copying gui_window/ui_python/__init__.py -> /home/urc/new_GUI/build/gui_window/build/lib/gui_window/ui_python
[2.767s] copying gui_window/ui_python/science_tab.py -> /home/urc/new_GUI/build/gui_window/build/lib/gui_window/ui_python
[2.768s] copying gui_window/ui_python/current_display.py -> /home/urc/new_GUI/build/gui_window/build/lib/gui_window/ui_python
[2.768s] copying gui_window/ui_python/wanderer_controls_tab.py -> /home/urc/new_GUI/build/gui_window/build/lib/gui_window/ui_python
[2.768s] creating /home/urc/new_GUI/build/gui_window/build/lib/gui_window/urc_gui_common/helpers
[2.768s] copying gui_window/urc_gui_common/helpers/internet.py -> /home/urc/new_GUI/build/gui_window/build/lib/gui_window/urc_gui_common/helpers
[2.768s] copying gui_window/urc_gui_common/helpers/__init__.py -> /home/urc/new_GUI/build/gui_window/build/lib/gui_window/urc_gui_common/helpers
[2.768s] copying gui_window/urc_gui_common/helpers/file_helper.py -> /home/urc/new_GUI/build/gui_window/build/lib/gui_window/urc_gui_common/helpers
[2.768s] copying gui_window/urc_gui_common/helpers/route_optimization.py -> /home/urc/new_GUI/build/gui_window/build/lib/gui_window/urc_gui_common/helpers
[2.768s] copying gui_window/urc_gui_common/helpers/validator.py -> /home/urc/new_GUI/build/gui_window/build/lib/gui_window/urc_gui_common/helpers
[2.768s] creating /home/urc/new_GUI/build/gui_window/build/lib/gui_window/urc_gui_common/widgets
[2.769s] copying gui_window/urc_gui_common/widgets/timer.py -> /home/urc/new_GUI/build/gui_window/build/lib/gui_window/urc_gui_common/widgets
[2.769s] copying gui_window/urc_gui_common/widgets/ros_console.py -> /home/urc/new_GUI/build/gui_window/build/lib/gui_window/urc_gui_common/widgets
[2.769s] copying gui_window/urc_gui_common/widgets/current_widget.py -> /home/urc/new_GUI/build/gui_window/build/lib/gui_window/urc_gui_common/widgets
[2.769s] copying gui_window/urc_gui_common/widgets/map_viewer.py -> /home/urc/new_GUI/build/gui_window/build/lib/gui_window/urc_gui_common/widgets
[2.769s] copying gui_window/urc_gui_common/widgets/__init__.py -> /home/urc/new_GUI/build/gui_window/build/lib/gui_window/urc_gui_common/widgets
[2.769s] copying gui_window/urc_gui_common/widgets/graph_widget.py -> /home/urc/new_GUI/build/gui_window/build/lib/gui_window/urc_gui_common/widgets
[2.769s] copying gui_window/urc_gui_common/widgets/checklist.py -> /home/urc/new_GUI/build/gui_window/build/lib/gui_window/urc_gui_common/widgets
[2.769s] copying gui_window/urc_gui_common/widgets/super_camera_widget.py -> /home/urc/new_GUI/build/gui_window/build/lib/gui_window/urc_gui_common/widgets
[2.770s] copying gui_window/urc_gui_common/widgets/compass.py -> /home/urc/new_GUI/build/gui_window/build/lib/gui_window/urc_gui_common/widgets
[2.770s] copying gui_window/urc_gui_common/widgets/antenna_control.py -> /home/urc/new_GUI/build/gui_window/build/lib/gui_window/urc_gui_common/widgets
[2.770s] copying gui_window/urc_gui_common/widgets/slider_compass.py -> /home/urc/new_GUI/build/gui_window/build/lib/gui_window/urc_gui_common/widgets
[2.770s] copying gui_window/urc_gui_common/widgets/lines.py -> /home/urc/new_GUI/build/gui_window/build/lib/gui_window/urc_gui_common/widgets
[2.770s] creating /home/urc/new_GUI/build/gui_window/build/lib/gui_window/urc_gui_common/tabs
[2.770s] copying gui_window/urc_gui_common/tabs/single_camera.py -> /home/urc/new_GUI/build/gui_window/build/lib/gui_window/urc_gui_common/tabs
[2.770s] copying gui_window/urc_gui_common/tabs/four_camera.py -> /home/urc/new_GUI/build/gui_window/build/lib/gui_window/urc_gui_common/tabs
[2.770s] copying gui_window/urc_gui_common/tabs/map.py -> /home/urc/new_GUI/build/gui_window/build/lib/gui_window/urc_gui_common/tabs
[2.770s] copying gui_window/urc_gui_common/tabs/__init__.py -> /home/urc/new_GUI/build/gui_window/build/lib/gui_window/urc_gui_common/tabs
[2.771s] copying gui_window/urc_gui_common/tabs/six_camera.py -> /home/urc/new_GUI/build/gui_window/build/lib/gui_window/urc_gui_common/tabs
[2.771s] copying gui_window/urc_gui_common/tabs/settings.py -> /home/urc/new_GUI/build/gui_window/build/lib/gui_window/urc_gui_common/tabs
[2.771s] copying gui_window/urc_gui_common/tabs/tools.py -> /home/urc/new_GUI/build/gui_window/build/lib/gui_window/urc_gui_common/tabs
[2.771s] creating /home/urc/new_GUI/build/gui_window/build/lib/gui_window/urc_gui_common/ui_python
[2.771s] copying gui_window/urc_gui_common/ui_python/tools_tab.py -> /home/urc/new_GUI/build/gui_window/build/lib/gui_window/urc_gui_common/ui_python
[2.771s] copying gui_window/urc_gui_common/ui_python/optimization_dialog.py -> /home/urc/new_GUI/build/gui_window/build/lib/gui_window/urc_gui_common/ui_python
[2.771s] copying gui_window/urc_gui_common/ui_python/current_widget.py -> /home/urc/new_GUI/build/gui_window/build/lib/gui_window/urc_gui_common/ui_python
[2.771s] copying gui_window/urc_gui_common/ui_python/__init__.py -> /home/urc/new_GUI/build/gui_window/build/lib/gui_window/urc_gui_common/ui_python
[2.771s] copying gui_window/urc_gui_common/ui_python/ros_console_widget.py -> /home/urc/new_GUI/build/gui_window/build/lib/gui_window/urc_gui_common/ui_python
[2.772s] copying gui_window/urc_gui_common/ui_python/science_tab.py -> /home/urc/new_GUI/build/gui_window/build/lib/gui_window/urc_gui_common/ui_python
[2.772s] copying gui_window/urc_gui_common/ui_python/timer_widget.py -> /home/urc/new_GUI/build/gui_window/build/lib/gui_window/urc_gui_common/ui_python
[2.772s] copying gui_window/urc_gui_common/ui_python/antenna_control_widget.py -> /home/urc/new_GUI/build/gui_window/build/lib/gui_window/urc_gui_common/ui_python
[2.772s] copying gui_window/urc_gui_common/ui_python/set_time_dialog.py -> /home/urc/new_GUI/build/gui_window/build/lib/gui_window/urc_gui_common/ui_python
[2.772s] copying gui_window/urc_gui_common/ui_python/autonomy_edit_dialog.py -> /home/urc/new_GUI/build/gui_window/build/lib/gui_window/urc_gui_common/ui_python
[2.781s] copying gui_window/urc_gui_common/ui_python/checklist_widget.py -> /home/urc/new_GUI/build/gui_window/build/lib/gui_window/urc_gui_common/ui_python
[2.781s] copying gui_window/urc_gui_common/ui_python/graph.py -> /home/urc/new_GUI/build/gui_window/build/lib/gui_window/urc_gui_common/ui_python
[2.794s] creating /home/urc/new_GUI/build/gui_window/build/lib/gui_window/urc_gui_common/widgets/ui_python
[2.795s] copying gui_window/urc_gui_common/widgets/ui_python/tools_tab.py -> /home/urc/new_GUI/build/gui_window/build/lib/gui_window/urc_gui_common/widgets/ui_python
[2.795s] copying gui_window/urc_gui_common/widgets/ui_python/optimization_dialog.py -> /home/urc/new_GUI/build/gui_window/build/lib/gui_window/urc_gui_common/widgets/ui_python
[2.795s] copying gui_window/urc_gui_common/widgets/ui_python/current_widget.py -> /home/urc/new_GUI/build/gui_window/build/lib/gui_window/urc_gui_common/widgets/ui_python
[2.795s] copying gui_window/urc_gui_common/widgets/ui_python/__init__.py -> /home/urc/new_GUI/build/gui_window/build/lib/gui_window/urc_gui_common/widgets/ui_python
[2.795s] copying gui_window/urc_gui_common/widgets/ui_python/ros_console_widget.py -> /home/urc/new_GUI/build/gui_window/build/lib/gui_window/urc_gui_common/widgets/ui_python
[2.795s] copying gui_window/urc_gui_common/widgets/ui_python/science_tab.py -> /home/urc/new_GUI/build/gui_window/build/lib/gui_window/urc_gui_common/widgets/ui_python
[2.795s] copying gui_window/urc_gui_common/widgets/ui_python/timer_widget.py -> /home/urc/new_GUI/build/gui_window/build/lib/gui_window/urc_gui_common/widgets/ui_python
[2.795s] copying gui_window/urc_gui_common/widgets/ui_python/antenna_control_widget.py -> /home/urc/new_GUI/build/gui_window/build/lib/gui_window/urc_gui_common/widgets/ui_python
[2.796s] copying gui_window/urc_gui_common/widgets/ui_python/set_time_dialog.py -> /home/urc/new_GUI/build/gui_window/build/lib/gui_window/urc_gui_common/widgets/ui_python
[2.796s] copying gui_window/urc_gui_common/widgets/ui_python/autonomy_edit_dialog.py -> /home/urc/new_GUI/build/gui_window/build/lib/gui_window/urc_gui_common/widgets/ui_python
[2.796s] copying gui_window/urc_gui_common/widgets/ui_python/checklist_widget.py -> /home/urc/new_GUI/build/gui_window/build/lib/gui_window/urc_gui_common/widgets/ui_python
[2.796s] copying gui_window/urc_gui_common/widgets/ui_python/graph.py -> /home/urc/new_GUI/build/gui_window/build/lib/gui_window/urc_gui_common/widgets/ui_python
[2.796s] creating /home/urc/new_GUI/build/gui_window/build/lib/gui_window/rover_gui_common/ui_python
[2.796s] copying gui_window/rover_gui_common/ui_python/__init__.py -> /home/urc/new_GUI/build/gui_window/build/lib/gui_window/rover_gui_common/ui_python
[2.797s] copying gui_window/rover_gui_common/ui_python/ed_edit_dialog.py -> /home/urc/new_GUI/build/gui_window/build/lib/gui_window/rover_gui_common/ui_python
[2.797s] running install
[2.797s] running install_lib
[2.797s] creating /home/urc/new_GUI/install/gui_window/lib/python3.10/site-packages/gui_window
[2.798s] creating /home/urc/new_GUI/install/gui_window/lib/python3.10/site-packages/gui_window/urc_gui_common
[2.801s] copying /home/urc/new_GUI/build/gui_window/build/lib/gui_window/urc_gui_common/ros_link.py -> /home/urc/new_GUI/install/gui_window/lib/python3.10/site-packages/gui_window/urc_gui_common
[2.802s] creating /home/urc/new_GUI/install/gui_window/lib/python3.10/site-packages/gui_window/urc_gui_common/helpers
[2.803s] copying /home/urc/new_GUI/build/gui_window/build/lib/gui_window/urc_gui_common/helpers/internet.py -> /home/urc/new_GUI/install/gui_window/lib/python3.10/site-packages/gui_window/urc_gui_common/helpers
[2.803s] copying /home/urc/new_GUI/build/gui_window/build/lib/gui_window/urc_gui_common/helpers/__init__.py -> /home/urc/new_GUI/install/gui_window/lib/python3.10/site-packages/gui_window/urc_gui_common/helpers
[2.804s] copying /home/urc/new_GUI/build/gui_window/build/lib/gui_window/urc_gui_common/helpers/file_helper.py -> /home/urc/new_GUI/install/gui_window/lib/python3.10/site-packages/gui_window/urc_gui_common/helpers
[2.805s] copying /home/urc/new_GUI/build/gui_window/build/lib/gui_window/urc_gui_common/helpers/route_optimization.py -> /home/urc/new_GUI/install/gui_window/lib/python3.10/site-packages/gui_window/urc_gui_common/helpers
[2.806s] copying /home/urc/new_GUI/build/gui_window/build/lib/gui_window/urc_gui_common/helpers/validator.py -> /home/urc/new_GUI/install/gui_window/lib/python3.10/site-packages/gui_window/urc_gui_common/helpers
[2.810s] copying /home/urc/new_GUI/build/gui_window/build/lib/gui_window/urc_gui_common/status_bar.py -> /home/urc/new_GUI/install/gui_window/lib/python3.10/site-packages/gui_window/urc_gui_common
[2.811s] copying /home/urc/new_GUI/build/gui_window/build/lib/gui_window/urc_gui_common/tile_scraper.py -> /home/urc/new_GUI/install/gui_window/lib/python3.10/site-packages/gui_window/urc_gui_common
[2.811s] copying /home/urc/new_GUI/build/gui_window/build/lib/gui_window/urc_gui_common/__init__.py -> /home/urc/new_GUI/install/gui_window/lib/python3.10/site-packages/gui_window/urc_gui_common
[2.817s] creating /home/urc/new_GUI/install/gui_window/lib/python3.10/site-packages/gui_window/urc_gui_common/widgets
[2.817s] copying /home/urc/new_GUI/build/gui_window/build/lib/gui_window/urc_gui_common/widgets/timer.py -> /home/urc/new_GUI/install/gui_window/lib/python3.10/site-packages/gui_window/urc_gui_common/widgets
[2.818s] copying /home/urc/new_GUI/build/gui_window/build/lib/gui_window/urc_gui_common/widgets/ros_console.py -> /home/urc/new_GUI/install/gui_window/lib/python3.10/site-packages/gui_window/urc_gui_common/widgets
[2.818s] copying /home/urc/new_GUI/build/gui_window/build/lib/gui_window/urc_gui_common/widgets/current_widget.py -> /home/urc/new_GUI/install/gui_window/lib/python3.10/site-packages/gui_window/urc_gui_common/widgets
[2.818s] copying /home/urc/new_GUI/build/gui_window/build/lib/gui_window/urc_gui_common/widgets/map_viewer.py -> /home/urc/new_GUI/install/gui_window/lib/python3.10/site-packages/gui_window/urc_gui_common/widgets
[2.818s] copying /home/urc/new_GUI/build/gui_window/build/lib/gui_window/urc_gui_common/widgets/__init__.py -> /home/urc/new_GUI/install/gui_window/lib/python3.10/site-packages/gui_window/urc_gui_common/widgets
[2.818s] copying /home/urc/new_GUI/build/gui_window/build/lib/gui_window/urc_gui_common/widgets/graph_widget.py -> /home/urc/new_GUI/install/gui_window/lib/python3.10/site-packages/gui_window/urc_gui_common/widgets
[2.818s] copying /home/urc/new_GUI/build/gui_window/build/lib/gui_window/urc_gui_common/widgets/checklist.py -> /home/urc/new_GUI/install/gui_window/lib/python3.10/site-packages/gui_window/urc_gui_common/widgets
[2.818s] copying /home/urc/new_GUI/build/gui_window/build/lib/gui_window/urc_gui_common/widgets/super_camera_widget.py -> /home/urc/new_GUI/install/gui_window/lib/python3.10/site-packages/gui_window/urc_gui_common/widgets
[2.818s] copying /home/urc/new_GUI/build/gui_window/build/lib/gui_window/urc_gui_common/widgets/compass.py -> /home/urc/new_GUI/install/gui_window/lib/python3.10/site-packages/gui_window/urc_gui_common/widgets
[2.818s] creating /home/urc/new_GUI/install/gui_window/lib/python3.10/site-packages/gui_window/urc_gui_common/widgets/ui_python
[2.818s] copying /home/urc/new_GUI/build/gui_window/build/lib/gui_window/urc_gui_common/widgets/ui_python/tools_tab.py -> /home/urc/new_GUI/install/gui_window/lib/python3.10/site-packages/gui_window/urc_gui_common/widgets/ui_python
[2.818s] copying /home/urc/new_GUI/build/gui_window/build/lib/gui_window/urc_gui_common/widgets/ui_python/optimization_dialog.py -> /home/urc/new_GUI/install/gui_window/lib/python3.10/site-packages/gui_window/urc_gui_common/widgets/ui_python
[2.819s] copying /home/urc/new_GUI/build/gui_window/build/lib/gui_window/urc_gui_common/widgets/ui_python/current_widget.py -> /home/urc/new_GUI/install/gui_window/lib/python3.10/site-packages/gui_window/urc_gui_common/widgets/ui_python
[2.819s] copying /home/urc/new_GUI/build/gui_window/build/lib/gui_window/urc_gui_common/widgets/ui_python/__init__.py -> /home/urc/new_GUI/install/gui_window/lib/python3.10/site-packages/gui_window/urc_gui_common/widgets/ui_python
[2.819s] copying /home/urc/new_GUI/build/gui_window/build/lib/gui_window/urc_gui_common/widgets/ui_python/ros_console_widget.py -> /home/urc/new_GUI/install/gui_window/lib/python3.10/site-packages/gui_window/urc_gui_common/widgets/ui_python
[2.819s] copying /home/urc/new_GUI/build/gui_window/build/lib/gui_window/urc_gui_common/widgets/ui_python/science_tab.py -> /home/urc/new_GUI/install/gui_window/lib/python3.10/site-packages/gui_window/urc_gui_common/widgets/ui_python
[2.819s] copying /home/urc/new_GUI/build/gui_window/build/lib/gui_window/urc_gui_common/widgets/ui_python/timer_widget.py -> /home/urc/new_GUI/install/gui_window/lib/python3.10/site-packages/gui_window/urc_gui_common/widgets/ui_python
[2.819s] copying /home/urc/new_GUI/build/gui_window/build/lib/gui_window/urc_gui_common/widgets/ui_python/antenna_control_widget.py -> /home/urc/new_GUI/install/gui_window/lib/python3.10/site-packages/gui_window/urc_gui_common/widgets/ui_python
[2.819s] copying /home/urc/new_GUI/build/gui_window/build/lib/gui_window/urc_gui_common/widgets/ui_python/set_time_dialog.py -> /home/urc/new_GUI/install/gui_window/lib/python3.10/site-packages/gui_window/urc_gui_common/widgets/ui_python
[2.819s] copying /home/urc/new_GUI/build/gui_window/build/lib/gui_window/urc_gui_common/widgets/ui_python/autonomy_edit_dialog.py -> /home/urc/new_GUI/install/gui_window/lib/python3.10/site-packages/gui_window/urc_gui_common/widgets/ui_python
[2.819s] copying /home/urc/new_GUI/build/gui_window/build/lib/gui_window/urc_gui_common/widgets/ui_python/checklist_widget.py -> /home/urc/new_GUI/install/gui_window/lib/python3.10/site-packages/gui_window/urc_gui_common/widgets/ui_python
[2.820s] copying /home/urc/new_GUI/build/gui_window/build/lib/gui_window/urc_gui_common/widgets/ui_python/graph.py -> /home/urc/new_GUI/install/gui_window/lib/python3.10/site-packages/gui_window/urc_gui_common/widgets/ui_python
[2.820s] copying /home/urc/new_GUI/build/gui_window/build/lib/gui_window/urc_gui_common/widgets/antenna_control.py -> /home/urc/new_GUI/install/gui_window/lib/python3.10/site-packages/gui_window/urc_gui_common/widgets
[2.820s] copying /home/urc/new_GUI/build/gui_window/build/lib/gui_window/urc_gui_common/widgets/slider_compass.py -> /home/urc/new_GUI/install/gui_window/lib/python3.10/site-packages/gui_window/urc_gui_common/widgets
[2.821s] copying /home/urc/new_GUI/build/gui_window/build/lib/gui_window/urc_gui_common/widgets/lines.py -> /home/urc/new_GUI/install/gui_window/lib/python3.10/site-packages/gui_window/urc_gui_common/widgets
[2.822s] copying /home/urc/new_GUI/build/gui_window/build/lib/gui_window/urc_gui_common/app.py -> /home/urc/new_GUI/install/gui_window/lib/python3.10/site-packages/gui_window/urc_gui_common
[2.823s] copying /home/urc/new_GUI/build/gui_window/build/lib/gui_window/urc_gui_common/camera_link.py -> /home/urc/new_GUI/install/gui_window/lib/python3.10/site-packages/gui_window/urc_gui_common
[2.823s] creating /home/urc/new_GUI/install/gui_window/lib/python3.10/site-packages/gui_window/urc_gui_common/tabs
[2.823s] copying /home/urc/new_GUI/build/gui_window/build/lib/gui_window/urc_gui_common/tabs/single_camera.py -> /home/urc/new_GUI/install/gui_window/lib/python3.10/site-packages/gui_window/urc_gui_common/tabs
[2.824s] copying /home/urc/new_GUI/build/gui_window/build/lib/gui_window/urc_gui_common/tabs/four_camera.py -> /home/urc/new_GUI/install/gui_window/lib/python3.10/site-packages/gui_window/urc_gui_common/tabs
[2.825s] copying /home/urc/new_GUI/build/gui_window/build/lib/gui_window/urc_gui_common/tabs/map.py -> /home/urc/new_GUI/install/gui_window/lib/python3.10/site-packages/gui_window/urc_gui_common/tabs
[2.825s] copying /home/urc/new_GUI/build/gui_window/build/lib/gui_window/urc_gui_common/tabs/__init__.py -> /home/urc/new_GUI/install/gui_window/lib/python3.10/site-packages/gui_window/urc_gui_common/tabs
[2.826s] copying /home/urc/new_GUI/build/gui_window/build/lib/gui_window/urc_gui_common/tabs/six_camera.py -> /home/urc/new_GUI/install/gui_window/lib/python3.10/site-packages/gui_window/urc_gui_common/tabs
[2.832s] copying /home/urc/new_GUI/build/gui_window/build/lib/gui_window/urc_gui_common/tabs/settings.py -> /home/urc/new_GUI/install/gui_window/lib/python3.10/site-packages/gui_window/urc_gui_common/tabs
[2.832s] copying /home/urc/new_GUI/build/gui_window/build/lib/gui_window/urc_gui_common/tabs/tools.py -> /home/urc/new_GUI/install/gui_window/lib/python3.10/site-packages/gui_window/urc_gui_common/tabs
[2.843s] creating /home/urc/new_GUI/install/gui_window/lib/python3.10/site-packages/gui_window/urc_gui_common/ui_python
[2.843s] copying /home/urc/new_GUI/build/gui_window/build/lib/gui_window/urc_gui_common/ui_python/tools_tab.py -> /home/urc/new_GUI/install/gui_window/lib/python3.10/site-packages/gui_window/urc_gui_common/ui_python
[2.843s] copying /home/urc/new_GUI/build/gui_window/build/lib/gui_window/urc_gui_common/ui_python/optimization_dialog.py -> /home/urc/new_GUI/install/gui_window/lib/python3.10/site-packages/gui_window/urc_gui_common/ui_python
[2.843s] copying /home/urc/new_GUI/build/gui_window/build/lib/gui_window/urc_gui_common/ui_python/current_widget.py -> /home/urc/new_GUI/install/gui_window/lib/python3.10/site-packages/gui_window/urc_gui_common/ui_python
[2.857s] copying /home/urc/new_GUI/build/gui_window/build/lib/gui_window/urc_gui_common/ui_python/__init__.py -> /home/urc/new_GUI/install/gui_window/lib/python3.10/site-packages/gui_window/urc_gui_common/ui_python
[2.857s] copying /home/urc/new_GUI/build/gui_window/build/lib/gui_window/urc_gui_common/ui_python/ros_console_widget.py -> /home/urc/new_GUI/install/gui_window/lib/python3.10/site-packages/gui_window/urc_gui_common/ui_python
[2.858s] copying /home/urc/new_GUI/build/gui_window/build/lib/gui_window/urc_gui_common/ui_python/science_tab.py -> /home/urc/new_GUI/install/gui_window/lib/python3.10/site-packages/gui_window/urc_gui_common/ui_python
[2.860s] copying /home/urc/new_GUI/build/gui_window/build/lib/gui_window/urc_gui_common/ui_python/timer_widget.py -> /home/urc/new_GUI/install/gui_window/lib/python3.10/site-packages/gui_window/urc_gui_common/ui_python
[2.865s] copying /home/urc/new_GUI/build/gui_window/build/lib/gui_window/urc_gui_common/ui_python/antenna_control_widget.py -> /home/urc/new_GUI/install/gui_window/lib/python3.10/site-packages/gui_window/urc_gui_common/ui_python
[2.865s] copying /home/urc/new_GUI/build/gui_window/build/lib/gui_window/urc_gui_common/ui_python/set_time_dialog.py -> /home/urc/new_GUI/install/gui_window/lib/python3.10/site-packages/gui_window/urc_gui_common/ui_python
[2.865s] copying /home/urc/new_GUI/build/gui_window/build/lib/gui_window/urc_gui_common/ui_python/autonomy_edit_dialog.py -> /home/urc/new_GUI/install/gui_window/lib/python3.10/site-packages/gui_window/urc_gui_common/ui_python
[2.865s] copying /home/urc/new_GUI/build/gui_window/build/lib/gui_window/urc_gui_common/ui_python/checklist_widget.py -> /home/urc/new_GUI/install/gui_window/lib/python3.10/site-packages/gui_window/urc_gui_common/ui_python
[2.865s] copying /home/urc/new_GUI/build/gui_window/build/lib/gui_window/urc_gui_common/ui_python/graph.py -> /home/urc/new_GUI/install/gui_window/lib/python3.10/site-packages/gui_window/urc_gui_common/ui_python
[2.866s] copying /home/urc/new_GUI/build/gui_window/build/lib/gui_window/current_display_widget.py -> /home/urc/new_GUI/install/gui_window/lib/python3.10/site-packages/gui_window
[2.866s] copying /home/urc/new_GUI/build/gui_window/build/lib/gui_window/__init__.py -> /home/urc/new_GUI/install/gui_window/lib/python3.10/site-packages/gui_window
[2.866s] creating /home/urc/new_GUI/install/gui_window/lib/python3.10/site-packages/gui_window/rover_gui_common
[2.866s] copying /home/urc/new_GUI/build/gui_window/build/lib/gui_window/rover_gui_common/rover_ros_link.py -> /home/urc/new_GUI/install/gui_window/lib/python3.10/site-packages/gui_window/rover_gui_common
[2.866s] copying /home/urc/new_GUI/build/gui_window/build/lib/gui_window/rover_gui_common/__init__.py -> /home/urc/new_GUI/install/gui_window/lib/python3.10/site-packages/gui_window/rover_gui_common
[2.866s] copying /home/urc/new_GUI/build/gui_window/build/lib/gui_window/rover_gui_common/rover_map.py -> /home/urc/new_GUI/install/gui_window/lib/python3.10/site-packages/gui_window/rover_gui_common
[2.866s] creating /home/urc/new_GUI/install/gui_window/lib/python3.10/site-packages/gui_window/rover_gui_common/ui_python
[2.866s] copying /home/urc/new_GUI/build/gui_window/build/lib/gui_window/rover_gui_common/ui_python/__init__.py -> /home/urc/new_GUI/install/gui_window/lib/python3.10/site-packages/gui_window/rover_gui_common/ui_python
[2.866s] copying /home/urc/new_GUI/build/gui_window/build/lib/gui_window/rover_gui_common/ui_python/ed_edit_dialog.py -> /home/urc/new_GUI/install/gui_window/lib/python3.10/site-packages/gui_window/rover_gui_common/ui_python
[2.867s] copying /home/urc/new_GUI/build/gui_window/build/lib/gui_window/wanderer_ros_link.py -> /home/urc/new_GUI/install/gui_window/lib/python3.10/site-packages/gui_window
[2.867s] copying /home/urc/new_GUI/build/gui_window/build/lib/gui_window/wanderer_controls.py -> /home/urc/new_GUI/install/gui_window/lib/python3.10/site-packages/gui_window
[2.867s] copying /home/urc/new_GUI/build/gui_window/build/lib/gui_window/science.py -> /home/urc/new_GUI/install/gui_window/lib/python3.10/site-packages/gui_window
[2.867s] creating /home/urc/new_GUI/install/gui_window/lib/python3.10/site-packages/gui_window/ui_python
[2.867s] copying /home/urc/new_GUI/build/gui_window/build/lib/gui_window/ui_python/__init__.py -> /home/urc/new_GUI/install/gui_window/lib/python3.10/site-packages/gui_window/ui_python
[2.867s] copying /home/urc/new_GUI/build/gui_window/build/lib/gui_window/ui_python/science_tab.py -> /home/urc/new_GUI/install/gui_window/lib/python3.10/site-packages/gui_window/ui_python
[2.867s] copying /home/urc/new_GUI/build/gui_window/build/lib/gui_window/ui_python/current_display.py -> /home/urc/new_GUI/install/gui_window/lib/python3.10/site-packages/gui_window/ui_python
[2.867s] copying /home/urc/new_GUI/build/gui_window/build/lib/gui_window/ui_python/wanderer_controls_tab.py -> /home/urc/new_GUI/install/gui_window/lib/python3.10/site-packages/gui_window/ui_python
[2.867s] copying /home/urc/new_GUI/build/gui_window/build/lib/gui_window/main.py -> /home/urc/new_GUI/install/gui_window/lib/python3.10/site-packages/gui_window
[2.867s] byte-compiling /home/urc/new_GUI/install/gui_window/lib/python3.10/site-packages/gui_window/urc_gui_common/ros_link.py to ros_link.cpython-310.pyc
[2.868s] byte-compiling /home/urc/new_GUI/install/gui_window/lib/python3.10/site-packages/gui_window/urc_gui_common/helpers/internet.py to internet.cpython-310.pyc
[2.868s] byte-compiling /home/urc/new_GUI/install/gui_window/lib/python3.10/site-packages/gui_window/urc_gui_common/helpers/__init__.py to __init__.cpython-310.pyc
[2.868s] byte-compiling /home/urc/new_GUI/install/gui_window/lib/python3.10/site-packages/gui_window/urc_gui_common/helpers/file_helper.py to file_helper.cpython-310.pyc
[2.868s] byte-compiling /home/urc/new_GUI/install/gui_window/lib/python3.10/site-packages/gui_window/urc_gui_common/helpers/route_optimization.py to route_optimization.cpython-310.pyc
[2.868s] byte-compiling /home/urc/new_GUI/install/gui_window/lib/python3.10/site-packages/gui_window/urc_gui_common/helpers/validator.py to validator.cpython-310.pyc
[2.868s] byte-compiling /home/urc/new_GUI/install/gui_window/lib/python3.10/site-packages/gui_window/urc_gui_common/status_bar.py to status_bar.cpython-310.pyc
[2.872s] byte-compiling /home/urc/new_GUI/install/gui_window/lib/python3.10/site-packages/gui_window/urc_gui_common/tile_scraper.py to tile_scraper.cpython-310.pyc
[2.872s] byte-compiling /home/urc/new_GUI/install/gui_window/lib/python3.10/site-packages/gui_window/urc_gui_common/__init__.py to __init__.cpython-310.pyc
[2.872s] byte-compiling /home/urc/new_GUI/install/gui_window/lib/python3.10/site-packages/gui_window/urc_gui_common/widgets/timer.py to timer.cpython-310.pyc
[2.874s] byte-compiling /home/urc/new_GUI/install/gui_window/lib/python3.10/site-packages/gui_window/urc_gui_common/widgets/ros_console.py to ros_console.cpython-310.pyc
[2.874s] byte-compiling /home/urc/new_GUI/install/gui_window/lib/python3.10/site-packages/gui_window/urc_gui_common/widgets/current_widget.py to current_widget.cpython-310.pyc
[2.874s] byte-compiling /home/urc/new_GUI/install/gui_window/lib/python3.10/site-packages/gui_window/urc_gui_common/widgets/map_viewer.py to map_viewer.cpython-310.pyc
[2.875s] byte-compiling /home/urc/new_GUI/install/gui_window/lib/python3.10/site-packages/gui_window/urc_gui_common/widgets/__init__.py to __init__.cpython-310.pyc
[2.875s] byte-compiling /home/urc/new_GUI/install/gui_window/lib/python3.10/site-packages/gui_window/urc_gui_common/widgets/graph_widget.py to graph_widget.cpython-310.pyc
[2.875s] byte-compiling /home/urc/new_GUI/install/gui_window/lib/python3.10/site-packages/gui_window/urc_gui_common/widgets/checklist.py to checklist.cpython-310.pyc
[2.875s] byte-compiling /home/urc/new_GUI/install/gui_window/lib/python3.10/site-packages/gui_window/urc_gui_common/widgets/super_camera_widget.py to super_camera_widget.cpython-310.pyc
[2.875s] byte-compiling /home/urc/new_GUI/install/gui_window/lib/python3.10/site-packages/gui_window/urc_gui_common/widgets/compass.py to compass.cpython-310.pyc
[2.875s] byte-compiling /home/urc/new_GUI/install/gui_window/lib/python3.10/site-packages/gui_window/urc_gui_common/widgets/ui_python/tools_tab.py to tools_tab.cpython-310.pyc
[2.875s] byte-compiling /home/urc/new_GUI/install/gui_window/lib/python3.10/site-packages/gui_window/urc_gui_common/widgets/ui_python/optimization_dialog.py to optimization_dialog.cpython-310.pyc
[2.875s] byte-compiling /home/urc/new_GUI/install/gui_window/lib/python3.10/site-packages/gui_window/urc_gui_common/widgets/ui_python/current_widget.py to current_widget.cpython-310.pyc
[2.875s] byte-compiling /home/urc/new_GUI/install/gui_window/lib/python3.10/site-packages/gui_window/urc_gui_common/widgets/ui_python/__init__.py to __init__.cpython-310.pyc
[2.876s] byte-compiling /home/urc/new_GUI/install/gui_window/lib/python3.10/site-packages/gui_window/urc_gui_common/widgets/ui_python/ros_console_widget.py to ros_console_widget.cpython-310.pyc
[2.876s] byte-compiling /home/urc/new_GUI/install/gui_window/lib/python3.10/site-packages/gui_window/urc_gui_common/widgets/ui_python/science_tab.py to science_tab.cpython-310.pyc
[2.876s] byte-compiling /home/urc/new_GUI/install/gui_window/lib/python3.10/site-packages/gui_window/urc_gui_common/widgets/ui_python/timer_widget.py to timer_widget.cpython-310.pyc
[2.876s] byte-compiling /home/urc/new_GUI/install/gui_window/lib/python3.10/site-packages/gui_window/urc_gui_common/widgets/ui_python/antenna_control_widget.py to antenna_control_widget.cpython-310.pyc
[2.876s] byte-compiling /home/urc/new_GUI/install/gui_window/lib/python3.10/site-packages/gui_window/urc_gui_common/widgets/ui_python/set_time_dialog.py to set_time_dialog.cpython-310.pyc
[2.876s] byte-compiling /home/urc/new_GUI/install/gui_window/lib/python3.10/site-packages/gui_window/urc_gui_common/widgets/ui_python/autonomy_edit_dialog.py to autonomy_edit_dialog.cpython-310.pyc
[2.876s] byte-compiling /home/urc/new_GUI/install/gui_window/lib/python3.10/site-packages/gui_window/urc_gui_common/widgets/ui_python/checklist_widget.py to checklist_widget.cpython-310.pyc
[2.876s] byte-compiling /home/urc/new_GUI/install/gui_window/lib/python3.10/site-packages/gui_window/urc_gui_common/widgets/ui_python/graph.py to graph.cpython-310.pyc
[2.877s] byte-compiling /home/urc/new_GUI/install/gui_window/lib/python3.10/site-packages/gui_window/urc_gui_common/widgets/antenna_control.py to antenna_control.cpython-310.pyc
[2.877s] byte-compiling /home/urc/new_GUI/install/gui_window/lib/python3.10/site-packages/gui_window/urc_gui_common/widgets/slider_compass.py to slider_compass.cpython-310.pyc
[2.877s] byte-compiling /home/urc/new_GUI/install/gui_window/lib/python3.10/site-packages/gui_window/urc_gui_common/widgets/lines.py to lines.cpython-310.pyc
[2.877s] byte-compiling /home/urc/new_GUI/install/gui_window/lib/python3.10/site-packages/gui_window/urc_gui_common/app.py to app.cpython-310.pyc
[2.877s] byte-compiling /home/urc/new_GUI/install/gui_window/lib/python3.10/site-packages/gui_window/urc_gui_common/camera_link.py to camera_link.cpython-310.pyc
[2.877s] byte-compiling /home/urc/new_GUI/install/gui_window/lib/python3.10/site-packages/gui_window/urc_gui_common/tabs/single_camera.py to single_camera.cpython-310.pyc
[2.878s] byte-compiling /home/urc/new_GUI/install/gui_window/lib/python3.10/site-packages/gui_window/urc_gui_common/tabs/four_camera.py to four_camera.cpython-310.pyc
[2.878s] byte-compiling /home/urc/new_GUI/install/gui_window/lib/python3.10/site-packages/gui_window/urc_gui_common/tabs/map.py to map.cpython-310.pyc
[2.878s] byte-compiling /home/urc/new_GUI/install/gui_window/lib/python3.10/site-packages/gui_window/urc_gui_common/tabs/__init__.py to __init__.cpython-310.pyc
[2.878s] byte-compiling /home/urc/new_GUI/install/gui_window/lib/python3.10/site-packages/gui_window/urc_gui_common/tabs/six_camera.py to six_camera.cpython-310.pyc
[2.878s] byte-compiling /home/urc/new_GUI/install/gui_window/lib/python3.10/site-packages/gui_window/urc_gui_common/tabs/settings.py to settings.cpython-310.pyc
[2.878s] byte-compiling /home/urc/new_GUI/install/gui_window/lib/python3.10/site-packages/gui_window/urc_gui_common/tabs/tools.py to tools.cpython-310.pyc
[2.879s] byte-compiling /home/urc/new_GUI/install/gui_window/lib/python3.10/site-packages/gui_window/urc_gui_common/ui_python/tools_tab.py to tools_tab.cpython-310.pyc
[2.879s] byte-compiling /home/urc/new_GUI/install/gui_window/lib/python3.10/site-packages/gui_window/urc_gui_common/ui_python/optimization_dialog.py to optimization_dialog.cpython-310.pyc
[2.879s] byte-compiling /home/urc/new_GUI/install/gui_window/lib/python3.10/site-packages/gui_window/urc_gui_common/ui_python/current_widget.py to current_widget.cpython-310.pyc
[2.904s] byte-compiling /home/urc/new_GUI/install/gui_window/lib/python3.10/site-packages/gui_window/urc_gui_common/ui_python/__init__.py to __init__.cpython-310.pyc
[2.905s] byte-compiling /home/urc/new_GUI/install/gui_window/lib/python3.10/site-packages/gui_window/urc_gui_common/ui_python/ros_console_widget.py to ros_console_widget.cpython-310.pyc
[2.905s] byte-compiling /home/urc/new_GUI/install/gui_window/lib/python3.10/site-packages/gui_window/urc_gui_common/ui_python/science_tab.py to science_tab.cpython-310.pyc
[2.905s] byte-compiling /home/urc/new_GUI/install/gui_window/lib/python3.10/site-packages/gui_window/urc_gui_common/ui_python/timer_widget.py to timer_widget.cpython-310.pyc
[2.905s] byte-compiling /home/urc/new_GUI/install/gui_window/lib/python3.10/site-packages/gui_window/urc_gui_common/ui_python/antenna_control_widget.py to antenna_control_widget.cpython-310.pyc
[2.905s] byte-compiling /home/urc/new_GUI/install/gui_window/lib/python3.10/site-packages/gui_window/urc_gui_common/ui_python/set_time_dialog.py to set_time_dialog.cpython-310.pyc
[2.908s] byte-compiling /home/urc/new_GUI/install/gui_window/lib/python3.10/site-packages/gui_window/urc_gui_common/ui_python/autonomy_edit_dialog.py to autonomy_edit_dialog.cpython-310.pyc
[2.909s] byte-compiling /home/urc/new_GUI/install/gui_window/lib/python3.10/site-packages/gui_window/urc_gui_common/ui_python/checklist_widget.py to checklist_widget.cpython-310.pyc
[2.909s] byte-compiling /home/urc/new_GUI/install/gui_window/lib/python3.10/site-packages/gui_window/urc_gui_common/ui_python/graph.py to graph.cpython-310.pyc
[2.909s] byte-compiling /home/urc/new_GUI/install/gui_window/lib/python3.10/site-packages/gui_window/current_display_widget.py to current_display_widget.cpython-310.pyc
[2.909s] byte-compiling /home/urc/new_GUI/install/gui_window/lib/python3.10/site-packages/gui_window/__init__.py to __init__.cpython-310.pyc
[2.909s] byte-compiling /home/urc/new_GUI/install/gui_window/lib/python3.10/site-packages/gui_window/rover_gui_common/rover_ros_link.py to rover_ros_link.cpython-310.pyc
[2.910s] byte-compiling /home/urc/new_GUI/install/gui_window/lib/python3.10/site-packages/gui_window/rover_gui_common/__init__.py to __init__.cpython-310.pyc
[2.910s] byte-compiling /home/urc/new_GUI/install/gui_window/lib/python3.10/site-packages/gui_window/rover_gui_common/rover_map.py to rover_map.cpython-310.pyc
[2.910s] byte-compiling /home/urc/new_GUI/install/gui_window/lib/python3.10/site-packages/gui_window/rover_gui_common/ui_python/__init__.py to __init__.cpython-310.pyc
[2.910s] byte-compiling /home/urc/new_GUI/install/gui_window/lib/python3.10/site-packages/gui_window/rover_gui_common/ui_python/ed_edit_dialog.py to ed_edit_dialog.cpython-310.pyc
[2.910s] byte-compiling /home/urc/new_GUI/install/gui_window/lib/python3.10/site-packages/gui_window/wanderer_ros_link.py to wanderer_ros_link.cpython-310.pyc
[2.910s] byte-compiling /home/urc/new_GUI/install/gui_window/lib/python3.10/site-packages/gui_window/wanderer_controls.py to wanderer_controls.cpython-310.pyc
[2.910s] byte-compiling /home/urc/new_GUI/install/gui_window/lib/python3.10/site-packages/gui_window/science.py to science.cpython-310.pyc
[2.970s] byte-compiling /home/urc/new_GUI/install/gui_window/lib/python3.10/site-packages/gui_window/ui_python/__init__.py to __init__.cpython-310.pyc
[2.977s] byte-compiling /home/urc/new_GUI/install/gui_window/lib/python3.10/site-packages/gui_window/ui_python/science_tab.py to science_tab.cpython-310.pyc
[2.978s] byte-compiling /home/urc/new_GUI/install/gui_window/lib/python3.10/site-packages/gui_window/ui_python/current_display.py to current_display.cpython-310.pyc
[2.981s] byte-compiling /home/urc/new_GUI/install/gui_window/lib/python3.10/site-packages/gui_window/ui_python/wanderer_controls_tab.py to wanderer_controls_tab.cpython-310.pyc
[2.981s] byte-compiling /home/urc/new_GUI/install/gui_window/lib/python3.10/site-packages/gui_window/main.py to main.cpython-310.pyc
[2.982s] running install_data
[2.986s] creating /home/urc/new_GUI/install/gui_window/share/ament_index
[2.987s] creating /home/urc/new_GUI/install/gui_window/share/ament_index/resource_index
[2.987s] creating /home/urc/new_GUI/install/gui_window/share/ament_index/resource_index/packages
[2.987s] copying resource/gui_window -> /home/urc/new_GUI/install/gui_window/share/ament_index/resource_index/packages
[2.987s] copying package.xml -> /home/urc/new_GUI/install/gui_window/share/gui_window
[2.987s] creating /home/urc/new_GUI/install/gui_window/share/gui_window/launch
[2.987s] copying launch/gui_bringup.launch.py -> /home/urc/new_GUI/install/gui_window/share/gui_window/launch
[2.988s] creating /home/urc/new_GUI/install/gui_window/share/gui_window/config
[2.988s] copying config/params.yaml -> /home/urc/new_GUI/install/gui_window/share/gui_window/config
[2.988s] running install_egg_info
[2.988s] Copying ../../build/gui_window/gui_window.egg-info to /home/urc/new_GUI/install/gui_window/lib/python3.10/site-packages/gui_window-0.0.0-py3.10.egg-info
[2.988s] running install_scripts
[3.024s] Installing gui script to /home/urc/new_GUI/install/gui_window/lib/gui_window
[3.028s] writing list of installed files to '/home/urc/new_GUI/build/gui_window/install.log'
[3.121s] Invoked command in '/home/urc/new_GUI/src/gui_window' returned '0': AMENT_PREFIX_PATH=/home/urc/new_GUI/install/theora_webcams:/home/urc/new_GUI/install/ocean_optics_spectrometer:/home/urc/new_GUI/install/marker_interfacing:/home/urc/new_GUI/install/hockey_stick_arm:/home/urc/new_GUI/install/aruco_finder:${AMENT_PREFIX_PATH} CMAKE_PREFIX_PATH=/home/urc/new_GUI/install/rover_gui_lib:/home/urc/new_GUI/install/urc_gui_lib:/home/urc/new_GUI/install/theora_webcams:/home/urc/new_GUI/install/ocean_optics_spectrometer:/home/urc/new_GUI/install/marker_interfacing:/home/urc/new_GUI/install/hockey_stick_arm:/home/urc/new_GUI/install/aruco_finder LD_LIBRARY_PATH=/home/urc/new_GUI/install/rover_gui_lib/lib:/home/urc/new_GUI/install/theora_webcams/lib:/home/urc/new_GUI/install/ocean_optics_spectrometer/lib:/home/urc/new_GUI/install/marker_interfacing/lib:/home/urc/new_GUI/install/hockey_stick_arm/lib:/home/urc/new_GUI/install/aruco_finder/lib:${LD_LIBRARY_PATH} PKG_CONFIG_PATH=/home/urc/new_GUI/install/rover_gui_lib/lib/x86_64-linux-gnu/pkgconfig:/home/urc/new_GUI/install/rover_gui_lib/lib/pkgconfig:/home/urc/new_GUI/install/urc_gui_lib/lib/x86_64-linux-gnu/pkgconfig:/home/urc/new_GUI/install/urc_gui_lib/lib/pkgconfig PYTHONPATH=/home/urc/new_GUI/build/gui_window/prefix_override:/home/urc/new_GUI/install/gui_window/lib/python3.10/site-packages:/home/urc/new_GUI/install/rover_gui_lib/local/lib/python3.10/dist-packages:/home/urc/new_GUI/install/theora_webcams/local/lib/python3.10/dist-packages:/home/urc/new_GUI/install/ocean_optics_spectrometer/local/lib/python3.10/dist-packages:/home/urc/new_GUI/install/marker_interfacing/local/lib/python3.10/dist-packages:/home/urc/new_GUI/install/hockey_stick_arm/local/lib/python3.10/dist-packages:/home/urc/new_GUI/install/aruco_finder/local/lib/python3.10/dist-packages:${PYTHONPATH} ROS_PACKAGE_PATH=/home/urc/new_GUI/install/rover_gui_lib/share:/home/urc/new_GUI/install/urc_gui_lib/share /usr/bin/python3 setup.py egg_info --egg-base ../../build/gui_window build --build-base /home/urc/new_GUI/build/gui_window/build install --record /home/urc/new_GUI/build/gui_window/install.log --single-version-externally-managed
