[1.249s] Invoking command in '/home/urc/new-GUI/src/gui_window': CMAKE_PREFIX_PATH=/home/urc/new-GUI/install/theora_webcams:/home/urc/new-GUI/install/marker_interfacing:/home/urc/new-GUI/install/aruco_finder LD_LIBRARY_PATH=/home/urc/new-GUI/install/theora_webcams/lib:/home/urc/new-GUI/install/marker_interfacing/lib:/home/urc/new-GUI/install/aruco_finder/lib:/opt/ros/humble/opt/rviz_ogre_vendor/lib:/opt/ros/humble/lib/x86_64-linux-gnu:/opt/ros/humble/lib PYTHONPATH=/home/urc/new-GUI/build/gui_window/prefix_override:/home/urc/new-GUI/install/gui_window/lib/python3.10/site-packages:${PYTHONPATH} /usr/bin/python3 setup.py egg_info --egg-base ../../build/gui_window build --build-base /home/urc/new-GUI/build/gui_window/build install --record /home/urc/new-GUI/build/gui_window/install.log --single-version-externally-managed
[1.682s] running egg_info
[1.683s] writing ../../build/gui_window/gui_window.egg-info/PKG-INFO
[1.684s] writing dependency_links to ../../build/gui_window/gui_window.egg-info/dependency_links.txt
[1.684s] writing entry points to ../../build/gui_window/gui_window.egg-info/entry_points.txt
[1.685s] writing requirements to ../../build/gui_window/gui_window.egg-info/requires.txt
[1.685s] writing top-level names to ../../build/gui_window/gui_window.egg-info/top_level.txt
[1.691s] reading manifest file '../../build/gui_window/gui_window.egg-info/SOURCES.txt'
[1.696s] writing manifest file '../../build/gui_window/gui_window.egg-info/SOURCES.txt'
[1.696s] running build
[1.697s] running build_py
[1.700s] copying gui_window/urc_gui_common/tabs/single_camera.py -> /home/urc/new-GUI/build/gui_window/build/lib/gui_window/urc_gui_common/tabs
[1.701s] copying gui_window/urc_gui_common/tabs/settings.py -> /home/urc/new-GUI/build/gui_window/build/lib/gui_window/urc_gui_common/tabs
[1.702s] copying gui_window/urc_gui_common/tabs/tools.py -> /home/urc/new-GUI/build/gui_window/build/lib/gui_window/urc_gui_common/tabs
[1.706s] running install
[1.706s] running install_lib
[1.709s] copying /home/urc/new-GUI/build/gui_window/build/lib/gui_window/urc_gui_common/tabs/single_camera.py -> /home/urc/new-GUI/install/gui_window/lib/python3.10/site-packages/gui_window/urc_gui_common/tabs
[1.709s] copying /home/urc/new-GUI/build/gui_window/build/lib/gui_window/urc_gui_common/tabs/settings.py -> /home/urc/new-GUI/install/gui_window/lib/python3.10/site-packages/gui_window/urc_gui_common/tabs
[1.710s] copying /home/urc/new-GUI/build/gui_window/build/lib/gui_window/urc_gui_common/tabs/tools.py -> /home/urc/new-GUI/install/gui_window/lib/python3.10/site-packages/gui_window/urc_gui_common/tabs
[1.712s] byte-compiling /home/urc/new-GUI/install/gui_window/lib/python3.10/site-packages/gui_window/urc_gui_common/tabs/single_camera.py to single_camera.cpython-310.pyc
[1.713s] byte-compiling /home/urc/new-GUI/install/gui_window/lib/python3.10/site-packages/gui_window/urc_gui_common/tabs/settings.py to settings.cpython-310.pyc
[1.718s] byte-compiling /home/urc/new-GUI/install/gui_window/lib/python3.10/site-packages/gui_window/urc_gui_common/tabs/tools.py to tools.cpython-310.pyc
[1.719s] running install_data
[1.720s] running install_egg_info
[1.722s] removing '/home/urc/new-GUI/install/gui_window/lib/python3.10/site-packages/gui_window-0.0.0-py3.10.egg-info' (and everything under it)
[1.722s] Copying ../../build/gui_window/gui_window.egg-info to /home/urc/new-GUI/install/gui_window/lib/python3.10/site-packages/gui_window-0.0.0-py3.10.egg-info
[1.724s] running install_scripts
[1.751s] Installing gui script to /home/urc/new-GUI/install/gui_window/lib/gui_window
[1.754s] writing list of installed files to '/home/urc/new-GUI/build/gui_window/install.log'
[1.791s] Invoked command in '/home/urc/new-GUI/src/gui_window' returned '0': CMAKE_PREFIX_PATH=/home/urc/new-GUI/install/theora_webcams:/home/urc/new-GUI/install/marker_interfacing:/home/urc/new-GUI/install/aruco_finder LD_LIBRARY_PATH=/home/urc/new-GUI/install/theora_webcams/lib:/home/urc/new-GUI/install/marker_interfacing/lib:/home/urc/new-GUI/install/aruco_finder/lib:/opt/ros/humble/opt/rviz_ogre_vendor/lib:/opt/ros/humble/lib/x86_64-linux-gnu:/opt/ros/humble/lib PYTHONPATH=/home/urc/new-GUI/build/gui_window/prefix_override:/home/urc/new-GUI/install/gui_window/lib/python3.10/site-packages:${PYTHONPATH} /usr/bin/python3 setup.py egg_info --egg-base ../../build/gui_window build --build-base /home/urc/new-GUI/build/gui_window/build install --record /home/urc/new-GUI/build/gui_window/install.log --single-version-externally-managed
