[0.233s] Invoking command in '/home/urc/new-GUI/build/geographic_msgs': /usr/bin/cmake /home/urc/new-GUI/src/geographic_info-master/geographic_msgs -DCATKIN_INSTALL_INTO_PREFIX_ROOT=0 -DCATKIN_SYMLINK_INSTALL=ON -DCMAKE_INSTALL_PREFIX=/home/urc/new-GUI/install/geographic_msgs
[0.263s] -- Found ament_cmake: 1.3.5 (/opt/ros/humble/share/ament_cmake/cmake)
[0.477s] -- Found ament_lint_auto: 0.12.8 (/opt/ros/humble/share/ament_lint_auto/cmake)
[0.563s] -- Found rosidl_default_generators: 1.2.0 (/opt/ros/humble/share/rosidl_default_generators/cmake)
[0.565s] -- Using all available rosidl_typesupport_c: rosidl_typesupport_fastrtps_c;rosidl_typesupport_introspection_c
[0.570s] -- Found rosidl_adapter: 3.1.5 (/opt/ros/humble/share/rosidl_adapter/cmake)
[0.620s] -- Using all available rosidl_typesupport_cpp: rosidl_typesupport_fastrtps_cpp;rosidl_typesupport_introspection_cpp
[0.680s] -- Found geometry_msgs: 4.2.3 (/opt/ros/humble/share/geometry_msgs/cmake)
[0.974s] [31mCMake Error at CMakeLists.txt:80 (find_package):
[0.975s]   By not providing "Finduuid_msgs.cmake" in CMAKE_MODULE_PATH this project
[0.975s]   has asked CMake to find a package configuration file provided by
[0.975s]   "uuid_msgs", but CMake did not find one.
[0.975s] 
[0.975s]   Could not find a package configuration file provided by "uuid_msgs" with
[0.975s]   any of the following names:
[0.975s] 
[0.975s]     uuid_msgsConfig.cmake
[0.976s]     uuid_msgs-config.cmake
[0.976s] 
[0.976s]   Add the installation prefix of "uuid_msgs" to CMAKE_PREFIX_PATH or set
[0.976s]   "uuid_msgs_DIR" to a directory containing one of the above files.  If
[0.976s]   "uuid_msgs" provides a separate development package or SDK, be sure it has
[0.976s]   been installed.
[0.976s] 
[0.976s] [0m
[0.976s] -- Configuring incomplete, errors occurred!
[0.977s] See also "/home/urc/new-GUI/build/geographic_msgs/CMakeFiles/CMakeOutput.log".
[0.981s] Invoked command in '/home/urc/new-GUI/build/geographic_msgs' returned '1': /usr/bin/cmake /home/urc/new-GUI/src/geographic_info-master/geographic_msgs -DCATKIN_INSTALL_INTO_PREFIX_ROOT=0 -DCATKIN_SYMLINK_INSTALL=ON -DCMAKE_INSTALL_PREFIX=/home/urc/new-GUI/install/geographic_msgs
