[1.486s] Invoking command in '/home/urc/new_GUI/src/gui_window': AMENT_PREFIX_PATH=/home/urc/new_GUI/install/theora_webcams:/home/urc/new_GUI/install/ocean_optics_spectrometer:/home/urc/new_GUI/install/marker_interfacing:/home/urc/new_GUI/install/hockey_stick_arm:/home/urc/new_GUI/install/aruco_finder:${AMENT_PREFIX_PATH} CMAKE_PREFIX_PATH=/home/urc/new_GUI/install/rover_gui_lib:/home/urc/new_GUI/install/urc_gui_lib:/home/urc/new_GUI/install/theora_webcams:/home/urc/new_GUI/install/ocean_optics_spectrometer:/home/urc/new_GUI/install/marker_interfacing:/home/urc/new_GUI/install/hockey_stick_arm:/home/urc/new_GUI/install/aruco_finder LD_LIBRARY_PATH=/home/urc/new_GUI/install/rover_gui_lib/lib:/home/urc/new_GUI/install/theora_webcams/lib:/home/urc/new_GUI/install/ocean_optics_spectrometer/lib:/home/urc/new_GUI/install/marker_interfacing/lib:/home/urc/new_GUI/install/hockey_stick_arm/lib:/home/urc/new_GUI/install/aruco_finder/lib:${LD_LIBRARY_PATH} PKG_CONFIG_PATH=/home/urc/new_GUI/install/rover_gui_lib/lib/x86_64-linux-gnu/pkgconfig:/home/urc/new_GUI/install/rover_gui_lib/lib/pkgconfig:/home/urc/new_GUI/install/urc_gui_lib/lib/x86_64-linux-gnu/pkgconfig:/home/urc/new_GUI/install/urc_gui_lib/lib/pkgconfig PYTHONPATH=/home/urc/new_GUI/build/gui_window/prefix_override:/home/urc/new_GUI/install/gui_window/lib/python3.10/site-packages:/home/urc/new_GUI/install/rover_gui_lib/local/lib/python3.10/dist-packages:/home/urc/new_GUI/install/theora_webcams/local/lib/python3.10/dist-packages:/home/urc/new_GUI/install/ocean_optics_spectrometer/local/lib/python3.10/dist-packages:/home/urc/new_GUI/install/marker_interfacing/local/lib/python3.10/dist-packages:/home/urc/new_GUI/install/hockey_stick_arm/local/lib/python3.10/dist-packages:/home/urc/new_GUI/install/aruco_finder/local/lib/python3.10/dist-packages:${PYTHONPATH} ROS_PACKAGE_PATH=/home/urc/new_GUI/install/rover_gui_lib/share:/home/urc/new_GUI/install/urc_gui_lib/share /usr/bin/python3 setup.py egg_info --egg-base ../../build/gui_window build --build-base /home/urc/new_GUI/build/gui_window/build install --record /home/urc/new_GUI/build/gui_window/install.log --single-version-externally-managed
[2.013s] running egg_info
[2.014s] writing ../../build/gui_window/gui_window.egg-info/PKG-INFO
[2.014s] writing dependency_links to ../../build/gui_window/gui_window.egg-info/dependency_links.txt
[2.014s] writing entry points to ../../build/gui_window/gui_window.egg-info/entry_points.txt
[2.015s] writing requirements to ../../build/gui_window/gui_window.egg-info/requires.txt
[2.015s] writing top-level names to ../../build/gui_window/gui_window.egg-info/top_level.txt
[2.022s] reading manifest file '../../build/gui_window/gui_window.egg-info/SOURCES.txt'
[2.025s] writing manifest file '../../build/gui_window/gui_window.egg-info/SOURCES.txt'
[2.025s] running build
[2.025s] running build_py
[2.028s] copying gui_window/urc_gui_common/widgets/map_viewer.py -> /home/urc/new_GUI/build/gui_window/build/lib/gui_window/urc_gui_common/widgets
[2.034s] running install
[2.034s] running install_lib
[2.036s] copying /home/urc/new_GUI/build/gui_window/build/lib/gui_window/urc_gui_common/widgets/map_viewer.py -> /home/urc/new_GUI/install/gui_window/lib/python3.10/site-packages/gui_window/urc_gui_common/widgets
[2.040s] byte-compiling /home/urc/new_GUI/install/gui_window/lib/python3.10/site-packages/gui_window/urc_gui_common/widgets/map_viewer.py to map_viewer.cpython-310.pyc
[2.043s] running install_data
[2.045s] running install_egg_info
[2.048s] removing '/home/urc/new_GUI/install/gui_window/lib/python3.10/site-packages/gui_window-0.0.0-py3.10.egg-info' (and everything under it)
[2.048s] Copying ../../build/gui_window/gui_window.egg-info to /home/urc/new_GUI/install/gui_window/lib/python3.10/site-packages/gui_window-0.0.0-py3.10.egg-info
[2.053s] running install_scripts
[2.095s] Installing gui script to /home/urc/new_GUI/install/gui_window/lib/gui_window
[2.099s] writing list of installed files to '/home/urc/new_GUI/build/gui_window/install.log'
[2.144s] Invoked command in '/home/urc/new_GUI/src/gui_window' returned '0': AMENT_PREFIX_PATH=/home/urc/new_GUI/install/theora_webcams:/home/urc/new_GUI/install/ocean_optics_spectrometer:/home/urc/new_GUI/install/marker_interfacing:/home/urc/new_GUI/install/hockey_stick_arm:/home/urc/new_GUI/install/aruco_finder:${AMENT_PREFIX_PATH} CMAKE_PREFIX_PATH=/home/urc/new_GUI/install/rover_gui_lib:/home/urc/new_GUI/install/urc_gui_lib:/home/urc/new_GUI/install/theora_webcams:/home/urc/new_GUI/install/ocean_optics_spectrometer:/home/urc/new_GUI/install/marker_interfacing:/home/urc/new_GUI/install/hockey_stick_arm:/home/urc/new_GUI/install/aruco_finder LD_LIBRARY_PATH=/home/urc/new_GUI/install/rover_gui_lib/lib:/home/urc/new_GUI/install/theora_webcams/lib:/home/urc/new_GUI/install/ocean_optics_spectrometer/lib:/home/urc/new_GUI/install/marker_interfacing/lib:/home/urc/new_GUI/install/hockey_stick_arm/lib:/home/urc/new_GUI/install/aruco_finder/lib:${LD_LIBRARY_PATH} PKG_CONFIG_PATH=/home/urc/new_GUI/install/rover_gui_lib/lib/x86_64-linux-gnu/pkgconfig:/home/urc/new_GUI/install/rover_gui_lib/lib/pkgconfig:/home/urc/new_GUI/install/urc_gui_lib/lib/x86_64-linux-gnu/pkgconfig:/home/urc/new_GUI/install/urc_gui_lib/lib/pkgconfig PYTHONPATH=/home/urc/new_GUI/build/gui_window/prefix_override:/home/urc/new_GUI/install/gui_window/lib/python3.10/site-packages:/home/urc/new_GUI/install/rover_gui_lib/local/lib/python3.10/dist-packages:/home/urc/new_GUI/install/theora_webcams/local/lib/python3.10/dist-packages:/home/urc/new_GUI/install/ocean_optics_spectrometer/local/lib/python3.10/dist-packages:/home/urc/new_GUI/install/marker_interfacing/local/lib/python3.10/dist-packages:/home/urc/new_GUI/install/hockey_stick_arm/local/lib/python3.10/dist-packages:/home/urc/new_GUI/install/aruco_finder/local/lib/python3.10/dist-packages:${PYTHONPATH} ROS_PACKAGE_PATH=/home/urc/new_GUI/install/rover_gui_lib/share:/home/urc/new_GUI/install/urc_gui_lib/share /usr/bin/python3 setup.py egg_info --egg-base ../../build/gui_window build --build-base /home/urc/new_GUI/build/gui_window/build install --record /home/urc/new_GUI/build/gui_window/install.log --single-version-externally-managed
