[  3%] Built target ocean_optics_spectrometer__cpp
[  3%] Built target ament_cmake_python_copy_ocean_optics_spectrometer
[35m[1mConsolidate compiler generated dependencies of target ocean_optics_spectrometer__rosidl_typesupport_fastrtps_cpp[0m
[ 12%] Built target ocean_optics_spectrometer__rosidl_typesupport_fastrtps_cpp
[35m[1mConsolidate compiler generated dependencies of target ocean_optics_spectrometer__rosidl_typesupport_introspection_cpp[0m
[ 22%] Built target ocean_optics_spectrometer__rosidl_typesupport_introspection_cpp
running egg_info
writing ocean_optics_spectrometer.egg-info/PKG-INFO
writing dependency_links to ocean_optics_spectrometer.egg-info/dependency_links.txt
writing top-level names to ocean_optics_spectrometer.egg-info/top_level.txt
reading manifest file 'ocean_optics_spectrometer.egg-info/SOURCES.txt'
writing manifest file 'ocean_optics_spectrometer.egg-info/SOURCES.txt'
[ 22%] Built target ament_cmake_python_build_ocean_optics_spectrometer_egg
[35m[1mConsolidate compiler generated dependencies of target ocean_optics_spectrometer__rosidl_typesupport_cpp[0m
[ 32%] Built target ocean_optics_spectrometer__rosidl_typesupport_cpp
[35m[1mConsolidate compiler generated dependencies of target ocean_optics_spectrometer__rosidl_generator_c[0m
[ 41%] Built target ocean_optics_spectrometer__rosidl_generator_c
[35m[1mConsolidate compiler generated dependencies of target ocean_optics_spectrometer__rosidl_typesupport_fastrtps_c[0m
[ 51%] Built target ocean_optics_spectrometer__rosidl_typesupport_fastrtps_c
[35m[1mConsolidate compiler generated dependencies of target ocean_optics_spectrometer__rosidl_typesupport_c[0m
[ 61%] Built target ocean_optics_spectrometer__rosidl_typesupport_c
[35m[1mConsolidate compiler generated dependencies of target ocean_optics_spectrometer__rosidl_typesupport_introspection_c[0m
[ 70%] Built target ocean_optics_spectrometer__rosidl_typesupport_introspection_c
[ 70%] Built target ocean_optics_spectrometer
[ 74%] Built target ocean_optics_spectrometer__py
[35m[1mConsolidate compiler generated dependencies of target ocean_optics_spectrometer__rosidl_generator_py[0m
[ 80%] Built target ocean_optics_spectrometer__rosidl_generator_py
[35m[1mConsolidate compiler generated dependencies of target ocean_optics_spectrometer__rosidl_typesupport_fastrtps_c__pyext[0m
[ 87%] Built target ocean_optics_spectrometer__rosidl_typesupport_fastrtps_c__pyext
[35m[1mConsolidate compiler generated dependencies of target ocean_optics_spectrometer__rosidl_typesupport_c__pyext[0m
[ 93%] Built target ocean_optics_spectrometer__rosidl_typesupport_c__pyext
[35m[1mConsolidate compiler generated dependencies of target ocean_optics_spectrometer__rosidl_typesupport_introspection_c__pyext[0m
[100%] Built target ocean_optics_spectrometer__rosidl_typesupport_introspection_c__pyext
-- Install configuration: ""
-- Installing: /home/urc/new-GUI/install/ocean_optics_spectrometer/share/ament_index/resource_index/rosidl_interfaces/ocean_optics_spectrometer
-- Installing: /home/urc/new-GUI/install/ocean_optics_spectrometer/include/ocean_optics_spectrometer/ocean_optics_spectrometer
-- Installing: /home/urc/new-GUI/install/ocean_optics_spectrometer/include/ocean_optics_spectrometer/ocean_optics_spectrometer/msg
-- Installing: /home/urc/new-GUI/install/ocean_optics_spectrometer/include/ocean_optics_spectrometer/ocean_optics_spectrometer/msg/rosidl_generator_c__visibility_control.h
-- Installing: /home/urc/new-GUI/install/ocean_optics_spectrometer/include/ocean_optics_spectrometer/ocean_optics_spectrometer/srv
-- Installing: /home/urc/new-GUI/install/ocean_optics_spectrometer/include/ocean_optics_spectrometer/ocean_optics_spectrometer/srv/capture_spectrometer.h
-- Installing: /home/urc/new-GUI/install/ocean_optics_spectrometer/include/ocean_optics_spectrometer/ocean_optics_spectrometer/srv/detail
-- Installing: /home/urc/new-GUI/install/ocean_optics_spectrometer/include/ocean_optics_spectrometer/ocean_optics_spectrometer/srv/detail/capture_spectrometer__functions.c
-- Installing: /home/urc/new-GUI/install/ocean_optics_spectrometer/include/ocean_optics_spectrometer/ocean_optics_spectrometer/srv/detail/capture_spectrometer__type_support.h
-- Installing: /home/urc/new-GUI/install/ocean_optics_spectrometer/include/ocean_optics_spectrometer/ocean_optics_spectrometer/srv/detail/capture_spectrometer__functions.h
-- Installing: /home/urc/new-GUI/install/ocean_optics_spectrometer/include/ocean_optics_spectrometer/ocean_optics_spectrometer/srv/detail/capture_spectrometer__struct.h
-- Installing: /home/urc/new-GUI/install/ocean_optics_spectrometer/share/ocean_optics_spectrometer/environment/library_path.sh
-- Installing: /home/urc/new-GUI/install/ocean_optics_spectrometer/share/ocean_optics_spectrometer/environment/library_path.dsv
-- Installing: /home/urc/new-GUI/install/ocean_optics_spectrometer/lib/libocean_optics_spectrometer__rosidl_generator_c.so
-- Set runtime path of "/home/urc/new-GUI/install/ocean_optics_spectrometer/lib/libocean_optics_spectrometer__rosidl_generator_c.so" to ""
-- Up-to-date: /home/urc/new-GUI/install/ocean_optics_spectrometer/include/ocean_optics_spectrometer/ocean_optics_spectrometer
-- Up-to-date: /home/urc/new-GUI/install/ocean_optics_spectrometer/include/ocean_optics_spectrometer/ocean_optics_spectrometer/msg
-- Installing: /home/urc/new-GUI/install/ocean_optics_spectrometer/include/ocean_optics_spectrometer/ocean_optics_spectrometer/msg/rosidl_typesupport_fastrtps_c__visibility_control.h
-- Up-to-date: /home/urc/new-GUI/install/ocean_optics_spectrometer/include/ocean_optics_spectrometer/ocean_optics_spectrometer/srv
-- Up-to-date: /home/urc/new-GUI/install/ocean_optics_spectrometer/include/ocean_optics_spectrometer/ocean_optics_spectrometer/srv/detail
-- Installing: /home/urc/new-GUI/install/ocean_optics_spectrometer/include/ocean_optics_spectrometer/ocean_optics_spectrometer/srv/detail/capture_spectrometer__rosidl_typesupport_fastrtps_c.h
-- Installing: /home/urc/new-GUI/install/ocean_optics_spectrometer/lib/libocean_optics_spectrometer__rosidl_typesupport_fastrtps_c.so
-- Set runtime path of "/home/urc/new-GUI/install/ocean_optics_spectrometer/lib/libocean_optics_spectrometer__rosidl_typesupport_fastrtps_c.so" to ""
-- Up-to-date: /home/urc/new-GUI/install/ocean_optics_spectrometer/include/ocean_optics_spectrometer/ocean_optics_spectrometer
-- Up-to-date: /home/urc/new-GUI/install/ocean_optics_spectrometer/include/ocean_optics_spectrometer/ocean_optics_spectrometer/msg
-- Installing: /home/urc/new-GUI/install/ocean_optics_spectrometer/include/ocean_optics_spectrometer/ocean_optics_spectrometer/msg/rosidl_typesupport_introspection_c__visibility_control.h
-- Up-to-date: /home/urc/new-GUI/install/ocean_optics_spectrometer/include/ocean_optics_spectrometer/ocean_optics_spectrometer/srv
-- Up-to-date: /home/urc/new-GUI/install/ocean_optics_spectrometer/include/ocean_optics_spectrometer/ocean_optics_spectrometer/srv/detail
-- Installing: /home/urc/new-GUI/install/ocean_optics_spectrometer/include/ocean_optics_spectrometer/ocean_optics_spectrometer/srv/detail/capture_spectrometer__type_support.c
-- Installing: /home/urc/new-GUI/install/ocean_optics_spectrometer/include/ocean_optics_spectrometer/ocean_optics_spectrometer/srv/detail/capture_spectrometer__rosidl_typesupport_introspection_c.h
-- Installing: /home/urc/new-GUI/install/ocean_optics_spectrometer/lib/libocean_optics_spectrometer__rosidl_typesupport_introspection_c.so
-- Set runtime path of "/home/urc/new-GUI/install/ocean_optics_spectrometer/lib/libocean_optics_spectrometer__rosidl_typesupport_introspection_c.so" to ""
-- Installing: /home/urc/new-GUI/install/ocean_optics_spectrometer/lib/libocean_optics_spectrometer__rosidl_typesupport_c.so
-- Set runtime path of "/home/urc/new-GUI/install/ocean_optics_spectrometer/lib/libocean_optics_spectrometer__rosidl_typesupport_c.so" to ""
-- Up-to-date: /home/urc/new-GUI/install/ocean_optics_spectrometer/include/ocean_optics_spectrometer/ocean_optics_spectrometer
-- Up-to-date: /home/urc/new-GUI/install/ocean_optics_spectrometer/include/ocean_optics_spectrometer/ocean_optics_spectrometer/srv
-- Up-to-date: /home/urc/new-GUI/install/ocean_optics_spectrometer/include/ocean_optics_spectrometer/ocean_optics_spectrometer/srv/detail
-- Installing: /home/urc/new-GUI/install/ocean_optics_spectrometer/include/ocean_optics_spectrometer/ocean_optics_spectrometer/srv/detail/capture_spectrometer__struct.hpp
-- Installing: /home/urc/new-GUI/install/ocean_optics_spectrometer/include/ocean_optics_spectrometer/ocean_optics_spectrometer/srv/detail/capture_spectrometer__traits.hpp
-- Installing: /home/urc/new-GUI/install/ocean_optics_spectrometer/include/ocean_optics_spectrometer/ocean_optics_spectrometer/srv/detail/capture_spectrometer__builder.hpp
-- Installing: /home/urc/new-GUI/install/ocean_optics_spectrometer/include/ocean_optics_spectrometer/ocean_optics_spectrometer/srv/capture_spectrometer.hpp
-- Up-to-date: /home/urc/new-GUI/install/ocean_optics_spectrometer/include/ocean_optics_spectrometer/ocean_optics_spectrometer
-- Up-to-date: /home/urc/new-GUI/install/ocean_optics_spectrometer/include/ocean_optics_spectrometer/ocean_optics_spectrometer/msg
-- Installing: /home/urc/new-GUI/install/ocean_optics_spectrometer/include/ocean_optics_spectrometer/ocean_optics_spectrometer/msg/rosidl_typesupport_fastrtps_cpp__visibility_control.h
-- Up-to-date: /home/urc/new-GUI/install/ocean_optics_spectrometer/include/ocean_optics_spectrometer/ocean_optics_spectrometer/srv
-- Up-to-date: /home/urc/new-GUI/install/ocean_optics_spectrometer/include/ocean_optics_spectrometer/ocean_optics_spectrometer/srv/detail
-- Installing: /home/urc/new-GUI/install/ocean_optics_spectrometer/include/ocean_optics_spectrometer/ocean_optics_spectrometer/srv/detail/capture_spectrometer__rosidl_typesupport_fastrtps_cpp.hpp
-- Installing: /home/urc/new-GUI/install/ocean_optics_spectrometer/include/ocean_optics_spectrometer/ocean_optics_spectrometer/srv/detail/dds_fastrtps
-- Installing: /home/urc/new-GUI/install/ocean_optics_spectrometer/lib/libocean_optics_spectrometer__rosidl_typesupport_fastrtps_cpp.so
-- Set runtime path of "/home/urc/new-GUI/install/ocean_optics_spectrometer/lib/libocean_optics_spectrometer__rosidl_typesupport_fastrtps_cpp.so" to ""
-- Up-to-date: /home/urc/new-GUI/install/ocean_optics_spectrometer/include/ocean_optics_spectrometer/ocean_optics_spectrometer
-- Up-to-date: /home/urc/new-GUI/install/ocean_optics_spectrometer/include/ocean_optics_spectrometer/ocean_optics_spectrometer/srv
-- Up-to-date: /home/urc/new-GUI/install/ocean_optics_spectrometer/include/ocean_optics_spectrometer/ocean_optics_spectrometer/srv/detail
-- Installing: /home/urc/new-GUI/install/ocean_optics_spectrometer/include/ocean_optics_spectrometer/ocean_optics_spectrometer/srv/detail/capture_spectrometer__rosidl_typesupport_introspection_cpp.hpp
-- Installing: /home/urc/new-GUI/install/ocean_optics_spectrometer/include/ocean_optics_spectrometer/ocean_optics_spectrometer/srv/detail/capture_spectrometer__type_support.cpp
-- Installing: /home/urc/new-GUI/install/ocean_optics_spectrometer/lib/libocean_optics_spectrometer__rosidl_typesupport_introspection_cpp.so
-- Set runtime path of "/home/urc/new-GUI/install/ocean_optics_spectrometer/lib/libocean_optics_spectrometer__rosidl_typesupport_introspection_cpp.so" to ""
-- Installing: /home/urc/new-GUI/install/ocean_optics_spectrometer/lib/libocean_optics_spectrometer__rosidl_typesupport_cpp.so
-- Set runtime path of "/home/urc/new-GUI/install/ocean_optics_spectrometer/lib/libocean_optics_spectrometer__rosidl_typesupport_cpp.so" to ""
-- Installing: /home/urc/new-GUI/install/ocean_optics_spectrometer/share/ocean_optics_spectrometer/environment/pythonpath.sh
-- Installing: /home/urc/new-GUI/install/ocean_optics_spectrometer/share/ocean_optics_spectrometer/environment/pythonpath.dsv
-- Installing: /home/urc/new-GUI/install/ocean_optics_spectrometer/local/lib/python3.10/dist-packages/ocean_optics_spectrometer-0.0.0-py3.10.egg-info
-- Installing: /home/urc/new-GUI/install/ocean_optics_spectrometer/local/lib/python3.10/dist-packages/ocean_optics_spectrometer-0.0.0-py3.10.egg-info/PKG-INFO
-- Installing: /home/urc/new-GUI/install/ocean_optics_spectrometer/local/lib/python3.10/dist-packages/ocean_optics_spectrometer-0.0.0-py3.10.egg-info/dependency_links.txt
-- Installing: /home/urc/new-GUI/install/ocean_optics_spectrometer/local/lib/python3.10/dist-packages/ocean_optics_spectrometer-0.0.0-py3.10.egg-info/top_level.txt
-- Installing: /home/urc/new-GUI/install/ocean_optics_spectrometer/local/lib/python3.10/dist-packages/ocean_optics_spectrometer-0.0.0-py3.10.egg-info/SOURCES.txt
-- Installing: /home/urc/new-GUI/install/ocean_optics_spectrometer/local/lib/python3.10/dist-packages/ocean_optics_spectrometer
-- Installing: /home/urc/new-GUI/install/ocean_optics_spectrometer/local/lib/python3.10/dist-packages/ocean_optics_spectrometer/ocean_optics_spectrometer_s__rosidl_typesupport_introspection_c.cpython-310-x86_64-linux-gnu.so
-- Installing: /home/urc/new-GUI/install/ocean_optics_spectrometer/local/lib/python3.10/dist-packages/ocean_optics_spectrometer/_ocean_optics_spectrometer_s.ep.rosidl_typesupport_introspection_c.c
-- Installing: /home/urc/new-GUI/install/ocean_optics_spectrometer/local/lib/python3.10/dist-packages/ocean_optics_spectrometer/ocean_optics_spectrometer_s__rosidl_typesupport_c.cpython-310-x86_64-linux-gnu.so
-- Installing: /home/urc/new-GUI/install/ocean_optics_spectrometer/local/lib/python3.10/dist-packages/ocean_optics_spectrometer/__init__.py
-- Installing: /home/urc/new-GUI/install/ocean_optics_spectrometer/local/lib/python3.10/dist-packages/ocean_optics_spectrometer/ocean_optics_spectrometer_s__rosidl_typesupport_fastrtps_c.cpython-310-x86_64-linux-gnu.so
-- Installing: /home/urc/new-GUI/install/ocean_optics_spectrometer/local/lib/python3.10/dist-packages/ocean_optics_spectrometer/libocean_optics_spectrometer__rosidl_generator_py.so
-- Installing: /home/urc/new-GUI/install/ocean_optics_spectrometer/local/lib/python3.10/dist-packages/ocean_optics_spectrometer/srv
-- Installing: /home/urc/new-GUI/install/ocean_optics_spectrometer/local/lib/python3.10/dist-packages/ocean_optics_spectrometer/srv/_capture_spectrometer.py
-- Installing: /home/urc/new-GUI/install/ocean_optics_spectrometer/local/lib/python3.10/dist-packages/ocean_optics_spectrometer/srv/__init__.py
-- Installing: /home/urc/new-GUI/install/ocean_optics_spectrometer/local/lib/python3.10/dist-packages/ocean_optics_spectrometer/srv/_capture_spectrometer_s.c
-- Installing: /home/urc/new-GUI/install/ocean_optics_spectrometer/local/lib/python3.10/dist-packages/ocean_optics_spectrometer/_ocean_optics_spectrometer_s.ep.rosidl_typesupport_fastrtps_c.c
-- Installing: /home/urc/new-GUI/install/ocean_optics_spectrometer/local/lib/python3.10/dist-packages/ocean_optics_spectrometer/_ocean_optics_spectrometer_s.ep.rosidl_typesupport_c.c
Listing '/home/urc/new-GUI/install/ocean_optics_spectrometer/local/lib/python3.10/dist-packages/ocean_optics_spectrometer'...
Compiling '/home/urc/new-GUI/install/ocean_optics_spectrometer/local/lib/python3.10/dist-packages/ocean_optics_spectrometer/__init__.py'...
Listing '/home/urc/new-GUI/install/ocean_optics_spectrometer/local/lib/python3.10/dist-packages/ocean_optics_spectrometer/srv'...
Compiling '/home/urc/new-GUI/install/ocean_optics_spectrometer/local/lib/python3.10/dist-packages/ocean_optics_spectrometer/srv/__init__.py'...
Compiling '/home/urc/new-GUI/install/ocean_optics_spectrometer/local/lib/python3.10/dist-packages/ocean_optics_spectrometer/srv/_capture_spectrometer.py'...
-- Installing: /home/urc/new-GUI/install/ocean_optics_spectrometer/local/lib/python3.10/dist-packages/ocean_optics_spectrometer/ocean_optics_spectrometer_s__rosidl_typesupport_fastrtps_c.cpython-310-x86_64-linux-gnu.so
-- Set runtime path of "/home/urc/new-GUI/install/ocean_optics_spectrometer/local/lib/python3.10/dist-packages/ocean_optics_spectrometer/ocean_optics_spectrometer_s__rosidl_typesupport_fastrtps_c.cpython-310-x86_64-linux-gnu.so" to ""
-- Installing: /home/urc/new-GUI/install/ocean_optics_spectrometer/local/lib/python3.10/dist-packages/ocean_optics_spectrometer/ocean_optics_spectrometer_s__rosidl_typesupport_introspection_c.cpython-310-x86_64-linux-gnu.so
-- Set runtime path of "/home/urc/new-GUI/install/ocean_optics_spectrometer/local/lib/python3.10/dist-packages/ocean_optics_spectrometer/ocean_optics_spectrometer_s__rosidl_typesupport_introspection_c.cpython-310-x86_64-linux-gnu.so" to ""
-- Installing: /home/urc/new-GUI/install/ocean_optics_spectrometer/local/lib/python3.10/dist-packages/ocean_optics_spectrometer/ocean_optics_spectrometer_s__rosidl_typesupport_c.cpython-310-x86_64-linux-gnu.so
-- Set runtime path of "/home/urc/new-GUI/install/ocean_optics_spectrometer/local/lib/python3.10/dist-packages/ocean_optics_spectrometer/ocean_optics_spectrometer_s__rosidl_typesupport_c.cpython-310-x86_64-linux-gnu.so" to ""
-- Installing: /home/urc/new-GUI/install/ocean_optics_spectrometer/lib/libocean_optics_spectrometer__rosidl_generator_py.so
-- Set runtime path of "/home/urc/new-GUI/install/ocean_optics_spectrometer/lib/libocean_optics_spectrometer__rosidl_generator_py.so" to ""
-- Installing: /home/urc/new-GUI/install/ocean_optics_spectrometer/share/ocean_optics_spectrometer/srv/CaptureSpectrometer.idl
-- Installing: /home/urc/new-GUI/install/ocean_optics_spectrometer/share/ocean_optics_spectrometer/srv/CaptureSpectrometer.srv
-- Installing: /home/urc/new-GUI/install/ocean_optics_spectrometer/share/ocean_optics_spectrometer/srv/CaptureSpectrometer_Request.msg
-- Installing: /home/urc/new-GUI/install/ocean_optics_spectrometer/share/ocean_optics_spectrometer/srv/CaptureSpectrometer_Response.msg
-- Installing: /home/urc/new-GUI/install/ocean_optics_spectrometer/share/ament_index/resource_index/package_run_dependencies/ocean_optics_spectrometer
-- Installing: /home/urc/new-GUI/install/ocean_optics_spectrometer/share/ament_index/resource_index/parent_prefix_path/ocean_optics_spectrometer
-- Installing: /home/urc/new-GUI/install/ocean_optics_spectrometer/share/ocean_optics_spectrometer/environment/ament_prefix_path.sh
-- Installing: /home/urc/new-GUI/install/ocean_optics_spectrometer/share/ocean_optics_spectrometer/environment/ament_prefix_path.dsv
-- Installing: /home/urc/new-GUI/install/ocean_optics_spectrometer/share/ocean_optics_spectrometer/environment/path.sh
-- Installing: /home/urc/new-GUI/install/ocean_optics_spectrometer/share/ocean_optics_spectrometer/environment/path.dsv
-- Installing: /home/urc/new-GUI/install/ocean_optics_spectrometer/share/ocean_optics_spectrometer/local_setup.bash
-- Installing: /home/urc/new-GUI/install/ocean_optics_spectrometer/share/ocean_optics_spectrometer/local_setup.sh
-- Installing: /home/urc/new-GUI/install/ocean_optics_spectrometer/share/ocean_optics_spectrometer/local_setup.zsh
-- Installing: /home/urc/new-GUI/install/ocean_optics_spectrometer/share/ocean_optics_spectrometer/local_setup.dsv
-- Installing: /home/urc/new-GUI/install/ocean_optics_spectrometer/share/ocean_optics_spectrometer/package.dsv
-- Installing: /home/urc/new-GUI/install/ocean_optics_spectrometer/share/ament_index/resource_index/packages/ocean_optics_spectrometer
-- Installing: /home/urc/new-GUI/install/ocean_optics_spectrometer/share/ocean_optics_spectrometer/cmake/export_ocean_optics_spectrometer__rosidl_generator_cExport.cmake
-- Installing: /home/urc/new-GUI/install/ocean_optics_spectrometer/share/ocean_optics_spectrometer/cmake/export_ocean_optics_spectrometer__rosidl_generator_cExport-noconfig.cmake
-- Installing: /home/urc/new-GUI/install/ocean_optics_spectrometer/share/ocean_optics_spectrometer/cmake/export_ocean_optics_spectrometer__rosidl_typesupport_fastrtps_cExport.cmake
-- Installing: /home/urc/new-GUI/install/ocean_optics_spectrometer/share/ocean_optics_spectrometer/cmake/export_ocean_optics_spectrometer__rosidl_typesupport_fastrtps_cExport-noconfig.cmake
-- Installing: /home/urc/new-GUI/install/ocean_optics_spectrometer/share/ocean_optics_spectrometer/cmake/ocean_optics_spectrometer__rosidl_typesupport_introspection_cExport.cmake
-- Installing: /home/urc/new-GUI/install/ocean_optics_spectrometer/share/ocean_optics_spectrometer/cmake/ocean_optics_spectrometer__rosidl_typesupport_introspection_cExport-noconfig.cmake
-- Installing: /home/urc/new-GUI/install/ocean_optics_spectrometer/share/ocean_optics_spectrometer/cmake/ocean_optics_spectrometer__rosidl_typesupport_cExport.cmake
-- Installing: /home/urc/new-GUI/install/ocean_optics_spectrometer/share/ocean_optics_spectrometer/cmake/ocean_optics_spectrometer__rosidl_typesupport_cExport-noconfig.cmake
-- Installing: /home/urc/new-GUI/install/ocean_optics_spectrometer/share/ocean_optics_spectrometer/cmake/export_ocean_optics_spectrometer__rosidl_generator_cppExport.cmake
-- Installing: /home/urc/new-GUI/install/ocean_optics_spectrometer/share/ocean_optics_spectrometer/cmake/export_ocean_optics_spectrometer__rosidl_typesupport_fastrtps_cppExport.cmake
-- Installing: /home/urc/new-GUI/install/ocean_optics_spectrometer/share/ocean_optics_spectrometer/cmake/export_ocean_optics_spectrometer__rosidl_typesupport_fastrtps_cppExport-noconfig.cmake
-- Installing: /home/urc/new-GUI/install/ocean_optics_spectrometer/share/ocean_optics_spectrometer/cmake/ocean_optics_spectrometer__rosidl_typesupport_introspection_cppExport.cmake
-- Installing: /home/urc/new-GUI/install/ocean_optics_spectrometer/share/ocean_optics_spectrometer/cmake/ocean_optics_spectrometer__rosidl_typesupport_introspection_cppExport-noconfig.cmake
-- Installing: /home/urc/new-GUI/install/ocean_optics_spectrometer/share/ocean_optics_spectrometer/cmake/ocean_optics_spectrometer__rosidl_typesupport_cppExport.cmake
-- Installing: /home/urc/new-GUI/install/ocean_optics_spectrometer/share/ocean_optics_spectrometer/cmake/ocean_optics_spectrometer__rosidl_typesupport_cppExport-noconfig.cmake
-- Installing: /home/urc/new-GUI/install/ocean_optics_spectrometer/share/ocean_optics_spectrometer/cmake/export_ocean_optics_spectrometer__rosidl_generator_pyExport.cmake
-- Installing: /home/urc/new-GUI/install/ocean_optics_spectrometer/share/ocean_optics_spectrometer/cmake/export_ocean_optics_spectrometer__rosidl_generator_pyExport-noconfig.cmake
-- Installing: /home/urc/new-GUI/install/ocean_optics_spectrometer/share/ocean_optics_spectrometer/cmake/rosidl_cmake-extras.cmake
-- Installing: /home/urc/new-GUI/install/ocean_optics_spectrometer/share/ocean_optics_spectrometer/cmake/ament_cmake_export_dependencies-extras.cmake
-- Installing: /home/urc/new-GUI/install/ocean_optics_spectrometer/share/ocean_optics_spectrometer/cmake/ament_cmake_export_include_directories-extras.cmake
-- Installing: /home/urc/new-GUI/install/ocean_optics_spectrometer/share/ocean_optics_spectrometer/cmake/ament_cmake_export_libraries-extras.cmake
-- Installing: /home/urc/new-GUI/install/ocean_optics_spectrometer/share/ocean_optics_spectrometer/cmake/ament_cmake_export_targets-extras.cmake
-- Installing: /home/urc/new-GUI/install/ocean_optics_spectrometer/share/ocean_optics_spectrometer/cmake/rosidl_cmake_export_typesupport_targets-extras.cmake
-- Installing: /home/urc/new-GUI/install/ocean_optics_spectrometer/share/ocean_optics_spectrometer/cmake/rosidl_cmake_export_typesupport_libraries-extras.cmake
-- Installing: /home/urc/new-GUI/install/ocean_optics_spectrometer/share/ocean_optics_spectrometer/cmake/ocean_optics_spectrometerConfig.cmake
-- Installing: /home/urc/new-GUI/install/ocean_optics_spectrometer/share/ocean_optics_spectrometer/cmake/ocean_optics_spectrometerConfig-version.cmake
-- Installing: /home/urc/new-GUI/install/ocean_optics_spectrometer/share/ocean_optics_spectrometer/package.xml
