running egg_info
writing ../../build/gui_window/gui_window.egg-info/PKG-INFO
writing dependency_links to ../../build/gui_window/gui_window.egg-info/dependency_links.txt
writing entry points to ../../build/gui_window/gui_window.egg-info/entry_points.txt
writing requirements to ../../build/gui_window/gui_window.egg-info/requires.txt
writing top-level names to ../../build/gui_window/gui_window.egg-info/top_level.txt
reading manifest file '../../build/gui_window/gui_window.egg-info/SOURCES.txt'
writing manifest file '../../build/gui_window/gui_window.egg-info/SOURCES.txt'
running build
running build_py
copying gui_window/science.py -> /home/urc/new-GUI/build/gui_window/build/lib/gui_window
running install
running install_lib
copying /home/urc/new-GUI/build/gui_window/build/lib/gui_window/science.py -> /home/urc/new-GUI/install/gui_window/lib/python3.10/site-packages/gui_window
byte-compiling /home/urc/new-GUI/install/gui_window/lib/python3.10/site-packages/gui_window/science.py to science.cpython-310.pyc
running install_data
running install_egg_info
removing '/home/urc/new-GUI/install/gui_window/lib/python3.10/site-packages/gui_window-0.0.0-py3.10.egg-info' (and everything under it)
Copying ../../build/gui_window/gui_window.egg-info to /home/urc/new-GUI/install/gui_window/lib/python3.10/site-packages/gui_window-0.0.0-py3.10.egg-info
running install_scripts
Installing gui script to /home/urc/new-GUI/install/gui_window/lib/gui_window
writing list of installed files to '/home/urc/new-GUI/build/gui_window/install.log'
