[0.264s] Invoking command in '/home/urc/new-GUI/build/geographic_msgs': CMAKE_PREFIX_PATH=/opt/ros/humble /usr/bin/cmake --build /home/urc/new-GUI/build/geographic_msgs -- -j4 -l4
[0.865s] [  9%] Built target geographic_msgs__rosidl_generator_c
[0.866s] [ 12%] Built target geographic_msgs__cpp
[0.866s] [ 12%] Built target ament_cmake_python_symlink_geographic_msgs
[0.866s] [ 22%] Built target geographic_msgs__rosidl_typesupport_introspection_c
[0.866s] [ 32%] Built target geographic_msgs__rosidl_typesupport_c
[0.866s] [ 41%] Built target geographic_msgs__rosidl_typesupport_fastrtps_c
[0.866s] [ 61%] Built target geographic_msgs__rosidl_typesupport_introspection_cpp
[0.867s] [ 61%] Built target geographic_msgs__rosidl_typesupport_fastrtps_cpp
[0.867s] [ 70%] Built target geographic_msgs__rosidl_typesupport_cpp
[0.867s] [ 70%] Built target geographic_msgs
[0.867s] [ 74%] Built target geographic_msgs__py
[0.867s] [ 80%] Built target geographic_msgs__rosidl_generator_py
[0.867s] [ 87%] Built target geographic_msgs__rosidl_typesupport_introspection_c__pyext
[0.868s] [ 93%] Built target geographic_msgs__rosidl_typesupport_fastrtps_c__pyext
[0.868s] [100%] Built target geographic_msgs__rosidl_typesupport_c__pyext
[0.876s] running egg_info
[0.877s] writing geographic_msgs.egg-info/PKG-INFO
[0.877s] writing dependency_links to geographic_msgs.egg-info/dependency_links.txt
[0.882s] writing top-level names to geographic_msgs.egg-info/top_level.txt
[0.888s] reading manifest file 'geographic_msgs.egg-info/SOURCES.txt'
[0.888s] writing manifest file 'geographic_msgs.egg-info/SOURCES.txt'
[0.916s] [100%] Built target ament_cmake_python_build_geographic_msgs_egg
[0.962s] Invoked command in '/home/urc/new-GUI/build/geographic_msgs' returned '0': CMAKE_PREFIX_PATH=/opt/ros/humble /usr/bin/cmake --build /home/urc/new-GUI/build/geographic_msgs -- -j4 -l4
[1.102s] Invoking command in '/home/urc/new-GUI/build/geographic_msgs': CMAKE_PREFIX_PATH=/opt/ros/humble /usr/bin/cmake --install /home/urc/new-GUI/build/geographic_msgs
[1.113s] -- Install configuration: ""
[1.114s] -- Execute custom install script
[1.116s] -- Up-to-date symlink: /home/urc/new-GUI/install/geographic_msgs/share/ament_index/resource_index/rosidl_interfaces/geographic_msgs
[1.117s] -- Up-to-date symlink: /home/urc/new-GUI/install/geographic_msgs/include/geographic_msgs/geographic_msgs/msg/detail/geo_point__functions.h
[1.118s] -- Up-to-date symlink: /home/urc/new-GUI/install/geographic_msgs/include/geographic_msgs/geographic_msgs/msg/detail/geo_point__struct.h
[1.120s] -- Up-to-date symlink: /home/urc/new-GUI/install/geographic_msgs/include/geographic_msgs/geographic_msgs/msg/detail/geo_point__type_support.h
[1.121s] -- Up-to-date symlink: /home/urc/new-GUI/install/geographic_msgs/include/geographic_msgs/geographic_msgs/msg/geo_point.h
[1.122s] -- Up-to-date symlink: /home/urc/new-GUI/install/geographic_msgs/include/geographic_msgs/geographic_msgs/msg/rosidl_generator_c__visibility_control.h
[1.124s] -- Up-to-date symlink: /home/urc/new-GUI/install/geographic_msgs/share/geographic_msgs/environment/library_path.sh
[1.125s] -- Up-to-date symlink: /home/urc/new-GUI/install/geographic_msgs/share/geographic_msgs/environment/library_path.dsv
[1.126s] -- Up-to-date symlink: /home/urc/new-GUI/install/geographic_msgs/include/geographic_msgs/geographic_msgs/msg/detail/geo_point__rosidl_typesupport_fastrtps_c.h
[1.127s] -- Up-to-date symlink: /home/urc/new-GUI/install/geographic_msgs/include/geographic_msgs/geographic_msgs/msg/rosidl_typesupport_fastrtps_c__visibility_control.h
[1.129s] -- Up-to-date symlink: /home/urc/new-GUI/install/geographic_msgs/include/geographic_msgs/geographic_msgs/msg/detail/geo_point__rosidl_typesupport_introspection_c.h
[1.131s] -- Up-to-date symlink: /home/urc/new-GUI/install/geographic_msgs/include/geographic_msgs/geographic_msgs/msg/rosidl_typesupport_introspection_c__visibility_control.h
[1.132s] -- Up-to-date symlink: /home/urc/new-GUI/install/geographic_msgs/include/geographic_msgs/geographic_msgs/msg/detail/geo_point__builder.hpp
[1.133s] -- Up-to-date symlink: /home/urc/new-GUI/install/geographic_msgs/include/geographic_msgs/geographic_msgs/msg/detail/geo_point__struct.hpp
[1.135s] -- Up-to-date symlink: /home/urc/new-GUI/install/geographic_msgs/include/geographic_msgs/geographic_msgs/msg/detail/geo_point__traits.hpp
[1.136s] -- Up-to-date symlink: /home/urc/new-GUI/install/geographic_msgs/include/geographic_msgs/geographic_msgs/msg/geo_point.hpp
[1.138s] -- Up-to-date symlink: /home/urc/new-GUI/install/geographic_msgs/include/geographic_msgs/geographic_msgs/msg/detail/geo_point__rosidl_typesupport_fastrtps_cpp.hpp
[1.140s] -- Up-to-date symlink: /home/urc/new-GUI/install/geographic_msgs/include/geographic_msgs/geographic_msgs/msg/rosidl_typesupport_fastrtps_cpp__visibility_control.h
[1.141s] -- Up-to-date symlink: /home/urc/new-GUI/install/geographic_msgs/include/geographic_msgs/geographic_msgs/msg/detail/geo_point__rosidl_typesupport_introspection_cpp.hpp
[1.143s] -- Up-to-date symlink: /home/urc/new-GUI/install/geographic_msgs/share/geographic_msgs/environment/pythonpath.sh
[1.144s] -- Up-to-date symlink: /home/urc/new-GUI/install/geographic_msgs/share/geographic_msgs/environment/pythonpath.dsv
[1.145s] -- Up-to-date symlink: /home/urc/new-GUI/install/geographic_msgs/local/lib/python3.10/dist-packages/geographic_msgs-0.5.6-py3.10.egg-info/PKG-INFO
[1.146s] -- Up-to-date symlink: /home/urc/new-GUI/install/geographic_msgs/local/lib/python3.10/dist-packages/geographic_msgs-0.5.6-py3.10.egg-info/SOURCES.txt
[1.147s] -- Up-to-date symlink: /home/urc/new-GUI/install/geographic_msgs/local/lib/python3.10/dist-packages/geographic_msgs-0.5.6-py3.10.egg-info/dependency_links.txt
[1.150s] -- Up-to-date symlink: /home/urc/new-GUI/install/geographic_msgs/local/lib/python3.10/dist-packages/geographic_msgs-0.5.6-py3.10.egg-info/top_level.txt
[1.153s] -- Up-to-date symlink: /home/urc/new-GUI/install/geographic_msgs/local/lib/python3.10/dist-packages/geographic_msgs/__init__.py
[1.154s] -- Up-to-date symlink: /home/urc/new-GUI/install/geographic_msgs/local/lib/python3.10/dist-packages/geographic_msgs/_geographic_msgs_s.ep.rosidl_typesupport_c.c
[1.156s] -- Up-to-date symlink: /home/urc/new-GUI/install/geographic_msgs/local/lib/python3.10/dist-packages/geographic_msgs/_geographic_msgs_s.ep.rosidl_typesupport_fastrtps_c.c
[1.157s] -- Up-to-date symlink: /home/urc/new-GUI/install/geographic_msgs/local/lib/python3.10/dist-packages/geographic_msgs/_geographic_msgs_s.ep.rosidl_typesupport_introspection_c.c
[1.158s] -- Up-to-date symlink: /home/urc/new-GUI/install/geographic_msgs/local/lib/python3.10/dist-packages/geographic_msgs/geographic_msgs_s__rosidl_typesupport_c.cpython-310-x86_64-linux-gnu.so
[1.159s] -- Up-to-date symlink: /home/urc/new-GUI/install/geographic_msgs/local/lib/python3.10/dist-packages/geographic_msgs/geographic_msgs_s__rosidl_typesupport_fastrtps_c.cpython-310-x86_64-linux-gnu.so
[1.160s] -- Up-to-date symlink: /home/urc/new-GUI/install/geographic_msgs/local/lib/python3.10/dist-packages/geographic_msgs/geographic_msgs_s__rosidl_typesupport_introspection_c.cpython-310-x86_64-linux-gnu.so
[1.161s] -- Up-to-date symlink: /home/urc/new-GUI/install/geographic_msgs/local/lib/python3.10/dist-packages/geographic_msgs/libgeographic_msgs__rosidl_generator_py.so
[1.165s] -- Up-to-date symlink: /home/urc/new-GUI/install/geographic_msgs/local/lib/python3.10/dist-packages/geographic_msgs/msg/__init__.py
[1.167s] -- Up-to-date symlink: /home/urc/new-GUI/install/geographic_msgs/local/lib/python3.10/dist-packages/geographic_msgs/msg/_geo_point.py
[1.168s] -- Up-to-date symlink: /home/urc/new-GUI/install/geographic_msgs/local/lib/python3.10/dist-packages/geographic_msgs/msg/_geo_point_s.c
[1.169s] -- Up-to-date symlink: /home/urc/new-GUI/install/geographic_msgs/local/lib/python3.10/dist-packages/geographic_msgs/geographic_msgs_s__rosidl_typesupport_fastrtps_c.cpython-310-x86_64-linux-gnu.so
[1.171s] -- Up-to-date symlink: /home/urc/new-GUI/install/geographic_msgs/local/lib/python3.10/dist-packages/geographic_msgs/geographic_msgs_s__rosidl_typesupport_introspection_c.cpython-310-x86_64-linux-gnu.so
[1.172s] -- Up-to-date symlink: /home/urc/new-GUI/install/geographic_msgs/local/lib/python3.10/dist-packages/geographic_msgs/geographic_msgs_s__rosidl_typesupport_c.cpython-310-x86_64-linux-gnu.so
[1.173s] -- Up-to-date symlink: /home/urc/new-GUI/install/geographic_msgs/share/geographic_msgs/msg/GeoPoint.idl
[1.174s] -- Up-to-date symlink: /home/urc/new-GUI/install/geographic_msgs/share/geographic_msgs/msg/GeoPoint.msg
[1.176s] -- Up-to-date symlink: /home/urc/new-GUI/install/geographic_msgs/share/ament_index/resource_index/package_run_dependencies/geographic_msgs
[1.179s] -- Up-to-date symlink: /home/urc/new-GUI/install/geographic_msgs/share/ament_index/resource_index/parent_prefix_path/geographic_msgs
[1.181s] -- Up-to-date symlink: /home/urc/new-GUI/install/geographic_msgs/share/geographic_msgs/environment/ament_prefix_path.sh
[1.182s] -- Up-to-date symlink: /home/urc/new-GUI/install/geographic_msgs/share/geographic_msgs/environment/ament_prefix_path.dsv
[1.185s] -- Up-to-date symlink: /home/urc/new-GUI/install/geographic_msgs/share/geographic_msgs/environment/path.sh
[1.187s] -- Up-to-date symlink: /home/urc/new-GUI/install/geographic_msgs/share/geographic_msgs/environment/path.dsv
[1.188s] -- Up-to-date symlink: /home/urc/new-GUI/install/geographic_msgs/share/geographic_msgs/local_setup.bash
[1.189s] -- Up-to-date symlink: /home/urc/new-GUI/install/geographic_msgs/share/geographic_msgs/local_setup.sh
[1.190s] -- Up-to-date symlink: /home/urc/new-GUI/install/geographic_msgs/share/geographic_msgs/local_setup.zsh
[1.192s] -- Up-to-date symlink: /home/urc/new-GUI/install/geographic_msgs/share/geographic_msgs/local_setup.dsv
[1.193s] -- Symlinking: /home/urc/new-GUI/install/geographic_msgs/share/geographic_msgs/package.dsv
[1.205s] -- Up-to-date symlink: /home/urc/new-GUI/install/geographic_msgs/share/ament_index/resource_index/packages/geographic_msgs
[1.207s] -- Up-to-date symlink: /home/urc/new-GUI/install/geographic_msgs/share/geographic_msgs/cmake/rosidl_cmake-extras.cmake
[1.208s] -- Up-to-date symlink: /home/urc/new-GUI/install/geographic_msgs/share/geographic_msgs/cmake/ament_cmake_export_dependencies-extras.cmake
[1.210s] -- Up-to-date symlink: /home/urc/new-GUI/install/geographic_msgs/share/geographic_msgs/cmake/ament_cmake_export_include_directories-extras.cmake
[1.212s] -- Up-to-date symlink: /home/urc/new-GUI/install/geographic_msgs/share/geographic_msgs/cmake/ament_cmake_export_libraries-extras.cmake
[1.213s] -- Up-to-date symlink: /home/urc/new-GUI/install/geographic_msgs/share/geographic_msgs/cmake/ament_cmake_export_targets-extras.cmake
[1.215s] -- Up-to-date symlink: /home/urc/new-GUI/install/geographic_msgs/share/geographic_msgs/cmake/rosidl_cmake_export_typesupport_targets-extras.cmake
[1.216s] -- Up-to-date symlink: /home/urc/new-GUI/install/geographic_msgs/share/geographic_msgs/cmake/rosidl_cmake_export_typesupport_libraries-extras.cmake
[1.218s] -- Up-to-date symlink: /home/urc/new-GUI/install/geographic_msgs/share/geographic_msgs/cmake/geographic_msgsConfig.cmake
[1.220s] -- Up-to-date symlink: /home/urc/new-GUI/install/geographic_msgs/share/geographic_msgs/cmake/geographic_msgsConfig-version.cmake
[1.221s] -- Up-to-date symlink: /home/urc/new-GUI/install/geographic_msgs/share/geographic_msgs/package.xml
[1.222s] -- Up-to-date: /home/urc/new-GUI/install/geographic_msgs/lib/libgeographic_msgs__rosidl_generator_c.so
[1.224s] -- Up-to-date: /home/urc/new-GUI/install/geographic_msgs/lib/libgeographic_msgs__rosidl_typesupport_fastrtps_c.so
[1.226s] -- Up-to-date: /home/urc/new-GUI/install/geographic_msgs/lib/libgeographic_msgs__rosidl_typesupport_introspection_c.so
[1.228s] -- Up-to-date: /home/urc/new-GUI/install/geographic_msgs/lib/libgeographic_msgs__rosidl_typesupport_c.so
[1.229s] -- Up-to-date: /home/urc/new-GUI/install/geographic_msgs/lib/libgeographic_msgs__rosidl_typesupport_fastrtps_cpp.so
[1.231s] -- Up-to-date: /home/urc/new-GUI/install/geographic_msgs/lib/libgeographic_msgs__rosidl_typesupport_introspection_cpp.so
[1.233s] -- Up-to-date: /home/urc/new-GUI/install/geographic_msgs/lib/libgeographic_msgs__rosidl_typesupport_cpp.so
[1.307s] Listing '/home/urc/new-GUI/install/geographic_msgs/local/lib/python3.10/dist-packages/geographic_msgs'...
[1.308s] Listing '/home/urc/new-GUI/install/geographic_msgs/local/lib/python3.10/dist-packages/geographic_msgs/msg'...
[1.321s] -- Up-to-date: /home/urc/new-GUI/install/geographic_msgs/lib/libgeographic_msgs__rosidl_generator_py.so
[1.321s] -- Up-to-date: /home/urc/new-GUI/install/geographic_msgs/share/geographic_msgs/cmake/export_geographic_msgs__rosidl_generator_cExport.cmake
[1.321s] -- Up-to-date: /home/urc/new-GUI/install/geographic_msgs/share/geographic_msgs/cmake/export_geographic_msgs__rosidl_generator_cExport-noconfig.cmake
[1.321s] -- Up-to-date: /home/urc/new-GUI/install/geographic_msgs/share/geographic_msgs/cmake/export_geographic_msgs__rosidl_typesupport_fastrtps_cExport.cmake
[1.321s] -- Up-to-date: /home/urc/new-GUI/install/geographic_msgs/share/geographic_msgs/cmake/export_geographic_msgs__rosidl_typesupport_fastrtps_cExport-noconfig.cmake
[1.322s] -- Up-to-date: /home/urc/new-GUI/install/geographic_msgs/share/geographic_msgs/cmake/geographic_msgs__rosidl_typesupport_introspection_cExport.cmake
[1.322s] -- Up-to-date: /home/urc/new-GUI/install/geographic_msgs/share/geographic_msgs/cmake/geographic_msgs__rosidl_typesupport_introspection_cExport-noconfig.cmake
[1.322s] -- Up-to-date: /home/urc/new-GUI/install/geographic_msgs/share/geographic_msgs/cmake/geographic_msgs__rosidl_typesupport_cExport.cmake
[1.324s] -- Up-to-date: /home/urc/new-GUI/install/geographic_msgs/share/geographic_msgs/cmake/geographic_msgs__rosidl_typesupport_cExport-noconfig.cmake
[1.324s] -- Up-to-date: /home/urc/new-GUI/install/geographic_msgs/share/geographic_msgs/cmake/export_geographic_msgs__rosidl_generator_cppExport.cmake
[1.324s] -- Up-to-date: /home/urc/new-GUI/install/geographic_msgs/share/geographic_msgs/cmake/export_geographic_msgs__rosidl_typesupport_fastrtps_cppExport.cmake
[1.324s] -- Up-to-date: /home/urc/new-GUI/install/geographic_msgs/share/geographic_msgs/cmake/export_geographic_msgs__rosidl_typesupport_fastrtps_cppExport-noconfig.cmake
[1.324s] -- Up-to-date: /home/urc/new-GUI/install/geographic_msgs/share/geographic_msgs/cmake/geographic_msgs__rosidl_typesupport_introspection_cppExport.cmake
[1.324s] -- Up-to-date: /home/urc/new-GUI/install/geographic_msgs/share/geographic_msgs/cmake/geographic_msgs__rosidl_typesupport_introspection_cppExport-noconfig.cmake
[1.324s] -- Up-to-date: /home/urc/new-GUI/install/geographic_msgs/share/geographic_msgs/cmake/geographic_msgs__rosidl_typesupport_cppExport.cmake
[1.325s] -- Up-to-date: /home/urc/new-GUI/install/geographic_msgs/share/geographic_msgs/cmake/geographic_msgs__rosidl_typesupport_cppExport-noconfig.cmake
[1.325s] -- Up-to-date: /home/urc/new-GUI/install/geographic_msgs/share/geographic_msgs/cmake/export_geographic_msgs__rosidl_generator_pyExport.cmake
[1.325s] -- Up-to-date: /home/urc/new-GUI/install/geographic_msgs/share/geographic_msgs/cmake/export_geographic_msgs__rosidl_generator_pyExport-noconfig.cmake
