[0.656s] Invoking command in '/home/urc/new-GUI/build/theora_webcams': /usr/bin/cmake /home/urc/new-GUI/src/theora_webcams -DCMAKE_INSTALL_PREFIX=/home/urc/new-GUI/install/theora_webcams
[0.667s] -- Found ament_cmake: 1.3.5 (/opt/ros/humble/share/ament_cmake/cmake)
[0.898s] -- Found ament_lint_auto: 0.12.8 (/opt/ros/humble/share/ament_lint_auto/cmake)
[0.968s] Error parsing '/home/urc/new-GUI/src/theora_webcams/package.xml':
[1.033s] Traceback (most recent call last):
[1.033s]   File "/opt/ros/humble/share/ament_cmake_core/cmake/core/package_xml_2_cmake.py", line 150, in <module>
[1.034s]     main()
[1.034s]   File "/opt/ros/humble/share/ament_cmake_core/cmake/core/package_xml_2_cmake.py", line 53, in main
[1.034s]     raise e
[1.034s]   File "/opt/ros/humble/share/ament_cmake_core/cmake/core/package_xml_2_cmake.py", line 49, in main
[1.034s]     package = parse_package_string(
[1.035s]   File "/usr/lib/python3/dist-packages/catkin_pkg/package.py", line 786, in parse_package_string
[1.035s]     raise InvalidPackage('Error(s):%s' % (''.join(['\n- %s' % e for e in errors])), filename)
[1.035s] catkin_pkg.package.InvalidPackage: Error(s) in package '/home/urc/new-GUI/src/theora_webcams/package.xml':
[1.035s] Error(s):
[1.035s] - The manifest of package "theora_webcams" (with format version 2) must not contain the following tags: member_of_group
[1.056s] [31mCMake Error at /opt/ros/humble/share/ament_cmake_core/cmake/core/ament_package_xml.cmake:95 (message):
[1.056s]   execute_process(/usr/bin/python3.10
[1.056s]   /opt/ros/humble/share/ament_cmake_core/cmake/core/package_xml_2_cmake.py
[1.057s]   /home/urc/new-GUI/src/theora_webcams/package.xml
[1.057s]   /home/urc/new-GUI/build/theora_webcams/ament_cmake_core/package.cmake)
[1.057s]   returned error code 1
[1.057s] Call Stack (most recent call first):
[1.057s]   /opt/ros/humble/share/ament_cmake_core/cmake/core/ament_package_xml.cmake:49 (_ament_package_xml)
[1.058s]   /opt/ros/humble/share/ament_lint_auto/cmake/ament_lint_auto_find_test_dependencies.cmake:31 (ament_package_xml)
[1.058s]   CMakeLists.txt:240 (ament_lint_auto_find_test_dependencies)
[1.058s] 
[1.058s] [0m
[1.058s] -- Configuring incomplete, errors occurred!
[1.058s] See also "/home/urc/new-GUI/build/theora_webcams/CMakeFiles/CMakeOutput.log".
