[0.165s] Invoking command in '/home/urc/new-GUI/build/theora_webcams': CMAKE_PREFIX_PATH=/home/urc/new-GUI/install/theora_webcams:/home/urc/new-GUI/install/gui_window:/opt/ros/humble:/home/urc/new-GUI/install/geographic_msgs:/home/urc/new-GUI/install/aruco_finder /usr/bin/cmake --build /home/urc/new-GUI/build/theora_webcams -- -j4 -l4
[0.192s] -- Found ament_cmake: 1.3.5 (/opt/ros/humble/share/ament_cmake/cmake)
[0.453s] -- Found ament_lint_auto: 0.12.8 (/opt/ros/humble/share/ament_lint_auto/cmake)
[0.550s] -- Found rosidl_default_generators: 1.2.0 (/opt/ros/humble/share/rosidl_default_generators/cmake)
[0.553s] -- Using all available rosidl_typesupport_c: rosidl_typesupport_fastrtps_c;rosidl_typesupport_introspection_c
[0.558s] -- Found rosidl_adapter: 3.1.5 (/opt/ros/humble/share/rosidl_adapter/cmake)
[0.610s] -- Using all available rosidl_typesupport_cpp: rosidl_typesupport_fastrtps_cpp;rosidl_typesupport_introspection_cpp
[0.660s] -- Found rclcpp: 16.0.6 (/opt/ros/humble/share/rclcpp/cmake)
[0.801s] -- Found rmw_implementation_cmake: 6.1.1 (/opt/ros/humble/share/rmw_implementation_cmake/cmake)
[0.803s] -- Found rmw_fastrtps_cpp: 6.2.4 (/opt/ros/humble/share/rmw_fastrtps_cpp/cmake)
[0.993s] -- Using RMW implementation 'rmw_fastrtps_cpp' as default
[1.293s] -- Found sensor_msgs: 4.2.3 (/opt/ros/humble/share/sensor_msgs/cmake)
[1.542s] -- Found cv_bridge: 3.2.1 (/opt/ros/humble/share/cv_bridge/cmake)
[1.559s] -- Found image_transport: 3.1.7 (/opt/ros/humble/share/image_transport/cmake)
[1.613s] -- Found camera_info_manager: 3.1.7 (/opt/ros/humble/share/camera_info_manager/cmake)
[2.176s] -- Found ament_cmake_ros: 0.10.0 (/opt/ros/humble/share/ament_cmake_ros/cmake)
[2.649s] -- Using all available rosidl_typesupport_c: rosidl_typesupport_fastrtps_c;rosidl_typesupport_introspection_c
[3.283s] -- Using all available rosidl_typesupport_cpp: rosidl_typesupport_fastrtps_cpp;rosidl_typesupport_introspection_cpp
[3.315s] -- Found python_cmake_module: 0.10.0 (/opt/ros/humble/share/python_cmake_module/cmake)
[3.344s] -- Using PYTHON_EXECUTABLE: /usr/bin/python3
[3.344s] -- Using PYTHON_INCLUDE_DIRS: /usr/include/python3.10
[3.344s] -- Using PYTHON_LIBRARIES: /usr/lib/x86_64-linux-gnu/libpython3.10.so
[3.484s] -- Added test 'cppcheck' to perform static code analysis on C / C++ code
[3.486s] -- Configured cppcheck include dirs: 
[3.486s] -- Configured cppcheck exclude dirs and/or files: 
[3.488s] -- Added test 'lint_cmake' to check CMake code style
[3.492s] -- Added test 'uncrustify' to check C / C++ code style
[3.492s] -- Configured uncrustify additional arguments: 
[3.493s] -- Added test 'xmllint' to check XML markup files
[3.497s] -- Configuring done
[3.589s] -- Generating done
[3.598s] -- Build files have been written to: /home/urc/new-GUI/build/theora_webcams
[3.641s] [35m[1mConsolidate compiler generated dependencies of target theora_webcams__rosidl_generator_c[0m
[3.672s] [  1%] [32mBuilding CXX object CMakeFiles/camera_publisher.dir/src/camera_publisher_v4l2.cpp.o[0m
[3.677s] [  2%] Built target theora_webcams__cpp
[3.687s] [ 13%] Built target theora_webcams__rosidl_generator_c
[3.692s] [ 13%] Built target ament_cmake_python_copy_theora_webcams
[3.712s] [35m[1mConsolidate compiler generated dependencies of target theora_webcams__rosidl_typesupport_cpp[0m
[3.712s] [35m[1mConsolidate compiler generated dependencies of target theora_webcams__rosidl_typesupport_fastrtps_cpp[0m
[3.768s] [35m[1mConsolidate compiler generated dependencies of target theora_webcams__rosidl_typesupport_introspection_cpp[0m
[3.780s] [ 24%] Built target theora_webcams__rosidl_typesupport_cpp
[3.792s] [ 36%] Built target theora_webcams__rosidl_typesupport_fastrtps_cpp
[3.832s] [35m[1mConsolidate compiler generated dependencies of target theora_webcams__rosidl_typesupport_fastrtps_c[0m
[3.875s] [ 47%] Built target theora_webcams__rosidl_typesupport_introspection_cpp
[3.932s] [ 58%] Built target theora_webcams__rosidl_typesupport_fastrtps_c
[3.957s] [35m[1mConsolidate compiler generated dependencies of target theora_webcams__rosidl_typesupport_introspection_c[0m
[3.988s] [35m[1mConsolidate compiler generated dependencies of target theora_webcams__rosidl_typesupport_c[0m
[4.008s] [01m[K/home/urc/new-GUI/src/theora_webcams/src/camera_publisher_v4l2.cpp:14:10:[m[K [01;31m[Kfatal error: [m[Krclcpp/rclcpp.hpp: No such file or directory
[4.008s]    14 | #include [01;31m[K"rclcpp/rclcpp.hpp"[m[K
[4.009s]       |          [01;31m[K^~~~~~~~~~~~~~~~~~~[m[K
[4.009s] compilation terminated.
[4.017s] gmake[2]: *** [CMakeFiles/camera_publisher.dir/build.make:76: CMakeFiles/camera_publisher.dir/src/camera_publisher_v4l2.cpp.o] Error 1
[4.017s] gmake[1]: *** [CMakeFiles/Makefile2:592: CMakeFiles/camera_publisher.dir/all] Error 2
[4.017s] gmake[1]: *** Waiting for unfinished jobs....
[4.019s] [ 70%] Built target theora_webcams__rosidl_typesupport_introspection_c
[4.032s] [ 71%] [32mBuilding CXX object CMakeFiles/theora_webcams__rosidl_typesupport_c.dir/rosidl_typesupport_c/theora_webcams/msg/framerate__type_support.cpp.o[0m
[4.045s] [ 72%] [32mBuilding CXX object CMakeFiles/theora_webcams__rosidl_typesupport_c.dir/rosidl_typesupport_c/theora_webcams/msg/status__type_support.cpp.o[0m
[4.065s] [ 73%] [32mBuilding CXX object CMakeFiles/theora_webcams__rosidl_typesupport_c.dir/rosidl_typesupport_c/theora_webcams/msg/resolution__type_support.cpp.o[0m
[4.126s] [ 74%] [32mBuilding CXX object CMakeFiles/theora_webcams__rosidl_typesupport_c.dir/rosidl_typesupport_c/theora_webcams/msg/video_format__type_support.cpp.o[0m
[4.140s] [ 75%] [32mBuilding CXX object CMakeFiles/theora_webcams__rosidl_typesupport_c.dir/rosidl_typesupport_c/theora_webcams/msg/video_format_list__type_support.cpp.o[0m
[4.178s] [ 76%] [32mBuilding CXX object CMakeFiles/theora_webcams__rosidl_typesupport_c.dir/rosidl_typesupport_c/theora_webcams/srv/change_video__type_support.cpp.o[0m
[4.225s] [ 77%] [32mBuilding CXX object CMakeFiles/theora_webcams__rosidl_typesupport_c.dir/rosidl_typesupport_c/theora_webcams/srv/get_exposure_bounds__type_support.cpp.o[0m
[4.236s] [ 78%] [32mBuilding CXX object CMakeFiles/theora_webcams__rosidl_typesupport_c.dir/rosidl_typesupport_c/theora_webcams/srv/get_resolutions__type_support.cpp.o[0m
[4.247s] [ 79%] [32mBuilding CXX object CMakeFiles/theora_webcams__rosidl_typesupport_c.dir/rosidl_typesupport_c/theora_webcams/srv/set_exposure__type_support.cpp.o[0m
[4.315s] [ 80%] [32m[1mLinking CXX shared library libtheora_webcams__rosidl_typesupport_c.so[0m
[4.401s] [ 81%] Built target theora_webcams__rosidl_typesupport_c
[4.447s] running egg_info
[4.448s] writing theora_webcams.egg-info/PKG-INFO
[4.448s] writing dependency_links to theora_webcams.egg-info/dependency_links.txt
[4.449s] writing top-level names to theora_webcams.egg-info/top_level.txt
[4.452s] reading manifest file 'theora_webcams.egg-info/SOURCES.txt'
[4.453s] writing manifest file 'theora_webcams.egg-info/SOURCES.txt'
[4.486s] [ 81%] Built target ament_cmake_python_build_theora_webcams_egg
[4.488s] gmake: *** [Makefile:146: all] Error 2
[4.490s] Invoked command in '/home/urc/new-GUI/build/theora_webcams' returned '2': CMAKE_PREFIX_PATH=/home/urc/new-GUI/install/theora_webcams:/home/urc/new-GUI/install/gui_window:/opt/ros/humble:/home/urc/new-GUI/install/geographic_msgs:/home/urc/new-GUI/install/aruco_finder /usr/bin/cmake --build /home/urc/new-GUI/build/theora_webcams -- -j4 -l4
