[35m[1mConsolidate compiler generated dependencies of target geographic_msgs__rosidl_generator_c[0m
[  3%] Built target geographic_msgs__cpp
[ 12%] Built target geographic_msgs__rosidl_generator_c
[ 12%] Built target ament_cmake_python_symlink_geographic_msgs
[35m[1mConsolidate compiler generated dependencies of target geographic_msgs__rosidl_typesupport_fastrtps_cpp[0m
[35m[1mConsolidate compiler generated dependencies of target geographic_msgs__rosidl_typesupport_cpp[0m
[35m[1mConsolidate compiler generated dependencies of target geographic_msgs__rosidl_typesupport_introspection_cpp[0m
[35m[1mConsolidate compiler generated dependencies of target geographic_msgs__rosidl_typesupport_fastrtps_c[0m
[ 22%] Built target geographic_msgs__rosidl_typesupport_fastrtps_cpp
[ 32%] Built target geographic_msgs__rosidl_typesupport_cpp
[ 41%] Built target geographic_msgs__rosidl_typesupport_introspection_cpp
[35m[1mConsolidate compiler generated dependencies of target geographic_msgs__rosidl_typesupport_introspection_c[0m
[35m[1mConsolidate compiler generated dependencies of target geographic_msgs__rosidl_typesupport_c[0m
[ 51%] Built target geographic_msgs__rosidl_typesupport_fastrtps_c
[ 61%] Built target geographic_msgs__rosidl_typesupport_c
[ 70%] Built target geographic_msgs__rosidl_typesupport_introspection_c
[ 70%] Built target geographic_msgs
[ 74%] Built target geographic_msgs__py
[35m[1mConsolidate compiler generated dependencies of target geographic_msgs__rosidl_generator_py[0m
[ 80%] Built target geographic_msgs__rosidl_generator_py
[35m[1mConsolidate compiler generated dependencies of target geographic_msgs__rosidl_typesupport_introspection_c__pyext[0m
[35m[1mConsolidate compiler generated dependencies of target geographic_msgs__rosidl_typesupport_fastrtps_c__pyext[0m
[ 87%] Built target geographic_msgs__rosidl_typesupport_introspection_c__pyext
[35m[1mConsolidate compiler generated dependencies of target geographic_msgs__rosidl_typesupport_c__pyext[0m
[ 93%] Built target geographic_msgs__rosidl_typesupport_fastrtps_c__pyext
[100%] Built target geographic_msgs__rosidl_typesupport_c__pyext
running egg_info
writing geographic_msgs.egg-info/PKG-INFO
writing dependency_links to geographic_msgs.egg-info/dependency_links.txt
writing top-level names to geographic_msgs.egg-info/top_level.txt
reading manifest file 'geographic_msgs.egg-info/SOURCES.txt'
writing manifest file 'geographic_msgs.egg-info/SOURCES.txt'
[100%] Built target ament_cmake_python_build_geographic_msgs_egg
