[1.211s] Invoking command in '/home/urc/new-GUI/src/gui_window': PYTHONPATH=/home/urc/new-GUI/build/gui_window/prefix_override:/home/urc/new-GUI/install/gui_window/lib/python3.10/site-packages:${PYTHONPATH} /usr/bin/python3 setup.py egg_info --egg-base ../../build/gui_window build --build-base /home/urc/new-GUI/build/gui_window/build install --record /home/urc/new-GUI/build/gui_window/install.log --single-version-externally-managed
[1.627s] running egg_info
[1.628s] writing ../../build/gui_window/gui_window.egg-info/PKG-INFO
[1.628s] writing dependency_links to ../../build/gui_window/gui_window.egg-info/dependency_links.txt
[1.629s] writing entry points to ../../build/gui_window/gui_window.egg-info/entry_points.txt
[1.629s] writing requirements to ../../build/gui_window/gui_window.egg-info/requires.txt
[1.629s] writing top-level names to ../../build/gui_window/gui_window.egg-info/top_level.txt
[1.633s] reading manifest file '../../build/gui_window/gui_window.egg-info/SOURCES.txt'
[1.636s] writing manifest file '../../build/gui_window/gui_window.egg-info/SOURCES.txt'
[1.636s] running build
[1.636s] running build_py
[1.638s] copying gui_window/urc_gui_common/ui_python/tools_tab.py -> /home/urc/new-GUI/build/gui_window/build/lib/gui_window/urc_gui_common/ui_python
[1.642s] running install
[1.642s] running install_lib
[1.644s] copying /home/urc/new-GUI/build/gui_window/build/lib/gui_window/urc_gui_common/ui_python/tools_tab.py -> /home/urc/new-GUI/install/gui_window/lib/python3.10/site-packages/gui_window/urc_gui_common/ui_python
[1.647s] byte-compiling /home/urc/new-GUI/install/gui_window/lib/python3.10/site-packages/gui_window/urc_gui_common/ui_python/tools_tab.py to tools_tab.cpython-310.pyc
[1.648s] running install_data
[1.648s] running install_egg_info
[1.651s] removing '/home/urc/new-GUI/install/gui_window/lib/python3.10/site-packages/gui_window-0.0.0-py3.10.egg-info' (and everything under it)
[1.651s] Copying ../../build/gui_window/gui_window.egg-info to /home/urc/new-GUI/install/gui_window/lib/python3.10/site-packages/gui_window-0.0.0-py3.10.egg-info
[1.652s] running install_scripts
[1.681s] Installing gui script to /home/urc/new-GUI/install/gui_window/lib/gui_window
[1.684s] writing list of installed files to '/home/urc/new-GUI/build/gui_window/install.log'
[1.712s] Invoked command in '/home/urc/new-GUI/src/gui_window' returned '0': PYTHONPATH=/home/urc/new-GUI/build/gui_window/prefix_override:/home/urc/new-GUI/install/gui_window/lib/python3.10/site-packages:${PYTHONPATH} /usr/bin/python3 setup.py egg_info --egg-base ../../build/gui_window build --build-base /home/urc/new-GUI/build/gui_window/build install --record /home/urc/new-GUI/build/gui_window/install.log --single-version-externally-managed
