[0.201s] Invoking command in '/home/urc/new-GUI/build/geographic_msgs': CMAKE_PREFIX_PATH=/opt/ros/humble /usr/bin/cmake /home/urc/new-GUI/src/geographic_info-master/geographic_msgs -DAMENT_CMAKE_SYMLINK_INSTALL=1 -DCMAKE_INSTALL_PREFIX=/home/urc/new-GUI/install/geographic_msgs
[0.219s] -- Found ament_cmake: 1.3.5 (/opt/ros/humble/share/ament_cmake/cmake)
[0.402s] -- Override CMake install command with custom implementation using symlinks instead of copying resources
[0.415s] -- Found ament_lint_auto: 0.12.8 (/opt/ros/humble/share/ament_lint_auto/cmake)
[0.521s] -- Found rosidl_default_generators: 1.2.0 (/opt/ros/humble/share/rosidl_default_generators/cmake)
[0.525s] -- Using all available rosidl_typesupport_c: rosidl_typesupport_fastrtps_c;rosidl_typesupport_introspection_c
[0.530s] -- Found rosidl_adapter: 3.1.5 (/opt/ros/humble/share/rosidl_adapter/cmake)
[0.606s] -- Using all available rosidl_typesupport_cpp: rosidl_typesupport_fastrtps_cpp;rosidl_typesupport_introspection_cpp
[0.658s] -- Found geometry_msgs: 4.2.3 (/opt/ros/humble/share/geometry_msgs/cmake)
[1.138s] [31mCMake Error at /opt/ros/humble/share/rosidl_cmake/cmake/rosidl_generate_interfaces.cmake:229 (message):
[1.138s]   Packages installing interfaces must include
[1.138s]   '<member_of_group>rosidl_interface_packages</member_of_group>' in their
[1.138s]   package.xml
[1.138s] Call Stack (most recent call first):
[1.139s]   CMakeLists.txt:82 (rosidl_generate_interfaces)
[1.139s] 
[1.139s] [0m
[1.139s] -- Configuring incomplete, errors occurred!
[1.139s] See also "/home/urc/new-GUI/build/geographic_msgs/CMakeFiles/CMakeOutput.log".
[1.147s] Invoked command in '/home/urc/new-GUI/build/geographic_msgs' returned '1': CMAKE_PREFIX_PATH=/opt/ros/humble /usr/bin/cmake /home/urc/new-GUI/src/geographic_info-master/geographic_msgs -DAMENT_CMAKE_SYMLINK_INSTALL=1 -DCMAKE_INSTALL_PREFIX=/home/urc/new-GUI/install/geographic_msgs
