[0.127s] Invoking command in '/home/urc/new-GUI/build/theora_webcams': CMAKE_PREFIX_PATH=${CMAKE_PREFIX_PATH}:/home/urc/new-GUI/install/gui_window:/opt/ros/humble /usr/bin/cmake --build /home/urc/new-GUI/build/theora_webcams -- -j4 -l4
[0.237s] [  1%] Built target theora_webcams__cpp
[0.289s] [ 12%] Built target theora_webcams__rosidl_generator_c
[0.309s] [ 12%] Built target ament_cmake_python_copy_theora_webcams
[0.389s] [ 24%] Built target theora_webcams__rosidl_typesupport_cpp
[0.393s] [ 35%] Built target theora_webcams__rosidl_typesupport_fastrtps_cpp
[0.432s] [ 47%] Built target theora_webcams__rosidl_typesupport_introspection_cpp
[0.440s] [ 58%] Built target theora_webcams__rosidl_typesupport_fastrtps_c
[0.471s] [ 70%] Built target theora_webcams__rosidl_typesupport_introspection_c
[0.516s] [ 82%] Built target theora_webcams__rosidl_typesupport_c
[0.563s] [ 82%] Built target theora_webcams
[0.624s] [ 83%] Built target theora_webcams__py
[0.724s] [ 93%] Built target theora_webcams__rosidl_generator_py
[0.862s] [ 95%] Built target theora_webcams__rosidl_typesupport_introspection_c__pyext
[0.878s] [ 97%] Built target theora_webcams__rosidl_typesupport_c__pyext
[0.885s] [100%] Built target theora_webcams__rosidl_typesupport_fastrtps_c__pyext
[1.069s] running egg_info
[1.070s] writing theora_webcams.egg-info/PKG-INFO
[1.071s] writing dependency_links to theora_webcams.egg-info/dependency_links.txt
[1.072s] writing top-level names to theora_webcams.egg-info/top_level.txt
[1.077s] reading manifest file 'theora_webcams.egg-info/SOURCES.txt'
[1.077s] writing manifest file 'theora_webcams.egg-info/SOURCES.txt'
[1.125s] [100%] Built target ament_cmake_python_build_theora_webcams_egg
[1.150s] Invoked command in '/home/urc/new-GUI/build/theora_webcams' returned '0': CMAKE_PREFIX_PATH=${CMAKE_PREFIX_PATH}:/home/urc/new-GUI/install/gui_window:/opt/ros/humble /usr/bin/cmake --build /home/urc/new-GUI/build/theora_webcams -- -j4 -l4
[1.525s] Invoking command in '/home/urc/new-GUI/build/theora_webcams': CMAKE_PREFIX_PATH=${CMAKE_PREFIX_PATH}:/home/urc/new-GUI/install/gui_window:/opt/ros/humble /usr/bin/cmake --install /home/urc/new-GUI/build/theora_webcams
[1.538s] -- Install configuration: ""
[1.538s] -- Up-to-date: /home/urc/new-GUI/install/theora_webcams/share/ament_index/resource_index/rosidl_interfaces/theora_webcams
[1.538s] -- Up-to-date: /home/urc/new-GUI/install/theora_webcams/include/theora_webcams/theora_webcams
[1.539s] -- Up-to-date: /home/urc/new-GUI/install/theora_webcams/include/theora_webcams/theora_webcams/msg
[1.539s] -- Up-to-date: /home/urc/new-GUI/install/theora_webcams/include/theora_webcams/theora_webcams/msg/video_format.h
[1.540s] -- Up-to-date: /home/urc/new-GUI/install/theora_webcams/include/theora_webcams/theora_webcams/msg/video_format_list.h
[1.540s] -- Up-to-date: /home/urc/new-GUI/install/theora_webcams/include/theora_webcams/theora_webcams/msg/status.h
[1.540s] -- Up-to-date: /home/urc/new-GUI/install/theora_webcams/include/theora_webcams/theora_webcams/msg/rosidl_generator_c__visibility_control.h
[1.540s] -- Up-to-date: /home/urc/new-GUI/install/theora_webcams/include/theora_webcams/theora_webcams/msg/detail
[1.540s] -- Up-to-date: /home/urc/new-GUI/install/theora_webcams/include/theora_webcams/theora_webcams/msg/detail/video_format_list__functions.h
[1.540s] -- Up-to-date: /home/urc/new-GUI/install/theora_webcams/include/theora_webcams/theora_webcams/msg/detail/resolution__type_support.h
[1.540s] -- Up-to-date: /home/urc/new-GUI/install/theora_webcams/include/theora_webcams/theora_webcams/msg/detail/video_format_list__type_support.h
[1.540s] -- Up-to-date: /home/urc/new-GUI/install/theora_webcams/include/theora_webcams/theora_webcams/msg/detail/resolution__functions.h
[1.541s] -- Up-to-date: /home/urc/new-GUI/install/theora_webcams/include/theora_webcams/theora_webcams/msg/detail/video_format__functions.c
[1.541s] -- Up-to-date: /home/urc/new-GUI/install/theora_webcams/include/theora_webcams/theora_webcams/msg/detail/status__struct.h
[1.541s] -- Up-to-date: /home/urc/new-GUI/install/theora_webcams/include/theora_webcams/theora_webcams/msg/detail/framerate__functions.c
[1.541s] -- Up-to-date: /home/urc/new-GUI/install/theora_webcams/include/theora_webcams/theora_webcams/msg/detail/video_format__type_support.h
[1.541s] -- Up-to-date: /home/urc/new-GUI/install/theora_webcams/include/theora_webcams/theora_webcams/msg/detail/framerate__type_support.h
[1.542s] -- Up-to-date: /home/urc/new-GUI/install/theora_webcams/include/theora_webcams/theora_webcams/msg/detail/video_format__functions.h
[1.542s] -- Up-to-date: /home/urc/new-GUI/install/theora_webcams/include/theora_webcams/theora_webcams/msg/detail/framerate__struct.h
[1.542s] -- Up-to-date: /home/urc/new-GUI/install/theora_webcams/include/theora_webcams/theora_webcams/msg/detail/video_format_list__struct.h
[1.542s] -- Up-to-date: /home/urc/new-GUI/install/theora_webcams/include/theora_webcams/theora_webcams/msg/detail/status__functions.h
[1.542s] -- Up-to-date: /home/urc/new-GUI/install/theora_webcams/include/theora_webcams/theora_webcams/msg/detail/framerate__functions.h
[1.542s] -- Up-to-date: /home/urc/new-GUI/install/theora_webcams/include/theora_webcams/theora_webcams/msg/detail/status__functions.c
[1.542s] -- Up-to-date: /home/urc/new-GUI/install/theora_webcams/include/theora_webcams/theora_webcams/msg/detail/resolution__functions.c
[1.542s] -- Up-to-date: /home/urc/new-GUI/install/theora_webcams/include/theora_webcams/theora_webcams/msg/detail/video_format__struct.h
[1.543s] -- Up-to-date: /home/urc/new-GUI/install/theora_webcams/include/theora_webcams/theora_webcams/msg/detail/video_format_list__functions.c
[1.543s] -- Up-to-date: /home/urc/new-GUI/install/theora_webcams/include/theora_webcams/theora_webcams/msg/detail/status__type_support.h
[1.543s] -- Up-to-date: /home/urc/new-GUI/install/theora_webcams/include/theora_webcams/theora_webcams/msg/detail/resolution__struct.h
[1.543s] -- Up-to-date: /home/urc/new-GUI/install/theora_webcams/include/theora_webcams/theora_webcams/msg/resolution.h
[1.543s] -- Up-to-date: /home/urc/new-GUI/install/theora_webcams/include/theora_webcams/theora_webcams/msg/framerate.h
[1.544s] -- Up-to-date: /home/urc/new-GUI/install/theora_webcams/include/theora_webcams/theora_webcams/srv
[1.544s] -- Up-to-date: /home/urc/new-GUI/install/theora_webcams/include/theora_webcams/theora_webcams/srv/get_resolutions.h
[1.544s] -- Up-to-date: /home/urc/new-GUI/install/theora_webcams/include/theora_webcams/theora_webcams/srv/get_exposure_bounds.h
[1.544s] -- Up-to-date: /home/urc/new-GUI/install/theora_webcams/include/theora_webcams/theora_webcams/srv/change_video.h
[1.544s] -- Up-to-date: /home/urc/new-GUI/install/theora_webcams/include/theora_webcams/theora_webcams/srv/detail
[1.544s] -- Up-to-date: /home/urc/new-GUI/install/theora_webcams/include/theora_webcams/theora_webcams/srv/detail/get_exposure_bounds__functions.h
[1.544s] -- Up-to-date: /home/urc/new-GUI/install/theora_webcams/include/theora_webcams/theora_webcams/srv/detail/get_resolutions__type_support.h
[1.545s] -- Up-to-date: /home/urc/new-GUI/install/theora_webcams/include/theora_webcams/theora_webcams/srv/detail/change_video__functions.c
[1.545s] -- Up-to-date: /home/urc/new-GUI/install/theora_webcams/include/theora_webcams/theora_webcams/srv/detail/get_exposure_bounds__struct.h
[1.545s] -- Up-to-date: /home/urc/new-GUI/install/theora_webcams/include/theora_webcams/theora_webcams/srv/detail/get_resolutions__functions.c
[1.545s] -- Up-to-date: /home/urc/new-GUI/install/theora_webcams/include/theora_webcams/theora_webcams/srv/detail/set_exposure__functions.c
[1.546s] -- Up-to-date: /home/urc/new-GUI/install/theora_webcams/include/theora_webcams/theora_webcams/srv/detail/get_exposure_bounds__type_support.h
[1.546s] -- Up-to-date: /home/urc/new-GUI/install/theora_webcams/include/theora_webcams/theora_webcams/srv/detail/set_exposure__struct.h
[1.546s] -- Up-to-date: /home/urc/new-GUI/install/theora_webcams/include/theora_webcams/theora_webcams/srv/detail/get_resolutions__struct.h
[1.546s] -- Up-to-date: /home/urc/new-GUI/install/theora_webcams/include/theora_webcams/theora_webcams/srv/detail/change_video__functions.h
[1.546s] -- Up-to-date: /home/urc/new-GUI/install/theora_webcams/include/theora_webcams/theora_webcams/srv/detail/set_exposure__type_support.h
[1.546s] -- Up-to-date: /home/urc/new-GUI/install/theora_webcams/include/theora_webcams/theora_webcams/srv/detail/change_video__struct.h
[1.546s] -- Up-to-date: /home/urc/new-GUI/install/theora_webcams/include/theora_webcams/theora_webcams/srv/detail/get_exposure_bounds__functions.c
[1.547s] -- Up-to-date: /home/urc/new-GUI/install/theora_webcams/include/theora_webcams/theora_webcams/srv/detail/set_exposure__functions.h
[1.547s] -- Up-to-date: /home/urc/new-GUI/install/theora_webcams/include/theora_webcams/theora_webcams/srv/detail/get_resolutions__functions.h
[1.547s] -- Up-to-date: /home/urc/new-GUI/install/theora_webcams/include/theora_webcams/theora_webcams/srv/detail/change_video__type_support.h
[1.547s] -- Up-to-date: /home/urc/new-GUI/install/theora_webcams/include/theora_webcams/theora_webcams/srv/set_exposure.h
[1.547s] -- Up-to-date: /home/urc/new-GUI/install/theora_webcams/share/theora_webcams/environment/library_path.sh
[1.547s] -- Up-to-date: /home/urc/new-GUI/install/theora_webcams/share/theora_webcams/environment/library_path.dsv
[1.548s] -- Up-to-date: /home/urc/new-GUI/install/theora_webcams/lib/libtheora_webcams__rosidl_generator_c.so
[1.548s] -- Up-to-date: /home/urc/new-GUI/install/theora_webcams/include/theora_webcams/theora_webcams
[1.548s] -- Up-to-date: /home/urc/new-GUI/install/theora_webcams/include/theora_webcams/theora_webcams/msg
[1.549s] -- Up-to-date: /home/urc/new-GUI/install/theora_webcams/include/theora_webcams/theora_webcams/msg/rosidl_typesupport_fastrtps_c__visibility_control.h
[1.549s] -- Up-to-date: /home/urc/new-GUI/install/theora_webcams/include/theora_webcams/theora_webcams/msg/detail
[1.549s] -- Up-to-date: /home/urc/new-GUI/install/theora_webcams/include/theora_webcams/theora_webcams/msg/detail/framerate__rosidl_typesupport_fastrtps_c.h
[1.549s] -- Up-to-date: /home/urc/new-GUI/install/theora_webcams/include/theora_webcams/theora_webcams/msg/detail/resolution__rosidl_typesupport_fastrtps_c.h
[1.549s] -- Up-to-date: /home/urc/new-GUI/install/theora_webcams/include/theora_webcams/theora_webcams/msg/detail/video_format__rosidl_typesupport_fastrtps_c.h
[1.549s] -- Up-to-date: /home/urc/new-GUI/install/theora_webcams/include/theora_webcams/theora_webcams/msg/detail/video_format_list__rosidl_typesupport_fastrtps_c.h
[1.550s] -- Up-to-date: /home/urc/new-GUI/install/theora_webcams/include/theora_webcams/theora_webcams/msg/detail/status__rosidl_typesupport_fastrtps_c.h
[1.550s] -- Up-to-date: /home/urc/new-GUI/install/theora_webcams/include/theora_webcams/theora_webcams/srv
[1.550s] -- Up-to-date: /home/urc/new-GUI/install/theora_webcams/include/theora_webcams/theora_webcams/srv/detail
[1.550s] -- Up-to-date: /home/urc/new-GUI/install/theora_webcams/include/theora_webcams/theora_webcams/srv/detail/get_exposure_bounds__rosidl_typesupport_fastrtps_c.h
[1.551s] -- Up-to-date: /home/urc/new-GUI/install/theora_webcams/include/theora_webcams/theora_webcams/srv/detail/change_video__rosidl_typesupport_fastrtps_c.h
[1.551s] -- Up-to-date: /home/urc/new-GUI/install/theora_webcams/include/theora_webcams/theora_webcams/srv/detail/get_resolutions__rosidl_typesupport_fastrtps_c.h
[1.551s] -- Up-to-date: /home/urc/new-GUI/install/theora_webcams/include/theora_webcams/theora_webcams/srv/detail/set_exposure__rosidl_typesupport_fastrtps_c.h
[1.551s] -- Up-to-date: /home/urc/new-GUI/install/theora_webcams/lib/libtheora_webcams__rosidl_typesupport_fastrtps_c.so
[1.552s] -- Up-to-date: /home/urc/new-GUI/install/theora_webcams/include/theora_webcams/theora_webcams
[1.552s] -- Up-to-date: /home/urc/new-GUI/install/theora_webcams/include/theora_webcams/theora_webcams/msg
[1.552s] -- Up-to-date: /home/urc/new-GUI/install/theora_webcams/include/theora_webcams/theora_webcams/msg/rosidl_typesupport_introspection_c__visibility_control.h
[1.552s] -- Up-to-date: /home/urc/new-GUI/install/theora_webcams/include/theora_webcams/theora_webcams/msg/detail
[1.552s] -- Up-to-date: /home/urc/new-GUI/install/theora_webcams/include/theora_webcams/theora_webcams/msg/detail/resolution__rosidl_typesupport_introspection_c.h
[1.553s] -- Up-to-date: /home/urc/new-GUI/install/theora_webcams/include/theora_webcams/theora_webcams/msg/detail/framerate__rosidl_typesupport_introspection_c.h
[1.553s] -- Up-to-date: /home/urc/new-GUI/install/theora_webcams/include/theora_webcams/theora_webcams/msg/detail/video_format_list__type_support.c
[1.553s] -- Up-to-date: /home/urc/new-GUI/install/theora_webcams/include/theora_webcams/theora_webcams/msg/detail/video_format__rosidl_typesupport_introspection_c.h
[1.553s] -- Up-to-date: /home/urc/new-GUI/install/theora_webcams/include/theora_webcams/theora_webcams/msg/detail/video_format__type_support.c
[1.553s] -- Up-to-date: /home/urc/new-GUI/install/theora_webcams/include/theora_webcams/theora_webcams/msg/detail/status__rosidl_typesupport_introspection_c.h
[1.554s] -- Up-to-date: /home/urc/new-GUI/install/theora_webcams/include/theora_webcams/theora_webcams/msg/detail/framerate__type_support.c
[1.554s] -- Up-to-date: /home/urc/new-GUI/install/theora_webcams/include/theora_webcams/theora_webcams/msg/detail/video_format_list__rosidl_typesupport_introspection_c.h
[1.554s] -- Up-to-date: /home/urc/new-GUI/install/theora_webcams/include/theora_webcams/theora_webcams/msg/detail/status__type_support.c
[1.554s] -- Up-to-date: /home/urc/new-GUI/install/theora_webcams/include/theora_webcams/theora_webcams/msg/detail/resolution__type_support.c
[1.554s] -- Up-to-date: /home/urc/new-GUI/install/theora_webcams/include/theora_webcams/theora_webcams/srv
[1.555s] -- Up-to-date: /home/urc/new-GUI/install/theora_webcams/include/theora_webcams/theora_webcams/srv/detail
[1.555s] -- Up-to-date: /home/urc/new-GUI/install/theora_webcams/include/theora_webcams/theora_webcams/srv/detail/get_exposure_bounds__rosidl_typesupport_introspection_c.h
[1.555s] -- Up-to-date: /home/urc/new-GUI/install/theora_webcams/include/theora_webcams/theora_webcams/srv/detail/get_resolutions__rosidl_typesupport_introspection_c.h
[1.555s] -- Up-to-date: /home/urc/new-GUI/install/theora_webcams/include/theora_webcams/theora_webcams/srv/detail/set_exposure__type_support.c
[1.555s] -- Up-to-date: /home/urc/new-GUI/install/theora_webcams/include/theora_webcams/theora_webcams/srv/detail/set_exposure__rosidl_typesupport_introspection_c.h
[1.555s] -- Up-to-date: /home/urc/new-GUI/install/theora_webcams/include/theora_webcams/theora_webcams/srv/detail/change_video__rosidl_typesupport_introspection_c.h
[1.555s] -- Up-to-date: /home/urc/new-GUI/install/theora_webcams/include/theora_webcams/theora_webcams/srv/detail/get_exposure_bounds__type_support.c
[1.555s] -- Up-to-date: /home/urc/new-GUI/install/theora_webcams/include/theora_webcams/theora_webcams/srv/detail/get_resolutions__type_support.c
[1.561s] -- Up-to-date: /home/urc/new-GUI/install/theora_webcams/include/theora_webcams/theora_webcams/srv/detail/change_video__type_support.c
[1.562s] -- Up-to-date: /home/urc/new-GUI/install/theora_webcams/lib/libtheora_webcams__rosidl_typesupport_introspection_c.so
[1.562s] -- Up-to-date: /home/urc/new-GUI/install/theora_webcams/lib/libtheora_webcams__rosidl_typesupport_c.so
[1.562s] -- Up-to-date: /home/urc/new-GUI/install/theora_webcams/include/theora_webcams/theora_webcams
[1.563s] -- Up-to-date: /home/urc/new-GUI/install/theora_webcams/include/theora_webcams/theora_webcams/msg
[1.563s] -- Up-to-date: /home/urc/new-GUI/install/theora_webcams/include/theora_webcams/theora_webcams/msg/video_format.hpp
[1.563s] -- Up-to-date: /home/urc/new-GUI/install/theora_webcams/include/theora_webcams/theora_webcams/msg/video_format_list.hpp
[1.563s] -- Up-to-date: /home/urc/new-GUI/install/theora_webcams/include/theora_webcams/theora_webcams/msg/resolution.hpp
[1.563s] -- Up-to-date: /home/urc/new-GUI/install/theora_webcams/include/theora_webcams/theora_webcams/msg/status.hpp
[1.563s] -- Up-to-date: /home/urc/new-GUI/install/theora_webcams/include/theora_webcams/theora_webcams/msg/detail
[1.563s] -- Up-to-date: /home/urc/new-GUI/install/theora_webcams/include/theora_webcams/theora_webcams/msg/detail/video_format__struct.hpp
[1.563s] -- Up-to-date: /home/urc/new-GUI/install/theora_webcams/include/theora_webcams/theora_webcams/msg/detail/framerate__struct.hpp
[1.564s] -- Up-to-date: /home/urc/new-GUI/install/theora_webcams/include/theora_webcams/theora_webcams/msg/detail/resolution__traits.hpp
[1.564s] -- Up-to-date: /home/urc/new-GUI/install/theora_webcams/include/theora_webcams/theora_webcams/msg/detail/video_format_list__builder.hpp
[1.564s] -- Up-to-date: /home/urc/new-GUI/install/theora_webcams/include/theora_webcams/theora_webcams/msg/detail/framerate__traits.hpp
[1.564s] -- Up-to-date: /home/urc/new-GUI/install/theora_webcams/include/theora_webcams/theora_webcams/msg/detail/status__struct.hpp
[1.564s] -- Up-to-date: /home/urc/new-GUI/install/theora_webcams/include/theora_webcams/theora_webcams/msg/detail/video_format_list__struct.hpp
[1.564s] -- Up-to-date: /home/urc/new-GUI/install/theora_webcams/include/theora_webcams/theora_webcams/msg/detail/framerate__builder.hpp
[1.564s] -- Up-to-date: /home/urc/new-GUI/install/theora_webcams/include/theora_webcams/theora_webcams/msg/detail/resolution__struct.hpp
[1.564s] -- Up-to-date: /home/urc/new-GUI/install/theora_webcams/include/theora_webcams/theora_webcams/msg/detail/status__builder.hpp
[1.564s] -- Up-to-date: /home/urc/new-GUI/install/theora_webcams/include/theora_webcams/theora_webcams/msg/detail/resolution__builder.hpp
[1.564s] -- Up-to-date: /home/urc/new-GUI/install/theora_webcams/include/theora_webcams/theora_webcams/msg/detail/video_format__builder.hpp
[1.565s] -- Up-to-date: /home/urc/new-GUI/install/theora_webcams/include/theora_webcams/theora_webcams/msg/detail/video_format_list__traits.hpp
[1.565s] -- Up-to-date: /home/urc/new-GUI/install/theora_webcams/include/theora_webcams/theora_webcams/msg/detail/video_format__traits.hpp
[1.565s] -- Up-to-date: /home/urc/new-GUI/install/theora_webcams/include/theora_webcams/theora_webcams/msg/detail/status__traits.hpp
[1.565s] -- Up-to-date: /home/urc/new-GUI/install/theora_webcams/include/theora_webcams/theora_webcams/msg/framerate.hpp
[1.565s] -- Up-to-date: /home/urc/new-GUI/install/theora_webcams/include/theora_webcams/theora_webcams/srv
[1.565s] -- Up-to-date: /home/urc/new-GUI/install/theora_webcams/include/theora_webcams/theora_webcams/srv/get_resolutions.hpp
[1.565s] -- Up-to-date: /home/urc/new-GUI/install/theora_webcams/include/theora_webcams/theora_webcams/srv/set_exposure.hpp
[1.566s] -- Up-to-date: /home/urc/new-GUI/install/theora_webcams/include/theora_webcams/theora_webcams/srv/detail
[1.566s] -- Up-to-date: /home/urc/new-GUI/install/theora_webcams/include/theora_webcams/theora_webcams/srv/detail/set_exposure__struct.hpp
[1.566s] -- Up-to-date: /home/urc/new-GUI/install/theora_webcams/include/theora_webcams/theora_webcams/srv/detail/get_exposure_bounds__traits.hpp
[1.566s] -- Up-to-date: /home/urc/new-GUI/install/theora_webcams/include/theora_webcams/theora_webcams/srv/detail/get_exposure_bounds__builder.hpp
[1.566s] -- Up-to-date: /home/urc/new-GUI/install/theora_webcams/include/theora_webcams/theora_webcams/srv/detail/change_video__struct.hpp
[1.566s] -- Up-to-date: /home/urc/new-GUI/install/theora_webcams/include/theora_webcams/theora_webcams/srv/detail/change_video__builder.hpp
[1.566s] -- Up-to-date: /home/urc/new-GUI/install/theora_webcams/include/theora_webcams/theora_webcams/srv/detail/get_resolutions__builder.hpp
[1.566s] -- Up-to-date: /home/urc/new-GUI/install/theora_webcams/include/theora_webcams/theora_webcams/srv/detail/get_resolutions__traits.hpp
[1.567s] -- Up-to-date: /home/urc/new-GUI/install/theora_webcams/include/theora_webcams/theora_webcams/srv/detail/set_exposure__builder.hpp
[1.567s] -- Up-to-date: /home/urc/new-GUI/install/theora_webcams/include/theora_webcams/theora_webcams/srv/detail/set_exposure__traits.hpp
[1.567s] -- Up-to-date: /home/urc/new-GUI/install/theora_webcams/include/theora_webcams/theora_webcams/srv/detail/change_video__traits.hpp
[1.567s] -- Up-to-date: /home/urc/new-GUI/install/theora_webcams/include/theora_webcams/theora_webcams/srv/detail/get_exposure_bounds__struct.hpp
[1.567s] -- Up-to-date: /home/urc/new-GUI/install/theora_webcams/include/theora_webcams/theora_webcams/srv/detail/get_resolutions__struct.hpp
[1.567s] -- Up-to-date: /home/urc/new-GUI/install/theora_webcams/include/theora_webcams/theora_webcams/srv/change_video.hpp
[1.567s] -- Up-to-date: /home/urc/new-GUI/install/theora_webcams/include/theora_webcams/theora_webcams/srv/get_exposure_bounds.hpp
[1.567s] -- Up-to-date: /home/urc/new-GUI/install/theora_webcams/include/theora_webcams/theora_webcams
[1.567s] -- Up-to-date: /home/urc/new-GUI/install/theora_webcams/include/theora_webcams/theora_webcams/msg
[1.567s] -- Up-to-date: /home/urc/new-GUI/install/theora_webcams/include/theora_webcams/theora_webcams/msg/rosidl_typesupport_fastrtps_cpp__visibility_control.h
[1.568s] -- Up-to-date: /home/urc/new-GUI/install/theora_webcams/include/theora_webcams/theora_webcams/msg/detail
[1.570s] -- Up-to-date: /home/urc/new-GUI/install/theora_webcams/include/theora_webcams/theora_webcams/msg/detail/framerate__rosidl_typesupport_fastrtps_cpp.hpp
[1.570s] -- Up-to-date: /home/urc/new-GUI/install/theora_webcams/include/theora_webcams/theora_webcams/msg/detail/resolution__rosidl_typesupport_fastrtps_cpp.hpp
[1.570s] -- Up-to-date: /home/urc/new-GUI/install/theora_webcams/include/theora_webcams/theora_webcams/msg/detail/status__rosidl_typesupport_fastrtps_cpp.hpp
[1.570s] -- Up-to-date: /home/urc/new-GUI/install/theora_webcams/include/theora_webcams/theora_webcams/msg/detail/video_format__rosidl_typesupport_fastrtps_cpp.hpp
[1.570s] -- Up-to-date: /home/urc/new-GUI/install/theora_webcams/include/theora_webcams/theora_webcams/msg/detail/video_format_list__rosidl_typesupport_fastrtps_cpp.hpp
[1.570s] -- Up-to-date: /home/urc/new-GUI/install/theora_webcams/include/theora_webcams/theora_webcams/msg/detail/dds_fastrtps
[1.570s] -- Up-to-date: /home/urc/new-GUI/install/theora_webcams/include/theora_webcams/theora_webcams/srv
[1.570s] -- Up-to-date: /home/urc/new-GUI/install/theora_webcams/include/theora_webcams/theora_webcams/srv/detail
[1.570s] -- Up-to-date: /home/urc/new-GUI/install/theora_webcams/include/theora_webcams/theora_webcams/srv/detail/set_exposure__rosidl_typesupport_fastrtps_cpp.hpp
[1.570s] -- Up-to-date: /home/urc/new-GUI/install/theora_webcams/include/theora_webcams/theora_webcams/srv/detail/change_video__rosidl_typesupport_fastrtps_cpp.hpp
[1.570s] -- Up-to-date: /home/urc/new-GUI/install/theora_webcams/include/theora_webcams/theora_webcams/srv/detail/get_exposure_bounds__rosidl_typesupport_fastrtps_cpp.hpp
[1.571s] -- Up-to-date: /home/urc/new-GUI/install/theora_webcams/include/theora_webcams/theora_webcams/srv/detail/get_resolutions__rosidl_typesupport_fastrtps_cpp.hpp
[1.571s] -- Up-to-date: /home/urc/new-GUI/install/theora_webcams/include/theora_webcams/theora_webcams/srv/detail/dds_fastrtps
[1.571s] -- Up-to-date: /home/urc/new-GUI/install/theora_webcams/lib/libtheora_webcams__rosidl_typesupport_fastrtps_cpp.so
[1.571s] -- Up-to-date: /home/urc/new-GUI/install/theora_webcams/include/theora_webcams/theora_webcams
[1.571s] -- Up-to-date: /home/urc/new-GUI/install/theora_webcams/include/theora_webcams/theora_webcams/msg
[1.571s] -- Up-to-date: /home/urc/new-GUI/install/theora_webcams/include/theora_webcams/theora_webcams/msg/detail
[1.571s] -- Up-to-date: /home/urc/new-GUI/install/theora_webcams/include/theora_webcams/theora_webcams/msg/detail/resolution__rosidl_typesupport_introspection_cpp.hpp
[1.571s] -- Up-to-date: /home/urc/new-GUI/install/theora_webcams/include/theora_webcams/theora_webcams/msg/detail/status__rosidl_typesupport_introspection_cpp.hpp
[1.571s] -- Up-to-date: /home/urc/new-GUI/install/theora_webcams/include/theora_webcams/theora_webcams/msg/detail/video_format__rosidl_typesupport_introspection_cpp.hpp
[1.571s] -- Up-to-date: /home/urc/new-GUI/install/theora_webcams/include/theora_webcams/theora_webcams/msg/detail/framerate__rosidl_typesupport_introspection_cpp.hpp
[1.572s] -- Up-to-date: /home/urc/new-GUI/install/theora_webcams/include/theora_webcams/theora_webcams/msg/detail/video_format_list__rosidl_typesupport_introspection_cpp.hpp
[1.572s] -- Up-to-date: /home/urc/new-GUI/install/theora_webcams/include/theora_webcams/theora_webcams/msg/detail/resolution__type_support.cpp
[1.572s] -- Up-to-date: /home/urc/new-GUI/install/theora_webcams/include/theora_webcams/theora_webcams/msg/detail/video_format__type_support.cpp
[1.572s] -- Up-to-date: /home/urc/new-GUI/install/theora_webcams/include/theora_webcams/theora_webcams/msg/detail/status__type_support.cpp
[1.572s] -- Up-to-date: /home/urc/new-GUI/install/theora_webcams/include/theora_webcams/theora_webcams/msg/detail/framerate__type_support.cpp
[1.572s] -- Up-to-date: /home/urc/new-GUI/install/theora_webcams/include/theora_webcams/theora_webcams/msg/detail/video_format_list__type_support.cpp
[1.572s] -- Up-to-date: /home/urc/new-GUI/install/theora_webcams/include/theora_webcams/theora_webcams/srv
[1.572s] -- Up-to-date: /home/urc/new-GUI/install/theora_webcams/include/theora_webcams/theora_webcams/srv/detail
[1.572s] -- Up-to-date: /home/urc/new-GUI/install/theora_webcams/include/theora_webcams/theora_webcams/srv/detail/get_resolutions__rosidl_typesupport_introspection_cpp.hpp
[1.572s] -- Up-to-date: /home/urc/new-GUI/install/theora_webcams/include/theora_webcams/theora_webcams/srv/detail/get_exposure_bounds__rosidl_typesupport_introspection_cpp.hpp
[1.572s] -- Up-to-date: /home/urc/new-GUI/install/theora_webcams/include/theora_webcams/theora_webcams/srv/detail/change_video__type_support.cpp
[1.572s] -- Up-to-date: /home/urc/new-GUI/install/theora_webcams/include/theora_webcams/theora_webcams/srv/detail/get_resolutions__type_support.cpp
[1.573s] -- Up-to-date: /home/urc/new-GUI/install/theora_webcams/include/theora_webcams/theora_webcams/srv/detail/get_exposure_bounds__type_support.cpp
[1.573s] -- Up-to-date: /home/urc/new-GUI/install/theora_webcams/include/theora_webcams/theora_webcams/srv/detail/set_exposure__rosidl_typesupport_introspection_cpp.hpp
[1.573s] -- Up-to-date: /home/urc/new-GUI/install/theora_webcams/include/theora_webcams/theora_webcams/srv/detail/change_video__rosidl_typesupport_introspection_cpp.hpp
[1.573s] -- Up-to-date: /home/urc/new-GUI/install/theora_webcams/include/theora_webcams/theora_webcams/srv/detail/set_exposure__type_support.cpp
[1.573s] -- Up-to-date: /home/urc/new-GUI/install/theora_webcams/lib/libtheora_webcams__rosidl_typesupport_introspection_cpp.so
[1.573s] -- Up-to-date: /home/urc/new-GUI/install/theora_webcams/lib/libtheora_webcams__rosidl_typesupport_cpp.so
[1.573s] -- Up-to-date: /home/urc/new-GUI/install/theora_webcams/share/theora_webcams/environment/pythonpath.sh
[1.573s] -- Up-to-date: /home/urc/new-GUI/install/theora_webcams/share/theora_webcams/environment/pythonpath.dsv
[1.573s] -- Up-to-date: /home/urc/new-GUI/install/theora_webcams/local/lib/python3.10/dist-packages/theora_webcams-0.0.0-py3.10.egg-info
[1.573s] -- Installing: /home/urc/new-GUI/install/theora_webcams/local/lib/python3.10/dist-packages/theora_webcams-0.0.0-py3.10.egg-info/PKG-INFO
[1.574s] -- Installing: /home/urc/new-GUI/install/theora_webcams/local/lib/python3.10/dist-packages/theora_webcams-0.0.0-py3.10.egg-info/dependency_links.txt
[1.574s] -- Installing: /home/urc/new-GUI/install/theora_webcams/local/lib/python3.10/dist-packages/theora_webcams-0.0.0-py3.10.egg-info/top_level.txt
[1.574s] -- Installing: /home/urc/new-GUI/install/theora_webcams/local/lib/python3.10/dist-packages/theora_webcams-0.0.0-py3.10.egg-info/SOURCES.txt
[1.574s] -- Up-to-date: /home/urc/new-GUI/install/theora_webcams/local/lib/python3.10/dist-packages/theora_webcams
[1.574s] -- Up-to-date: /home/urc/new-GUI/install/theora_webcams/local/lib/python3.10/dist-packages/theora_webcams/_theora_webcams_s.ep.rosidl_typesupport_fastrtps_c.c
[1.575s] -- Up-to-date: /home/urc/new-GUI/install/theora_webcams/local/lib/python3.10/dist-packages/theora_webcams/msg
[1.575s] -- Up-to-date: /home/urc/new-GUI/install/theora_webcams/local/lib/python3.10/dist-packages/theora_webcams/msg/_resolution.py
[1.575s] -- Up-to-date: /home/urc/new-GUI/install/theora_webcams/local/lib/python3.10/dist-packages/theora_webcams/msg/_resolution_s.c
[1.575s] -- Up-to-date: /home/urc/new-GUI/install/theora_webcams/local/lib/python3.10/dist-packages/theora_webcams/msg/_status.py
[1.575s] -- Up-to-date: /home/urc/new-GUI/install/theora_webcams/local/lib/python3.10/dist-packages/theora_webcams/msg/_video_format_s.c
[1.575s] -- Up-to-date: /home/urc/new-GUI/install/theora_webcams/local/lib/python3.10/dist-packages/theora_webcams/msg/__init__.py
[1.575s] -- Up-to-date: /home/urc/new-GUI/install/theora_webcams/local/lib/python3.10/dist-packages/theora_webcams/msg/_video_format_list.py
[1.575s] -- Up-to-date: /home/urc/new-GUI/install/theora_webcams/local/lib/python3.10/dist-packages/theora_webcams/msg/_video_format.py
[1.575s] -- Up-to-date: /home/urc/new-GUI/install/theora_webcams/local/lib/python3.10/dist-packages/theora_webcams/msg/_framerate_s.c
[1.576s] -- Up-to-date: /home/urc/new-GUI/install/theora_webcams/local/lib/python3.10/dist-packages/theora_webcams/msg/_status_s.c
[1.576s] -- Up-to-date: /home/urc/new-GUI/install/theora_webcams/local/lib/python3.10/dist-packages/theora_webcams/msg/_video_format_list_s.c
[1.576s] -- Up-to-date: /home/urc/new-GUI/install/theora_webcams/local/lib/python3.10/dist-packages/theora_webcams/msg/_framerate.py
[1.578s] -- Up-to-date: /home/urc/new-GUI/install/theora_webcams/local/lib/python3.10/dist-packages/theora_webcams/theora_webcams_s__rosidl_typesupport_c.cpython-310-x86_64-linux-gnu.so
[1.578s] -- Up-to-date: /home/urc/new-GUI/install/theora_webcams/local/lib/python3.10/dist-packages/theora_webcams/__init__.py
[1.579s] -- Up-to-date: /home/urc/new-GUI/install/theora_webcams/local/lib/python3.10/dist-packages/theora_webcams/_theora_webcams_s.ep.rosidl_typesupport_c.c
[1.579s] -- Up-to-date: /home/urc/new-GUI/install/theora_webcams/local/lib/python3.10/dist-packages/theora_webcams/libtheora_webcams__rosidl_generator_py.so
[1.579s] -- Up-to-date: /home/urc/new-GUI/install/theora_webcams/local/lib/python3.10/dist-packages/theora_webcams/theora_webcams_s__rosidl_typesupport_fastrtps_c.cpython-310-x86_64-linux-gnu.so
[1.579s] -- Up-to-date: /home/urc/new-GUI/install/theora_webcams/local/lib/python3.10/dist-packages/theora_webcams/srv
[1.580s] -- Up-to-date: /home/urc/new-GUI/install/theora_webcams/local/lib/python3.10/dist-packages/theora_webcams/srv/_get_exposure_bounds.py
[1.580s] -- Up-to-date: /home/urc/new-GUI/install/theora_webcams/local/lib/python3.10/dist-packages/theora_webcams/srv/_get_exposure_bounds_s.c
[1.581s] -- Up-to-date: /home/urc/new-GUI/install/theora_webcams/local/lib/python3.10/dist-packages/theora_webcams/srv/_change_video_s.c
[1.581s] -- Up-to-date: /home/urc/new-GUI/install/theora_webcams/local/lib/python3.10/dist-packages/theora_webcams/srv/_set_exposure.py
[1.581s] -- Up-to-date: /home/urc/new-GUI/install/theora_webcams/local/lib/python3.10/dist-packages/theora_webcams/srv/_get_resolutions.py
[1.581s] -- Up-to-date: /home/urc/new-GUI/install/theora_webcams/local/lib/python3.10/dist-packages/theora_webcams/srv/_change_video.py
[1.581s] -- Up-to-date: /home/urc/new-GUI/install/theora_webcams/local/lib/python3.10/dist-packages/theora_webcams/srv/_get_resolutions_s.c
[1.581s] -- Up-to-date: /home/urc/new-GUI/install/theora_webcams/local/lib/python3.10/dist-packages/theora_webcams/srv/__init__.py
[1.581s] -- Up-to-date: /home/urc/new-GUI/install/theora_webcams/local/lib/python3.10/dist-packages/theora_webcams/srv/_set_exposure_s.c
[1.581s] -- Up-to-date: /home/urc/new-GUI/install/theora_webcams/local/lib/python3.10/dist-packages/theora_webcams/_theora_webcams_s.ep.rosidl_typesupport_introspection_c.c
[1.581s] -- Up-to-date: /home/urc/new-GUI/install/theora_webcams/local/lib/python3.10/dist-packages/theora_webcams/theora_webcams_s__rosidl_typesupport_introspection_c.cpython-310-x86_64-linux-gnu.so
[1.718s] Listing '/home/urc/new-GUI/install/theora_webcams/local/lib/python3.10/dist-packages/theora_webcams'...
[1.718s] Listing '/home/urc/new-GUI/install/theora_webcams/local/lib/python3.10/dist-packages/theora_webcams/msg'...
[1.718s] Listing '/home/urc/new-GUI/install/theora_webcams/local/lib/python3.10/dist-packages/theora_webcams/srv'...
[1.727s] -- Up-to-date: /home/urc/new-GUI/install/theora_webcams/local/lib/python3.10/dist-packages/theora_webcams/theora_webcams_s__rosidl_typesupport_fastrtps_c.cpython-310-x86_64-linux-gnu.so
[1.728s] -- Up-to-date: /home/urc/new-GUI/install/theora_webcams/local/lib/python3.10/dist-packages/theora_webcams/theora_webcams_s__rosidl_typesupport_introspection_c.cpython-310-x86_64-linux-gnu.so
[1.728s] -- Up-to-date: /home/urc/new-GUI/install/theora_webcams/local/lib/python3.10/dist-packages/theora_webcams/theora_webcams_s__rosidl_typesupport_c.cpython-310-x86_64-linux-gnu.so
[1.728s] -- Up-to-date: /home/urc/new-GUI/install/theora_webcams/lib/libtheora_webcams__rosidl_generator_py.so
[1.728s] -- Up-to-date: /home/urc/new-GUI/install/theora_webcams/share/theora_webcams/msg/Framerate.idl
[1.728s] -- Up-to-date: /home/urc/new-GUI/install/theora_webcams/share/theora_webcams/msg/Resolution.idl
[1.728s] -- Up-to-date: /home/urc/new-GUI/install/theora_webcams/share/theora_webcams/msg/Status.idl
[1.729s] -- Up-to-date: /home/urc/new-GUI/install/theora_webcams/share/theora_webcams/msg/VideoFormat.idl
[1.729s] -- Up-to-date: /home/urc/new-GUI/install/theora_webcams/share/theora_webcams/msg/VideoFormatList.idl
[1.729s] -- Up-to-date: /home/urc/new-GUI/install/theora_webcams/share/theora_webcams/srv/ChangeVideo.idl
[1.729s] -- Up-to-date: /home/urc/new-GUI/install/theora_webcams/share/theora_webcams/srv/GetExposureBounds.idl
[1.729s] -- Up-to-date: /home/urc/new-GUI/install/theora_webcams/share/theora_webcams/srv/GetResolutions.idl
[1.729s] -- Up-to-date: /home/urc/new-GUI/install/theora_webcams/share/theora_webcams/srv/SetExposure.idl
[1.730s] -- Up-to-date: /home/urc/new-GUI/install/theora_webcams/share/theora_webcams/msg/Framerate.msg
[1.730s] -- Up-to-date: /home/urc/new-GUI/install/theora_webcams/share/theora_webcams/msg/Resolution.msg
[1.731s] -- Up-to-date: /home/urc/new-GUI/install/theora_webcams/share/theora_webcams/msg/Status.msg
[1.732s] -- Up-to-date: /home/urc/new-GUI/install/theora_webcams/share/theora_webcams/msg/VideoFormat.msg
[1.732s] -- Up-to-date: /home/urc/new-GUI/install/theora_webcams/share/theora_webcams/msg/VideoFormatList.msg
[1.732s] -- Up-to-date: /home/urc/new-GUI/install/theora_webcams/share/theora_webcams/srv/ChangeVideo.srv
[1.732s] -- Up-to-date: /home/urc/new-GUI/install/theora_webcams/share/theora_webcams/srv/ChangeVideo_Request.msg
[1.732s] -- Up-to-date: /home/urc/new-GUI/install/theora_webcams/share/theora_webcams/srv/ChangeVideo_Response.msg
[1.732s] -- Up-to-date: /home/urc/new-GUI/install/theora_webcams/share/theora_webcams/srv/GetExposureBounds.srv
[1.733s] -- Up-to-date: /home/urc/new-GUI/install/theora_webcams/share/theora_webcams/srv/GetExposureBounds_Request.msg
[1.733s] -- Up-to-date: /home/urc/new-GUI/install/theora_webcams/share/theora_webcams/srv/GetExposureBounds_Response.msg
[1.733s] -- Up-to-date: /home/urc/new-GUI/install/theora_webcams/share/theora_webcams/srv/GetResolutions.srv
[1.733s] -- Up-to-date: /home/urc/new-GUI/install/theora_webcams/share/theora_webcams/srv/GetResolutions_Request.msg
[1.733s] -- Up-to-date: /home/urc/new-GUI/install/theora_webcams/share/theora_webcams/srv/GetResolutions_Response.msg
[1.733s] -- Up-to-date: /home/urc/new-GUI/install/theora_webcams/share/theora_webcams/srv/SetExposure.srv
[1.733s] -- Up-to-date: /home/urc/new-GUI/install/theora_webcams/share/theora_webcams/srv/SetExposure_Request.msg
[1.734s] -- Up-to-date: /home/urc/new-GUI/install/theora_webcams/share/theora_webcams/srv/SetExposure_Response.msg
[1.734s] -- Up-to-date: /home/urc/new-GUI/install/theora_webcams/share/ament_index/resource_index/package_run_dependencies/theora_webcams
[1.734s] -- Up-to-date: /home/urc/new-GUI/install/theora_webcams/share/ament_index/resource_index/parent_prefix_path/theora_webcams
[1.734s] -- Up-to-date: /home/urc/new-GUI/install/theora_webcams/share/theora_webcams/environment/ament_prefix_path.sh
[1.734s] -- Up-to-date: /home/urc/new-GUI/install/theora_webcams/share/theora_webcams/environment/ament_prefix_path.dsv
[1.734s] -- Up-to-date: /home/urc/new-GUI/install/theora_webcams/share/theora_webcams/environment/path.sh
[1.734s] -- Up-to-date: /home/urc/new-GUI/install/theora_webcams/share/theora_webcams/environment/path.dsv
[1.734s] -- Up-to-date: /home/urc/new-GUI/install/theora_webcams/share/theora_webcams/local_setup.bash
[1.747s] -- Up-to-date: /home/urc/new-GUI/install/theora_webcams/share/theora_webcams/local_setup.sh
[1.748s] -- Up-to-date: /home/urc/new-GUI/install/theora_webcams/share/theora_webcams/local_setup.zsh
[1.748s] -- Up-to-date: /home/urc/new-GUI/install/theora_webcams/share/theora_webcams/local_setup.dsv
[1.748s] -- Installing: /home/urc/new-GUI/install/theora_webcams/share/theora_webcams/package.dsv
[1.748s] -- Up-to-date: /home/urc/new-GUI/install/theora_webcams/share/ament_index/resource_index/packages/theora_webcams
[1.748s] -- Up-to-date: /home/urc/new-GUI/install/theora_webcams/share/theora_webcams/cmake/export_theora_webcams__rosidl_generator_cExport.cmake
[1.750s] -- Up-to-date: /home/urc/new-GUI/install/theora_webcams/share/theora_webcams/cmake/export_theora_webcams__rosidl_generator_cExport-noconfig.cmake
[1.750s] -- Up-to-date: /home/urc/new-GUI/install/theora_webcams/share/theora_webcams/cmake/export_theora_webcams__rosidl_typesupport_fastrtps_cExport.cmake
[1.751s] -- Up-to-date: /home/urc/new-GUI/install/theora_webcams/share/theora_webcams/cmake/export_theora_webcams__rosidl_typesupport_fastrtps_cExport-noconfig.cmake
[1.751s] -- Up-to-date: /home/urc/new-GUI/install/theora_webcams/share/theora_webcams/cmake/theora_webcams__rosidl_typesupport_introspection_cExport.cmake
[1.751s] -- Up-to-date: /home/urc/new-GUI/install/theora_webcams/share/theora_webcams/cmake/theora_webcams__rosidl_typesupport_introspection_cExport-noconfig.cmake
[1.751s] -- Up-to-date: /home/urc/new-GUI/install/theora_webcams/share/theora_webcams/cmake/theora_webcams__rosidl_typesupport_cExport.cmake
[1.751s] -- Up-to-date: /home/urc/new-GUI/install/theora_webcams/share/theora_webcams/cmake/theora_webcams__rosidl_typesupport_cExport-noconfig.cmake
[1.751s] -- Up-to-date: /home/urc/new-GUI/install/theora_webcams/share/theora_webcams/cmake/export_theora_webcams__rosidl_generator_cppExport.cmake
[1.751s] -- Up-to-date: /home/urc/new-GUI/install/theora_webcams/share/theora_webcams/cmake/export_theora_webcams__rosidl_typesupport_fastrtps_cppExport.cmake
[1.752s] -- Up-to-date: /home/urc/new-GUI/install/theora_webcams/share/theora_webcams/cmake/export_theora_webcams__rosidl_typesupport_fastrtps_cppExport-noconfig.cmake
[1.752s] -- Up-to-date: /home/urc/new-GUI/install/theora_webcams/share/theora_webcams/cmake/theora_webcams__rosidl_typesupport_introspection_cppExport.cmake
[1.752s] -- Up-to-date: /home/urc/new-GUI/install/theora_webcams/share/theora_webcams/cmake/theora_webcams__rosidl_typesupport_introspection_cppExport-noconfig.cmake
[1.752s] -- Up-to-date: /home/urc/new-GUI/install/theora_webcams/share/theora_webcams/cmake/theora_webcams__rosidl_typesupport_cppExport.cmake
[1.752s] -- Up-to-date: /home/urc/new-GUI/install/theora_webcams/share/theora_webcams/cmake/theora_webcams__rosidl_typesupport_cppExport-noconfig.cmake
[1.752s] -- Up-to-date: /home/urc/new-GUI/install/theora_webcams/share/theora_webcams/cmake/export_theora_webcams__rosidl_generator_pyExport.cmake
[1.753s] -- Up-to-date: /home/urc/new-GUI/install/theora_webcams/share/theora_webcams/cmake/export_theora_webcams__rosidl_generator_pyExport-noconfig.cmake
[1.753s] -- Up-to-date: /home/urc/new-GUI/install/theora_webcams/share/theora_webcams/cmake/rosidl_cmake-extras.cmake
[1.753s] -- Up-to-date: /home/urc/new-GUI/install/theora_webcams/share/theora_webcams/cmake/ament_cmake_export_dependencies-extras.cmake
[1.753s] -- Up-to-date: /home/urc/new-GUI/install/theora_webcams/share/theora_webcams/cmake/ament_cmake_export_include_directories-extras.cmake
[1.754s] -- Up-to-date: /home/urc/new-GUI/install/theora_webcams/share/theora_webcams/cmake/ament_cmake_export_libraries-extras.cmake
[1.754s] -- Up-to-date: /home/urc/new-GUI/install/theora_webcams/share/theora_webcams/cmake/ament_cmake_export_targets-extras.cmake
[1.754s] -- Up-to-date: /home/urc/new-GUI/install/theora_webcams/share/theora_webcams/cmake/rosidl_cmake_export_typesupport_targets-extras.cmake
[1.754s] -- Up-to-date: /home/urc/new-GUI/install/theora_webcams/share/theora_webcams/cmake/rosidl_cmake_export_typesupport_libraries-extras.cmake
[1.754s] -- Up-to-date: /home/urc/new-GUI/install/theora_webcams/share/theora_webcams/cmake/theora_webcamsConfig.cmake
[1.754s] -- Up-to-date: /home/urc/new-GUI/install/theora_webcams/share/theora_webcams/cmake/theora_webcamsConfig-version.cmake
[1.755s] -- Up-to-date: /home/urc/new-GUI/install/theora_webcams/share/theora_webcams/package.xml
[1.865s] Invoked command in '/home/urc/new-GUI/build/theora_webcams' returned '0': CMAKE_PREFIX_PATH=${CMAKE_PREFIX_PATH}:/home/urc/new-GUI/install/gui_window:/opt/ros/humble /usr/bin/cmake --install /home/urc/new-GUI/build/theora_webcams
