[1.894s] Invoking command in '/home/urc/new-GUI/src/gui_window': CMAKE_PREFIX_PATH=/home/urc/new-GUI/install/theora_webcams:/home/urc/new-GUI/install/marker_interfacing:/home/urc/new-GUI/install/aruco_finder:/home/urc/new-GUI/install/rover_gui_lib:/home/urc/new-GUI/install/urc_gui_lib LD_LIBRARY_PATH=/home/urc/new-GUI/install/theora_webcams/lib:/home/urc/new-GUI/install/marker_interfacing/lib:/home/urc/new-GUI/install/aruco_finder/lib:/home/urc/new-GUI/install/rover_gui_lib/lib:/opt/ros/humble/opt/rviz_ogre_vendor/lib:/opt/ros/humble/lib/x86_64-linux-gnu:/opt/ros/humble/lib PYTHONPATH=/home/urc/new-GUI/build/gui_window/prefix_override:/home/urc/new-GUI/install/gui_window/lib/python3.10/site-packages:${PYTHONPATH} /usr/bin/python3 setup.py egg_info --egg-base ../../build/gui_window build --build-base /home/urc/new-GUI/build/gui_window/build install --record /home/urc/new-GUI/build/gui_window/install.log --single-version-externally-managed
[2.567s] running egg_info
[2.568s] writing ../../build/gui_window/gui_window.egg-info/PKG-INFO
[2.569s] writing dependency_links to ../../build/gui_window/gui_window.egg-info/dependency_links.txt
[2.569s] writing entry points to ../../build/gui_window/gui_window.egg-info/entry_points.txt
[2.570s] writing requirements to ../../build/gui_window/gui_window.egg-info/requires.txt
[2.570s] writing top-level names to ../../build/gui_window/gui_window.egg-info/top_level.txt
[2.577s] reading manifest file '../../build/gui_window/gui_window.egg-info/SOURCES.txt'
[2.584s] writing manifest file '../../build/gui_window/gui_window.egg-info/SOURCES.txt'
[2.584s] running build
[2.584s] running build_py
[2.588s] copying gui_window/urc_gui_common/tabs/map.py -> /home/urc/new-GUI/build/gui_window/build/lib/gui_window/urc_gui_common/tabs
[2.589s] copying gui_window/urc_gui_common/tabs/__init__.py -> /home/urc/new-GUI/build/gui_window/build/lib/gui_window/urc_gui_common/tabs
[2.594s] running install
[2.598s] running install_lib
[2.599s] copying /home/urc/new-GUI/build/gui_window/build/lib/gui_window/urc_gui_common/tabs/map.py -> /home/urc/new-GUI/install/gui_window/lib/python3.10/site-packages/gui_window/urc_gui_common/tabs
[2.599s] copying /home/urc/new-GUI/build/gui_window/build/lib/gui_window/urc_gui_common/tabs/__init__.py -> /home/urc/new-GUI/install/gui_window/lib/python3.10/site-packages/gui_window/urc_gui_common/tabs
[2.603s] byte-compiling /home/urc/new-GUI/install/gui_window/lib/python3.10/site-packages/gui_window/urc_gui_common/tabs/map.py to map.cpython-310.pyc
[2.611s] byte-compiling /home/urc/new-GUI/install/gui_window/lib/python3.10/site-packages/gui_window/urc_gui_common/tabs/__init__.py to __init__.cpython-310.pyc
[2.613s] running install_data
[2.615s] running install_egg_info
[2.617s] removing '/home/urc/new-GUI/install/gui_window/lib/python3.10/site-packages/gui_window-0.0.0-py3.10.egg-info' (and everything under it)
[2.618s] Copying ../../build/gui_window/gui_window.egg-info to /home/urc/new-GUI/install/gui_window/lib/python3.10/site-packages/gui_window-0.0.0-py3.10.egg-info
[2.619s] running install_scripts
[2.656s] Installing gui script to /home/urc/new-GUI/install/gui_window/lib/gui_window
[2.660s] writing list of installed files to '/home/urc/new-GUI/build/gui_window/install.log'
[2.719s] Invoked command in '/home/urc/new-GUI/src/gui_window' returned '0': CMAKE_PREFIX_PATH=/home/urc/new-GUI/install/theora_webcams:/home/urc/new-GUI/install/marker_interfacing:/home/urc/new-GUI/install/aruco_finder:/home/urc/new-GUI/install/rover_gui_lib:/home/urc/new-GUI/install/urc_gui_lib LD_LIBRARY_PATH=/home/urc/new-GUI/install/theora_webcams/lib:/home/urc/new-GUI/install/marker_interfacing/lib:/home/urc/new-GUI/install/aruco_finder/lib:/home/urc/new-GUI/install/rover_gui_lib/lib:/opt/ros/humble/opt/rviz_ogre_vendor/lib:/opt/ros/humble/lib/x86_64-linux-gnu:/opt/ros/humble/lib PYTHONPATH=/home/urc/new-GUI/build/gui_window/prefix_override:/home/urc/new-GUI/install/gui_window/lib/python3.10/site-packages:${PYTHONPATH} /usr/bin/python3 setup.py egg_info --egg-base ../../build/gui_window build --build-base /home/urc/new-GUI/build/gui_window/build install --record /home/urc/new-GUI/build/gui_window/install.log --single-version-externally-managed
