[1.231s] Invoking command in '/home/urc/new-GUI/src/gui_window': PYTHONPATH=/home/urc/new-GUI/build/gui_window/prefix_override:/home/urc/new-GUI/install/gui_window/lib/python3.10/site-packages:${PYTHONPATH} /usr/bin/python3 setup.py egg_info --egg-base ../../build/gui_window build --build-base /home/urc/new-GUI/build/gui_window/build install --record /home/urc/new-GUI/build/gui_window/install.log --single-version-externally-managed
[1.633s] running egg_info
[1.635s] writing ../../build/gui_window/gui_window.egg-info/PKG-INFO
[1.636s] writing dependency_links to ../../build/gui_window/gui_window.egg-info/dependency_links.txt
[1.637s] writing entry points to ../../build/gui_window/gui_window.egg-info/entry_points.txt
[1.637s] writing requirements to ../../build/gui_window/gui_window.egg-info/requires.txt
[1.637s] writing top-level names to ../../build/gui_window/gui_window.egg-info/top_level.txt
[1.640s] reading manifest file '../../build/gui_window/gui_window.egg-info/SOURCES.txt'
[1.642s] writing manifest file '../../build/gui_window/gui_window.egg-info/SOURCES.txt'
[1.643s] running build
[1.644s] running build_py
[1.644s] copying gui_window/current_display_widget.py -> /home/urc/new-GUI/build/gui_window/build/lib/gui_window
[1.648s] running install
[1.649s] running install_lib
[1.652s] copying /home/urc/new-GUI/build/gui_window/build/lib/gui_window/current_display_widget.py -> /home/urc/new-GUI/install/gui_window/lib/python3.10/site-packages/gui_window
[1.654s] byte-compiling /home/urc/new-GUI/install/gui_window/lib/python3.10/site-packages/gui_window/current_display_widget.py to current_display_widget.cpython-310.pyc
[1.655s] running install_data
[1.655s] running install_egg_info
[1.657s] removing '/home/urc/new-GUI/install/gui_window/lib/python3.10/site-packages/gui_window-0.0.0-py3.10.egg-info' (and everything under it)
[1.658s] Copying ../../build/gui_window/gui_window.egg-info to /home/urc/new-GUI/install/gui_window/lib/python3.10/site-packages/gui_window-0.0.0-py3.10.egg-info
[1.659s] running install_scripts
[1.686s] Installing gui script to /home/urc/new-GUI/install/gui_window/lib/gui_window
[1.689s] writing list of installed files to '/home/urc/new-GUI/build/gui_window/install.log'
[1.722s] Invoked command in '/home/urc/new-GUI/src/gui_window' returned '0': PYTHONPATH=/home/urc/new-GUI/build/gui_window/prefix_override:/home/urc/new-GUI/install/gui_window/lib/python3.10/site-packages:${PYTHONPATH} /usr/bin/python3 setup.py egg_info --egg-base ../../build/gui_window build --build-base /home/urc/new-GUI/build/gui_window/build install --record /home/urc/new-GUI/build/gui_window/install.log --single-version-externally-managed
