-- The C compiler identification is GNU 11.4.0
-- The CXX compiler identification is GNU 11.4.0
-- Detecting C compiler ABI info
-- Detecting C compiler ABI info - done
-- Check for working C compiler: /usr/bin/cc - skipped
-- Detecting C compile features
-- Detecting C compile features - done
-- Detecting CXX compiler ABI info
-- Detecting CXX compiler ABI info - done
-- Check for working CXX compiler: /usr/bin/c++ - skipped
-- Detecting CXX compile features
-- Detecting CXX compile features - done
-- Found ament_cmake: 1.3.5 (/opt/ros/humble/share/ament_cmake/cmake)
-- Found Python3: /usr/bin/python3.10 (found version "3.10.12") found components: Interpreter 
-- Found ament_lint_auto: 0.12.8 (/opt/ros/humble/share/ament_lint_auto/cmake)
-- Found rosidl_default_generators: 1.2.0 (/opt/ros/humble/share/rosidl_default_generators/cmake)
-- Using all available rosidl_typesupport_c: rosidl_typesupport_fastrtps_c;rosidl_typesupport_introspection_c
-- Found rosidl_adapter: 3.1.5 (/opt/ros/humble/share/rosidl_adapter/cmake)
-- Using all available rosidl_typesupport_cpp: rosidl_typesupport_fastrtps_cpp;rosidl_typesupport_introspection_cpp
-- Found rclcpp: 16.0.6 (/opt/ros/humble/share/rclcpp/cmake)
-- Found rmw_implementation_cmake: 6.1.1 (/opt/ros/humble/share/rmw_implementation_cmake/cmake)
-- Found rmw_fastrtps_cpp: 6.2.4 (/opt/ros/humble/share/rmw_fastrtps_cpp/cmake)
-- Found OpenSSL: /usr/lib/x86_64-linux-gnu/libcrypto.so (found version "3.0.2")  
-- Found FastRTPS: /opt/ros/humble/include  
-- Using RMW implementation 'rmw_fastrtps_cpp' as default
-- Looking for pthread.h
-- Looking for pthread.h - found
-- Performing Test CMAKE_HAVE_LIBC_PTHREAD
-- Performing Test CMAKE_HAVE_LIBC_PTHREAD - Success
-- Found Threads: TRUE  
-- Found rclpy: 3.3.10 (/opt/ros/humble/share/rclpy/cmake)
-- Found urc_gui_lib: 0.0.0 (/home/urc/new-GUI/install/urc_gui_lib/share/urc_gui_lib/cmake)
-- Found ament_cmake_ros: 0.10.0 (/opt/ros/humble/share/ament_cmake_ros/cmake)
-- Using all available rosidl_typesupport_c: rosidl_typesupport_fastrtps_c;rosidl_typesupport_introspection_c
-- Using all available rosidl_typesupport_cpp: rosidl_typesupport_fastrtps_cpp;rosidl_typesupport_introspection_cpp
-- Found PythonInterp: /usr/bin/python3 (found suitable version "3.10.12", minimum required is "3.6") 
-- Found python_cmake_module: 0.10.0 (/opt/ros/humble/share/python_cmake_module/cmake)
-- Found PythonLibs: /usr/lib/x86_64-linux-gnu/libpython3.10.so (found suitable version "3.10.12", minimum required is "3.5") 
-- Using PYTHON_EXECUTABLE: /usr/bin/python3
-- Using PYTHON_INCLUDE_DIRS: /usr/include/python3.10
-- Using PYTHON_LIBRARIES: /usr/lib/x86_64-linux-gnu/libpython3.10.so
-- Found PythonExtra: .so  
-- Added test 'flake8' to check Python code syntax and style conventions
-- Added test 'lint_cmake' to check CMake code style
-- Added test 'pep257' to check Python code against some of the docstring style conventions in PEP 257
-- Added test 'xmllint' to check XML markup files
-- Configuring done
-- Generating done
[33mCMake Warning:
  Manually-specified variables were not used by the project:

    CATKIN_INSTALL_INTO_PREFIX_ROOT

[0m
-- Build files have been written to: /home/urc/new-GUI/build/rover_gui_lib
[  2%] [34m[1mGenerating C code for ROS interfaces[0m
[  5%] [34m[1mGenerating C++ code for ROS interfaces[0m
[  5%] Built target ament_cmake_python_copy_rover_gui_lib
running egg_info
creating rover_gui_lib.egg-info
writing rover_gui_lib.egg-info/PKG-INFO
writing dependency_links to rover_gui_lib.egg-info/dependency_links.txt
writing top-level names to rover_gui_lib.egg-info/top_level.txt
writing manifest file 'rover_gui_lib.egg-info/SOURCES.txt'
reading manifest file 'rover_gui_lib.egg-info/SOURCES.txt'
writing manifest file 'rover_gui_lib.egg-info/SOURCES.txt'
[  5%] Built target ament_cmake_python_build_rover_gui_lib_egg
[  5%] Built target rover_gui_lib__cpp
[ 12%] [34m[1mGenerating C++ type support for eProsima Fast-RTPS[0m
[ 12%] [34m[1mGenerating C++ type support dispatch for ROS interfaces[0m
[ 12%] [34m[1mGenerating C++ introspection for ROS interfaces[0m
[ 15%] [32mBuilding C object CMakeFiles/rover_gui_lib__rosidl_generator_c.dir/rosidl_generator_c/rover_gui_lib/msg/detail/ed_waypoint__functions.c.o[0m
[ 17%] [32mBuilding C object CMakeFiles/rover_gui_lib__rosidl_generator_c.dir/rosidl_generator_c/rover_gui_lib/msg/detail/ed_waypoint_list__functions.c.o[0m
[ 20%] [32m[1mLinking C shared library librover_gui_lib__rosidl_generator_c.so[0m
[ 20%] Built target rover_gui_lib__rosidl_generator_c
[ 23%] [34m[1mGenerating C type support for eProsima Fast-RTPS[0m
[ 25%] [32mBuilding CXX object CMakeFiles/rover_gui_lib__rosidl_typesupport_cpp.dir/rosidl_typesupport_cpp/rover_gui_lib/msg/ed_waypoint__type_support.cpp.o[0m
[ 28%] [32mBuilding CXX object CMakeFiles/rover_gui_lib__rosidl_typesupport_introspection_cpp.dir/rosidl_typesupport_introspection_cpp/rover_gui_lib/msg/detail/ed_waypoint__type_support.cpp.o[0m
[ 30%] [32mBuilding CXX object CMakeFiles/rover_gui_lib__rosidl_typesupport_fastrtps_cpp.dir/rosidl_typesupport_fastrtps_cpp/rover_gui_lib/msg/detail/dds_fastrtps/ed_waypoint__type_support.cpp.o[0m
[ 33%] [32mBuilding CXX object CMakeFiles/rover_gui_lib__rosidl_typesupport_fastrtps_c.dir/rosidl_typesupport_fastrtps_c/rover_gui_lib/msg/detail/ed_waypoint__type_support_c.cpp.o[0m
[ 35%] [32mBuilding CXX object CMakeFiles/rover_gui_lib__rosidl_typesupport_cpp.dir/rosidl_typesupport_cpp/rover_gui_lib/msg/ed_waypoint_list__type_support.cpp.o[0m
[ 38%] [32mBuilding CXX object CMakeFiles/rover_gui_lib__rosidl_typesupport_introspection_cpp.dir/rosidl_typesupport_introspection_cpp/rover_gui_lib/msg/detail/ed_waypoint_list__type_support.cpp.o[0m
[ 41%] [32m[1mLinking CXX shared library librover_gui_lib__rosidl_typesupport_cpp.so[0m
[ 41%] Built target rover_gui_lib__rosidl_typesupport_cpp
[ 43%] [34m[1mGenerating C introspection for ROS interfaces[0m
[ 46%] [32mBuilding CXX object CMakeFiles/rover_gui_lib__rosidl_typesupport_fastrtps_c.dir/rosidl_typesupport_fastrtps_c/rover_gui_lib/msg/detail/ed_waypoint_list__type_support_c.cpp.o[0m
[ 48%] [32mBuilding CXX object CMakeFiles/rover_gui_lib__rosidl_typesupport_fastrtps_cpp.dir/rosidl_typesupport_fastrtps_cpp/rover_gui_lib/msg/detail/dds_fastrtps/ed_waypoint_list__type_support.cpp.o[0m
[ 51%] [32m[1mLinking CXX shared library librover_gui_lib__rosidl_typesupport_introspection_cpp.so[0m
[ 53%] [32m[1mLinking CXX shared library librover_gui_lib__rosidl_typesupport_fastrtps_c.so[0m
[ 53%] Built target rover_gui_lib__rosidl_typesupport_introspection_cpp
[ 56%] [34m[1mGenerating C type support dispatch for ROS interfaces[0m
[ 58%] [32mBuilding C object CMakeFiles/rover_gui_lib__rosidl_typesupport_introspection_c.dir/rosidl_typesupport_introspection_c/rover_gui_lib/msg/detail/ed_waypoint__type_support.c.o[0m
[ 61%] [32m[1mLinking CXX shared library librover_gui_lib__rosidl_typesupport_fastrtps_cpp.so[0m
[ 61%] Built target rover_gui_lib__rosidl_typesupport_fastrtps_c
[ 64%] [32mBuilding C object CMakeFiles/rover_gui_lib__rosidl_typesupport_introspection_c.dir/rosidl_typesupport_introspection_c/rover_gui_lib/msg/detail/ed_waypoint_list__type_support.c.o[0m
[ 66%] [32m[1mLinking C shared library librover_gui_lib__rosidl_typesupport_introspection_c.so[0m
[ 66%] Built target rover_gui_lib__rosidl_typesupport_introspection_c
[ 66%] Built target rover_gui_lib__rosidl_typesupport_fastrtps_cpp
[ 71%] [32mBuilding CXX object CMakeFiles/rover_gui_lib__rosidl_typesupport_c.dir/rosidl_typesupport_c/rover_gui_lib/msg/ed_waypoint__type_support.cpp.o[0m
[ 71%] [32mBuilding CXX object CMakeFiles/rover_gui_lib__rosidl_typesupport_c.dir/rosidl_typesupport_c/rover_gui_lib/msg/ed_waypoint_list__type_support.cpp.o[0m
[ 74%] [32m[1mLinking CXX shared library librover_gui_lib__rosidl_typesupport_c.so[0m
[ 74%] Built target rover_gui_lib__rosidl_typesupport_c
[ 74%] Built target rover_gui_lib
[ 76%] [34m[1mGenerating Python code for ROS interfaces[0m
[ 76%] Built target rover_gui_lib__py
[ 79%] [32mBuilding C object CMakeFiles/rover_gui_lib__rosidl_generator_py.dir/rosidl_generator_py/rover_gui_lib/msg/_ed_waypoint_s.c.o[0m
[ 82%] [32mBuilding C object CMakeFiles/rover_gui_lib__rosidl_generator_py.dir/rosidl_generator_py/rover_gui_lib/msg/_ed_waypoint_list_s.c.o[0m
[ 84%] [32m[1mLinking C shared library rosidl_generator_py/rover_gui_lib/librover_gui_lib__rosidl_generator_py.so[0m
[ 84%] Built target rover_gui_lib__rosidl_generator_py
[ 87%] [32mBuilding C object CMakeFiles/rover_gui_lib__rosidl_typesupport_introspection_c__pyext.dir/rosidl_generator_py/rover_gui_lib/_rover_gui_lib_s.ep.rosidl_typesupport_introspection_c.c.o[0m
[ 89%] [32mBuilding C object CMakeFiles/rover_gui_lib__rosidl_typesupport_c__pyext.dir/rosidl_generator_py/rover_gui_lib/_rover_gui_lib_s.ep.rosidl_typesupport_c.c.o[0m
[ 92%] [32mBuilding C object CMakeFiles/rover_gui_lib__rosidl_typesupport_fastrtps_c__pyext.dir/rosidl_generator_py/rover_gui_lib/_rover_gui_lib_s.ep.rosidl_typesupport_fastrtps_c.c.o[0m
[ 94%] [32m[1mLinking C shared library rosidl_generator_py/rover_gui_lib/rover_gui_lib_s__rosidl_typesupport_introspection_c.cpython-310-x86_64-linux-gnu.so[0m
[ 97%] [32m[1mLinking C shared library rosidl_generator_py/rover_gui_lib/rover_gui_lib_s__rosidl_typesupport_fastrtps_c.cpython-310-x86_64-linux-gnu.so[0m
[100%] [32m[1mLinking C shared library rosidl_generator_py/rover_gui_lib/rover_gui_lib_s__rosidl_typesupport_c.cpython-310-x86_64-linux-gnu.so[0m
[100%] Built target rover_gui_lib__rosidl_typesupport_c__pyext
[100%] Built target rover_gui_lib__rosidl_typesupport_fastrtps_c__pyext
[100%] Built target rover_gui_lib__rosidl_typesupport_introspection_c__pyext
-- Install configuration: ""
-- Installing: /home/urc/new-GUI/install/rover_gui_lib/share/ament_index/resource_index/rosidl_interfaces/rover_gui_lib
-- Installing: /home/urc/new-GUI/install/rover_gui_lib/include/rover_gui_lib/rover_gui_lib
-- Installing: /home/urc/new-GUI/install/rover_gui_lib/include/rover_gui_lib/rover_gui_lib/msg
-- Installing: /home/urc/new-GUI/install/rover_gui_lib/include/rover_gui_lib/rover_gui_lib/msg/ed_waypoint_list.h
-- Installing: /home/urc/new-GUI/install/rover_gui_lib/include/rover_gui_lib/rover_gui_lib/msg/ed_waypoint.h
-- Installing: /home/urc/new-GUI/install/rover_gui_lib/include/rover_gui_lib/rover_gui_lib/msg/rosidl_generator_c__visibility_control.h
-- Installing: /home/urc/new-GUI/install/rover_gui_lib/include/rover_gui_lib/rover_gui_lib/msg/detail
-- Installing: /home/urc/new-GUI/install/rover_gui_lib/include/rover_gui_lib/rover_gui_lib/msg/detail/ed_waypoint__functions.c
-- Installing: /home/urc/new-GUI/install/rover_gui_lib/include/rover_gui_lib/rover_gui_lib/msg/detail/ed_waypoint_list__struct.h
-- Installing: /home/urc/new-GUI/install/rover_gui_lib/include/rover_gui_lib/rover_gui_lib/msg/detail/ed_waypoint__struct.h
-- Installing: /home/urc/new-GUI/install/rover_gui_lib/include/rover_gui_lib/rover_gui_lib/msg/detail/ed_waypoint_list__functions.c
-- Installing: /home/urc/new-GUI/install/rover_gui_lib/include/rover_gui_lib/rover_gui_lib/msg/detail/ed_waypoint_list__functions.h
-- Installing: /home/urc/new-GUI/install/rover_gui_lib/include/rover_gui_lib/rover_gui_lib/msg/detail/ed_waypoint_list__type_support.h
-- Installing: /home/urc/new-GUI/install/rover_gui_lib/include/rover_gui_lib/rover_gui_lib/msg/detail/ed_waypoint__type_support.h
-- Installing: /home/urc/new-GUI/install/rover_gui_lib/include/rover_gui_lib/rover_gui_lib/msg/detail/ed_waypoint__functions.h
-- Installing: /home/urc/new-GUI/install/rover_gui_lib/share/rover_gui_lib/environment/library_path.sh
-- Installing: /home/urc/new-GUI/install/rover_gui_lib/share/rover_gui_lib/environment/library_path.dsv
-- Installing: /home/urc/new-GUI/install/rover_gui_lib/lib/librover_gui_lib__rosidl_generator_c.so
-- Set runtime path of "/home/urc/new-GUI/install/rover_gui_lib/lib/librover_gui_lib__rosidl_generator_c.so" to ""
-- Up-to-date: /home/urc/new-GUI/install/rover_gui_lib/include/rover_gui_lib/rover_gui_lib
-- Up-to-date: /home/urc/new-GUI/install/rover_gui_lib/include/rover_gui_lib/rover_gui_lib/msg
-- Installing: /home/urc/new-GUI/install/rover_gui_lib/include/rover_gui_lib/rover_gui_lib/msg/rosidl_typesupport_fastrtps_c__visibility_control.h
-- Up-to-date: /home/urc/new-GUI/install/rover_gui_lib/include/rover_gui_lib/rover_gui_lib/msg/detail
-- Installing: /home/urc/new-GUI/install/rover_gui_lib/include/rover_gui_lib/rover_gui_lib/msg/detail/ed_waypoint__rosidl_typesupport_fastrtps_c.h
-- Installing: /home/urc/new-GUI/install/rover_gui_lib/include/rover_gui_lib/rover_gui_lib/msg/detail/ed_waypoint_list__rosidl_typesupport_fastrtps_c.h
-- Installing: /home/urc/new-GUI/install/rover_gui_lib/lib/librover_gui_lib__rosidl_typesupport_fastrtps_c.so
-- Set runtime path of "/home/urc/new-GUI/install/rover_gui_lib/lib/librover_gui_lib__rosidl_typesupport_fastrtps_c.so" to ""
-- Up-to-date: /home/urc/new-GUI/install/rover_gui_lib/include/rover_gui_lib/rover_gui_lib
-- Up-to-date: /home/urc/new-GUI/install/rover_gui_lib/include/rover_gui_lib/rover_gui_lib/msg
-- Installing: /home/urc/new-GUI/install/rover_gui_lib/include/rover_gui_lib/rover_gui_lib/msg/rosidl_typesupport_introspection_c__visibility_control.h
-- Up-to-date: /home/urc/new-GUI/install/rover_gui_lib/include/rover_gui_lib/rover_gui_lib/msg/detail
-- Installing: /home/urc/new-GUI/install/rover_gui_lib/include/rover_gui_lib/rover_gui_lib/msg/detail/ed_waypoint_list__type_support.c
-- Installing: /home/urc/new-GUI/install/rover_gui_lib/include/rover_gui_lib/rover_gui_lib/msg/detail/ed_waypoint__rosidl_typesupport_introspection_c.h
-- Installing: /home/urc/new-GUI/install/rover_gui_lib/include/rover_gui_lib/rover_gui_lib/msg/detail/ed_waypoint_list__rosidl_typesupport_introspection_c.h
-- Installing: /home/urc/new-GUI/install/rover_gui_lib/include/rover_gui_lib/rover_gui_lib/msg/detail/ed_waypoint__type_support.c
-- Installing: /home/urc/new-GUI/install/rover_gui_lib/lib/librover_gui_lib__rosidl_typesupport_introspection_c.so
-- Set runtime path of "/home/urc/new-GUI/install/rover_gui_lib/lib/librover_gui_lib__rosidl_typesupport_introspection_c.so" to ""
-- Installing: /home/urc/new-GUI/install/rover_gui_lib/lib/librover_gui_lib__rosidl_typesupport_c.so
-- Set runtime path of "/home/urc/new-GUI/install/rover_gui_lib/lib/librover_gui_lib__rosidl_typesupport_c.so" to ""
-- Up-to-date: /home/urc/new-GUI/install/rover_gui_lib/include/rover_gui_lib/rover_gui_lib
-- Up-to-date: /home/urc/new-GUI/install/rover_gui_lib/include/rover_gui_lib/rover_gui_lib/msg
-- Installing: /home/urc/new-GUI/install/rover_gui_lib/include/rover_gui_lib/rover_gui_lib/msg/ed_waypoint_list.hpp
-- Installing: /home/urc/new-GUI/install/rover_gui_lib/include/rover_gui_lib/rover_gui_lib/msg/ed_waypoint.hpp
-- Up-to-date: /home/urc/new-GUI/install/rover_gui_lib/include/rover_gui_lib/rover_gui_lib/msg/detail
-- Installing: /home/urc/new-GUI/install/rover_gui_lib/include/rover_gui_lib/rover_gui_lib/msg/detail/ed_waypoint__builder.hpp
-- Installing: /home/urc/new-GUI/install/rover_gui_lib/include/rover_gui_lib/rover_gui_lib/msg/detail/ed_waypoint_list__traits.hpp
-- Installing: /home/urc/new-GUI/install/rover_gui_lib/include/rover_gui_lib/rover_gui_lib/msg/detail/ed_waypoint__traits.hpp
-- Installing: /home/urc/new-GUI/install/rover_gui_lib/include/rover_gui_lib/rover_gui_lib/msg/detail/ed_waypoint_list__struct.hpp
-- Installing: /home/urc/new-GUI/install/rover_gui_lib/include/rover_gui_lib/rover_gui_lib/msg/detail/ed_waypoint_list__builder.hpp
-- Installing: /home/urc/new-GUI/install/rover_gui_lib/include/rover_gui_lib/rover_gui_lib/msg/detail/ed_waypoint__struct.hpp
-- Up-to-date: /home/urc/new-GUI/install/rover_gui_lib/include/rover_gui_lib/rover_gui_lib
-- Up-to-date: /home/urc/new-GUI/install/rover_gui_lib/include/rover_gui_lib/rover_gui_lib/msg
-- Installing: /home/urc/new-GUI/install/rover_gui_lib/include/rover_gui_lib/rover_gui_lib/msg/rosidl_typesupport_fastrtps_cpp__visibility_control.h
-- Up-to-date: /home/urc/new-GUI/install/rover_gui_lib/include/rover_gui_lib/rover_gui_lib/msg/detail
-- Installing: /home/urc/new-GUI/install/rover_gui_lib/include/rover_gui_lib/rover_gui_lib/msg/detail/ed_waypoint__rosidl_typesupport_fastrtps_cpp.hpp
-- Installing: /home/urc/new-GUI/install/rover_gui_lib/include/rover_gui_lib/rover_gui_lib/msg/detail/ed_waypoint_list__rosidl_typesupport_fastrtps_cpp.hpp
-- Installing: /home/urc/new-GUI/install/rover_gui_lib/include/rover_gui_lib/rover_gui_lib/msg/detail/dds_fastrtps
-- Installing: /home/urc/new-GUI/install/rover_gui_lib/lib/librover_gui_lib__rosidl_typesupport_fastrtps_cpp.so
-- Set runtime path of "/home/urc/new-GUI/install/rover_gui_lib/lib/librover_gui_lib__rosidl_typesupport_fastrtps_cpp.so" to ""
-- Up-to-date: /home/urc/new-GUI/install/rover_gui_lib/include/rover_gui_lib/rover_gui_lib
-- Up-to-date: /home/urc/new-GUI/install/rover_gui_lib/include/rover_gui_lib/rover_gui_lib/msg
-- Up-to-date: /home/urc/new-GUI/install/rover_gui_lib/include/rover_gui_lib/rover_gui_lib/msg/detail
-- Installing: /home/urc/new-GUI/install/rover_gui_lib/include/rover_gui_lib/rover_gui_lib/msg/detail/ed_waypoint__rosidl_typesupport_introspection_cpp.hpp
-- Installing: /home/urc/new-GUI/install/rover_gui_lib/include/rover_gui_lib/rover_gui_lib/msg/detail/ed_waypoint_list__rosidl_typesupport_introspection_cpp.hpp
-- Installing: /home/urc/new-GUI/install/rover_gui_lib/include/rover_gui_lib/rover_gui_lib/msg/detail/ed_waypoint__type_support.cpp
-- Installing: /home/urc/new-GUI/install/rover_gui_lib/include/rover_gui_lib/rover_gui_lib/msg/detail/ed_waypoint_list__type_support.cpp
-- Installing: /home/urc/new-GUI/install/rover_gui_lib/lib/librover_gui_lib__rosidl_typesupport_introspection_cpp.so
-- Set runtime path of "/home/urc/new-GUI/install/rover_gui_lib/lib/librover_gui_lib__rosidl_typesupport_introspection_cpp.so" to ""
-- Installing: /home/urc/new-GUI/install/rover_gui_lib/lib/librover_gui_lib__rosidl_typesupport_cpp.so
-- Set runtime path of "/home/urc/new-GUI/install/rover_gui_lib/lib/librover_gui_lib__rosidl_typesupport_cpp.so" to ""
-- Installing: /home/urc/new-GUI/install/rover_gui_lib/share/rover_gui_lib/environment/pythonpath.sh
-- Installing: /home/urc/new-GUI/install/rover_gui_lib/share/rover_gui_lib/environment/pythonpath.dsv
-- Installing: /home/urc/new-GUI/install/rover_gui_lib/local/lib/python3.10/dist-packages/rover_gui_lib-0.0.0-py3.10.egg-info
-- Installing: /home/urc/new-GUI/install/rover_gui_lib/local/lib/python3.10/dist-packages/rover_gui_lib-0.0.0-py3.10.egg-info/PKG-INFO
-- Installing: /home/urc/new-GUI/install/rover_gui_lib/local/lib/python3.10/dist-packages/rover_gui_lib-0.0.0-py3.10.egg-info/dependency_links.txt
-- Installing: /home/urc/new-GUI/install/rover_gui_lib/local/lib/python3.10/dist-packages/rover_gui_lib-0.0.0-py3.10.egg-info/top_level.txt
-- Installing: /home/urc/new-GUI/install/rover_gui_lib/local/lib/python3.10/dist-packages/rover_gui_lib-0.0.0-py3.10.egg-info/SOURCES.txt
-- Installing: /home/urc/new-GUI/install/rover_gui_lib/local/lib/python3.10/dist-packages/rover_gui_lib
-- Installing: /home/urc/new-GUI/install/rover_gui_lib/local/lib/python3.10/dist-packages/rover_gui_lib/librover_gui_lib__rosidl_generator_py.so
-- Installing: /home/urc/new-GUI/install/rover_gui_lib/local/lib/python3.10/dist-packages/rover_gui_lib/rover_gui_lib_s__rosidl_typesupport_fastrtps_c.cpython-310-x86_64-linux-gnu.so
-- Installing: /home/urc/new-GUI/install/rover_gui_lib/local/lib/python3.10/dist-packages/rover_gui_lib/msg
-- Installing: /home/urc/new-GUI/install/rover_gui_lib/local/lib/python3.10/dist-packages/rover_gui_lib/msg/_ed_waypoint_list_s.c
-- Installing: /home/urc/new-GUI/install/rover_gui_lib/local/lib/python3.10/dist-packages/rover_gui_lib/msg/_ed_waypoint_s.c
-- Installing: /home/urc/new-GUI/install/rover_gui_lib/local/lib/python3.10/dist-packages/rover_gui_lib/msg/__init__.py
-- Installing: /home/urc/new-GUI/install/rover_gui_lib/local/lib/python3.10/dist-packages/rover_gui_lib/msg/_ed_waypoint_list.py
-- Installing: /home/urc/new-GUI/install/rover_gui_lib/local/lib/python3.10/dist-packages/rover_gui_lib/msg/_ed_waypoint.py
-- Installing: /home/urc/new-GUI/install/rover_gui_lib/local/lib/python3.10/dist-packages/rover_gui_lib/__init__.py
-- Installing: /home/urc/new-GUI/install/rover_gui_lib/local/lib/python3.10/dist-packages/rover_gui_lib/_rover_gui_lib_s.ep.rosidl_typesupport_fastrtps_c.c
-- Installing: /home/urc/new-GUI/install/rover_gui_lib/local/lib/python3.10/dist-packages/rover_gui_lib/rover_gui_lib_s__rosidl_typesupport_introspection_c.cpython-310-x86_64-linux-gnu.so
-- Installing: /home/urc/new-GUI/install/rover_gui_lib/local/lib/python3.10/dist-packages/rover_gui_lib/rover_gui_lib_s__rosidl_typesupport_c.cpython-310-x86_64-linux-gnu.so
-- Installing: /home/urc/new-GUI/install/rover_gui_lib/local/lib/python3.10/dist-packages/rover_gui_lib/_rover_gui_lib_s.ep.rosidl_typesupport_introspection_c.c
-- Installing: /home/urc/new-GUI/install/rover_gui_lib/local/lib/python3.10/dist-packages/rover_gui_lib/_rover_gui_lib_s.ep.rosidl_typesupport_c.c
Listing '/home/urc/new-GUI/install/rover_gui_lib/local/lib/python3.10/dist-packages/rover_gui_lib'...
Compiling '/home/urc/new-GUI/install/rover_gui_lib/local/lib/python3.10/dist-packages/rover_gui_lib/__init__.py'...
Listing '/home/urc/new-GUI/install/rover_gui_lib/local/lib/python3.10/dist-packages/rover_gui_lib/msg'...
Compiling '/home/urc/new-GUI/install/rover_gui_lib/local/lib/python3.10/dist-packages/rover_gui_lib/msg/__init__.py'...
Compiling '/home/urc/new-GUI/install/rover_gui_lib/local/lib/python3.10/dist-packages/rover_gui_lib/msg/_ed_waypoint.py'...
Compiling '/home/urc/new-GUI/install/rover_gui_lib/local/lib/python3.10/dist-packages/rover_gui_lib/msg/_ed_waypoint_list.py'...
-- Installing: /home/urc/new-GUI/install/rover_gui_lib/local/lib/python3.10/dist-packages/rover_gui_lib/rover_gui_lib_s__rosidl_typesupport_fastrtps_c.cpython-310-x86_64-linux-gnu.so
-- Set runtime path of "/home/urc/new-GUI/install/rover_gui_lib/local/lib/python3.10/dist-packages/rover_gui_lib/rover_gui_lib_s__rosidl_typesupport_fastrtps_c.cpython-310-x86_64-linux-gnu.so" to ""
-- Installing: /home/urc/new-GUI/install/rover_gui_lib/local/lib/python3.10/dist-packages/rover_gui_lib/rover_gui_lib_s__rosidl_typesupport_introspection_c.cpython-310-x86_64-linux-gnu.so
-- Set runtime path of "/home/urc/new-GUI/install/rover_gui_lib/local/lib/python3.10/dist-packages/rover_gui_lib/rover_gui_lib_s__rosidl_typesupport_introspection_c.cpython-310-x86_64-linux-gnu.so" to ""
-- Installing: /home/urc/new-GUI/install/rover_gui_lib/local/lib/python3.10/dist-packages/rover_gui_lib/rover_gui_lib_s__rosidl_typesupport_c.cpython-310-x86_64-linux-gnu.so
-- Set runtime path of "/home/urc/new-GUI/install/rover_gui_lib/local/lib/python3.10/dist-packages/rover_gui_lib/rover_gui_lib_s__rosidl_typesupport_c.cpython-310-x86_64-linux-gnu.so" to ""
-- Installing: /home/urc/new-GUI/install/rover_gui_lib/lib/librover_gui_lib__rosidl_generator_py.so
-- Set runtime path of "/home/urc/new-GUI/install/rover_gui_lib/lib/librover_gui_lib__rosidl_generator_py.so" to ""
-- Installing: /home/urc/new-GUI/install/rover_gui_lib/share/rover_gui_lib/msg/EDWaypoint.idl
-- Installing: /home/urc/new-GUI/install/rover_gui_lib/share/rover_gui_lib/msg/EDWaypointList.idl
-- Installing: /home/urc/new-GUI/install/rover_gui_lib/share/rover_gui_lib/msg/EDWaypoint.msg
-- Installing: /home/urc/new-GUI/install/rover_gui_lib/share/rover_gui_lib/msg/EDWaypointList.msg
-- Installing: /home/urc/new-GUI/install/rover_gui_lib/share/ament_index/resource_index/package_run_dependencies/rover_gui_lib
-- Installing: /home/urc/new-GUI/install/rover_gui_lib/share/ament_index/resource_index/parent_prefix_path/rover_gui_lib
-- Installing: /home/urc/new-GUI/install/rover_gui_lib/share/rover_gui_lib/environment/ament_prefix_path.sh
-- Installing: /home/urc/new-GUI/install/rover_gui_lib/share/rover_gui_lib/environment/ament_prefix_path.dsv
-- Installing: /home/urc/new-GUI/install/rover_gui_lib/share/rover_gui_lib/environment/path.sh
-- Installing: /home/urc/new-GUI/install/rover_gui_lib/share/rover_gui_lib/environment/path.dsv
-- Installing: /home/urc/new-GUI/install/rover_gui_lib/share/rover_gui_lib/local_setup.bash
-- Installing: /home/urc/new-GUI/install/rover_gui_lib/share/rover_gui_lib/local_setup.sh
-- Installing: /home/urc/new-GUI/install/rover_gui_lib/share/rover_gui_lib/local_setup.zsh
-- Installing: /home/urc/new-GUI/install/rover_gui_lib/share/rover_gui_lib/local_setup.dsv
-- Installing: /home/urc/new-GUI/install/rover_gui_lib/share/rover_gui_lib/package.dsv
-- Installing: /home/urc/new-GUI/install/rover_gui_lib/share/ament_index/resource_index/packages/rover_gui_lib
-- Installing: /home/urc/new-GUI/install/rover_gui_lib/share/rover_gui_lib/cmake/export_rover_gui_lib__rosidl_generator_cExport.cmake
-- Installing: /home/urc/new-GUI/install/rover_gui_lib/share/rover_gui_lib/cmake/export_rover_gui_lib__rosidl_generator_cExport-noconfig.cmake
-- Installing: /home/urc/new-GUI/install/rover_gui_lib/share/rover_gui_lib/cmake/export_rover_gui_lib__rosidl_typesupport_fastrtps_cExport.cmake
-- Installing: /home/urc/new-GUI/install/rover_gui_lib/share/rover_gui_lib/cmake/export_rover_gui_lib__rosidl_typesupport_fastrtps_cExport-noconfig.cmake
-- Installing: /home/urc/new-GUI/install/rover_gui_lib/share/rover_gui_lib/cmake/rover_gui_lib__rosidl_typesupport_introspection_cExport.cmake
-- Installing: /home/urc/new-GUI/install/rover_gui_lib/share/rover_gui_lib/cmake/rover_gui_lib__rosidl_typesupport_introspection_cExport-noconfig.cmake
-- Installing: /home/urc/new-GUI/install/rover_gui_lib/share/rover_gui_lib/cmake/rover_gui_lib__rosidl_typesupport_cExport.cmake
-- Installing: /home/urc/new-GUI/install/rover_gui_lib/share/rover_gui_lib/cmake/rover_gui_lib__rosidl_typesupport_cExport-noconfig.cmake
-- Installing: /home/urc/new-GUI/install/rover_gui_lib/share/rover_gui_lib/cmake/export_rover_gui_lib__rosidl_generator_cppExport.cmake
-- Installing: /home/urc/new-GUI/install/rover_gui_lib/share/rover_gui_lib/cmake/export_rover_gui_lib__rosidl_typesupport_fastrtps_cppExport.cmake
-- Installing: /home/urc/new-GUI/install/rover_gui_lib/share/rover_gui_lib/cmake/export_rover_gui_lib__rosidl_typesupport_fastrtps_cppExport-noconfig.cmake
-- Installing: /home/urc/new-GUI/install/rover_gui_lib/share/rover_gui_lib/cmake/rover_gui_lib__rosidl_typesupport_introspection_cppExport.cmake
-- Installing: /home/urc/new-GUI/install/rover_gui_lib/share/rover_gui_lib/cmake/rover_gui_lib__rosidl_typesupport_introspection_cppExport-noconfig.cmake
-- Installing: /home/urc/new-GUI/install/rover_gui_lib/share/rover_gui_lib/cmake/rover_gui_lib__rosidl_typesupport_cppExport.cmake
-- Installing: /home/urc/new-GUI/install/rover_gui_lib/share/rover_gui_lib/cmake/rover_gui_lib__rosidl_typesupport_cppExport-noconfig.cmake
-- Installing: /home/urc/new-GUI/install/rover_gui_lib/share/rover_gui_lib/cmake/export_rover_gui_lib__rosidl_generator_pyExport.cmake
-- Installing: /home/urc/new-GUI/install/rover_gui_lib/share/rover_gui_lib/cmake/export_rover_gui_lib__rosidl_generator_pyExport-noconfig.cmake
-- Installing: /home/urc/new-GUI/install/rover_gui_lib/share/rover_gui_lib/cmake/rosidl_cmake-extras.cmake
-- Installing: /home/urc/new-GUI/install/rover_gui_lib/share/rover_gui_lib/cmake/ament_cmake_export_dependencies-extras.cmake
-- Installing: /home/urc/new-GUI/install/rover_gui_lib/share/rover_gui_lib/cmake/ament_cmake_export_include_directories-extras.cmake
-- Installing: /home/urc/new-GUI/install/rover_gui_lib/share/rover_gui_lib/cmake/ament_cmake_export_libraries-extras.cmake
-- Installing: /home/urc/new-GUI/install/rover_gui_lib/share/rover_gui_lib/cmake/ament_cmake_export_targets-extras.cmake
-- Installing: /home/urc/new-GUI/install/rover_gui_lib/share/rover_gui_lib/cmake/rosidl_cmake_export_typesupport_targets-extras.cmake
-- Installing: /home/urc/new-GUI/install/rover_gui_lib/share/rover_gui_lib/cmake/rosidl_cmake_export_typesupport_libraries-extras.cmake
-- Installing: /home/urc/new-GUI/install/rover_gui_lib/share/rover_gui_lib/cmake/rover_gui_libConfig.cmake
-- Installing: /home/urc/new-GUI/install/rover_gui_lib/share/rover_gui_lib/cmake/rover_gui_libConfig-version.cmake
-- Installing: /home/urc/new-GUI/install/rover_gui_lib/share/rover_gui_lib/package.xml
