[0.122s] Invoking command in '/home/urc/new-GUI/build/rover_gui_lib': CMAKE_PREFIX_PATH=/home/urc/new-GUI/install/urc_gui_lib:/home/urc/new-GUI/install/theora_webcams:/home/urc/new-GUI/install/marker_interfacing:/home/urc/new-GUI/install/aruco_finder LD_LIBRARY_PATH=/home/urc/new-GUI/install/theora_webcams/lib:/home/urc/new-GUI/install/marker_interfacing/lib:/home/urc/new-GUI/install/aruco_finder/lib:/opt/ros/humble/opt/rviz_ogre_vendor/lib:/opt/ros/humble/lib/x86_64-linux-gnu:/opt/ros/humble/lib PKG_CONFIG_PATH=/home/urc/new-GUI/install/urc_gui_lib/lib/x86_64-linux-gnu/pkgconfig:/home/urc/new-GUI/install/urc_gui_lib/lib/pkgconfig ROS_PACKAGE_PATH=/home/urc/new-GUI/install/urc_gui_lib/share /usr/bin/cmake /home/urc/new-GUI/src/rover_gui_lib -DCATKIN_INSTALL_INTO_PREFIX_ROOT=0 -DCMAKE_INSTALL_PREFIX=/home/urc/new-GUI/install/rover_gui_lib
[0.208s] -- The C compiler identification is GNU 11.4.0
[0.284s] -- The CXX compiler identification is GNU 11.4.0
[0.293s] -- Detecting C compiler ABI info
[0.388s] -- Detecting C compiler ABI info - done
[0.412s] -- Check for working C compiler: /usr/bin/cc - skipped
[0.412s] -- Detecting C compile features
[0.412s] -- Detecting C compile features - done
[0.418s] -- Detecting CXX compiler ABI info
[0.536s] -- Detecting CXX compiler ABI info - done
[0.549s] -- Check for working CXX compiler: /usr/bin/c++ - skipped
[0.550s] -- Detecting CXX compile features
[0.552s] -- Detecting CXX compile features - done
[0.554s] -- Found ament_cmake: 1.3.5 (/opt/ros/humble/share/ament_cmake/cmake)
[0.814s] -- Found Python3: /usr/bin/python3.10 (found version "3.10.12") found components: Interpreter 
[0.947s] -- Found ament_lint_auto: 0.12.8 (/opt/ros/humble/share/ament_lint_auto/cmake)
[1.053s] -- Found rosidl_default_generators: 1.2.0 (/opt/ros/humble/share/rosidl_default_generators/cmake)
[1.059s] -- Using all available rosidl_typesupport_c: rosidl_typesupport_fastrtps_c;rosidl_typesupport_introspection_c
[1.070s] -- Found rosidl_adapter: 3.1.5 (/opt/ros/humble/share/rosidl_adapter/cmake)
[1.137s] -- Using all available rosidl_typesupport_cpp: rosidl_typesupport_fastrtps_cpp;rosidl_typesupport_introspection_cpp
[1.198s] -- Found rclcpp: 16.0.6 (/opt/ros/humble/share/rclcpp/cmake)
[1.355s] -- Found rmw_implementation_cmake: 6.1.1 (/opt/ros/humble/share/rmw_implementation_cmake/cmake)
[1.359s] -- Found rmw_fastrtps_cpp: 6.2.4 (/opt/ros/humble/share/rmw_fastrtps_cpp/cmake)
[1.498s] -- Found OpenSSL: /usr/lib/x86_64-linux-gnu/libcrypto.so (found version "3.0.2")  
[1.549s] -- Found FastRTPS: /opt/ros/humble/include  
[1.618s] -- Using RMW implementation 'rmw_fastrtps_cpp' as default
[1.632s] -- Looking for pthread.h
[1.724s] -- Looking for pthread.h - found
[1.725s] -- Performing Test CMAKE_HAVE_LIBC_PTHREAD
[1.816s] -- Performing Test CMAKE_HAVE_LIBC_PTHREAD - Success
[1.817s] -- Found Threads: TRUE  
[2.144s] -- Found rclpy: 3.3.10 (/opt/ros/humble/share/rclpy/cmake)
[2.145s] -- Found urc_gui_lib: 0.0.0 (/home/urc/new-GUI/install/urc_gui_lib/share/urc_gui_lib/cmake)
[2.468s] -- Found ament_cmake_ros: 0.10.0 (/opt/ros/humble/share/ament_cmake_ros/cmake)
[2.830s] -- Using all available rosidl_typesupport_c: rosidl_typesupport_fastrtps_c;rosidl_typesupport_introspection_c
[3.275s] -- Using all available rosidl_typesupport_cpp: rosidl_typesupport_fastrtps_cpp;rosidl_typesupport_introspection_cpp
[3.308s] -- Found PythonInterp: /usr/bin/python3 (found suitable version "3.10.12", minimum required is "3.6") 
[3.311s] -- Found python_cmake_module: 0.10.0 (/opt/ros/humble/share/python_cmake_module/cmake)
[3.348s] -- Found PythonLibs: /usr/lib/x86_64-linux-gnu/libpython3.10.so (found suitable version "3.10.12", minimum required is "3.5") 
[3.348s] -- Using PYTHON_EXECUTABLE: /usr/bin/python3
[3.349s] -- Using PYTHON_INCLUDE_DIRS: /usr/include/python3.10
[3.349s] -- Using PYTHON_LIBRARIES: /usr/lib/x86_64-linux-gnu/libpython3.10.so
[3.377s] -- Found PythonExtra: .so  
[3.480s] -- Added test 'flake8' to check Python code syntax and style conventions
[3.481s] -- Added test 'lint_cmake' to check CMake code style
[3.482s] -- Added test 'pep257' to check Python code against some of the docstring style conventions in PEP 257
[3.487s] -- Added test 'xmllint' to check XML markup files
[3.499s] -- Configuring done
[3.583s] -- Generating done
[3.586s] [33mCMake Warning:
[3.587s]   Manually-specified variables were not used by the project:
[3.587s] 
[3.587s]     CATKIN_INSTALL_INTO_PREFIX_ROOT
[3.587s] 
[3.587s] [0m
[3.587s] -- Build files have been written to: /home/urc/new-GUI/build/rover_gui_lib
[3.602s] Invoked command in '/home/urc/new-GUI/build/rover_gui_lib' returned '0': CMAKE_PREFIX_PATH=/home/urc/new-GUI/install/urc_gui_lib:/home/urc/new-GUI/install/theora_webcams:/home/urc/new-GUI/install/marker_interfacing:/home/urc/new-GUI/install/aruco_finder LD_LIBRARY_PATH=/home/urc/new-GUI/install/theora_webcams/lib:/home/urc/new-GUI/install/marker_interfacing/lib:/home/urc/new-GUI/install/aruco_finder/lib:/opt/ros/humble/opt/rviz_ogre_vendor/lib:/opt/ros/humble/lib/x86_64-linux-gnu:/opt/ros/humble/lib PKG_CONFIG_PATH=/home/urc/new-GUI/install/urc_gui_lib/lib/x86_64-linux-gnu/pkgconfig:/home/urc/new-GUI/install/urc_gui_lib/lib/pkgconfig ROS_PACKAGE_PATH=/home/urc/new-GUI/install/urc_gui_lib/share /usr/bin/cmake /home/urc/new-GUI/src/rover_gui_lib -DCATKIN_INSTALL_INTO_PREFIX_ROOT=0 -DCMAKE_INSTALL_PREFIX=/home/urc/new-GUI/install/rover_gui_lib
[3.610s] Invoking command in '/home/urc/new-GUI/build/rover_gui_lib': CMAKE_PREFIX_PATH=/home/urc/new-GUI/install/urc_gui_lib:/home/urc/new-GUI/install/theora_webcams:/home/urc/new-GUI/install/marker_interfacing:/home/urc/new-GUI/install/aruco_finder LD_LIBRARY_PATH=/home/urc/new-GUI/install/theora_webcams/lib:/home/urc/new-GUI/install/marker_interfacing/lib:/home/urc/new-GUI/install/aruco_finder/lib:/opt/ros/humble/opt/rviz_ogre_vendor/lib:/opt/ros/humble/lib/x86_64-linux-gnu:/opt/ros/humble/lib PKG_CONFIG_PATH=/home/urc/new-GUI/install/urc_gui_lib/lib/x86_64-linux-gnu/pkgconfig:/home/urc/new-GUI/install/urc_gui_lib/lib/pkgconfig ROS_PACKAGE_PATH=/home/urc/new-GUI/install/urc_gui_lib/share /usr/bin/cmake --build /home/urc/new-GUI/build/rover_gui_lib -- -j4 -l4
[3.652s] [  2%] [34m[1mGenerating C code for ROS interfaces[0m
[3.664s] [  5%] [34m[1mGenerating C++ code for ROS interfaces[0m
[3.678s] [  5%] Built target ament_cmake_python_copy_rover_gui_lib
[4.162s] running egg_info
[4.162s] creating rover_gui_lib.egg-info
[4.162s] writing rover_gui_lib.egg-info/PKG-INFO
[4.164s] writing dependency_links to rover_gui_lib.egg-info/dependency_links.txt
[4.164s] writing top-level names to rover_gui_lib.egg-info/top_level.txt
[4.164s] writing manifest file 'rover_gui_lib.egg-info/SOURCES.txt'
[4.166s] reading manifest file 'rover_gui_lib.egg-info/SOURCES.txt'
[4.166s] writing manifest file 'rover_gui_lib.egg-info/SOURCES.txt'
[4.222s] [  5%] Built target ament_cmake_python_build_rover_gui_lib_egg
[4.293s] [  5%] Built target rover_gui_lib__cpp
[4.306s] [ 12%] [34m[1mGenerating C++ type support for eProsima Fast-RTPS[0m
[4.306s] [ 12%] [34m[1mGenerating C++ type support dispatch for ROS interfaces[0m
[4.306s] [ 12%] [34m[1mGenerating C++ introspection for ROS interfaces[0m
[4.334s] [ 15%] [32mBuilding C object CMakeFiles/rover_gui_lib__rosidl_generator_c.dir/rosidl_generator_c/rover_gui_lib/msg/detail/ed_waypoint__functions.c.o[0m
[4.457s] [ 17%] [32mBuilding C object CMakeFiles/rover_gui_lib__rosidl_generator_c.dir/rosidl_generator_c/rover_gui_lib/msg/detail/ed_waypoint_list__functions.c.o[0m
[4.554s] [ 20%] [32m[1mLinking C shared library librover_gui_lib__rosidl_generator_c.so[0m
[4.646s] [ 20%] Built target rover_gui_lib__rosidl_generator_c
[4.661s] [ 23%] [34m[1mGenerating C type support for eProsima Fast-RTPS[0m
[4.776s] [ 25%] [32mBuilding CXX object CMakeFiles/rover_gui_lib__rosidl_typesupport_cpp.dir/rosidl_typesupport_cpp/rover_gui_lib/msg/ed_waypoint__type_support.cpp.o[0m
[4.917s] [ 28%] [32mBuilding CXX object CMakeFiles/rover_gui_lib__rosidl_typesupport_introspection_cpp.dir/rosidl_typesupport_introspection_cpp/rover_gui_lib/msg/detail/ed_waypoint__type_support.cpp.o[0m
[4.970s] [ 30%] [32mBuilding CXX object CMakeFiles/rover_gui_lib__rosidl_typesupport_fastrtps_cpp.dir/rosidl_typesupport_fastrtps_cpp/rover_gui_lib/msg/detail/dds_fastrtps/ed_waypoint__type_support.cpp.o[0m
[5.275s] [ 33%] [32mBuilding CXX object CMakeFiles/rover_gui_lib__rosidl_typesupport_fastrtps_c.dir/rosidl_typesupport_fastrtps_c/rover_gui_lib/msg/detail/ed_waypoint__type_support_c.cpp.o[0m
[5.297s] [ 35%] [32mBuilding CXX object CMakeFiles/rover_gui_lib__rosidl_typesupport_cpp.dir/rosidl_typesupport_cpp/rover_gui_lib/msg/ed_waypoint_list__type_support.cpp.o[0m
[5.567s] [ 38%] [32mBuilding CXX object CMakeFiles/rover_gui_lib__rosidl_typesupport_introspection_cpp.dir/rosidl_typesupport_introspection_cpp/rover_gui_lib/msg/detail/ed_waypoint_list__type_support.cpp.o[0m
[5.738s] [ 41%] [32m[1mLinking CXX shared library librover_gui_lib__rosidl_typesupport_cpp.so[0m
[5.805s] [ 41%] Built target rover_gui_lib__rosidl_typesupport_cpp
[5.820s] [ 43%] [34m[1mGenerating C introspection for ROS interfaces[0m
[5.820s] [ 46%] [32mBuilding CXX object CMakeFiles/rover_gui_lib__rosidl_typesupport_fastrtps_c.dir/rosidl_typesupport_fastrtps_c/rover_gui_lib/msg/detail/ed_waypoint_list__type_support_c.cpp.o[0m
[5.845s] [ 48%] [32mBuilding CXX object CMakeFiles/rover_gui_lib__rosidl_typesupport_fastrtps_cpp.dir/rosidl_typesupport_fastrtps_cpp/rover_gui_lib/msg/detail/dds_fastrtps/ed_waypoint_list__type_support.cpp.o[0m
[6.220s] [ 51%] [32m[1mLinking CXX shared library librover_gui_lib__rosidl_typesupport_introspection_cpp.so[0m
[6.343s] [ 53%] [32m[1mLinking CXX shared library librover_gui_lib__rosidl_typesupport_fastrtps_c.so[0m
[6.360s] [ 53%] Built target rover_gui_lib__rosidl_typesupport_introspection_cpp
[6.380s] [ 56%] [34m[1mGenerating C type support dispatch for ROS interfaces[0m
[6.446s] [ 58%] [32mBuilding C object CMakeFiles/rover_gui_lib__rosidl_typesupport_introspection_c.dir/rosidl_typesupport_introspection_c/rover_gui_lib/msg/detail/ed_waypoint__type_support.c.o[0m
[6.485s] [ 61%] [32m[1mLinking CXX shared library librover_gui_lib__rosidl_typesupport_fastrtps_cpp.so[0m
[6.485s] [ 61%] Built target rover_gui_lib__rosidl_typesupport_fastrtps_c
[6.496s] [ 64%] [32mBuilding C object CMakeFiles/rover_gui_lib__rosidl_typesupport_introspection_c.dir/rosidl_typesupport_introspection_c/rover_gui_lib/msg/detail/ed_waypoint_list__type_support.c.o[0m
[6.550s] [ 66%] [32m[1mLinking C shared library librover_gui_lib__rosidl_typesupport_introspection_c.so[0m
[6.612s] [ 66%] Built target rover_gui_lib__rosidl_typesupport_introspection_c
[6.632s] [ 66%] Built target rover_gui_lib__rosidl_typesupport_fastrtps_cpp
[6.850s] [ 71%] [32mBuilding CXX object CMakeFiles/rover_gui_lib__rosidl_typesupport_c.dir/rosidl_typesupport_c/rover_gui_lib/msg/ed_waypoint__type_support.cpp.o[0m
[6.851s] [ 71%] [32mBuilding CXX object CMakeFiles/rover_gui_lib__rosidl_typesupport_c.dir/rosidl_typesupport_c/rover_gui_lib/msg/ed_waypoint_list__type_support.cpp.o[0m
[6.891s] [ 74%] [32m[1mLinking CXX shared library librover_gui_lib__rosidl_typesupport_c.so[0m
[6.958s] [ 74%] Built target rover_gui_lib__rosidl_typesupport_c
[6.985s] [ 74%] Built target rover_gui_lib
[7.019s] [ 76%] [34m[1mGenerating Python code for ROS interfaces[0m
[7.730s] [ 76%] Built target rover_gui_lib__py
[7.759s] [ 79%] [32mBuilding C object CMakeFiles/rover_gui_lib__rosidl_generator_py.dir/rosidl_generator_py/rover_gui_lib/msg/_ed_waypoint_s.c.o[0m
[7.760s] [ 82%] [32mBuilding C object CMakeFiles/rover_gui_lib__rosidl_generator_py.dir/rosidl_generator_py/rover_gui_lib/msg/_ed_waypoint_list_s.c.o[0m
[7.926s] [ 84%] [32m[1mLinking C shared library rosidl_generator_py/rover_gui_lib/librover_gui_lib__rosidl_generator_py.so[0m
[7.983s] [ 84%] Built target rover_gui_lib__rosidl_generator_py
[8.014s] [ 87%] [32mBuilding C object CMakeFiles/rover_gui_lib__rosidl_typesupport_introspection_c__pyext.dir/rosidl_generator_py/rover_gui_lib/_rover_gui_lib_s.ep.rosidl_typesupport_introspection_c.c.o[0m
[8.018s] [ 89%] [32mBuilding C object CMakeFiles/rover_gui_lib__rosidl_typesupport_c__pyext.dir/rosidl_generator_py/rover_gui_lib/_rover_gui_lib_s.ep.rosidl_typesupport_c.c.o[0m
[8.020s] [ 92%] [32mBuilding C object CMakeFiles/rover_gui_lib__rosidl_typesupport_fastrtps_c__pyext.dir/rosidl_generator_py/rover_gui_lib/_rover_gui_lib_s.ep.rosidl_typesupport_fastrtps_c.c.o[0m
[8.184s] [ 94%] [32m[1mLinking C shared library rosidl_generator_py/rover_gui_lib/rover_gui_lib_s__rosidl_typesupport_introspection_c.cpython-310-x86_64-linux-gnu.so[0m
[8.194s] [ 97%] [32m[1mLinking C shared library rosidl_generator_py/rover_gui_lib/rover_gui_lib_s__rosidl_typesupport_fastrtps_c.cpython-310-x86_64-linux-gnu.so[0m
[8.200s] [100%] [32m[1mLinking C shared library rosidl_generator_py/rover_gui_lib/rover_gui_lib_s__rosidl_typesupport_c.cpython-310-x86_64-linux-gnu.so[0m
[8.272s] [100%] Built target rover_gui_lib__rosidl_typesupport_c__pyext
[8.272s] [100%] Built target rover_gui_lib__rosidl_typesupport_fastrtps_c__pyext
[8.273s] [100%] Built target rover_gui_lib__rosidl_typesupport_introspection_c__pyext
[8.290s] Invoked command in '/home/urc/new-GUI/build/rover_gui_lib' returned '0': CMAKE_PREFIX_PATH=/home/urc/new-GUI/install/urc_gui_lib:/home/urc/new-GUI/install/theora_webcams:/home/urc/new-GUI/install/marker_interfacing:/home/urc/new-GUI/install/aruco_finder LD_LIBRARY_PATH=/home/urc/new-GUI/install/theora_webcams/lib:/home/urc/new-GUI/install/marker_interfacing/lib:/home/urc/new-GUI/install/aruco_finder/lib:/opt/ros/humble/opt/rviz_ogre_vendor/lib:/opt/ros/humble/lib/x86_64-linux-gnu:/opt/ros/humble/lib PKG_CONFIG_PATH=/home/urc/new-GUI/install/urc_gui_lib/lib/x86_64-linux-gnu/pkgconfig:/home/urc/new-GUI/install/urc_gui_lib/lib/pkgconfig ROS_PACKAGE_PATH=/home/urc/new-GUI/install/urc_gui_lib/share /usr/bin/cmake --build /home/urc/new-GUI/build/rover_gui_lib -- -j4 -l4
[8.482s] Invoking command in '/home/urc/new-GUI/build/rover_gui_lib': CMAKE_PREFIX_PATH=/home/urc/new-GUI/install/urc_gui_lib:/home/urc/new-GUI/install/theora_webcams:/home/urc/new-GUI/install/marker_interfacing:/home/urc/new-GUI/install/aruco_finder LD_LIBRARY_PATH=/home/urc/new-GUI/install/theora_webcams/lib:/home/urc/new-GUI/install/marker_interfacing/lib:/home/urc/new-GUI/install/aruco_finder/lib:/opt/ros/humble/opt/rviz_ogre_vendor/lib:/opt/ros/humble/lib/x86_64-linux-gnu:/opt/ros/humble/lib PKG_CONFIG_PATH=/home/urc/new-GUI/install/urc_gui_lib/lib/x86_64-linux-gnu/pkgconfig:/home/urc/new-GUI/install/urc_gui_lib/lib/pkgconfig ROS_PACKAGE_PATH=/home/urc/new-GUI/install/urc_gui_lib/share /usr/bin/cmake --install /home/urc/new-GUI/build/rover_gui_lib
[8.493s] -- Install configuration: ""
[8.494s] -- Installing: /home/urc/new-GUI/install/rover_gui_lib/share/ament_index/resource_index/rosidl_interfaces/rover_gui_lib
[8.495s] -- Installing: /home/urc/new-GUI/install/rover_gui_lib/include/rover_gui_lib/rover_gui_lib
[8.506s] -- Installing: /home/urc/new-GUI/install/rover_gui_lib/include/rover_gui_lib/rover_gui_lib/msg
[8.506s] -- Installing: /home/urc/new-GUI/install/rover_gui_lib/include/rover_gui_lib/rover_gui_lib/msg/ed_waypoint_list.h
[8.506s] -- Installing: /home/urc/new-GUI/install/rover_gui_lib/include/rover_gui_lib/rover_gui_lib/msg/ed_waypoint.h
[8.506s] -- Installing: /home/urc/new-GUI/install/rover_gui_lib/include/rover_gui_lib/rover_gui_lib/msg/rosidl_generator_c__visibility_control.h
[8.506s] -- Installing: /home/urc/new-GUI/install/rover_gui_lib/include/rover_gui_lib/rover_gui_lib/msg/detail
[8.506s] -- Installing: /home/urc/new-GUI/install/rover_gui_lib/include/rover_gui_lib/rover_gui_lib/msg/detail/ed_waypoint__functions.c
[8.507s] -- Installing: /home/urc/new-GUI/install/rover_gui_lib/include/rover_gui_lib/rover_gui_lib/msg/detail/ed_waypoint_list__struct.h
[8.507s] -- Installing: /home/urc/new-GUI/install/rover_gui_lib/include/rover_gui_lib/rover_gui_lib/msg/detail/ed_waypoint__struct.h
[8.507s] -- Installing: /home/urc/new-GUI/install/rover_gui_lib/include/rover_gui_lib/rover_gui_lib/msg/detail/ed_waypoint_list__functions.c
[8.507s] -- Installing: /home/urc/new-GUI/install/rover_gui_lib/include/rover_gui_lib/rover_gui_lib/msg/detail/ed_waypoint_list__functions.h
[8.508s] -- Installing: /home/urc/new-GUI/install/rover_gui_lib/include/rover_gui_lib/rover_gui_lib/msg/detail/ed_waypoint_list__type_support.h
[8.508s] -- Installing: /home/urc/new-GUI/install/rover_gui_lib/include/rover_gui_lib/rover_gui_lib/msg/detail/ed_waypoint__type_support.h
[8.508s] -- Installing: /home/urc/new-GUI/install/rover_gui_lib/include/rover_gui_lib/rover_gui_lib/msg/detail/ed_waypoint__functions.h
[8.508s] -- Installing: /home/urc/new-GUI/install/rover_gui_lib/share/rover_gui_lib/environment/library_path.sh
[8.508s] -- Installing: /home/urc/new-GUI/install/rover_gui_lib/share/rover_gui_lib/environment/library_path.dsv
[8.508s] -- Installing: /home/urc/new-GUI/install/rover_gui_lib/lib/librover_gui_lib__rosidl_generator_c.so
[8.508s] -- Set runtime path of "/home/urc/new-GUI/install/rover_gui_lib/lib/librover_gui_lib__rosidl_generator_c.so" to ""
[8.508s] -- Up-to-date: /home/urc/new-GUI/install/rover_gui_lib/include/rover_gui_lib/rover_gui_lib
[8.508s] -- Up-to-date: /home/urc/new-GUI/install/rover_gui_lib/include/rover_gui_lib/rover_gui_lib/msg
[8.509s] -- Installing: /home/urc/new-GUI/install/rover_gui_lib/include/rover_gui_lib/rover_gui_lib/msg/rosidl_typesupport_fastrtps_c__visibility_control.h
[8.509s] -- Up-to-date: /home/urc/new-GUI/install/rover_gui_lib/include/rover_gui_lib/rover_gui_lib/msg/detail
[8.509s] -- Installing: /home/urc/new-GUI/install/rover_gui_lib/include/rover_gui_lib/rover_gui_lib/msg/detail/ed_waypoint__rosidl_typesupport_fastrtps_c.h
[8.509s] -- Installing: /home/urc/new-GUI/install/rover_gui_lib/include/rover_gui_lib/rover_gui_lib/msg/detail/ed_waypoint_list__rosidl_typesupport_fastrtps_c.h
[8.509s] -- Installing: /home/urc/new-GUI/install/rover_gui_lib/lib/librover_gui_lib__rosidl_typesupport_fastrtps_c.so
[8.509s] -- Set runtime path of "/home/urc/new-GUI/install/rover_gui_lib/lib/librover_gui_lib__rosidl_typesupport_fastrtps_c.so" to ""
[8.509s] -- Up-to-date: /home/urc/new-GUI/install/rover_gui_lib/include/rover_gui_lib/rover_gui_lib
[8.509s] -- Up-to-date: /home/urc/new-GUI/install/rover_gui_lib/include/rover_gui_lib/rover_gui_lib/msg
[8.509s] -- Installing: /home/urc/new-GUI/install/rover_gui_lib/include/rover_gui_lib/rover_gui_lib/msg/rosidl_typesupport_introspection_c__visibility_control.h
[8.509s] -- Up-to-date: /home/urc/new-GUI/install/rover_gui_lib/include/rover_gui_lib/rover_gui_lib/msg/detail
[8.509s] -- Installing: /home/urc/new-GUI/install/rover_gui_lib/include/rover_gui_lib/rover_gui_lib/msg/detail/ed_waypoint_list__type_support.c
[8.510s] -- Installing: /home/urc/new-GUI/install/rover_gui_lib/include/rover_gui_lib/rover_gui_lib/msg/detail/ed_waypoint__rosidl_typesupport_introspection_c.h
[8.510s] -- Installing: /home/urc/new-GUI/install/rover_gui_lib/include/rover_gui_lib/rover_gui_lib/msg/detail/ed_waypoint_list__rosidl_typesupport_introspection_c.h
[8.510s] -- Installing: /home/urc/new-GUI/install/rover_gui_lib/include/rover_gui_lib/rover_gui_lib/msg/detail/ed_waypoint__type_support.c
[8.510s] -- Installing: /home/urc/new-GUI/install/rover_gui_lib/lib/librover_gui_lib__rosidl_typesupport_introspection_c.so
[8.510s] -- Set runtime path of "/home/urc/new-GUI/install/rover_gui_lib/lib/librover_gui_lib__rosidl_typesupport_introspection_c.so" to ""
[8.510s] -- Installing: /home/urc/new-GUI/install/rover_gui_lib/lib/librover_gui_lib__rosidl_typesupport_c.so
[8.510s] -- Set runtime path of "/home/urc/new-GUI/install/rover_gui_lib/lib/librover_gui_lib__rosidl_typesupport_c.so" to ""
[8.510s] -- Up-to-date: /home/urc/new-GUI/install/rover_gui_lib/include/rover_gui_lib/rover_gui_lib
[8.510s] -- Up-to-date: /home/urc/new-GUI/install/rover_gui_lib/include/rover_gui_lib/rover_gui_lib/msg
[8.510s] -- Installing: /home/urc/new-GUI/install/rover_gui_lib/include/rover_gui_lib/rover_gui_lib/msg/ed_waypoint_list.hpp
[8.510s] -- Installing: /home/urc/new-GUI/install/rover_gui_lib/include/rover_gui_lib/rover_gui_lib/msg/ed_waypoint.hpp
[8.511s] -- Up-to-date: /home/urc/new-GUI/install/rover_gui_lib/include/rover_gui_lib/rover_gui_lib/msg/detail
[8.511s] -- Installing: /home/urc/new-GUI/install/rover_gui_lib/include/rover_gui_lib/rover_gui_lib/msg/detail/ed_waypoint__builder.hpp
[8.511s] -- Installing: /home/urc/new-GUI/install/rover_gui_lib/include/rover_gui_lib/rover_gui_lib/msg/detail/ed_waypoint_list__traits.hpp
[8.511s] -- Installing: /home/urc/new-GUI/install/rover_gui_lib/include/rover_gui_lib/rover_gui_lib/msg/detail/ed_waypoint__traits.hpp
[8.511s] -- Installing: /home/urc/new-GUI/install/rover_gui_lib/include/rover_gui_lib/rover_gui_lib/msg/detail/ed_waypoint_list__struct.hpp
[8.511s] -- Installing: /home/urc/new-GUI/install/rover_gui_lib/include/rover_gui_lib/rover_gui_lib/msg/detail/ed_waypoint_list__builder.hpp
[8.511s] -- Installing: /home/urc/new-GUI/install/rover_gui_lib/include/rover_gui_lib/rover_gui_lib/msg/detail/ed_waypoint__struct.hpp
[8.511s] -- Up-to-date: /home/urc/new-GUI/install/rover_gui_lib/include/rover_gui_lib/rover_gui_lib
[8.511s] -- Up-to-date: /home/urc/new-GUI/install/rover_gui_lib/include/rover_gui_lib/rover_gui_lib/msg
[8.511s] -- Installing: /home/urc/new-GUI/install/rover_gui_lib/include/rover_gui_lib/rover_gui_lib/msg/rosidl_typesupport_fastrtps_cpp__visibility_control.h
[8.511s] -- Up-to-date: /home/urc/new-GUI/install/rover_gui_lib/include/rover_gui_lib/rover_gui_lib/msg/detail
[8.512s] -- Installing: /home/urc/new-GUI/install/rover_gui_lib/include/rover_gui_lib/rover_gui_lib/msg/detail/ed_waypoint__rosidl_typesupport_fastrtps_cpp.hpp
[8.512s] -- Installing: /home/urc/new-GUI/install/rover_gui_lib/include/rover_gui_lib/rover_gui_lib/msg/detail/ed_waypoint_list__rosidl_typesupport_fastrtps_cpp.hpp
[8.512s] -- Installing: /home/urc/new-GUI/install/rover_gui_lib/include/rover_gui_lib/rover_gui_lib/msg/detail/dds_fastrtps
[8.512s] -- Installing: /home/urc/new-GUI/install/rover_gui_lib/lib/librover_gui_lib__rosidl_typesupport_fastrtps_cpp.so
[8.512s] -- Set runtime path of "/home/urc/new-GUI/install/rover_gui_lib/lib/librover_gui_lib__rosidl_typesupport_fastrtps_cpp.so" to ""
[8.512s] -- Up-to-date: /home/urc/new-GUI/install/rover_gui_lib/include/rover_gui_lib/rover_gui_lib
[8.512s] -- Up-to-date: /home/urc/new-GUI/install/rover_gui_lib/include/rover_gui_lib/rover_gui_lib/msg
[8.512s] -- Up-to-date: /home/urc/new-GUI/install/rover_gui_lib/include/rover_gui_lib/rover_gui_lib/msg/detail
[8.512s] -- Installing: /home/urc/new-GUI/install/rover_gui_lib/include/rover_gui_lib/rover_gui_lib/msg/detail/ed_waypoint__rosidl_typesupport_introspection_cpp.hpp
[8.513s] -- Installing: /home/urc/new-GUI/install/rover_gui_lib/include/rover_gui_lib/rover_gui_lib/msg/detail/ed_waypoint_list__rosidl_typesupport_introspection_cpp.hpp
[8.513s] -- Installing: /home/urc/new-GUI/install/rover_gui_lib/include/rover_gui_lib/rover_gui_lib/msg/detail/ed_waypoint__type_support.cpp
[8.513s] -- Installing: /home/urc/new-GUI/install/rover_gui_lib/include/rover_gui_lib/rover_gui_lib/msg/detail/ed_waypoint_list__type_support.cpp
[8.513s] -- Installing: /home/urc/new-GUI/install/rover_gui_lib/lib/librover_gui_lib__rosidl_typesupport_introspection_cpp.so
[8.513s] -- Set runtime path of "/home/urc/new-GUI/install/rover_gui_lib/lib/librover_gui_lib__rosidl_typesupport_introspection_cpp.so" to ""
[8.513s] -- Installing: /home/urc/new-GUI/install/rover_gui_lib/lib/librover_gui_lib__rosidl_typesupport_cpp.so
[8.513s] -- Set runtime path of "/home/urc/new-GUI/install/rover_gui_lib/lib/librover_gui_lib__rosidl_typesupport_cpp.so" to ""
[8.513s] -- Installing: /home/urc/new-GUI/install/rover_gui_lib/share/rover_gui_lib/environment/pythonpath.sh
[8.513s] -- Installing: /home/urc/new-GUI/install/rover_gui_lib/share/rover_gui_lib/environment/pythonpath.dsv
[8.513s] -- Installing: /home/urc/new-GUI/install/rover_gui_lib/local/lib/python3.10/dist-packages/rover_gui_lib-0.0.0-py3.10.egg-info
[8.514s] -- Installing: /home/urc/new-GUI/install/rover_gui_lib/local/lib/python3.10/dist-packages/rover_gui_lib-0.0.0-py3.10.egg-info/PKG-INFO
[8.514s] -- Installing: /home/urc/new-GUI/install/rover_gui_lib/local/lib/python3.10/dist-packages/rover_gui_lib-0.0.0-py3.10.egg-info/dependency_links.txt
[8.514s] -- Installing: /home/urc/new-GUI/install/rover_gui_lib/local/lib/python3.10/dist-packages/rover_gui_lib-0.0.0-py3.10.egg-info/top_level.txt
[8.514s] -- Installing: /home/urc/new-GUI/install/rover_gui_lib/local/lib/python3.10/dist-packages/rover_gui_lib-0.0.0-py3.10.egg-info/SOURCES.txt
[8.514s] -- Installing: /home/urc/new-GUI/install/rover_gui_lib/local/lib/python3.10/dist-packages/rover_gui_lib
[8.514s] -- Installing: /home/urc/new-GUI/install/rover_gui_lib/local/lib/python3.10/dist-packages/rover_gui_lib/librover_gui_lib__rosidl_generator_py.so
[8.514s] -- Installing: /home/urc/new-GUI/install/rover_gui_lib/local/lib/python3.10/dist-packages/rover_gui_lib/rover_gui_lib_s__rosidl_typesupport_fastrtps_c.cpython-310-x86_64-linux-gnu.so
[8.514s] -- Installing: /home/urc/new-GUI/install/rover_gui_lib/local/lib/python3.10/dist-packages/rover_gui_lib/msg
[8.514s] -- Installing: /home/urc/new-GUI/install/rover_gui_lib/local/lib/python3.10/dist-packages/rover_gui_lib/msg/_ed_waypoint_list_s.c
[8.514s] -- Installing: /home/urc/new-GUI/install/rover_gui_lib/local/lib/python3.10/dist-packages/rover_gui_lib/msg/_ed_waypoint_s.c
[8.514s] -- Installing: /home/urc/new-GUI/install/rover_gui_lib/local/lib/python3.10/dist-packages/rover_gui_lib/msg/__init__.py
[8.515s] -- Installing: /home/urc/new-GUI/install/rover_gui_lib/local/lib/python3.10/dist-packages/rover_gui_lib/msg/_ed_waypoint_list.py
[8.515s] -- Installing: /home/urc/new-GUI/install/rover_gui_lib/local/lib/python3.10/dist-packages/rover_gui_lib/msg/_ed_waypoint.py
[8.515s] -- Installing: /home/urc/new-GUI/install/rover_gui_lib/local/lib/python3.10/dist-packages/rover_gui_lib/__init__.py
[8.515s] -- Installing: /home/urc/new-GUI/install/rover_gui_lib/local/lib/python3.10/dist-packages/rover_gui_lib/_rover_gui_lib_s.ep.rosidl_typesupport_fastrtps_c.c
[8.515s] -- Installing: /home/urc/new-GUI/install/rover_gui_lib/local/lib/python3.10/dist-packages/rover_gui_lib/rover_gui_lib_s__rosidl_typesupport_introspection_c.cpython-310-x86_64-linux-gnu.so
[8.515s] -- Installing: /home/urc/new-GUI/install/rover_gui_lib/local/lib/python3.10/dist-packages/rover_gui_lib/rover_gui_lib_s__rosidl_typesupport_c.cpython-310-x86_64-linux-gnu.so
[8.515s] -- Installing: /home/urc/new-GUI/install/rover_gui_lib/local/lib/python3.10/dist-packages/rover_gui_lib/_rover_gui_lib_s.ep.rosidl_typesupport_introspection_c.c
[8.515s] -- Installing: /home/urc/new-GUI/install/rover_gui_lib/local/lib/python3.10/dist-packages/rover_gui_lib/_rover_gui_lib_s.ep.rosidl_typesupport_c.c
[8.562s] Listing '/home/urc/new-GUI/install/rover_gui_lib/local/lib/python3.10/dist-packages/rover_gui_lib'...
[8.562s] Compiling '/home/urc/new-GUI/install/rover_gui_lib/local/lib/python3.10/dist-packages/rover_gui_lib/__init__.py'...
[8.562s] Listing '/home/urc/new-GUI/install/rover_gui_lib/local/lib/python3.10/dist-packages/rover_gui_lib/msg'...
[8.562s] Compiling '/home/urc/new-GUI/install/rover_gui_lib/local/lib/python3.10/dist-packages/rover_gui_lib/msg/__init__.py'...
[8.562s] Compiling '/home/urc/new-GUI/install/rover_gui_lib/local/lib/python3.10/dist-packages/rover_gui_lib/msg/_ed_waypoint.py'...
[8.562s] Compiling '/home/urc/new-GUI/install/rover_gui_lib/local/lib/python3.10/dist-packages/rover_gui_lib/msg/_ed_waypoint_list.py'...
[8.568s] -- Installing: /home/urc/new-GUI/install/rover_gui_lib/local/lib/python3.10/dist-packages/rover_gui_lib/rover_gui_lib_s__rosidl_typesupport_fastrtps_c.cpython-310-x86_64-linux-gnu.so
[8.569s] -- Set runtime path of "/home/urc/new-GUI/install/rover_gui_lib/local/lib/python3.10/dist-packages/rover_gui_lib/rover_gui_lib_s__rosidl_typesupport_fastrtps_c.cpython-310-x86_64-linux-gnu.so" to ""
[8.569s] -- Installing: /home/urc/new-GUI/install/rover_gui_lib/local/lib/python3.10/dist-packages/rover_gui_lib/rover_gui_lib_s__rosidl_typesupport_introspection_c.cpython-310-x86_64-linux-gnu.so
[8.569s] -- Set runtime path of "/home/urc/new-GUI/install/rover_gui_lib/local/lib/python3.10/dist-packages/rover_gui_lib/rover_gui_lib_s__rosidl_typesupport_introspection_c.cpython-310-x86_64-linux-gnu.so" to ""
[8.569s] -- Installing: /home/urc/new-GUI/install/rover_gui_lib/local/lib/python3.10/dist-packages/rover_gui_lib/rover_gui_lib_s__rosidl_typesupport_c.cpython-310-x86_64-linux-gnu.so
[8.570s] -- Set runtime path of "/home/urc/new-GUI/install/rover_gui_lib/local/lib/python3.10/dist-packages/rover_gui_lib/rover_gui_lib_s__rosidl_typesupport_c.cpython-310-x86_64-linux-gnu.so" to ""
[8.570s] -- Installing: /home/urc/new-GUI/install/rover_gui_lib/lib/librover_gui_lib__rosidl_generator_py.so
[8.570s] -- Set runtime path of "/home/urc/new-GUI/install/rover_gui_lib/lib/librover_gui_lib__rosidl_generator_py.so" to ""
[8.570s] -- Installing: /home/urc/new-GUI/install/rover_gui_lib/share/rover_gui_lib/msg/EDWaypoint.idl
[8.570s] -- Installing: /home/urc/new-GUI/install/rover_gui_lib/share/rover_gui_lib/msg/EDWaypointList.idl
[8.571s] -- Installing: /home/urc/new-GUI/install/rover_gui_lib/share/rover_gui_lib/msg/EDWaypoint.msg
[8.571s] -- Installing: /home/urc/new-GUI/install/rover_gui_lib/share/rover_gui_lib/msg/EDWaypointList.msg
[8.572s] -- Installing: /home/urc/new-GUI/install/rover_gui_lib/share/ament_index/resource_index/package_run_dependencies/rover_gui_lib
[8.572s] -- Installing: /home/urc/new-GUI/install/rover_gui_lib/share/ament_index/resource_index/parent_prefix_path/rover_gui_lib
[8.572s] -- Installing: /home/urc/new-GUI/install/rover_gui_lib/share/rover_gui_lib/environment/ament_prefix_path.sh
[8.572s] -- Installing: /home/urc/new-GUI/install/rover_gui_lib/share/rover_gui_lib/environment/ament_prefix_path.dsv
[8.572s] -- Installing: /home/urc/new-GUI/install/rover_gui_lib/share/rover_gui_lib/environment/path.sh
[8.572s] -- Installing: /home/urc/new-GUI/install/rover_gui_lib/share/rover_gui_lib/environment/path.dsv
[8.572s] -- Installing: /home/urc/new-GUI/install/rover_gui_lib/share/rover_gui_lib/local_setup.bash
[8.572s] -- Installing: /home/urc/new-GUI/install/rover_gui_lib/share/rover_gui_lib/local_setup.sh
[8.573s] -- Installing: /home/urc/new-GUI/install/rover_gui_lib/share/rover_gui_lib/local_setup.zsh
[8.573s] -- Installing: /home/urc/new-GUI/install/rover_gui_lib/share/rover_gui_lib/local_setup.dsv
[8.573s] -- Installing: /home/urc/new-GUI/install/rover_gui_lib/share/rover_gui_lib/package.dsv
[8.573s] -- Installing: /home/urc/new-GUI/install/rover_gui_lib/share/ament_index/resource_index/packages/rover_gui_lib
[8.573s] -- Installing: /home/urc/new-GUI/install/rover_gui_lib/share/rover_gui_lib/cmake/export_rover_gui_lib__rosidl_generator_cExport.cmake
[8.573s] -- Installing: /home/urc/new-GUI/install/rover_gui_lib/share/rover_gui_lib/cmake/export_rover_gui_lib__rosidl_generator_cExport-noconfig.cmake
[8.573s] -- Installing: /home/urc/new-GUI/install/rover_gui_lib/share/rover_gui_lib/cmake/export_rover_gui_lib__rosidl_typesupport_fastrtps_cExport.cmake
[8.574s] -- Installing: /home/urc/new-GUI/install/rover_gui_lib/share/rover_gui_lib/cmake/export_rover_gui_lib__rosidl_typesupport_fastrtps_cExport-noconfig.cmake
[8.574s] -- Installing: /home/urc/new-GUI/install/rover_gui_lib/share/rover_gui_lib/cmake/rover_gui_lib__rosidl_typesupport_introspection_cExport.cmake
[8.574s] -- Installing: /home/urc/new-GUI/install/rover_gui_lib/share/rover_gui_lib/cmake/rover_gui_lib__rosidl_typesupport_introspection_cExport-noconfig.cmake
[8.574s] -- Installing: /home/urc/new-GUI/install/rover_gui_lib/share/rover_gui_lib/cmake/rover_gui_lib__rosidl_typesupport_cExport.cmake
[8.574s] -- Installing: /home/urc/new-GUI/install/rover_gui_lib/share/rover_gui_lib/cmake/rover_gui_lib__rosidl_typesupport_cExport-noconfig.cmake
[8.574s] -- Installing: /home/urc/new-GUI/install/rover_gui_lib/share/rover_gui_lib/cmake/export_rover_gui_lib__rosidl_generator_cppExport.cmake
[8.575s] -- Installing: /home/urc/new-GUI/install/rover_gui_lib/share/rover_gui_lib/cmake/export_rover_gui_lib__rosidl_typesupport_fastrtps_cppExport.cmake
[8.575s] -- Installing: /home/urc/new-GUI/install/rover_gui_lib/share/rover_gui_lib/cmake/export_rover_gui_lib__rosidl_typesupport_fastrtps_cppExport-noconfig.cmake
[8.575s] -- Installing: /home/urc/new-GUI/install/rover_gui_lib/share/rover_gui_lib/cmake/rover_gui_lib__rosidl_typesupport_introspection_cppExport.cmake
[8.575s] -- Installing: /home/urc/new-GUI/install/rover_gui_lib/share/rover_gui_lib/cmake/rover_gui_lib__rosidl_typesupport_introspection_cppExport-noconfig.cmake
[8.575s] -- Installing: /home/urc/new-GUI/install/rover_gui_lib/share/rover_gui_lib/cmake/rover_gui_lib__rosidl_typesupport_cppExport.cmake
[8.576s] -- Installing: /home/urc/new-GUI/install/rover_gui_lib/share/rover_gui_lib/cmake/rover_gui_lib__rosidl_typesupport_cppExport-noconfig.cmake
[8.576s] -- Installing: /home/urc/new-GUI/install/rover_gui_lib/share/rover_gui_lib/cmake/export_rover_gui_lib__rosidl_generator_pyExport.cmake
[8.576s] -- Installing: /home/urc/new-GUI/install/rover_gui_lib/share/rover_gui_lib/cmake/export_rover_gui_lib__rosidl_generator_pyExport-noconfig.cmake
[8.576s] -- Installing: /home/urc/new-GUI/install/rover_gui_lib/share/rover_gui_lib/cmake/rosidl_cmake-extras.cmake
[8.576s] -- Installing: /home/urc/new-GUI/install/rover_gui_lib/share/rover_gui_lib/cmake/ament_cmake_export_dependencies-extras.cmake
[8.576s] -- Installing: /home/urc/new-GUI/install/rover_gui_lib/share/rover_gui_lib/cmake/ament_cmake_export_include_directories-extras.cmake
[8.577s] -- Installing: /home/urc/new-GUI/install/rover_gui_lib/share/rover_gui_lib/cmake/ament_cmake_export_libraries-extras.cmake
[8.577s] -- Installing: /home/urc/new-GUI/install/rover_gui_lib/share/rover_gui_lib/cmake/ament_cmake_export_targets-extras.cmake
[8.577s] -- Installing: /home/urc/new-GUI/install/rover_gui_lib/share/rover_gui_lib/cmake/rosidl_cmake_export_typesupport_targets-extras.cmake
[8.577s] -- Installing: /home/urc/new-GUI/install/rover_gui_lib/share/rover_gui_lib/cmake/rosidl_cmake_export_typesupport_libraries-extras.cmake
[8.577s] -- Installing: /home/urc/new-GUI/install/rover_gui_lib/share/rover_gui_lib/cmake/rover_gui_libConfig.cmake
[8.578s] -- Installing: /home/urc/new-GUI/install/rover_gui_lib/share/rover_gui_lib/cmake/rover_gui_libConfig-version.cmake
[8.578s] -- Installing: /home/urc/new-GUI/install/rover_gui_lib/share/rover_gui_lib/package.xml
[8.580s] Invoked command in '/home/urc/new-GUI/build/rover_gui_lib' returned '0': CMAKE_PREFIX_PATH=/home/urc/new-GUI/install/urc_gui_lib:/home/urc/new-GUI/install/theora_webcams:/home/urc/new-GUI/install/marker_interfacing:/home/urc/new-GUI/install/aruco_finder LD_LIBRARY_PATH=/home/urc/new-GUI/install/theora_webcams/lib:/home/urc/new-GUI/install/marker_interfacing/lib:/home/urc/new-GUI/install/aruco_finder/lib:/opt/ros/humble/opt/rviz_ogre_vendor/lib:/opt/ros/humble/lib/x86_64-linux-gnu:/opt/ros/humble/lib PKG_CONFIG_PATH=/home/urc/new-GUI/install/urc_gui_lib/lib/x86_64-linux-gnu/pkgconfig:/home/urc/new-GUI/install/urc_gui_lib/lib/pkgconfig ROS_PACKAGE_PATH=/home/urc/new-GUI/install/urc_gui_lib/share /usr/bin/cmake --install /home/urc/new-GUI/build/rover_gui_lib
