[1.971s] DEBUG:colcon:Command line arguments: ['/usr/bin/colcon', 'build']
[1.971s] DEBUG:colcon:Parsed command line arguments: Namespace(log_base=None, log_level=None, verb_name='build', build_base='build', install_base='install', merge_install=False, symlink_install=False, test_result_base=None, continue_on_error=False, executor='parallel', parallel_workers=4, event_handlers=None, ignore_user_meta=False, metas=['./colcon.meta'], base_paths=['.'], packages_ignore=None, packages_ignore_regex=None, paths=None, packages_up_to=None, packages_up_to_regex=None, packages_above=None, packages_above_and_dependencies=None, packages_above_depth=None, packages_select_by_dep=None, packages_skip_by_dep=None, packages_skip_up_to=None, packages_select_build_failed=False, packages_skip_build_finished=False, packages_select_test_failures=False, packages_skip_test_passed=False, packages_select=None, packages_skip=None, packages_select_regex=None, packages_skip_regex=None, packages_start=None, packages_end=None, allow_overriding=[], cmake_args=None, cmake_target=None, cmake_target_skip_unavailable=False, cmake_clean_cache=False, cmake_clean_first=False, cmake_force_configure=False, ament_cmake_args=None, catkin_cmake_args=None, catkin_skip_building_tests=False, verb_parser=<colcon_defaults.argument_parser.defaults.DefaultArgumentsDecorator object at 0x7f07ccc1d750>, verb_extension=<colcon_core.verb.build.BuildVerb object at 0x7f07cd026ce0>, main=<bound method BuildVerb.main of <colcon_core.verb.build.BuildVerb object at 0x7f07cd026ce0>>)
[2.057s] Level 1:colcon.colcon_core.package_discovery:discover_packages(colcon_meta) check parameters
[2.058s] Level 1:colcon.colcon_core.package_discovery:discover_packages(recursive) check parameters
[2.058s] Level 1:colcon.colcon_core.package_discovery:discover_packages(ignore) check parameters
[2.058s] Level 1:colcon.colcon_core.package_discovery:discover_packages(path) check parameters
[2.058s] Level 1:colcon.colcon_core.package_discovery:discover_packages(colcon_meta) discover
[2.058s] Level 1:colcon.colcon_core.package_discovery:discover_packages(recursive) discover
[2.058s] INFO:colcon.colcon_core.package_discovery:Crawling recursively for packages in '/home/urc/new-GUI'
[2.059s] Level 1:colcon.colcon_core.package_identification:_identify(.) by extensions ['ignore', 'ignore_ament_install']
[2.059s] Level 1:colcon.colcon_core.package_identification:_identify(.) by extension 'ignore'
[2.059s] Level 1:colcon.colcon_core.package_identification:_identify(.) by extension 'ignore_ament_install'
[2.059s] Level 1:colcon.colcon_core.package_identification:_identify(.) by extensions ['colcon_pkg']
[2.059s] Level 1:colcon.colcon_core.package_identification:_identify(.) by extension 'colcon_pkg'
[2.059s] Level 1:colcon.colcon_core.package_identification:_identify(.) by extensions ['colcon_meta']
[2.059s] Level 1:colcon.colcon_core.package_identification:_identify(.) by extension 'colcon_meta'
[2.059s] Level 1:colcon.colcon_core.package_identification:_identify(.) by extensions ['ros']
[2.059s] Level 1:colcon.colcon_core.package_identification:_identify(.) by extension 'ros'
[2.079s] Level 1:colcon.colcon_core.package_identification:_identify(.) by extensions ['cmake', 'python']
[2.079s] Level 1:colcon.colcon_core.package_identification:_identify(.) by extension 'cmake'
[2.079s] Level 1:colcon.colcon_core.package_identification:_identify(.) by extension 'python'
[2.080s] Level 1:colcon.colcon_core.package_identification:_identify(.) by extensions ['python_setup_py']
[2.080s] Level 1:colcon.colcon_core.package_identification:_identify(.) by extension 'python_setup_py'
[2.080s] Level 1:colcon.colcon_core.package_identification:_identify(build) by extensions ['ignore', 'ignore_ament_install']
[2.081s] Level 1:colcon.colcon_core.package_identification:_identify(build) by extension 'ignore'
[2.081s] Level 1:colcon.colcon_core.package_identification:_identify(build) ignored
[2.081s] Level 1:colcon.colcon_core.package_identification:_identify(install) by extensions ['ignore', 'ignore_ament_install']
[2.081s] Level 1:colcon.colcon_core.package_identification:_identify(install) by extension 'ignore'
[2.081s] Level 1:colcon.colcon_core.package_identification:_identify(install) ignored
[2.081s] Level 1:colcon.colcon_core.package_identification:_identify(log) by extensions ['ignore', 'ignore_ament_install']
[2.082s] Level 1:colcon.colcon_core.package_identification:_identify(log) by extension 'ignore'
[2.082s] Level 1:colcon.colcon_core.package_identification:_identify(log) ignored
[2.082s] Level 1:colcon.colcon_core.package_identification:_identify(src) by extensions ['ignore', 'ignore_ament_install']
[2.082s] Level 1:colcon.colcon_core.package_identification:_identify(src) by extension 'ignore'
[2.082s] Level 1:colcon.colcon_core.package_identification:_identify(src) by extension 'ignore_ament_install'
[2.082s] Level 1:colcon.colcon_core.package_identification:_identify(src) by extensions ['colcon_pkg']
[2.082s] Level 1:colcon.colcon_core.package_identification:_identify(src) by extension 'colcon_pkg'
[2.082s] Level 1:colcon.colcon_core.package_identification:_identify(src) by extensions ['colcon_meta']
[2.082s] Level 1:colcon.colcon_core.package_identification:_identify(src) by extension 'colcon_meta'
[2.083s] Level 1:colcon.colcon_core.package_identification:_identify(src) by extensions ['ros']
[2.083s] Level 1:colcon.colcon_core.package_identification:_identify(src) by extension 'ros'
[2.083s] Level 1:colcon.colcon_core.package_identification:_identify(src) by extensions ['cmake', 'python']
[2.083s] Level 1:colcon.colcon_core.package_identification:_identify(src) by extension 'cmake'
[2.083s] Level 1:colcon.colcon_core.package_identification:_identify(src) by extension 'python'
[2.083s] Level 1:colcon.colcon_core.package_identification:_identify(src) by extensions ['python_setup_py']
[2.083s] Level 1:colcon.colcon_core.package_identification:_identify(src) by extension 'python_setup_py'
[2.083s] Level 1:colcon.colcon_core.package_identification:_identify(src/aruco_finder) by extensions ['ignore', 'ignore_ament_install']
[2.083s] Level 1:colcon.colcon_core.package_identification:_identify(src/aruco_finder) by extension 'ignore'
[2.083s] Level 1:colcon.colcon_core.package_identification:_identify(src/aruco_finder) by extension 'ignore_ament_install'
[2.084s] Level 1:colcon.colcon_core.package_identification:_identify(src/aruco_finder) by extensions ['colcon_pkg']
[2.084s] Level 1:colcon.colcon_core.package_identification:_identify(src/aruco_finder) by extension 'colcon_pkg'
[2.084s] Level 1:colcon.colcon_core.package_identification:_identify(src/aruco_finder) by extensions ['colcon_meta']
[2.084s] Level 1:colcon.colcon_core.package_identification:_identify(src/aruco_finder) by extension 'colcon_meta'
[2.084s] Level 1:colcon.colcon_core.package_identification:_identify(src/aruco_finder) by extensions ['ros']
[2.084s] Level 1:colcon.colcon_core.package_identification:_identify(src/aruco_finder) by extension 'ros'
[2.089s] DEBUG:colcon.colcon_core.package_identification:Package 'src/aruco_finder' with type 'ros.ament_cmake' and name 'aruco_finder'
[2.090s] Level 1:colcon.colcon_core.package_identification:_identify(src/gui_window) by extensions ['ignore', 'ignore_ament_install']
[2.090s] Level 1:colcon.colcon_core.package_identification:_identify(src/gui_window) by extension 'ignore'
[2.090s] Level 1:colcon.colcon_core.package_identification:_identify(src/gui_window) by extension 'ignore_ament_install'
[2.090s] Level 1:colcon.colcon_core.package_identification:_identify(src/gui_window) by extensions ['colcon_pkg']
[2.090s] Level 1:colcon.colcon_core.package_identification:_identify(src/gui_window) by extension 'colcon_pkg'
[2.090s] Level 1:colcon.colcon_core.package_identification:_identify(src/gui_window) by extensions ['colcon_meta']
[2.090s] Level 1:colcon.colcon_core.package_identification:_identify(src/gui_window) by extension 'colcon_meta'
[2.090s] Level 1:colcon.colcon_core.package_identification:_identify(src/gui_window) by extensions ['ros']
[2.090s] Level 1:colcon.colcon_core.package_identification:_identify(src/gui_window) by extension 'ros'
[2.091s] DEBUG:colcon.colcon_core.package_identification:Package 'src/gui_window' with type 'ros.ament_python' and name 'gui_window'
[2.091s] Level 1:colcon.colcon_core.package_identification:_identify(src/theora_webcams) by extensions ['ignore', 'ignore_ament_install']
[2.092s] Level 1:colcon.colcon_core.package_identification:_identify(src/theora_webcams) by extension 'ignore'
[2.092s] Level 1:colcon.colcon_core.package_identification:_identify(src/theora_webcams) by extension 'ignore_ament_install'
[2.092s] Level 1:colcon.colcon_core.package_identification:_identify(src/theora_webcams) by extensions ['colcon_pkg']
[2.092s] Level 1:colcon.colcon_core.package_identification:_identify(src/theora_webcams) by extension 'colcon_pkg'
[2.092s] Level 1:colcon.colcon_core.package_identification:_identify(src/theora_webcams) by extensions ['colcon_meta']
[2.092s] Level 1:colcon.colcon_core.package_identification:_identify(src/theora_webcams) by extension 'colcon_meta'
[2.092s] Level 1:colcon.colcon_core.package_identification:_identify(src/theora_webcams) by extensions ['ros']
[2.092s] Level 1:colcon.colcon_core.package_identification:_identify(src/theora_webcams) by extension 'ros'
[2.096s] DEBUG:colcon.colcon_core.package_identification:Package 'src/theora_webcams' with type 'ros.ament_cmake' and name 'theora_webcams'
[2.096s] Level 1:colcon.colcon_core.package_discovery:discover_packages(recursive) using defaults
[2.096s] Level 1:colcon.colcon_core.package_discovery:discover_packages(ignore) discover
[2.096s] Level 1:colcon.colcon_core.package_discovery:discover_packages(ignore) using defaults
[2.096s] Level 1:colcon.colcon_core.package_discovery:discover_packages(path) discover
[2.096s] Level 1:colcon.colcon_core.package_discovery:discover_packages(path) using defaults
[2.313s] Level 1:colcon.colcon_core.package_discovery:discover_packages(prefix_path) check parameters
[2.313s] Level 1:colcon.colcon_core.package_discovery:discover_packages(prefix_path) discover
[2.389s] DEBUG:colcon.colcon_installed_package_information.package_discovery:Found 6 installed packages in /home/urc/new-GUI/install
[2.425s] DEBUG:colcon.colcon_installed_package_information.package_discovery:Found 288 installed packages in /opt/ros/humble
[2.449s] Level 1:colcon.colcon_core.package_discovery:discover_packages(prefix_path) using defaults
[2.683s] Level 5:colcon.colcon_core.verb:set package 'aruco_finder' build argument 'cmake_args' from command line to 'None'
[2.683s] Level 5:colcon.colcon_core.verb:set package 'aruco_finder' build argument 'cmake_target' from command line to 'None'
[2.683s] Level 5:colcon.colcon_core.verb:set package 'aruco_finder' build argument 'cmake_target_skip_unavailable' from command line to 'False'
[2.683s] Level 5:colcon.colcon_core.verb:set package 'aruco_finder' build argument 'cmake_clean_cache' from command line to 'False'
[2.683s] Level 5:colcon.colcon_core.verb:set package 'aruco_finder' build argument 'cmake_clean_first' from command line to 'False'
[2.683s] Level 5:colcon.colcon_core.verb:set package 'aruco_finder' build argument 'cmake_force_configure' from command line to 'False'
[2.683s] Level 5:colcon.colcon_core.verb:set package 'aruco_finder' build argument 'ament_cmake_args' from command line to 'None'
[2.683s] Level 5:colcon.colcon_core.verb:set package 'aruco_finder' build argument 'catkin_cmake_args' from command line to 'None'
[2.683s] Level 5:colcon.colcon_core.verb:set package 'aruco_finder' build argument 'catkin_skip_building_tests' from command line to 'False'
[2.683s] DEBUG:colcon.colcon_core.verb:Building package 'aruco_finder' with the following arguments: {'ament_cmake_args': None, 'build_base': '/home/urc/new-GUI/build/aruco_finder', 'catkin_cmake_args': None, 'catkin_skip_building_tests': False, 'cmake_args': None, 'cmake_clean_cache': False, 'cmake_clean_first': False, 'cmake_force_configure': False, 'cmake_target': None, 'cmake_target_skip_unavailable': False, 'install_base': '/home/urc/new-GUI/install/aruco_finder', 'merge_install': False, 'path': '/home/urc/new-GUI/src/aruco_finder', 'symlink_install': False, 'test_result_base': None}
[2.722s] Level 5:colcon.colcon_core.verb:set package 'gui_window' build argument 'cmake_args' from command line to 'None'
[2.722s] Level 5:colcon.colcon_core.verb:set package 'gui_window' build argument 'cmake_target' from command line to 'None'
[2.722s] Level 5:colcon.colcon_core.verb:set package 'gui_window' build argument 'cmake_target_skip_unavailable' from command line to 'False'
[2.722s] Level 5:colcon.colcon_core.verb:set package 'gui_window' build argument 'cmake_clean_cache' from command line to 'False'
[2.722s] Level 5:colcon.colcon_core.verb:set package 'gui_window' build argument 'cmake_clean_first' from command line to 'False'
[2.722s] Level 5:colcon.colcon_core.verb:set package 'gui_window' build argument 'cmake_force_configure' from command line to 'False'
[2.722s] Level 5:colcon.colcon_core.verb:set package 'gui_window' build argument 'ament_cmake_args' from command line to 'None'
[2.722s] Level 5:colcon.colcon_core.verb:set package 'gui_window' build argument 'catkin_cmake_args' from command line to 'None'
[2.722s] Level 5:colcon.colcon_core.verb:set package 'gui_window' build argument 'catkin_skip_building_tests' from command line to 'False'
[2.722s] DEBUG:colcon.colcon_core.verb:Building package 'gui_window' with the following arguments: {'ament_cmake_args': None, 'build_base': '/home/urc/new-GUI/build/gui_window', 'catkin_cmake_args': None, 'catkin_skip_building_tests': False, 'cmake_args': None, 'cmake_clean_cache': False, 'cmake_clean_first': False, 'cmake_force_configure': False, 'cmake_target': None, 'cmake_target_skip_unavailable': False, 'install_base': '/home/urc/new-GUI/install/gui_window', 'merge_install': False, 'path': '/home/urc/new-GUI/src/gui_window', 'symlink_install': False, 'test_result_base': None}
[2.759s] Level 5:colcon.colcon_core.verb:set package 'theora_webcams' build argument 'cmake_args' from command line to 'None'
[2.759s] Level 5:colcon.colcon_core.verb:set package 'theora_webcams' build argument 'cmake_target' from command line to 'None'
[2.759s] Level 5:colcon.colcon_core.verb:set package 'theora_webcams' build argument 'cmake_target_skip_unavailable' from command line to 'False'
[2.759s] Level 5:colcon.colcon_core.verb:set package 'theora_webcams' build argument 'cmake_clean_cache' from command line to 'False'
[2.759s] Level 5:colcon.colcon_core.verb:set package 'theora_webcams' build argument 'cmake_clean_first' from command line to 'False'
[2.759s] Level 5:colcon.colcon_core.verb:set package 'theora_webcams' build argument 'cmake_force_configure' from command line to 'False'
[2.759s] Level 5:colcon.colcon_core.verb:set package 'theora_webcams' build argument 'ament_cmake_args' from command line to 'None'
[2.760s] Level 5:colcon.colcon_core.verb:set package 'theora_webcams' build argument 'catkin_cmake_args' from command line to 'None'
[2.760s] Level 5:colcon.colcon_core.verb:set package 'theora_webcams' build argument 'catkin_skip_building_tests' from command line to 'False'
[2.760s] DEBUG:colcon.colcon_core.verb:Building package 'theora_webcams' with the following arguments: {'ament_cmake_args': None, 'build_base': '/home/urc/new-GUI/build/theora_webcams', 'catkin_cmake_args': None, 'catkin_skip_building_tests': False, 'cmake_args': None, 'cmake_clean_cache': False, 'cmake_clean_first': False, 'cmake_force_configure': False, 'cmake_target': None, 'cmake_target_skip_unavailable': False, 'install_base': '/home/urc/new-GUI/install/theora_webcams', 'merge_install': False, 'path': '/home/urc/new-GUI/src/theora_webcams', 'symlink_install': False, 'test_result_base': None}
[2.801s] INFO:colcon.colcon_core.executor:Executing jobs using 'parallel' executor
[2.838s] DEBUG:colcon.colcon_parallel_executor.executor.parallel:run_until_complete
[2.838s] INFO:colcon.colcon_ros.task.ament_cmake.build:Building ROS package in '/home/urc/new-GUI/src/aruco_finder' with build type 'ament_cmake'
[2.838s] INFO:colcon.colcon_cmake.task.cmake.build:Building CMake package in '/home/urc/new-GUI/src/aruco_finder'
[2.874s] INFO:colcon.colcon_core.plugin_system:Skipping extension 'colcon_core.shell.bat': Not used on non-Windows systems
[2.875s] INFO:colcon.colcon_core.shell:Skip shell extension 'powershell' for command environment: Not usable outside of PowerShell
[2.875s] DEBUG:colcon.colcon_core.shell:Skip shell extension 'dsv' for command environment
[2.984s] INFO:colcon.colcon_ros.task.ament_python.build:Building ROS package in '/home/urc/new-GUI/src/gui_window' with build type 'ament_python'
[2.985s] Level 1:colcon.colcon_core.shell:create_environment_hook('gui_window', 'ament_prefix_path')
[3.023s] INFO:colcon.colcon_core.shell:Creating environment hook '/home/urc/new-GUI/install/gui_window/share/gui_window/hook/ament_prefix_path.ps1'
[3.025s] INFO:colcon.colcon_core.shell:Creating environment descriptor '/home/urc/new-GUI/install/gui_window/share/gui_window/hook/ament_prefix_path.dsv'
[3.026s] INFO:colcon.colcon_core.shell:Creating environment hook '/home/urc/new-GUI/install/gui_window/share/gui_window/hook/ament_prefix_path.sh'
[3.063s] INFO:colcon.colcon_core.shell:Skip shell extension 'powershell' for command environment: Not usable outside of PowerShell
[3.063s] DEBUG:colcon.colcon_core.shell:Skip shell extension 'dsv' for command environment
[3.159s] INFO:colcon.colcon_ros.task.ament_cmake.build:Building ROS package in '/home/urc/new-GUI/src/theora_webcams' with build type 'ament_cmake'
[3.159s] INFO:colcon.colcon_cmake.task.cmake.build:Building CMake package in '/home/urc/new-GUI/src/theora_webcams'
[3.204s] INFO:colcon.colcon_core.shell:Skip shell extension 'powershell' for command environment: Not usable outside of PowerShell
[3.204s] DEBUG:colcon.colcon_core.shell:Skip shell extension 'dsv' for command environment
[3.331s] DEBUG:colcon.colcon_core.event_handler.log_command:Invoking command in '/home/urc/new-GUI/build/aruco_finder': CMAKE_PREFIX_PATH=/home/urc/new-GUI/install/theora_webcams:/home/urc/new-GUI/install/gui_window:/opt/ros/humble:/home/urc/new-GUI/install/geographic_msgs:/home/urc/new-GUI/install/aruco_finder /usr/bin/cmake --build /home/urc/new-GUI/build/aruco_finder -- -j4 -l4
[4.441s] INFO:colcon.colcon_core.task.python.build:Building Python package in '/home/urc/new-GUI/src/gui_window'
[4.476s] INFO:colcon.colcon_core.shell:Skip shell extension 'powershell' for command environment: Not usable outside of PowerShell
[4.476s] DEBUG:colcon.colcon_core.shell:Skip shell extension 'dsv' for command environment
[4.625s] DEBUG:colcon.colcon_core.event_handler.log_command:Invoking command in '/home/urc/new-GUI/build/theora_webcams': CMAKE_PREFIX_PATH=/home/urc/new-GUI/install/theora_webcams:/home/urc/new-GUI/install/gui_window:/opt/ros/humble:/home/urc/new-GUI/install/geographic_msgs:/home/urc/new-GUI/install/aruco_finder /usr/bin/cmake --build /home/urc/new-GUI/build/theora_webcams -- -j4 -l4
[4.881s] DEBUG:colcon.colcon_core.event_handler.log_command:Invoked command in '/home/urc/new-GUI/build/aruco_finder' returned '0': CMAKE_PREFIX_PATH=/home/urc/new-GUI/install/theora_webcams:/home/urc/new-GUI/install/gui_window:/opt/ros/humble:/home/urc/new-GUI/install/geographic_msgs:/home/urc/new-GUI/install/aruco_finder /usr/bin/cmake --build /home/urc/new-GUI/build/aruco_finder -- -j4 -l4
[5.267s] DEBUG:colcon.colcon_core.event_handler.log_command:Invoking command in '/home/urc/new-GUI/build/aruco_finder': CMAKE_PREFIX_PATH=/home/urc/new-GUI/install/theora_webcams:/home/urc/new-GUI/install/gui_window:/opt/ros/humble:/home/urc/new-GUI/install/geographic_msgs:/home/urc/new-GUI/install/aruco_finder /usr/bin/cmake --install /home/urc/new-GUI/build/aruco_finder
[5.464s] Level 1:colcon.colcon_core.environment:create_environment_scripts_only(aruco_finder)
[5.465s] DEBUG:colcon.colcon_core.event_handler.log_command:Invoked command in '/home/urc/new-GUI/build/aruco_finder' returned '0': CMAKE_PREFIX_PATH=/home/urc/new-GUI/install/theora_webcams:/home/urc/new-GUI/install/gui_window:/opt/ros/humble:/home/urc/new-GUI/install/geographic_msgs:/home/urc/new-GUI/install/aruco_finder /usr/bin/cmake --install /home/urc/new-GUI/build/aruco_finder
[5.531s] Level 1:colcon.colcon_core.environment:checking '/home/urc/new-GUI/install/aruco_finder' for CMake module files
[5.535s] Level 1:colcon.colcon_core.environment:checking '/home/urc/new-GUI/install/aruco_finder' for CMake config files
[5.536s] Level 1:colcon.colcon_core.shell:create_environment_hook('aruco_finder', 'cmake_prefix_path')
[5.562s] INFO:colcon.colcon_core.shell:Creating environment hook '/home/urc/new-GUI/install/aruco_finder/share/aruco_finder/hook/cmake_prefix_path.ps1'
[5.563s] INFO:colcon.colcon_core.shell:Creating environment descriptor '/home/urc/new-GUI/install/aruco_finder/share/aruco_finder/hook/cmake_prefix_path.dsv'
[5.563s] INFO:colcon.colcon_core.shell:Creating environment hook '/home/urc/new-GUI/install/aruco_finder/share/aruco_finder/hook/cmake_prefix_path.sh'
[5.564s] Level 1:colcon.colcon_core.environment:checking '/home/urc/new-GUI/install/aruco_finder/lib'
[5.564s] Level 1:colcon.colcon_core.shell:create_environment_hook('aruco_finder', 'ld_library_path_lib')
[5.589s] INFO:colcon.colcon_core.shell:Creating environment hook '/home/urc/new-GUI/install/aruco_finder/share/aruco_finder/hook/ld_library_path_lib.ps1'
[5.589s] INFO:colcon.colcon_core.shell:Creating environment descriptor '/home/urc/new-GUI/install/aruco_finder/share/aruco_finder/hook/ld_library_path_lib.dsv'
[5.590s] INFO:colcon.colcon_core.shell:Creating environment hook '/home/urc/new-GUI/install/aruco_finder/share/aruco_finder/hook/ld_library_path_lib.sh'
[5.590s] Level 1:colcon.colcon_core.environment:checking '/home/urc/new-GUI/install/aruco_finder/bin'
[5.590s] Level 1:colcon.colcon_core.environment:checking '/home/urc/new-GUI/install/aruco_finder/lib/pkgconfig/aruco_finder.pc'
[5.591s] Level 1:colcon.colcon_core.environment:checking '/home/urc/new-GUI/install/aruco_finder/lib/python3.10/site-packages'
[5.591s] Level 1:colcon.colcon_core.environment:checking '/home/urc/new-GUI/install/aruco_finder/bin'
[5.616s] INFO:colcon.colcon_core.shell:Creating package script '/home/urc/new-GUI/install/aruco_finder/share/aruco_finder/package.ps1'
[5.617s] INFO:colcon.colcon_core.shell:Creating package descriptor '/home/urc/new-GUI/install/aruco_finder/share/aruco_finder/package.dsv'
[5.618s] INFO:colcon.colcon_core.shell:Creating package script '/home/urc/new-GUI/install/aruco_finder/share/aruco_finder/package.sh'
[5.619s] INFO:colcon.colcon_core.shell:Creating package script '/home/urc/new-GUI/install/aruco_finder/share/aruco_finder/package.bash'
[5.620s] INFO:colcon.colcon_core.shell:Creating package script '/home/urc/new-GUI/install/aruco_finder/share/aruco_finder/package.zsh'
[5.621s] Level 1:colcon.colcon_core.environment:create_file_with_runtime_dependencies(/home/urc/new-GUI/install/aruco_finder/share/colcon-core/packages/aruco_finder)
[5.636s] DEBUG:colcon.colcon_core.event_handler.log_command:Invoking command in '/home/urc/new-GUI/src/gui_window': PYTHONPATH=/home/urc/new-GUI/build/gui_window/prefix_override:/home/urc/new-GUI/install/gui_window/lib/python3.10/site-packages:${PYTHONPATH} /usr/bin/python3 setup.py egg_info --egg-base ../../build/gui_window build --build-base /home/urc/new-GUI/build/gui_window/build install --record /home/urc/new-GUI/build/gui_window/install.log --single-version-externally-managed
[5.708s] DEBUG:colcon.colcon_core.event_handler.log_command:Invoked command in '/home/urc/new-GUI/build/theora_webcams' returned '2': CMAKE_PREFIX_PATH=/home/urc/new-GUI/install/theora_webcams:/home/urc/new-GUI/install/gui_window:/opt/ros/humble:/home/urc/new-GUI/install/geographic_msgs:/home/urc/new-GUI/install/aruco_finder /usr/bin/cmake --build /home/urc/new-GUI/build/theora_webcams -- -j4 -l4
[5.843s] Level 1:colcon.colcon_core.environment:create_environment_scripts_only(aruco_finder)
[5.882s] Level 1:colcon.colcon_core.environment:checking '/home/urc/new-GUI/install/aruco_finder' for CMake module files
[5.884s] Level 1:colcon.colcon_core.environment:checking '/home/urc/new-GUI/install/aruco_finder' for CMake config files
[5.886s] Level 1:colcon.colcon_core.shell:create_environment_hook('aruco_finder', 'cmake_prefix_path')
[5.921s] INFO:colcon.colcon_core.shell:Creating environment hook '/home/urc/new-GUI/install/aruco_finder/share/aruco_finder/hook/cmake_prefix_path.ps1'
[5.922s] INFO:colcon.colcon_core.shell:Creating environment descriptor '/home/urc/new-GUI/install/aruco_finder/share/aruco_finder/hook/cmake_prefix_path.dsv'
[5.922s] INFO:colcon.colcon_core.shell:Creating environment hook '/home/urc/new-GUI/install/aruco_finder/share/aruco_finder/hook/cmake_prefix_path.sh'
[5.926s] Level 1:colcon.colcon_core.environment:checking '/home/urc/new-GUI/install/aruco_finder/lib'
[5.926s] Level 1:colcon.colcon_core.shell:create_environment_hook('aruco_finder', 'ld_library_path_lib')
[5.964s] INFO:colcon.colcon_core.shell:Creating environment hook '/home/urc/new-GUI/install/aruco_finder/share/aruco_finder/hook/ld_library_path_lib.ps1'
[5.965s] INFO:colcon.colcon_core.shell:Creating environment descriptor '/home/urc/new-GUI/install/aruco_finder/share/aruco_finder/hook/ld_library_path_lib.dsv'
[5.965s] INFO:colcon.colcon_core.shell:Creating environment hook '/home/urc/new-GUI/install/aruco_finder/share/aruco_finder/hook/ld_library_path_lib.sh'
[5.966s] Level 1:colcon.colcon_core.environment:checking '/home/urc/new-GUI/install/aruco_finder/bin'
[5.966s] Level 1:colcon.colcon_core.environment:checking '/home/urc/new-GUI/install/aruco_finder/lib/pkgconfig/aruco_finder.pc'
[5.967s] Level 1:colcon.colcon_core.environment:checking '/home/urc/new-GUI/install/aruco_finder/lib/python3.10/site-packages'
[5.968s] Level 1:colcon.colcon_core.environment:checking '/home/urc/new-GUI/install/aruco_finder/bin'
[6.015s] INFO:colcon.colcon_core.shell:Creating package script '/home/urc/new-GUI/install/aruco_finder/share/aruco_finder/package.ps1'
[6.017s] INFO:colcon.colcon_core.shell:Creating package descriptor '/home/urc/new-GUI/install/aruco_finder/share/aruco_finder/package.dsv'
[6.018s] INFO:colcon.colcon_core.shell:Creating package script '/home/urc/new-GUI/install/aruco_finder/share/aruco_finder/package.sh'
[6.019s] INFO:colcon.colcon_core.shell:Creating package script '/home/urc/new-GUI/install/aruco_finder/share/aruco_finder/package.bash'
[6.019s] INFO:colcon.colcon_core.shell:Creating package script '/home/urc/new-GUI/install/aruco_finder/share/aruco_finder/package.zsh'
[6.020s] Level 1:colcon.colcon_core.environment:create_file_with_runtime_dependencies(/home/urc/new-GUI/install/aruco_finder/share/colcon-core/packages/aruco_finder)
[6.427s] DEBUG:colcon.colcon_core.event_handler.log_command:Invoked command in '/home/urc/new-GUI/src/gui_window' returned '0': PYTHONPATH=/home/urc/new-GUI/build/gui_window/prefix_override:/home/urc/new-GUI/install/gui_window/lib/python3.10/site-packages:${PYTHONPATH} /usr/bin/python3 setup.py egg_info --egg-base ../../build/gui_window build --build-base /home/urc/new-GUI/build/gui_window/build install --record /home/urc/new-GUI/build/gui_window/install.log --single-version-externally-managed
[6.476s] Level 1:colcon.colcon_core.environment:checking '/home/urc/new-GUI/install/gui_window' for CMake module files
[6.477s] Level 1:colcon.colcon_core.environment:checking '/home/urc/new-GUI/install/gui_window' for CMake config files
[6.478s] Level 1:colcon.colcon_core.environment:checking '/home/urc/new-GUI/install/gui_window/lib'
[6.479s] Level 1:colcon.colcon_core.environment:checking '/home/urc/new-GUI/install/gui_window/bin'
[6.479s] Level 1:colcon.colcon_core.environment:checking '/home/urc/new-GUI/install/gui_window/lib/pkgconfig/gui_window.pc'
[6.480s] Level 1:colcon.colcon_core.environment:checking '/home/urc/new-GUI/install/gui_window/lib/python3.10/site-packages'
[6.480s] Level 1:colcon.colcon_core.shell:create_environment_hook('gui_window', 'pythonpath')
[6.508s] INFO:colcon.colcon_core.shell:Creating environment hook '/home/urc/new-GUI/install/gui_window/share/gui_window/hook/pythonpath.ps1'
[6.509s] INFO:colcon.colcon_core.shell:Creating environment descriptor '/home/urc/new-GUI/install/gui_window/share/gui_window/hook/pythonpath.dsv'
[6.510s] INFO:colcon.colcon_core.shell:Creating environment hook '/home/urc/new-GUI/install/gui_window/share/gui_window/hook/pythonpath.sh'
[6.511s] Level 1:colcon.colcon_core.environment:checking '/home/urc/new-GUI/install/gui_window/bin'
[6.511s] Level 1:colcon.colcon_core.environment:create_environment_scripts_only(gui_window)
[6.544s] INFO:colcon.colcon_core.shell:Creating package script '/home/urc/new-GUI/install/gui_window/share/gui_window/package.ps1'
[6.545s] INFO:colcon.colcon_core.shell:Creating package descriptor '/home/urc/new-GUI/install/gui_window/share/gui_window/package.dsv'
[6.546s] INFO:colcon.colcon_core.shell:Creating package script '/home/urc/new-GUI/install/gui_window/share/gui_window/package.sh'
[6.547s] INFO:colcon.colcon_core.shell:Creating package script '/home/urc/new-GUI/install/gui_window/share/gui_window/package.bash'
[6.548s] INFO:colcon.colcon_core.shell:Creating package script '/home/urc/new-GUI/install/gui_window/share/gui_window/package.zsh'
[6.548s] Level 1:colcon.colcon_core.environment:create_file_with_runtime_dependencies(/home/urc/new-GUI/install/gui_window/share/colcon-core/packages/gui_window)
[6.589s] Level 1:colcon.colcon_core.environment:create_environment_scripts_only(theora_webcams)
[6.614s] Level 1:colcon.colcon_core.environment:checking '/home/urc/new-GUI/install/theora_webcams' for CMake module files
[6.615s] Level 1:colcon.colcon_core.environment:checking '/home/urc/new-GUI/install/theora_webcams' for CMake config files
[6.617s] Level 1:colcon.colcon_core.shell:create_environment_hook('theora_webcams', 'cmake_prefix_path')
[6.649s] INFO:colcon.colcon_core.shell:Creating environment hook '/home/urc/new-GUI/install/theora_webcams/share/theora_webcams/hook/cmake_prefix_path.ps1'
[6.663s] INFO:colcon.colcon_core.shell:Creating environment descriptor '/home/urc/new-GUI/install/theora_webcams/share/theora_webcams/hook/cmake_prefix_path.dsv'
[6.677s] INFO:colcon.colcon_core.shell:Creating environment hook '/home/urc/new-GUI/install/theora_webcams/share/theora_webcams/hook/cmake_prefix_path.sh'
[6.691s] Level 1:colcon.colcon_core.environment:checking '/home/urc/new-GUI/install/theora_webcams/lib'
[6.692s] Level 1:colcon.colcon_core.shell:create_environment_hook('theora_webcams', 'ld_library_path_lib')
[6.746s] INFO:colcon.colcon_core.shell:Creating environment hook '/home/urc/new-GUI/install/theora_webcams/share/theora_webcams/hook/ld_library_path_lib.ps1'
[6.764s] INFO:colcon.colcon_core.shell:Creating environment descriptor '/home/urc/new-GUI/install/theora_webcams/share/theora_webcams/hook/ld_library_path_lib.dsv'
[6.765s] INFO:colcon.colcon_core.shell:Creating environment hook '/home/urc/new-GUI/install/theora_webcams/share/theora_webcams/hook/ld_library_path_lib.sh'
[6.766s] Level 1:colcon.colcon_core.environment:checking '/home/urc/new-GUI/install/theora_webcams/bin'
[6.766s] Level 1:colcon.colcon_core.environment:checking '/home/urc/new-GUI/install/theora_webcams/lib/pkgconfig/theora_webcams.pc'
[6.766s] Level 1:colcon.colcon_core.environment:checking '/home/urc/new-GUI/install/theora_webcams/lib/python3.10/site-packages'
[6.767s] Level 1:colcon.colcon_core.environment:checking '/home/urc/new-GUI/install/theora_webcams/bin'
[6.795s] INFO:colcon.colcon_core.shell:Creating package script '/home/urc/new-GUI/install/theora_webcams/share/theora_webcams/package.ps1'
[6.797s] INFO:colcon.colcon_core.shell:Creating package descriptor '/home/urc/new-GUI/install/theora_webcams/share/theora_webcams/package.dsv'
[6.843s] INFO:colcon.colcon_core.shell:Creating package script '/home/urc/new-GUI/install/theora_webcams/share/theora_webcams/package.sh'
[6.855s] INFO:colcon.colcon_core.shell:Creating package script '/home/urc/new-GUI/install/theora_webcams/share/theora_webcams/package.bash'
[6.866s] INFO:colcon.colcon_core.shell:Creating package script '/home/urc/new-GUI/install/theora_webcams/share/theora_webcams/package.zsh'
[6.871s] Level 1:colcon.colcon_core.environment:create_file_with_runtime_dependencies(/home/urc/new-GUI/install/theora_webcams/share/colcon-core/packages/theora_webcams)
[6.894s] DEBUG:colcon.colcon_parallel_executor.executor.parallel:closing loop
[6.894s] DEBUG:colcon.colcon_parallel_executor.executor.parallel:loop closed
[6.895s] DEBUG:colcon.colcon_parallel_executor.executor.parallel:run_until_complete finished with '2'
[6.895s] DEBUG:colcon.colcon_core.event_reactor:joining thread
[6.951s] INFO:colcon.colcon_core.plugin_system:Skipping extension 'colcon_notification.desktop_notification.terminal_notifier': Not used on non-Darwin systems
[6.952s] INFO:colcon.colcon_core.plugin_system:Skipping extension 'colcon_notification.desktop_notification.win32': Not used on non-Windows systems
[6.952s] INFO:colcon.colcon_notification.desktop_notification:Sending desktop notification using 'notify2'
[6.980s] DEBUG:colcon.colcon_core.event_reactor:joined thread
[7.009s] INFO:colcon.colcon_core.shell:Creating prefix script '/home/urc/new-GUI/install/local_setup.ps1'
[7.011s] INFO:colcon.colcon_core.shell:Creating prefix util module '/home/urc/new-GUI/install/_local_setup_util_ps1.py'
[7.013s] INFO:colcon.colcon_core.shell:Creating prefix chain script '/home/urc/new-GUI/install/setup.ps1'
[7.044s] INFO:colcon.colcon_core.shell:Creating prefix script '/home/urc/new-GUI/install/local_setup.sh'
[7.044s] INFO:colcon.colcon_core.shell:Creating prefix util module '/home/urc/new-GUI/install/_local_setup_util_sh.py'
[7.045s] INFO:colcon.colcon_core.shell:Creating prefix chain script '/home/urc/new-GUI/install/setup.sh'
[7.071s] INFO:colcon.colcon_core.shell:Creating prefix script '/home/urc/new-GUI/install/local_setup.bash'
[7.072s] INFO:colcon.colcon_core.shell:Creating prefix chain script '/home/urc/new-GUI/install/setup.bash'
[7.098s] INFO:colcon.colcon_core.shell:Creating prefix script '/home/urc/new-GUI/install/local_setup.zsh'
[7.099s] INFO:colcon.colcon_core.shell:Creating prefix chain script '/home/urc/new-GUI/install/setup.zsh'
