[1.820s] Invoking command in '/home/urc/new-GUI/src/gui_window': PYTHONPATH=/home/urc/new-GUI/build/gui_window/prefix_override:/home/urc/new-GUI/install/gui_window/lib/python3.10/site-packages:${PYTHONPATH} /usr/bin/python3 setup.py egg_info --egg-base ../../build/gui_window build --build-base /home/urc/new-GUI/build/gui_window/build install --record /home/urc/new-GUI/build/gui_window/install.log --single-version-externally-managed
[2.273s] running egg_info
[2.274s] writing ../../build/gui_window/gui_window.egg-info/PKG-INFO
[2.275s] writing dependency_links to ../../build/gui_window/gui_window.egg-info/dependency_links.txt
[2.275s] writing entry points to ../../build/gui_window/gui_window.egg-info/entry_points.txt
[2.276s] writing requirements to ../../build/gui_window/gui_window.egg-info/requires.txt
[2.276s] writing top-level names to ../../build/gui_window/gui_window.egg-info/top_level.txt
[2.283s] reading manifest file '../../build/gui_window/gui_window.egg-info/SOURCES.txt'
[2.286s] writing manifest file '../../build/gui_window/gui_window.egg-info/SOURCES.txt'
[2.286s] running build
[2.286s] running build_py
[2.293s] running install
[2.294s] running install_lib
[2.300s] running install_data
[2.301s] running install_egg_info
[2.303s] removing '/home/urc/new-GUI/install/gui_window/lib/python3.10/site-packages/gui_window-0.0.0-py3.10.egg-info' (and everything under it)
[2.308s] Copying ../../build/gui_window/gui_window.egg-info to /home/urc/new-GUI/install/gui_window/lib/python3.10/site-packages/gui_window-0.0.0-py3.10.egg-info
[2.309s] running install_scripts
[2.337s] Installing gui script to /home/urc/new-GUI/install/gui_window/lib/gui_window
[2.339s] writing list of installed files to '/home/urc/new-GUI/build/gui_window/install.log'
