[1.485s] Invoking command in '/home/urc/new-GUI/src/gui_window': PYTHONPATH=/home/urc/new-GUI/build/gui_window/prefix_override:/home/urc/new-GUI/install/gui_window/lib/python3.10/site-packages:${PYTHONPATH} /usr/bin/python3 setup.py egg_info --egg-base ../../build/gui_window build --build-base /home/urc/new-GUI/build/gui_window/build install --record /home/urc/new-GUI/build/gui_window/install.log --single-version-externally-managed
[1.920s] running egg_info
[1.922s] writing ../../build/gui_window/gui_window.egg-info/PKG-INFO
[1.924s] writing dependency_links to ../../build/gui_window/gui_window.egg-info/dependency_links.txt
[1.925s] writing entry points to ../../build/gui_window/gui_window.egg-info/entry_points.txt
[1.927s] writing requirements to ../../build/gui_window/gui_window.egg-info/requires.txt
[1.928s] writing top-level names to ../../build/gui_window/gui_window.egg-info/top_level.txt
[1.934s] reading manifest file '../../build/gui_window/gui_window.egg-info/SOURCES.txt'
[1.937s] writing manifest file '../../build/gui_window/gui_window.egg-info/SOURCES.txt'
[1.938s] running build
[1.939s] running build_py
[1.942s] running install
[1.943s] running install_lib
[1.947s] running install_data
[1.948s] running install_egg_info
[1.952s] removing '/home/urc/new-GUI/install/gui_window/lib/python3.10/site-packages/gui_window-0.0.0-py3.10.egg-info' (and everything under it)
[1.954s] Copying ../../build/gui_window/gui_window.egg-info to /home/urc/new-GUI/install/gui_window/lib/python3.10/site-packages/gui_window-0.0.0-py3.10.egg-info
[1.955s] running install_scripts
[1.982s] Installing gui script to /home/urc/new-GUI/install/gui_window/lib/gui_window
[1.985s] writing list of installed files to '/home/urc/new-GUI/build/gui_window/install.log'
