[0.726s] Invoking command in '/home/urc/new-GUI/build/theora_webcams': CMAKE_PREFIX_PATH=/opt/ros/humble /usr/bin/cmake /home/urc/new-GUI/src/theora_webcams -DCMAKE_INSTALL_PREFIX=/home/urc/new-GUI/install/theora_webcams
[1.021s] -- The C compiler identification is GNU 11.4.0
[1.208s] -- The CXX compiler identification is GNU 11.4.0
[1.231s] -- Detecting C compiler ABI info
[1.479s] -- Detecting C compiler ABI info - done
[1.534s] -- Check for working C compiler: /usr/bin/cc - skipped
[1.535s] -- Detecting C compile features
[1.548s] -- Detecting C compile features - done
[1.553s] -- Detecting CXX compiler ABI info
[1.824s] -- Detecting CXX compiler ABI info - done
[1.849s] -- Check for working CXX compiler: /usr/bin/c++ - skipped
[1.850s] -- Detecting CXX compile features
[1.853s] -- Detecting CXX compile features - done
[1.856s] -- Found ament_cmake: 1.3.5 (/opt/ros/humble/share/ament_cmake/cmake)
[2.383s] -- Found Python3: /usr/bin/python3.10 (found version "3.10.12") found components: Interpreter 
[2.693s] -- Found OpenCV: /usr (found version "4.5.4") 
[2.711s] -- Found ament_lint_auto: 0.12.8 (/opt/ros/humble/share/ament_lint_auto/cmake)
[2.954s] -- Found rosidl_default_generators: 1.2.0 (/opt/ros/humble/share/rosidl_default_generators/cmake)
[2.958s] -- Using all available rosidl_typesupport_c: rosidl_typesupport_fastrtps_c;rosidl_typesupport_introspection_c
[2.976s] -- Found rosidl_adapter: 3.1.5 (/opt/ros/humble/share/rosidl_adapter/cmake)
[3.090s] -- Using all available rosidl_typesupport_cpp: rosidl_typesupport_fastrtps_cpp;rosidl_typesupport_introspection_cpp
[3.209s] -- Found rclcpp: 16.0.6 (/opt/ros/humble/share/rclcpp/cmake)
[3.506s] -- Found rmw_implementation_cmake: 6.1.1 (/opt/ros/humble/share/rmw_implementation_cmake/cmake)
[3.506s] -- Found rmw_fastrtps_cpp: 6.2.4 (/opt/ros/humble/share/rmw_fastrtps_cpp/cmake)
[3.749s] -- Found OpenSSL: /usr/lib/x86_64-linux-gnu/libcrypto.so (found version "3.0.2")  
[3.808s] -- Found FastRTPS: /opt/ros/humble/include  
[3.908s] -- Using RMW implementation 'rmw_fastrtps_cpp' as default
[3.942s] -- Looking for pthread.h
[4.059s] -- Looking for pthread.h - found
[4.059s] -- Performing Test CMAKE_HAVE_LIBC_PTHREAD
[4.166s] -- Performing Test CMAKE_HAVE_LIBC_PTHREAD - Success
[4.167s] -- Found Threads: TRUE  
[4.517s] -- Found sensor_msgs: 4.2.3 (/opt/ros/humble/share/sensor_msgs/cmake)
[4.870s] -- Found cv_bridge: 3.2.1 (/opt/ros/humble/share/cv_bridge/cmake)
[4.895s] -- Found image_transport: 3.1.7 (/opt/ros/humble/share/image_transport/cmake)
[4.992s] -- Found camera_info_manager: 3.1.7 (/opt/ros/humble/share/camera_info_manager/cmake)
[5.866s] -- Found ament_cmake_ros: 0.10.0 (/opt/ros/humble/share/ament_cmake_ros/cmake)
[6.548s] -- Using all available rosidl_typesupport_c: rosidl_typesupport_fastrtps_c;rosidl_typesupport_introspection_c
[7.396s] -- Using all available rosidl_typesupport_cpp: rosidl_typesupport_fastrtps_cpp;rosidl_typesupport_introspection_cpp
[7.443s] -- Found PythonInterp: /usr/bin/python3 (found suitable version "3.10.12", minimum required is "3.6") 
[7.446s] -- Found python_cmake_module: 0.10.0 (/opt/ros/humble/share/python_cmake_module/cmake)
[7.525s] -- Found PythonLibs: /usr/lib/x86_64-linux-gnu/libpython3.10.so (found suitable version "3.10.12", minimum required is "3.5") 
[7.525s] -- Using PYTHON_EXECUTABLE: /usr/bin/python3
[7.525s] -- Using PYTHON_INCLUDE_DIRS: /usr/include/python3.10
[7.525s] -- Using PYTHON_LIBRARIES: /usr/lib/x86_64-linux-gnu/libpython3.10.so
[7.582s] -- Found PythonExtra: .so  
[7.795s] -- Added test 'cppcheck' to perform static code analysis on C / C++ code
[7.797s] -- Configured cppcheck include dirs: 
[7.797s] -- Configured cppcheck exclude dirs and/or files: 
[7.800s] -- Added test 'lint_cmake' to check CMake code style
[7.805s] -- Added test 'uncrustify' to check C / C++ code style
[7.805s] -- Configured uncrustify additional arguments: 
[7.806s] -- Added test 'xmllint' to check XML markup files
[7.816s] -- Configuring done
[7.954s] -- Generating done
[7.960s] -- Build files have been written to: /home/urc/new-GUI/build/theora_webcams
[7.995s] Invoked command in '/home/urc/new-GUI/build/theora_webcams' returned '0': CMAKE_PREFIX_PATH=/opt/ros/humble /usr/bin/cmake /home/urc/new-GUI/src/theora_webcams -DCMAKE_INSTALL_PREFIX=/home/urc/new-GUI/install/theora_webcams
[7.997s] Invoking command in '/home/urc/new-GUI/build/theora_webcams': CMAKE_PREFIX_PATH=/opt/ros/humble /usr/bin/cmake --build /home/urc/new-GUI/build/theora_webcams -- -j4 -l4
[8.079s] [  1%] [34m[1mGenerating C++ code for ROS interfaces[0m
[10.508s] [  1%] Built target theora_webcams__cpp
[10.612s] [  1%] Built target ament_cmake_python_copy_theora_webcams
[10.637s] [  2%] [34m[1mGenerating C++ type support for eProsima Fast-RTPS[0m
[13.005s] [  3%] [32mBuilding CXX object CMakeFiles/theora_webcams__rosidl_typesupport_fastrtps_cpp.dir/rosidl_typesupport_fastrtps_cpp/theora_webcams/msg/detail/dds_fastrtps/framerate__type_support.cpp.o[0m
[13.738s] [  4%] [32mBuilding CXX object CMakeFiles/theora_webcams__rosidl_typesupport_fastrtps_cpp.dir/rosidl_typesupport_fastrtps_cpp/theora_webcams/msg/detail/dds_fastrtps/resolution__type_support.cpp.o[0m
[14.647s] [  5%] [32mBuilding CXX object CMakeFiles/theora_webcams__rosidl_typesupport_fastrtps_cpp.dir/rosidl_typesupport_fastrtps_cpp/theora_webcams/msg/detail/dds_fastrtps/status__type_support.cpp.o[0m
[15.305s] [  6%] [32mBuilding CXX object CMakeFiles/theora_webcams__rosidl_typesupport_fastrtps_cpp.dir/rosidl_typesupport_fastrtps_cpp/theora_webcams/msg/detail/dds_fastrtps/video_format__type_support.cpp.o[0m
[16.075s] [  7%] [32mBuilding CXX object CMakeFiles/theora_webcams__rosidl_typesupport_fastrtps_cpp.dir/rosidl_typesupport_fastrtps_cpp/theora_webcams/msg/detail/dds_fastrtps/video_format_list__type_support.cpp.o[0m
[16.680s] [  8%] [32mBuilding CXX object CMakeFiles/theora_webcams__rosidl_typesupport_fastrtps_cpp.dir/rosidl_typesupport_fastrtps_cpp/theora_webcams/srv/detail/dds_fastrtps/change_video__type_support.cpp.o[0m
[17.228s] [  9%] [32mBuilding CXX object CMakeFiles/theora_webcams__rosidl_typesupport_fastrtps_cpp.dir/rosidl_typesupport_fastrtps_cpp/theora_webcams/srv/detail/dds_fastrtps/get_exposure_bounds__type_support.cpp.o[0m
[17.953s] [ 10%] [32mBuilding CXX object CMakeFiles/theora_webcams__rosidl_typesupport_fastrtps_cpp.dir/rosidl_typesupport_fastrtps_cpp/theora_webcams/srv/detail/dds_fastrtps/get_resolutions__type_support.cpp.o[0m
[18.740s] [ 11%] [32mBuilding CXX object CMakeFiles/theora_webcams__rosidl_typesupport_fastrtps_cpp.dir/rosidl_typesupport_fastrtps_cpp/theora_webcams/srv/detail/dds_fastrtps/set_exposure__type_support.cpp.o[0m
[19.467s] [ 12%] [32m[1mLinking CXX shared library libtheora_webcams__rosidl_typesupport_fastrtps_cpp.so[0m
[19.631s] [ 12%] Built target theora_webcams__rosidl_typesupport_fastrtps_cpp
[19.648s] [ 13%] [34m[1mGenerating C++ introspection for ROS interfaces[0m
[21.003s] [ 14%] [32mBuilding CXX object CMakeFiles/theora_webcams__rosidl_typesupport_introspection_cpp.dir/rosidl_typesupport_introspection_cpp/theora_webcams/msg/detail/framerate__type_support.cpp.o[0m
[21.786s] [ 15%] [32mBuilding CXX object CMakeFiles/theora_webcams__rosidl_typesupport_introspection_cpp.dir/rosidl_typesupport_introspection_cpp/theora_webcams/msg/detail/resolution__type_support.cpp.o[0m
[22.768s] [ 16%] [32mBuilding CXX object CMakeFiles/theora_webcams__rosidl_typesupport_introspection_cpp.dir/rosidl_typesupport_introspection_cpp/theora_webcams/msg/detail/status__type_support.cpp.o[0m
[23.896s] [ 17%] [32mBuilding CXX object CMakeFiles/theora_webcams__rosidl_typesupport_introspection_cpp.dir/rosidl_typesupport_introspection_cpp/theora_webcams/msg/detail/video_format__type_support.cpp.o[0m
[24.952s] [ 18%] [32mBuilding CXX object CMakeFiles/theora_webcams__rosidl_typesupport_introspection_cpp.dir/rosidl_typesupport_introspection_cpp/theora_webcams/msg/detail/video_format_list__type_support.cpp.o[0m
[26.143s] [ 20%] [32mBuilding CXX object CMakeFiles/theora_webcams__rosidl_typesupport_introspection_cpp.dir/rosidl_typesupport_introspection_cpp/theora_webcams/srv/detail/change_video__type_support.cpp.o[0m
[27.558s] [ 21%] [32mBuilding CXX object CMakeFiles/theora_webcams__rosidl_typesupport_introspection_cpp.dir/rosidl_typesupport_introspection_cpp/theora_webcams/srv/detail/get_exposure_bounds__type_support.cpp.o[0m
[28.396s] [ 22%] [32mBuilding CXX object CMakeFiles/theora_webcams__rosidl_typesupport_introspection_cpp.dir/rosidl_typesupport_introspection_cpp/theora_webcams/srv/detail/get_resolutions__type_support.cpp.o[0m
[29.241s] [ 23%] [32mBuilding CXX object CMakeFiles/theora_webcams__rosidl_typesupport_introspection_cpp.dir/rosidl_typesupport_introspection_cpp/theora_webcams/srv/detail/set_exposure__type_support.cpp.o[0m
[30.054s] [ 24%] [32m[1mLinking CXX shared library libtheora_webcams__rosidl_typesupport_introspection_cpp.so[0m
[30.257s] [ 24%] Built target theora_webcams__rosidl_typesupport_introspection_cpp
[30.946s] running egg_info
[30.947s] creating theora_webcams.egg-info
[30.949s] writing theora_webcams.egg-info/PKG-INFO
[30.949s] writing dependency_links to theora_webcams.egg-info/dependency_links.txt
[30.950s] writing top-level names to theora_webcams.egg-info/top_level.txt
[30.950s] writing manifest file 'theora_webcams.egg-info/SOURCES.txt'
[30.954s] reading manifest file 'theora_webcams.egg-info/SOURCES.txt'
[30.956s] writing manifest file 'theora_webcams.egg-info/SOURCES.txt'
[31.021s] [ 24%] Built target ament_cmake_python_build_theora_webcams_egg
[31.059s] [ 25%] [34m[1mGenerating C++ type support dispatch for ROS interfaces[0m
[32.240s] [ 26%] [32mBuilding CXX object CMakeFiles/theora_webcams__rosidl_typesupport_cpp.dir/rosidl_typesupport_cpp/theora_webcams/msg/framerate__type_support.cpp.o[0m
[32.596s] [ 27%] [32mBuilding CXX object CMakeFiles/theora_webcams__rosidl_typesupport_cpp.dir/rosidl_typesupport_cpp/theora_webcams/msg/status__type_support.cpp.o[0m
[32.975s] [ 28%] [32mBuilding CXX object CMakeFiles/theora_webcams__rosidl_typesupport_cpp.dir/rosidl_typesupport_cpp/theora_webcams/msg/video_format__type_support.cpp.o[0m
[33.342s] [ 29%] [32mBuilding CXX object CMakeFiles/theora_webcams__rosidl_typesupport_cpp.dir/rosidl_typesupport_cpp/theora_webcams/msg/video_format_list__type_support.cpp.o[0m
[33.776s] [ 30%] [32mBuilding CXX object CMakeFiles/theora_webcams__rosidl_typesupport_cpp.dir/rosidl_typesupport_cpp/theora_webcams/srv/change_video__type_support.cpp.o[0m
[34.227s] [ 31%] [32mBuilding CXX object CMakeFiles/theora_webcams__rosidl_typesupport_cpp.dir/rosidl_typesupport_cpp/theora_webcams/srv/get_exposure_bounds__type_support.cpp.o[0m
[34.692s] [ 32%] [32mBuilding CXX object CMakeFiles/theora_webcams__rosidl_typesupport_cpp.dir/rosidl_typesupport_cpp/theora_webcams/srv/get_resolutions__type_support.cpp.o[0m
[35.169s] [ 33%] [32mBuilding CXX object CMakeFiles/theora_webcams__rosidl_typesupport_cpp.dir/rosidl_typesupport_cpp/theora_webcams/srv/set_exposure__type_support.cpp.o[0m
[35.619s] [ 34%] [32mBuilding CXX object CMakeFiles/theora_webcams__rosidl_typesupport_cpp.dir/rosidl_typesupport_cpp/theora_webcams/msg/resolution__type_support.cpp.o[0m
[36.052s] [ 35%] [32m[1mLinking CXX shared library libtheora_webcams__rosidl_typesupport_cpp.so[0m
[36.133s] [ 35%] Built target theora_webcams__rosidl_typesupport_cpp
[36.154s] [ 36%] [34m[1mGenerating C code for ROS interfaces[0m
[38.155s] [ 37%] [32mBuilding C object CMakeFiles/theora_webcams__rosidl_generator_c.dir/rosidl_generator_c/theora_webcams/msg/detail/framerate__functions.c.o[0m
[38.229s] [ 38%] [32mBuilding C object CMakeFiles/theora_webcams__rosidl_generator_c.dir/rosidl_generator_c/theora_webcams/msg/detail/video_format__functions.c.o[0m
[38.299s] [ 40%] [32mBuilding C object CMakeFiles/theora_webcams__rosidl_generator_c.dir/rosidl_generator_c/theora_webcams/msg/detail/video_format_list__functions.c.o[0m
[38.371s] [ 41%] [32mBuilding C object CMakeFiles/theora_webcams__rosidl_generator_c.dir/rosidl_generator_c/theora_webcams/srv/detail/change_video__functions.c.o[0m
[38.460s] [ 42%] [32mBuilding C object CMakeFiles/theora_webcams__rosidl_generator_c.dir/rosidl_generator_c/theora_webcams/srv/detail/get_exposure_bounds__functions.c.o[0m
[38.548s] [ 43%] [32mBuilding C object CMakeFiles/theora_webcams__rosidl_generator_c.dir/rosidl_generator_c/theora_webcams/srv/detail/get_resolutions__functions.c.o[0m
[38.634s] [ 44%] [32mBuilding C object CMakeFiles/theora_webcams__rosidl_generator_c.dir/rosidl_generator_c/theora_webcams/srv/detail/set_exposure__functions.c.o[0m
[38.729s] [ 45%] [32mBuilding C object CMakeFiles/theora_webcams__rosidl_generator_c.dir/rosidl_generator_c/theora_webcams/msg/detail/status__functions.c.o[0m
[38.806s] [ 46%] [32mBuilding C object CMakeFiles/theora_webcams__rosidl_generator_c.dir/rosidl_generator_c/theora_webcams/msg/detail/resolution__functions.c.o[0m
[38.875s] [ 47%] [32m[1mLinking C shared library libtheora_webcams__rosidl_generator_c.so[0m
[38.943s] [ 47%] Built target theora_webcams__rosidl_generator_c
[38.966s] [ 48%] [34m[1mGenerating C type support for eProsima Fast-RTPS[0m
[40.528s] [ 49%] [32mBuilding CXX object CMakeFiles/theora_webcams__rosidl_typesupport_fastrtps_c.dir/rosidl_typesupport_fastrtps_c/theora_webcams/msg/detail/framerate__type_support_c.cpp.o[0m
[41.066s] [ 50%] [32mBuilding CXX object CMakeFiles/theora_webcams__rosidl_typesupport_fastrtps_c.dir/rosidl_typesupport_fastrtps_c/theora_webcams/msg/detail/resolution__type_support_c.cpp.o[0m
[41.733s] [ 51%] [32mBuilding CXX object CMakeFiles/theora_webcams__rosidl_typesupport_fastrtps_c.dir/rosidl_typesupport_fastrtps_c/theora_webcams/msg/detail/status__type_support_c.cpp.o[0m
[42.346s] [ 52%] [32mBuilding CXX object CMakeFiles/theora_webcams__rosidl_typesupport_fastrtps_c.dir/rosidl_typesupport_fastrtps_c/theora_webcams/msg/detail/video_format__type_support_c.cpp.o[0m
[42.957s] [ 53%] [32mBuilding CXX object CMakeFiles/theora_webcams__rosidl_typesupport_fastrtps_c.dir/rosidl_typesupport_fastrtps_c/theora_webcams/msg/detail/video_format_list__type_support_c.cpp.o[0m
[43.554s] [ 54%] [32mBuilding CXX object CMakeFiles/theora_webcams__rosidl_typesupport_fastrtps_c.dir/rosidl_typesupport_fastrtps_c/theora_webcams/srv/detail/change_video__type_support_c.cpp.o[0m
[44.060s] [ 55%] [32mBuilding CXX object CMakeFiles/theora_webcams__rosidl_typesupport_fastrtps_c.dir/rosidl_typesupport_fastrtps_c/theora_webcams/srv/detail/get_exposure_bounds__type_support_c.cpp.o[0m
[44.482s] [ 56%] [32mBuilding CXX object CMakeFiles/theora_webcams__rosidl_typesupport_fastrtps_c.dir/rosidl_typesupport_fastrtps_c/theora_webcams/srv/detail/get_resolutions__type_support_c.cpp.o[0m
[44.913s] [ 57%] [32mBuilding CXX object CMakeFiles/theora_webcams__rosidl_typesupport_fastrtps_c.dir/rosidl_typesupport_fastrtps_c/theora_webcams/srv/detail/set_exposure__type_support_c.cpp.o[0m
[45.363s] [ 58%] [32m[1mLinking CXX shared library libtheora_webcams__rosidl_typesupport_fastrtps_c.so[0m
[45.598s] [ 58%] Built target theora_webcams__rosidl_typesupport_fastrtps_c
[45.706s] [ 60%] [34m[1mGenerating C type support dispatch for ROS interfaces[0m
[45.738s] [ 61%] [34m[1mGenerating C introspection for ROS interfaces[0m
[46.741s] [ 62%] [32mBuilding CXX object CMakeFiles/theora_webcams__rosidl_typesupport_c.dir/rosidl_typesupport_c/theora_webcams/msg/resolution__type_support.cpp.o[0m
[46.743s] [ 63%] [32mBuilding CXX object CMakeFiles/theora_webcams__rosidl_typesupport_c.dir/rosidl_typesupport_c/theora_webcams/msg/framerate__type_support.cpp.o[0m
[46.801s] [ 65%] [32mBuilding CXX object CMakeFiles/theora_webcams__rosidl_typesupport_c.dir/rosidl_typesupport_c/theora_webcams/msg/video_format__type_support.cpp.o[0m
[46.802s] [ 65%] [32mBuilding CXX object CMakeFiles/theora_webcams__rosidl_typesupport_c.dir/rosidl_typesupport_c/theora_webcams/msg/status__type_support.cpp.o[0m
[46.845s] [ 66%] [32mBuilding CXX object CMakeFiles/theora_webcams__rosidl_typesupport_c.dir/rosidl_typesupport_c/theora_webcams/msg/video_format_list__type_support.cpp.o[0m
[46.846s] [ 67%] [32mBuilding CXX object CMakeFiles/theora_webcams__rosidl_typesupport_c.dir/rosidl_typesupport_c/theora_webcams/srv/change_video__type_support.cpp.o[0m
[46.900s] [ 68%] [32mBuilding CXX object CMakeFiles/theora_webcams__rosidl_typesupport_c.dir/rosidl_typesupport_c/theora_webcams/srv/get_exposure_bounds__type_support.cpp.o[0m
[46.906s] [ 69%] [32mBuilding CXX object CMakeFiles/theora_webcams__rosidl_typesupport_c.dir/rosidl_typesupport_c/theora_webcams/srv/get_resolutions__type_support.cpp.o[0m
[46.955s] [ 70%] [32mBuilding CXX object CMakeFiles/theora_webcams__rosidl_typesupport_c.dir/rosidl_typesupport_c/theora_webcams/srv/set_exposure__type_support.cpp.o[0m
[47.016s] [ 71%] [32m[1mLinking CXX shared library libtheora_webcams__rosidl_typesupport_c.so[0m
[47.130s] [ 71%] Built target theora_webcams__rosidl_typesupport_c
[47.248s] [ 73%] [32mBuilding C object CMakeFiles/theora_webcams__rosidl_typesupport_introspection_c.dir/rosidl_typesupport_introspection_c/theora_webcams/msg/detail/resolution__type_support.c.o[0m
[47.249s] [ 73%] [32mBuilding C object CMakeFiles/theora_webcams__rosidl_typesupport_introspection_c.dir/rosidl_typesupport_introspection_c/theora_webcams/msg/detail/framerate__type_support.c.o[0m
[47.300s] [ 74%] [32mBuilding C object CMakeFiles/theora_webcams__rosidl_typesupport_introspection_c.dir/rosidl_typesupport_introspection_c/theora_webcams/msg/detail/video_format__type_support.c.o[0m
[47.305s] [ 75%] [32mBuilding C object CMakeFiles/theora_webcams__rosidl_typesupport_introspection_c.dir/rosidl_typesupport_introspection_c/theora_webcams/msg/detail/video_format_list__type_support.c.o[0m
[47.357s] [ 76%] [32mBuilding C object CMakeFiles/theora_webcams__rosidl_typesupport_introspection_c.dir/rosidl_typesupport_introspection_c/theora_webcams/srv/detail/change_video__type_support.c.o[0m
[47.364s] [ 77%] [32mBuilding C object CMakeFiles/theora_webcams__rosidl_typesupport_introspection_c.dir/rosidl_typesupport_introspection_c/theora_webcams/srv/detail/get_exposure_bounds__type_support.c.o[0m
[47.473s] [ 78%] [32mBuilding C object CMakeFiles/theora_webcams__rosidl_typesupport_introspection_c.dir/rosidl_typesupport_introspection_c/theora_webcams/srv/detail/get_resolutions__type_support.c.o[0m
[47.480s] [ 80%] [32mBuilding C object CMakeFiles/theora_webcams__rosidl_typesupport_introspection_c.dir/rosidl_typesupport_introspection_c/theora_webcams/srv/detail/set_exposure__type_support.c.o[0m
[47.537s] [ 81%] [32mBuilding C object CMakeFiles/theora_webcams__rosidl_typesupport_introspection_c.dir/rosidl_typesupport_introspection_c/theora_webcams/msg/detail/status__type_support.c.o[0m
[47.586s] [ 82%] [32m[1mLinking C shared library libtheora_webcams__rosidl_typesupport_introspection_c.so[0m
[47.739s] [ 82%] Built target theora_webcams__rosidl_typesupport_introspection_c
[47.867s] [ 82%] Built target theora_webcams
[48.028s] [ 83%] [34m[1mGenerating Python code for ROS interfaces[0m
[50.876s] [ 83%] Built target theora_webcams__py
[50.908s] [ 84%] [32mBuilding C object CMakeFiles/theora_webcams__rosidl_generator_py.dir/rosidl_generator_py/theora_webcams/msg/_resolution_s.c.o[0m
[50.908s] [ 85%] [32mBuilding C object CMakeFiles/theora_webcams__rosidl_generator_py.dir/rosidl_generator_py/theora_webcams/msg/_status_s.c.o[0m
[50.909s] [ 86%] [32mBuilding C object CMakeFiles/theora_webcams__rosidl_generator_py.dir/rosidl_generator_py/theora_webcams/msg/_framerate_s.c.o[0m
[51.100s] [ 87%] [32mBuilding C object CMakeFiles/theora_webcams__rosidl_generator_py.dir/rosidl_generator_py/theora_webcams/msg/_video_format_s.c.o[0m
[51.108s] [ 88%] [32mBuilding C object CMakeFiles/theora_webcams__rosidl_generator_py.dir/rosidl_generator_py/theora_webcams/msg/_video_format_list_s.c.o[0m
[51.119s] [ 89%] [32mBuilding C object CMakeFiles/theora_webcams__rosidl_generator_py.dir/rosidl_generator_py/theora_webcams/srv/_change_video_s.c.o[0m
[51.284s] [ 90%] [32mBuilding C object CMakeFiles/theora_webcams__rosidl_generator_py.dir/rosidl_generator_py/theora_webcams/srv/_get_exposure_bounds_s.c.o[0m
[51.285s] [ 91%] [32mBuilding C object CMakeFiles/theora_webcams__rosidl_generator_py.dir/rosidl_generator_py/theora_webcams/srv/_get_resolutions_s.c.o[0m
[51.322s] [ 92%] [32mBuilding C object CMakeFiles/theora_webcams__rosidl_generator_py.dir/rosidl_generator_py/theora_webcams/srv/_set_exposure_s.c.o[0m
[51.512s] [ 93%] [32m[1mLinking C shared library rosidl_generator_py/theora_webcams/libtheora_webcams__rosidl_generator_py.so[0m
[51.593s] [ 93%] Built target theora_webcams__rosidl_generator_py
[51.668s] [ 94%] [32mBuilding C object CMakeFiles/theora_webcams__rosidl_typesupport_fastrtps_c__pyext.dir/rosidl_generator_py/theora_webcams/_theora_webcams_s.ep.rosidl_typesupport_fastrtps_c.c.o[0m
[51.672s] [ 95%] [32mBuilding C object CMakeFiles/theora_webcams__rosidl_typesupport_introspection_c__pyext.dir/rosidl_generator_py/theora_webcams/_theora_webcams_s.ep.rosidl_typesupport_introspection_c.c.o[0m
[51.673s] [ 96%] [32mBuilding C object CMakeFiles/theora_webcams__rosidl_typesupport_c__pyext.dir/rosidl_generator_py/theora_webcams/_theora_webcams_s.ep.rosidl_typesupport_c.c.o[0m
[51.936s] [ 97%] [32m[1mLinking C shared library rosidl_generator_py/theora_webcams/theora_webcams_s__rosidl_typesupport_fastrtps_c.cpython-310-x86_64-linux-gnu.so[0m
[51.944s] [ 98%] [32m[1mLinking C shared library rosidl_generator_py/theora_webcams/theora_webcams_s__rosidl_typesupport_introspection_c.cpython-310-x86_64-linux-gnu.so[0m
[51.955s] [100%] [32m[1mLinking C shared library rosidl_generator_py/theora_webcams/theora_webcams_s__rosidl_typesupport_c.cpython-310-x86_64-linux-gnu.so[0m
[52.040s] [100%] Built target theora_webcams__rosidl_typesupport_introspection_c__pyext
[52.041s] [100%] Built target theora_webcams__rosidl_typesupport_fastrtps_c__pyext
[52.054s] [100%] Built target theora_webcams__rosidl_typesupport_c__pyext
[52.072s] Invoked command in '/home/urc/new-GUI/build/theora_webcams' returned '0': CMAKE_PREFIX_PATH=/opt/ros/humble /usr/bin/cmake --build /home/urc/new-GUI/build/theora_webcams -- -j4 -l4
[52.325s] Invoking command in '/home/urc/new-GUI/build/theora_webcams': CMAKE_PREFIX_PATH=/opt/ros/humble /usr/bin/cmake --install /home/urc/new-GUI/build/theora_webcams
[52.335s] -- Install configuration: ""
[52.335s] -- Installing: /home/urc/new-GUI/install/theora_webcams/share/ament_index/resource_index/rosidl_interfaces/theora_webcams
[52.335s] -- Installing: /home/urc/new-GUI/install/theora_webcams/include/theora_webcams/theora_webcams
[52.336s] -- Installing: /home/urc/new-GUI/install/theora_webcams/include/theora_webcams/theora_webcams/msg
[52.336s] -- Installing: /home/urc/new-GUI/install/theora_webcams/include/theora_webcams/theora_webcams/msg/video_format.h
[52.336s] -- Installing: /home/urc/new-GUI/install/theora_webcams/include/theora_webcams/theora_webcams/msg/video_format_list.h
[52.336s] -- Installing: /home/urc/new-GUI/install/theora_webcams/include/theora_webcams/theora_webcams/msg/status.h
[52.336s] -- Installing: /home/urc/new-GUI/install/theora_webcams/include/theora_webcams/theora_webcams/msg/rosidl_generator_c__visibility_control.h
[52.336s] -- Installing: /home/urc/new-GUI/install/theora_webcams/include/theora_webcams/theora_webcams/msg/detail
[52.337s] -- Installing: /home/urc/new-GUI/install/theora_webcams/include/theora_webcams/theora_webcams/msg/detail/video_format_list__functions.h
[52.337s] -- Installing: /home/urc/new-GUI/install/theora_webcams/include/theora_webcams/theora_webcams/msg/detail/resolution__type_support.h
[52.337s] -- Installing: /home/urc/new-GUI/install/theora_webcams/include/theora_webcams/theora_webcams/msg/detail/video_format_list__type_support.h
[52.337s] -- Installing: /home/urc/new-GUI/install/theora_webcams/include/theora_webcams/theora_webcams/msg/detail/resolution__functions.h
[52.337s] -- Installing: /home/urc/new-GUI/install/theora_webcams/include/theora_webcams/theora_webcams/msg/detail/video_format__functions.c
[52.337s] -- Installing: /home/urc/new-GUI/install/theora_webcams/include/theora_webcams/theora_webcams/msg/detail/status__struct.h
[52.338s] -- Installing: /home/urc/new-GUI/install/theora_webcams/include/theora_webcams/theora_webcams/msg/detail/framerate__functions.c
[52.338s] -- Installing: /home/urc/new-GUI/install/theora_webcams/include/theora_webcams/theora_webcams/msg/detail/video_format__type_support.h
[52.338s] -- Installing: /home/urc/new-GUI/install/theora_webcams/include/theora_webcams/theora_webcams/msg/detail/framerate__type_support.h
[52.339s] -- Installing: /home/urc/new-GUI/install/theora_webcams/include/theora_webcams/theora_webcams/msg/detail/video_format__functions.h
[52.339s] -- Installing: /home/urc/new-GUI/install/theora_webcams/include/theora_webcams/theora_webcams/msg/detail/framerate__struct.h
[52.339s] -- Installing: /home/urc/new-GUI/install/theora_webcams/include/theora_webcams/theora_webcams/msg/detail/video_format_list__struct.h
[52.339s] -- Installing: /home/urc/new-GUI/install/theora_webcams/include/theora_webcams/theora_webcams/msg/detail/status__functions.h
[52.339s] -- Installing: /home/urc/new-GUI/install/theora_webcams/include/theora_webcams/theora_webcams/msg/detail/framerate__functions.h
[52.339s] -- Installing: /home/urc/new-GUI/install/theora_webcams/include/theora_webcams/theora_webcams/msg/detail/status__functions.c
[52.340s] -- Installing: /home/urc/new-GUI/install/theora_webcams/include/theora_webcams/theora_webcams/msg/detail/resolution__functions.c
[52.340s] -- Installing: /home/urc/new-GUI/install/theora_webcams/include/theora_webcams/theora_webcams/msg/detail/video_format__struct.h
[52.340s] -- Installing: /home/urc/new-GUI/install/theora_webcams/include/theora_webcams/theora_webcams/msg/detail/video_format_list__functions.c
[52.340s] -- Installing: /home/urc/new-GUI/install/theora_webcams/include/theora_webcams/theora_webcams/msg/detail/status__type_support.h
[52.340s] -- Installing: /home/urc/new-GUI/install/theora_webcams/include/theora_webcams/theora_webcams/msg/detail/resolution__struct.h
[52.340s] -- Installing: /home/urc/new-GUI/install/theora_webcams/include/theora_webcams/theora_webcams/msg/resolution.h
[52.341s] -- Installing: /home/urc/new-GUI/install/theora_webcams/include/theora_webcams/theora_webcams/msg/framerate.h
[52.341s] -- Installing: /home/urc/new-GUI/install/theora_webcams/include/theora_webcams/theora_webcams/srv
[52.341s] -- Installing: /home/urc/new-GUI/install/theora_webcams/include/theora_webcams/theora_webcams/srv/get_resolutions.h
[52.341s] -- Installing: /home/urc/new-GUI/install/theora_webcams/include/theora_webcams/theora_webcams/srv/get_exposure_bounds.h
[52.344s] -- Installing: /home/urc/new-GUI/install/theora_webcams/include/theora_webcams/theora_webcams/srv/change_video.h
[52.344s] -- Installing: /home/urc/new-GUI/install/theora_webcams/include/theora_webcams/theora_webcams/srv/detail
[52.344s] -- Installing: /home/urc/new-GUI/install/theora_webcams/include/theora_webcams/theora_webcams/srv/detail/get_exposure_bounds__functions.h
[52.344s] -- Installing: /home/urc/new-GUI/install/theora_webcams/include/theora_webcams/theora_webcams/srv/detail/get_resolutions__type_support.h
[52.344s] -- Installing: /home/urc/new-GUI/install/theora_webcams/include/theora_webcams/theora_webcams/srv/detail/change_video__functions.c
[52.344s] -- Installing: /home/urc/new-GUI/install/theora_webcams/include/theora_webcams/theora_webcams/srv/detail/get_exposure_bounds__struct.h
[52.345s] -- Installing: /home/urc/new-GUI/install/theora_webcams/include/theora_webcams/theora_webcams/srv/detail/get_resolutions__functions.c
[52.345s] -- Installing: /home/urc/new-GUI/install/theora_webcams/include/theora_webcams/theora_webcams/srv/detail/set_exposure__functions.c
[52.345s] -- Installing: /home/urc/new-GUI/install/theora_webcams/include/theora_webcams/theora_webcams/srv/detail/get_exposure_bounds__type_support.h
[52.345s] -- Installing: /home/urc/new-GUI/install/theora_webcams/include/theora_webcams/theora_webcams/srv/detail/set_exposure__struct.h
[52.345s] -- Installing: /home/urc/new-GUI/install/theora_webcams/include/theora_webcams/theora_webcams/srv/detail/get_resolutions__struct.h
[52.346s] -- Installing: /home/urc/new-GUI/install/theora_webcams/include/theora_webcams/theora_webcams/srv/detail/change_video__functions.h
[52.346s] -- Installing: /home/urc/new-GUI/install/theora_webcams/include/theora_webcams/theora_webcams/srv/detail/set_exposure__type_support.h
[52.346s] -- Installing: /home/urc/new-GUI/install/theora_webcams/include/theora_webcams/theora_webcams/srv/detail/change_video__struct.h
[52.346s] -- Installing: /home/urc/new-GUI/install/theora_webcams/include/theora_webcams/theora_webcams/srv/detail/get_exposure_bounds__functions.c
[52.347s] -- Installing: /home/urc/new-GUI/install/theora_webcams/include/theora_webcams/theora_webcams/srv/detail/set_exposure__functions.h
[52.348s] -- Installing: /home/urc/new-GUI/install/theora_webcams/include/theora_webcams/theora_webcams/srv/detail/get_resolutions__functions.h
[52.348s] -- Installing: /home/urc/new-GUI/install/theora_webcams/include/theora_webcams/theora_webcams/srv/detail/change_video__type_support.h
[52.348s] -- Installing: /home/urc/new-GUI/install/theora_webcams/include/theora_webcams/theora_webcams/srv/set_exposure.h
[52.348s] -- Installing: /home/urc/new-GUI/install/theora_webcams/share/theora_webcams/environment/library_path.sh
[52.349s] -- Installing: /home/urc/new-GUI/install/theora_webcams/share/theora_webcams/environment/library_path.dsv
[52.350s] -- Installing: /home/urc/new-GUI/install/theora_webcams/lib/libtheora_webcams__rosidl_generator_c.so
[52.351s] -- Set runtime path of "/home/urc/new-GUI/install/theora_webcams/lib/libtheora_webcams__rosidl_generator_c.so" to ""
[52.351s] -- Up-to-date: /home/urc/new-GUI/install/theora_webcams/include/theora_webcams/theora_webcams
[52.351s] -- Up-to-date: /home/urc/new-GUI/install/theora_webcams/include/theora_webcams/theora_webcams/msg
[52.352s] -- Installing: /home/urc/new-GUI/install/theora_webcams/include/theora_webcams/theora_webcams/msg/rosidl_typesupport_fastrtps_c__visibility_control.h
[52.352s] -- Up-to-date: /home/urc/new-GUI/install/theora_webcams/include/theora_webcams/theora_webcams/msg/detail
[52.352s] -- Installing: /home/urc/new-GUI/install/theora_webcams/include/theora_webcams/theora_webcams/msg/detail/framerate__rosidl_typesupport_fastrtps_c.h
[52.353s] -- Installing: /home/urc/new-GUI/install/theora_webcams/include/theora_webcams/theora_webcams/msg/detail/resolution__rosidl_typesupport_fastrtps_c.h
[52.353s] -- Installing: /home/urc/new-GUI/install/theora_webcams/include/theora_webcams/theora_webcams/msg/detail/video_format__rosidl_typesupport_fastrtps_c.h
[52.353s] -- Installing: /home/urc/new-GUI/install/theora_webcams/include/theora_webcams/theora_webcams/msg/detail/video_format_list__rosidl_typesupport_fastrtps_c.h
[52.353s] -- Installing: /home/urc/new-GUI/install/theora_webcams/include/theora_webcams/theora_webcams/msg/detail/status__rosidl_typesupport_fastrtps_c.h
[52.354s] -- Up-to-date: /home/urc/new-GUI/install/theora_webcams/include/theora_webcams/theora_webcams/srv
[52.354s] -- Up-to-date: /home/urc/new-GUI/install/theora_webcams/include/theora_webcams/theora_webcams/srv/detail
[52.354s] -- Installing: /home/urc/new-GUI/install/theora_webcams/include/theora_webcams/theora_webcams/srv/detail/get_exposure_bounds__rosidl_typesupport_fastrtps_c.h
[52.354s] -- Installing: /home/urc/new-GUI/install/theora_webcams/include/theora_webcams/theora_webcams/srv/detail/change_video__rosidl_typesupport_fastrtps_c.h
[52.355s] -- Installing: /home/urc/new-GUI/install/theora_webcams/include/theora_webcams/theora_webcams/srv/detail/get_resolutions__rosidl_typesupport_fastrtps_c.h
[52.355s] -- Installing: /home/urc/new-GUI/install/theora_webcams/include/theora_webcams/theora_webcams/srv/detail/set_exposure__rosidl_typesupport_fastrtps_c.h
[52.355s] -- Installing: /home/urc/new-GUI/install/theora_webcams/lib/libtheora_webcams__rosidl_typesupport_fastrtps_c.so
[52.356s] -- Set runtime path of "/home/urc/new-GUI/install/theora_webcams/lib/libtheora_webcams__rosidl_typesupport_fastrtps_c.so" to ""
[52.356s] -- Up-to-date: /home/urc/new-GUI/install/theora_webcams/include/theora_webcams/theora_webcams
[52.356s] -- Up-to-date: /home/urc/new-GUI/install/theora_webcams/include/theora_webcams/theora_webcams/msg
[52.357s] -- Installing: /home/urc/new-GUI/install/theora_webcams/include/theora_webcams/theora_webcams/msg/rosidl_typesupport_introspection_c__visibility_control.h
[52.357s] -- Up-to-date: /home/urc/new-GUI/install/theora_webcams/include/theora_webcams/theora_webcams/msg/detail
[52.357s] -- Installing: /home/urc/new-GUI/install/theora_webcams/include/theora_webcams/theora_webcams/msg/detail/resolution__rosidl_typesupport_introspection_c.h
[52.357s] -- Installing: /home/urc/new-GUI/install/theora_webcams/include/theora_webcams/theora_webcams/msg/detail/framerate__rosidl_typesupport_introspection_c.h
[52.358s] -- Installing: /home/urc/new-GUI/install/theora_webcams/include/theora_webcams/theora_webcams/msg/detail/video_format_list__type_support.c
[52.358s] -- Installing: /home/urc/new-GUI/install/theora_webcams/include/theora_webcams/theora_webcams/msg/detail/video_format__rosidl_typesupport_introspection_c.h
[52.358s] -- Installing: /home/urc/new-GUI/install/theora_webcams/include/theora_webcams/theora_webcams/msg/detail/video_format__type_support.c
[52.359s] -- Installing: /home/urc/new-GUI/install/theora_webcams/include/theora_webcams/theora_webcams/msg/detail/status__rosidl_typesupport_introspection_c.h
[52.359s] -- Installing: /home/urc/new-GUI/install/theora_webcams/include/theora_webcams/theora_webcams/msg/detail/framerate__type_support.c
[52.359s] -- Installing: /home/urc/new-GUI/install/theora_webcams/include/theora_webcams/theora_webcams/msg/detail/video_format_list__rosidl_typesupport_introspection_c.h
[52.360s] -- Installing: /home/urc/new-GUI/install/theora_webcams/include/theora_webcams/theora_webcams/msg/detail/status__type_support.c
[52.360s] -- Installing: /home/urc/new-GUI/install/theora_webcams/include/theora_webcams/theora_webcams/msg/detail/resolution__type_support.c
[52.360s] -- Up-to-date: /home/urc/new-GUI/install/theora_webcams/include/theora_webcams/theora_webcams/srv
[52.361s] -- Up-to-date: /home/urc/new-GUI/install/theora_webcams/include/theora_webcams/theora_webcams/srv/detail
[52.361s] -- Installing: /home/urc/new-GUI/install/theora_webcams/include/theora_webcams/theora_webcams/srv/detail/get_exposure_bounds__rosidl_typesupport_introspection_c.h
[52.361s] -- Installing: /home/urc/new-GUI/install/theora_webcams/include/theora_webcams/theora_webcams/srv/detail/get_resolutions__rosidl_typesupport_introspection_c.h
[52.361s] -- Installing: /home/urc/new-GUI/install/theora_webcams/include/theora_webcams/theora_webcams/srv/detail/set_exposure__type_support.c
[52.362s] -- Installing: /home/urc/new-GUI/install/theora_webcams/include/theora_webcams/theora_webcams/srv/detail/set_exposure__rosidl_typesupport_introspection_c.h
[52.362s] -- Installing: /home/urc/new-GUI/install/theora_webcams/include/theora_webcams/theora_webcams/srv/detail/change_video__rosidl_typesupport_introspection_c.h
[52.363s] -- Installing: /home/urc/new-GUI/install/theora_webcams/include/theora_webcams/theora_webcams/srv/detail/get_exposure_bounds__type_support.c
[52.363s] -- Installing: /home/urc/new-GUI/install/theora_webcams/include/theora_webcams/theora_webcams/srv/detail/get_resolutions__type_support.c
[52.363s] -- Installing: /home/urc/new-GUI/install/theora_webcams/include/theora_webcams/theora_webcams/srv/detail/change_video__type_support.c
[52.364s] -- Installing: /home/urc/new-GUI/install/theora_webcams/lib/libtheora_webcams__rosidl_typesupport_introspection_c.so
[52.364s] -- Set runtime path of "/home/urc/new-GUI/install/theora_webcams/lib/libtheora_webcams__rosidl_typesupport_introspection_c.so" to ""
[52.365s] -- Installing: /home/urc/new-GUI/install/theora_webcams/lib/libtheora_webcams__rosidl_typesupport_c.so
[52.365s] -- Set runtime path of "/home/urc/new-GUI/install/theora_webcams/lib/libtheora_webcams__rosidl_typesupport_c.so" to ""
[52.366s] -- Up-to-date: /home/urc/new-GUI/install/theora_webcams/include/theora_webcams/theora_webcams
[52.366s] -- Up-to-date: /home/urc/new-GUI/install/theora_webcams/include/theora_webcams/theora_webcams/msg
[52.366s] -- Installing: /home/urc/new-GUI/install/theora_webcams/include/theora_webcams/theora_webcams/msg/video_format.hpp
[52.367s] -- Installing: /home/urc/new-GUI/install/theora_webcams/include/theora_webcams/theora_webcams/msg/video_format_list.hpp
[52.367s] -- Installing: /home/urc/new-GUI/install/theora_webcams/include/theora_webcams/theora_webcams/msg/resolution.hpp
[52.368s] -- Installing: /home/urc/new-GUI/install/theora_webcams/include/theora_webcams/theora_webcams/msg/status.hpp
[52.369s] -- Up-to-date: /home/urc/new-GUI/install/theora_webcams/include/theora_webcams/theora_webcams/msg/detail
[52.369s] -- Installing: /home/urc/new-GUI/install/theora_webcams/include/theora_webcams/theora_webcams/msg/detail/video_format__struct.hpp
[52.369s] -- Installing: /home/urc/new-GUI/install/theora_webcams/include/theora_webcams/theora_webcams/msg/detail/framerate__struct.hpp
[52.369s] -- Installing: /home/urc/new-GUI/install/theora_webcams/include/theora_webcams/theora_webcams/msg/detail/resolution__traits.hpp
[52.370s] -- Installing: /home/urc/new-GUI/install/theora_webcams/include/theora_webcams/theora_webcams/msg/detail/video_format_list__builder.hpp
[52.370s] -- Installing: /home/urc/new-GUI/install/theora_webcams/include/theora_webcams/theora_webcams/msg/detail/framerate__traits.hpp
[52.371s] -- Installing: /home/urc/new-GUI/install/theora_webcams/include/theora_webcams/theora_webcams/msg/detail/status__struct.hpp
[52.371s] -- Installing: /home/urc/new-GUI/install/theora_webcams/include/theora_webcams/theora_webcams/msg/detail/video_format_list__struct.hpp
[52.371s] -- Installing: /home/urc/new-GUI/install/theora_webcams/include/theora_webcams/theora_webcams/msg/detail/framerate__builder.hpp
[52.372s] -- Installing: /home/urc/new-GUI/install/theora_webcams/include/theora_webcams/theora_webcams/msg/detail/resolution__struct.hpp
[52.372s] -- Installing: /home/urc/new-GUI/install/theora_webcams/include/theora_webcams/theora_webcams/msg/detail/status__builder.hpp
[52.373s] -- Installing: /home/urc/new-GUI/install/theora_webcams/include/theora_webcams/theora_webcams/msg/detail/resolution__builder.hpp
[52.373s] -- Installing: /home/urc/new-GUI/install/theora_webcams/include/theora_webcams/theora_webcams/msg/detail/video_format__builder.hpp
[52.374s] -- Installing: /home/urc/new-GUI/install/theora_webcams/include/theora_webcams/theora_webcams/msg/detail/video_format_list__traits.hpp
[52.374s] -- Installing: /home/urc/new-GUI/install/theora_webcams/include/theora_webcams/theora_webcams/msg/detail/video_format__traits.hpp
[52.375s] -- Installing: /home/urc/new-GUI/install/theora_webcams/include/theora_webcams/theora_webcams/msg/detail/status__traits.hpp
[52.375s] -- Installing: /home/urc/new-GUI/install/theora_webcams/include/theora_webcams/theora_webcams/msg/framerate.hpp
[52.376s] -- Up-to-date: /home/urc/new-GUI/install/theora_webcams/include/theora_webcams/theora_webcams/srv
[52.376s] -- Installing: /home/urc/new-GUI/install/theora_webcams/include/theora_webcams/theora_webcams/srv/get_resolutions.hpp
[52.376s] -- Installing: /home/urc/new-GUI/install/theora_webcams/include/theora_webcams/theora_webcams/srv/set_exposure.hpp
[52.377s] -- Up-to-date: /home/urc/new-GUI/install/theora_webcams/include/theora_webcams/theora_webcams/srv/detail
[52.377s] -- Installing: /home/urc/new-GUI/install/theora_webcams/include/theora_webcams/theora_webcams/srv/detail/set_exposure__struct.hpp
[52.377s] -- Installing: /home/urc/new-GUI/install/theora_webcams/include/theora_webcams/theora_webcams/srv/detail/get_exposure_bounds__traits.hpp
[52.378s] -- Installing: /home/urc/new-GUI/install/theora_webcams/include/theora_webcams/theora_webcams/srv/detail/get_exposure_bounds__builder.hpp
[52.378s] -- Installing: /home/urc/new-GUI/install/theora_webcams/include/theora_webcams/theora_webcams/srv/detail/change_video__struct.hpp
[52.378s] -- Installing: /home/urc/new-GUI/install/theora_webcams/include/theora_webcams/theora_webcams/srv/detail/change_video__builder.hpp
[52.379s] -- Installing: /home/urc/new-GUI/install/theora_webcams/include/theora_webcams/theora_webcams/srv/detail/get_resolutions__builder.hpp
[52.379s] -- Installing: /home/urc/new-GUI/install/theora_webcams/include/theora_webcams/theora_webcams/srv/detail/get_resolutions__traits.hpp
[52.379s] -- Installing: /home/urc/new-GUI/install/theora_webcams/include/theora_webcams/theora_webcams/srv/detail/set_exposure__builder.hpp
[52.379s] -- Installing: /home/urc/new-GUI/install/theora_webcams/include/theora_webcams/theora_webcams/srv/detail/set_exposure__traits.hpp
[52.380s] -- Installing: /home/urc/new-GUI/install/theora_webcams/include/theora_webcams/theora_webcams/srv/detail/change_video__traits.hpp
[52.380s] -- Installing: /home/urc/new-GUI/install/theora_webcams/include/theora_webcams/theora_webcams/srv/detail/get_exposure_bounds__struct.hpp
[52.380s] -- Installing: /home/urc/new-GUI/install/theora_webcams/include/theora_webcams/theora_webcams/srv/detail/get_resolutions__struct.hpp
[52.380s] -- Installing: /home/urc/new-GUI/install/theora_webcams/include/theora_webcams/theora_webcams/srv/change_video.hpp
[52.381s] -- Installing: /home/urc/new-GUI/install/theora_webcams/include/theora_webcams/theora_webcams/srv/get_exposure_bounds.hpp
[52.381s] -- Up-to-date: /home/urc/new-GUI/install/theora_webcams/include/theora_webcams/theora_webcams
[52.381s] -- Up-to-date: /home/urc/new-GUI/install/theora_webcams/include/theora_webcams/theora_webcams/msg
[52.381s] -- Installing: /home/urc/new-GUI/install/theora_webcams/include/theora_webcams/theora_webcams/msg/rosidl_typesupport_fastrtps_cpp__visibility_control.h
[52.382s] -- Up-to-date: /home/urc/new-GUI/install/theora_webcams/include/theora_webcams/theora_webcams/msg/detail
[52.382s] -- Installing: /home/urc/new-GUI/install/theora_webcams/include/theora_webcams/theora_webcams/msg/detail/framerate__rosidl_typesupport_fastrtps_cpp.hpp
[52.382s] -- Installing: /home/urc/new-GUI/install/theora_webcams/include/theora_webcams/theora_webcams/msg/detail/resolution__rosidl_typesupport_fastrtps_cpp.hpp
[52.382s] -- Installing: /home/urc/new-GUI/install/theora_webcams/include/theora_webcams/theora_webcams/msg/detail/status__rosidl_typesupport_fastrtps_cpp.hpp
[52.383s] -- Installing: /home/urc/new-GUI/install/theora_webcams/include/theora_webcams/theora_webcams/msg/detail/video_format__rosidl_typesupport_fastrtps_cpp.hpp
[52.383s] -- Installing: /home/urc/new-GUI/install/theora_webcams/include/theora_webcams/theora_webcams/msg/detail/video_format_list__rosidl_typesupport_fastrtps_cpp.hpp
[52.383s] -- Installing: /home/urc/new-GUI/install/theora_webcams/include/theora_webcams/theora_webcams/msg/detail/dds_fastrtps
[52.384s] -- Up-to-date: /home/urc/new-GUI/install/theora_webcams/include/theora_webcams/theora_webcams/srv
[52.384s] -- Up-to-date: /home/urc/new-GUI/install/theora_webcams/include/theora_webcams/theora_webcams/srv/detail
[52.384s] -- Installing: /home/urc/new-GUI/install/theora_webcams/include/theora_webcams/theora_webcams/srv/detail/set_exposure__rosidl_typesupport_fastrtps_cpp.hpp
[52.384s] -- Installing: /home/urc/new-GUI/install/theora_webcams/include/theora_webcams/theora_webcams/srv/detail/change_video__rosidl_typesupport_fastrtps_cpp.hpp
[52.385s] -- Installing: /home/urc/new-GUI/install/theora_webcams/include/theora_webcams/theora_webcams/srv/detail/get_exposure_bounds__rosidl_typesupport_fastrtps_cpp.hpp
[52.385s] -- Installing: /home/urc/new-GUI/install/theora_webcams/include/theora_webcams/theora_webcams/srv/detail/get_resolutions__rosidl_typesupport_fastrtps_cpp.hpp
[52.385s] -- Installing: /home/urc/new-GUI/install/theora_webcams/include/theora_webcams/theora_webcams/srv/detail/dds_fastrtps
[52.385s] -- Installing: /home/urc/new-GUI/install/theora_webcams/lib/libtheora_webcams__rosidl_typesupport_fastrtps_cpp.so
[52.386s] -- Set runtime path of "/home/urc/new-GUI/install/theora_webcams/lib/libtheora_webcams__rosidl_typesupport_fastrtps_cpp.so" to ""
[52.387s] -- Up-to-date: /home/urc/new-GUI/install/theora_webcams/include/theora_webcams/theora_webcams
[52.387s] -- Up-to-date: /home/urc/new-GUI/install/theora_webcams/include/theora_webcams/theora_webcams/msg
[52.387s] -- Up-to-date: /home/urc/new-GUI/install/theora_webcams/include/theora_webcams/theora_webcams/msg/detail
[52.387s] -- Installing: /home/urc/new-GUI/install/theora_webcams/include/theora_webcams/theora_webcams/msg/detail/resolution__rosidl_typesupport_introspection_cpp.hpp
[52.388s] -- Installing: /home/urc/new-GUI/install/theora_webcams/include/theora_webcams/theora_webcams/msg/detail/status__rosidl_typesupport_introspection_cpp.hpp
[52.388s] -- Installing: /home/urc/new-GUI/install/theora_webcams/include/theora_webcams/theora_webcams/msg/detail/video_format__rosidl_typesupport_introspection_cpp.hpp
[52.389s] -- Installing: /home/urc/new-GUI/install/theora_webcams/include/theora_webcams/theora_webcams/msg/detail/framerate__rosidl_typesupport_introspection_cpp.hpp
[52.389s] -- Installing: /home/urc/new-GUI/install/theora_webcams/include/theora_webcams/theora_webcams/msg/detail/video_format_list__rosidl_typesupport_introspection_cpp.hpp
[52.389s] -- Installing: /home/urc/new-GUI/install/theora_webcams/include/theora_webcams/theora_webcams/msg/detail/resolution__type_support.cpp
[52.389s] -- Installing: /home/urc/new-GUI/install/theora_webcams/include/theora_webcams/theora_webcams/msg/detail/video_format__type_support.cpp
[52.390s] -- Installing: /home/urc/new-GUI/install/theora_webcams/include/theora_webcams/theora_webcams/msg/detail/status__type_support.cpp
[52.390s] -- Installing: /home/urc/new-GUI/install/theora_webcams/include/theora_webcams/theora_webcams/msg/detail/framerate__type_support.cpp
[52.390s] -- Installing: /home/urc/new-GUI/install/theora_webcams/include/theora_webcams/theora_webcams/msg/detail/video_format_list__type_support.cpp
[52.391s] -- Up-to-date: /home/urc/new-GUI/install/theora_webcams/include/theora_webcams/theora_webcams/srv
[52.391s] -- Up-to-date: /home/urc/new-GUI/install/theora_webcams/include/theora_webcams/theora_webcams/srv/detail
[52.391s] -- Installing: /home/urc/new-GUI/install/theora_webcams/include/theora_webcams/theora_webcams/srv/detail/get_resolutions__rosidl_typesupport_introspection_cpp.hpp
[52.392s] -- Installing: /home/urc/new-GUI/install/theora_webcams/include/theora_webcams/theora_webcams/srv/detail/get_exposure_bounds__rosidl_typesupport_introspection_cpp.hpp
[52.392s] -- Installing: /home/urc/new-GUI/install/theora_webcams/include/theora_webcams/theora_webcams/srv/detail/change_video__type_support.cpp
[52.392s] -- Installing: /home/urc/new-GUI/install/theora_webcams/include/theora_webcams/theora_webcams/srv/detail/get_resolutions__type_support.cpp
[52.392s] -- Installing: /home/urc/new-GUI/install/theora_webcams/include/theora_webcams/theora_webcams/srv/detail/get_exposure_bounds__type_support.cpp
[52.393s] -- Installing: /home/urc/new-GUI/install/theora_webcams/include/theora_webcams/theora_webcams/srv/detail/set_exposure__rosidl_typesupport_introspection_cpp.hpp
[52.393s] -- Installing: /home/urc/new-GUI/install/theora_webcams/include/theora_webcams/theora_webcams/srv/detail/change_video__rosidl_typesupport_introspection_cpp.hpp
[52.393s] -- Installing: /home/urc/new-GUI/install/theora_webcams/include/theora_webcams/theora_webcams/srv/detail/set_exposure__type_support.cpp
[52.394s] -- Installing: /home/urc/new-GUI/install/theora_webcams/lib/libtheora_webcams__rosidl_typesupport_introspection_cpp.so
[52.395s] -- Set runtime path of "/home/urc/new-GUI/install/theora_webcams/lib/libtheora_webcams__rosidl_typesupport_introspection_cpp.so" to ""
[52.395s] -- Installing: /home/urc/new-GUI/install/theora_webcams/lib/libtheora_webcams__rosidl_typesupport_cpp.so
[52.396s] -- Set runtime path of "/home/urc/new-GUI/install/theora_webcams/lib/libtheora_webcams__rosidl_typesupport_cpp.so" to ""
[52.396s] -- Installing: /home/urc/new-GUI/install/theora_webcams/share/theora_webcams/environment/pythonpath.sh
[52.397s] -- Installing: /home/urc/new-GUI/install/theora_webcams/share/theora_webcams/environment/pythonpath.dsv
[52.397s] -- Installing: /home/urc/new-GUI/install/theora_webcams/local/lib/python3.10/dist-packages/theora_webcams-0.0.0-py3.10.egg-info
[52.398s] -- Installing: /home/urc/new-GUI/install/theora_webcams/local/lib/python3.10/dist-packages/theora_webcams-0.0.0-py3.10.egg-info/PKG-INFO
[52.398s] -- Installing: /home/urc/new-GUI/install/theora_webcams/local/lib/python3.10/dist-packages/theora_webcams-0.0.0-py3.10.egg-info/dependency_links.txt
[52.398s] -- Installing: /home/urc/new-GUI/install/theora_webcams/local/lib/python3.10/dist-packages/theora_webcams-0.0.0-py3.10.egg-info/top_level.txt
[52.399s] -- Installing: /home/urc/new-GUI/install/theora_webcams/local/lib/python3.10/dist-packages/theora_webcams-0.0.0-py3.10.egg-info/SOURCES.txt
[52.399s] -- Installing: /home/urc/new-GUI/install/theora_webcams/local/lib/python3.10/dist-packages/theora_webcams
[52.399s] -- Installing: /home/urc/new-GUI/install/theora_webcams/local/lib/python3.10/dist-packages/theora_webcams/_theora_webcams_s.ep.rosidl_typesupport_fastrtps_c.c
[52.400s] -- Installing: /home/urc/new-GUI/install/theora_webcams/local/lib/python3.10/dist-packages/theora_webcams/msg
[52.400s] -- Installing: /home/urc/new-GUI/install/theora_webcams/local/lib/python3.10/dist-packages/theora_webcams/msg/_resolution.py
[52.400s] -- Installing: /home/urc/new-GUI/install/theora_webcams/local/lib/python3.10/dist-packages/theora_webcams/msg/_resolution_s.c
[52.400s] -- Installing: /home/urc/new-GUI/install/theora_webcams/local/lib/python3.10/dist-packages/theora_webcams/msg/_status.py
[52.401s] -- Installing: /home/urc/new-GUI/install/theora_webcams/local/lib/python3.10/dist-packages/theora_webcams/msg/_video_format_s.c
[52.401s] -- Installing: /home/urc/new-GUI/install/theora_webcams/local/lib/python3.10/dist-packages/theora_webcams/msg/__init__.py
[52.401s] -- Installing: /home/urc/new-GUI/install/theora_webcams/local/lib/python3.10/dist-packages/theora_webcams/msg/_video_format_list.py
[52.402s] -- Installing: /home/urc/new-GUI/install/theora_webcams/local/lib/python3.10/dist-packages/theora_webcams/msg/_video_format.py
[52.402s] -- Installing: /home/urc/new-GUI/install/theora_webcams/local/lib/python3.10/dist-packages/theora_webcams/msg/_framerate_s.c
[52.402s] -- Installing: /home/urc/new-GUI/install/theora_webcams/local/lib/python3.10/dist-packages/theora_webcams/msg/_status_s.c
[52.403s] -- Installing: /home/urc/new-GUI/install/theora_webcams/local/lib/python3.10/dist-packages/theora_webcams/msg/_video_format_list_s.c
[52.403s] -- Installing: /home/urc/new-GUI/install/theora_webcams/local/lib/python3.10/dist-packages/theora_webcams/msg/_framerate.py
[52.403s] -- Installing: /home/urc/new-GUI/install/theora_webcams/local/lib/python3.10/dist-packages/theora_webcams/theora_webcams_s__rosidl_typesupport_c.cpython-310-x86_64-linux-gnu.so
[52.403s] -- Installing: /home/urc/new-GUI/install/theora_webcams/local/lib/python3.10/dist-packages/theora_webcams/__init__.py
[52.403s] -- Installing: /home/urc/new-GUI/install/theora_webcams/local/lib/python3.10/dist-packages/theora_webcams/_theora_webcams_s.ep.rosidl_typesupport_c.c
[52.404s] -- Installing: /home/urc/new-GUI/install/theora_webcams/local/lib/python3.10/dist-packages/theora_webcams/libtheora_webcams__rosidl_generator_py.so
[52.404s] -- Installing: /home/urc/new-GUI/install/theora_webcams/local/lib/python3.10/dist-packages/theora_webcams/theora_webcams_s__rosidl_typesupport_fastrtps_c.cpython-310-x86_64-linux-gnu.so
[52.404s] -- Installing: /home/urc/new-GUI/install/theora_webcams/local/lib/python3.10/dist-packages/theora_webcams/srv
[52.404s] -- Installing: /home/urc/new-GUI/install/theora_webcams/local/lib/python3.10/dist-packages/theora_webcams/srv/_get_exposure_bounds.py
[52.404s] -- Installing: /home/urc/new-GUI/install/theora_webcams/local/lib/python3.10/dist-packages/theora_webcams/srv/_get_exposure_bounds_s.c
[52.405s] -- Installing: /home/urc/new-GUI/install/theora_webcams/local/lib/python3.10/dist-packages/theora_webcams/srv/_change_video_s.c
[52.405s] -- Installing: /home/urc/new-GUI/install/theora_webcams/local/lib/python3.10/dist-packages/theora_webcams/srv/_set_exposure.py
[52.405s] -- Installing: /home/urc/new-GUI/install/theora_webcams/local/lib/python3.10/dist-packages/theora_webcams/srv/_get_resolutions.py
[52.405s] -- Installing: /home/urc/new-GUI/install/theora_webcams/local/lib/python3.10/dist-packages/theora_webcams/srv/_change_video.py
[52.405s] -- Installing: /home/urc/new-GUI/install/theora_webcams/local/lib/python3.10/dist-packages/theora_webcams/srv/_get_resolutions_s.c
[52.405s] -- Installing: /home/urc/new-GUI/install/theora_webcams/local/lib/python3.10/dist-packages/theora_webcams/srv/__init__.py
[52.405s] -- Installing: /home/urc/new-GUI/install/theora_webcams/local/lib/python3.10/dist-packages/theora_webcams/srv/_set_exposure_s.c
[52.405s] -- Installing: /home/urc/new-GUI/install/theora_webcams/local/lib/python3.10/dist-packages/theora_webcams/_theora_webcams_s.ep.rosidl_typesupport_introspection_c.c
[52.406s] -- Installing: /home/urc/new-GUI/install/theora_webcams/local/lib/python3.10/dist-packages/theora_webcams/theora_webcams_s__rosidl_typesupport_introspection_c.cpython-310-x86_64-linux-gnu.so
[52.460s] Listing '/home/urc/new-GUI/install/theora_webcams/local/lib/python3.10/dist-packages/theora_webcams'...
[52.460s] Compiling '/home/urc/new-GUI/install/theora_webcams/local/lib/python3.10/dist-packages/theora_webcams/__init__.py'...
[52.461s] Listing '/home/urc/new-GUI/install/theora_webcams/local/lib/python3.10/dist-packages/theora_webcams/msg'...
[52.461s] Compiling '/home/urc/new-GUI/install/theora_webcams/local/lib/python3.10/dist-packages/theora_webcams/msg/__init__.py'...
[52.461s] Compiling '/home/urc/new-GUI/install/theora_webcams/local/lib/python3.10/dist-packages/theora_webcams/msg/_framerate.py'...
[52.461s] Compiling '/home/urc/new-GUI/install/theora_webcams/local/lib/python3.10/dist-packages/theora_webcams/msg/_resolution.py'...
[52.461s] Compiling '/home/urc/new-GUI/install/theora_webcams/local/lib/python3.10/dist-packages/theora_webcams/msg/_status.py'...
[52.461s] Compiling '/home/urc/new-GUI/install/theora_webcams/local/lib/python3.10/dist-packages/theora_webcams/msg/_video_format.py'...
[52.461s] Compiling '/home/urc/new-GUI/install/theora_webcams/local/lib/python3.10/dist-packages/theora_webcams/msg/_video_format_list.py'...
[52.461s] Listing '/home/urc/new-GUI/install/theora_webcams/local/lib/python3.10/dist-packages/theora_webcams/srv'...
[52.461s] Compiling '/home/urc/new-GUI/install/theora_webcams/local/lib/python3.10/dist-packages/theora_webcams/srv/__init__.py'...
[52.461s] Compiling '/home/urc/new-GUI/install/theora_webcams/local/lib/python3.10/dist-packages/theora_webcams/srv/_change_video.py'...
[52.461s] Compiling '/home/urc/new-GUI/install/theora_webcams/local/lib/python3.10/dist-packages/theora_webcams/srv/_get_exposure_bounds.py'...
[52.461s] Compiling '/home/urc/new-GUI/install/theora_webcams/local/lib/python3.10/dist-packages/theora_webcams/srv/_get_resolutions.py'...
[52.461s] Compiling '/home/urc/new-GUI/install/theora_webcams/local/lib/python3.10/dist-packages/theora_webcams/srv/_set_exposure.py'...
[52.469s] -- Installing: /home/urc/new-GUI/install/theora_webcams/local/lib/python3.10/dist-packages/theora_webcams/theora_webcams_s__rosidl_typesupport_fastrtps_c.cpython-310-x86_64-linux-gnu.so
[52.469s] -- Set runtime path of "/home/urc/new-GUI/install/theora_webcams/local/lib/python3.10/dist-packages/theora_webcams/theora_webcams_s__rosidl_typesupport_fastrtps_c.cpython-310-x86_64-linux-gnu.so" to ""
[52.469s] -- Installing: /home/urc/new-GUI/install/theora_webcams/local/lib/python3.10/dist-packages/theora_webcams/theora_webcams_s__rosidl_typesupport_introspection_c.cpython-310-x86_64-linux-gnu.so
[52.470s] -- Set runtime path of "/home/urc/new-GUI/install/theora_webcams/local/lib/python3.10/dist-packages/theora_webcams/theora_webcams_s__rosidl_typesupport_introspection_c.cpython-310-x86_64-linux-gnu.so" to ""
[52.470s] -- Installing: /home/urc/new-GUI/install/theora_webcams/local/lib/python3.10/dist-packages/theora_webcams/theora_webcams_s__rosidl_typesupport_c.cpython-310-x86_64-linux-gnu.so
[52.470s] -- Set runtime path of "/home/urc/new-GUI/install/theora_webcams/local/lib/python3.10/dist-packages/theora_webcams/theora_webcams_s__rosidl_typesupport_c.cpython-310-x86_64-linux-gnu.so" to ""
[52.470s] -- Installing: /home/urc/new-GUI/install/theora_webcams/lib/libtheora_webcams__rosidl_generator_py.so
[52.471s] -- Set runtime path of "/home/urc/new-GUI/install/theora_webcams/lib/libtheora_webcams__rosidl_generator_py.so" to ""
[52.471s] -- Installing: /home/urc/new-GUI/install/theora_webcams/share/theora_webcams/msg/Framerate.idl
[52.472s] -- Installing: /home/urc/new-GUI/install/theora_webcams/share/theora_webcams/msg/Resolution.idl
[52.472s] -- Installing: /home/urc/new-GUI/install/theora_webcams/share/theora_webcams/msg/Status.idl
[52.472s] -- Installing: /home/urc/new-GUI/install/theora_webcams/share/theora_webcams/msg/VideoFormat.idl
[52.472s] -- Installing: /home/urc/new-GUI/install/theora_webcams/share/theora_webcams/msg/VideoFormatList.idl
[52.472s] -- Installing: /home/urc/new-GUI/install/theora_webcams/share/theora_webcams/srv/ChangeVideo.idl
[52.473s] -- Installing: /home/urc/new-GUI/install/theora_webcams/share/theora_webcams/srv/GetExposureBounds.idl
[52.473s] -- Installing: /home/urc/new-GUI/install/theora_webcams/share/theora_webcams/srv/GetResolutions.idl
[52.473s] -- Installing: /home/urc/new-GUI/install/theora_webcams/share/theora_webcams/srv/SetExposure.idl
[52.473s] -- Installing: /home/urc/new-GUI/install/theora_webcams/share/theora_webcams/msg/Framerate.msg
[52.473s] -- Installing: /home/urc/new-GUI/install/theora_webcams/share/theora_webcams/msg/Resolution.msg
[52.474s] -- Installing: /home/urc/new-GUI/install/theora_webcams/share/theora_webcams/msg/Status.msg
[52.474s] -- Installing: /home/urc/new-GUI/install/theora_webcams/share/theora_webcams/msg/VideoFormat.msg
[52.474s] -- Installing: /home/urc/new-GUI/install/theora_webcams/share/theora_webcams/msg/VideoFormatList.msg
[52.474s] -- Installing: /home/urc/new-GUI/install/theora_webcams/share/theora_webcams/srv/ChangeVideo.srv
[52.474s] -- Installing: /home/urc/new-GUI/install/theora_webcams/share/theora_webcams/srv/ChangeVideo_Request.msg
[52.475s] -- Installing: /home/urc/new-GUI/install/theora_webcams/share/theora_webcams/srv/ChangeVideo_Response.msg
[52.475s] -- Installing: /home/urc/new-GUI/install/theora_webcams/share/theora_webcams/srv/GetExposureBounds.srv
[52.475s] -- Installing: /home/urc/new-GUI/install/theora_webcams/share/theora_webcams/srv/GetExposureBounds_Request.msg
[52.475s] -- Installing: /home/urc/new-GUI/install/theora_webcams/share/theora_webcams/srv/GetExposureBounds_Response.msg
[52.476s] -- Installing: /home/urc/new-GUI/install/theora_webcams/share/theora_webcams/srv/GetResolutions.srv
[52.476s] -- Installing: /home/urc/new-GUI/install/theora_webcams/share/theora_webcams/srv/GetResolutions_Request.msg
[52.476s] -- Installing: /home/urc/new-GUI/install/theora_webcams/share/theora_webcams/srv/GetResolutions_Response.msg
[52.476s] -- Installing: /home/urc/new-GUI/install/theora_webcams/share/theora_webcams/srv/SetExposure.srv
[52.476s] -- Installing: /home/urc/new-GUI/install/theora_webcams/share/theora_webcams/srv/SetExposure_Request.msg
[52.477s] -- Installing: /home/urc/new-GUI/install/theora_webcams/share/theora_webcams/srv/SetExposure_Response.msg
[52.477s] -- Installing: /home/urc/new-GUI/install/theora_webcams/share/ament_index/resource_index/package_run_dependencies/theora_webcams
[52.478s] -- Installing: /home/urc/new-GUI/install/theora_webcams/share/ament_index/resource_index/parent_prefix_path/theora_webcams
[52.478s] -- Installing: /home/urc/new-GUI/install/theora_webcams/share/theora_webcams/environment/ament_prefix_path.sh
[52.478s] -- Installing: /home/urc/new-GUI/install/theora_webcams/share/theora_webcams/environment/ament_prefix_path.dsv
[52.479s] -- Installing: /home/urc/new-GUI/install/theora_webcams/share/theora_webcams/environment/path.sh
[52.479s] -- Installing: /home/urc/new-GUI/install/theora_webcams/share/theora_webcams/environment/path.dsv
[52.479s] -- Installing: /home/urc/new-GUI/install/theora_webcams/share/theora_webcams/local_setup.bash
[52.480s] -- Installing: /home/urc/new-GUI/install/theora_webcams/share/theora_webcams/local_setup.sh
[52.480s] -- Installing: /home/urc/new-GUI/install/theora_webcams/share/theora_webcams/local_setup.zsh
[52.480s] -- Installing: /home/urc/new-GUI/install/theora_webcams/share/theora_webcams/local_setup.dsv
[52.480s] -- Installing: /home/urc/new-GUI/install/theora_webcams/share/theora_webcams/package.dsv
[52.481s] -- Installing: /home/urc/new-GUI/install/theora_webcams/share/ament_index/resource_index/packages/theora_webcams
[52.481s] -- Installing: /home/urc/new-GUI/install/theora_webcams/share/theora_webcams/cmake/export_theora_webcams__rosidl_generator_cExport.cmake
[52.481s] -- Installing: /home/urc/new-GUI/install/theora_webcams/share/theora_webcams/cmake/export_theora_webcams__rosidl_generator_cExport-noconfig.cmake
[52.482s] -- Installing: /home/urc/new-GUI/install/theora_webcams/share/theora_webcams/cmake/export_theora_webcams__rosidl_typesupport_fastrtps_cExport.cmake
[52.482s] -- Installing: /home/urc/new-GUI/install/theora_webcams/share/theora_webcams/cmake/export_theora_webcams__rosidl_typesupport_fastrtps_cExport-noconfig.cmake
[52.482s] -- Installing: /home/urc/new-GUI/install/theora_webcams/share/theora_webcams/cmake/theora_webcams__rosidl_typesupport_introspection_cExport.cmake
[52.483s] -- Installing: /home/urc/new-GUI/install/theora_webcams/share/theora_webcams/cmake/theora_webcams__rosidl_typesupport_introspection_cExport-noconfig.cmake
[52.483s] -- Installing: /home/urc/new-GUI/install/theora_webcams/share/theora_webcams/cmake/theora_webcams__rosidl_typesupport_cExport.cmake
[52.484s] -- Installing: /home/urc/new-GUI/install/theora_webcams/share/theora_webcams/cmake/theora_webcams__rosidl_typesupport_cExport-noconfig.cmake
[52.484s] -- Installing: /home/urc/new-GUI/install/theora_webcams/share/theora_webcams/cmake/export_theora_webcams__rosidl_generator_cppExport.cmake
[52.486s] -- Installing: /home/urc/new-GUI/install/theora_webcams/share/theora_webcams/cmake/export_theora_webcams__rosidl_typesupport_fastrtps_cppExport.cmake
[52.486s] -- Installing: /home/urc/new-GUI/install/theora_webcams/share/theora_webcams/cmake/export_theora_webcams__rosidl_typesupport_fastrtps_cppExport-noconfig.cmake
[52.486s] -- Installing: /home/urc/new-GUI/install/theora_webcams/share/theora_webcams/cmake/theora_webcams__rosidl_typesupport_introspection_cppExport.cmake
[52.486s] -- Installing: /home/urc/new-GUI/install/theora_webcams/share/theora_webcams/cmake/theora_webcams__rosidl_typesupport_introspection_cppExport-noconfig.cmake
[52.486s] -- Installing: /home/urc/new-GUI/install/theora_webcams/share/theora_webcams/cmake/theora_webcams__rosidl_typesupport_cppExport.cmake
[52.486s] -- Installing: /home/urc/new-GUI/install/theora_webcams/share/theora_webcams/cmake/theora_webcams__rosidl_typesupport_cppExport-noconfig.cmake
[52.487s] -- Installing: /home/urc/new-GUI/install/theora_webcams/share/theora_webcams/cmake/export_theora_webcams__rosidl_generator_pyExport.cmake
[52.488s] -- Installing: /home/urc/new-GUI/install/theora_webcams/share/theora_webcams/cmake/export_theora_webcams__rosidl_generator_pyExport-noconfig.cmake
[52.488s] -- Installing: /home/urc/new-GUI/install/theora_webcams/share/theora_webcams/cmake/rosidl_cmake-extras.cmake
[52.488s] -- Installing: /home/urc/new-GUI/install/theora_webcams/share/theora_webcams/cmake/ament_cmake_export_dependencies-extras.cmake
[52.488s] -- Installing: /home/urc/new-GUI/install/theora_webcams/share/theora_webcams/cmake/ament_cmake_export_include_directories-extras.cmake
[52.488s] -- Installing: /home/urc/new-GUI/install/theora_webcams/share/theora_webcams/cmake/ament_cmake_export_libraries-extras.cmake
[52.488s] -- Installing: /home/urc/new-GUI/install/theora_webcams/share/theora_webcams/cmake/ament_cmake_export_targets-extras.cmake
[52.489s] -- Installing: /home/urc/new-GUI/install/theora_webcams/share/theora_webcams/cmake/rosidl_cmake_export_typesupport_targets-extras.cmake
[52.489s] -- Installing: /home/urc/new-GUI/install/theora_webcams/share/theora_webcams/cmake/rosidl_cmake_export_typesupport_libraries-extras.cmake
[52.489s] -- Installing: /home/urc/new-GUI/install/theora_webcams/share/theora_webcams/cmake/theora_webcamsConfig.cmake
[52.490s] -- Installing: /home/urc/new-GUI/install/theora_webcams/share/theora_webcams/cmake/theora_webcamsConfig-version.cmake
[52.490s] -- Installing: /home/urc/new-GUI/install/theora_webcams/share/theora_webcams/package.xml
[52.494s] Invoked command in '/home/urc/new-GUI/build/theora_webcams' returned '0': CMAKE_PREFIX_PATH=/opt/ros/humble /usr/bin/cmake --install /home/urc/new-GUI/build/theora_webcams
