[33mCMake Warning at CMakeLists.txt:244 (find_package):
  By not providing "Findroscpp.cmake" in CMAKE_MODULE_PATH this project has
  asked CMake to find a package configuration file provided by "roscpp", but
  CMake did not find one.

  Could not find a package configuration file provided by "roscpp" with any
  of the following names:

    roscppConfig.cmake
    roscpp-config.cmake

  Add the installation prefix of "roscpp" to CMAKE_PREFIX_PATH or set
  "roscpp_DIR" to a directory containing one of the above files.  If "roscpp"
  provides a separate development package or SDK, be sure it has been
  installed.

[0m
[33mCMake Warning at CMakeLists.txt:249 (find_package):
  By not providing "Findcamera_info_manager.cmake" in CMAKE_MODULE_PATH this
  project has asked CMake to find a package configuration file provided by
  "camera_info_manager", but CMake did not find one.

  Could not find a package configuration file provided by
  "camera_info_manager" with any of the following names:

    camera_info_managerConfig.cmake
    camera_info_manager-config.cmake

  Add the installation prefix of "camera_info_manager" to CMAKE_PREFIX_PATH
  or set "camera_info_manager_DIR" to a directory containing one of the above
  files.  If "camera_info_manager" provides a separate development package or
  SDK, be sure it has been installed.

[0m
[33mCMake Warning at CMakeLists.txt:250 (find_package):
  By not providing "Findmessage_generation.cmake" in CMAKE_MODULE_PATH this
  project has asked CMake to find a package configuration file provided by
  "message_generation", but CMake did not find one.

  Could not find a package configuration file provided by
  "message_generation" with any of the following names:

    message_generationConfig.cmake
    message_generation-config.cmake

  Add the installation prefix of "message_generation" to CMAKE_PREFIX_PATH or
  set "message_generation_DIR" to a directory containing one of the above
  files.  If "message_generation" provides a separate development package or
  SDK, be sure it has been installed.

[0m
[33mCMake Warning at CMakeLists.txt:251 (find_package):
  By not providing "Findmessage_runtime.cmake" in CMAKE_MODULE_PATH this
  project has asked CMake to find a package configuration file provided by
  "message_runtime", but CMake did not find one.

  Could not find a package configuration file provided by "message_runtime"
  with any of the following names:

    message_runtimeConfig.cmake
    message_runtime-config.cmake

  Add the installation prefix of "message_runtime" to CMAKE_PREFIX_PATH or
  set "message_runtime_DIR" to a directory containing one of the above files.
  If "message_runtime" provides a separate development package or SDK, be
  sure it has been installed.

[0m
[31mCMake Error at /opt/ros/humble/share/rosidl_cmake/cmake/rosidl_generate_interfaces.cmake:93 (message):
  rosidl_generate_interfaces() the passed file 'msg/.msg' doesn't exist
  relative to the CMAKE_CURRENT_SOURCE_DIR
  '/home/urc/new-GUI/src/theora_webcams'
Call Stack (most recent call first):
  CMakeLists.txt:253 (rosidl_generate_interfaces)

[0m
