[1.678s] Invoking command in '/home/urc/new-GUI/src/gui_window': PYTHONPATH=/home/urc/new-GUI/build/gui_window/prefix_override:/home/urc/new-GUI/install/gui_window/lib/python3.10/site-packages:${PYTHONPATH} /usr/bin/python3 setup.py egg_info --egg-base ../../build/gui_window build --build-base /home/urc/new-GUI/build/gui_window/build install --record /home/urc/new-GUI/build/gui_window/install.log --single-version-externally-managed
[2.391s] running egg_info
[2.393s] writing ../../build/gui_window/gui_window.egg-info/PKG-INFO
[2.393s] writing dependency_links to ../../build/gui_window/gui_window.egg-info/dependency_links.txt
[2.393s] writing entry points to ../../build/gui_window/gui_window.egg-info/entry_points.txt
[2.394s] writing requirements to ../../build/gui_window/gui_window.egg-info/requires.txt
[2.394s] writing top-level names to ../../build/gui_window/gui_window.egg-info/top_level.txt
[2.400s] reading manifest file '../../build/gui_window/gui_window.egg-info/SOURCES.txt'
[2.405s] writing manifest file '../../build/gui_window/gui_window.egg-info/SOURCES.txt'
[2.405s] running build
[2.405s] running build_py
[2.406s] copying gui_window/urc_gui_common/__init__.py -> /home/urc/new-GUI/build/gui_window/build/lib/gui_window/urc_gui_common
[2.406s] copying gui_window/urc_gui_common/camera_link.py -> /home/urc/new-GUI/build/gui_window/build/lib/gui_window/urc_gui_common
[2.408s] copying gui_window/urc_gui_common/widgets/super_camera_widget.py -> /home/urc/new-GUI/build/gui_window/build/lib/gui_window/urc_gui_common/widgets
[2.408s] copying gui_window/urc_gui_common/widgets/slider_compass.py -> /home/urc/new-GUI/build/gui_window/build/lib/gui_window/urc_gui_common/widgets
[2.413s] running install
[2.414s] running install_lib
[2.415s] copying /home/urc/new-GUI/build/gui_window/build/lib/gui_window/urc_gui_common/__init__.py -> /home/urc/new-GUI/install/gui_window/lib/python3.10/site-packages/gui_window/urc_gui_common
[2.416s] copying /home/urc/new-GUI/build/gui_window/build/lib/gui_window/urc_gui_common/widgets/super_camera_widget.py -> /home/urc/new-GUI/install/gui_window/lib/python3.10/site-packages/gui_window/urc_gui_common/widgets
[2.417s] copying /home/urc/new-GUI/build/gui_window/build/lib/gui_window/urc_gui_common/widgets/slider_compass.py -> /home/urc/new-GUI/install/gui_window/lib/python3.10/site-packages/gui_window/urc_gui_common/widgets
[2.417s] copying /home/urc/new-GUI/build/gui_window/build/lib/gui_window/urc_gui_common/camera_link.py -> /home/urc/new-GUI/install/gui_window/lib/python3.10/site-packages/gui_window/urc_gui_common
[2.419s] byte-compiling /home/urc/new-GUI/install/gui_window/lib/python3.10/site-packages/gui_window/urc_gui_common/__init__.py to __init__.cpython-310.pyc
[2.419s] byte-compiling /home/urc/new-GUI/install/gui_window/lib/python3.10/site-packages/gui_window/urc_gui_common/widgets/super_camera_widget.py to super_camera_widget.cpython-310.pyc
[2.424s] byte-compiling /home/urc/new-GUI/install/gui_window/lib/python3.10/site-packages/gui_window/urc_gui_common/widgets/slider_compass.py to slider_compass.cpython-310.pyc
[2.426s] byte-compiling /home/urc/new-GUI/install/gui_window/lib/python3.10/site-packages/gui_window/urc_gui_common/camera_link.py to camera_link.cpython-310.pyc
[2.432s] running install_data
[2.433s] running install_egg_info
[2.433s] removing '/home/urc/new-GUI/install/gui_window/lib/python3.10/site-packages/gui_window-0.0.0-py3.10.egg-info' (and everything under it)
[2.436s] Copying ../../build/gui_window/gui_window.egg-info to /home/urc/new-GUI/install/gui_window/lib/python3.10/site-packages/gui_window-0.0.0-py3.10.egg-info
[2.436s] running install_scripts
[2.480s] Installing gui script to /home/urc/new-GUI/install/gui_window/lib/gui_window
[2.486s] writing list of installed files to '/home/urc/new-GUI/build/gui_window/install.log'
[2.533s] Invoked command in '/home/urc/new-GUI/src/gui_window' returned '0': PYTHONPATH=/home/urc/new-GUI/build/gui_window/prefix_override:/home/urc/new-GUI/install/gui_window/lib/python3.10/site-packages:${PYTHONPATH} /usr/bin/python3 setup.py egg_info --egg-base ../../build/gui_window build --build-base /home/urc/new-GUI/build/gui_window/build install --record /home/urc/new-GUI/build/gui_window/install.log --single-version-externally-managed
