[1.310s] Invoking command in '/home/urc/new-GUI/src/gui_window': AMENT_PREFIX_PATH=/home/urc/new-GUI/install/marker_interfacing:${AMENT_PREFIX_PATH} CMAKE_PREFIX_PATH=/home/urc/new-GUI/install/theora_webcams:/home/urc/new-GUI/install/marker_interfacing:/home/urc/new-GUI/install/aruco_finder LD_LIBRARY_PATH=/home/urc/new-GUI/install/theora_webcams/lib:/home/urc/new-GUI/install/marker_interfacing/lib:/home/urc/new-GUI/install/aruco_finder/lib:/opt/ros/humble/opt/rviz_ogre_vendor/lib:/opt/ros/humble/lib/x86_64-linux-gnu:/opt/ros/humble/lib PYTHONPATH=/home/urc/new-GUI/build/gui_window/prefix_override:/home/urc/new-GUI/install/gui_window/lib/python3.10/site-packages:/home/urc/new-GUI/install/marker_interfacing/local/lib/python3.10/dist-packages:${PYTHONPATH} /usr/bin/python3 setup.py egg_info --egg-base ../../build/gui_window build --build-base /home/urc/new-GUI/build/gui_window/build install --record /home/urc/new-GUI/build/gui_window/install.log --single-version-externally-managed
[1.722s] running egg_info
[1.723s] writing ../../build/gui_window/gui_window.egg-info/PKG-INFO
[1.724s] writing dependency_links to ../../build/gui_window/gui_window.egg-info/dependency_links.txt
[1.724s] writing entry points to ../../build/gui_window/gui_window.egg-info/entry_points.txt
[1.724s] writing requirements to ../../build/gui_window/gui_window.egg-info/requires.txt
[1.724s] writing top-level names to ../../build/gui_window/gui_window.egg-info/top_level.txt
[1.729s] reading manifest file '../../build/gui_window/gui_window.egg-info/SOURCES.txt'
[1.731s] writing manifest file '../../build/gui_window/gui_window.egg-info/SOURCES.txt'
[1.731s] running build
[1.732s] running build_py
[1.732s] copying gui_window/urc_gui_common/ros_link.py -> /home/urc/new-GUI/build/gui_window/build/lib/gui_window/urc_gui_common
[1.738s] running install
[1.738s] running install_lib
[1.739s] copying /home/urc/new-GUI/build/gui_window/build/lib/gui_window/urc_gui_common/ros_link.py -> /home/urc/new-GUI/install/gui_window/lib/python3.10/site-packages/gui_window/urc_gui_common
[1.744s] byte-compiling /home/urc/new-GUI/install/gui_window/lib/python3.10/site-packages/gui_window/urc_gui_common/ros_link.py to ros_link.cpython-310.pyc
[1.746s] running install_data
[1.747s] running install_egg_info
[1.750s] removing '/home/urc/new-GUI/install/gui_window/lib/python3.10/site-packages/gui_window-0.0.0-py3.10.egg-info' (and everything under it)
[1.750s] Copying ../../build/gui_window/gui_window.egg-info to /home/urc/new-GUI/install/gui_window/lib/python3.10/site-packages/gui_window-0.0.0-py3.10.egg-info
[1.751s] running install_scripts
[1.780s] Installing gui script to /home/urc/new-GUI/install/gui_window/lib/gui_window
[1.783s] writing list of installed files to '/home/urc/new-GUI/build/gui_window/install.log'
[1.814s] Invoked command in '/home/urc/new-GUI/src/gui_window' returned '0': AMENT_PREFIX_PATH=/home/urc/new-GUI/install/marker_interfacing:${AMENT_PREFIX_PATH} CMAKE_PREFIX_PATH=/home/urc/new-GUI/install/theora_webcams:/home/urc/new-GUI/install/marker_interfacing:/home/urc/new-GUI/install/aruco_finder LD_LIBRARY_PATH=/home/urc/new-GUI/install/theora_webcams/lib:/home/urc/new-GUI/install/marker_interfacing/lib:/home/urc/new-GUI/install/aruco_finder/lib:/opt/ros/humble/opt/rviz_ogre_vendor/lib:/opt/ros/humble/lib/x86_64-linux-gnu:/opt/ros/humble/lib PYTHONPATH=/home/urc/new-GUI/build/gui_window/prefix_override:/home/urc/new-GUI/install/gui_window/lib/python3.10/site-packages:/home/urc/new-GUI/install/marker_interfacing/local/lib/python3.10/dist-packages:${PYTHONPATH} /usr/bin/python3 setup.py egg_info --egg-base ../../build/gui_window build --build-base /home/urc/new-GUI/build/gui_window/build install --record /home/urc/new-GUI/build/gui_window/install.log --single-version-externally-managed
