[1.120s] Invoking command in '/home/urc/new_GUI/build/aruco_finder': CMAKE_PREFIX_PATH=/home/urc/new_GUI/install/gui_window:/home/urc/test_ws/install/turtle_test:/home/urc/test_ws/install/roslink_test:/opt/ros/humble:${CMAKE_PREFIX_PATH} /usr/bin/cmake --build /home/urc/new_GUI/build/aruco_finder -- -j4 -l4
[2.140s] [  2%] Built target aruco_finder__cpp
[2.297s] [  2%] Built target ament_cmake_python_copy_aruco_finder
[2.400s] [ 12%] Built target aruco_finder__rosidl_typesupport_fastrtps_cpp
[2.505s] [ 23%] Built target aruco_finder__rosidl_typesupport_introspection_cpp
[4.025s] running egg_info
[4.025s] writing aruco_finder.egg-info/PKG-INFO
[4.030s] writing dependency_links to aruco_finder.egg-info/dependency_links.txt
[4.030s] writing top-level names to aruco_finder.egg-info/top_level.txt
[4.116s] reading manifest file 'aruco_finder.egg-info/SOURCES.txt'
[4.135s] writing manifest file 'aruco_finder.egg-info/SOURCES.txt'
[4.348s] [ 23%] Built target ament_cmake_python_build_aruco_finder_egg
[4.480s] [ 33%] Built target aruco_finder__rosidl_typesupport_cpp
[4.629s] [ 43%] Built target aruco_finder__rosidl_generator_c
[4.791s] [ 53%] Built target aruco_finder__rosidl_typesupport_fastrtps_c
[4.949s] [ 64%] Built target aruco_finder__rosidl_typesupport_c
[5.072s] [ 74%] Built target aruco_finder__rosidl_typesupport_introspection_c
[5.122s] [ 74%] Built target aruco_finder
[5.243s] [ 76%] Built target aruco_finder__py
[5.447s] [ 84%] Built target aruco_finder__rosidl_generator_py
[5.544s] [ 89%] Built target aruco_finder__rosidl_typesupport_fastrtps_c__pyext
[5.637s] [ 94%] Built target aruco_finder__rosidl_typesupport_c__pyext
[5.744s] [100%] Built target aruco_finder__rosidl_typesupport_introspection_c__pyext
[5.778s] Invoked command in '/home/urc/new_GUI/build/aruco_finder' returned '0': CMAKE_PREFIX_PATH=/home/urc/new_GUI/install/gui_window:/home/urc/test_ws/install/turtle_test:/home/urc/test_ws/install/roslink_test:/opt/ros/humble:${CMAKE_PREFIX_PATH} /usr/bin/cmake --build /home/urc/new_GUI/build/aruco_finder -- -j4 -l4
[6.249s] Invoking command in '/home/urc/new_GUI/build/aruco_finder': CMAKE_PREFIX_PATH=/home/urc/new_GUI/install/gui_window:/home/urc/test_ws/install/turtle_test:/home/urc/test_ws/install/roslink_test:/opt/ros/humble:${CMAKE_PREFIX_PATH} /usr/bin/cmake --install /home/urc/new_GUI/build/aruco_finder
[6.292s] -- Install configuration: ""
[6.292s] -- Up-to-date: /home/urc/new_GUI/install/aruco_finder/share/ament_index/resource_index/rosidl_interfaces/aruco_finder
[6.293s] -- Up-to-date: /home/urc/new_GUI/install/aruco_finder/include/aruco_finder/aruco_finder
[6.293s] -- Up-to-date: /home/urc/new_GUI/install/aruco_finder/include/aruco_finder/aruco_finder/msg
[6.293s] -- Up-to-date: /home/urc/new_GUI/install/aruco_finder/include/aruco_finder/aruco_finder/msg/found_marker.h
[6.293s] -- Up-to-date: /home/urc/new_GUI/install/aruco_finder/include/aruco_finder/aruco_finder/msg/found_marker_list.h
[6.293s] -- Up-to-date: /home/urc/new_GUI/install/aruco_finder/include/aruco_finder/aruco_finder/msg/rosidl_generator_c__visibility_control.h
[6.293s] -- Up-to-date: /home/urc/new_GUI/install/aruco_finder/include/aruco_finder/aruco_finder/msg/detail
[6.294s] -- Up-to-date: /home/urc/new_GUI/install/aruco_finder/include/aruco_finder/aruco_finder/msg/detail/found_marker__functions.c
[6.294s] -- Up-to-date: /home/urc/new_GUI/install/aruco_finder/include/aruco_finder/aruco_finder/msg/detail/found_marker__functions.h
[6.294s] -- Up-to-date: /home/urc/new_GUI/install/aruco_finder/include/aruco_finder/aruco_finder/msg/detail/found_marker_list__struct.h
[6.294s] -- Up-to-date: /home/urc/new_GUI/install/aruco_finder/include/aruco_finder/aruco_finder/msg/detail/found_marker__struct.h
[6.294s] -- Up-to-date: /home/urc/new_GUI/install/aruco_finder/include/aruco_finder/aruco_finder/msg/detail/found_marker_list__functions.h
[6.295s] -- Up-to-date: /home/urc/new_GUI/install/aruco_finder/include/aruco_finder/aruco_finder/msg/detail/found_marker_list__type_support.h
[6.295s] -- Up-to-date: /home/urc/new_GUI/install/aruco_finder/include/aruco_finder/aruco_finder/msg/detail/found_marker__type_support.h
[6.296s] -- Up-to-date: /home/urc/new_GUI/install/aruco_finder/include/aruco_finder/aruco_finder/msg/detail/found_marker_list__functions.c
[6.296s] -- Up-to-date: /home/urc/new_GUI/install/aruco_finder/share/aruco_finder/environment/library_path.sh
[6.297s] -- Up-to-date: /home/urc/new_GUI/install/aruco_finder/share/aruco_finder/environment/library_path.dsv
[6.297s] -- Up-to-date: /home/urc/new_GUI/install/aruco_finder/lib/libaruco_finder__rosidl_generator_c.so
[6.297s] -- Up-to-date: /home/urc/new_GUI/install/aruco_finder/include/aruco_finder/aruco_finder
[6.297s] -- Up-to-date: /home/urc/new_GUI/install/aruco_finder/include/aruco_finder/aruco_finder/msg
[6.297s] -- Up-to-date: /home/urc/new_GUI/install/aruco_finder/include/aruco_finder/aruco_finder/msg/rosidl_typesupport_fastrtps_c__visibility_control.h
[6.298s] -- Up-to-date: /home/urc/new_GUI/install/aruco_finder/include/aruco_finder/aruco_finder/msg/detail
[6.298s] -- Up-to-date: /home/urc/new_GUI/install/aruco_finder/include/aruco_finder/aruco_finder/msg/detail/found_marker_list__rosidl_typesupport_fastrtps_c.h
[6.298s] -- Up-to-date: /home/urc/new_GUI/install/aruco_finder/include/aruco_finder/aruco_finder/msg/detail/found_marker__rosidl_typesupport_fastrtps_c.h
[6.298s] -- Up-to-date: /home/urc/new_GUI/install/aruco_finder/lib/libaruco_finder__rosidl_typesupport_fastrtps_c.so
[6.298s] -- Up-to-date: /home/urc/new_GUI/install/aruco_finder/include/aruco_finder/aruco_finder
[6.299s] -- Up-to-date: /home/urc/new_GUI/install/aruco_finder/include/aruco_finder/aruco_finder/msg
[6.299s] -- Up-to-date: /home/urc/new_GUI/install/aruco_finder/include/aruco_finder/aruco_finder/msg/rosidl_typesupport_introspection_c__visibility_control.h
[6.299s] -- Up-to-date: /home/urc/new_GUI/install/aruco_finder/include/aruco_finder/aruco_finder/msg/detail
[6.299s] -- Up-to-date: /home/urc/new_GUI/install/aruco_finder/include/aruco_finder/aruco_finder/msg/detail/found_marker__rosidl_typesupport_introspection_c.h
[6.299s] -- Up-to-date: /home/urc/new_GUI/install/aruco_finder/include/aruco_finder/aruco_finder/msg/detail/found_marker_list__type_support.c
[6.300s] -- Up-to-date: /home/urc/new_GUI/install/aruco_finder/include/aruco_finder/aruco_finder/msg/detail/found_marker__type_support.c
[6.300s] -- Up-to-date: /home/urc/new_GUI/install/aruco_finder/include/aruco_finder/aruco_finder/msg/detail/found_marker_list__rosidl_typesupport_introspection_c.h
[6.300s] -- Up-to-date: /home/urc/new_GUI/install/aruco_finder/lib/libaruco_finder__rosidl_typesupport_introspection_c.so
[6.300s] -- Up-to-date: /home/urc/new_GUI/install/aruco_finder/lib/libaruco_finder__rosidl_typesupport_c.so
[6.300s] -- Up-to-date: /home/urc/new_GUI/install/aruco_finder/include/aruco_finder/aruco_finder
[6.301s] -- Up-to-date: /home/urc/new_GUI/install/aruco_finder/include/aruco_finder/aruco_finder/msg
[6.301s] -- Up-to-date: /home/urc/new_GUI/install/aruco_finder/include/aruco_finder/aruco_finder/msg/found_marker.hpp
[6.301s] -- Up-to-date: /home/urc/new_GUI/install/aruco_finder/include/aruco_finder/aruco_finder/msg/found_marker_list.hpp
[6.301s] -- Up-to-date: /home/urc/new_GUI/install/aruco_finder/include/aruco_finder/aruco_finder/msg/detail
[6.301s] -- Up-to-date: /home/urc/new_GUI/install/aruco_finder/include/aruco_finder/aruco_finder/msg/detail/found_marker__builder.hpp
[6.302s] -- Up-to-date: /home/urc/new_GUI/install/aruco_finder/include/aruco_finder/aruco_finder/msg/detail/found_marker_list__struct.hpp
[6.302s] -- Up-to-date: /home/urc/new_GUI/install/aruco_finder/include/aruco_finder/aruco_finder/msg/detail/found_marker__traits.hpp
[6.302s] -- Up-to-date: /home/urc/new_GUI/install/aruco_finder/include/aruco_finder/aruco_finder/msg/detail/found_marker_list__builder.hpp
[6.302s] -- Up-to-date: /home/urc/new_GUI/install/aruco_finder/include/aruco_finder/aruco_finder/msg/detail/found_marker__struct.hpp
[6.302s] -- Up-to-date: /home/urc/new_GUI/install/aruco_finder/include/aruco_finder/aruco_finder/msg/detail/found_marker_list__traits.hpp
[6.303s] -- Up-to-date: /home/urc/new_GUI/install/aruco_finder/include/aruco_finder/aruco_finder
[6.303s] -- Up-to-date: /home/urc/new_GUI/install/aruco_finder/include/aruco_finder/aruco_finder/msg
[6.303s] -- Up-to-date: /home/urc/new_GUI/install/aruco_finder/include/aruco_finder/aruco_finder/msg/rosidl_typesupport_fastrtps_cpp__visibility_control.h
[6.305s] -- Up-to-date: /home/urc/new_GUI/install/aruco_finder/include/aruco_finder/aruco_finder/msg/detail
[6.305s] -- Up-to-date: /home/urc/new_GUI/install/aruco_finder/include/aruco_finder/aruco_finder/msg/detail/found_marker__rosidl_typesupport_fastrtps_cpp.hpp
[6.306s] -- Up-to-date: /home/urc/new_GUI/install/aruco_finder/include/aruco_finder/aruco_finder/msg/detail/found_marker_list__rosidl_typesupport_fastrtps_cpp.hpp
[6.306s] -- Up-to-date: /home/urc/new_GUI/install/aruco_finder/include/aruco_finder/aruco_finder/msg/detail/dds_fastrtps
[6.306s] -- Up-to-date: /home/urc/new_GUI/install/aruco_finder/lib/libaruco_finder__rosidl_typesupport_fastrtps_cpp.so
[6.306s] -- Up-to-date: /home/urc/new_GUI/install/aruco_finder/include/aruco_finder/aruco_finder
[6.306s] -- Up-to-date: /home/urc/new_GUI/install/aruco_finder/include/aruco_finder/aruco_finder/msg
[6.307s] -- Up-to-date: /home/urc/new_GUI/install/aruco_finder/include/aruco_finder/aruco_finder/msg/detail
[6.307s] -- Up-to-date: /home/urc/new_GUI/install/aruco_finder/include/aruco_finder/aruco_finder/msg/detail/found_marker_list__type_support.cpp
[6.307s] -- Up-to-date: /home/urc/new_GUI/install/aruco_finder/include/aruco_finder/aruco_finder/msg/detail/found_marker_list__rosidl_typesupport_introspection_cpp.hpp
[6.307s] -- Up-to-date: /home/urc/new_GUI/install/aruco_finder/include/aruco_finder/aruco_finder/msg/detail/found_marker__type_support.cpp
[6.307s] -- Up-to-date: /home/urc/new_GUI/install/aruco_finder/include/aruco_finder/aruco_finder/msg/detail/found_marker__rosidl_typesupport_introspection_cpp.hpp
[6.308s] -- Up-to-date: /home/urc/new_GUI/install/aruco_finder/lib/libaruco_finder__rosidl_typesupport_introspection_cpp.so
[6.308s] -- Up-to-date: /home/urc/new_GUI/install/aruco_finder/lib/libaruco_finder__rosidl_typesupport_cpp.so
[6.308s] -- Up-to-date: /home/urc/new_GUI/install/aruco_finder/share/aruco_finder/environment/pythonpath.sh
[6.308s] -- Up-to-date: /home/urc/new_GUI/install/aruco_finder/share/aruco_finder/environment/pythonpath.dsv
[6.309s] -- Up-to-date: /home/urc/new_GUI/install/aruco_finder/local/lib/python3.10/dist-packages/aruco_finder-0.0.0-py3.10.egg-info
[6.309s] -- Installing: /home/urc/new_GUI/install/aruco_finder/local/lib/python3.10/dist-packages/aruco_finder-0.0.0-py3.10.egg-info/PKG-INFO
[6.309s] -- Installing: /home/urc/new_GUI/install/aruco_finder/local/lib/python3.10/dist-packages/aruco_finder-0.0.0-py3.10.egg-info/dependency_links.txt
[6.309s] -- Installing: /home/urc/new_GUI/install/aruco_finder/local/lib/python3.10/dist-packages/aruco_finder-0.0.0-py3.10.egg-info/top_level.txt
[6.310s] -- Installing: /home/urc/new_GUI/install/aruco_finder/local/lib/python3.10/dist-packages/aruco_finder-0.0.0-py3.10.egg-info/SOURCES.txt
[6.310s] -- Up-to-date: /home/urc/new_GUI/install/aruco_finder/local/lib/python3.10/dist-packages/aruco_finder
[6.310s] -- Up-to-date: /home/urc/new_GUI/install/aruco_finder/local/lib/python3.10/dist-packages/aruco_finder/msg
[6.310s] -- Up-to-date: /home/urc/new_GUI/install/aruco_finder/local/lib/python3.10/dist-packages/aruco_finder/msg/_found_marker_list.py
[6.310s] -- Up-to-date: /home/urc/new_GUI/install/aruco_finder/local/lib/python3.10/dist-packages/aruco_finder/msg/__init__.py
[6.310s] -- Up-to-date: /home/urc/new_GUI/install/aruco_finder/local/lib/python3.10/dist-packages/aruco_finder/msg/_found_marker_list_s.c
[6.311s] -- Up-to-date: /home/urc/new_GUI/install/aruco_finder/local/lib/python3.10/dist-packages/aruco_finder/msg/_found_marker.py
[6.311s] -- Up-to-date: /home/urc/new_GUI/install/aruco_finder/local/lib/python3.10/dist-packages/aruco_finder/msg/_found_marker_s.c
[6.311s] -- Up-to-date: /home/urc/new_GUI/install/aruco_finder/local/lib/python3.10/dist-packages/aruco_finder/libaruco_finder__rosidl_generator_py.so
[6.311s] -- Up-to-date: /home/urc/new_GUI/install/aruco_finder/local/lib/python3.10/dist-packages/aruco_finder/__init__.py
[6.311s] -- Up-to-date: /home/urc/new_GUI/install/aruco_finder/local/lib/python3.10/dist-packages/aruco_finder/aruco_finder_s__rosidl_typesupport_introspection_c.cpython-310-x86_64-linux-gnu.so
[6.311s] -- Up-to-date: /home/urc/new_GUI/install/aruco_finder/local/lib/python3.10/dist-packages/aruco_finder/aruco_finder_s__rosidl_typesupport_c.cpython-310-x86_64-linux-gnu.so
[6.314s] -- Up-to-date: /home/urc/new_GUI/install/aruco_finder/local/lib/python3.10/dist-packages/aruco_finder/aruco_finder_s__rosidl_typesupport_fastrtps_c.cpython-310-x86_64-linux-gnu.so
[6.314s] -- Up-to-date: /home/urc/new_GUI/install/aruco_finder/local/lib/python3.10/dist-packages/aruco_finder/_aruco_finder_s.ep.rosidl_typesupport_c.c
[6.314s] -- Up-to-date: /home/urc/new_GUI/install/aruco_finder/local/lib/python3.10/dist-packages/aruco_finder/_aruco_finder_s.ep.rosidl_typesupport_fastrtps_c.c
[6.315s] -- Up-to-date: /home/urc/new_GUI/install/aruco_finder/local/lib/python3.10/dist-packages/aruco_finder/_aruco_finder_s.ep.rosidl_typesupport_introspection_c.c
[6.404s] Listing '/home/urc/new_GUI/install/aruco_finder/local/lib/python3.10/dist-packages/aruco_finder'...
[6.404s] Listing '/home/urc/new_GUI/install/aruco_finder/local/lib/python3.10/dist-packages/aruco_finder/msg'...
[6.420s] -- Up-to-date: /home/urc/new_GUI/install/aruco_finder/local/lib/python3.10/dist-packages/aruco_finder/aruco_finder_s__rosidl_typesupport_fastrtps_c.cpython-310-x86_64-linux-gnu.so
[6.420s] -- Up-to-date: /home/urc/new_GUI/install/aruco_finder/local/lib/python3.10/dist-packages/aruco_finder/aruco_finder_s__rosidl_typesupport_introspection_c.cpython-310-x86_64-linux-gnu.so
[6.420s] -- Up-to-date: /home/urc/new_GUI/install/aruco_finder/local/lib/python3.10/dist-packages/aruco_finder/aruco_finder_s__rosidl_typesupport_c.cpython-310-x86_64-linux-gnu.so
[6.420s] -- Up-to-date: /home/urc/new_GUI/install/aruco_finder/lib/libaruco_finder__rosidl_generator_py.so
[6.421s] -- Up-to-date: /home/urc/new_GUI/install/aruco_finder/share/aruco_finder/msg/FoundMarker.idl
[6.421s] -- Up-to-date: /home/urc/new_GUI/install/aruco_finder/share/aruco_finder/msg/FoundMarkerList.idl
[6.422s] -- Up-to-date: /home/urc/new_GUI/install/aruco_finder/share/aruco_finder/msg/FoundMarker.msg
[6.422s] -- Up-to-date: /home/urc/new_GUI/install/aruco_finder/share/aruco_finder/msg/FoundMarkerList.msg
[6.423s] -- Up-to-date: /home/urc/new_GUI/install/aruco_finder/share/ament_index/resource_index/package_run_dependencies/aruco_finder
[6.423s] -- Up-to-date: /home/urc/new_GUI/install/aruco_finder/share/ament_index/resource_index/parent_prefix_path/aruco_finder
[6.423s] -- Up-to-date: /home/urc/new_GUI/install/aruco_finder/share/aruco_finder/environment/ament_prefix_path.sh
[6.424s] -- Up-to-date: /home/urc/new_GUI/install/aruco_finder/share/aruco_finder/environment/ament_prefix_path.dsv
[6.424s] -- Up-to-date: /home/urc/new_GUI/install/aruco_finder/share/aruco_finder/environment/path.sh
[6.424s] -- Up-to-date: /home/urc/new_GUI/install/aruco_finder/share/aruco_finder/environment/path.dsv
[6.424s] -- Up-to-date: /home/urc/new_GUI/install/aruco_finder/share/aruco_finder/local_setup.bash
[6.425s] -- Up-to-date: /home/urc/new_GUI/install/aruco_finder/share/aruco_finder/local_setup.sh
[6.425s] -- Up-to-date: /home/urc/new_GUI/install/aruco_finder/share/aruco_finder/local_setup.zsh
[6.425s] -- Up-to-date: /home/urc/new_GUI/install/aruco_finder/share/aruco_finder/local_setup.dsv
[6.425s] -- Installing: /home/urc/new_GUI/install/aruco_finder/share/aruco_finder/package.dsv
[6.425s] -- Up-to-date: /home/urc/new_GUI/install/aruco_finder/share/ament_index/resource_index/packages/aruco_finder
[6.426s] -- Up-to-date: /home/urc/new_GUI/install/aruco_finder/share/aruco_finder/cmake/export_aruco_finder__rosidl_generator_cExport.cmake
[6.428s] -- Up-to-date: /home/urc/new_GUI/install/aruco_finder/share/aruco_finder/cmake/export_aruco_finder__rosidl_generator_cExport-noconfig.cmake
[6.428s] -- Up-to-date: /home/urc/new_GUI/install/aruco_finder/share/aruco_finder/cmake/export_aruco_finder__rosidl_typesupport_fastrtps_cExport.cmake
[6.428s] -- Up-to-date: /home/urc/new_GUI/install/aruco_finder/share/aruco_finder/cmake/export_aruco_finder__rosidl_typesupport_fastrtps_cExport-noconfig.cmake
[6.428s] -- Up-to-date: /home/urc/new_GUI/install/aruco_finder/share/aruco_finder/cmake/aruco_finder__rosidl_typesupport_introspection_cExport.cmake
[6.428s] -- Up-to-date: /home/urc/new_GUI/install/aruco_finder/share/aruco_finder/cmake/aruco_finder__rosidl_typesupport_introspection_cExport-noconfig.cmake
[6.429s] -- Up-to-date: /home/urc/new_GUI/install/aruco_finder/share/aruco_finder/cmake/aruco_finder__rosidl_typesupport_cExport.cmake
[6.429s] -- Up-to-date: /home/urc/new_GUI/install/aruco_finder/share/aruco_finder/cmake/aruco_finder__rosidl_typesupport_cExport-noconfig.cmake
[6.429s] -- Up-to-date: /home/urc/new_GUI/install/aruco_finder/share/aruco_finder/cmake/export_aruco_finder__rosidl_generator_cppExport.cmake
[6.430s] -- Up-to-date: /home/urc/new_GUI/install/aruco_finder/share/aruco_finder/cmake/export_aruco_finder__rosidl_typesupport_fastrtps_cppExport.cmake
[6.430s] -- Up-to-date: /home/urc/new_GUI/install/aruco_finder/share/aruco_finder/cmake/export_aruco_finder__rosidl_typesupport_fastrtps_cppExport-noconfig.cmake
[6.430s] -- Up-to-date: /home/urc/new_GUI/install/aruco_finder/share/aruco_finder/cmake/aruco_finder__rosidl_typesupport_introspection_cppExport.cmake
[6.432s] -- Up-to-date: /home/urc/new_GUI/install/aruco_finder/share/aruco_finder/cmake/aruco_finder__rosidl_typesupport_introspection_cppExport-noconfig.cmake
[6.432s] -- Up-to-date: /home/urc/new_GUI/install/aruco_finder/share/aruco_finder/cmake/aruco_finder__rosidl_typesupport_cppExport.cmake
[6.433s] -- Up-to-date: /home/urc/new_GUI/install/aruco_finder/share/aruco_finder/cmake/aruco_finder__rosidl_typesupport_cppExport-noconfig.cmake
[6.433s] -- Up-to-date: /home/urc/new_GUI/install/aruco_finder/share/aruco_finder/cmake/export_aruco_finder__rosidl_generator_pyExport.cmake
[6.433s] -- Up-to-date: /home/urc/new_GUI/install/aruco_finder/share/aruco_finder/cmake/export_aruco_finder__rosidl_generator_pyExport-noconfig.cmake
[6.433s] -- Up-to-date: /home/urc/new_GUI/install/aruco_finder/share/aruco_finder/cmake/rosidl_cmake-extras.cmake
[6.433s] -- Up-to-date: /home/urc/new_GUI/install/aruco_finder/share/aruco_finder/cmake/ament_cmake_export_dependencies-extras.cmake
[6.434s] -- Up-to-date: /home/urc/new_GUI/install/aruco_finder/share/aruco_finder/cmake/ament_cmake_export_include_directories-extras.cmake
[6.434s] -- Up-to-date: /home/urc/new_GUI/install/aruco_finder/share/aruco_finder/cmake/ament_cmake_export_libraries-extras.cmake
[6.434s] -- Up-to-date: /home/urc/new_GUI/install/aruco_finder/share/aruco_finder/cmake/ament_cmake_export_targets-extras.cmake
[6.435s] -- Up-to-date: /home/urc/new_GUI/install/aruco_finder/share/aruco_finder/cmake/rosidl_cmake_export_typesupport_targets-extras.cmake
[6.435s] -- Up-to-date: /home/urc/new_GUI/install/aruco_finder/share/aruco_finder/cmake/rosidl_cmake_export_typesupport_libraries-extras.cmake
[6.448s] -- Up-to-date: /home/urc/new_GUI/install/aruco_finder/share/aruco_finder/cmake/aruco_finderConfig.cmake
[6.449s] -- Up-to-date: /home/urc/new_GUI/install/aruco_finder/share/aruco_finder/cmake/aruco_finderConfig-version.cmake
[6.449s] -- Up-to-date: /home/urc/new_GUI/install/aruco_finder/share/aruco_finder/package.xml
[6.460s] Invoked command in '/home/urc/new_GUI/build/aruco_finder' returned '0': CMAKE_PREFIX_PATH=/home/urc/new_GUI/install/gui_window:/home/urc/test_ws/install/turtle_test:/home/urc/test_ws/install/roslink_test:/opt/ros/humble:${CMAKE_PREFIX_PATH} /usr/bin/cmake --install /home/urc/new_GUI/build/aruco_finder
