[0.470s] Invoking command in '/home/urc/new_GUI/build/marker_interfacing': CMAKE_PREFIX_PATH=/home/urc/test_ws/install/turtle_test:/home/urc/test_ws/install/roslink_test:/home/urc/new_GUI/install/gui_window:/opt/ros/humble:${CMAKE_PREFIX_PATH} /usr/bin/cmake --build /home/urc/new_GUI/build/marker_interfacing -- -j4 -l4
[0.878s] [ 12%] Built target marker_interfacing__rosidl_generator_c
[0.913s] [ 12%] Built target ament_cmake_python_copy_marker_interfacing
[0.944s] [ 12%] Built target marker_interfacing__cpp
[1.026s] [ 24%] Built target marker_interfacing__rosidl_typesupport_c
[1.092s] [ 36%] Built target marker_interfacing__rosidl_typesupport_fastrtps_c
[1.128s] [ 48%] Built target marker_interfacing__rosidl_typesupport_introspection_c
[1.304s] [ 60%] Built target marker_interfacing__rosidl_typesupport_cpp
[1.423s] [ 72%] Built target marker_interfacing__rosidl_typesupport_introspection_cpp
[1.443s] [ 84%] Built target marker_interfacing__rosidl_typesupport_fastrtps_cpp
[1.524s] [ 84%] Built target marker_interfacing
[1.672s] [ 85%] Built target marker_interfacing__py
[1.912s] [ 96%] Built target marker_interfacing__rosidl_generator_py
[2.064s] [ 98%] Built target marker_interfacing__rosidl_typesupport_introspection_c__pyext
[2.109s] [ 99%] Built target marker_interfacing__rosidl_typesupport_fastrtps_c__pyext
[2.313s] [100%] Built target marker_interfacing__rosidl_typesupport_c__pyext
[2.505s] running egg_info
[2.512s] writing marker_interfacing.egg-info/PKG-INFO
[2.512s] writing dependency_links to marker_interfacing.egg-info/dependency_links.txt
[2.513s] writing top-level names to marker_interfacing.egg-info/top_level.txt
[2.543s] reading manifest file 'marker_interfacing.egg-info/SOURCES.txt'
[2.545s] writing manifest file 'marker_interfacing.egg-info/SOURCES.txt'
[2.654s] [100%] Built target ament_cmake_python_build_marker_interfacing_egg
[2.729s] Invoked command in '/home/urc/new_GUI/build/marker_interfacing' returned '0': CMAKE_PREFIX_PATH=/home/urc/test_ws/install/turtle_test:/home/urc/test_ws/install/roslink_test:/home/urc/new_GUI/install/gui_window:/opt/ros/humble:${CMAKE_PREFIX_PATH} /usr/bin/cmake --build /home/urc/new_GUI/build/marker_interfacing -- -j4 -l4
[4.201s] Invoking command in '/home/urc/new_GUI/build/marker_interfacing': CMAKE_PREFIX_PATH=/home/urc/test_ws/install/turtle_test:/home/urc/test_ws/install/roslink_test:/home/urc/new_GUI/install/gui_window:/opt/ros/humble:${CMAKE_PREFIX_PATH} /usr/bin/cmake --install /home/urc/new_GUI/build/marker_interfacing
[4.369s] -- Install configuration: ""
[4.369s] -- Up-to-date: /home/urc/new_GUI/install/marker_interfacing/share/ament_index/resource_index/rosidl_interfaces/marker_interfacing
[4.369s] -- Up-to-date: /home/urc/new_GUI/install/marker_interfacing/include/marker_interfacing/marker_interfacing
[4.369s] -- Up-to-date: /home/urc/new_GUI/install/marker_interfacing/include/marker_interfacing/marker_interfacing/msg
[4.369s] -- Up-to-date: /home/urc/new_GUI/install/marker_interfacing/include/marker_interfacing/marker_interfacing/msg/geodetic_marker_list.h
[4.369s] -- Up-to-date: /home/urc/new_GUI/install/marker_interfacing/include/marker_interfacing/marker_interfacing/msg/rosidl_generator_c__visibility_control.h
[4.369s] -- Up-to-date: /home/urc/new_GUI/install/marker_interfacing/include/marker_interfacing/marker_interfacing/msg/detail
[4.370s] -- Up-to-date: /home/urc/new_GUI/install/marker_interfacing/include/marker_interfacing/marker_interfacing/msg/detail/geodetic_marker_list__type_support.h
[4.370s] -- Up-to-date: /home/urc/new_GUI/install/marker_interfacing/include/marker_interfacing/marker_interfacing/msg/detail/enu_marker__functions.h
[4.370s] -- Up-to-date: /home/urc/new_GUI/install/marker_interfacing/include/marker_interfacing/marker_interfacing/msg/detail/enu_marker__type_support.h
[4.372s] -- Up-to-date: /home/urc/new_GUI/install/marker_interfacing/include/marker_interfacing/marker_interfacing/msg/detail/geodetic_marker__type_support.h
[4.372s] -- Up-to-date: /home/urc/new_GUI/install/marker_interfacing/include/marker_interfacing/marker_interfacing/msg/detail/geodetic_marker_list__functions.c
[4.373s] -- Up-to-date: /home/urc/new_GUI/install/marker_interfacing/include/marker_interfacing/marker_interfacing/msg/detail/geodetic_marker__struct.h
[4.373s] -- Up-to-date: /home/urc/new_GUI/install/marker_interfacing/include/marker_interfacing/marker_interfacing/msg/detail/enu_marker__struct.h
[4.373s] -- Up-to-date: /home/urc/new_GUI/install/marker_interfacing/include/marker_interfacing/marker_interfacing/msg/detail/geodetic_marker__functions.c
[4.373s] -- Up-to-date: /home/urc/new_GUI/install/marker_interfacing/include/marker_interfacing/marker_interfacing/msg/detail/geodetic_marker_list__struct.h
[4.373s] -- Up-to-date: /home/urc/new_GUI/install/marker_interfacing/include/marker_interfacing/marker_interfacing/msg/detail/enu_marker__functions.c
[4.373s] -- Up-to-date: /home/urc/new_GUI/install/marker_interfacing/include/marker_interfacing/marker_interfacing/msg/detail/geodetic_marker__functions.h
[4.374s] -- Up-to-date: /home/urc/new_GUI/install/marker_interfacing/include/marker_interfacing/marker_interfacing/msg/detail/geodetic_marker_list__functions.h
[4.374s] -- Up-to-date: /home/urc/new_GUI/install/marker_interfacing/include/marker_interfacing/marker_interfacing/msg/geodetic_marker.h
[4.375s] -- Up-to-date: /home/urc/new_GUI/install/marker_interfacing/include/marker_interfacing/marker_interfacing/msg/enu_marker.h
[4.375s] -- Up-to-date: /home/urc/new_GUI/install/marker_interfacing/include/marker_interfacing/marker_interfacing/srv
[4.375s] -- Up-to-date: /home/urc/new_GUI/install/marker_interfacing/include/marker_interfacing/marker_interfacing/srv/publish_current_marker.h
[4.375s] -- Up-to-date: /home/urc/new_GUI/install/marker_interfacing/include/marker_interfacing/marker_interfacing/srv/reorder_marker.h
[4.376s] -- Up-to-date: /home/urc/new_GUI/install/marker_interfacing/include/marker_interfacing/marker_interfacing/srv/insert_marker.h
[4.376s] -- Up-to-date: /home/urc/new_GUI/install/marker_interfacing/include/marker_interfacing/marker_interfacing/srv/reorder_markers.h
[4.376s] -- Up-to-date: /home/urc/new_GUI/install/marker_interfacing/include/marker_interfacing/marker_interfacing/srv/remove_marker.h
[4.377s] -- Up-to-date: /home/urc/new_GUI/install/marker_interfacing/include/marker_interfacing/marker_interfacing/srv/edit_marker.h
[4.377s] -- Up-to-date: /home/urc/new_GUI/install/marker_interfacing/include/marker_interfacing/marker_interfacing/srv/detail
[4.377s] -- Up-to-date: /home/urc/new_GUI/install/marker_interfacing/include/marker_interfacing/marker_interfacing/srv/detail/insert_marker__struct.h
[4.377s] -- Up-to-date: /home/urc/new_GUI/install/marker_interfacing/include/marker_interfacing/marker_interfacing/srv/detail/remove_current_marker__struct.h
[4.377s] -- Up-to-date: /home/urc/new_GUI/install/marker_interfacing/include/marker_interfacing/marker_interfacing/srv/detail/reorder_marker__type_support.h
[4.381s] -- Up-to-date: /home/urc/new_GUI/install/marker_interfacing/include/marker_interfacing/marker_interfacing/srv/detail/publish_current_marker__struct.h
[4.382s] -- Up-to-date: /home/urc/new_GUI/install/marker_interfacing/include/marker_interfacing/marker_interfacing/srv/detail/reorder_marker__functions.h
[4.382s] -- Up-to-date: /home/urc/new_GUI/install/marker_interfacing/include/marker_interfacing/marker_interfacing/srv/detail/insert_marker__functions.c
[4.382s] -- Up-to-date: /home/urc/new_GUI/install/marker_interfacing/include/marker_interfacing/marker_interfacing/srv/detail/remove_current_marker__functions.c
[4.382s] -- Up-to-date: /home/urc/new_GUI/install/marker_interfacing/include/marker_interfacing/marker_interfacing/srv/detail/clear_markers__functions.c
[4.382s] -- Up-to-date: /home/urc/new_GUI/install/marker_interfacing/include/marker_interfacing/marker_interfacing/srv/detail/plan_home_marker__functions.h
[4.382s] -- Up-to-date: /home/urc/new_GUI/install/marker_interfacing/include/marker_interfacing/marker_interfacing/srv/detail/remove_marker__functions.c
[4.382s] -- Up-to-date: /home/urc/new_GUI/install/marker_interfacing/include/marker_interfacing/marker_interfacing/srv/detail/clear_markers__functions.h
[4.383s] -- Up-to-date: /home/urc/new_GUI/install/marker_interfacing/include/marker_interfacing/marker_interfacing/srv/detail/edit_marker__type_support.h
[4.383s] -- Up-to-date: /home/urc/new_GUI/install/marker_interfacing/include/marker_interfacing/marker_interfacing/srv/detail/reorder_marker__functions.c
[4.383s] -- Up-to-date: /home/urc/new_GUI/install/marker_interfacing/include/marker_interfacing/marker_interfacing/srv/detail/clear_markers__type_support.h
[4.383s] -- Up-to-date: /home/urc/new_GUI/install/marker_interfacing/include/marker_interfacing/marker_interfacing/srv/detail/edit_marker__functions.h
[4.383s] -- Up-to-date: /home/urc/new_GUI/install/marker_interfacing/include/marker_interfacing/marker_interfacing/srv/detail/publish_current_marker__type_support.h
[4.383s] -- Up-to-date: /home/urc/new_GUI/install/marker_interfacing/include/marker_interfacing/marker_interfacing/srv/detail/reorder_marker__struct.h
[4.383s] -- Up-to-date: /home/urc/new_GUI/install/marker_interfacing/include/marker_interfacing/marker_interfacing/srv/detail/reorder_markers__functions.h
[4.384s] -- Up-to-date: /home/urc/new_GUI/install/marker_interfacing/include/marker_interfacing/marker_interfacing/srv/detail/remove_marker__type_support.h
[4.384s] -- Up-to-date: /home/urc/new_GUI/install/marker_interfacing/include/marker_interfacing/marker_interfacing/srv/detail/add_marker__functions.h
[4.384s] -- Up-to-date: /home/urc/new_GUI/install/marker_interfacing/include/marker_interfacing/marker_interfacing/srv/detail/plan_home_marker__struct.h
[4.390s] -- Up-to-date: /home/urc/new_GUI/install/marker_interfacing/include/marker_interfacing/marker_interfacing/srv/detail/insert_marker__type_support.h
[4.390s] -- Up-to-date: /home/urc/new_GUI/install/marker_interfacing/include/marker_interfacing/marker_interfacing/srv/detail/add_marker__struct.h
[4.392s] -- Up-to-date: /home/urc/new_GUI/install/marker_interfacing/include/marker_interfacing/marker_interfacing/srv/detail/reorder_markers__type_support.h
[4.392s] -- Up-to-date: /home/urc/new_GUI/install/marker_interfacing/include/marker_interfacing/marker_interfacing/srv/detail/remove_current_marker__type_support.h
[4.392s] -- Up-to-date: /home/urc/new_GUI/install/marker_interfacing/include/marker_interfacing/marker_interfacing/srv/detail/clear_markers__struct.h
[4.393s] -- Up-to-date: /home/urc/new_GUI/install/marker_interfacing/include/marker_interfacing/marker_interfacing/srv/detail/edit_marker__struct.h
[4.393s] -- Up-to-date: /home/urc/new_GUI/install/marker_interfacing/include/marker_interfacing/marker_interfacing/srv/detail/publish_current_marker__functions.h
[4.395s] -- Up-to-date: /home/urc/new_GUI/install/marker_interfacing/include/marker_interfacing/marker_interfacing/srv/detail/remove_marker__struct.h
[4.395s] -- Up-to-date: /home/urc/new_GUI/install/marker_interfacing/include/marker_interfacing/marker_interfacing/srv/detail/insert_marker__functions.h
[4.395s] -- Up-to-date: /home/urc/new_GUI/install/marker_interfacing/include/marker_interfacing/marker_interfacing/srv/detail/reorder_markers__functions.c
[4.395s] -- Up-to-date: /home/urc/new_GUI/install/marker_interfacing/include/marker_interfacing/marker_interfacing/srv/detail/reorder_markers__struct.h
[4.395s] -- Up-to-date: /home/urc/new_GUI/install/marker_interfacing/include/marker_interfacing/marker_interfacing/srv/detail/add_marker__type_support.h
[4.396s] -- Up-to-date: /home/urc/new_GUI/install/marker_interfacing/include/marker_interfacing/marker_interfacing/srv/detail/plan_home_marker__functions.c
[4.396s] -- Up-to-date: /home/urc/new_GUI/install/marker_interfacing/include/marker_interfacing/marker_interfacing/srv/detail/add_marker__functions.c
[4.396s] -- Up-to-date: /home/urc/new_GUI/install/marker_interfacing/include/marker_interfacing/marker_interfacing/srv/detail/publish_current_marker__functions.c
[4.396s] -- Up-to-date: /home/urc/new_GUI/install/marker_interfacing/include/marker_interfacing/marker_interfacing/srv/detail/remove_current_marker__functions.h
[4.397s] -- Up-to-date: /home/urc/new_GUI/install/marker_interfacing/include/marker_interfacing/marker_interfacing/srv/detail/edit_marker__functions.c
[4.397s] -- Up-to-date: /home/urc/new_GUI/install/marker_interfacing/include/marker_interfacing/marker_interfacing/srv/detail/plan_home_marker__type_support.h
[4.397s] -- Up-to-date: /home/urc/new_GUI/install/marker_interfacing/include/marker_interfacing/marker_interfacing/srv/detail/remove_marker__functions.h
[4.397s] -- Up-to-date: /home/urc/new_GUI/install/marker_interfacing/include/marker_interfacing/marker_interfacing/srv/add_marker.h
[4.397s] -- Up-to-date: /home/urc/new_GUI/install/marker_interfacing/include/marker_interfacing/marker_interfacing/srv/clear_markers.h
[4.397s] -- Up-to-date: /home/urc/new_GUI/install/marker_interfacing/include/marker_interfacing/marker_interfacing/srv/plan_home_marker.h
[4.400s] -- Up-to-date: /home/urc/new_GUI/install/marker_interfacing/include/marker_interfacing/marker_interfacing/srv/remove_current_marker.h
[4.403s] -- Up-to-date: /home/urc/new_GUI/install/marker_interfacing/share/marker_interfacing/environment/library_path.sh
[4.404s] -- Up-to-date: /home/urc/new_GUI/install/marker_interfacing/share/marker_interfacing/environment/library_path.dsv
[4.404s] -- Up-to-date: /home/urc/new_GUI/install/marker_interfacing/lib/libmarker_interfacing__rosidl_generator_c.so
[4.404s] -- Up-to-date: /home/urc/new_GUI/install/marker_interfacing/include/marker_interfacing/marker_interfacing
[4.404s] -- Up-to-date: /home/urc/new_GUI/install/marker_interfacing/include/marker_interfacing/marker_interfacing/msg
[4.404s] -- Up-to-date: /home/urc/new_GUI/install/marker_interfacing/include/marker_interfacing/marker_interfacing/msg/rosidl_typesupport_fastrtps_c__visibility_control.h
[4.407s] -- Up-to-date: /home/urc/new_GUI/install/marker_interfacing/include/marker_interfacing/marker_interfacing/msg/detail
[4.408s] -- Up-to-date: /home/urc/new_GUI/install/marker_interfacing/include/marker_interfacing/marker_interfacing/msg/detail/geodetic_marker_list__rosidl_typesupport_fastrtps_c.h
[4.408s] -- Up-to-date: /home/urc/new_GUI/install/marker_interfacing/include/marker_interfacing/marker_interfacing/msg/detail/enu_marker__rosidl_typesupport_fastrtps_c.h
[4.408s] -- Up-to-date: /home/urc/new_GUI/install/marker_interfacing/include/marker_interfacing/marker_interfacing/msg/detail/geodetic_marker__rosidl_typesupport_fastrtps_c.h
[4.416s] -- Up-to-date: /home/urc/new_GUI/install/marker_interfacing/include/marker_interfacing/marker_interfacing/srv
[4.421s] -- Up-to-date: /home/urc/new_GUI/install/marker_interfacing/include/marker_interfacing/marker_interfacing/srv/detail
[4.421s] -- Up-to-date: /home/urc/new_GUI/install/marker_interfacing/include/marker_interfacing/marker_interfacing/srv/detail/edit_marker__rosidl_typesupport_fastrtps_c.h
[4.422s] -- Up-to-date: /home/urc/new_GUI/install/marker_interfacing/include/marker_interfacing/marker_interfacing/srv/detail/insert_marker__rosidl_typesupport_fastrtps_c.h
[4.422s] -- Up-to-date: /home/urc/new_GUI/install/marker_interfacing/include/marker_interfacing/marker_interfacing/srv/detail/plan_home_marker__rosidl_typesupport_fastrtps_c.h
[4.422s] -- Up-to-date: /home/urc/new_GUI/install/marker_interfacing/include/marker_interfacing/marker_interfacing/srv/detail/publish_current_marker__rosidl_typesupport_fastrtps_c.h
[4.424s] -- Up-to-date: /home/urc/new_GUI/install/marker_interfacing/include/marker_interfacing/marker_interfacing/srv/detail/remove_marker__rosidl_typesupport_fastrtps_c.h
[4.424s] -- Up-to-date: /home/urc/new_GUI/install/marker_interfacing/include/marker_interfacing/marker_interfacing/srv/detail/clear_markers__rosidl_typesupport_fastrtps_c.h
[4.425s] -- Up-to-date: /home/urc/new_GUI/install/marker_interfacing/include/marker_interfacing/marker_interfacing/srv/detail/remove_current_marker__rosidl_typesupport_fastrtps_c.h
[4.425s] -- Up-to-date: /home/urc/new_GUI/install/marker_interfacing/include/marker_interfacing/marker_interfacing/srv/detail/add_marker__rosidl_typesupport_fastrtps_c.h
[4.425s] -- Up-to-date: /home/urc/new_GUI/install/marker_interfacing/include/marker_interfacing/marker_interfacing/srv/detail/reorder_markers__rosidl_typesupport_fastrtps_c.h
[4.425s] -- Up-to-date: /home/urc/new_GUI/install/marker_interfacing/include/marker_interfacing/marker_interfacing/srv/detail/reorder_marker__rosidl_typesupport_fastrtps_c.h
[4.425s] -- Up-to-date: /home/urc/new_GUI/install/marker_interfacing/lib/libmarker_interfacing__rosidl_typesupport_fastrtps_c.so
[4.425s] -- Up-to-date: /home/urc/new_GUI/install/marker_interfacing/include/marker_interfacing/marker_interfacing
[4.425s] -- Up-to-date: /home/urc/new_GUI/install/marker_interfacing/include/marker_interfacing/marker_interfacing/msg
[4.425s] -- Up-to-date: /home/urc/new_GUI/install/marker_interfacing/include/marker_interfacing/marker_interfacing/msg/rosidl_typesupport_introspection_c__visibility_control.h
[4.426s] -- Up-to-date: /home/urc/new_GUI/install/marker_interfacing/include/marker_interfacing/marker_interfacing/msg/detail
[4.426s] -- Up-to-date: /home/urc/new_GUI/install/marker_interfacing/include/marker_interfacing/marker_interfacing/msg/detail/geodetic_marker__type_support.c
[4.426s] -- Up-to-date: /home/urc/new_GUI/install/marker_interfacing/include/marker_interfacing/marker_interfacing/msg/detail/enu_marker__rosidl_typesupport_introspection_c.h
[4.426s] -- Up-to-date: /home/urc/new_GUI/install/marker_interfacing/include/marker_interfacing/marker_interfacing/msg/detail/geodetic_marker__rosidl_typesupport_introspection_c.h
[4.426s] -- Up-to-date: /home/urc/new_GUI/install/marker_interfacing/include/marker_interfacing/marker_interfacing/msg/detail/enu_marker__type_support.c
[4.426s] -- Up-to-date: /home/urc/new_GUI/install/marker_interfacing/include/marker_interfacing/marker_interfacing/msg/detail/geodetic_marker_list__rosidl_typesupport_introspection_c.h
[4.426s] -- Up-to-date: /home/urc/new_GUI/install/marker_interfacing/include/marker_interfacing/marker_interfacing/msg/detail/geodetic_marker_list__type_support.c
[4.427s] -- Up-to-date: /home/urc/new_GUI/install/marker_interfacing/include/marker_interfacing/marker_interfacing/srv
[4.440s] -- Up-to-date: /home/urc/new_GUI/install/marker_interfacing/include/marker_interfacing/marker_interfacing/srv/detail
[4.440s] -- Up-to-date: /home/urc/new_GUI/install/marker_interfacing/include/marker_interfacing/marker_interfacing/srv/detail/reorder_marker__type_support.c
[4.441s] -- Up-to-date: /home/urc/new_GUI/install/marker_interfacing/include/marker_interfacing/marker_interfacing/srv/detail/reorder_markers__type_support.c
[4.441s] -- Up-to-date: /home/urc/new_GUI/install/marker_interfacing/include/marker_interfacing/marker_interfacing/srv/detail/insert_marker__type_support.c
[4.441s] -- Up-to-date: /home/urc/new_GUI/install/marker_interfacing/include/marker_interfacing/marker_interfacing/srv/detail/edit_marker__rosidl_typesupport_introspection_c.h
[4.441s] -- Up-to-date: /home/urc/new_GUI/install/marker_interfacing/include/marker_interfacing/marker_interfacing/srv/detail/reorder_markers__rosidl_typesupport_introspection_c.h
[4.465s] -- Up-to-date: /home/urc/new_GUI/install/marker_interfacing/include/marker_interfacing/marker_interfacing/srv/detail/plan_home_marker__rosidl_typesupport_introspection_c.h
[4.465s] -- Up-to-date: /home/urc/new_GUI/install/marker_interfacing/include/marker_interfacing/marker_interfacing/srv/detail/publish_current_marker__type_support.c
[4.465s] -- Up-to-date: /home/urc/new_GUI/install/marker_interfacing/include/marker_interfacing/marker_interfacing/srv/detail/remove_current_marker__type_support.c
[4.465s] -- Up-to-date: /home/urc/new_GUI/install/marker_interfacing/include/marker_interfacing/marker_interfacing/srv/detail/clear_markers__rosidl_typesupport_introspection_c.h
[4.466s] -- Up-to-date: /home/urc/new_GUI/install/marker_interfacing/include/marker_interfacing/marker_interfacing/srv/detail/publish_current_marker__rosidl_typesupport_introspection_c.h
[4.466s] -- Up-to-date: /home/urc/new_GUI/install/marker_interfacing/include/marker_interfacing/marker_interfacing/srv/detail/reorder_marker__rosidl_typesupport_introspection_c.h
[4.466s] -- Up-to-date: /home/urc/new_GUI/install/marker_interfacing/include/marker_interfacing/marker_interfacing/srv/detail/insert_marker__rosidl_typesupport_introspection_c.h
[4.466s] -- Up-to-date: /home/urc/new_GUI/install/marker_interfacing/include/marker_interfacing/marker_interfacing/srv/detail/add_marker__type_support.c
[4.466s] -- Up-to-date: /home/urc/new_GUI/install/marker_interfacing/include/marker_interfacing/marker_interfacing/srv/detail/edit_marker__type_support.c
[4.466s] -- Up-to-date: /home/urc/new_GUI/install/marker_interfacing/include/marker_interfacing/marker_interfacing/srv/detail/clear_markers__type_support.c
[4.467s] -- Up-to-date: /home/urc/new_GUI/install/marker_interfacing/include/marker_interfacing/marker_interfacing/srv/detail/remove_marker__rosidl_typesupport_introspection_c.h
[4.467s] -- Up-to-date: /home/urc/new_GUI/install/marker_interfacing/include/marker_interfacing/marker_interfacing/srv/detail/plan_home_marker__type_support.c
[4.467s] -- Up-to-date: /home/urc/new_GUI/install/marker_interfacing/include/marker_interfacing/marker_interfacing/srv/detail/add_marker__rosidl_typesupport_introspection_c.h
[4.467s] -- Up-to-date: /home/urc/new_GUI/install/marker_interfacing/include/marker_interfacing/marker_interfacing/srv/detail/remove_marker__type_support.c
[4.467s] -- Up-to-date: /home/urc/new_GUI/install/marker_interfacing/include/marker_interfacing/marker_interfacing/srv/detail/remove_current_marker__rosidl_typesupport_introspection_c.h
[4.467s] -- Up-to-date: /home/urc/new_GUI/install/marker_interfacing/lib/libmarker_interfacing__rosidl_typesupport_introspection_c.so
[4.467s] -- Up-to-date: /home/urc/new_GUI/install/marker_interfacing/lib/libmarker_interfacing__rosidl_typesupport_c.so
[4.467s] -- Up-to-date: /home/urc/new_GUI/install/marker_interfacing/include/marker_interfacing/marker_interfacing
[4.468s] -- Up-to-date: /home/urc/new_GUI/install/marker_interfacing/include/marker_interfacing/marker_interfacing/msg
[4.470s] -- Up-to-date: /home/urc/new_GUI/install/marker_interfacing/include/marker_interfacing/marker_interfacing/msg/enu_marker.hpp
[4.470s] -- Up-to-date: /home/urc/new_GUI/install/marker_interfacing/include/marker_interfacing/marker_interfacing/msg/geodetic_marker_list.hpp
[4.471s] -- Up-to-date: /home/urc/new_GUI/install/marker_interfacing/include/marker_interfacing/marker_interfacing/msg/detail
[4.471s] -- Up-to-date: /home/urc/new_GUI/install/marker_interfacing/include/marker_interfacing/marker_interfacing/msg/detail/geodetic_marker_list__traits.hpp
[4.471s] -- Up-to-date: /home/urc/new_GUI/install/marker_interfacing/include/marker_interfacing/marker_interfacing/msg/detail/geodetic_marker_list__struct.hpp
[4.471s] -- Up-to-date: /home/urc/new_GUI/install/marker_interfacing/include/marker_interfacing/marker_interfacing/msg/detail/enu_marker__traits.hpp
[4.471s] -- Up-to-date: /home/urc/new_GUI/install/marker_interfacing/include/marker_interfacing/marker_interfacing/msg/detail/geodetic_marker__struct.hpp
[4.471s] -- Up-to-date: /home/urc/new_GUI/install/marker_interfacing/include/marker_interfacing/marker_interfacing/msg/detail/enu_marker__builder.hpp
[4.472s] -- Up-to-date: /home/urc/new_GUI/install/marker_interfacing/include/marker_interfacing/marker_interfacing/msg/detail/geodetic_marker__builder.hpp
[4.472s] -- Up-to-date: /home/urc/new_GUI/install/marker_interfacing/include/marker_interfacing/marker_interfacing/msg/detail/geodetic_marker_list__builder.hpp
[4.472s] -- Up-to-date: /home/urc/new_GUI/install/marker_interfacing/include/marker_interfacing/marker_interfacing/msg/detail/enu_marker__struct.hpp
[4.472s] -- Up-to-date: /home/urc/new_GUI/install/marker_interfacing/include/marker_interfacing/marker_interfacing/msg/detail/geodetic_marker__traits.hpp
[4.472s] -- Up-to-date: /home/urc/new_GUI/install/marker_interfacing/include/marker_interfacing/marker_interfacing/msg/geodetic_marker.hpp
[4.472s] -- Up-to-date: /home/urc/new_GUI/install/marker_interfacing/include/marker_interfacing/marker_interfacing/srv
[4.472s] -- Up-to-date: /home/urc/new_GUI/install/marker_interfacing/include/marker_interfacing/marker_interfacing/srv/insert_marker.hpp
[4.473s] -- Up-to-date: /home/urc/new_GUI/install/marker_interfacing/include/marker_interfacing/marker_interfacing/srv/edit_marker.hpp
[4.473s] -- Up-to-date: /home/urc/new_GUI/install/marker_interfacing/include/marker_interfacing/marker_interfacing/srv/remove_marker.hpp
[4.473s] -- Up-to-date: /home/urc/new_GUI/install/marker_interfacing/include/marker_interfacing/marker_interfacing/srv/plan_home_marker.hpp
[4.473s] -- Up-to-date: /home/urc/new_GUI/install/marker_interfacing/include/marker_interfacing/marker_interfacing/srv/reorder_markers.hpp
[4.473s] -- Up-to-date: /home/urc/new_GUI/install/marker_interfacing/include/marker_interfacing/marker_interfacing/srv/publish_current_marker.hpp
[4.474s] -- Up-to-date: /home/urc/new_GUI/install/marker_interfacing/include/marker_interfacing/marker_interfacing/srv/reorder_marker.hpp
[4.474s] -- Up-to-date: /home/urc/new_GUI/install/marker_interfacing/include/marker_interfacing/marker_interfacing/srv/remove_current_marker.hpp
[4.474s] -- Up-to-date: /home/urc/new_GUI/install/marker_interfacing/include/marker_interfacing/marker_interfacing/srv/detail
[4.475s] -- Up-to-date: /home/urc/new_GUI/install/marker_interfacing/include/marker_interfacing/marker_interfacing/srv/detail/insert_marker__traits.hpp
[4.475s] -- Up-to-date: /home/urc/new_GUI/install/marker_interfacing/include/marker_interfacing/marker_interfacing/srv/detail/remove_marker__builder.hpp
[4.475s] -- Up-to-date: /home/urc/new_GUI/install/marker_interfacing/include/marker_interfacing/marker_interfacing/srv/detail/remove_current_marker__traits.hpp
[4.475s] -- Up-to-date: /home/urc/new_GUI/install/marker_interfacing/include/marker_interfacing/marker_interfacing/srv/detail/reorder_marker__struct.hpp
[4.475s] -- Up-to-date: /home/urc/new_GUI/install/marker_interfacing/include/marker_interfacing/marker_interfacing/srv/detail/remove_current_marker__struct.hpp
[4.475s] -- Up-to-date: /home/urc/new_GUI/install/marker_interfacing/include/marker_interfacing/marker_interfacing/srv/detail/remove_marker__struct.hpp
[4.475s] -- Up-to-date: /home/urc/new_GUI/install/marker_interfacing/include/marker_interfacing/marker_interfacing/srv/detail/reorder_markers__builder.hpp
[4.475s] -- Up-to-date: /home/urc/new_GUI/install/marker_interfacing/include/marker_interfacing/marker_interfacing/srv/detail/edit_marker__struct.hpp
[4.476s] -- Up-to-date: /home/urc/new_GUI/install/marker_interfacing/include/marker_interfacing/marker_interfacing/srv/detail/publish_current_marker__struct.hpp
[4.477s] -- Up-to-date: /home/urc/new_GUI/install/marker_interfacing/include/marker_interfacing/marker_interfacing/srv/detail/add_marker__traits.hpp
[4.477s] -- Up-to-date: /home/urc/new_GUI/install/marker_interfacing/include/marker_interfacing/marker_interfacing/srv/detail/add_marker__builder.hpp
[4.477s] -- Up-to-date: /home/urc/new_GUI/install/marker_interfacing/include/marker_interfacing/marker_interfacing/srv/detail/edit_marker__traits.hpp
[4.477s] -- Up-to-date: /home/urc/new_GUI/install/marker_interfacing/include/marker_interfacing/marker_interfacing/srv/detail/edit_marker__builder.hpp
[4.478s] -- Up-to-date: /home/urc/new_GUI/install/marker_interfacing/include/marker_interfacing/marker_interfacing/srv/detail/clear_markers__traits.hpp
[4.478s] -- Up-to-date: /home/urc/new_GUI/install/marker_interfacing/include/marker_interfacing/marker_interfacing/srv/detail/publish_current_marker__traits.hpp
[4.478s] -- Up-to-date: /home/urc/new_GUI/install/marker_interfacing/include/marker_interfacing/marker_interfacing/srv/detail/clear_markers__builder.hpp
[4.479s] -- Up-to-date: /home/urc/new_GUI/install/marker_interfacing/include/marker_interfacing/marker_interfacing/srv/detail/plan_home_marker__builder.hpp
[4.480s] -- Up-to-date: /home/urc/new_GUI/install/marker_interfacing/include/marker_interfacing/marker_interfacing/srv/detail/reorder_markers__struct.hpp
[4.480s] -- Up-to-date: /home/urc/new_GUI/install/marker_interfacing/include/marker_interfacing/marker_interfacing/srv/detail/reorder_markers__traits.hpp
[4.482s] -- Up-to-date: /home/urc/new_GUI/install/marker_interfacing/include/marker_interfacing/marker_interfacing/srv/detail/insert_marker__builder.hpp
[4.482s] -- Up-to-date: /home/urc/new_GUI/install/marker_interfacing/include/marker_interfacing/marker_interfacing/srv/detail/remove_current_marker__builder.hpp
[4.483s] -- Up-to-date: /home/urc/new_GUI/install/marker_interfacing/include/marker_interfacing/marker_interfacing/srv/detail/publish_current_marker__builder.hpp
[4.486s] -- Up-to-date: /home/urc/new_GUI/install/marker_interfacing/include/marker_interfacing/marker_interfacing/srv/detail/insert_marker__struct.hpp
[4.487s] -- Up-to-date: /home/urc/new_GUI/install/marker_interfacing/include/marker_interfacing/marker_interfacing/srv/detail/plan_home_marker__struct.hpp
[4.489s] -- Up-to-date: /home/urc/new_GUI/install/marker_interfacing/include/marker_interfacing/marker_interfacing/srv/detail/clear_markers__struct.hpp
[4.493s] -- Up-to-date: /home/urc/new_GUI/install/marker_interfacing/include/marker_interfacing/marker_interfacing/srv/detail/add_marker__struct.hpp
[4.493s] -- Up-to-date: /home/urc/new_GUI/install/marker_interfacing/include/marker_interfacing/marker_interfacing/srv/detail/plan_home_marker__traits.hpp
[4.493s] -- Up-to-date: /home/urc/new_GUI/install/marker_interfacing/include/marker_interfacing/marker_interfacing/srv/detail/reorder_marker__builder.hpp
[4.493s] -- Up-to-date: /home/urc/new_GUI/install/marker_interfacing/include/marker_interfacing/marker_interfacing/srv/detail/remove_marker__traits.hpp
[4.493s] -- Up-to-date: /home/urc/new_GUI/install/marker_interfacing/include/marker_interfacing/marker_interfacing/srv/detail/reorder_marker__traits.hpp
[4.493s] -- Up-to-date: /home/urc/new_GUI/install/marker_interfacing/include/marker_interfacing/marker_interfacing/srv/add_marker.hpp
[4.493s] -- Up-to-date: /home/urc/new_GUI/install/marker_interfacing/include/marker_interfacing/marker_interfacing/srv/clear_markers.hpp
[4.494s] -- Up-to-date: /home/urc/new_GUI/install/marker_interfacing/include/marker_interfacing/marker_interfacing
[4.494s] -- Up-to-date: /home/urc/new_GUI/install/marker_interfacing/include/marker_interfacing/marker_interfacing/msg
[4.497s] -- Up-to-date: /home/urc/new_GUI/install/marker_interfacing/include/marker_interfacing/marker_interfacing/msg/rosidl_typesupport_fastrtps_cpp__visibility_control.h
[4.497s] -- Up-to-date: /home/urc/new_GUI/install/marker_interfacing/include/marker_interfacing/marker_interfacing/msg/detail
[4.497s] -- Up-to-date: /home/urc/new_GUI/install/marker_interfacing/include/marker_interfacing/marker_interfacing/msg/detail/geodetic_marker__rosidl_typesupport_fastrtps_cpp.hpp
[4.497s] -- Up-to-date: /home/urc/new_GUI/install/marker_interfacing/include/marker_interfacing/marker_interfacing/msg/detail/geodetic_marker_list__rosidl_typesupport_fastrtps_cpp.hpp
[4.497s] -- Up-to-date: /home/urc/new_GUI/install/marker_interfacing/include/marker_interfacing/marker_interfacing/msg/detail/dds_fastrtps
[4.497s] -- Up-to-date: /home/urc/new_GUI/install/marker_interfacing/include/marker_interfacing/marker_interfacing/msg/detail/enu_marker__rosidl_typesupport_fastrtps_cpp.hpp
[4.497s] -- Up-to-date: /home/urc/new_GUI/install/marker_interfacing/include/marker_interfacing/marker_interfacing/srv
[4.498s] -- Up-to-date: /home/urc/new_GUI/install/marker_interfacing/include/marker_interfacing/marker_interfacing/srv/detail
[4.498s] -- Up-to-date: /home/urc/new_GUI/install/marker_interfacing/include/marker_interfacing/marker_interfacing/srv/detail/reorder_marker__rosidl_typesupport_fastrtps_cpp.hpp
[4.498s] -- Up-to-date: /home/urc/new_GUI/install/marker_interfacing/include/marker_interfacing/marker_interfacing/srv/detail/remove_marker__rosidl_typesupport_fastrtps_cpp.hpp
[4.498s] -- Up-to-date: /home/urc/new_GUI/install/marker_interfacing/include/marker_interfacing/marker_interfacing/srv/detail/remove_current_marker__rosidl_typesupport_fastrtps_cpp.hpp
[4.498s] -- Up-to-date: /home/urc/new_GUI/install/marker_interfacing/include/marker_interfacing/marker_interfacing/srv/detail/add_marker__rosidl_typesupport_fastrtps_cpp.hpp
[4.498s] -- Up-to-date: /home/urc/new_GUI/install/marker_interfacing/include/marker_interfacing/marker_interfacing/srv/detail/publish_current_marker__rosidl_typesupport_fastrtps_cpp.hpp
[4.498s] -- Up-to-date: /home/urc/new_GUI/install/marker_interfacing/include/marker_interfacing/marker_interfacing/srv/detail/insert_marker__rosidl_typesupport_fastrtps_cpp.hpp
[4.498s] -- Up-to-date: /home/urc/new_GUI/install/marker_interfacing/include/marker_interfacing/marker_interfacing/srv/detail/reorder_markers__rosidl_typesupport_fastrtps_cpp.hpp
[4.498s] -- Up-to-date: /home/urc/new_GUI/install/marker_interfacing/include/marker_interfacing/marker_interfacing/srv/detail/clear_markers__rosidl_typesupport_fastrtps_cpp.hpp
[4.499s] -- Up-to-date: /home/urc/new_GUI/install/marker_interfacing/include/marker_interfacing/marker_interfacing/srv/detail/dds_fastrtps
[4.499s] -- Up-to-date: /home/urc/new_GUI/install/marker_interfacing/include/marker_interfacing/marker_interfacing/srv/detail/edit_marker__rosidl_typesupport_fastrtps_cpp.hpp
[4.499s] -- Up-to-date: /home/urc/new_GUI/install/marker_interfacing/include/marker_interfacing/marker_interfacing/srv/detail/plan_home_marker__rosidl_typesupport_fastrtps_cpp.hpp
[4.499s] -- Up-to-date: /home/urc/new_GUI/install/marker_interfacing/lib/libmarker_interfacing__rosidl_typesupport_fastrtps_cpp.so
[4.499s] -- Up-to-date: /home/urc/new_GUI/install/marker_interfacing/include/marker_interfacing/marker_interfacing
[4.499s] -- Up-to-date: /home/urc/new_GUI/install/marker_interfacing/include/marker_interfacing/marker_interfacing/msg
[4.499s] -- Up-to-date: /home/urc/new_GUI/install/marker_interfacing/include/marker_interfacing/marker_interfacing/msg/detail
[4.499s] -- Up-to-date: /home/urc/new_GUI/install/marker_interfacing/include/marker_interfacing/marker_interfacing/msg/detail/geodetic_marker_list__type_support.cpp
[4.499s] -- Up-to-date: /home/urc/new_GUI/install/marker_interfacing/include/marker_interfacing/marker_interfacing/msg/detail/geodetic_marker__type_support.cpp
[4.499s] -- Up-to-date: /home/urc/new_GUI/install/marker_interfacing/include/marker_interfacing/marker_interfacing/msg/detail/geodetic_marker__rosidl_typesupport_introspection_cpp.hpp
[4.500s] -- Up-to-date: /home/urc/new_GUI/install/marker_interfacing/include/marker_interfacing/marker_interfacing/msg/detail/enu_marker__rosidl_typesupport_introspection_cpp.hpp
[4.500s] -- Up-to-date: /home/urc/new_GUI/install/marker_interfacing/include/marker_interfacing/marker_interfacing/msg/detail/enu_marker__type_support.cpp
[4.500s] -- Up-to-date: /home/urc/new_GUI/install/marker_interfacing/include/marker_interfacing/marker_interfacing/msg/detail/geodetic_marker_list__rosidl_typesupport_introspection_cpp.hpp
[4.500s] -- Up-to-date: /home/urc/new_GUI/install/marker_interfacing/include/marker_interfacing/marker_interfacing/srv
[4.500s] -- Up-to-date: /home/urc/new_GUI/install/marker_interfacing/include/marker_interfacing/marker_interfacing/srv/detail
[4.502s] -- Up-to-date: /home/urc/new_GUI/install/marker_interfacing/include/marker_interfacing/marker_interfacing/srv/detail/reorder_marker__type_support.cpp
[4.502s] -- Up-to-date: /home/urc/new_GUI/install/marker_interfacing/include/marker_interfacing/marker_interfacing/srv/detail/reorder_marker__rosidl_typesupport_introspection_cpp.hpp
[4.502s] -- Up-to-date: /home/urc/new_GUI/install/marker_interfacing/include/marker_interfacing/marker_interfacing/srv/detail/remove_current_marker__rosidl_typesupport_introspection_cpp.hpp
[4.502s] -- Up-to-date: /home/urc/new_GUI/install/marker_interfacing/include/marker_interfacing/marker_interfacing/srv/detail/reorder_markers__rosidl_typesupport_introspection_cpp.hpp
[4.502s] -- Up-to-date: /home/urc/new_GUI/install/marker_interfacing/include/marker_interfacing/marker_interfacing/srv/detail/clear_markers__rosidl_typesupport_introspection_cpp.hpp
[4.502s] -- Up-to-date: /home/urc/new_GUI/install/marker_interfacing/include/marker_interfacing/marker_interfacing/srv/detail/add_marker__rosidl_typesupport_introspection_cpp.hpp
[4.509s] -- Up-to-date: /home/urc/new_GUI/install/marker_interfacing/include/marker_interfacing/marker_interfacing/srv/detail/insert_marker__rosidl_typesupport_introspection_cpp.hpp
[4.510s] -- Up-to-date: /home/urc/new_GUI/install/marker_interfacing/include/marker_interfacing/marker_interfacing/srv/detail/edit_marker__rosidl_typesupport_introspection_cpp.hpp
[4.510s] -- Up-to-date: /home/urc/new_GUI/install/marker_interfacing/include/marker_interfacing/marker_interfacing/srv/detail/clear_markers__type_support.cpp
[4.510s] -- Up-to-date: /home/urc/new_GUI/install/marker_interfacing/include/marker_interfacing/marker_interfacing/srv/detail/insert_marker__type_support.cpp
[4.510s] -- Up-to-date: /home/urc/new_GUI/install/marker_interfacing/include/marker_interfacing/marker_interfacing/srv/detail/add_marker__type_support.cpp
[4.510s] -- Up-to-date: /home/urc/new_GUI/install/marker_interfacing/include/marker_interfacing/marker_interfacing/srv/detail/publish_current_marker__rosidl_typesupport_introspection_cpp.hpp
[4.510s] -- Up-to-date: /home/urc/new_GUI/install/marker_interfacing/include/marker_interfacing/marker_interfacing/srv/detail/edit_marker__type_support.cpp
[4.510s] -- Up-to-date: /home/urc/new_GUI/install/marker_interfacing/include/marker_interfacing/marker_interfacing/srv/detail/remove_marker__rosidl_typesupport_introspection_cpp.hpp
[4.511s] -- Up-to-date: /home/urc/new_GUI/install/marker_interfacing/include/marker_interfacing/marker_interfacing/srv/detail/reorder_markers__type_support.cpp
[4.511s] -- Up-to-date: /home/urc/new_GUI/install/marker_interfacing/include/marker_interfacing/marker_interfacing/srv/detail/plan_home_marker__type_support.cpp
[4.511s] -- Up-to-date: /home/urc/new_GUI/install/marker_interfacing/include/marker_interfacing/marker_interfacing/srv/detail/publish_current_marker__type_support.cpp
[4.511s] -- Up-to-date: /home/urc/new_GUI/install/marker_interfacing/include/marker_interfacing/marker_interfacing/srv/detail/remove_marker__type_support.cpp
[4.511s] -- Up-to-date: /home/urc/new_GUI/install/marker_interfacing/include/marker_interfacing/marker_interfacing/srv/detail/remove_current_marker__type_support.cpp
[4.511s] -- Up-to-date: /home/urc/new_GUI/install/marker_interfacing/include/marker_interfacing/marker_interfacing/srv/detail/plan_home_marker__rosidl_typesupport_introspection_cpp.hpp
[4.511s] -- Up-to-date: /home/urc/new_GUI/install/marker_interfacing/lib/libmarker_interfacing__rosidl_typesupport_introspection_cpp.so
[4.512s] -- Up-to-date: /home/urc/new_GUI/install/marker_interfacing/lib/libmarker_interfacing__rosidl_typesupport_cpp.so
[4.512s] -- Up-to-date: /home/urc/new_GUI/install/marker_interfacing/share/marker_interfacing/environment/pythonpath.sh
[4.512s] -- Up-to-date: /home/urc/new_GUI/install/marker_interfacing/share/marker_interfacing/environment/pythonpath.dsv
[4.512s] -- Up-to-date: /home/urc/new_GUI/install/marker_interfacing/local/lib/python3.10/dist-packages/marker_interfacing-0.0.0-py3.10.egg-info
[4.513s] -- Installing: /home/urc/new_GUI/install/marker_interfacing/local/lib/python3.10/dist-packages/marker_interfacing-0.0.0-py3.10.egg-info/PKG-INFO
[4.513s] -- Installing: /home/urc/new_GUI/install/marker_interfacing/local/lib/python3.10/dist-packages/marker_interfacing-0.0.0-py3.10.egg-info/dependency_links.txt
[4.513s] -- Installing: /home/urc/new_GUI/install/marker_interfacing/local/lib/python3.10/dist-packages/marker_interfacing-0.0.0-py3.10.egg-info/top_level.txt
[4.513s] -- Installing: /home/urc/new_GUI/install/marker_interfacing/local/lib/python3.10/dist-packages/marker_interfacing-0.0.0-py3.10.egg-info/SOURCES.txt
[4.514s] -- Up-to-date: /home/urc/new_GUI/install/marker_interfacing/local/lib/python3.10/dist-packages/marker_interfacing
[4.514s] -- Up-to-date: /home/urc/new_GUI/install/marker_interfacing/local/lib/python3.10/dist-packages/marker_interfacing/libmarker_interfacing__rosidl_generator_py.so
[4.515s] -- Up-to-date: /home/urc/new_GUI/install/marker_interfacing/local/lib/python3.10/dist-packages/marker_interfacing/marker_interfacing_s__rosidl_typesupport_c.cpython-310-x86_64-linux-gnu.so
[4.516s] -- Up-to-date: /home/urc/new_GUI/install/marker_interfacing/local/lib/python3.10/dist-packages/marker_interfacing/_marker_interfacing_s.ep.rosidl_typesupport_fastrtps_c.c
[4.516s] -- Up-to-date: /home/urc/new_GUI/install/marker_interfacing/local/lib/python3.10/dist-packages/marker_interfacing/msg
[4.516s] -- Up-to-date: /home/urc/new_GUI/install/marker_interfacing/local/lib/python3.10/dist-packages/marker_interfacing/msg/_enu_marker.py
[4.516s] -- Up-to-date: /home/urc/new_GUI/install/marker_interfacing/local/lib/python3.10/dist-packages/marker_interfacing/msg/_enu_marker_s.c
[4.516s] -- Up-to-date: /home/urc/new_GUI/install/marker_interfacing/local/lib/python3.10/dist-packages/marker_interfacing/msg/_geodetic_marker_s.c
[4.517s] -- Up-to-date: /home/urc/new_GUI/install/marker_interfacing/local/lib/python3.10/dist-packages/marker_interfacing/msg/__init__.py
[4.517s] -- Up-to-date: /home/urc/new_GUI/install/marker_interfacing/local/lib/python3.10/dist-packages/marker_interfacing/msg/_geodetic_marker.py
[4.517s] -- Up-to-date: /home/urc/new_GUI/install/marker_interfacing/local/lib/python3.10/dist-packages/marker_interfacing/msg/_geodetic_marker_list_s.c
[4.517s] -- Up-to-date: /home/urc/new_GUI/install/marker_interfacing/local/lib/python3.10/dist-packages/marker_interfacing/msg/_geodetic_marker_list.py
[4.517s] -- Up-to-date: /home/urc/new_GUI/install/marker_interfacing/local/lib/python3.10/dist-packages/marker_interfacing/__init__.py
[4.518s] -- Up-to-date: /home/urc/new_GUI/install/marker_interfacing/local/lib/python3.10/dist-packages/marker_interfacing/_marker_interfacing_s.ep.rosidl_typesupport_introspection_c.c
[4.518s] -- Up-to-date: /home/urc/new_GUI/install/marker_interfacing/local/lib/python3.10/dist-packages/marker_interfacing/marker_interfacing_s__rosidl_typesupport_introspection_c.cpython-310-x86_64-linux-gnu.so
[4.518s] -- Up-to-date: /home/urc/new_GUI/install/marker_interfacing/local/lib/python3.10/dist-packages/marker_interfacing/srv
[4.518s] -- Up-to-date: /home/urc/new_GUI/install/marker_interfacing/local/lib/python3.10/dist-packages/marker_interfacing/srv/_remove_current_marker.py
[4.518s] -- Up-to-date: /home/urc/new_GUI/install/marker_interfacing/local/lib/python3.10/dist-packages/marker_interfacing/srv/_add_marker_s.c
[4.518s] -- Up-to-date: /home/urc/new_GUI/install/marker_interfacing/local/lib/python3.10/dist-packages/marker_interfacing/srv/_plan_home_marker_s.c
[4.518s] -- Up-to-date: /home/urc/new_GUI/install/marker_interfacing/local/lib/python3.10/dist-packages/marker_interfacing/srv/_remove_marker.py
[4.519s] -- Up-to-date: /home/urc/new_GUI/install/marker_interfacing/local/lib/python3.10/dist-packages/marker_interfacing/srv/_insert_marker.py
[4.519s] -- Up-to-date: /home/urc/new_GUI/install/marker_interfacing/local/lib/python3.10/dist-packages/marker_interfacing/srv/_remove_marker_s.c
[4.519s] -- Up-to-date: /home/urc/new_GUI/install/marker_interfacing/local/lib/python3.10/dist-packages/marker_interfacing/srv/__init__.py
[4.519s] -- Up-to-date: /home/urc/new_GUI/install/marker_interfacing/local/lib/python3.10/dist-packages/marker_interfacing/srv/_remove_current_marker_s.c
[4.520s] -- Up-to-date: /home/urc/new_GUI/install/marker_interfacing/local/lib/python3.10/dist-packages/marker_interfacing/srv/_clear_markers.py
[4.520s] -- Up-to-date: /home/urc/new_GUI/install/marker_interfacing/local/lib/python3.10/dist-packages/marker_interfacing/srv/_add_marker.py
[4.522s] -- Up-to-date: /home/urc/new_GUI/install/marker_interfacing/local/lib/python3.10/dist-packages/marker_interfacing/srv/_clear_markers_s.c
[4.523s] -- Up-to-date: /home/urc/new_GUI/install/marker_interfacing/local/lib/python3.10/dist-packages/marker_interfacing/srv/_publish_current_marker.py
[4.523s] -- Up-to-date: /home/urc/new_GUI/install/marker_interfacing/local/lib/python3.10/dist-packages/marker_interfacing/srv/_reorder_markers.py
[4.523s] -- Up-to-date: /home/urc/new_GUI/install/marker_interfacing/local/lib/python3.10/dist-packages/marker_interfacing/srv/_reorder_marker.py
[4.523s] -- Up-to-date: /home/urc/new_GUI/install/marker_interfacing/local/lib/python3.10/dist-packages/marker_interfacing/srv/_publish_current_marker_s.c
[4.524s] -- Up-to-date: /home/urc/new_GUI/install/marker_interfacing/local/lib/python3.10/dist-packages/marker_interfacing/srv/_insert_marker_s.c
[4.524s] -- Up-to-date: /home/urc/new_GUI/install/marker_interfacing/local/lib/python3.10/dist-packages/marker_interfacing/srv/_edit_marker.py
[4.524s] -- Up-to-date: /home/urc/new_GUI/install/marker_interfacing/local/lib/python3.10/dist-packages/marker_interfacing/srv/_plan_home_marker.py
[4.524s] -- Up-to-date: /home/urc/new_GUI/install/marker_interfacing/local/lib/python3.10/dist-packages/marker_interfacing/srv/_reorder_marker_s.c
[4.524s] -- Up-to-date: /home/urc/new_GUI/install/marker_interfacing/local/lib/python3.10/dist-packages/marker_interfacing/srv/_edit_marker_s.c
[4.524s] -- Up-to-date: /home/urc/new_GUI/install/marker_interfacing/local/lib/python3.10/dist-packages/marker_interfacing/srv/_reorder_markers_s.c
[4.524s] -- Up-to-date: /home/urc/new_GUI/install/marker_interfacing/local/lib/python3.10/dist-packages/marker_interfacing/marker_interfacing_s__rosidl_typesupport_fastrtps_c.cpython-310-x86_64-linux-gnu.so
[4.525s] -- Up-to-date: /home/urc/new_GUI/install/marker_interfacing/local/lib/python3.10/dist-packages/marker_interfacing/_marker_interfacing_s.ep.rosidl_typesupport_c.c
[4.525s] Listing '/home/urc/new_GUI/install/marker_interfacing/local/lib/python3.10/dist-packages/marker_interfacing'...
[4.525s] Listing '/home/urc/new_GUI/install/marker_interfacing/local/lib/python3.10/dist-packages/marker_interfacing/msg'...
[4.525s] Listing '/home/urc/new_GUI/install/marker_interfacing/local/lib/python3.10/dist-packages/marker_interfacing/srv'...
[4.525s] -- Up-to-date: /home/urc/new_GUI/install/marker_interfacing/local/lib/python3.10/dist-packages/marker_interfacing/marker_interfacing_s__rosidl_typesupport_fastrtps_c.cpython-310-x86_64-linux-gnu.so
[4.525s] -- Up-to-date: /home/urc/new_GUI/install/marker_interfacing/local/lib/python3.10/dist-packages/marker_interfacing/marker_interfacing_s__rosidl_typesupport_introspection_c.cpython-310-x86_64-linux-gnu.so
[4.525s] -- Up-to-date: /home/urc/new_GUI/install/marker_interfacing/local/lib/python3.10/dist-packages/marker_interfacing/marker_interfacing_s__rosidl_typesupport_c.cpython-310-x86_64-linux-gnu.so
[4.526s] -- Up-to-date: /home/urc/new_GUI/install/marker_interfacing/lib/libmarker_interfacing__rosidl_generator_py.so
[4.526s] -- Up-to-date: /home/urc/new_GUI/install/marker_interfacing/share/marker_interfacing/msg/ENUMarker.idl
[4.526s] -- Up-to-date: /home/urc/new_GUI/install/marker_interfacing/share/marker_interfacing/msg/GeodeticMarker.idl
[4.526s] -- Up-to-date: /home/urc/new_GUI/install/marker_interfacing/share/marker_interfacing/msg/GeodeticMarkerList.idl
[4.526s] -- Up-to-date: /home/urc/new_GUI/install/marker_interfacing/share/marker_interfacing/srv/AddMarker.idl
[4.526s] -- Up-to-date: /home/urc/new_GUI/install/marker_interfacing/share/marker_interfacing/srv/ClearMarkers.idl
[4.526s] -- Up-to-date: /home/urc/new_GUI/install/marker_interfacing/share/marker_interfacing/srv/EditMarker.idl
[4.526s] -- Up-to-date: /home/urc/new_GUI/install/marker_interfacing/share/marker_interfacing/srv/InsertMarker.idl
[4.527s] -- Up-to-date: /home/urc/new_GUI/install/marker_interfacing/share/marker_interfacing/srv/PlanHomeMarker.idl
[4.527s] -- Up-to-date: /home/urc/new_GUI/install/marker_interfacing/share/marker_interfacing/srv/PublishCurrentMarker.idl
[4.527s] -- Up-to-date: /home/urc/new_GUI/install/marker_interfacing/share/marker_interfacing/srv/RemoveCurrentMarker.idl
[4.527s] -- Up-to-date: /home/urc/new_GUI/install/marker_interfacing/share/marker_interfacing/srv/RemoveMarker.idl
[4.528s] -- Up-to-date: /home/urc/new_GUI/install/marker_interfacing/share/marker_interfacing/srv/ReorderMarker.idl
[4.528s] -- Up-to-date: /home/urc/new_GUI/install/marker_interfacing/share/marker_interfacing/srv/ReorderMarkers.idl
[4.528s] -- Up-to-date: /home/urc/new_GUI/install/marker_interfacing/share/marker_interfacing/msg/ENUMarker.msg
[4.529s] -- Up-to-date: /home/urc/new_GUI/install/marker_interfacing/share/marker_interfacing/msg/GeodeticMarker.msg
[4.529s] -- Up-to-date: /home/urc/new_GUI/install/marker_interfacing/share/marker_interfacing/msg/GeodeticMarkerList.msg
[4.529s] -- Up-to-date: /home/urc/new_GUI/install/marker_interfacing/share/marker_interfacing/srv/AddMarker.srv
[4.529s] -- Up-to-date: /home/urc/new_GUI/install/marker_interfacing/share/marker_interfacing/srv/AddMarker_Request.msg
[4.529s] -- Up-to-date: /home/urc/new_GUI/install/marker_interfacing/share/marker_interfacing/srv/AddMarker_Response.msg
[4.529s] -- Up-to-date: /home/urc/new_GUI/install/marker_interfacing/share/marker_interfacing/srv/ClearMarkers.srv
[4.529s] -- Up-to-date: /home/urc/new_GUI/install/marker_interfacing/share/marker_interfacing/srv/ClearMarkers_Request.msg
[4.529s] -- Up-to-date: /home/urc/new_GUI/install/marker_interfacing/share/marker_interfacing/srv/ClearMarkers_Response.msg
[4.530s] -- Up-to-date: /home/urc/new_GUI/install/marker_interfacing/share/marker_interfacing/srv/EditMarker.srv
[4.530s] -- Up-to-date: /home/urc/new_GUI/install/marker_interfacing/share/marker_interfacing/srv/EditMarker_Request.msg
[4.530s] -- Up-to-date: /home/urc/new_GUI/install/marker_interfacing/share/marker_interfacing/srv/EditMarker_Response.msg
[4.530s] -- Up-to-date: /home/urc/new_GUI/install/marker_interfacing/share/marker_interfacing/srv/InsertMarker.srv
[4.530s] -- Up-to-date: /home/urc/new_GUI/install/marker_interfacing/share/marker_interfacing/srv/InsertMarker_Request.msg
[4.535s] -- Up-to-date: /home/urc/new_GUI/install/marker_interfacing/share/marker_interfacing/srv/InsertMarker_Response.msg
[4.535s] -- Up-to-date: /home/urc/new_GUI/install/marker_interfacing/share/marker_interfacing/srv/PlanHomeMarker.srv
[4.536s] -- Up-to-date: /home/urc/new_GUI/install/marker_interfacing/share/marker_interfacing/srv/PlanHomeMarker_Request.msg
[4.536s] -- Up-to-date: /home/urc/new_GUI/install/marker_interfacing/share/marker_interfacing/srv/PlanHomeMarker_Response.msg
[4.536s] -- Up-to-date: /home/urc/new_GUI/install/marker_interfacing/share/marker_interfacing/srv/PublishCurrentMarker.srv
[4.536s] -- Up-to-date: /home/urc/new_GUI/install/marker_interfacing/share/marker_interfacing/srv/PublishCurrentMarker_Request.msg
[4.536s] -- Up-to-date: /home/urc/new_GUI/install/marker_interfacing/share/marker_interfacing/srv/PublishCurrentMarker_Response.msg
[4.536s] -- Up-to-date: /home/urc/new_GUI/install/marker_interfacing/share/marker_interfacing/srv/RemoveCurrentMarker.srv
[4.536s] -- Up-to-date: /home/urc/new_GUI/install/marker_interfacing/share/marker_interfacing/srv/RemoveCurrentMarker_Request.msg
[4.537s] -- Up-to-date: /home/urc/new_GUI/install/marker_interfacing/share/marker_interfacing/srv/RemoveCurrentMarker_Response.msg
[4.537s] -- Up-to-date: /home/urc/new_GUI/install/marker_interfacing/share/marker_interfacing/srv/RemoveMarker.srv
[4.537s] -- Up-to-date: /home/urc/new_GUI/install/marker_interfacing/share/marker_interfacing/srv/RemoveMarker_Request.msg
[4.537s] -- Up-to-date: /home/urc/new_GUI/install/marker_interfacing/share/marker_interfacing/srv/RemoveMarker_Response.msg
[4.537s] -- Up-to-date: /home/urc/new_GUI/install/marker_interfacing/share/marker_interfacing/srv/ReorderMarker.srv
[4.537s] -- Up-to-date: /home/urc/new_GUI/install/marker_interfacing/share/marker_interfacing/srv/ReorderMarker_Request.msg
[4.537s] -- Up-to-date: /home/urc/new_GUI/install/marker_interfacing/share/marker_interfacing/srv/ReorderMarker_Response.msg
[4.537s] -- Up-to-date: /home/urc/new_GUI/install/marker_interfacing/share/marker_interfacing/srv/ReorderMarkers.srv
[4.537s] -- Up-to-date: /home/urc/new_GUI/install/marker_interfacing/share/marker_interfacing/srv/ReorderMarkers_Request.msg
[4.546s] -- Up-to-date: /home/urc/new_GUI/install/marker_interfacing/share/marker_interfacing/srv/ReorderMarkers_Response.msg
[4.546s] -- Up-to-date: /home/urc/new_GUI/install/marker_interfacing/share/ament_index/resource_index/package_run_dependencies/marker_interfacing
[4.546s] -- Up-to-date: /home/urc/new_GUI/install/marker_interfacing/share/ament_index/resource_index/parent_prefix_path/marker_interfacing
[4.546s] -- Up-to-date: /home/urc/new_GUI/install/marker_interfacing/share/marker_interfacing/environment/ament_prefix_path.sh
[4.547s] -- Up-to-date: /home/urc/new_GUI/install/marker_interfacing/share/marker_interfacing/environment/ament_prefix_path.dsv
[4.547s] -- Up-to-date: /home/urc/new_GUI/install/marker_interfacing/share/marker_interfacing/environment/path.sh
[4.547s] -- Up-to-date: /home/urc/new_GUI/install/marker_interfacing/share/marker_interfacing/environment/path.dsv
[4.547s] -- Up-to-date: /home/urc/new_GUI/install/marker_interfacing/share/marker_interfacing/local_setup.bash
[4.552s] -- Up-to-date: /home/urc/new_GUI/install/marker_interfacing/share/marker_interfacing/local_setup.sh
[4.552s] -- Up-to-date: /home/urc/new_GUI/install/marker_interfacing/share/marker_interfacing/local_setup.zsh
[4.552s] -- Up-to-date: /home/urc/new_GUI/install/marker_interfacing/share/marker_interfacing/local_setup.dsv
[4.553s] -- Installing: /home/urc/new_GUI/install/marker_interfacing/share/marker_interfacing/package.dsv
[4.553s] -- Up-to-date: /home/urc/new_GUI/install/marker_interfacing/share/ament_index/resource_index/packages/marker_interfacing
[4.553s] -- Up-to-date: /home/urc/new_GUI/install/marker_interfacing/share/marker_interfacing/cmake/export_marker_interfacing__rosidl_generator_cExport.cmake
[4.553s] -- Up-to-date: /home/urc/new_GUI/install/marker_interfacing/share/marker_interfacing/cmake/export_marker_interfacing__rosidl_generator_cExport-noconfig.cmake
[4.554s] -- Up-to-date: /home/urc/new_GUI/install/marker_interfacing/share/marker_interfacing/cmake/export_marker_interfacing__rosidl_typesupport_fastrtps_cExport.cmake
[4.554s] -- Up-to-date: /home/urc/new_GUI/install/marker_interfacing/share/marker_interfacing/cmake/export_marker_interfacing__rosidl_typesupport_fastrtps_cExport-noconfig.cmake
[4.554s] -- Up-to-date: /home/urc/new_GUI/install/marker_interfacing/share/marker_interfacing/cmake/marker_interfacing__rosidl_typesupport_introspection_cExport.cmake
[4.554s] -- Up-to-date: /home/urc/new_GUI/install/marker_interfacing/share/marker_interfacing/cmake/marker_interfacing__rosidl_typesupport_introspection_cExport-noconfig.cmake
[4.554s] -- Up-to-date: /home/urc/new_GUI/install/marker_interfacing/share/marker_interfacing/cmake/marker_interfacing__rosidl_typesupport_cExport.cmake
[4.554s] -- Up-to-date: /home/urc/new_GUI/install/marker_interfacing/share/marker_interfacing/cmake/marker_interfacing__rosidl_typesupport_cExport-noconfig.cmake
[4.555s] -- Up-to-date: /home/urc/new_GUI/install/marker_interfacing/share/marker_interfacing/cmake/export_marker_interfacing__rosidl_generator_cppExport.cmake
[4.555s] -- Up-to-date: /home/urc/new_GUI/install/marker_interfacing/share/marker_interfacing/cmake/export_marker_interfacing__rosidl_typesupport_fastrtps_cppExport.cmake
[4.555s] -- Up-to-date: /home/urc/new_GUI/install/marker_interfacing/share/marker_interfacing/cmake/export_marker_interfacing__rosidl_typesupport_fastrtps_cppExport-noconfig.cmake
[4.555s] -- Up-to-date: /home/urc/new_GUI/install/marker_interfacing/share/marker_interfacing/cmake/marker_interfacing__rosidl_typesupport_introspection_cppExport.cmake
[4.555s] -- Up-to-date: /home/urc/new_GUI/install/marker_interfacing/share/marker_interfacing/cmake/marker_interfacing__rosidl_typesupport_introspection_cppExport-noconfig.cmake
[4.555s] -- Up-to-date: /home/urc/new_GUI/install/marker_interfacing/share/marker_interfacing/cmake/marker_interfacing__rosidl_typesupport_cppExport.cmake
[4.555s] -- Up-to-date: /home/urc/new_GUI/install/marker_interfacing/share/marker_interfacing/cmake/marker_interfacing__rosidl_typesupport_cppExport-noconfig.cmake
[4.556s] -- Up-to-date: /home/urc/new_GUI/install/marker_interfacing/share/marker_interfacing/cmake/export_marker_interfacing__rosidl_generator_pyExport.cmake
[4.556s] -- Up-to-date: /home/urc/new_GUI/install/marker_interfacing/share/marker_interfacing/cmake/export_marker_interfacing__rosidl_generator_pyExport-noconfig.cmake
[4.561s] -- Up-to-date: /home/urc/new_GUI/install/marker_interfacing/share/marker_interfacing/cmake/rosidl_cmake-extras.cmake
[4.561s] -- Up-to-date: /home/urc/new_GUI/install/marker_interfacing/share/marker_interfacing/cmake/ament_cmake_export_dependencies-extras.cmake
[4.561s] -- Up-to-date: /home/urc/new_GUI/install/marker_interfacing/share/marker_interfacing/cmake/ament_cmake_export_include_directories-extras.cmake
[4.561s] -- Up-to-date: /home/urc/new_GUI/install/marker_interfacing/share/marker_interfacing/cmake/ament_cmake_export_libraries-extras.cmake
[4.561s] -- Up-to-date: /home/urc/new_GUI/install/marker_interfacing/share/marker_interfacing/cmake/ament_cmake_export_targets-extras.cmake
[4.562s] -- Up-to-date: /home/urc/new_GUI/install/marker_interfacing/share/marker_interfacing/cmake/rosidl_cmake_export_typesupport_targets-extras.cmake
[4.562s] -- Up-to-date: /home/urc/new_GUI/install/marker_interfacing/share/marker_interfacing/cmake/rosidl_cmake_export_typesupport_libraries-extras.cmake
[4.562s] -- Up-to-date: /home/urc/new_GUI/install/marker_interfacing/share/marker_interfacing/cmake/marker_interfacingConfig.cmake
[4.562s] -- Up-to-date: /home/urc/new_GUI/install/marker_interfacing/share/marker_interfacing/cmake/marker_interfacingConfig-version.cmake
[4.562s] -- Up-to-date: /home/urc/new_GUI/install/marker_interfacing/share/marker_interfacing/package.xml
[4.762s] Invoked command in '/home/urc/new_GUI/build/marker_interfacing' returned '0': CMAKE_PREFIX_PATH=/home/urc/test_ws/install/turtle_test:/home/urc/test_ws/install/roslink_test:/home/urc/new_GUI/install/gui_window:/opt/ros/humble:${CMAKE_PREFIX_PATH} /usr/bin/cmake --install /home/urc/new_GUI/build/marker_interfacing
