[0.312s] Invoking command in '/home/urc/new-GUI/build/marker_interfacing': CMAKE_PREFIX_PATH=/opt/ros/humble /usr/bin/cmake --build /home/urc/new-GUI/build/marker_interfacing -- -j4 -l4
[0.562s] [  0%] Built target marker_interfacing__cpp
[0.683s] [  0%] Built target ament_cmake_python_copy_marker_interfacing
[0.794s] [ 12%] Built target marker_interfacing__rosidl_generator_c
[0.912s] [ 24%] Built target marker_interfacing__rosidl_typesupport_cpp
[1.015s] [ 36%] Built target marker_interfacing__rosidl_typesupport_fastrtps_cpp
[1.068s] [ 48%] Built target marker_interfacing__rosidl_typesupport_introspection_cpp
[1.135s] [ 60%] Built target marker_interfacing__rosidl_typesupport_fastrtps_c
[1.244s] [ 72%] Built target marker_interfacing__rosidl_typesupport_introspection_c
[1.297s] [ 84%] Built target marker_interfacing__rosidl_typesupport_c
[1.541s] [ 84%] Built target marker_interfacing
[1.679s] [ 85%] Built target marker_interfacing__py
[1.849s] [ 96%] Built target marker_interfacing__rosidl_generator_py
[2.008s] [ 98%] Built target marker_interfacing__rosidl_typesupport_introspection_c__pyext
[2.027s] [ 99%] Built target marker_interfacing__rosidl_typesupport_fastrtps_c__pyext
[2.084s] [100%] Built target marker_interfacing__rosidl_typesupport_c__pyext
[2.283s] running egg_info
[2.285s] writing marker_interfacing.egg-info/PKG-INFO
[2.285s] writing dependency_links to marker_interfacing.egg-info/dependency_links.txt
[2.285s] writing top-level names to marker_interfacing.egg-info/top_level.txt
[2.300s] reading manifest file 'marker_interfacing.egg-info/SOURCES.txt'
[2.301s] writing manifest file 'marker_interfacing.egg-info/SOURCES.txt'
[2.366s] [100%] Built target ament_cmake_python_build_marker_interfacing_egg
[2.427s] Invoked command in '/home/urc/new-GUI/build/marker_interfacing' returned '0': CMAKE_PREFIX_PATH=/opt/ros/humble /usr/bin/cmake --build /home/urc/new-GUI/build/marker_interfacing -- -j4 -l4
[3.812s] Invoking command in '/home/urc/new-GUI/build/marker_interfacing': CMAKE_PREFIX_PATH=/opt/ros/humble /usr/bin/cmake --install /home/urc/new-GUI/build/marker_interfacing
[3.832s] -- Install configuration: ""
[3.839s] -- Up-to-date: /home/urc/new-GUI/install/marker_interfacing/share/ament_index/resource_index/rosidl_interfaces/marker_interfacing
[3.839s] -- Up-to-date: /home/urc/new-GUI/install/marker_interfacing/include/marker_interfacing/marker_interfacing
[3.839s] -- Up-to-date: /home/urc/new-GUI/install/marker_interfacing/include/marker_interfacing/marker_interfacing/msg
[3.839s] -- Up-to-date: /home/urc/new-GUI/install/marker_interfacing/include/marker_interfacing/marker_interfacing/msg/geodetic_marker_list.h
[3.840s] -- Up-to-date: /home/urc/new-GUI/install/marker_interfacing/include/marker_interfacing/marker_interfacing/msg/rosidl_generator_c__visibility_control.h
[3.845s] -- Up-to-date: /home/urc/new-GUI/install/marker_interfacing/include/marker_interfacing/marker_interfacing/msg/detail
[3.846s] -- Up-to-date: /home/urc/new-GUI/install/marker_interfacing/include/marker_interfacing/marker_interfacing/msg/detail/geodetic_marker_list__type_support.h
[3.846s] -- Up-to-date: /home/urc/new-GUI/install/marker_interfacing/include/marker_interfacing/marker_interfacing/msg/detail/enu_marker__functions.h
[3.846s] -- Up-to-date: /home/urc/new-GUI/install/marker_interfacing/include/marker_interfacing/marker_interfacing/msg/detail/enu_marker__type_support.h
[3.847s] -- Up-to-date: /home/urc/new-GUI/install/marker_interfacing/include/marker_interfacing/marker_interfacing/msg/detail/geodetic_marker__type_support.h
[3.847s] -- Up-to-date: /home/urc/new-GUI/install/marker_interfacing/include/marker_interfacing/marker_interfacing/msg/detail/geodetic_marker_list__functions.c
[3.847s] -- Up-to-date: /home/urc/new-GUI/install/marker_interfacing/include/marker_interfacing/marker_interfacing/msg/detail/geodetic_marker__struct.h
[3.847s] -- Up-to-date: /home/urc/new-GUI/install/marker_interfacing/include/marker_interfacing/marker_interfacing/msg/detail/enu_marker__struct.h
[3.847s] -- Up-to-date: /home/urc/new-GUI/install/marker_interfacing/include/marker_interfacing/marker_interfacing/msg/detail/geodetic_marker__functions.c
[3.847s] -- Up-to-date: /home/urc/new-GUI/install/marker_interfacing/include/marker_interfacing/marker_interfacing/msg/detail/geodetic_marker_list__struct.h
[3.847s] -- Up-to-date: /home/urc/new-GUI/install/marker_interfacing/include/marker_interfacing/marker_interfacing/msg/detail/enu_marker__functions.c
[3.847s] -- Up-to-date: /home/urc/new-GUI/install/marker_interfacing/include/marker_interfacing/marker_interfacing/msg/detail/geodetic_marker__functions.h
[3.848s] -- Up-to-date: /home/urc/new-GUI/install/marker_interfacing/include/marker_interfacing/marker_interfacing/msg/detail/geodetic_marker_list__functions.h
[3.848s] -- Up-to-date: /home/urc/new-GUI/install/marker_interfacing/include/marker_interfacing/marker_interfacing/msg/geodetic_marker.h
[3.848s] -- Up-to-date: /home/urc/new-GUI/install/marker_interfacing/include/marker_interfacing/marker_interfacing/msg/enu_marker.h
[3.848s] -- Up-to-date: /home/urc/new-GUI/install/marker_interfacing/include/marker_interfacing/marker_interfacing/srv
[3.848s] -- Up-to-date: /home/urc/new-GUI/install/marker_interfacing/include/marker_interfacing/marker_interfacing/srv/publish_current_marker.h
[3.848s] -- Up-to-date: /home/urc/new-GUI/install/marker_interfacing/include/marker_interfacing/marker_interfacing/srv/reorder_marker.h
[3.848s] -- Up-to-date: /home/urc/new-GUI/install/marker_interfacing/include/marker_interfacing/marker_interfacing/srv/insert_marker.h
[3.849s] -- Up-to-date: /home/urc/new-GUI/install/marker_interfacing/include/marker_interfacing/marker_interfacing/srv/reorder_markers.h
[3.849s] -- Up-to-date: /home/urc/new-GUI/install/marker_interfacing/include/marker_interfacing/marker_interfacing/srv/remove_marker.h
[3.849s] -- Up-to-date: /home/urc/new-GUI/install/marker_interfacing/include/marker_interfacing/marker_interfacing/srv/edit_marker.h
[3.849s] -- Up-to-date: /home/urc/new-GUI/install/marker_interfacing/include/marker_interfacing/marker_interfacing/srv/detail
[3.849s] -- Up-to-date: /home/urc/new-GUI/install/marker_interfacing/include/marker_interfacing/marker_interfacing/srv/detail/insert_marker__struct.h
[3.849s] -- Up-to-date: /home/urc/new-GUI/install/marker_interfacing/include/marker_interfacing/marker_interfacing/srv/detail/remove_current_marker__struct.h
[3.849s] -- Up-to-date: /home/urc/new-GUI/install/marker_interfacing/include/marker_interfacing/marker_interfacing/srv/detail/reorder_marker__type_support.h
[3.849s] -- Up-to-date: /home/urc/new-GUI/install/marker_interfacing/include/marker_interfacing/marker_interfacing/srv/detail/publish_current_marker__struct.h
[3.850s] -- Up-to-date: /home/urc/new-GUI/install/marker_interfacing/include/marker_interfacing/marker_interfacing/srv/detail/reorder_marker__functions.h
[3.850s] -- Up-to-date: /home/urc/new-GUI/install/marker_interfacing/include/marker_interfacing/marker_interfacing/srv/detail/insert_marker__functions.c
[3.850s] -- Up-to-date: /home/urc/new-GUI/install/marker_interfacing/include/marker_interfacing/marker_interfacing/srv/detail/remove_current_marker__functions.c
[3.850s] -- Up-to-date: /home/urc/new-GUI/install/marker_interfacing/include/marker_interfacing/marker_interfacing/srv/detail/clear_markers__functions.c
[3.850s] -- Up-to-date: /home/urc/new-GUI/install/marker_interfacing/include/marker_interfacing/marker_interfacing/srv/detail/plan_home_marker__functions.h
[3.850s] -- Up-to-date: /home/urc/new-GUI/install/marker_interfacing/include/marker_interfacing/marker_interfacing/srv/detail/remove_marker__functions.c
[3.850s] -- Up-to-date: /home/urc/new-GUI/install/marker_interfacing/include/marker_interfacing/marker_interfacing/srv/detail/clear_markers__functions.h
[3.851s] -- Up-to-date: /home/urc/new-GUI/install/marker_interfacing/include/marker_interfacing/marker_interfacing/srv/detail/edit_marker__type_support.h
[3.851s] -- Up-to-date: /home/urc/new-GUI/install/marker_interfacing/include/marker_interfacing/marker_interfacing/srv/detail/reorder_marker__functions.c
[3.851s] -- Up-to-date: /home/urc/new-GUI/install/marker_interfacing/include/marker_interfacing/marker_interfacing/srv/detail/clear_markers__type_support.h
[3.851s] -- Up-to-date: /home/urc/new-GUI/install/marker_interfacing/include/marker_interfacing/marker_interfacing/srv/detail/edit_marker__functions.h
[3.851s] -- Up-to-date: /home/urc/new-GUI/install/marker_interfacing/include/marker_interfacing/marker_interfacing/srv/detail/publish_current_marker__type_support.h
[3.852s] -- Up-to-date: /home/urc/new-GUI/install/marker_interfacing/include/marker_interfacing/marker_interfacing/srv/detail/reorder_marker__struct.h
[3.852s] -- Up-to-date: /home/urc/new-GUI/install/marker_interfacing/include/marker_interfacing/marker_interfacing/srv/detail/reorder_markers__functions.h
[3.852s] -- Up-to-date: /home/urc/new-GUI/install/marker_interfacing/include/marker_interfacing/marker_interfacing/srv/detail/remove_marker__type_support.h
[3.852s] -- Up-to-date: /home/urc/new-GUI/install/marker_interfacing/include/marker_interfacing/marker_interfacing/srv/detail/add_marker__functions.h
[3.852s] -- Up-to-date: /home/urc/new-GUI/install/marker_interfacing/include/marker_interfacing/marker_interfacing/srv/detail/plan_home_marker__struct.h
[3.852s] -- Up-to-date: /home/urc/new-GUI/install/marker_interfacing/include/marker_interfacing/marker_interfacing/srv/detail/insert_marker__type_support.h
[3.852s] -- Up-to-date: /home/urc/new-GUI/install/marker_interfacing/include/marker_interfacing/marker_interfacing/srv/detail/add_marker__struct.h
[3.852s] -- Up-to-date: /home/urc/new-GUI/install/marker_interfacing/include/marker_interfacing/marker_interfacing/srv/detail/reorder_markers__type_support.h
[3.852s] -- Up-to-date: /home/urc/new-GUI/install/marker_interfacing/include/marker_interfacing/marker_interfacing/srv/detail/remove_current_marker__type_support.h
[3.852s] -- Up-to-date: /home/urc/new-GUI/install/marker_interfacing/include/marker_interfacing/marker_interfacing/srv/detail/clear_markers__struct.h
[3.852s] -- Up-to-date: /home/urc/new-GUI/install/marker_interfacing/include/marker_interfacing/marker_interfacing/srv/detail/edit_marker__struct.h
[3.853s] -- Up-to-date: /home/urc/new-GUI/install/marker_interfacing/include/marker_interfacing/marker_interfacing/srv/detail/publish_current_marker__functions.h
[3.853s] -- Up-to-date: /home/urc/new-GUI/install/marker_interfacing/include/marker_interfacing/marker_interfacing/srv/detail/remove_marker__struct.h
[3.853s] -- Up-to-date: /home/urc/new-GUI/install/marker_interfacing/include/marker_interfacing/marker_interfacing/srv/detail/insert_marker__functions.h
[3.853s] -- Up-to-date: /home/urc/new-GUI/install/marker_interfacing/include/marker_interfacing/marker_interfacing/srv/detail/reorder_markers__functions.c
[3.853s] -- Up-to-date: /home/urc/new-GUI/install/marker_interfacing/include/marker_interfacing/marker_interfacing/srv/detail/reorder_markers__struct.h
[3.853s] -- Up-to-date: /home/urc/new-GUI/install/marker_interfacing/include/marker_interfacing/marker_interfacing/srv/detail/add_marker__type_support.h
[3.853s] -- Up-to-date: /home/urc/new-GUI/install/marker_interfacing/include/marker_interfacing/marker_interfacing/srv/detail/plan_home_marker__functions.c
[3.853s] -- Up-to-date: /home/urc/new-GUI/install/marker_interfacing/include/marker_interfacing/marker_interfacing/srv/detail/add_marker__functions.c
[3.854s] -- Up-to-date: /home/urc/new-GUI/install/marker_interfacing/include/marker_interfacing/marker_interfacing/srv/detail/publish_current_marker__functions.c
[3.854s] -- Up-to-date: /home/urc/new-GUI/install/marker_interfacing/include/marker_interfacing/marker_interfacing/srv/detail/remove_current_marker__functions.h
[3.854s] -- Up-to-date: /home/urc/new-GUI/install/marker_interfacing/include/marker_interfacing/marker_interfacing/srv/detail/edit_marker__functions.c
[3.854s] -- Up-to-date: /home/urc/new-GUI/install/marker_interfacing/include/marker_interfacing/marker_interfacing/srv/detail/plan_home_marker__type_support.h
[3.854s] -- Up-to-date: /home/urc/new-GUI/install/marker_interfacing/include/marker_interfacing/marker_interfacing/srv/detail/remove_marker__functions.h
[3.854s] -- Up-to-date: /home/urc/new-GUI/install/marker_interfacing/include/marker_interfacing/marker_interfacing/srv/add_marker.h
[3.857s] -- Up-to-date: /home/urc/new-GUI/install/marker_interfacing/include/marker_interfacing/marker_interfacing/srv/clear_markers.h
[3.857s] -- Up-to-date: /home/urc/new-GUI/install/marker_interfacing/include/marker_interfacing/marker_interfacing/srv/plan_home_marker.h
[3.857s] -- Up-to-date: /home/urc/new-GUI/install/marker_interfacing/include/marker_interfacing/marker_interfacing/srv/remove_current_marker.h
[3.857s] -- Up-to-date: /home/urc/new-GUI/install/marker_interfacing/share/marker_interfacing/environment/library_path.sh
[3.857s] -- Up-to-date: /home/urc/new-GUI/install/marker_interfacing/share/marker_interfacing/environment/library_path.dsv
[3.861s] -- Up-to-date: /home/urc/new-GUI/install/marker_interfacing/lib/libmarker_interfacing__rosidl_generator_c.so
[3.862s] -- Up-to-date: /home/urc/new-GUI/install/marker_interfacing/include/marker_interfacing/marker_interfacing
[3.862s] -- Up-to-date: /home/urc/new-GUI/install/marker_interfacing/include/marker_interfacing/marker_interfacing/msg
[3.862s] -- Up-to-date: /home/urc/new-GUI/install/marker_interfacing/include/marker_interfacing/marker_interfacing/msg/rosidl_typesupport_fastrtps_c__visibility_control.h
[3.863s] -- Up-to-date: /home/urc/new-GUI/install/marker_interfacing/include/marker_interfacing/marker_interfacing/msg/detail
[3.863s] -- Up-to-date: /home/urc/new-GUI/install/marker_interfacing/include/marker_interfacing/marker_interfacing/msg/detail/geodetic_marker_list__rosidl_typesupport_fastrtps_c.h
[3.863s] -- Up-to-date: /home/urc/new-GUI/install/marker_interfacing/include/marker_interfacing/marker_interfacing/msg/detail/enu_marker__rosidl_typesupport_fastrtps_c.h
[3.863s] -- Up-to-date: /home/urc/new-GUI/install/marker_interfacing/include/marker_interfacing/marker_interfacing/msg/detail/geodetic_marker__rosidl_typesupport_fastrtps_c.h
[3.863s] -- Up-to-date: /home/urc/new-GUI/install/marker_interfacing/include/marker_interfacing/marker_interfacing/srv
[3.863s] -- Up-to-date: /home/urc/new-GUI/install/marker_interfacing/include/marker_interfacing/marker_interfacing/srv/detail
[3.863s] -- Up-to-date: /home/urc/new-GUI/install/marker_interfacing/include/marker_interfacing/marker_interfacing/srv/detail/edit_marker__rosidl_typesupport_fastrtps_c.h
[3.863s] -- Up-to-date: /home/urc/new-GUI/install/marker_interfacing/include/marker_interfacing/marker_interfacing/srv/detail/insert_marker__rosidl_typesupport_fastrtps_c.h
[3.863s] -- Up-to-date: /home/urc/new-GUI/install/marker_interfacing/include/marker_interfacing/marker_interfacing/srv/detail/plan_home_marker__rosidl_typesupport_fastrtps_c.h
[3.864s] -- Up-to-date: /home/urc/new-GUI/install/marker_interfacing/include/marker_interfacing/marker_interfacing/srv/detail/publish_current_marker__rosidl_typesupport_fastrtps_c.h
[3.864s] -- Up-to-date: /home/urc/new-GUI/install/marker_interfacing/include/marker_interfacing/marker_interfacing/srv/detail/remove_marker__rosidl_typesupport_fastrtps_c.h
[3.864s] -- Up-to-date: /home/urc/new-GUI/install/marker_interfacing/include/marker_interfacing/marker_interfacing/srv/detail/clear_markers__rosidl_typesupport_fastrtps_c.h
[3.864s] -- Up-to-date: /home/urc/new-GUI/install/marker_interfacing/include/marker_interfacing/marker_interfacing/srv/detail/remove_current_marker__rosidl_typesupport_fastrtps_c.h
[3.864s] -- Up-to-date: /home/urc/new-GUI/install/marker_interfacing/include/marker_interfacing/marker_interfacing/srv/detail/add_marker__rosidl_typesupport_fastrtps_c.h
[3.864s] -- Up-to-date: /home/urc/new-GUI/install/marker_interfacing/include/marker_interfacing/marker_interfacing/srv/detail/reorder_markers__rosidl_typesupport_fastrtps_c.h
[3.864s] -- Up-to-date: /home/urc/new-GUI/install/marker_interfacing/include/marker_interfacing/marker_interfacing/srv/detail/reorder_marker__rosidl_typesupport_fastrtps_c.h
[3.875s] -- Up-to-date: /home/urc/new-GUI/install/marker_interfacing/lib/libmarker_interfacing__rosidl_typesupport_fastrtps_c.so
[3.875s] -- Up-to-date: /home/urc/new-GUI/install/marker_interfacing/include/marker_interfacing/marker_interfacing
[3.875s] -- Up-to-date: /home/urc/new-GUI/install/marker_interfacing/include/marker_interfacing/marker_interfacing/msg
[3.875s] -- Up-to-date: /home/urc/new-GUI/install/marker_interfacing/include/marker_interfacing/marker_interfacing/msg/rosidl_typesupport_introspection_c__visibility_control.h
[3.875s] -- Up-to-date: /home/urc/new-GUI/install/marker_interfacing/include/marker_interfacing/marker_interfacing/msg/detail
[3.875s] -- Up-to-date: /home/urc/new-GUI/install/marker_interfacing/include/marker_interfacing/marker_interfacing/msg/detail/geodetic_marker__type_support.c
[3.876s] -- Up-to-date: /home/urc/new-GUI/install/marker_interfacing/include/marker_interfacing/marker_interfacing/msg/detail/enu_marker__rosidl_typesupport_introspection_c.h
[3.876s] -- Up-to-date: /home/urc/new-GUI/install/marker_interfacing/include/marker_interfacing/marker_interfacing/msg/detail/geodetic_marker__rosidl_typesupport_introspection_c.h
[3.876s] -- Up-to-date: /home/urc/new-GUI/install/marker_interfacing/include/marker_interfacing/marker_interfacing/msg/detail/enu_marker__type_support.c
[3.876s] -- Up-to-date: /home/urc/new-GUI/install/marker_interfacing/include/marker_interfacing/marker_interfacing/msg/detail/geodetic_marker_list__rosidl_typesupport_introspection_c.h
[3.884s] -- Up-to-date: /home/urc/new-GUI/install/marker_interfacing/include/marker_interfacing/marker_interfacing/msg/detail/geodetic_marker_list__type_support.c
[3.884s] -- Up-to-date: /home/urc/new-GUI/install/marker_interfacing/include/marker_interfacing/marker_interfacing/srv
[3.884s] -- Up-to-date: /home/urc/new-GUI/install/marker_interfacing/include/marker_interfacing/marker_interfacing/srv/detail
[3.884s] -- Up-to-date: /home/urc/new-GUI/install/marker_interfacing/include/marker_interfacing/marker_interfacing/srv/detail/reorder_marker__type_support.c
[3.884s] -- Up-to-date: /home/urc/new-GUI/install/marker_interfacing/include/marker_interfacing/marker_interfacing/srv/detail/reorder_markers__type_support.c
[3.884s] -- Up-to-date: /home/urc/new-GUI/install/marker_interfacing/include/marker_interfacing/marker_interfacing/srv/detail/insert_marker__type_support.c
[3.885s] -- Up-to-date: /home/urc/new-GUI/install/marker_interfacing/include/marker_interfacing/marker_interfacing/srv/detail/edit_marker__rosidl_typesupport_introspection_c.h
[3.885s] -- Up-to-date: /home/urc/new-GUI/install/marker_interfacing/include/marker_interfacing/marker_interfacing/srv/detail/reorder_markers__rosidl_typesupport_introspection_c.h
[3.885s] -- Up-to-date: /home/urc/new-GUI/install/marker_interfacing/include/marker_interfacing/marker_interfacing/srv/detail/plan_home_marker__rosidl_typesupport_introspection_c.h
[3.885s] -- Up-to-date: /home/urc/new-GUI/install/marker_interfacing/include/marker_interfacing/marker_interfacing/srv/detail/publish_current_marker__type_support.c
[3.885s] -- Up-to-date: /home/urc/new-GUI/install/marker_interfacing/include/marker_interfacing/marker_interfacing/srv/detail/remove_current_marker__type_support.c
[3.885s] -- Up-to-date: /home/urc/new-GUI/install/marker_interfacing/include/marker_interfacing/marker_interfacing/srv/detail/clear_markers__rosidl_typesupport_introspection_c.h
[3.885s] -- Up-to-date: /home/urc/new-GUI/install/marker_interfacing/include/marker_interfacing/marker_interfacing/srv/detail/publish_current_marker__rosidl_typesupport_introspection_c.h
[3.885s] -- Up-to-date: /home/urc/new-GUI/install/marker_interfacing/include/marker_interfacing/marker_interfacing/srv/detail/reorder_marker__rosidl_typesupport_introspection_c.h
[3.885s] -- Up-to-date: /home/urc/new-GUI/install/marker_interfacing/include/marker_interfacing/marker_interfacing/srv/detail/insert_marker__rosidl_typesupport_introspection_c.h
[3.885s] -- Up-to-date: /home/urc/new-GUI/install/marker_interfacing/include/marker_interfacing/marker_interfacing/srv/detail/add_marker__type_support.c
[3.885s] -- Up-to-date: /home/urc/new-GUI/install/marker_interfacing/include/marker_interfacing/marker_interfacing/srv/detail/edit_marker__type_support.c
[3.886s] -- Up-to-date: /home/urc/new-GUI/install/marker_interfacing/include/marker_interfacing/marker_interfacing/srv/detail/clear_markers__type_support.c
[3.886s] -- Up-to-date: /home/urc/new-GUI/install/marker_interfacing/include/marker_interfacing/marker_interfacing/srv/detail/remove_marker__rosidl_typesupport_introspection_c.h
[3.886s] -- Up-to-date: /home/urc/new-GUI/install/marker_interfacing/include/marker_interfacing/marker_interfacing/srv/detail/plan_home_marker__type_support.c
[3.886s] -- Up-to-date: /home/urc/new-GUI/install/marker_interfacing/include/marker_interfacing/marker_interfacing/srv/detail/add_marker__rosidl_typesupport_introspection_c.h
[3.886s] -- Up-to-date: /home/urc/new-GUI/install/marker_interfacing/include/marker_interfacing/marker_interfacing/srv/detail/remove_marker__type_support.c
[3.886s] -- Up-to-date: /home/urc/new-GUI/install/marker_interfacing/include/marker_interfacing/marker_interfacing/srv/detail/remove_current_marker__rosidl_typesupport_introspection_c.h
[3.895s] -- Up-to-date: /home/urc/new-GUI/install/marker_interfacing/lib/libmarker_interfacing__rosidl_typesupport_introspection_c.so
[3.905s] -- Up-to-date: /home/urc/new-GUI/install/marker_interfacing/lib/libmarker_interfacing__rosidl_typesupport_c.so
[3.905s] -- Up-to-date: /home/urc/new-GUI/install/marker_interfacing/include/marker_interfacing/marker_interfacing
[3.905s] -- Up-to-date: /home/urc/new-GUI/install/marker_interfacing/include/marker_interfacing/marker_interfacing/msg
[3.905s] -- Up-to-date: /home/urc/new-GUI/install/marker_interfacing/include/marker_interfacing/marker_interfacing/msg/enu_marker.hpp
[3.905s] -- Up-to-date: /home/urc/new-GUI/install/marker_interfacing/include/marker_interfacing/marker_interfacing/msg/geodetic_marker_list.hpp
[3.905s] -- Up-to-date: /home/urc/new-GUI/install/marker_interfacing/include/marker_interfacing/marker_interfacing/msg/detail
[3.905s] -- Up-to-date: /home/urc/new-GUI/install/marker_interfacing/include/marker_interfacing/marker_interfacing/msg/detail/geodetic_marker_list__traits.hpp
[3.905s] -- Up-to-date: /home/urc/new-GUI/install/marker_interfacing/include/marker_interfacing/marker_interfacing/msg/detail/geodetic_marker_list__struct.hpp
[3.906s] -- Up-to-date: /home/urc/new-GUI/install/marker_interfacing/include/marker_interfacing/marker_interfacing/msg/detail/enu_marker__traits.hpp
[3.906s] -- Up-to-date: /home/urc/new-GUI/install/marker_interfacing/include/marker_interfacing/marker_interfacing/msg/detail/geodetic_marker__struct.hpp
[3.906s] -- Up-to-date: /home/urc/new-GUI/install/marker_interfacing/include/marker_interfacing/marker_interfacing/msg/detail/enu_marker__builder.hpp
[3.906s] -- Up-to-date: /home/urc/new-GUI/install/marker_interfacing/include/marker_interfacing/marker_interfacing/msg/detail/geodetic_marker__builder.hpp
[3.906s] -- Up-to-date: /home/urc/new-GUI/install/marker_interfacing/include/marker_interfacing/marker_interfacing/msg/detail/geodetic_marker_list__builder.hpp
[3.906s] -- Up-to-date: /home/urc/new-GUI/install/marker_interfacing/include/marker_interfacing/marker_interfacing/msg/detail/enu_marker__struct.hpp
[3.906s] -- Up-to-date: /home/urc/new-GUI/install/marker_interfacing/include/marker_interfacing/marker_interfacing/msg/detail/geodetic_marker__traits.hpp
[3.906s] -- Up-to-date: /home/urc/new-GUI/install/marker_interfacing/include/marker_interfacing/marker_interfacing/msg/geodetic_marker.hpp
[3.906s] -- Up-to-date: /home/urc/new-GUI/install/marker_interfacing/include/marker_interfacing/marker_interfacing/srv
[3.906s] -- Up-to-date: /home/urc/new-GUI/install/marker_interfacing/include/marker_interfacing/marker_interfacing/srv/insert_marker.hpp
[3.906s] -- Up-to-date: /home/urc/new-GUI/install/marker_interfacing/include/marker_interfacing/marker_interfacing/srv/edit_marker.hpp
[3.907s] -- Up-to-date: /home/urc/new-GUI/install/marker_interfacing/include/marker_interfacing/marker_interfacing/srv/remove_marker.hpp
[3.907s] -- Up-to-date: /home/urc/new-GUI/install/marker_interfacing/include/marker_interfacing/marker_interfacing/srv/plan_home_marker.hpp
[3.907s] -- Up-to-date: /home/urc/new-GUI/install/marker_interfacing/include/marker_interfacing/marker_interfacing/srv/reorder_markers.hpp
[3.907s] -- Up-to-date: /home/urc/new-GUI/install/marker_interfacing/include/marker_interfacing/marker_interfacing/srv/publish_current_marker.hpp
[3.907s] -- Up-to-date: /home/urc/new-GUI/install/marker_interfacing/include/marker_interfacing/marker_interfacing/srv/reorder_marker.hpp
[3.907s] -- Up-to-date: /home/urc/new-GUI/install/marker_interfacing/include/marker_interfacing/marker_interfacing/srv/remove_current_marker.hpp
[3.907s] -- Up-to-date: /home/urc/new-GUI/install/marker_interfacing/include/marker_interfacing/marker_interfacing/srv/detail
[3.908s] -- Up-to-date: /home/urc/new-GUI/install/marker_interfacing/include/marker_interfacing/marker_interfacing/srv/detail/insert_marker__traits.hpp
[3.908s] -- Up-to-date: /home/urc/new-GUI/install/marker_interfacing/include/marker_interfacing/marker_interfacing/srv/detail/remove_marker__builder.hpp
[3.908s] -- Up-to-date: /home/urc/new-GUI/install/marker_interfacing/include/marker_interfacing/marker_interfacing/srv/detail/remove_current_marker__traits.hpp
[3.908s] -- Up-to-date: /home/urc/new-GUI/install/marker_interfacing/include/marker_interfacing/marker_interfacing/srv/detail/reorder_marker__struct.hpp
[3.908s] -- Up-to-date: /home/urc/new-GUI/install/marker_interfacing/include/marker_interfacing/marker_interfacing/srv/detail/remove_current_marker__struct.hpp
[3.908s] -- Up-to-date: /home/urc/new-GUI/install/marker_interfacing/include/marker_interfacing/marker_interfacing/srv/detail/remove_marker__struct.hpp
[3.908s] -- Up-to-date: /home/urc/new-GUI/install/marker_interfacing/include/marker_interfacing/marker_interfacing/srv/detail/reorder_markers__builder.hpp
[3.908s] -- Up-to-date: /home/urc/new-GUI/install/marker_interfacing/include/marker_interfacing/marker_interfacing/srv/detail/edit_marker__struct.hpp
[3.909s] -- Up-to-date: /home/urc/new-GUI/install/marker_interfacing/include/marker_interfacing/marker_interfacing/srv/detail/publish_current_marker__struct.hpp
[3.909s] -- Up-to-date: /home/urc/new-GUI/install/marker_interfacing/include/marker_interfacing/marker_interfacing/srv/detail/add_marker__traits.hpp
[3.909s] -- Up-to-date: /home/urc/new-GUI/install/marker_interfacing/include/marker_interfacing/marker_interfacing/srv/detail/add_marker__builder.hpp
[3.909s] -- Up-to-date: /home/urc/new-GUI/install/marker_interfacing/include/marker_interfacing/marker_interfacing/srv/detail/edit_marker__traits.hpp
[3.909s] -- Up-to-date: /home/urc/new-GUI/install/marker_interfacing/include/marker_interfacing/marker_interfacing/srv/detail/edit_marker__builder.hpp
[3.909s] -- Up-to-date: /home/urc/new-GUI/install/marker_interfacing/include/marker_interfacing/marker_interfacing/srv/detail/clear_markers__traits.hpp
[3.909s] -- Up-to-date: /home/urc/new-GUI/install/marker_interfacing/include/marker_interfacing/marker_interfacing/srv/detail/publish_current_marker__traits.hpp
[3.909s] -- Up-to-date: /home/urc/new-GUI/install/marker_interfacing/include/marker_interfacing/marker_interfacing/srv/detail/clear_markers__builder.hpp
[3.917s] -- Up-to-date: /home/urc/new-GUI/install/marker_interfacing/include/marker_interfacing/marker_interfacing/srv/detail/plan_home_marker__builder.hpp
[3.918s] -- Up-to-date: /home/urc/new-GUI/install/marker_interfacing/include/marker_interfacing/marker_interfacing/srv/detail/reorder_markers__struct.hpp
[3.918s] -- Up-to-date: /home/urc/new-GUI/install/marker_interfacing/include/marker_interfacing/marker_interfacing/srv/detail/reorder_markers__traits.hpp
[3.918s] -- Up-to-date: /home/urc/new-GUI/install/marker_interfacing/include/marker_interfacing/marker_interfacing/srv/detail/insert_marker__builder.hpp
[3.918s] -- Up-to-date: /home/urc/new-GUI/install/marker_interfacing/include/marker_interfacing/marker_interfacing/srv/detail/remove_current_marker__builder.hpp
[3.918s] -- Up-to-date: /home/urc/new-GUI/install/marker_interfacing/include/marker_interfacing/marker_interfacing/srv/detail/publish_current_marker__builder.hpp
[3.918s] -- Up-to-date: /home/urc/new-GUI/install/marker_interfacing/include/marker_interfacing/marker_interfacing/srv/detail/insert_marker__struct.hpp
[3.919s] -- Up-to-date: /home/urc/new-GUI/install/marker_interfacing/include/marker_interfacing/marker_interfacing/srv/detail/plan_home_marker__struct.hpp
[3.919s] -- Up-to-date: /home/urc/new-GUI/install/marker_interfacing/include/marker_interfacing/marker_interfacing/srv/detail/clear_markers__struct.hpp
[3.919s] -- Up-to-date: /home/urc/new-GUI/install/marker_interfacing/include/marker_interfacing/marker_interfacing/srv/detail/add_marker__struct.hpp
[3.919s] -- Up-to-date: /home/urc/new-GUI/install/marker_interfacing/include/marker_interfacing/marker_interfacing/srv/detail/plan_home_marker__traits.hpp
[3.919s] -- Up-to-date: /home/urc/new-GUI/install/marker_interfacing/include/marker_interfacing/marker_interfacing/srv/detail/reorder_marker__builder.hpp
[3.919s] -- Up-to-date: /home/urc/new-GUI/install/marker_interfacing/include/marker_interfacing/marker_interfacing/srv/detail/remove_marker__traits.hpp
[3.920s] -- Up-to-date: /home/urc/new-GUI/install/marker_interfacing/include/marker_interfacing/marker_interfacing/srv/detail/reorder_marker__traits.hpp
[3.920s] -- Up-to-date: /home/urc/new-GUI/install/marker_interfacing/include/marker_interfacing/marker_interfacing/srv/add_marker.hpp
[3.920s] -- Up-to-date: /home/urc/new-GUI/install/marker_interfacing/include/marker_interfacing/marker_interfacing/srv/clear_markers.hpp
[3.920s] -- Up-to-date: /home/urc/new-GUI/install/marker_interfacing/include/marker_interfacing/marker_interfacing
[3.920s] -- Up-to-date: /home/urc/new-GUI/install/marker_interfacing/include/marker_interfacing/marker_interfacing/msg
[3.920s] -- Up-to-date: /home/urc/new-GUI/install/marker_interfacing/include/marker_interfacing/marker_interfacing/msg/rosidl_typesupport_fastrtps_cpp__visibility_control.h
[3.920s] -- Up-to-date: /home/urc/new-GUI/install/marker_interfacing/include/marker_interfacing/marker_interfacing/msg/detail
[3.921s] -- Up-to-date: /home/urc/new-GUI/install/marker_interfacing/include/marker_interfacing/marker_interfacing/msg/detail/geodetic_marker__rosidl_typesupport_fastrtps_cpp.hpp
[3.921s] -- Up-to-date: /home/urc/new-GUI/install/marker_interfacing/include/marker_interfacing/marker_interfacing/msg/detail/geodetic_marker_list__rosidl_typesupport_fastrtps_cpp.hpp
[3.921s] -- Up-to-date: /home/urc/new-GUI/install/marker_interfacing/include/marker_interfacing/marker_interfacing/msg/detail/dds_fastrtps
[3.921s] -- Up-to-date: /home/urc/new-GUI/install/marker_interfacing/include/marker_interfacing/marker_interfacing/msg/detail/enu_marker__rosidl_typesupport_fastrtps_cpp.hpp
[3.921s] -- Up-to-date: /home/urc/new-GUI/install/marker_interfacing/include/marker_interfacing/marker_interfacing/srv
[3.921s] -- Up-to-date: /home/urc/new-GUI/install/marker_interfacing/include/marker_interfacing/marker_interfacing/srv/detail
[3.922s] -- Up-to-date: /home/urc/new-GUI/install/marker_interfacing/include/marker_interfacing/marker_interfacing/srv/detail/reorder_marker__rosidl_typesupport_fastrtps_cpp.hpp
[3.922s] -- Up-to-date: /home/urc/new-GUI/install/marker_interfacing/include/marker_interfacing/marker_interfacing/srv/detail/remove_marker__rosidl_typesupport_fastrtps_cpp.hpp
[3.922s] -- Up-to-date: /home/urc/new-GUI/install/marker_interfacing/include/marker_interfacing/marker_interfacing/srv/detail/remove_current_marker__rosidl_typesupport_fastrtps_cpp.hpp
[3.922s] -- Up-to-date: /home/urc/new-GUI/install/marker_interfacing/include/marker_interfacing/marker_interfacing/srv/detail/add_marker__rosidl_typesupport_fastrtps_cpp.hpp
[3.922s] -- Up-to-date: /home/urc/new-GUI/install/marker_interfacing/include/marker_interfacing/marker_interfacing/srv/detail/publish_current_marker__rosidl_typesupport_fastrtps_cpp.hpp
[3.922s] -- Up-to-date: /home/urc/new-GUI/install/marker_interfacing/include/marker_interfacing/marker_interfacing/srv/detail/insert_marker__rosidl_typesupport_fastrtps_cpp.hpp
[3.923s] -- Up-to-date: /home/urc/new-GUI/install/marker_interfacing/include/marker_interfacing/marker_interfacing/srv/detail/reorder_markers__rosidl_typesupport_fastrtps_cpp.hpp
[3.923s] -- Up-to-date: /home/urc/new-GUI/install/marker_interfacing/include/marker_interfacing/marker_interfacing/srv/detail/clear_markers__rosidl_typesupport_fastrtps_cpp.hpp
[3.923s] -- Up-to-date: /home/urc/new-GUI/install/marker_interfacing/include/marker_interfacing/marker_interfacing/srv/detail/dds_fastrtps
[3.923s] -- Up-to-date: /home/urc/new-GUI/install/marker_interfacing/include/marker_interfacing/marker_interfacing/srv/detail/edit_marker__rosidl_typesupport_fastrtps_cpp.hpp
[3.923s] -- Up-to-date: /home/urc/new-GUI/install/marker_interfacing/include/marker_interfacing/marker_interfacing/srv/detail/plan_home_marker__rosidl_typesupport_fastrtps_cpp.hpp
[3.923s] -- Up-to-date: /home/urc/new-GUI/install/marker_interfacing/lib/libmarker_interfacing__rosidl_typesupport_fastrtps_cpp.so
[3.924s] -- Up-to-date: /home/urc/new-GUI/install/marker_interfacing/include/marker_interfacing/marker_interfacing
[3.924s] -- Up-to-date: /home/urc/new-GUI/install/marker_interfacing/include/marker_interfacing/marker_interfacing/msg
[3.926s] -- Up-to-date: /home/urc/new-GUI/install/marker_interfacing/include/marker_interfacing/marker_interfacing/msg/detail
[3.926s] -- Up-to-date: /home/urc/new-GUI/install/marker_interfacing/include/marker_interfacing/marker_interfacing/msg/detail/geodetic_marker_list__type_support.cpp
[3.926s] -- Up-to-date: /home/urc/new-GUI/install/marker_interfacing/include/marker_interfacing/marker_interfacing/msg/detail/geodetic_marker__type_support.cpp
[3.926s] -- Up-to-date: /home/urc/new-GUI/install/marker_interfacing/include/marker_interfacing/marker_interfacing/msg/detail/geodetic_marker__rosidl_typesupport_introspection_cpp.hpp
[3.926s] -- Up-to-date: /home/urc/new-GUI/install/marker_interfacing/include/marker_interfacing/marker_interfacing/msg/detail/enu_marker__rosidl_typesupport_introspection_cpp.hpp
[3.927s] -- Up-to-date: /home/urc/new-GUI/install/marker_interfacing/include/marker_interfacing/marker_interfacing/msg/detail/enu_marker__type_support.cpp
[3.927s] -- Up-to-date: /home/urc/new-GUI/install/marker_interfacing/include/marker_interfacing/marker_interfacing/msg/detail/geodetic_marker_list__rosidl_typesupport_introspection_cpp.hpp
[3.927s] -- Up-to-date: /home/urc/new-GUI/install/marker_interfacing/include/marker_interfacing/marker_interfacing/srv
[3.927s] -- Up-to-date: /home/urc/new-GUI/install/marker_interfacing/include/marker_interfacing/marker_interfacing/srv/detail
[3.927s] -- Up-to-date: /home/urc/new-GUI/install/marker_interfacing/include/marker_interfacing/marker_interfacing/srv/detail/reorder_marker__type_support.cpp
[3.927s] -- Up-to-date: /home/urc/new-GUI/install/marker_interfacing/include/marker_interfacing/marker_interfacing/srv/detail/reorder_marker__rosidl_typesupport_introspection_cpp.hpp
[3.928s] -- Up-to-date: /home/urc/new-GUI/install/marker_interfacing/include/marker_interfacing/marker_interfacing/srv/detail/remove_current_marker__rosidl_typesupport_introspection_cpp.hpp
[3.928s] -- Up-to-date: /home/urc/new-GUI/install/marker_interfacing/include/marker_interfacing/marker_interfacing/srv/detail/reorder_markers__rosidl_typesupport_introspection_cpp.hpp
[3.928s] -- Up-to-date: /home/urc/new-GUI/install/marker_interfacing/include/marker_interfacing/marker_interfacing/srv/detail/clear_markers__rosidl_typesupport_introspection_cpp.hpp
[3.928s] -- Up-to-date: /home/urc/new-GUI/install/marker_interfacing/include/marker_interfacing/marker_interfacing/srv/detail/add_marker__rosidl_typesupport_introspection_cpp.hpp
[3.928s] -- Up-to-date: /home/urc/new-GUI/install/marker_interfacing/include/marker_interfacing/marker_interfacing/srv/detail/insert_marker__rosidl_typesupport_introspection_cpp.hpp
[3.928s] -- Up-to-date: /home/urc/new-GUI/install/marker_interfacing/include/marker_interfacing/marker_interfacing/srv/detail/edit_marker__rosidl_typesupport_introspection_cpp.hpp
[3.929s] -- Up-to-date: /home/urc/new-GUI/install/marker_interfacing/include/marker_interfacing/marker_interfacing/srv/detail/clear_markers__type_support.cpp
[3.929s] -- Up-to-date: /home/urc/new-GUI/install/marker_interfacing/include/marker_interfacing/marker_interfacing/srv/detail/insert_marker__type_support.cpp
[3.929s] -- Up-to-date: /home/urc/new-GUI/install/marker_interfacing/include/marker_interfacing/marker_interfacing/srv/detail/add_marker__type_support.cpp
[3.930s] -- Up-to-date: /home/urc/new-GUI/install/marker_interfacing/include/marker_interfacing/marker_interfacing/srv/detail/publish_current_marker__rosidl_typesupport_introspection_cpp.hpp
[3.930s] -- Up-to-date: /home/urc/new-GUI/install/marker_interfacing/include/marker_interfacing/marker_interfacing/srv/detail/edit_marker__type_support.cpp
[3.930s] -- Up-to-date: /home/urc/new-GUI/install/marker_interfacing/include/marker_interfacing/marker_interfacing/srv/detail/remove_marker__rosidl_typesupport_introspection_cpp.hpp
[3.930s] -- Up-to-date: /home/urc/new-GUI/install/marker_interfacing/include/marker_interfacing/marker_interfacing/srv/detail/reorder_markers__type_support.cpp
[3.931s] -- Up-to-date: /home/urc/new-GUI/install/marker_interfacing/include/marker_interfacing/marker_interfacing/srv/detail/plan_home_marker__type_support.cpp
[3.931s] -- Up-to-date: /home/urc/new-GUI/install/marker_interfacing/include/marker_interfacing/marker_interfacing/srv/detail/publish_current_marker__type_support.cpp
[3.931s] -- Up-to-date: /home/urc/new-GUI/install/marker_interfacing/include/marker_interfacing/marker_interfacing/srv/detail/remove_marker__type_support.cpp
[3.931s] -- Up-to-date: /home/urc/new-GUI/install/marker_interfacing/include/marker_interfacing/marker_interfacing/srv/detail/remove_current_marker__type_support.cpp
[3.931s] -- Up-to-date: /home/urc/new-GUI/install/marker_interfacing/include/marker_interfacing/marker_interfacing/srv/detail/plan_home_marker__rosidl_typesupport_introspection_cpp.hpp
[3.951s] -- Up-to-date: /home/urc/new-GUI/install/marker_interfacing/lib/libmarker_interfacing__rosidl_typesupport_introspection_cpp.so
[3.963s] -- Up-to-date: /home/urc/new-GUI/install/marker_interfacing/lib/libmarker_interfacing__rosidl_typesupport_cpp.so
[3.963s] -- Up-to-date: /home/urc/new-GUI/install/marker_interfacing/share/marker_interfacing/environment/pythonpath.sh
[3.963s] -- Up-to-date: /home/urc/new-GUI/install/marker_interfacing/share/marker_interfacing/environment/pythonpath.dsv
[3.975s] -- Up-to-date: /home/urc/new-GUI/install/marker_interfacing/local/lib/python3.10/dist-packages/marker_interfacing-0.0.0-py3.10.egg-info
[3.983s] -- Installing: /home/urc/new-GUI/install/marker_interfacing/local/lib/python3.10/dist-packages/marker_interfacing-0.0.0-py3.10.egg-info/PKG-INFO
[3.983s] -- Installing: /home/urc/new-GUI/install/marker_interfacing/local/lib/python3.10/dist-packages/marker_interfacing-0.0.0-py3.10.egg-info/dependency_links.txt
[3.983s] -- Installing: /home/urc/new-GUI/install/marker_interfacing/local/lib/python3.10/dist-packages/marker_interfacing-0.0.0-py3.10.egg-info/top_level.txt
[3.984s] -- Installing: /home/urc/new-GUI/install/marker_interfacing/local/lib/python3.10/dist-packages/marker_interfacing-0.0.0-py3.10.egg-info/SOURCES.txt
[3.984s] -- Up-to-date: /home/urc/new-GUI/install/marker_interfacing/local/lib/python3.10/dist-packages/marker_interfacing
[3.984s] -- Up-to-date: /home/urc/new-GUI/install/marker_interfacing/local/lib/python3.10/dist-packages/marker_interfacing/libmarker_interfacing__rosidl_generator_py.so
[3.984s] -- Up-to-date: /home/urc/new-GUI/install/marker_interfacing/local/lib/python3.10/dist-packages/marker_interfacing/marker_interfacing_s__rosidl_typesupport_c.cpython-310-x86_64-linux-gnu.so
[3.984s] -- Up-to-date: /home/urc/new-GUI/install/marker_interfacing/local/lib/python3.10/dist-packages/marker_interfacing/_marker_interfacing_s.ep.rosidl_typesupport_fastrtps_c.c
[3.984s] -- Up-to-date: /home/urc/new-GUI/install/marker_interfacing/local/lib/python3.10/dist-packages/marker_interfacing/msg
[3.993s] -- Up-to-date: /home/urc/new-GUI/install/marker_interfacing/local/lib/python3.10/dist-packages/marker_interfacing/msg/_enu_marker.py
[3.993s] -- Up-to-date: /home/urc/new-GUI/install/marker_interfacing/local/lib/python3.10/dist-packages/marker_interfacing/msg/_enu_marker_s.c
[3.994s] -- Up-to-date: /home/urc/new-GUI/install/marker_interfacing/local/lib/python3.10/dist-packages/marker_interfacing/msg/_geodetic_marker_s.c
[3.994s] -- Up-to-date: /home/urc/new-GUI/install/marker_interfacing/local/lib/python3.10/dist-packages/marker_interfacing/msg/__init__.py
[3.994s] -- Up-to-date: /home/urc/new-GUI/install/marker_interfacing/local/lib/python3.10/dist-packages/marker_interfacing/msg/_geodetic_marker.py
[3.994s] -- Up-to-date: /home/urc/new-GUI/install/marker_interfacing/local/lib/python3.10/dist-packages/marker_interfacing/msg/_geodetic_marker_list_s.c
[3.994s] -- Up-to-date: /home/urc/new-GUI/install/marker_interfacing/local/lib/python3.10/dist-packages/marker_interfacing/msg/_geodetic_marker_list.py
[3.994s] -- Up-to-date: /home/urc/new-GUI/install/marker_interfacing/local/lib/python3.10/dist-packages/marker_interfacing/__init__.py
[3.994s] -- Up-to-date: /home/urc/new-GUI/install/marker_interfacing/local/lib/python3.10/dist-packages/marker_interfacing/_marker_interfacing_s.ep.rosidl_typesupport_introspection_c.c
[3.994s] -- Up-to-date: /home/urc/new-GUI/install/marker_interfacing/local/lib/python3.10/dist-packages/marker_interfacing/marker_interfacing_s__rosidl_typesupport_introspection_c.cpython-310-x86_64-linux-gnu.so
[3.994s] -- Up-to-date: /home/urc/new-GUI/install/marker_interfacing/local/lib/python3.10/dist-packages/marker_interfacing/srv
[3.994s] -- Up-to-date: /home/urc/new-GUI/install/marker_interfacing/local/lib/python3.10/dist-packages/marker_interfacing/srv/_remove_current_marker.py
[3.995s] -- Up-to-date: /home/urc/new-GUI/install/marker_interfacing/local/lib/python3.10/dist-packages/marker_interfacing/srv/_add_marker_s.c
[3.995s] -- Up-to-date: /home/urc/new-GUI/install/marker_interfacing/local/lib/python3.10/dist-packages/marker_interfacing/srv/_plan_home_marker_s.c
[3.995s] -- Up-to-date: /home/urc/new-GUI/install/marker_interfacing/local/lib/python3.10/dist-packages/marker_interfacing/srv/_remove_marker.py
[3.995s] -- Up-to-date: /home/urc/new-GUI/install/marker_interfacing/local/lib/python3.10/dist-packages/marker_interfacing/srv/_insert_marker.py
[3.995s] -- Up-to-date: /home/urc/new-GUI/install/marker_interfacing/local/lib/python3.10/dist-packages/marker_interfacing/srv/_remove_marker_s.c
[3.995s] -- Up-to-date: /home/urc/new-GUI/install/marker_interfacing/local/lib/python3.10/dist-packages/marker_interfacing/srv/__init__.py
[3.995s] -- Up-to-date: /home/urc/new-GUI/install/marker_interfacing/local/lib/python3.10/dist-packages/marker_interfacing/srv/_remove_current_marker_s.c
[3.995s] -- Up-to-date: /home/urc/new-GUI/install/marker_interfacing/local/lib/python3.10/dist-packages/marker_interfacing/srv/_clear_markers.py
[3.995s] -- Up-to-date: /home/urc/new-GUI/install/marker_interfacing/local/lib/python3.10/dist-packages/marker_interfacing/srv/_add_marker.py
[3.996s] -- Up-to-date: /home/urc/new-GUI/install/marker_interfacing/local/lib/python3.10/dist-packages/marker_interfacing/srv/_clear_markers_s.c
[3.996s] -- Up-to-date: /home/urc/new-GUI/install/marker_interfacing/local/lib/python3.10/dist-packages/marker_interfacing/srv/_publish_current_marker.py
[3.996s] -- Up-to-date: /home/urc/new-GUI/install/marker_interfacing/local/lib/python3.10/dist-packages/marker_interfacing/srv/_reorder_markers.py
[3.996s] -- Up-to-date: /home/urc/new-GUI/install/marker_interfacing/local/lib/python3.10/dist-packages/marker_interfacing/srv/_reorder_marker.py
[3.996s] -- Up-to-date: /home/urc/new-GUI/install/marker_interfacing/local/lib/python3.10/dist-packages/marker_interfacing/srv/_publish_current_marker_s.c
[3.996s] -- Up-to-date: /home/urc/new-GUI/install/marker_interfacing/local/lib/python3.10/dist-packages/marker_interfacing/srv/_insert_marker_s.c
[3.996s] -- Up-to-date: /home/urc/new-GUI/install/marker_interfacing/local/lib/python3.10/dist-packages/marker_interfacing/srv/_edit_marker.py
[3.996s] -- Up-to-date: /home/urc/new-GUI/install/marker_interfacing/local/lib/python3.10/dist-packages/marker_interfacing/srv/_plan_home_marker.py
[3.996s] -- Up-to-date: /home/urc/new-GUI/install/marker_interfacing/local/lib/python3.10/dist-packages/marker_interfacing/srv/_reorder_marker_s.c
[3.996s] -- Up-to-date: /home/urc/new-GUI/install/marker_interfacing/local/lib/python3.10/dist-packages/marker_interfacing/srv/_edit_marker_s.c
[3.997s] -- Up-to-date: /home/urc/new-GUI/install/marker_interfacing/local/lib/python3.10/dist-packages/marker_interfacing/srv/_reorder_markers_s.c
[3.997s] -- Up-to-date: /home/urc/new-GUI/install/marker_interfacing/local/lib/python3.10/dist-packages/marker_interfacing/marker_interfacing_s__rosidl_typesupport_fastrtps_c.cpython-310-x86_64-linux-gnu.so
[3.997s] -- Up-to-date: /home/urc/new-GUI/install/marker_interfacing/local/lib/python3.10/dist-packages/marker_interfacing/_marker_interfacing_s.ep.rosidl_typesupport_c.c
[4.107s] Listing '/home/urc/new-GUI/install/marker_interfacing/local/lib/python3.10/dist-packages/marker_interfacing'...
[4.107s] Listing '/home/urc/new-GUI/install/marker_interfacing/local/lib/python3.10/dist-packages/marker_interfacing/msg'...
[4.107s] Listing '/home/urc/new-GUI/install/marker_interfacing/local/lib/python3.10/dist-packages/marker_interfacing/srv'...
[4.113s] -- Up-to-date: /home/urc/new-GUI/install/marker_interfacing/local/lib/python3.10/dist-packages/marker_interfacing/marker_interfacing_s__rosidl_typesupport_fastrtps_c.cpython-310-x86_64-linux-gnu.so
[4.119s] -- Up-to-date: /home/urc/new-GUI/install/marker_interfacing/local/lib/python3.10/dist-packages/marker_interfacing/marker_interfacing_s__rosidl_typesupport_introspection_c.cpython-310-x86_64-linux-gnu.so
[4.120s] -- Up-to-date: /home/urc/new-GUI/install/marker_interfacing/local/lib/python3.10/dist-packages/marker_interfacing/marker_interfacing_s__rosidl_typesupport_c.cpython-310-x86_64-linux-gnu.so
[4.123s] -- Up-to-date: /home/urc/new-GUI/install/marker_interfacing/lib/libmarker_interfacing__rosidl_generator_py.so
[4.124s] -- Up-to-date: /home/urc/new-GUI/install/marker_interfacing/share/marker_interfacing/msg/ENUMarker.idl
[4.124s] -- Up-to-date: /home/urc/new-GUI/install/marker_interfacing/share/marker_interfacing/msg/GeodeticMarker.idl
[4.125s] -- Up-to-date: /home/urc/new-GUI/install/marker_interfacing/share/marker_interfacing/msg/GeodeticMarkerList.idl
[4.125s] -- Up-to-date: /home/urc/new-GUI/install/marker_interfacing/share/marker_interfacing/srv/AddMarker.idl
[4.127s] -- Up-to-date: /home/urc/new-GUI/install/marker_interfacing/share/marker_interfacing/srv/ClearMarkers.idl
[4.128s] -- Up-to-date: /home/urc/new-GUI/install/marker_interfacing/share/marker_interfacing/srv/EditMarker.idl
[4.128s] -- Up-to-date: /home/urc/new-GUI/install/marker_interfacing/share/marker_interfacing/srv/InsertMarker.idl
[4.129s] -- Up-to-date: /home/urc/new-GUI/install/marker_interfacing/share/marker_interfacing/srv/PlanHomeMarker.idl
[4.129s] -- Up-to-date: /home/urc/new-GUI/install/marker_interfacing/share/marker_interfacing/srv/PublishCurrentMarker.idl
[4.130s] -- Up-to-date: /home/urc/new-GUI/install/marker_interfacing/share/marker_interfacing/srv/RemoveCurrentMarker.idl
[4.130s] -- Up-to-date: /home/urc/new-GUI/install/marker_interfacing/share/marker_interfacing/srv/RemoveMarker.idl
[4.130s] -- Up-to-date: /home/urc/new-GUI/install/marker_interfacing/share/marker_interfacing/srv/ReorderMarker.idl
[4.136s] -- Up-to-date: /home/urc/new-GUI/install/marker_interfacing/share/marker_interfacing/srv/ReorderMarkers.idl
[4.137s] -- Up-to-date: /home/urc/new-GUI/install/marker_interfacing/share/marker_interfacing/msg/ENUMarker.msg
[4.137s] -- Up-to-date: /home/urc/new-GUI/install/marker_interfacing/share/marker_interfacing/msg/GeodeticMarker.msg
[4.137s] -- Up-to-date: /home/urc/new-GUI/install/marker_interfacing/share/marker_interfacing/msg/GeodeticMarkerList.msg
[4.137s] -- Up-to-date: /home/urc/new-GUI/install/marker_interfacing/share/marker_interfacing/srv/AddMarker.srv
[4.137s] -- Up-to-date: /home/urc/new-GUI/install/marker_interfacing/share/marker_interfacing/srv/AddMarker_Request.msg
[4.137s] -- Up-to-date: /home/urc/new-GUI/install/marker_interfacing/share/marker_interfacing/srv/AddMarker_Response.msg
[4.137s] -- Up-to-date: /home/urc/new-GUI/install/marker_interfacing/share/marker_interfacing/srv/ClearMarkers.srv
[4.138s] -- Up-to-date: /home/urc/new-GUI/install/marker_interfacing/share/marker_interfacing/srv/ClearMarkers_Request.msg
[4.138s] -- Up-to-date: /home/urc/new-GUI/install/marker_interfacing/share/marker_interfacing/srv/ClearMarkers_Response.msg
[4.138s] -- Up-to-date: /home/urc/new-GUI/install/marker_interfacing/share/marker_interfacing/srv/EditMarker.srv
[4.138s] -- Up-to-date: /home/urc/new-GUI/install/marker_interfacing/share/marker_interfacing/srv/EditMarker_Request.msg
[4.138s] -- Up-to-date: /home/urc/new-GUI/install/marker_interfacing/share/marker_interfacing/srv/EditMarker_Response.msg
[4.138s] -- Up-to-date: /home/urc/new-GUI/install/marker_interfacing/share/marker_interfacing/srv/InsertMarker.srv
[4.138s] -- Up-to-date: /home/urc/new-GUI/install/marker_interfacing/share/marker_interfacing/srv/InsertMarker_Request.msg
[4.140s] -- Up-to-date: /home/urc/new-GUI/install/marker_interfacing/share/marker_interfacing/srv/InsertMarker_Response.msg
[4.140s] -- Up-to-date: /home/urc/new-GUI/install/marker_interfacing/share/marker_interfacing/srv/PlanHomeMarker.srv
[4.140s] -- Up-to-date: /home/urc/new-GUI/install/marker_interfacing/share/marker_interfacing/srv/PlanHomeMarker_Request.msg
[4.142s] -- Up-to-date: /home/urc/new-GUI/install/marker_interfacing/share/marker_interfacing/srv/PlanHomeMarker_Response.msg
[4.143s] -- Up-to-date: /home/urc/new-GUI/install/marker_interfacing/share/marker_interfacing/srv/PublishCurrentMarker.srv
[4.143s] -- Up-to-date: /home/urc/new-GUI/install/marker_interfacing/share/marker_interfacing/srv/PublishCurrentMarker_Request.msg
[4.143s] -- Up-to-date: /home/urc/new-GUI/install/marker_interfacing/share/marker_interfacing/srv/PublishCurrentMarker_Response.msg
[4.143s] -- Up-to-date: /home/urc/new-GUI/install/marker_interfacing/share/marker_interfacing/srv/RemoveCurrentMarker.srv
[4.143s] -- Up-to-date: /home/urc/new-GUI/install/marker_interfacing/share/marker_interfacing/srv/RemoveCurrentMarker_Request.msg
[4.143s] -- Up-to-date: /home/urc/new-GUI/install/marker_interfacing/share/marker_interfacing/srv/RemoveCurrentMarker_Response.msg
[4.143s] -- Up-to-date: /home/urc/new-GUI/install/marker_interfacing/share/marker_interfacing/srv/RemoveMarker.srv
[4.144s] -- Up-to-date: /home/urc/new-GUI/install/marker_interfacing/share/marker_interfacing/srv/RemoveMarker_Request.msg
[4.144s] -- Up-to-date: /home/urc/new-GUI/install/marker_interfacing/share/marker_interfacing/srv/RemoveMarker_Response.msg
[4.147s] -- Up-to-date: /home/urc/new-GUI/install/marker_interfacing/share/marker_interfacing/srv/ReorderMarker.srv
[4.147s] -- Up-to-date: /home/urc/new-GUI/install/marker_interfacing/share/marker_interfacing/srv/ReorderMarker_Request.msg
[4.147s] -- Up-to-date: /home/urc/new-GUI/install/marker_interfacing/share/marker_interfacing/srv/ReorderMarker_Response.msg
[4.147s] -- Up-to-date: /home/urc/new-GUI/install/marker_interfacing/share/marker_interfacing/srv/ReorderMarkers.srv
[4.148s] -- Up-to-date: /home/urc/new-GUI/install/marker_interfacing/share/marker_interfacing/srv/ReorderMarkers_Request.msg
[4.152s] -- Up-to-date: /home/urc/new-GUI/install/marker_interfacing/share/marker_interfacing/srv/ReorderMarkers_Response.msg
[4.152s] -- Up-to-date: /home/urc/new-GUI/install/marker_interfacing/share/ament_index/resource_index/package_run_dependencies/marker_interfacing
[4.152s] -- Up-to-date: /home/urc/new-GUI/install/marker_interfacing/share/ament_index/resource_index/parent_prefix_path/marker_interfacing
[4.153s] -- Up-to-date: /home/urc/new-GUI/install/marker_interfacing/share/marker_interfacing/environment/ament_prefix_path.sh
[4.153s] -- Up-to-date: /home/urc/new-GUI/install/marker_interfacing/share/marker_interfacing/environment/ament_prefix_path.dsv
[4.153s] -- Up-to-date: /home/urc/new-GUI/install/marker_interfacing/share/marker_interfacing/environment/path.sh
[4.153s] -- Up-to-date: /home/urc/new-GUI/install/marker_interfacing/share/marker_interfacing/environment/path.dsv
[4.153s] -- Up-to-date: /home/urc/new-GUI/install/marker_interfacing/share/marker_interfacing/local_setup.bash
[4.153s] -- Up-to-date: /home/urc/new-GUI/install/marker_interfacing/share/marker_interfacing/local_setup.sh
[4.153s] -- Up-to-date: /home/urc/new-GUI/install/marker_interfacing/share/marker_interfacing/local_setup.zsh
[4.154s] -- Up-to-date: /home/urc/new-GUI/install/marker_interfacing/share/marker_interfacing/local_setup.dsv
[4.154s] -- Installing: /home/urc/new-GUI/install/marker_interfacing/share/marker_interfacing/package.dsv
[4.154s] -- Up-to-date: /home/urc/new-GUI/install/marker_interfacing/share/ament_index/resource_index/packages/marker_interfacing
[4.168s] -- Up-to-date: /home/urc/new-GUI/install/marker_interfacing/share/marker_interfacing/cmake/export_marker_interfacing__rosidl_generator_cExport.cmake
[4.168s] -- Up-to-date: /home/urc/new-GUI/install/marker_interfacing/share/marker_interfacing/cmake/export_marker_interfacing__rosidl_generator_cExport-noconfig.cmake
[4.169s] -- Up-to-date: /home/urc/new-GUI/install/marker_interfacing/share/marker_interfacing/cmake/export_marker_interfacing__rosidl_typesupport_fastrtps_cExport.cmake
[4.169s] -- Up-to-date: /home/urc/new-GUI/install/marker_interfacing/share/marker_interfacing/cmake/export_marker_interfacing__rosidl_typesupport_fastrtps_cExport-noconfig.cmake
[4.175s] -- Up-to-date: /home/urc/new-GUI/install/marker_interfacing/share/marker_interfacing/cmake/marker_interfacing__rosidl_typesupport_introspection_cExport.cmake
[4.176s] -- Up-to-date: /home/urc/new-GUI/install/marker_interfacing/share/marker_interfacing/cmake/marker_interfacing__rosidl_typesupport_introspection_cExport-noconfig.cmake
[4.200s] -- Up-to-date: /home/urc/new-GUI/install/marker_interfacing/share/marker_interfacing/cmake/marker_interfacing__rosidl_typesupport_cExport.cmake
[4.201s] -- Up-to-date: /home/urc/new-GUI/install/marker_interfacing/share/marker_interfacing/cmake/marker_interfacing__rosidl_typesupport_cExport-noconfig.cmake
[4.201s] -- Up-to-date: /home/urc/new-GUI/install/marker_interfacing/share/marker_interfacing/cmake/export_marker_interfacing__rosidl_generator_cppExport.cmake
[4.201s] -- Up-to-date: /home/urc/new-GUI/install/marker_interfacing/share/marker_interfacing/cmake/export_marker_interfacing__rosidl_typesupport_fastrtps_cppExport.cmake
[4.201s] -- Up-to-date: /home/urc/new-GUI/install/marker_interfacing/share/marker_interfacing/cmake/export_marker_interfacing__rosidl_typesupport_fastrtps_cppExport-noconfig.cmake
[4.201s] -- Up-to-date: /home/urc/new-GUI/install/marker_interfacing/share/marker_interfacing/cmake/marker_interfacing__rosidl_typesupport_introspection_cppExport.cmake
[4.201s] -- Up-to-date: /home/urc/new-GUI/install/marker_interfacing/share/marker_interfacing/cmake/marker_interfacing__rosidl_typesupport_introspection_cppExport-noconfig.cmake
[4.201s] -- Up-to-date: /home/urc/new-GUI/install/marker_interfacing/share/marker_interfacing/cmake/marker_interfacing__rosidl_typesupport_cppExport.cmake
[4.202s] -- Up-to-date: /home/urc/new-GUI/install/marker_interfacing/share/marker_interfacing/cmake/marker_interfacing__rosidl_typesupport_cppExport-noconfig.cmake
[4.202s] -- Up-to-date: /home/urc/new-GUI/install/marker_interfacing/share/marker_interfacing/cmake/export_marker_interfacing__rosidl_generator_pyExport.cmake
[4.202s] -- Up-to-date: /home/urc/new-GUI/install/marker_interfacing/share/marker_interfacing/cmake/export_marker_interfacing__rosidl_generator_pyExport-noconfig.cmake
[4.202s] -- Up-to-date: /home/urc/new-GUI/install/marker_interfacing/share/marker_interfacing/cmake/rosidl_cmake-extras.cmake
[4.202s] -- Up-to-date: /home/urc/new-GUI/install/marker_interfacing/share/marker_interfacing/cmake/ament_cmake_export_dependencies-extras.cmake
[4.202s] -- Up-to-date: /home/urc/new-GUI/install/marker_interfacing/share/marker_interfacing/cmake/ament_cmake_export_include_directories-extras.cmake
[4.202s] -- Up-to-date: /home/urc/new-GUI/install/marker_interfacing/share/marker_interfacing/cmake/ament_cmake_export_libraries-extras.cmake
[4.203s] -- Up-to-date: /home/urc/new-GUI/install/marker_interfacing/share/marker_interfacing/cmake/ament_cmake_export_targets-extras.cmake
[4.203s] -- Up-to-date: /home/urc/new-GUI/install/marker_interfacing/share/marker_interfacing/cmake/rosidl_cmake_export_typesupport_targets-extras.cmake
[4.203s] -- Up-to-date: /home/urc/new-GUI/install/marker_interfacing/share/marker_interfacing/cmake/rosidl_cmake_export_typesupport_libraries-extras.cmake
[4.203s] -- Up-to-date: /home/urc/new-GUI/install/marker_interfacing/share/marker_interfacing/cmake/marker_interfacingConfig.cmake
[4.203s] -- Up-to-date: /home/urc/new-GUI/install/marker_interfacing/share/marker_interfacing/cmake/marker_interfacingConfig-version.cmake
[4.203s] -- Up-to-date: /home/urc/new-GUI/install/marker_interfacing/share/marker_interfacing/package.xml
[4.204s] Invoked command in '/home/urc/new-GUI/build/marker_interfacing' returned '0': CMAKE_PREFIX_PATH=/opt/ros/humble /usr/bin/cmake --install /home/urc/new-GUI/build/marker_interfacing
