[0.701s] Invoking command in '/home/urc/new-GUI/build/urc_gui_lib': AMENT_PREFIX_PATH=/home/urc/new-GUI/install/theora_webcams:/home/urc/new-GUI/install/marker_interfacing:/home/urc/new-GUI/install/aruco_finder:${AMENT_PREFIX_PATH} CMAKE_PREFIX_PATH=/home/urc/new-GUI/install/theora_webcams:/home/urc/new-GUI/install/marker_interfacing:/home/urc/new-GUI/install/aruco_finder LD_LIBRARY_PATH=/home/urc/new-GUI/install/theora_webcams/lib:/home/urc/new-GUI/install/marker_interfacing/lib:/home/urc/new-GUI/install/aruco_finder/lib:${LD_LIBRARY_PATH} PYTHONPATH=/home/urc/new-GUI/install/theora_webcams/local/lib/python3.10/dist-packages:/home/urc/new-GUI/install/marker_interfacing/local/lib/python3.10/dist-packages:/home/urc/new-GUI/install/aruco_finder/local/lib/python3.10/dist-packages:${PYTHONPATH} /usr/bin/cmake --build /home/urc/new-GUI/build/urc_gui_lib -- -j4 -l4
[1.696s] Invoked command in '/home/urc/new-GUI/build/urc_gui_lib' returned '0': AMENT_PREFIX_PATH=/home/urc/new-GUI/install/theora_webcams:/home/urc/new-GUI/install/marker_interfacing:/home/urc/new-GUI/install/aruco_finder:${AMENT_PREFIX_PATH} CMAKE_PREFIX_PATH=/home/urc/new-GUI/install/theora_webcams:/home/urc/new-GUI/install/marker_interfacing:/home/urc/new-GUI/install/aruco_finder LD_LIBRARY_PATH=/home/urc/new-GUI/install/theora_webcams/lib:/home/urc/new-GUI/install/marker_interfacing/lib:/home/urc/new-GUI/install/aruco_finder/lib:${LD_LIBRARY_PATH} PYTHONPATH=/home/urc/new-GUI/install/theora_webcams/local/lib/python3.10/dist-packages:/home/urc/new-GUI/install/marker_interfacing/local/lib/python3.10/dist-packages:/home/urc/new-GUI/install/aruco_finder/local/lib/python3.10/dist-packages:${PYTHONPATH} /usr/bin/cmake --build /home/urc/new-GUI/build/urc_gui_lib -- -j4 -l4
[1.888s] Invoking command in '/home/urc/new-GUI/build/urc_gui_lib': AMENT_PREFIX_PATH=/home/urc/new-GUI/install/theora_webcams:/home/urc/new-GUI/install/marker_interfacing:/home/urc/new-GUI/install/aruco_finder:${AMENT_PREFIX_PATH} CMAKE_PREFIX_PATH=/home/urc/new-GUI/install/theora_webcams:/home/urc/new-GUI/install/marker_interfacing:/home/urc/new-GUI/install/aruco_finder LD_LIBRARY_PATH=/home/urc/new-GUI/install/theora_webcams/lib:/home/urc/new-GUI/install/marker_interfacing/lib:/home/urc/new-GUI/install/aruco_finder/lib:${LD_LIBRARY_PATH} PYTHONPATH=/home/urc/new-GUI/install/theora_webcams/local/lib/python3.10/dist-packages:/home/urc/new-GUI/install/marker_interfacing/local/lib/python3.10/dist-packages:/home/urc/new-GUI/install/aruco_finder/local/lib/python3.10/dist-packages:${PYTHONPATH} /usr/bin/cmake --install /home/urc/new-GUI/build/urc_gui_lib
[1.912s] -- Install configuration: ""
[1.912s] -- Up-to-date: /home/urc/new-GUI/install/urc_gui_lib/share/ament_index/resource_index/package_run_dependencies/urc_gui_lib
[1.912s] -- Up-to-date: /home/urc/new-GUI/install/urc_gui_lib/share/ament_index/resource_index/parent_prefix_path/urc_gui_lib
[1.912s] -- Up-to-date: /home/urc/new-GUI/install/urc_gui_lib/share/urc_gui_lib/environment/ament_prefix_path.sh
[1.912s] -- Up-to-date: /home/urc/new-GUI/install/urc_gui_lib/share/urc_gui_lib/environment/ament_prefix_path.dsv
[1.912s] -- Up-to-date: /home/urc/new-GUI/install/urc_gui_lib/share/urc_gui_lib/environment/path.sh
[1.913s] -- Up-to-date: /home/urc/new-GUI/install/urc_gui_lib/share/urc_gui_lib/environment/path.dsv
[1.913s] -- Up-to-date: /home/urc/new-GUI/install/urc_gui_lib/share/urc_gui_lib/local_setup.bash
[1.913s] -- Up-to-date: /home/urc/new-GUI/install/urc_gui_lib/share/urc_gui_lib/local_setup.sh
[1.913s] -- Up-to-date: /home/urc/new-GUI/install/urc_gui_lib/share/urc_gui_lib/local_setup.zsh
[1.913s] -- Up-to-date: /home/urc/new-GUI/install/urc_gui_lib/share/urc_gui_lib/local_setup.dsv
[1.913s] -- Installing: /home/urc/new-GUI/install/urc_gui_lib/share/urc_gui_lib/package.dsv
[1.914s] -- Up-to-date: /home/urc/new-GUI/install/urc_gui_lib/share/ament_index/resource_index/packages/urc_gui_lib
[1.914s] -- Up-to-date: /home/urc/new-GUI/install/urc_gui_lib/share/urc_gui_lib/cmake/urc_gui_libConfig.cmake
[1.914s] -- Up-to-date: /home/urc/new-GUI/install/urc_gui_lib/share/urc_gui_lib/cmake/urc_gui_libConfig-version.cmake
[1.914s] -- Up-to-date: /home/urc/new-GUI/install/urc_gui_lib/share/urc_gui_lib/package.xml
[1.923s] Invoked command in '/home/urc/new-GUI/build/urc_gui_lib' returned '0': AMENT_PREFIX_PATH=/home/urc/new-GUI/install/theora_webcams:/home/urc/new-GUI/install/marker_interfacing:/home/urc/new-GUI/install/aruco_finder:${AMENT_PREFIX_PATH} CMAKE_PREFIX_PATH=/home/urc/new-GUI/install/theora_webcams:/home/urc/new-GUI/install/marker_interfacing:/home/urc/new-GUI/install/aruco_finder LD_LIBRARY_PATH=/home/urc/new-GUI/install/theora_webcams/lib:/home/urc/new-GUI/install/marker_interfacing/lib:/home/urc/new-GUI/install/aruco_finder/lib:${LD_LIBRARY_PATH} PYTHONPATH=/home/urc/new-GUI/install/theora_webcams/local/lib/python3.10/dist-packages:/home/urc/new-GUI/install/marker_interfacing/local/lib/python3.10/dist-packages:/home/urc/new-GUI/install/aruco_finder/local/lib/python3.10/dist-packages:${PYTHONPATH} /usr/bin/cmake --install /home/urc/new-GUI/build/urc_gui_lib
