[0.738s] Invoking command in '/home/urc/new-GUI/build/theora_webcams': CMAKE_PREFIX_PATH=/opt/ros/humble /usr/bin/cmake /home/urc/new-GUI/src/theora_webcams -DCMAKE_INSTALL_PREFIX=/home/urc/new-GUI/install/theora_webcams
[0.747s] -- Found ament_cmake: 1.3.5 (/opt/ros/humble/share/ament_cmake/cmake)
[1.089s] -- Found ament_lint_auto: 0.12.8 (/opt/ros/humble/share/ament_lint_auto/cmake)
[1.319s] -- Found rosidl_default_generators: 1.2.0 (/opt/ros/humble/share/rosidl_default_generators/cmake)
[1.321s] -- Using all available rosidl_typesupport_c: rosidl_typesupport_fastrtps_c;rosidl_typesupport_introspection_c
[1.329s] -- Found rosidl_adapter: 3.1.5 (/opt/ros/humble/share/rosidl_adapter/cmake)
[1.399s] -- Using all available rosidl_typesupport_cpp: rosidl_typesupport_fastrtps_cpp;rosidl_typesupport_introspection_cpp
[1.481s] [33mCMake Warning at CMakeLists.txt:244 (find_package):
[1.481s]   By not providing "Findroscpp.cmake" in CMAKE_MODULE_PATH this project has
[1.481s]   asked CMake to find a package configuration file provided by "roscpp", but
[1.481s]   CMake did not find one.
[1.481s] 
[1.481s]   Could not find a package configuration file provided by "roscpp" with any
[1.481s]   of the following names:
[1.481s] 
[1.482s]     roscppConfig.cmake
[1.482s]     roscpp-config.cmake
[1.482s] 
[1.482s]   Add the installation prefix of "roscpp" to CMAKE_PREFIX_PATH or set
[1.482s]   "roscpp_DIR" to a directory containing one of the above files.  If "roscpp"
[1.482s]   provides a separate development package or SDK, be sure it has been
[1.483s]   installed.
[1.483s] 
[1.483s] [0m
[1.483s] -- Found sensor_msgs: 4.2.3 (/opt/ros/humble/share/sensor_msgs/cmake)
[2.263s] -- Found cv_bridge: 3.2.1 (/opt/ros/humble/share/cv_bridge/cmake)
[2.307s] -- Found image_transport: 3.1.7 (/opt/ros/humble/share/image_transport/cmake)
[2.462s] -- Found rmw_implementation_cmake: 6.1.1 (/opt/ros/humble/share/rmw_implementation_cmake/cmake)
[2.463s] -- Found rmw_fastrtps_cpp: 6.2.4 (/opt/ros/humble/share/rmw_fastrtps_cpp/cmake)
[2.709s] -- Using RMW implementation 'rmw_fastrtps_cpp' as default
[3.115s] [33mCMake Warning at CMakeLists.txt:249 (find_package):
[3.115s]   By not providing "Findcamera_info_manager.cmake" in CMAKE_MODULE_PATH this
[3.115s]   project has asked CMake to find a package configuration file provided by
[3.116s]   "camera_info_manager", but CMake did not find one.
[3.116s] 
[3.116s]   Could not find a package configuration file provided by
[3.116s]   "camera_info_manager" with any of the following names:
[3.116s] 
[3.116s]     camera_info_managerConfig.cmake
[3.117s]     camera_info_manager-config.cmake
[3.117s] 
[3.117s]   Add the installation prefix of "camera_info_manager" to CMAKE_PREFIX_PATH
[3.117s]   or set "camera_info_manager_DIR" to a directory containing one of the above
[3.117s]   files.  If "camera_info_manager" provides a separate development package or
[3.117s]   SDK, be sure it has been installed.
[3.117s] 
[3.117s] [0m
[3.143s] [33mCMake Warning at CMakeLists.txt:250 (find_package):
[3.144s]   By not providing "Findmessage_runtime.cmake" in CMAKE_MODULE_PATH this
[3.144s]   project has asked CMake to find a package configuration file provided by
[3.144s]   "message_runtime", but CMake did not find one.
[3.144s] 
[3.144s]   Could not find a package configuration file provided by "message_runtime"
[3.144s]   with any of the following names:
[3.145s] 
[3.145s]     message_runtimeConfig.cmake
[3.145s]     message_runtime-config.cmake
[3.145s] 
[3.145s]   Add the installation prefix of "message_runtime" to CMAKE_PREFIX_PATH or
[3.145s]   set "message_runtime_DIR" to a directory containing one of the above files.
[3.145s]   If "message_runtime" provides a separate development package or SDK, be
[3.145s]   sure it has been installed.
[3.146s] 
[3.146s] [0m
[3.678s] [31mCMake Error at /opt/ros/humble/share/rosidl_cmake/cmake/rosidl_generate_interfaces.cmake:162 (message):
[3.678s]   rosidl_generate_interfaces() the passed dependency 'camera_info_manager'
[3.678s]   has not been found before using find_package()
[3.678s] Call Stack (most recent call first):
[3.678s]   CMakeLists.txt:252 (rosidl_generate_interfaces)
[3.678s] 
[3.678s] [0m
[3.678s] -- Configuring incomplete, errors occurred!
[3.678s] See also "/home/urc/new-GUI/build/theora_webcams/CMakeFiles/CMakeOutput.log".
[3.697s] Invoked command in '/home/urc/new-GUI/build/theora_webcams' returned '1': CMAKE_PREFIX_PATH=/opt/ros/humble /usr/bin/cmake /home/urc/new-GUI/src/theora_webcams -DCMAKE_INSTALL_PREFIX=/home/urc/new-GUI/install/theora_webcams
