[0.522s] Invoking command in '/home/urc/new-GUI/build/urc_gui_lib': CMAKE_PREFIX_PATH=/home/urc/new-GUI/install/theora_webcams:/home/urc/new-GUI/install/marker_interfacing:/home/urc/new-GUI/install/aruco_finder:/home/urc/new-GUI/install/rover_gui_lib:/home/urc/new-GUI/install/urc_gui_lib:/home/urc/new-GUI/install/science_servo_control:/home/urc/new-GUI/install/ocean_optics_spectrometer:/home/urc/new-GUI/install/hockey_stick_arm LD_LIBRARY_PATH=/home/urc/new-GUI/install/theora_webcams/lib:/home/urc/new-GUI/install/marker_interfacing/lib:/home/urc/new-GUI/install/aruco_finder/lib:/home/urc/new-GUI/install/rover_gui_lib/lib:/home/urc/new-GUI/install/science_servo_control/lib:/home/urc/new-GUI/install/ocean_optics_spectrometer/lib:/home/urc/new-GUI/install/hockey_stick_arm/lib:/opt/ros/humble/opt/rviz_ogre_vendor/lib:/opt/ros/humble/lib/x86_64-linux-gnu:/opt/ros/humble/lib /usr/bin/cmake --build /home/urc/new-GUI/build/urc_gui_lib -- -j4 -l4
[1.422s] Invoked command in '/home/urc/new-GUI/build/urc_gui_lib' returned '0': CMAKE_PREFIX_PATH=/home/urc/new-GUI/install/theora_webcams:/home/urc/new-GUI/install/marker_interfacing:/home/urc/new-GUI/install/aruco_finder:/home/urc/new-GUI/install/rover_gui_lib:/home/urc/new-GUI/install/urc_gui_lib:/home/urc/new-GUI/install/science_servo_control:/home/urc/new-GUI/install/ocean_optics_spectrometer:/home/urc/new-GUI/install/hockey_stick_arm LD_LIBRARY_PATH=/home/urc/new-GUI/install/theora_webcams/lib:/home/urc/new-GUI/install/marker_interfacing/lib:/home/urc/new-GUI/install/aruco_finder/lib:/home/urc/new-GUI/install/rover_gui_lib/lib:/home/urc/new-GUI/install/science_servo_control/lib:/home/urc/new-GUI/install/ocean_optics_spectrometer/lib:/home/urc/new-GUI/install/hockey_stick_arm/lib:/opt/ros/humble/opt/rviz_ogre_vendor/lib:/opt/ros/humble/lib/x86_64-linux-gnu:/opt/ros/humble/lib /usr/bin/cmake --build /home/urc/new-GUI/build/urc_gui_lib -- -j4 -l4
[1.627s] Invoking command in '/home/urc/new-GUI/build/urc_gui_lib': CMAKE_PREFIX_PATH=/home/urc/new-GUI/install/theora_webcams:/home/urc/new-GUI/install/marker_interfacing:/home/urc/new-GUI/install/aruco_finder:/home/urc/new-GUI/install/rover_gui_lib:/home/urc/new-GUI/install/urc_gui_lib:/home/urc/new-GUI/install/science_servo_control:/home/urc/new-GUI/install/ocean_optics_spectrometer:/home/urc/new-GUI/install/hockey_stick_arm LD_LIBRARY_PATH=/home/urc/new-GUI/install/theora_webcams/lib:/home/urc/new-GUI/install/marker_interfacing/lib:/home/urc/new-GUI/install/aruco_finder/lib:/home/urc/new-GUI/install/rover_gui_lib/lib:/home/urc/new-GUI/install/science_servo_control/lib:/home/urc/new-GUI/install/ocean_optics_spectrometer/lib:/home/urc/new-GUI/install/hockey_stick_arm/lib:/opt/ros/humble/opt/rviz_ogre_vendor/lib:/opt/ros/humble/lib/x86_64-linux-gnu:/opt/ros/humble/lib /usr/bin/cmake --install /home/urc/new-GUI/build/urc_gui_lib
[1.651s] -- Install configuration: ""
[1.653s] -- Up-to-date: /home/urc/new-GUI/install/urc_gui_lib/share/ament_index/resource_index/package_run_dependencies/urc_gui_lib
[1.653s] -- Up-to-date: /home/urc/new-GUI/install/urc_gui_lib/share/ament_index/resource_index/parent_prefix_path/urc_gui_lib
[1.654s] -- Up-to-date: /home/urc/new-GUI/install/urc_gui_lib/share/urc_gui_lib/environment/ament_prefix_path.sh
[1.654s] -- Up-to-date: /home/urc/new-GUI/install/urc_gui_lib/share/urc_gui_lib/environment/ament_prefix_path.dsv
[1.654s] -- Up-to-date: /home/urc/new-GUI/install/urc_gui_lib/share/urc_gui_lib/environment/path.sh
[1.654s] -- Up-to-date: /home/urc/new-GUI/install/urc_gui_lib/share/urc_gui_lib/environment/path.dsv
[1.654s] -- Up-to-date: /home/urc/new-GUI/install/urc_gui_lib/share/urc_gui_lib/local_setup.bash
[1.654s] -- Up-to-date: /home/urc/new-GUI/install/urc_gui_lib/share/urc_gui_lib/local_setup.sh
[1.655s] -- Up-to-date: /home/urc/new-GUI/install/urc_gui_lib/share/urc_gui_lib/local_setup.zsh
[1.655s] -- Up-to-date: /home/urc/new-GUI/install/urc_gui_lib/share/urc_gui_lib/local_setup.dsv
[1.655s] -- Installing: /home/urc/new-GUI/install/urc_gui_lib/share/urc_gui_lib/package.dsv
[1.655s] -- Up-to-date: /home/urc/new-GUI/install/urc_gui_lib/share/ament_index/resource_index/packages/urc_gui_lib
[1.655s] -- Up-to-date: /home/urc/new-GUI/install/urc_gui_lib/share/urc_gui_lib/cmake/urc_gui_libConfig.cmake
[1.655s] -- Up-to-date: /home/urc/new-GUI/install/urc_gui_lib/share/urc_gui_lib/cmake/urc_gui_libConfig-version.cmake
[1.656s] -- Up-to-date: /home/urc/new-GUI/install/urc_gui_lib/share/urc_gui_lib/package.xml
[1.679s] Invoked command in '/home/urc/new-GUI/build/urc_gui_lib' returned '0': CMAKE_PREFIX_PATH=/home/urc/new-GUI/install/theora_webcams:/home/urc/new-GUI/install/marker_interfacing:/home/urc/new-GUI/install/aruco_finder:/home/urc/new-GUI/install/rover_gui_lib:/home/urc/new-GUI/install/urc_gui_lib:/home/urc/new-GUI/install/science_servo_control:/home/urc/new-GUI/install/ocean_optics_spectrometer:/home/urc/new-GUI/install/hockey_stick_arm LD_LIBRARY_PATH=/home/urc/new-GUI/install/theora_webcams/lib:/home/urc/new-GUI/install/marker_interfacing/lib:/home/urc/new-GUI/install/aruco_finder/lib:/home/urc/new-GUI/install/rover_gui_lib/lib:/home/urc/new-GUI/install/science_servo_control/lib:/home/urc/new-GUI/install/ocean_optics_spectrometer/lib:/home/urc/new-GUI/install/hockey_stick_arm/lib:/opt/ros/humble/opt/rviz_ogre_vendor/lib:/opt/ros/humble/lib/x86_64-linux-gnu:/opt/ros/humble/lib /usr/bin/cmake --install /home/urc/new-GUI/build/urc_gui_lib
