-- Found ament_cmake: 1.3.5 (/opt/ros/humble/share/ament_cmake/cmake)
-- Override CMake install command with custom implementation using symlinks instead of copying resources
-- Found ament_lint_auto: 0.12.8 (/opt/ros/humble/share/ament_lint_auto/cmake)
-- Found rosidl_default_generators: 1.2.0 (/opt/ros/humble/share/rosidl_default_generators/cmake)
-- Using all available rosidl_typesupport_c: rosidl_typesupport_fastrtps_c;rosidl_typesupport_introspection_c
-- Found rosidl_adapter: 3.1.5 (/opt/ros/humble/share/rosidl_adapter/cmake)
-- Using all available rosidl_typesupport_cpp: rosidl_typesupport_fastrtps_cpp;rosidl_typesupport_introspection_cpp
-- Found geometry_msgs: 4.2.3 (/opt/ros/humble/share/geometry_msgs/cmake)
-- Found ament_cmake_ros: 0.10.0 (/opt/ros/humble/share/ament_cmake_ros/cmake)
-- Using all available rosidl_typesupport_c: rosidl_typesupport_fastrtps_c;rosidl_typesupport_introspection_c
-- Using all available rosidl_typesupport_cpp: rosidl_typesupport_fastrtps_cpp;rosidl_typesupport_introspection_cpp
-- Found PythonInterp: /usr/bin/python3 (found suitable version "3.10.12", minimum required is "3.6") 
-- Found python_cmake_module: 0.10.0 (/opt/ros/humble/share/python_cmake_module/cmake)
-- Found PythonLibs: /usr/lib/x86_64-linux-gnu/libpython3.10.so (found suitable version "3.10.12", minimum required is "3.5") 
-- Using PYTHON_EXECUTABLE: /usr/bin/python3
-- Using PYTHON_INCLUDE_DIRS: /usr/include/python3.10
-- Using PYTHON_LIBRARIES: /usr/lib/x86_64-linux-gnu/libpython3.10.so
-- Found PythonExtra: .so  
-- Added test 'lint_cmake' to check CMake code style
-- Added test 'xmllint' to check XML markup files
-- Configuring done
-- Generating done
-- Build files have been written to: /home/urc/new-GUI/build/geographic_msgs
[  3%] [34m[1mGenerating C code for ROS interfaces[0m
[  6%] [34m[1mGenerating C++ code for ROS interfaces[0m
[  6%] Built target ament_cmake_python_symlink_geographic_msgs
running egg_info
creating geographic_msgs.egg-info
writing geographic_msgs.egg-info/PKG-INFO
writing dependency_links to geographic_msgs.egg-info/dependency_links.txt
writing top-level names to geographic_msgs.egg-info/top_level.txt
writing manifest file 'geographic_msgs.egg-info/SOURCES.txt'
reading manifest file 'geographic_msgs.egg-info/SOURCES.txt'
writing manifest file 'geographic_msgs.egg-info/SOURCES.txt'
[  6%] Built target ament_cmake_python_build_geographic_msgs_egg
[  6%] Built target geographic_msgs__cpp
[ 12%] [34m[1mGenerating C++ type support dispatch for ROS interfaces[0m
[ 12%] [34m[1mGenerating C++ introspection for ROS interfaces[0m
[ 16%] [34m[1mGenerating C++ type support for eProsima Fast-RTPS[0m
[ 19%] [32mBuilding C object CMakeFiles/geographic_msgs__rosidl_generator_c.dir/rosidl_generator_c/geographic_msgs/msg/detail/geo_point__functions.c.o[0m
[ 22%] [32m[1mLinking C shared library libgeographic_msgs__rosidl_generator_c.so[0m
[ 22%] Built target geographic_msgs__rosidl_generator_c
[ 25%] [34m[1mGenerating C type support for eProsima Fast-RTPS[0m
[ 29%] [32mBuilding CXX object CMakeFiles/geographic_msgs__rosidl_typesupport_cpp.dir/rosidl_typesupport_cpp/geographic_msgs/msg/geo_point__type_support.cpp.o[0m
[ 32%] [32mBuilding CXX object CMakeFiles/geographic_msgs__rosidl_typesupport_introspection_cpp.dir/rosidl_typesupport_introspection_cpp/geographic_msgs/msg/detail/geo_point__type_support.cpp.o[0m
[ 35%] [32mBuilding CXX object CMakeFiles/geographic_msgs__rosidl_typesupport_fastrtps_cpp.dir/rosidl_typesupport_fastrtps_cpp/geographic_msgs/msg/detail/dds_fastrtps/geo_point__type_support.cpp.o[0m
[ 38%] [32m[1mLinking CXX shared library libgeographic_msgs__rosidl_typesupport_cpp.so[0m
[ 41%] [32mBuilding CXX object CMakeFiles/geographic_msgs__rosidl_typesupport_fastrtps_c.dir/rosidl_typesupport_fastrtps_c/geographic_msgs/msg/detail/geo_point__type_support_c.cpp.o[0m
[ 41%] Built target geographic_msgs__rosidl_typesupport_cpp
[ 45%] [34m[1mGenerating C introspection for ROS interfaces[0m
[ 48%] [32m[1mLinking CXX shared library libgeographic_msgs__rosidl_typesupport_fastrtps_cpp.so[0m
[ 51%] [32m[1mLinking CXX shared library libgeographic_msgs__rosidl_typesupport_introspection_cpp.so[0m
[ 51%] Built target geographic_msgs__rosidl_typesupport_fastrtps_cpp
[ 51%] Built target geographic_msgs__rosidl_typesupport_introspection_cpp
[ 54%] [34m[1mGenerating C type support dispatch for ROS interfaces[0m
[ 58%] [32m[1mLinking CXX shared library libgeographic_msgs__rosidl_typesupport_fastrtps_c.so[0m
[ 58%] Built target geographic_msgs__rosidl_typesupport_fastrtps_c
[ 61%] [32mBuilding C object CMakeFiles/geographic_msgs__rosidl_typesupport_introspection_c.dir/rosidl_typesupport_introspection_c/geographic_msgs/msg/detail/geo_point__type_support.c.o[0m
[ 64%] [32m[1mLinking C shared library libgeographic_msgs__rosidl_typesupport_introspection_c.so[0m
[ 64%] Built target geographic_msgs__rosidl_typesupport_introspection_c
[ 67%] [32mBuilding CXX object CMakeFiles/geographic_msgs__rosidl_typesupport_c.dir/rosidl_typesupport_c/geographic_msgs/msg/geo_point__type_support.cpp.o[0m
[ 70%] [32m[1mLinking CXX shared library libgeographic_msgs__rosidl_typesupport_c.so[0m
[ 70%] Built target geographic_msgs__rosidl_typesupport_c
[ 70%] Built target geographic_msgs
[ 74%] [34m[1mGenerating Python code for ROS interfaces[0m
[ 74%] Built target geographic_msgs__py
[ 77%] [32mBuilding C object CMakeFiles/geographic_msgs__rosidl_generator_py.dir/rosidl_generator_py/geographic_msgs/msg/_geo_point_s.c.o[0m
[ 80%] [32m[1mLinking C shared library rosidl_generator_py/geographic_msgs/libgeographic_msgs__rosidl_generator_py.so[0m
[ 80%] Built target geographic_msgs__rosidl_generator_py
[ 83%] [32mBuilding C object CMakeFiles/geographic_msgs__rosidl_typesupport_fastrtps_c__pyext.dir/rosidl_generator_py/geographic_msgs/_geographic_msgs_s.ep.rosidl_typesupport_fastrtps_c.c.o[0m
[ 87%] [32mBuilding C object CMakeFiles/geographic_msgs__rosidl_typesupport_introspection_c__pyext.dir/rosidl_generator_py/geographic_msgs/_geographic_msgs_s.ep.rosidl_typesupport_introspection_c.c.o[0m
[ 90%] [32mBuilding C object CMakeFiles/geographic_msgs__rosidl_typesupport_c__pyext.dir/rosidl_generator_py/geographic_msgs/_geographic_msgs_s.ep.rosidl_typesupport_c.c.o[0m
[ 96%] [32m[1mLinking C shared library rosidl_generator_py/geographic_msgs/geographic_msgs_s__rosidl_typesupport_c.cpython-310-x86_64-linux-gnu.so[0m
[ 96%] [32m[1mLinking C shared library rosidl_generator_py/geographic_msgs/geographic_msgs_s__rosidl_typesupport_introspection_c.cpython-310-x86_64-linux-gnu.so[0m
[100%] [32m[1mLinking C shared library rosidl_generator_py/geographic_msgs/geographic_msgs_s__rosidl_typesupport_fastrtps_c.cpython-310-x86_64-linux-gnu.so[0m
[100%] Built target geographic_msgs__rosidl_typesupport_c__pyext
[100%] Built target geographic_msgs__rosidl_typesupport_introspection_c__pyext
[100%] Built target geographic_msgs__rosidl_typesupport_fastrtps_c__pyext
-- Install configuration: ""
-- Execute custom install script
-- Symlinking: /home/urc/new-GUI/install/geographic_msgs/share/ament_index/resource_index/rosidl_interfaces/geographic_msgs
-- Symlinking: /home/urc/new-GUI/install/geographic_msgs/include/geographic_msgs/geographic_msgs/msg/detail/geo_point__functions.h
-- Symlinking: /home/urc/new-GUI/install/geographic_msgs/include/geographic_msgs/geographic_msgs/msg/detail/geo_point__struct.h
-- Symlinking: /home/urc/new-GUI/install/geographic_msgs/include/geographic_msgs/geographic_msgs/msg/detail/geo_point__type_support.h
-- Symlinking: /home/urc/new-GUI/install/geographic_msgs/include/geographic_msgs/geographic_msgs/msg/geo_point.h
-- Symlinking: /home/urc/new-GUI/install/geographic_msgs/include/geographic_msgs/geographic_msgs/msg/rosidl_generator_c__visibility_control.h
-- Symlinking: /home/urc/new-GUI/install/geographic_msgs/share/geographic_msgs/environment/library_path.sh
-- Symlinking: /home/urc/new-GUI/install/geographic_msgs/share/geographic_msgs/environment/library_path.dsv
-- Symlinking: /home/urc/new-GUI/install/geographic_msgs/include/geographic_msgs/geographic_msgs/msg/detail/geo_point__rosidl_typesupport_fastrtps_c.h
-- Symlinking: /home/urc/new-GUI/install/geographic_msgs/include/geographic_msgs/geographic_msgs/msg/rosidl_typesupport_fastrtps_c__visibility_control.h
-- Symlinking: /home/urc/new-GUI/install/geographic_msgs/include/geographic_msgs/geographic_msgs/msg/detail/geo_point__rosidl_typesupport_introspection_c.h
-- Symlinking: /home/urc/new-GUI/install/geographic_msgs/include/geographic_msgs/geographic_msgs/msg/rosidl_typesupport_introspection_c__visibility_control.h
-- Symlinking: /home/urc/new-GUI/install/geographic_msgs/include/geographic_msgs/geographic_msgs/msg/detail/geo_point__builder.hpp
-- Symlinking: /home/urc/new-GUI/install/geographic_msgs/include/geographic_msgs/geographic_msgs/msg/detail/geo_point__struct.hpp
-- Symlinking: /home/urc/new-GUI/install/geographic_msgs/include/geographic_msgs/geographic_msgs/msg/detail/geo_point__traits.hpp
-- Symlinking: /home/urc/new-GUI/install/geographic_msgs/include/geographic_msgs/geographic_msgs/msg/geo_point.hpp
-- Symlinking: /home/urc/new-GUI/install/geographic_msgs/include/geographic_msgs/geographic_msgs/msg/detail/geo_point__rosidl_typesupport_fastrtps_cpp.hpp
-- Symlinking: /home/urc/new-GUI/install/geographic_msgs/include/geographic_msgs/geographic_msgs/msg/rosidl_typesupport_fastrtps_cpp__visibility_control.h
-- Symlinking: /home/urc/new-GUI/install/geographic_msgs/include/geographic_msgs/geographic_msgs/msg/detail/geo_point__rosidl_typesupport_introspection_cpp.hpp
-- Symlinking: /home/urc/new-GUI/install/geographic_msgs/share/geographic_msgs/environment/pythonpath.sh
-- Symlinking: /home/urc/new-GUI/install/geographic_msgs/share/geographic_msgs/environment/pythonpath.dsv
-- Symlinking: /home/urc/new-GUI/install/geographic_msgs/local/lib/python3.10/dist-packages/geographic_msgs-0.5.6-py3.10.egg-info/PKG-INFO
-- Symlinking: /home/urc/new-GUI/install/geographic_msgs/local/lib/python3.10/dist-packages/geographic_msgs-0.5.6-py3.10.egg-info/SOURCES.txt
-- Symlinking: /home/urc/new-GUI/install/geographic_msgs/local/lib/python3.10/dist-packages/geographic_msgs-0.5.6-py3.10.egg-info/dependency_links.txt
-- Symlinking: /home/urc/new-GUI/install/geographic_msgs/local/lib/python3.10/dist-packages/geographic_msgs-0.5.6-py3.10.egg-info/top_level.txt
-- Symlinking: /home/urc/new-GUI/install/geographic_msgs/local/lib/python3.10/dist-packages/geographic_msgs/__init__.py
-- Symlinking: /home/urc/new-GUI/install/geographic_msgs/local/lib/python3.10/dist-packages/geographic_msgs/_geographic_msgs_s.ep.rosidl_typesupport_c.c
-- Symlinking: /home/urc/new-GUI/install/geographic_msgs/local/lib/python3.10/dist-packages/geographic_msgs/_geographic_msgs_s.ep.rosidl_typesupport_fastrtps_c.c
-- Symlinking: /home/urc/new-GUI/install/geographic_msgs/local/lib/python3.10/dist-packages/geographic_msgs/_geographic_msgs_s.ep.rosidl_typesupport_introspection_c.c
-- Symlinking: /home/urc/new-GUI/install/geographic_msgs/local/lib/python3.10/dist-packages/geographic_msgs/geographic_msgs_s__rosidl_typesupport_c.cpython-310-x86_64-linux-gnu.so
-- Symlinking: /home/urc/new-GUI/install/geographic_msgs/local/lib/python3.10/dist-packages/geographic_msgs/geographic_msgs_s__rosidl_typesupport_fastrtps_c.cpython-310-x86_64-linux-gnu.so
-- Symlinking: /home/urc/new-GUI/install/geographic_msgs/local/lib/python3.10/dist-packages/geographic_msgs/geographic_msgs_s__rosidl_typesupport_introspection_c.cpython-310-x86_64-linux-gnu.so
-- Symlinking: /home/urc/new-GUI/install/geographic_msgs/local/lib/python3.10/dist-packages/geographic_msgs/libgeographic_msgs__rosidl_generator_py.so
-- Symlinking: /home/urc/new-GUI/install/geographic_msgs/local/lib/python3.10/dist-packages/geographic_msgs/msg/__init__.py
-- Symlinking: /home/urc/new-GUI/install/geographic_msgs/local/lib/python3.10/dist-packages/geographic_msgs/msg/_geo_point.py
-- Symlinking: /home/urc/new-GUI/install/geographic_msgs/local/lib/python3.10/dist-packages/geographic_msgs/msg/_geo_point_s.c
-- Up-to-date symlink: /home/urc/new-GUI/install/geographic_msgs/local/lib/python3.10/dist-packages/geographic_msgs/geographic_msgs_s__rosidl_typesupport_fastrtps_c.cpython-310-x86_64-linux-gnu.so
-- Up-to-date symlink: /home/urc/new-GUI/install/geographic_msgs/local/lib/python3.10/dist-packages/geographic_msgs/geographic_msgs_s__rosidl_typesupport_introspection_c.cpython-310-x86_64-linux-gnu.so
-- Up-to-date symlink: /home/urc/new-GUI/install/geographic_msgs/local/lib/python3.10/dist-packages/geographic_msgs/geographic_msgs_s__rosidl_typesupport_c.cpython-310-x86_64-linux-gnu.so
-- Symlinking: /home/urc/new-GUI/install/geographic_msgs/share/geographic_msgs/msg/GeoPoint.idl
-- Symlinking: /home/urc/new-GUI/install/geographic_msgs/share/geographic_msgs/msg/GeoPoint.msg
-- Symlinking: /home/urc/new-GUI/install/geographic_msgs/share/ament_index/resource_index/package_run_dependencies/geographic_msgs
-- Symlinking: /home/urc/new-GUI/install/geographic_msgs/share/ament_index/resource_index/parent_prefix_path/geographic_msgs
-- Symlinking: /home/urc/new-GUI/install/geographic_msgs/share/geographic_msgs/environment/ament_prefix_path.sh
-- Symlinking: /home/urc/new-GUI/install/geographic_msgs/share/geographic_msgs/environment/ament_prefix_path.dsv
-- Symlinking: /home/urc/new-GUI/install/geographic_msgs/share/geographic_msgs/environment/path.sh
-- Symlinking: /home/urc/new-GUI/install/geographic_msgs/share/geographic_msgs/environment/path.dsv
-- Symlinking: /home/urc/new-GUI/install/geographic_msgs/share/geographic_msgs/local_setup.bash
-- Symlinking: /home/urc/new-GUI/install/geographic_msgs/share/geographic_msgs/local_setup.sh
-- Symlinking: /home/urc/new-GUI/install/geographic_msgs/share/geographic_msgs/local_setup.zsh
-- Symlinking: /home/urc/new-GUI/install/geographic_msgs/share/geographic_msgs/local_setup.dsv
-- Symlinking: /home/urc/new-GUI/install/geographic_msgs/share/geographic_msgs/package.dsv
-- Symlinking: /home/urc/new-GUI/install/geographic_msgs/share/ament_index/resource_index/packages/geographic_msgs
-- Symlinking: /home/urc/new-GUI/install/geographic_msgs/share/geographic_msgs/cmake/rosidl_cmake-extras.cmake
-- Symlinking: /home/urc/new-GUI/install/geographic_msgs/share/geographic_msgs/cmake/ament_cmake_export_dependencies-extras.cmake
-- Symlinking: /home/urc/new-GUI/install/geographic_msgs/share/geographic_msgs/cmake/ament_cmake_export_include_directories-extras.cmake
-- Symlinking: /home/urc/new-GUI/install/geographic_msgs/share/geographic_msgs/cmake/ament_cmake_export_libraries-extras.cmake
-- Symlinking: /home/urc/new-GUI/install/geographic_msgs/share/geographic_msgs/cmake/ament_cmake_export_targets-extras.cmake
-- Symlinking: /home/urc/new-GUI/install/geographic_msgs/share/geographic_msgs/cmake/rosidl_cmake_export_typesupport_targets-extras.cmake
-- Symlinking: /home/urc/new-GUI/install/geographic_msgs/share/geographic_msgs/cmake/rosidl_cmake_export_typesupport_libraries-extras.cmake
-- Symlinking: /home/urc/new-GUI/install/geographic_msgs/share/geographic_msgs/cmake/geographic_msgsConfig.cmake
-- Symlinking: /home/urc/new-GUI/install/geographic_msgs/share/geographic_msgs/cmake/geographic_msgsConfig-version.cmake
-- Symlinking: /home/urc/new-GUI/install/geographic_msgs/share/geographic_msgs/package.xml
-- Installing: /home/urc/new-GUI/install/geographic_msgs/lib/libgeographic_msgs__rosidl_generator_c.so
-- Set runtime path of "/home/urc/new-GUI/install/geographic_msgs/lib/libgeographic_msgs__rosidl_generator_c.so" to ""
-- Installing: /home/urc/new-GUI/install/geographic_msgs/lib/libgeographic_msgs__rosidl_typesupport_fastrtps_c.so
-- Set runtime path of "/home/urc/new-GUI/install/geographic_msgs/lib/libgeographic_msgs__rosidl_typesupport_fastrtps_c.so" to ""
-- Installing: /home/urc/new-GUI/install/geographic_msgs/lib/libgeographic_msgs__rosidl_typesupport_introspection_c.so
-- Set runtime path of "/home/urc/new-GUI/install/geographic_msgs/lib/libgeographic_msgs__rosidl_typesupport_introspection_c.so" to ""
-- Installing: /home/urc/new-GUI/install/geographic_msgs/lib/libgeographic_msgs__rosidl_typesupport_c.so
-- Set runtime path of "/home/urc/new-GUI/install/geographic_msgs/lib/libgeographic_msgs__rosidl_typesupport_c.so" to ""
-- Installing: /home/urc/new-GUI/install/geographic_msgs/lib/libgeographic_msgs__rosidl_typesupport_fastrtps_cpp.so
-- Set runtime path of "/home/urc/new-GUI/install/geographic_msgs/lib/libgeographic_msgs__rosidl_typesupport_fastrtps_cpp.so" to ""
-- Installing: /home/urc/new-GUI/install/geographic_msgs/lib/libgeographic_msgs__rosidl_typesupport_introspection_cpp.so
-- Set runtime path of "/home/urc/new-GUI/install/geographic_msgs/lib/libgeographic_msgs__rosidl_typesupport_introspection_cpp.so" to ""
-- Installing: /home/urc/new-GUI/install/geographic_msgs/lib/libgeographic_msgs__rosidl_typesupport_cpp.so
-- Set runtime path of "/home/urc/new-GUI/install/geographic_msgs/lib/libgeographic_msgs__rosidl_typesupport_cpp.so" to ""
Listing '/home/urc/new-GUI/install/geographic_msgs/local/lib/python3.10/dist-packages/geographic_msgs'...
Compiling '/home/urc/new-GUI/install/geographic_msgs/local/lib/python3.10/dist-packages/geographic_msgs/__init__.py'...
Listing '/home/urc/new-GUI/install/geographic_msgs/local/lib/python3.10/dist-packages/geographic_msgs/msg'...
Compiling '/home/urc/new-GUI/install/geographic_msgs/local/lib/python3.10/dist-packages/geographic_msgs/msg/__init__.py'...
Compiling '/home/urc/new-GUI/install/geographic_msgs/local/lib/python3.10/dist-packages/geographic_msgs/msg/_geo_point.py'...
-- Installing: /home/urc/new-GUI/install/geographic_msgs/lib/libgeographic_msgs__rosidl_generator_py.so
-- Set runtime path of "/home/urc/new-GUI/install/geographic_msgs/lib/libgeographic_msgs__rosidl_generator_py.so" to ""
-- Installing: /home/urc/new-GUI/install/geographic_msgs/share/geographic_msgs/cmake/export_geographic_msgs__rosidl_generator_cExport.cmake
-- Installing: /home/urc/new-GUI/install/geographic_msgs/share/geographic_msgs/cmake/export_geographic_msgs__rosidl_generator_cExport-noconfig.cmake
-- Installing: /home/urc/new-GUI/install/geographic_msgs/share/geographic_msgs/cmake/export_geographic_msgs__rosidl_typesupport_fastrtps_cExport.cmake
-- Installing: /home/urc/new-GUI/install/geographic_msgs/share/geographic_msgs/cmake/export_geographic_msgs__rosidl_typesupport_fastrtps_cExport-noconfig.cmake
-- Installing: /home/urc/new-GUI/install/geographic_msgs/share/geographic_msgs/cmake/geographic_msgs__rosidl_typesupport_introspection_cExport.cmake
-- Installing: /home/urc/new-GUI/install/geographic_msgs/share/geographic_msgs/cmake/geographic_msgs__rosidl_typesupport_introspection_cExport-noconfig.cmake
-- Installing: /home/urc/new-GUI/install/geographic_msgs/share/geographic_msgs/cmake/geographic_msgs__rosidl_typesupport_cExport.cmake
-- Installing: /home/urc/new-GUI/install/geographic_msgs/share/geographic_msgs/cmake/geographic_msgs__rosidl_typesupport_cExport-noconfig.cmake
-- Installing: /home/urc/new-GUI/install/geographic_msgs/share/geographic_msgs/cmake/export_geographic_msgs__rosidl_generator_cppExport.cmake
-- Installing: /home/urc/new-GUI/install/geographic_msgs/share/geographic_msgs/cmake/export_geographic_msgs__rosidl_typesupport_fastrtps_cppExport.cmake
-- Installing: /home/urc/new-GUI/install/geographic_msgs/share/geographic_msgs/cmake/export_geographic_msgs__rosidl_typesupport_fastrtps_cppExport-noconfig.cmake
-- Installing: /home/urc/new-GUI/install/geographic_msgs/share/geographic_msgs/cmake/geographic_msgs__rosidl_typesupport_introspection_cppExport.cmake
-- Installing: /home/urc/new-GUI/install/geographic_msgs/share/geographic_msgs/cmake/geographic_msgs__rosidl_typesupport_introspection_cppExport-noconfig.cmake
-- Installing: /home/urc/new-GUI/install/geographic_msgs/share/geographic_msgs/cmake/geographic_msgs__rosidl_typesupport_cppExport.cmake
-- Installing: /home/urc/new-GUI/install/geographic_msgs/share/geographic_msgs/cmake/geographic_msgs__rosidl_typesupport_cppExport-noconfig.cmake
-- Installing: /home/urc/new-GUI/install/geographic_msgs/share/geographic_msgs/cmake/export_geographic_msgs__rosidl_generator_pyExport.cmake
-- Installing: /home/urc/new-GUI/install/geographic_msgs/share/geographic_msgs/cmake/export_geographic_msgs__rosidl_generator_pyExport-noconfig.cmake
