[0.286s] Invoking command in '/home/urc/new-GUI/build/marker_interfacing': CMAKE_PREFIX_PATH=/opt/ros/humble /usr/bin/cmake --build /home/urc/new-GUI/build/marker_interfacing -- -j4 -l4
[0.421s] [  0%] Built target marker_interfacing__cpp
[0.607s] [  1%] Built target ament_cmake_python_copy_marker_interfacing
[0.608s] [ 12%] Built target marker_interfacing__rosidl_generator_c
[0.635s] [ 24%] Built target marker_interfacing__rosidl_typesupport_fastrtps_cpp
[0.672s] [ 36%] Built target marker_interfacing__rosidl_typesupport_cpp
[0.734s] [ 48%] Built target marker_interfacing__rosidl_typesupport_fastrtps_c
[0.846s] [ 60%] Built target marker_interfacing__rosidl_typesupport_introspection_c
[0.988s] [ 72%] Built target marker_interfacing__rosidl_typesupport_c
[1.778s] running egg_info
[1.778s] writing marker_interfacing.egg-info/PKG-INFO
[1.779s] writing dependency_links to marker_interfacing.egg-info/dependency_links.txt
[1.779s] writing top-level names to marker_interfacing.egg-info/top_level.txt
[1.784s] reading manifest file 'marker_interfacing.egg-info/SOURCES.txt'
[1.785s] writing manifest file 'marker_interfacing.egg-info/SOURCES.txt'
[1.839s] [ 72%] Built target ament_cmake_python_build_marker_interfacing_egg
[1.968s] [ 84%] Built target marker_interfacing__rosidl_typesupport_introspection_cpp
[2.027s] [ 84%] Built target marker_interfacing
[2.075s] [ 85%] Built target marker_interfacing__py
[2.191s] [ 96%] Built target marker_interfacing__rosidl_generator_py
[2.285s] [ 97%] Built target marker_interfacing__rosidl_typesupport_fastrtps_c__pyext
[2.332s] [ 98%] Built target marker_interfacing__rosidl_typesupport_c__pyext
[2.395s] [100%] Built target marker_interfacing__rosidl_typesupport_introspection_c__pyext
[2.433s] Invoked command in '/home/urc/new-GUI/build/marker_interfacing' returned '0': CMAKE_PREFIX_PATH=/opt/ros/humble /usr/bin/cmake --build /home/urc/new-GUI/build/marker_interfacing -- -j4 -l4
[3.772s] Invoking command in '/home/urc/new-GUI/build/marker_interfacing': CMAKE_PREFIX_PATH=/opt/ros/humble /usr/bin/cmake --install /home/urc/new-GUI/build/marker_interfacing
[3.782s] -- Install configuration: ""
[3.786s] -- Up-to-date: /home/urc/new-GUI/install/marker_interfacing/share/ament_index/resource_index/rosidl_interfaces/marker_interfacing
[3.792s] -- Up-to-date: /home/urc/new-GUI/install/marker_interfacing/include/marker_interfacing/marker_interfacing
[3.792s] -- Up-to-date: /home/urc/new-GUI/install/marker_interfacing/include/marker_interfacing/marker_interfacing/msg
[3.793s] -- Up-to-date: /home/urc/new-GUI/install/marker_interfacing/include/marker_interfacing/marker_interfacing/msg/geodetic_marker_list.h
[3.793s] -- Up-to-date: /home/urc/new-GUI/install/marker_interfacing/include/marker_interfacing/marker_interfacing/msg/rosidl_generator_c__visibility_control.h
[3.793s] -- Up-to-date: /home/urc/new-GUI/install/marker_interfacing/include/marker_interfacing/marker_interfacing/msg/detail
[3.793s] -- Up-to-date: /home/urc/new-GUI/install/marker_interfacing/include/marker_interfacing/marker_interfacing/msg/detail/geodetic_marker_list__type_support.h
[3.793s] -- Up-to-date: /home/urc/new-GUI/install/marker_interfacing/include/marker_interfacing/marker_interfacing/msg/detail/enu_marker__functions.h
[3.793s] -- Up-to-date: /home/urc/new-GUI/install/marker_interfacing/include/marker_interfacing/marker_interfacing/msg/detail/enu_marker__type_support.h
[3.793s] -- Up-to-date: /home/urc/new-GUI/install/marker_interfacing/include/marker_interfacing/marker_interfacing/msg/detail/geodetic_marker__type_support.h
[3.794s] -- Up-to-date: /home/urc/new-GUI/install/marker_interfacing/include/marker_interfacing/marker_interfacing/msg/detail/geodetic_marker_list__functions.c
[3.794s] -- Up-to-date: /home/urc/new-GUI/install/marker_interfacing/include/marker_interfacing/marker_interfacing/msg/detail/geodetic_marker__struct.h
[3.794s] -- Up-to-date: /home/urc/new-GUI/install/marker_interfacing/include/marker_interfacing/marker_interfacing/msg/detail/enu_marker__struct.h
[3.794s] -- Up-to-date: /home/urc/new-GUI/install/marker_interfacing/include/marker_interfacing/marker_interfacing/msg/detail/geodetic_marker__functions.c
[3.795s] -- Up-to-date: /home/urc/new-GUI/install/marker_interfacing/include/marker_interfacing/marker_interfacing/msg/detail/geodetic_marker_list__struct.h
[3.795s] -- Up-to-date: /home/urc/new-GUI/install/marker_interfacing/include/marker_interfacing/marker_interfacing/msg/detail/enu_marker__functions.c
[3.795s] -- Up-to-date: /home/urc/new-GUI/install/marker_interfacing/include/marker_interfacing/marker_interfacing/msg/detail/geodetic_marker__functions.h
[3.795s] -- Up-to-date: /home/urc/new-GUI/install/marker_interfacing/include/marker_interfacing/marker_interfacing/msg/detail/geodetic_marker_list__functions.h
[3.795s] -- Up-to-date: /home/urc/new-GUI/install/marker_interfacing/include/marker_interfacing/marker_interfacing/msg/geodetic_marker.h
[3.795s] -- Up-to-date: /home/urc/new-GUI/install/marker_interfacing/include/marker_interfacing/marker_interfacing/msg/enu_marker.h
[3.795s] -- Up-to-date: /home/urc/new-GUI/install/marker_interfacing/include/marker_interfacing/marker_interfacing/srv
[3.795s] -- Up-to-date: /home/urc/new-GUI/install/marker_interfacing/include/marker_interfacing/marker_interfacing/srv/publish_current_marker.h
[3.795s] -- Up-to-date: /home/urc/new-GUI/install/marker_interfacing/include/marker_interfacing/marker_interfacing/srv/reorder_marker.h
[3.796s] -- Up-to-date: /home/urc/new-GUI/install/marker_interfacing/include/marker_interfacing/marker_interfacing/srv/insert_marker.h
[3.796s] -- Up-to-date: /home/urc/new-GUI/install/marker_interfacing/include/marker_interfacing/marker_interfacing/srv/reorder_markers.h
[3.796s] -- Up-to-date: /home/urc/new-GUI/install/marker_interfacing/include/marker_interfacing/marker_interfacing/srv/remove_marker.h
[3.796s] -- Up-to-date: /home/urc/new-GUI/install/marker_interfacing/include/marker_interfacing/marker_interfacing/srv/edit_marker.h
[3.796s] -- Up-to-date: /home/urc/new-GUI/install/marker_interfacing/include/marker_interfacing/marker_interfacing/srv/detail
[3.796s] -- Up-to-date: /home/urc/new-GUI/install/marker_interfacing/include/marker_interfacing/marker_interfacing/srv/detail/insert_marker__struct.h
[3.797s] -- Up-to-date: /home/urc/new-GUI/install/marker_interfacing/include/marker_interfacing/marker_interfacing/srv/detail/remove_current_marker__struct.h
[3.797s] -- Up-to-date: /home/urc/new-GUI/install/marker_interfacing/include/marker_interfacing/marker_interfacing/srv/detail/reorder_marker__type_support.h
[3.797s] -- Up-to-date: /home/urc/new-GUI/install/marker_interfacing/include/marker_interfacing/marker_interfacing/srv/detail/publish_current_marker__struct.h
[3.797s] -- Up-to-date: /home/urc/new-GUI/install/marker_interfacing/include/marker_interfacing/marker_interfacing/srv/detail/reorder_marker__functions.h
[3.797s] -- Up-to-date: /home/urc/new-GUI/install/marker_interfacing/include/marker_interfacing/marker_interfacing/srv/detail/insert_marker__functions.c
[3.797s] -- Up-to-date: /home/urc/new-GUI/install/marker_interfacing/include/marker_interfacing/marker_interfacing/srv/detail/remove_current_marker__functions.c
[3.799s] -- Up-to-date: /home/urc/new-GUI/install/marker_interfacing/include/marker_interfacing/marker_interfacing/srv/detail/clear_markers__functions.c
[3.799s] -- Up-to-date: /home/urc/new-GUI/install/marker_interfacing/include/marker_interfacing/marker_interfacing/srv/detail/plan_home_marker__functions.h
[3.799s] -- Up-to-date: /home/urc/new-GUI/install/marker_interfacing/include/marker_interfacing/marker_interfacing/srv/detail/remove_marker__functions.c
[3.800s] -- Up-to-date: /home/urc/new-GUI/install/marker_interfacing/include/marker_interfacing/marker_interfacing/srv/detail/clear_markers__functions.h
[3.800s] -- Up-to-date: /home/urc/new-GUI/install/marker_interfacing/include/marker_interfacing/marker_interfacing/srv/detail/edit_marker__type_support.h
[3.800s] -- Up-to-date: /home/urc/new-GUI/install/marker_interfacing/include/marker_interfacing/marker_interfacing/srv/detail/reorder_marker__functions.c
[3.800s] -- Up-to-date: /home/urc/new-GUI/install/marker_interfacing/include/marker_interfacing/marker_interfacing/srv/detail/clear_markers__type_support.h
[3.800s] -- Up-to-date: /home/urc/new-GUI/install/marker_interfacing/include/marker_interfacing/marker_interfacing/srv/detail/edit_marker__functions.h
[3.800s] -- Up-to-date: /home/urc/new-GUI/install/marker_interfacing/include/marker_interfacing/marker_interfacing/srv/detail/publish_current_marker__type_support.h
[3.800s] -- Up-to-date: /home/urc/new-GUI/install/marker_interfacing/include/marker_interfacing/marker_interfacing/srv/detail/reorder_marker__struct.h
[3.801s] -- Up-to-date: /home/urc/new-GUI/install/marker_interfacing/include/marker_interfacing/marker_interfacing/srv/detail/reorder_markers__functions.h
[3.801s] -- Up-to-date: /home/urc/new-GUI/install/marker_interfacing/include/marker_interfacing/marker_interfacing/srv/detail/remove_marker__type_support.h
[3.801s] -- Up-to-date: /home/urc/new-GUI/install/marker_interfacing/include/marker_interfacing/marker_interfacing/srv/detail/add_marker__functions.h
[3.801s] -- Up-to-date: /home/urc/new-GUI/install/marker_interfacing/include/marker_interfacing/marker_interfacing/srv/detail/plan_home_marker__struct.h
[3.801s] -- Up-to-date: /home/urc/new-GUI/install/marker_interfacing/include/marker_interfacing/marker_interfacing/srv/detail/insert_marker__type_support.h
[3.801s] -- Up-to-date: /home/urc/new-GUI/install/marker_interfacing/include/marker_interfacing/marker_interfacing/srv/detail/add_marker__struct.h
[3.801s] -- Up-to-date: /home/urc/new-GUI/install/marker_interfacing/include/marker_interfacing/marker_interfacing/srv/detail/reorder_markers__type_support.h
[3.801s] -- Up-to-date: /home/urc/new-GUI/install/marker_interfacing/include/marker_interfacing/marker_interfacing/srv/detail/remove_current_marker__type_support.h
[3.802s] -- Up-to-date: /home/urc/new-GUI/install/marker_interfacing/include/marker_interfacing/marker_interfacing/srv/detail/clear_markers__struct.h
[3.802s] -- Up-to-date: /home/urc/new-GUI/install/marker_interfacing/include/marker_interfacing/marker_interfacing/srv/detail/edit_marker__struct.h
[3.802s] -- Up-to-date: /home/urc/new-GUI/install/marker_interfacing/include/marker_interfacing/marker_interfacing/srv/detail/publish_current_marker__functions.h
[3.802s] -- Up-to-date: /home/urc/new-GUI/install/marker_interfacing/include/marker_interfacing/marker_interfacing/srv/detail/remove_marker__struct.h
[3.802s] -- Up-to-date: /home/urc/new-GUI/install/marker_interfacing/include/marker_interfacing/marker_interfacing/srv/detail/insert_marker__functions.h
[3.802s] -- Up-to-date: /home/urc/new-GUI/install/marker_interfacing/include/marker_interfacing/marker_interfacing/srv/detail/reorder_markers__functions.c
[3.802s] -- Up-to-date: /home/urc/new-GUI/install/marker_interfacing/include/marker_interfacing/marker_interfacing/srv/detail/reorder_markers__struct.h
[3.802s] -- Up-to-date: /home/urc/new-GUI/install/marker_interfacing/include/marker_interfacing/marker_interfacing/srv/detail/add_marker__type_support.h
[3.802s] -- Up-to-date: /home/urc/new-GUI/install/marker_interfacing/include/marker_interfacing/marker_interfacing/srv/detail/plan_home_marker__functions.c
[3.802s] -- Up-to-date: /home/urc/new-GUI/install/marker_interfacing/include/marker_interfacing/marker_interfacing/srv/detail/add_marker__functions.c
[3.802s] -- Up-to-date: /home/urc/new-GUI/install/marker_interfacing/include/marker_interfacing/marker_interfacing/srv/detail/publish_current_marker__functions.c
[3.803s] -- Up-to-date: /home/urc/new-GUI/install/marker_interfacing/include/marker_interfacing/marker_interfacing/srv/detail/remove_current_marker__functions.h
[3.803s] -- Up-to-date: /home/urc/new-GUI/install/marker_interfacing/include/marker_interfacing/marker_interfacing/srv/detail/edit_marker__functions.c
[3.803s] -- Up-to-date: /home/urc/new-GUI/install/marker_interfacing/include/marker_interfacing/marker_interfacing/srv/detail/plan_home_marker__type_support.h
[3.803s] -- Up-to-date: /home/urc/new-GUI/install/marker_interfacing/include/marker_interfacing/marker_interfacing/srv/detail/remove_marker__functions.h
[3.803s] -- Up-to-date: /home/urc/new-GUI/install/marker_interfacing/include/marker_interfacing/marker_interfacing/srv/add_marker.h
[3.803s] -- Up-to-date: /home/urc/new-GUI/install/marker_interfacing/include/marker_interfacing/marker_interfacing/srv/clear_markers.h
[3.803s] -- Up-to-date: /home/urc/new-GUI/install/marker_interfacing/include/marker_interfacing/marker_interfacing/srv/plan_home_marker.h
[3.803s] -- Up-to-date: /home/urc/new-GUI/install/marker_interfacing/include/marker_interfacing/marker_interfacing/srv/remove_current_marker.h
[3.803s] -- Up-to-date: /home/urc/new-GUI/install/marker_interfacing/share/marker_interfacing/environment/library_path.sh
[3.803s] -- Up-to-date: /home/urc/new-GUI/install/marker_interfacing/share/marker_interfacing/environment/library_path.dsv
[3.804s] -- Up-to-date: /home/urc/new-GUI/install/marker_interfacing/lib/libmarker_interfacing__rosidl_generator_c.so
[3.804s] -- Up-to-date: /home/urc/new-GUI/install/marker_interfacing/include/marker_interfacing/marker_interfacing
[3.804s] -- Up-to-date: /home/urc/new-GUI/install/marker_interfacing/include/marker_interfacing/marker_interfacing/msg
[3.804s] -- Up-to-date: /home/urc/new-GUI/install/marker_interfacing/include/marker_interfacing/marker_interfacing/msg/rosidl_typesupport_fastrtps_c__visibility_control.h
[3.804s] -- Up-to-date: /home/urc/new-GUI/install/marker_interfacing/include/marker_interfacing/marker_interfacing/msg/detail
[3.804s] -- Up-to-date: /home/urc/new-GUI/install/marker_interfacing/include/marker_interfacing/marker_interfacing/msg/detail/geodetic_marker_list__rosidl_typesupport_fastrtps_c.h
[3.804s] -- Up-to-date: /home/urc/new-GUI/install/marker_interfacing/include/marker_interfacing/marker_interfacing/msg/detail/enu_marker__rosidl_typesupport_fastrtps_c.h
[3.804s] -- Up-to-date: /home/urc/new-GUI/install/marker_interfacing/include/marker_interfacing/marker_interfacing/msg/detail/geodetic_marker__rosidl_typesupport_fastrtps_c.h
[3.804s] -- Up-to-date: /home/urc/new-GUI/install/marker_interfacing/include/marker_interfacing/marker_interfacing/srv
[3.804s] -- Up-to-date: /home/urc/new-GUI/install/marker_interfacing/include/marker_interfacing/marker_interfacing/srv/detail
[3.805s] -- Up-to-date: /home/urc/new-GUI/install/marker_interfacing/include/marker_interfacing/marker_interfacing/srv/detail/edit_marker__rosidl_typesupport_fastrtps_c.h
[3.805s] -- Up-to-date: /home/urc/new-GUI/install/marker_interfacing/include/marker_interfacing/marker_interfacing/srv/detail/insert_marker__rosidl_typesupport_fastrtps_c.h
[3.805s] -- Up-to-date: /home/urc/new-GUI/install/marker_interfacing/include/marker_interfacing/marker_interfacing/srv/detail/plan_home_marker__rosidl_typesupport_fastrtps_c.h
[3.805s] -- Up-to-date: /home/urc/new-GUI/install/marker_interfacing/include/marker_interfacing/marker_interfacing/srv/detail/publish_current_marker__rosidl_typesupport_fastrtps_c.h
[3.805s] -- Up-to-date: /home/urc/new-GUI/install/marker_interfacing/include/marker_interfacing/marker_interfacing/srv/detail/remove_marker__rosidl_typesupport_fastrtps_c.h
[3.805s] -- Up-to-date: /home/urc/new-GUI/install/marker_interfacing/include/marker_interfacing/marker_interfacing/srv/detail/clear_markers__rosidl_typesupport_fastrtps_c.h
[3.805s] -- Up-to-date: /home/urc/new-GUI/install/marker_interfacing/include/marker_interfacing/marker_interfacing/srv/detail/remove_current_marker__rosidl_typesupport_fastrtps_c.h
[3.805s] -- Up-to-date: /home/urc/new-GUI/install/marker_interfacing/include/marker_interfacing/marker_interfacing/srv/detail/add_marker__rosidl_typesupport_fastrtps_c.h
[3.805s] -- Up-to-date: /home/urc/new-GUI/install/marker_interfacing/include/marker_interfacing/marker_interfacing/srv/detail/reorder_markers__rosidl_typesupport_fastrtps_c.h
[3.806s] -- Up-to-date: /home/urc/new-GUI/install/marker_interfacing/include/marker_interfacing/marker_interfacing/srv/detail/reorder_marker__rosidl_typesupport_fastrtps_c.h
[3.806s] -- Up-to-date: /home/urc/new-GUI/install/marker_interfacing/lib/libmarker_interfacing__rosidl_typesupport_fastrtps_c.so
[3.806s] -- Up-to-date: /home/urc/new-GUI/install/marker_interfacing/include/marker_interfacing/marker_interfacing
[3.806s] -- Up-to-date: /home/urc/new-GUI/install/marker_interfacing/include/marker_interfacing/marker_interfacing/msg
[3.806s] -- Up-to-date: /home/urc/new-GUI/install/marker_interfacing/include/marker_interfacing/marker_interfacing/msg/rosidl_typesupport_introspection_c__visibility_control.h
[3.806s] -- Up-to-date: /home/urc/new-GUI/install/marker_interfacing/include/marker_interfacing/marker_interfacing/msg/detail
[3.806s] -- Up-to-date: /home/urc/new-GUI/install/marker_interfacing/include/marker_interfacing/marker_interfacing/msg/detail/geodetic_marker__type_support.c
[3.806s] -- Up-to-date: /home/urc/new-GUI/install/marker_interfacing/include/marker_interfacing/marker_interfacing/msg/detail/enu_marker__rosidl_typesupport_introspection_c.h
[3.806s] -- Up-to-date: /home/urc/new-GUI/install/marker_interfacing/include/marker_interfacing/marker_interfacing/msg/detail/geodetic_marker__rosidl_typesupport_introspection_c.h
[3.806s] -- Up-to-date: /home/urc/new-GUI/install/marker_interfacing/include/marker_interfacing/marker_interfacing/msg/detail/enu_marker__type_support.c
[3.807s] -- Up-to-date: /home/urc/new-GUI/install/marker_interfacing/include/marker_interfacing/marker_interfacing/msg/detail/geodetic_marker_list__rosidl_typesupport_introspection_c.h
[3.807s] -- Up-to-date: /home/urc/new-GUI/install/marker_interfacing/include/marker_interfacing/marker_interfacing/msg/detail/geodetic_marker_list__type_support.c
[3.807s] -- Up-to-date: /home/urc/new-GUI/install/marker_interfacing/include/marker_interfacing/marker_interfacing/srv
[3.807s] -- Up-to-date: /home/urc/new-GUI/install/marker_interfacing/include/marker_interfacing/marker_interfacing/srv/detail
[3.807s] -- Up-to-date: /home/urc/new-GUI/install/marker_interfacing/include/marker_interfacing/marker_interfacing/srv/detail/reorder_marker__type_support.c
[3.807s] -- Up-to-date: /home/urc/new-GUI/install/marker_interfacing/include/marker_interfacing/marker_interfacing/srv/detail/reorder_markers__type_support.c
[3.807s] -- Up-to-date: /home/urc/new-GUI/install/marker_interfacing/include/marker_interfacing/marker_interfacing/srv/detail/insert_marker__type_support.c
[3.807s] -- Up-to-date: /home/urc/new-GUI/install/marker_interfacing/include/marker_interfacing/marker_interfacing/srv/detail/edit_marker__rosidl_typesupport_introspection_c.h
[3.807s] -- Up-to-date: /home/urc/new-GUI/install/marker_interfacing/include/marker_interfacing/marker_interfacing/srv/detail/reorder_markers__rosidl_typesupport_introspection_c.h
[3.807s] -- Up-to-date: /home/urc/new-GUI/install/marker_interfacing/include/marker_interfacing/marker_interfacing/srv/detail/plan_home_marker__rosidl_typesupport_introspection_c.h
[3.808s] -- Up-to-date: /home/urc/new-GUI/install/marker_interfacing/include/marker_interfacing/marker_interfacing/srv/detail/publish_current_marker__type_support.c
[3.808s] -- Up-to-date: /home/urc/new-GUI/install/marker_interfacing/include/marker_interfacing/marker_interfacing/srv/detail/remove_current_marker__type_support.c
[3.808s] -- Up-to-date: /home/urc/new-GUI/install/marker_interfacing/include/marker_interfacing/marker_interfacing/srv/detail/clear_markers__rosidl_typesupport_introspection_c.h
[3.808s] -- Up-to-date: /home/urc/new-GUI/install/marker_interfacing/include/marker_interfacing/marker_interfacing/srv/detail/publish_current_marker__rosidl_typesupport_introspection_c.h
[3.808s] -- Up-to-date: /home/urc/new-GUI/install/marker_interfacing/include/marker_interfacing/marker_interfacing/srv/detail/reorder_marker__rosidl_typesupport_introspection_c.h
[3.808s] -- Up-to-date: /home/urc/new-GUI/install/marker_interfacing/include/marker_interfacing/marker_interfacing/srv/detail/insert_marker__rosidl_typesupport_introspection_c.h
[3.808s] -- Up-to-date: /home/urc/new-GUI/install/marker_interfacing/include/marker_interfacing/marker_interfacing/srv/detail/add_marker__type_support.c
[3.808s] -- Up-to-date: /home/urc/new-GUI/install/marker_interfacing/include/marker_interfacing/marker_interfacing/srv/detail/edit_marker__type_support.c
[3.816s] -- Up-to-date: /home/urc/new-GUI/install/marker_interfacing/include/marker_interfacing/marker_interfacing/srv/detail/clear_markers__type_support.c
[3.816s] -- Up-to-date: /home/urc/new-GUI/install/marker_interfacing/include/marker_interfacing/marker_interfacing/srv/detail/remove_marker__rosidl_typesupport_introspection_c.h
[3.816s] -- Up-to-date: /home/urc/new-GUI/install/marker_interfacing/include/marker_interfacing/marker_interfacing/srv/detail/plan_home_marker__type_support.c
[3.816s] -- Up-to-date: /home/urc/new-GUI/install/marker_interfacing/include/marker_interfacing/marker_interfacing/srv/detail/add_marker__rosidl_typesupport_introspection_c.h
[3.817s] -- Up-to-date: /home/urc/new-GUI/install/marker_interfacing/include/marker_interfacing/marker_interfacing/srv/detail/remove_marker__type_support.c
[3.817s] -- Up-to-date: /home/urc/new-GUI/install/marker_interfacing/include/marker_interfacing/marker_interfacing/srv/detail/remove_current_marker__rosidl_typesupport_introspection_c.h
[3.817s] -- Up-to-date: /home/urc/new-GUI/install/marker_interfacing/lib/libmarker_interfacing__rosidl_typesupport_introspection_c.so
[3.817s] -- Up-to-date: /home/urc/new-GUI/install/marker_interfacing/lib/libmarker_interfacing__rosidl_typesupport_c.so
[3.817s] -- Up-to-date: /home/urc/new-GUI/install/marker_interfacing/include/marker_interfacing/marker_interfacing
[3.818s] -- Up-to-date: /home/urc/new-GUI/install/marker_interfacing/include/marker_interfacing/marker_interfacing/msg
[3.818s] -- Up-to-date: /home/urc/new-GUI/install/marker_interfacing/include/marker_interfacing/marker_interfacing/msg/enu_marker.hpp
[3.818s] -- Up-to-date: /home/urc/new-GUI/install/marker_interfacing/include/marker_interfacing/marker_interfacing/msg/geodetic_marker_list.hpp
[3.818s] -- Up-to-date: /home/urc/new-GUI/install/marker_interfacing/include/marker_interfacing/marker_interfacing/msg/detail
[3.818s] -- Up-to-date: /home/urc/new-GUI/install/marker_interfacing/include/marker_interfacing/marker_interfacing/msg/detail/geodetic_marker_list__traits.hpp
[3.818s] -- Up-to-date: /home/urc/new-GUI/install/marker_interfacing/include/marker_interfacing/marker_interfacing/msg/detail/geodetic_marker_list__struct.hpp
[3.818s] -- Up-to-date: /home/urc/new-GUI/install/marker_interfacing/include/marker_interfacing/marker_interfacing/msg/detail/enu_marker__traits.hpp
[3.818s] -- Up-to-date: /home/urc/new-GUI/install/marker_interfacing/include/marker_interfacing/marker_interfacing/msg/detail/geodetic_marker__struct.hpp
[3.818s] -- Up-to-date: /home/urc/new-GUI/install/marker_interfacing/include/marker_interfacing/marker_interfacing/msg/detail/enu_marker__builder.hpp
[3.818s] -- Up-to-date: /home/urc/new-GUI/install/marker_interfacing/include/marker_interfacing/marker_interfacing/msg/detail/geodetic_marker__builder.hpp
[3.819s] -- Up-to-date: /home/urc/new-GUI/install/marker_interfacing/include/marker_interfacing/marker_interfacing/msg/detail/geodetic_marker_list__builder.hpp
[3.819s] -- Up-to-date: /home/urc/new-GUI/install/marker_interfacing/include/marker_interfacing/marker_interfacing/msg/detail/enu_marker__struct.hpp
[3.819s] -- Up-to-date: /home/urc/new-GUI/install/marker_interfacing/include/marker_interfacing/marker_interfacing/msg/detail/geodetic_marker__traits.hpp
[3.819s] -- Up-to-date: /home/urc/new-GUI/install/marker_interfacing/include/marker_interfacing/marker_interfacing/msg/geodetic_marker.hpp
[3.819s] -- Up-to-date: /home/urc/new-GUI/install/marker_interfacing/include/marker_interfacing/marker_interfacing/srv
[3.819s] -- Up-to-date: /home/urc/new-GUI/install/marker_interfacing/include/marker_interfacing/marker_interfacing/srv/insert_marker.hpp
[3.819s] -- Up-to-date: /home/urc/new-GUI/install/marker_interfacing/include/marker_interfacing/marker_interfacing/srv/edit_marker.hpp
[3.819s] -- Up-to-date: /home/urc/new-GUI/install/marker_interfacing/include/marker_interfacing/marker_interfacing/srv/remove_marker.hpp
[3.819s] -- Up-to-date: /home/urc/new-GUI/install/marker_interfacing/include/marker_interfacing/marker_interfacing/srv/plan_home_marker.hpp
[3.819s] -- Up-to-date: /home/urc/new-GUI/install/marker_interfacing/include/marker_interfacing/marker_interfacing/srv/reorder_markers.hpp
[3.820s] -- Up-to-date: /home/urc/new-GUI/install/marker_interfacing/include/marker_interfacing/marker_interfacing/srv/publish_current_marker.hpp
[3.820s] -- Up-to-date: /home/urc/new-GUI/install/marker_interfacing/include/marker_interfacing/marker_interfacing/srv/reorder_marker.hpp
[3.820s] -- Up-to-date: /home/urc/new-GUI/install/marker_interfacing/include/marker_interfacing/marker_interfacing/srv/remove_current_marker.hpp
[3.820s] -- Up-to-date: /home/urc/new-GUI/install/marker_interfacing/include/marker_interfacing/marker_interfacing/srv/detail
[3.820s] -- Up-to-date: /home/urc/new-GUI/install/marker_interfacing/include/marker_interfacing/marker_interfacing/srv/detail/insert_marker__traits.hpp
[3.820s] -- Up-to-date: /home/urc/new-GUI/install/marker_interfacing/include/marker_interfacing/marker_interfacing/srv/detail/remove_marker__builder.hpp
[3.820s] -- Up-to-date: /home/urc/new-GUI/install/marker_interfacing/include/marker_interfacing/marker_interfacing/srv/detail/remove_current_marker__traits.hpp
[3.820s] -- Up-to-date: /home/urc/new-GUI/install/marker_interfacing/include/marker_interfacing/marker_interfacing/srv/detail/reorder_marker__struct.hpp
[3.822s] -- Up-to-date: /home/urc/new-GUI/install/marker_interfacing/include/marker_interfacing/marker_interfacing/srv/detail/remove_current_marker__struct.hpp
[3.823s] -- Up-to-date: /home/urc/new-GUI/install/marker_interfacing/include/marker_interfacing/marker_interfacing/srv/detail/remove_marker__struct.hpp
[3.823s] -- Up-to-date: /home/urc/new-GUI/install/marker_interfacing/include/marker_interfacing/marker_interfacing/srv/detail/reorder_markers__builder.hpp
[3.823s] -- Up-to-date: /home/urc/new-GUI/install/marker_interfacing/include/marker_interfacing/marker_interfacing/srv/detail/edit_marker__struct.hpp
[3.823s] -- Up-to-date: /home/urc/new-GUI/install/marker_interfacing/include/marker_interfacing/marker_interfacing/srv/detail/publish_current_marker__struct.hpp
[3.823s] -- Up-to-date: /home/urc/new-GUI/install/marker_interfacing/include/marker_interfacing/marker_interfacing/srv/detail/add_marker__traits.hpp
[3.823s] -- Up-to-date: /home/urc/new-GUI/install/marker_interfacing/include/marker_interfacing/marker_interfacing/srv/detail/add_marker__builder.hpp
[3.823s] -- Up-to-date: /home/urc/new-GUI/install/marker_interfacing/include/marker_interfacing/marker_interfacing/srv/detail/edit_marker__traits.hpp
[3.823s] -- Up-to-date: /home/urc/new-GUI/install/marker_interfacing/include/marker_interfacing/marker_interfacing/srv/detail/edit_marker__builder.hpp
[3.823s] -- Up-to-date: /home/urc/new-GUI/install/marker_interfacing/include/marker_interfacing/marker_interfacing/srv/detail/clear_markers__traits.hpp
[3.824s] -- Up-to-date: /home/urc/new-GUI/install/marker_interfacing/include/marker_interfacing/marker_interfacing/srv/detail/publish_current_marker__traits.hpp
[3.824s] -- Up-to-date: /home/urc/new-GUI/install/marker_interfacing/include/marker_interfacing/marker_interfacing/srv/detail/clear_markers__builder.hpp
[3.824s] -- Up-to-date: /home/urc/new-GUI/install/marker_interfacing/include/marker_interfacing/marker_interfacing/srv/detail/plan_home_marker__builder.hpp
[3.824s] -- Up-to-date: /home/urc/new-GUI/install/marker_interfacing/include/marker_interfacing/marker_interfacing/srv/detail/reorder_markers__struct.hpp
[3.824s] -- Up-to-date: /home/urc/new-GUI/install/marker_interfacing/include/marker_interfacing/marker_interfacing/srv/detail/reorder_markers__traits.hpp
[3.824s] -- Up-to-date: /home/urc/new-GUI/install/marker_interfacing/include/marker_interfacing/marker_interfacing/srv/detail/insert_marker__builder.hpp
[3.824s] -- Up-to-date: /home/urc/new-GUI/install/marker_interfacing/include/marker_interfacing/marker_interfacing/srv/detail/remove_current_marker__builder.hpp
[3.824s] -- Up-to-date: /home/urc/new-GUI/install/marker_interfacing/include/marker_interfacing/marker_interfacing/srv/detail/publish_current_marker__builder.hpp
[3.824s] -- Up-to-date: /home/urc/new-GUI/install/marker_interfacing/include/marker_interfacing/marker_interfacing/srv/detail/insert_marker__struct.hpp
[3.825s] -- Up-to-date: /home/urc/new-GUI/install/marker_interfacing/include/marker_interfacing/marker_interfacing/srv/detail/plan_home_marker__struct.hpp
[3.825s] -- Up-to-date: /home/urc/new-GUI/install/marker_interfacing/include/marker_interfacing/marker_interfacing/srv/detail/clear_markers__struct.hpp
[3.825s] -- Up-to-date: /home/urc/new-GUI/install/marker_interfacing/include/marker_interfacing/marker_interfacing/srv/detail/add_marker__struct.hpp
[3.825s] -- Up-to-date: /home/urc/new-GUI/install/marker_interfacing/include/marker_interfacing/marker_interfacing/srv/detail/plan_home_marker__traits.hpp
[3.825s] -- Up-to-date: /home/urc/new-GUI/install/marker_interfacing/include/marker_interfacing/marker_interfacing/srv/detail/reorder_marker__builder.hpp
[3.825s] -- Up-to-date: /home/urc/new-GUI/install/marker_interfacing/include/marker_interfacing/marker_interfacing/srv/detail/remove_marker__traits.hpp
[3.825s] -- Up-to-date: /home/urc/new-GUI/install/marker_interfacing/include/marker_interfacing/marker_interfacing/srv/detail/reorder_marker__traits.hpp
[3.825s] -- Up-to-date: /home/urc/new-GUI/install/marker_interfacing/include/marker_interfacing/marker_interfacing/srv/add_marker.hpp
[3.825s] -- Up-to-date: /home/urc/new-GUI/install/marker_interfacing/include/marker_interfacing/marker_interfacing/srv/clear_markers.hpp
[3.826s] -- Up-to-date: /home/urc/new-GUI/install/marker_interfacing/include/marker_interfacing/marker_interfacing
[3.826s] -- Up-to-date: /home/urc/new-GUI/install/marker_interfacing/include/marker_interfacing/marker_interfacing/msg
[3.826s] -- Up-to-date: /home/urc/new-GUI/install/marker_interfacing/include/marker_interfacing/marker_interfacing/msg/rosidl_typesupport_fastrtps_cpp__visibility_control.h
[3.826s] -- Up-to-date: /home/urc/new-GUI/install/marker_interfacing/include/marker_interfacing/marker_interfacing/msg/detail
[3.826s] -- Up-to-date: /home/urc/new-GUI/install/marker_interfacing/include/marker_interfacing/marker_interfacing/msg/detail/geodetic_marker__rosidl_typesupport_fastrtps_cpp.hpp
[3.826s] -- Up-to-date: /home/urc/new-GUI/install/marker_interfacing/include/marker_interfacing/marker_interfacing/msg/detail/geodetic_marker_list__rosidl_typesupport_fastrtps_cpp.hpp
[3.826s] -- Up-to-date: /home/urc/new-GUI/install/marker_interfacing/include/marker_interfacing/marker_interfacing/msg/detail/dds_fastrtps
[3.826s] -- Up-to-date: /home/urc/new-GUI/install/marker_interfacing/include/marker_interfacing/marker_interfacing/msg/detail/enu_marker__rosidl_typesupport_fastrtps_cpp.hpp
[3.826s] -- Up-to-date: /home/urc/new-GUI/install/marker_interfacing/include/marker_interfacing/marker_interfacing/srv
[3.826s] -- Up-to-date: /home/urc/new-GUI/install/marker_interfacing/include/marker_interfacing/marker_interfacing/srv/detail
[3.826s] -- Up-to-date: /home/urc/new-GUI/install/marker_interfacing/include/marker_interfacing/marker_interfacing/srv/detail/reorder_marker__rosidl_typesupport_fastrtps_cpp.hpp
[3.827s] -- Up-to-date: /home/urc/new-GUI/install/marker_interfacing/include/marker_interfacing/marker_interfacing/srv/detail/remove_marker__rosidl_typesupport_fastrtps_cpp.hpp
[3.827s] -- Up-to-date: /home/urc/new-GUI/install/marker_interfacing/include/marker_interfacing/marker_interfacing/srv/detail/remove_current_marker__rosidl_typesupport_fastrtps_cpp.hpp
[3.827s] -- Up-to-date: /home/urc/new-GUI/install/marker_interfacing/include/marker_interfacing/marker_interfacing/srv/detail/add_marker__rosidl_typesupport_fastrtps_cpp.hpp
[3.827s] -- Up-to-date: /home/urc/new-GUI/install/marker_interfacing/include/marker_interfacing/marker_interfacing/srv/detail/publish_current_marker__rosidl_typesupport_fastrtps_cpp.hpp
[3.827s] -- Up-to-date: /home/urc/new-GUI/install/marker_interfacing/include/marker_interfacing/marker_interfacing/srv/detail/insert_marker__rosidl_typesupport_fastrtps_cpp.hpp
[3.827s] -- Up-to-date: /home/urc/new-GUI/install/marker_interfacing/include/marker_interfacing/marker_interfacing/srv/detail/reorder_markers__rosidl_typesupport_fastrtps_cpp.hpp
[3.827s] -- Up-to-date: /home/urc/new-GUI/install/marker_interfacing/include/marker_interfacing/marker_interfacing/srv/detail/clear_markers__rosidl_typesupport_fastrtps_cpp.hpp
[3.827s] -- Up-to-date: /home/urc/new-GUI/install/marker_interfacing/include/marker_interfacing/marker_interfacing/srv/detail/dds_fastrtps
[3.827s] -- Up-to-date: /home/urc/new-GUI/install/marker_interfacing/include/marker_interfacing/marker_interfacing/srv/detail/edit_marker__rosidl_typesupport_fastrtps_cpp.hpp
[3.828s] -- Up-to-date: /home/urc/new-GUI/install/marker_interfacing/include/marker_interfacing/marker_interfacing/srv/detail/plan_home_marker__rosidl_typesupport_fastrtps_cpp.hpp
[3.828s] -- Up-to-date: /home/urc/new-GUI/install/marker_interfacing/lib/libmarker_interfacing__rosidl_typesupport_fastrtps_cpp.so
[3.828s] -- Up-to-date: /home/urc/new-GUI/install/marker_interfacing/include/marker_interfacing/marker_interfacing
[3.828s] -- Up-to-date: /home/urc/new-GUI/install/marker_interfacing/include/marker_interfacing/marker_interfacing/msg
[3.828s] -- Up-to-date: /home/urc/new-GUI/install/marker_interfacing/include/marker_interfacing/marker_interfacing/msg/detail
[3.828s] -- Up-to-date: /home/urc/new-GUI/install/marker_interfacing/include/marker_interfacing/marker_interfacing/msg/detail/geodetic_marker_list__type_support.cpp
[3.828s] -- Up-to-date: /home/urc/new-GUI/install/marker_interfacing/include/marker_interfacing/marker_interfacing/msg/detail/geodetic_marker__type_support.cpp
[3.828s] -- Up-to-date: /home/urc/new-GUI/install/marker_interfacing/include/marker_interfacing/marker_interfacing/msg/detail/geodetic_marker__rosidl_typesupport_introspection_cpp.hpp
[3.828s] -- Up-to-date: /home/urc/new-GUI/install/marker_interfacing/include/marker_interfacing/marker_interfacing/msg/detail/enu_marker__rosidl_typesupport_introspection_cpp.hpp
[3.829s] -- Up-to-date: /home/urc/new-GUI/install/marker_interfacing/include/marker_interfacing/marker_interfacing/msg/detail/enu_marker__type_support.cpp
[3.829s] -- Up-to-date: /home/urc/new-GUI/install/marker_interfacing/include/marker_interfacing/marker_interfacing/msg/detail/geodetic_marker_list__rosidl_typesupport_introspection_cpp.hpp
[3.829s] -- Up-to-date: /home/urc/new-GUI/install/marker_interfacing/include/marker_interfacing/marker_interfacing/srv
[3.829s] -- Up-to-date: /home/urc/new-GUI/install/marker_interfacing/include/marker_interfacing/marker_interfacing/srv/detail
[3.829s] -- Up-to-date: /home/urc/new-GUI/install/marker_interfacing/include/marker_interfacing/marker_interfacing/srv/detail/reorder_marker__type_support.cpp
[3.829s] -- Up-to-date: /home/urc/new-GUI/install/marker_interfacing/include/marker_interfacing/marker_interfacing/srv/detail/reorder_marker__rosidl_typesupport_introspection_cpp.hpp
[3.829s] -- Up-to-date: /home/urc/new-GUI/install/marker_interfacing/include/marker_interfacing/marker_interfacing/srv/detail/remove_current_marker__rosidl_typesupport_introspection_cpp.hpp
[3.829s] -- Up-to-date: /home/urc/new-GUI/install/marker_interfacing/include/marker_interfacing/marker_interfacing/srv/detail/reorder_markers__rosidl_typesupport_introspection_cpp.hpp
[3.829s] -- Up-to-date: /home/urc/new-GUI/install/marker_interfacing/include/marker_interfacing/marker_interfacing/srv/detail/clear_markers__rosidl_typesupport_introspection_cpp.hpp
[3.830s] -- Up-to-date: /home/urc/new-GUI/install/marker_interfacing/include/marker_interfacing/marker_interfacing/srv/detail/add_marker__rosidl_typesupport_introspection_cpp.hpp
[3.830s] -- Up-to-date: /home/urc/new-GUI/install/marker_interfacing/include/marker_interfacing/marker_interfacing/srv/detail/insert_marker__rosidl_typesupport_introspection_cpp.hpp
[3.830s] -- Up-to-date: /home/urc/new-GUI/install/marker_interfacing/include/marker_interfacing/marker_interfacing/srv/detail/edit_marker__rosidl_typesupport_introspection_cpp.hpp
[3.830s] -- Up-to-date: /home/urc/new-GUI/install/marker_interfacing/include/marker_interfacing/marker_interfacing/srv/detail/clear_markers__type_support.cpp
[3.830s] -- Up-to-date: /home/urc/new-GUI/install/marker_interfacing/include/marker_interfacing/marker_interfacing/srv/detail/insert_marker__type_support.cpp
[3.830s] -- Up-to-date: /home/urc/new-GUI/install/marker_interfacing/include/marker_interfacing/marker_interfacing/srv/detail/add_marker__type_support.cpp
[3.830s] -- Up-to-date: /home/urc/new-GUI/install/marker_interfacing/include/marker_interfacing/marker_interfacing/srv/detail/publish_current_marker__rosidl_typesupport_introspection_cpp.hpp
[3.830s] -- Up-to-date: /home/urc/new-GUI/install/marker_interfacing/include/marker_interfacing/marker_interfacing/srv/detail/edit_marker__type_support.cpp
[3.830s] -- Up-to-date: /home/urc/new-GUI/install/marker_interfacing/include/marker_interfacing/marker_interfacing/srv/detail/remove_marker__rosidl_typesupport_introspection_cpp.hpp
[3.830s] -- Up-to-date: /home/urc/new-GUI/install/marker_interfacing/include/marker_interfacing/marker_interfacing/srv/detail/reorder_markers__type_support.cpp
[3.831s] -- Up-to-date: /home/urc/new-GUI/install/marker_interfacing/include/marker_interfacing/marker_interfacing/srv/detail/plan_home_marker__type_support.cpp
[3.831s] -- Up-to-date: /home/urc/new-GUI/install/marker_interfacing/include/marker_interfacing/marker_interfacing/srv/detail/publish_current_marker__type_support.cpp
[3.831s] -- Up-to-date: /home/urc/new-GUI/install/marker_interfacing/include/marker_interfacing/marker_interfacing/srv/detail/remove_marker__type_support.cpp
[3.831s] -- Up-to-date: /home/urc/new-GUI/install/marker_interfacing/include/marker_interfacing/marker_interfacing/srv/detail/remove_current_marker__type_support.cpp
[3.831s] -- Up-to-date: /home/urc/new-GUI/install/marker_interfacing/include/marker_interfacing/marker_interfacing/srv/detail/plan_home_marker__rosidl_typesupport_introspection_cpp.hpp
[3.831s] -- Up-to-date: /home/urc/new-GUI/install/marker_interfacing/lib/libmarker_interfacing__rosidl_typesupport_introspection_cpp.so
[3.831s] -- Up-to-date: /home/urc/new-GUI/install/marker_interfacing/lib/libmarker_interfacing__rosidl_typesupport_cpp.so
[3.831s] -- Up-to-date: /home/urc/new-GUI/install/marker_interfacing/share/marker_interfacing/environment/pythonpath.sh
[3.831s] -- Up-to-date: /home/urc/new-GUI/install/marker_interfacing/share/marker_interfacing/environment/pythonpath.dsv
[3.831s] -- Up-to-date: /home/urc/new-GUI/install/marker_interfacing/local/lib/python3.10/dist-packages/marker_interfacing-0.0.0-py3.10.egg-info
[3.832s] -- Installing: /home/urc/new-GUI/install/marker_interfacing/local/lib/python3.10/dist-packages/marker_interfacing-0.0.0-py3.10.egg-info/PKG-INFO
[3.832s] -- Installing: /home/urc/new-GUI/install/marker_interfacing/local/lib/python3.10/dist-packages/marker_interfacing-0.0.0-py3.10.egg-info/dependency_links.txt
[3.832s] -- Installing: /home/urc/new-GUI/install/marker_interfacing/local/lib/python3.10/dist-packages/marker_interfacing-0.0.0-py3.10.egg-info/top_level.txt
[3.832s] -- Installing: /home/urc/new-GUI/install/marker_interfacing/local/lib/python3.10/dist-packages/marker_interfacing-0.0.0-py3.10.egg-info/SOURCES.txt
[3.832s] -- Up-to-date: /home/urc/new-GUI/install/marker_interfacing/local/lib/python3.10/dist-packages/marker_interfacing
[3.841s] -- Up-to-date: /home/urc/new-GUI/install/marker_interfacing/local/lib/python3.10/dist-packages/marker_interfacing/libmarker_interfacing__rosidl_generator_py.so
[3.841s] -- Up-to-date: /home/urc/new-GUI/install/marker_interfacing/local/lib/python3.10/dist-packages/marker_interfacing/marker_interfacing_s__rosidl_typesupport_c.cpython-310-x86_64-linux-gnu.so
[3.841s] -- Up-to-date: /home/urc/new-GUI/install/marker_interfacing/local/lib/python3.10/dist-packages/marker_interfacing/_marker_interfacing_s.ep.rosidl_typesupport_fastrtps_c.c
[3.841s] -- Up-to-date: /home/urc/new-GUI/install/marker_interfacing/local/lib/python3.10/dist-packages/marker_interfacing/msg
[3.841s] -- Up-to-date: /home/urc/new-GUI/install/marker_interfacing/local/lib/python3.10/dist-packages/marker_interfacing/msg/_enu_marker.py
[3.841s] -- Up-to-date: /home/urc/new-GUI/install/marker_interfacing/local/lib/python3.10/dist-packages/marker_interfacing/msg/_enu_marker_s.c
[3.842s] -- Up-to-date: /home/urc/new-GUI/install/marker_interfacing/local/lib/python3.10/dist-packages/marker_interfacing/msg/_geodetic_marker_s.c
[3.842s] -- Up-to-date: /home/urc/new-GUI/install/marker_interfacing/local/lib/python3.10/dist-packages/marker_interfacing/msg/__init__.py
[3.842s] -- Up-to-date: /home/urc/new-GUI/install/marker_interfacing/local/lib/python3.10/dist-packages/marker_interfacing/msg/_geodetic_marker.py
[3.842s] -- Up-to-date: /home/urc/new-GUI/install/marker_interfacing/local/lib/python3.10/dist-packages/marker_interfacing/msg/_geodetic_marker_list_s.c
[3.842s] -- Up-to-date: /home/urc/new-GUI/install/marker_interfacing/local/lib/python3.10/dist-packages/marker_interfacing/msg/_geodetic_marker_list.py
[3.842s] -- Up-to-date: /home/urc/new-GUI/install/marker_interfacing/local/lib/python3.10/dist-packages/marker_interfacing/__init__.py
[3.842s] -- Up-to-date: /home/urc/new-GUI/install/marker_interfacing/local/lib/python3.10/dist-packages/marker_interfacing/_marker_interfacing_s.ep.rosidl_typesupport_introspection_c.c
[3.842s] -- Up-to-date: /home/urc/new-GUI/install/marker_interfacing/local/lib/python3.10/dist-packages/marker_interfacing/marker_interfacing_s__rosidl_typesupport_introspection_c.cpython-310-x86_64-linux-gnu.so
[3.842s] -- Up-to-date: /home/urc/new-GUI/install/marker_interfacing/local/lib/python3.10/dist-packages/marker_interfacing/srv
[3.842s] -- Up-to-date: /home/urc/new-GUI/install/marker_interfacing/local/lib/python3.10/dist-packages/marker_interfacing/srv/_remove_current_marker.py
[3.842s] -- Up-to-date: /home/urc/new-GUI/install/marker_interfacing/local/lib/python3.10/dist-packages/marker_interfacing/srv/_add_marker_s.c
[3.843s] -- Up-to-date: /home/urc/new-GUI/install/marker_interfacing/local/lib/python3.10/dist-packages/marker_interfacing/srv/_plan_home_marker_s.c
[3.843s] -- Up-to-date: /home/urc/new-GUI/install/marker_interfacing/local/lib/python3.10/dist-packages/marker_interfacing/srv/_remove_marker.py
[3.843s] -- Up-to-date: /home/urc/new-GUI/install/marker_interfacing/local/lib/python3.10/dist-packages/marker_interfacing/srv/_insert_marker.py
[3.843s] -- Up-to-date: /home/urc/new-GUI/install/marker_interfacing/local/lib/python3.10/dist-packages/marker_interfacing/srv/_remove_marker_s.c
[3.843s] -- Up-to-date: /home/urc/new-GUI/install/marker_interfacing/local/lib/python3.10/dist-packages/marker_interfacing/srv/__init__.py
[3.843s] -- Up-to-date: /home/urc/new-GUI/install/marker_interfacing/local/lib/python3.10/dist-packages/marker_interfacing/srv/_remove_current_marker_s.c
[3.843s] -- Up-to-date: /home/urc/new-GUI/install/marker_interfacing/local/lib/python3.10/dist-packages/marker_interfacing/srv/_clear_markers.py
[3.843s] -- Up-to-date: /home/urc/new-GUI/install/marker_interfacing/local/lib/python3.10/dist-packages/marker_interfacing/srv/_add_marker.py
[3.843s] -- Up-to-date: /home/urc/new-GUI/install/marker_interfacing/local/lib/python3.10/dist-packages/marker_interfacing/srv/_clear_markers_s.c
[3.844s] -- Up-to-date: /home/urc/new-GUI/install/marker_interfacing/local/lib/python3.10/dist-packages/marker_interfacing/srv/_publish_current_marker.py
[3.844s] -- Up-to-date: /home/urc/new-GUI/install/marker_interfacing/local/lib/python3.10/dist-packages/marker_interfacing/srv/_reorder_markers.py
[3.844s] -- Up-to-date: /home/urc/new-GUI/install/marker_interfacing/local/lib/python3.10/dist-packages/marker_interfacing/srv/_reorder_marker.py
[3.844s] -- Up-to-date: /home/urc/new-GUI/install/marker_interfacing/local/lib/python3.10/dist-packages/marker_interfacing/srv/_publish_current_marker_s.c
[3.844s] -- Up-to-date: /home/urc/new-GUI/install/marker_interfacing/local/lib/python3.10/dist-packages/marker_interfacing/srv/_insert_marker_s.c
[3.844s] -- Up-to-date: /home/urc/new-GUI/install/marker_interfacing/local/lib/python3.10/dist-packages/marker_interfacing/srv/_edit_marker.py
[3.844s] -- Up-to-date: /home/urc/new-GUI/install/marker_interfacing/local/lib/python3.10/dist-packages/marker_interfacing/srv/_plan_home_marker.py
[3.844s] -- Up-to-date: /home/urc/new-GUI/install/marker_interfacing/local/lib/python3.10/dist-packages/marker_interfacing/srv/_reorder_marker_s.c
[3.844s] -- Up-to-date: /home/urc/new-GUI/install/marker_interfacing/local/lib/python3.10/dist-packages/marker_interfacing/srv/_edit_marker_s.c
[3.852s] -- Up-to-date: /home/urc/new-GUI/install/marker_interfacing/local/lib/python3.10/dist-packages/marker_interfacing/srv/_reorder_markers_s.c
[3.852s] -- Up-to-date: /home/urc/new-GUI/install/marker_interfacing/local/lib/python3.10/dist-packages/marker_interfacing/marker_interfacing_s__rosidl_typesupport_fastrtps_c.cpython-310-x86_64-linux-gnu.so
[3.852s] -- Up-to-date: /home/urc/new-GUI/install/marker_interfacing/local/lib/python3.10/dist-packages/marker_interfacing/_marker_interfacing_s.ep.rosidl_typesupport_c.c
[3.894s] Listing '/home/urc/new-GUI/install/marker_interfacing/local/lib/python3.10/dist-packages/marker_interfacing'...
[3.894s] Listing '/home/urc/new-GUI/install/marker_interfacing/local/lib/python3.10/dist-packages/marker_interfacing/msg'...
[3.894s] Listing '/home/urc/new-GUI/install/marker_interfacing/local/lib/python3.10/dist-packages/marker_interfacing/srv'...
[3.929s] -- Up-to-date: /home/urc/new-GUI/install/marker_interfacing/local/lib/python3.10/dist-packages/marker_interfacing/marker_interfacing_s__rosidl_typesupport_fastrtps_c.cpython-310-x86_64-linux-gnu.so
[3.929s] -- Up-to-date: /home/urc/new-GUI/install/marker_interfacing/local/lib/python3.10/dist-packages/marker_interfacing/marker_interfacing_s__rosidl_typesupport_introspection_c.cpython-310-x86_64-linux-gnu.so
[3.929s] -- Up-to-date: /home/urc/new-GUI/install/marker_interfacing/local/lib/python3.10/dist-packages/marker_interfacing/marker_interfacing_s__rosidl_typesupport_c.cpython-310-x86_64-linux-gnu.so
[3.929s] -- Up-to-date: /home/urc/new-GUI/install/marker_interfacing/lib/libmarker_interfacing__rosidl_generator_py.so
[3.929s] -- Up-to-date: /home/urc/new-GUI/install/marker_interfacing/share/marker_interfacing/msg/ENUMarker.idl
[3.930s] -- Up-to-date: /home/urc/new-GUI/install/marker_interfacing/share/marker_interfacing/msg/GeodeticMarker.idl
[3.930s] -- Up-to-date: /home/urc/new-GUI/install/marker_interfacing/share/marker_interfacing/msg/GeodeticMarkerList.idl
[3.930s] -- Up-to-date: /home/urc/new-GUI/install/marker_interfacing/share/marker_interfacing/srv/AddMarker.idl
[3.930s] -- Up-to-date: /home/urc/new-GUI/install/marker_interfacing/share/marker_interfacing/srv/ClearMarkers.idl
[3.930s] -- Up-to-date: /home/urc/new-GUI/install/marker_interfacing/share/marker_interfacing/srv/EditMarker.idl
[3.930s] -- Up-to-date: /home/urc/new-GUI/install/marker_interfacing/share/marker_interfacing/srv/InsertMarker.idl
[3.930s] -- Up-to-date: /home/urc/new-GUI/install/marker_interfacing/share/marker_interfacing/srv/PlanHomeMarker.idl
[3.930s] -- Up-to-date: /home/urc/new-GUI/install/marker_interfacing/share/marker_interfacing/srv/PublishCurrentMarker.idl
[3.931s] -- Up-to-date: /home/urc/new-GUI/install/marker_interfacing/share/marker_interfacing/srv/RemoveCurrentMarker.idl
[3.931s] -- Up-to-date: /home/urc/new-GUI/install/marker_interfacing/share/marker_interfacing/srv/RemoveMarker.idl
[3.931s] -- Up-to-date: /home/urc/new-GUI/install/marker_interfacing/share/marker_interfacing/srv/ReorderMarker.idl
[3.931s] -- Up-to-date: /home/urc/new-GUI/install/marker_interfacing/share/marker_interfacing/srv/ReorderMarkers.idl
[3.931s] -- Up-to-date: /home/urc/new-GUI/install/marker_interfacing/share/marker_interfacing/msg/ENUMarker.msg
[3.931s] -- Up-to-date: /home/urc/new-GUI/install/marker_interfacing/share/marker_interfacing/msg/GeodeticMarker.msg
[3.931s] -- Up-to-date: /home/urc/new-GUI/install/marker_interfacing/share/marker_interfacing/msg/GeodeticMarkerList.msg
[3.932s] -- Up-to-date: /home/urc/new-GUI/install/marker_interfacing/share/marker_interfacing/srv/AddMarker.srv
[3.932s] -- Up-to-date: /home/urc/new-GUI/install/marker_interfacing/share/marker_interfacing/srv/AddMarker_Request.msg
[3.932s] -- Up-to-date: /home/urc/new-GUI/install/marker_interfacing/share/marker_interfacing/srv/AddMarker_Response.msg
[3.932s] -- Up-to-date: /home/urc/new-GUI/install/marker_interfacing/share/marker_interfacing/srv/ClearMarkers.srv
[3.932s] -- Up-to-date: /home/urc/new-GUI/install/marker_interfacing/share/marker_interfacing/srv/ClearMarkers_Request.msg
[3.932s] -- Up-to-date: /home/urc/new-GUI/install/marker_interfacing/share/marker_interfacing/srv/ClearMarkers_Response.msg
[3.932s] -- Up-to-date: /home/urc/new-GUI/install/marker_interfacing/share/marker_interfacing/srv/EditMarker.srv
[3.933s] -- Up-to-date: /home/urc/new-GUI/install/marker_interfacing/share/marker_interfacing/srv/EditMarker_Request.msg
[3.933s] -- Up-to-date: /home/urc/new-GUI/install/marker_interfacing/share/marker_interfacing/srv/EditMarker_Response.msg
[3.933s] -- Up-to-date: /home/urc/new-GUI/install/marker_interfacing/share/marker_interfacing/srv/InsertMarker.srv
[3.934s] -- Up-to-date: /home/urc/new-GUI/install/marker_interfacing/share/marker_interfacing/srv/InsertMarker_Request.msg
[3.934s] -- Up-to-date: /home/urc/new-GUI/install/marker_interfacing/share/marker_interfacing/srv/InsertMarker_Response.msg
[3.934s] -- Up-to-date: /home/urc/new-GUI/install/marker_interfacing/share/marker_interfacing/srv/PlanHomeMarker.srv
[3.934s] -- Up-to-date: /home/urc/new-GUI/install/marker_interfacing/share/marker_interfacing/srv/PlanHomeMarker_Request.msg
[3.934s] -- Up-to-date: /home/urc/new-GUI/install/marker_interfacing/share/marker_interfacing/srv/PlanHomeMarker_Response.msg
[3.934s] -- Up-to-date: /home/urc/new-GUI/install/marker_interfacing/share/marker_interfacing/srv/PublishCurrentMarker.srv
[3.935s] -- Up-to-date: /home/urc/new-GUI/install/marker_interfacing/share/marker_interfacing/srv/PublishCurrentMarker_Request.msg
[3.935s] -- Up-to-date: /home/urc/new-GUI/install/marker_interfacing/share/marker_interfacing/srv/PublishCurrentMarker_Response.msg
[3.935s] -- Up-to-date: /home/urc/new-GUI/install/marker_interfacing/share/marker_interfacing/srv/RemoveCurrentMarker.srv
[3.935s] -- Up-to-date: /home/urc/new-GUI/install/marker_interfacing/share/marker_interfacing/srv/RemoveCurrentMarker_Request.msg
[3.935s] -- Up-to-date: /home/urc/new-GUI/install/marker_interfacing/share/marker_interfacing/srv/RemoveCurrentMarker_Response.msg
[3.936s] -- Up-to-date: /home/urc/new-GUI/install/marker_interfacing/share/marker_interfacing/srv/RemoveMarker.srv
[3.936s] -- Up-to-date: /home/urc/new-GUI/install/marker_interfacing/share/marker_interfacing/srv/RemoveMarker_Request.msg
[3.936s] -- Up-to-date: /home/urc/new-GUI/install/marker_interfacing/share/marker_interfacing/srv/RemoveMarker_Response.msg
[3.936s] -- Up-to-date: /home/urc/new-GUI/install/marker_interfacing/share/marker_interfacing/srv/ReorderMarker.srv
[3.937s] -- Up-to-date: /home/urc/new-GUI/install/marker_interfacing/share/marker_interfacing/srv/ReorderMarker_Request.msg
[3.938s] -- Up-to-date: /home/urc/new-GUI/install/marker_interfacing/share/marker_interfacing/srv/ReorderMarker_Response.msg
[3.938s] -- Up-to-date: /home/urc/new-GUI/install/marker_interfacing/share/marker_interfacing/srv/ReorderMarkers.srv
[3.938s] -- Up-to-date: /home/urc/new-GUI/install/marker_interfacing/share/marker_interfacing/srv/ReorderMarkers_Request.msg
[3.938s] -- Up-to-date: /home/urc/new-GUI/install/marker_interfacing/share/marker_interfacing/srv/ReorderMarkers_Response.msg
[3.938s] -- Up-to-date: /home/urc/new-GUI/install/marker_interfacing/share/ament_index/resource_index/package_run_dependencies/marker_interfacing
[3.938s] -- Up-to-date: /home/urc/new-GUI/install/marker_interfacing/share/ament_index/resource_index/parent_prefix_path/marker_interfacing
[3.938s] -- Up-to-date: /home/urc/new-GUI/install/marker_interfacing/share/marker_interfacing/environment/ament_prefix_path.sh
[3.941s] -- Up-to-date: /home/urc/new-GUI/install/marker_interfacing/share/marker_interfacing/environment/ament_prefix_path.dsv
[3.941s] -- Up-to-date: /home/urc/new-GUI/install/marker_interfacing/share/marker_interfacing/environment/path.sh
[3.941s] -- Up-to-date: /home/urc/new-GUI/install/marker_interfacing/share/marker_interfacing/environment/path.dsv
[3.944s] -- Up-to-date: /home/urc/new-GUI/install/marker_interfacing/share/marker_interfacing/local_setup.bash
[3.944s] -- Up-to-date: /home/urc/new-GUI/install/marker_interfacing/share/marker_interfacing/local_setup.sh
[3.944s] -- Up-to-date: /home/urc/new-GUI/install/marker_interfacing/share/marker_interfacing/local_setup.zsh
[3.945s] -- Up-to-date: /home/urc/new-GUI/install/marker_interfacing/share/marker_interfacing/local_setup.dsv
[3.945s] -- Installing: /home/urc/new-GUI/install/marker_interfacing/share/marker_interfacing/package.dsv
[3.945s] -- Up-to-date: /home/urc/new-GUI/install/marker_interfacing/share/ament_index/resource_index/packages/marker_interfacing
[3.945s] -- Up-to-date: /home/urc/new-GUI/install/marker_interfacing/share/marker_interfacing/cmake/export_marker_interfacing__rosidl_generator_cExport.cmake
[3.946s] -- Up-to-date: /home/urc/new-GUI/install/marker_interfacing/share/marker_interfacing/cmake/export_marker_interfacing__rosidl_generator_cExport-noconfig.cmake
[3.950s] -- Up-to-date: /home/urc/new-GUI/install/marker_interfacing/share/marker_interfacing/cmake/export_marker_interfacing__rosidl_typesupport_fastrtps_cExport.cmake
[3.950s] -- Up-to-date: /home/urc/new-GUI/install/marker_interfacing/share/marker_interfacing/cmake/export_marker_interfacing__rosidl_typesupport_fastrtps_cExport-noconfig.cmake
[3.950s] -- Up-to-date: /home/urc/new-GUI/install/marker_interfacing/share/marker_interfacing/cmake/marker_interfacing__rosidl_typesupport_introspection_cExport.cmake
[3.950s] -- Up-to-date: /home/urc/new-GUI/install/marker_interfacing/share/marker_interfacing/cmake/marker_interfacing__rosidl_typesupport_introspection_cExport-noconfig.cmake
[3.951s] -- Up-to-date: /home/urc/new-GUI/install/marker_interfacing/share/marker_interfacing/cmake/marker_interfacing__rosidl_typesupport_cExport.cmake
[3.951s] -- Up-to-date: /home/urc/new-GUI/install/marker_interfacing/share/marker_interfacing/cmake/marker_interfacing__rosidl_typesupport_cExport-noconfig.cmake
[3.951s] -- Up-to-date: /home/urc/new-GUI/install/marker_interfacing/share/marker_interfacing/cmake/export_marker_interfacing__rosidl_generator_cppExport.cmake
[3.951s] -- Up-to-date: /home/urc/new-GUI/install/marker_interfacing/share/marker_interfacing/cmake/export_marker_interfacing__rosidl_typesupport_fastrtps_cppExport.cmake
[3.951s] -- Up-to-date: /home/urc/new-GUI/install/marker_interfacing/share/marker_interfacing/cmake/export_marker_interfacing__rosidl_typesupport_fastrtps_cppExport-noconfig.cmake
[3.951s] -- Up-to-date: /home/urc/new-GUI/install/marker_interfacing/share/marker_interfacing/cmake/marker_interfacing__rosidl_typesupport_introspection_cppExport.cmake
[3.951s] -- Up-to-date: /home/urc/new-GUI/install/marker_interfacing/share/marker_interfacing/cmake/marker_interfacing__rosidl_typesupport_introspection_cppExport-noconfig.cmake
[3.951s] -- Up-to-date: /home/urc/new-GUI/install/marker_interfacing/share/marker_interfacing/cmake/marker_interfacing__rosidl_typesupport_cppExport.cmake
[3.952s] -- Up-to-date: /home/urc/new-GUI/install/marker_interfacing/share/marker_interfacing/cmake/marker_interfacing__rosidl_typesupport_cppExport-noconfig.cmake
[3.952s] -- Up-to-date: /home/urc/new-GUI/install/marker_interfacing/share/marker_interfacing/cmake/export_marker_interfacing__rosidl_generator_pyExport.cmake
[3.952s] -- Up-to-date: /home/urc/new-GUI/install/marker_interfacing/share/marker_interfacing/cmake/export_marker_interfacing__rosidl_generator_pyExport-noconfig.cmake
[3.952s] -- Up-to-date: /home/urc/new-GUI/install/marker_interfacing/share/marker_interfacing/cmake/rosidl_cmake-extras.cmake
[3.958s] -- Up-to-date: /home/urc/new-GUI/install/marker_interfacing/share/marker_interfacing/cmake/ament_cmake_export_dependencies-extras.cmake
[3.964s] -- Up-to-date: /home/urc/new-GUI/install/marker_interfacing/share/marker_interfacing/cmake/ament_cmake_export_include_directories-extras.cmake
[3.964s] -- Up-to-date: /home/urc/new-GUI/install/marker_interfacing/share/marker_interfacing/cmake/ament_cmake_export_libraries-extras.cmake
[3.964s] -- Up-to-date: /home/urc/new-GUI/install/marker_interfacing/share/marker_interfacing/cmake/ament_cmake_export_targets-extras.cmake
[3.966s] -- Up-to-date: /home/urc/new-GUI/install/marker_interfacing/share/marker_interfacing/cmake/rosidl_cmake_export_typesupport_targets-extras.cmake
[3.967s] -- Up-to-date: /home/urc/new-GUI/install/marker_interfacing/share/marker_interfacing/cmake/rosidl_cmake_export_typesupport_libraries-extras.cmake
[3.967s] -- Up-to-date: /home/urc/new-GUI/install/marker_interfacing/share/marker_interfacing/cmake/marker_interfacingConfig.cmake
[3.967s] -- Up-to-date: /home/urc/new-GUI/install/marker_interfacing/share/marker_interfacing/cmake/marker_interfacingConfig-version.cmake
[3.967s] -- Up-to-date: /home/urc/new-GUI/install/marker_interfacing/share/marker_interfacing/package.xml
[3.975s] Invoked command in '/home/urc/new-GUI/build/marker_interfacing' returned '0': CMAKE_PREFIX_PATH=/opt/ros/humble /usr/bin/cmake --install /home/urc/new-GUI/build/marker_interfacing
