[1.331s] Invoking command in '/home/urc/new-GUI/src/gui_window': CMAKE_PREFIX_PATH=/home/urc/new-GUI/install/rover_gui_lib:/home/urc/new-GUI/install/urc_gui_lib:/home/urc/new-GUI/install/theora_webcams:/home/urc/new-GUI/install/ocean_optics_spectrometer:/home/urc/new-GUI/install/marker_interfacing:/home/urc/new-GUI/install/hockey_stick_arm:/home/urc/new-GUI/install/aruco_finder:/home/urc/new-GUI/install/science_servo_control LD_LIBRARY_PATH=/home/urc/new-GUI/install/rover_gui_lib/lib:/home/urc/new-GUI/install/theora_webcams/lib:/home/urc/new-GUI/install/ocean_optics_spectrometer/lib:/home/urc/new-GUI/install/marker_interfacing/lib:/home/urc/new-GUI/install/hockey_stick_arm/lib:/home/urc/new-GUI/install/aruco_finder/lib:/home/urc/new-GUI/install/science_servo_control/lib:/opt/ros/humble/opt/rviz_ogre_vendor/lib:/opt/ros/humble/lib/x86_64-linux-gnu:/opt/ros/humble/lib PYTHONPATH=/home/urc/new-GUI/build/gui_window/prefix_override:/home/urc/new-GUI/install/gui_window/lib/python3.10/site-packages:${PYTHONPATH} /usr/bin/python3 setup.py egg_info --egg-base ../../build/gui_window build --build-base /home/urc/new-GUI/build/gui_window/build install --record /home/urc/new-GUI/build/gui_window/install.log --single-version-externally-managed
[1.763s] running egg_info
[1.764s] writing ../../build/gui_window/gui_window.egg-info/PKG-INFO
[1.765s] writing dependency_links to ../../build/gui_window/gui_window.egg-info/dependency_links.txt
[1.765s] writing entry points to ../../build/gui_window/gui_window.egg-info/entry_points.txt
[1.765s] writing requirements to ../../build/gui_window/gui_window.egg-info/requires.txt
[1.765s] writing top-level names to ../../build/gui_window/gui_window.egg-info/top_level.txt
[1.770s] reading manifest file '../../build/gui_window/gui_window.egg-info/SOURCES.txt'
[1.773s] writing manifest file '../../build/gui_window/gui_window.egg-info/SOURCES.txt'
[1.774s] running build
[1.774s] running build_py
[1.781s] running install
[1.781s] running install_lib
[1.787s] running install_data
[1.788s] creating /home/urc/new-GUI/install/gui_window/share/gui_window/launch
[1.789s] copying launch/gui_bringup.launch.py -> /home/urc/new-GUI/install/gui_window/share/gui_window/launch
[1.789s] creating /home/urc/new-GUI/install/gui_window/share/gui_window/config
[1.790s] copying config/params.yaml -> /home/urc/new-GUI/install/gui_window/share/gui_window/config
[1.790s] running install_egg_info
[1.792s] removing '/home/urc/new-GUI/install/gui_window/lib/python3.10/site-packages/gui_window-0.0.0-py3.10.egg-info' (and everything under it)
[1.792s] Copying ../../build/gui_window/gui_window.egg-info to /home/urc/new-GUI/install/gui_window/lib/python3.10/site-packages/gui_window-0.0.0-py3.10.egg-info
[1.793s] running install_scripts
[1.823s] Installing gui script to /home/urc/new-GUI/install/gui_window/lib/gui_window
[1.826s] writing list of installed files to '/home/urc/new-GUI/build/gui_window/install.log'
[1.855s] Invoked command in '/home/urc/new-GUI/src/gui_window' returned '0': CMAKE_PREFIX_PATH=/home/urc/new-GUI/install/rover_gui_lib:/home/urc/new-GUI/install/urc_gui_lib:/home/urc/new-GUI/install/theora_webcams:/home/urc/new-GUI/install/ocean_optics_spectrometer:/home/urc/new-GUI/install/marker_interfacing:/home/urc/new-GUI/install/hockey_stick_arm:/home/urc/new-GUI/install/aruco_finder:/home/urc/new-GUI/install/science_servo_control LD_LIBRARY_PATH=/home/urc/new-GUI/install/rover_gui_lib/lib:/home/urc/new-GUI/install/theora_webcams/lib:/home/urc/new-GUI/install/ocean_optics_spectrometer/lib:/home/urc/new-GUI/install/marker_interfacing/lib:/home/urc/new-GUI/install/hockey_stick_arm/lib:/home/urc/new-GUI/install/aruco_finder/lib:/home/urc/new-GUI/install/science_servo_control/lib:/opt/ros/humble/opt/rviz_ogre_vendor/lib:/opt/ros/humble/lib/x86_64-linux-gnu:/opt/ros/humble/lib PYTHONPATH=/home/urc/new-GUI/build/gui_window/prefix_override:/home/urc/new-GUI/install/gui_window/lib/python3.10/site-packages:${PYTHONPATH} /usr/bin/python3 setup.py egg_info --egg-base ../../build/gui_window build --build-base /home/urc/new-GUI/build/gui_window/build install --record /home/urc/new-GUI/build/gui_window/install.log --single-version-externally-managed
