[1.666s] Invoking command in '/home/urc/new-GUI/src/gui_window': CMAKE_PREFIX_PATH=/home/urc/new-GUI/install/rover_gui_lib:/home/urc/new-GUI/install/urc_gui_lib:/home/urc/new-GUI/install/theora_webcams:/home/urc/new-GUI/install/ocean_optics_spectrometer:/home/urc/new-GUI/install/marker_interfacing:/home/urc/new-GUI/install/hockey_stick_arm:/home/urc/new-GUI/install/aruco_finder:/home/urc/new-GUI/install/science_servo_control LD_LIBRARY_PATH=/home/urc/new-GUI/install/rover_gui_lib/lib:/home/urc/new-GUI/install/theora_webcams/lib:/home/urc/new-GUI/install/ocean_optics_spectrometer/lib:/home/urc/new-GUI/install/marker_interfacing/lib:/home/urc/new-GUI/install/hockey_stick_arm/lib:/home/urc/new-GUI/install/aruco_finder/lib:/home/urc/new-GUI/install/science_servo_control/lib:/opt/ros/humble/opt/rviz_ogre_vendor/lib:/opt/ros/humble/lib/x86_64-linux-gnu:/opt/ros/humble/lib PYTHONPATH=/home/urc/new-GUI/build/gui_window/prefix_override:/home/urc/new-GUI/install/gui_window/lib/python3.10/site-packages:/home/urc/new-GUI/install/rover_gui_lib/local/lib/python3.10/dist-packages:/home/urc/new-GUI/install/gui_window/lib/python3.10/site-packages:/home/urc/new-GUI/install/theora_webcams/local/lib/python3.10/dist-packages:/home/urc/new-GUI/install/science_servo_control/local/lib/python3.10/dist-packages:/home/urc/new-GUI/install/ocean_optics_spectrometer/local/lib/python3.10/dist-packages:/home/urc/new-GUI/install/marker_interfacing/local/lib/python3.10/dist-packages:/home/urc/new-GUI/install/hockey_stick_arm/local/lib/python3.10/dist-packages:/home/urc/new-GUI/install/aruco_finder/local/lib/python3.10/dist-packages:/opt/ros/humble/lib/python3.10/site-packages:/opt/ros/humble/local/lib/python3.10/dist-packages /usr/bin/python3 setup.py egg_info --egg-base ../../build/gui_window build --build-base /home/urc/new-GUI/build/gui_window/build install --record /home/urc/new-GUI/build/gui_window/install.log --single-version-externally-managed
[2.228s] running egg_info
[2.229s] writing ../../build/gui_window/gui_window.egg-info/PKG-INFO
[2.230s] writing dependency_links to ../../build/gui_window/gui_window.egg-info/dependency_links.txt
[2.231s] writing entry points to ../../build/gui_window/gui_window.egg-info/entry_points.txt
[2.231s] writing requirements to ../../build/gui_window/gui_window.egg-info/requires.txt
[2.231s] writing top-level names to ../../build/gui_window/gui_window.egg-info/top_level.txt
[2.238s] reading manifest file '../../build/gui_window/gui_window.egg-info/SOURCES.txt'
[2.245s] writing manifest file '../../build/gui_window/gui_window.egg-info/SOURCES.txt'
[2.245s] running build
[2.245s] running build_py
[2.247s] copying gui_window/ui_python/wanderer_controls_tab.py -> /home/urc/new-GUI/build/gui_window/build/lib/gui_window/ui_python
[2.249s] copying gui_window/urc_gui_common/widgets/compass.py -> /home/urc/new-GUI/build/gui_window/build/lib/gui_window/urc_gui_common/widgets
[2.258s] running install
[2.258s] running install_lib
[2.260s] copying /home/urc/new-GUI/build/gui_window/build/lib/gui_window/urc_gui_common/widgets/compass.py -> /home/urc/new-GUI/install/gui_window/lib/python3.10/site-packages/gui_window/urc_gui_common/widgets
[2.262s] copying /home/urc/new-GUI/build/gui_window/build/lib/gui_window/ui_python/wanderer_controls_tab.py -> /home/urc/new-GUI/install/gui_window/lib/python3.10/site-packages/gui_window/ui_python
[2.264s] byte-compiling /home/urc/new-GUI/install/gui_window/lib/python3.10/site-packages/gui_window/urc_gui_common/widgets/compass.py to compass.cpython-310.pyc
[2.266s] byte-compiling /home/urc/new-GUI/install/gui_window/lib/python3.10/site-packages/gui_window/ui_python/wanderer_controls_tab.py to wanderer_controls_tab.cpython-310.pyc
[2.269s] running install_data
[2.270s] running install_egg_info
[2.273s] removing '/home/urc/new-GUI/install/gui_window/lib/python3.10/site-packages/gui_window-0.0.0-py3.10.egg-info' (and everything under it)
[2.274s] Copying ../../build/gui_window/gui_window.egg-info to /home/urc/new-GUI/install/gui_window/lib/python3.10/site-packages/gui_window-0.0.0-py3.10.egg-info
[2.275s] running install_scripts
[2.310s] Installing gui script to /home/urc/new-GUI/install/gui_window/lib/gui_window
[2.314s] writing list of installed files to '/home/urc/new-GUI/build/gui_window/install.log'
[2.383s] Invoked command in '/home/urc/new-GUI/src/gui_window' returned '0': CMAKE_PREFIX_PATH=/home/urc/new-GUI/install/rover_gui_lib:/home/urc/new-GUI/install/urc_gui_lib:/home/urc/new-GUI/install/theora_webcams:/home/urc/new-GUI/install/ocean_optics_spectrometer:/home/urc/new-GUI/install/marker_interfacing:/home/urc/new-GUI/install/hockey_stick_arm:/home/urc/new-GUI/install/aruco_finder:/home/urc/new-GUI/install/science_servo_control LD_LIBRARY_PATH=/home/urc/new-GUI/install/rover_gui_lib/lib:/home/urc/new-GUI/install/theora_webcams/lib:/home/urc/new-GUI/install/ocean_optics_spectrometer/lib:/home/urc/new-GUI/install/marker_interfacing/lib:/home/urc/new-GUI/install/hockey_stick_arm/lib:/home/urc/new-GUI/install/aruco_finder/lib:/home/urc/new-GUI/install/science_servo_control/lib:/opt/ros/humble/opt/rviz_ogre_vendor/lib:/opt/ros/humble/lib/x86_64-linux-gnu:/opt/ros/humble/lib PYTHONPATH=/home/urc/new-GUI/build/gui_window/prefix_override:/home/urc/new-GUI/install/gui_window/lib/python3.10/site-packages:/home/urc/new-GUI/install/rover_gui_lib/local/lib/python3.10/dist-packages:/home/urc/new-GUI/install/gui_window/lib/python3.10/site-packages:/home/urc/new-GUI/install/theora_webcams/local/lib/python3.10/dist-packages:/home/urc/new-GUI/install/science_servo_control/local/lib/python3.10/dist-packages:/home/urc/new-GUI/install/ocean_optics_spectrometer/local/lib/python3.10/dist-packages:/home/urc/new-GUI/install/marker_interfacing/local/lib/python3.10/dist-packages:/home/urc/new-GUI/install/hockey_stick_arm/local/lib/python3.10/dist-packages:/home/urc/new-GUI/install/aruco_finder/local/lib/python3.10/dist-packages:/opt/ros/humble/lib/python3.10/site-packages:/opt/ros/humble/local/lib/python3.10/dist-packages /usr/bin/python3 setup.py egg_info --egg-base ../../build/gui_window build --build-base /home/urc/new-GUI/build/gui_window/build install --record /home/urc/new-GUI/build/gui_window/install.log --single-version-externally-managed
