[0.080s] Invoking command in '/home/urc/new-GUI/build/geographic_info': AMENT_PREFIX_PATH=/home/urc/new-GUI/install/geographic_msgs:${AMENT_PREFIX_PATH} CMAKE_PREFIX_PATH=/home/urc/new-GUI/install/geographic_msgs LD_LIBRARY_PATH=/home/urc/new-GUI/install/geographic_msgs/lib:${LD_LIBRARY_PATH} PYTHONPATH=/home/urc/new-GUI/install/geographic_msgs/local/lib/python3.10/dist-packages:${PYTHONPATH} /usr/bin/cmake /home/urc/new-GUI/src/geographic_info-master/geographic_info -DCATKIN_INSTALL_INTO_PREFIX_ROOT=0 -DCATKIN_SYMLINK_INSTALL=ON -DCMAKE_INSTALL_PREFIX=/home/urc/new-GUI/install/geographic_info
[0.179s] -- The C compiler identification is GNU 11.4.0
[0.277s] -- The CXX compiler identification is GNU 11.4.0
[0.289s] -- Detecting C compiler ABI info
[0.404s] -- Detecting C compiler ABI info - done
[0.411s] -- Check for working C compiler: /usr/bin/cc - skipped
[0.412s] -- Detecting C compile features
[0.413s] -- Detecting C compile features - done
[0.419s] -- Detecting CXX compiler ABI info
[0.562s] -- Detecting CXX compiler ABI info - done
[0.589s] -- Check for working CXX compiler: /usr/bin/c++ - skipped
[0.589s] -- Detecting CXX compile features
[0.590s] -- Detecting CXX compile features - done
[0.607s] [31mCMake Error at CMakeLists.txt:3 (find_package):
[0.609s]   By not providing "Findcatkin.cmake" in CMAKE_MODULE_PATH this project has
[0.610s]   asked CMake to find a package configuration file provided by "catkin", but
[0.610s]   CMake did not find one.
[0.610s] 
[0.610s]   Could not find a package configuration file provided by "catkin" with any
[0.610s]   of the following names:
[0.610s] 
[0.610s]     catkinConfig.cmake
[0.610s]     catkin-config.cmake
[0.610s] 
[0.611s]   Add the installation prefix of "catkin" to CMAKE_PREFIX_PATH or set
[0.611s]   "catkin_DIR" to a directory containing one of the above files.  If "catkin"
[0.611s]   provides a separate development package or SDK, be sure it has been
[0.611s]   installed.
[0.611s] 
[0.611s] [0m
[0.611s] -- Configuring incomplete, errors occurred!
[0.611s] See also "/home/urc/new-GUI/build/geographic_info/CMakeFiles/CMakeOutput.log".
[0.617s] Invoked command in '/home/urc/new-GUI/build/geographic_info' returned '1': AMENT_PREFIX_PATH=/home/urc/new-GUI/install/geographic_msgs:${AMENT_PREFIX_PATH} CMAKE_PREFIX_PATH=/home/urc/new-GUI/install/geographic_msgs LD_LIBRARY_PATH=/home/urc/new-GUI/install/geographic_msgs/lib:${LD_LIBRARY_PATH} PYTHONPATH=/home/urc/new-GUI/install/geographic_msgs/local/lib/python3.10/dist-packages:${PYTHONPATH} /usr/bin/cmake /home/urc/new-GUI/src/geographic_info-master/geographic_info -DCATKIN_INSTALL_INTO_PREFIX_ROOT=0 -DCATKIN_SYMLINK_INSTALL=ON -DCMAKE_INSTALL_PREFIX=/home/urc/new-GUI/install/geographic_info
