[1.493s] Invoking command in '/home/urc/new-GUI/src/gui_window': PYTHONPATH=/home/urc/new-GUI/build/gui_window/prefix_override:/home/urc/new-GUI/install/gui_window/lib/python3.10/site-packages:${PYTHONPATH} /usr/bin/python3 setup.py egg_info --egg-base ../../build/gui_window build --build-base /home/urc/new-GUI/build/gui_window/build install --record /home/urc/new-GUI/build/gui_window/install.log --single-version-externally-managed
[1.931s] running egg_info
[1.933s] writing ../../build/gui_window/gui_window.egg-info/PKG-INFO
[1.934s] writing dependency_links to ../../build/gui_window/gui_window.egg-info/dependency_links.txt
[1.935s] writing entry points to ../../build/gui_window/gui_window.egg-info/entry_points.txt
[1.936s] writing requirements to ../../build/gui_window/gui_window.egg-info/requires.txt
[1.937s] writing top-level names to ../../build/gui_window/gui_window.egg-info/top_level.txt
[1.943s] reading manifest file '../../build/gui_window/gui_window.egg-info/SOURCES.txt'
[1.947s] writing manifest file '../../build/gui_window/gui_window.egg-info/SOURCES.txt'
[1.948s] running build
[1.949s] running build_py
[1.953s] running install
[1.954s] running install_lib
[1.958s] running install_data
[1.959s] running install_egg_info
[1.961s] removing '/home/urc/new-GUI/install/gui_window/lib/python3.10/site-packages/gui_window-0.0.0-py3.10.egg-info' (and everything under it)
[1.965s] Copying ../../build/gui_window/gui_window.egg-info to /home/urc/new-GUI/install/gui_window/lib/python3.10/site-packages/gui_window-0.0.0-py3.10.egg-info
[1.965s] running install_scripts
[1.991s] Installing gui script to /home/urc/new-GUI/install/gui_window/lib/gui_window
[1.993s] writing list of installed files to '/home/urc/new-GUI/build/gui_window/install.log'
