[0.368s] Invoking command in '/home/urc/new-GUI/build/aruco_finder': CMAKE_PREFIX_PATH=/opt/ros/humble /usr/bin/cmake /home/urc/new-GUI/src/aruco_finder -DCMAKE_INSTALL_PREFIX=/home/urc/new-GUI/install/aruco_finder
[0.979s] -- Found ament_cmake: 1.3.5 (/opt/ros/humble/share/ament_cmake/cmake)
[0.979s] -- Found ament_lint_auto: 0.12.8 (/opt/ros/humble/share/ament_lint_auto/cmake)
[0.979s] -- Found std_msgs: 4.2.3 (/opt/ros/humble/share/std_msgs/cmake)
[0.979s] -- Found rosidl_generator_c: 3.1.5 (/opt/ros/humble/share/rosidl_generator_c/cmake)
[0.979s] -- Found rosidl_adapter: 3.1.5 (/opt/ros/humble/share/rosidl_adapter/cmake)
[0.979s] -- Found rosidl_generator_cpp: 3.1.5 (/opt/ros/humble/share/rosidl_generator_cpp/cmake)
[0.980s] -- Using all available rosidl_typesupport_c: rosidl_typesupport_fastrtps_c;rosidl_typesupport_introspection_c
[0.980s] -- Using all available rosidl_typesupport_cpp: rosidl_typesupport_fastrtps_cpp;rosidl_typesupport_introspection_cpp
[0.980s] [33mCMake Warning at CMakeLists.txt:236 (find_package):
[0.980s]   By not providing "Findroscpp.cmake" in CMAKE_MODULE_PATH this project has
[0.980s]   asked CMake to find a package configuration file provided by "roscpp", but
[0.980s]   CMake did not find one.
[0.980s] 
[0.980s]   Could not find a package configuration file provided by "roscpp" with any
[0.980s]   of the following names:
[0.980s] 
[0.981s]     roscppConfig.cmake
[0.981s]     roscpp-config.cmake
[0.981s] 
[0.981s]   Add the installation prefix of "roscpp" to CMAKE_PREFIX_PATH or set
[0.981s]   "roscpp_DIR" to a directory containing one of the above files.  If "roscpp"
[0.981s]   provides a separate development package or SDK, be sure it has been
[0.981s]   installed.
[0.981s] 
[0.981s] [0m
[1.068s] [33mCMake Warning at CMakeLists.txt:238 (find_package):
[1.068s]   By not providing "Findmessage_generation.cmake" in CMAKE_MODULE_PATH this
[1.068s]   project has asked CMake to find a package configuration file provided by
[1.068s]   "message_generation", but CMake did not find one.
[1.068s] 
[1.069s]   Could not find a package configuration file provided by
[1.069s]   "message_generation" with any of the following names:
[1.069s] 
[1.069s]     message_generationConfig.cmake
[1.069s]     message_generation-config.cmake
[1.069s] 
[1.069s]   Add the installation prefix of "message_generation" to CMAKE_PREFIX_PATH or
[1.070s]   set "message_generation_DIR" to a directory containing one of the above
[1.070s]   files.  If "message_generation" provides a separate development package or
[1.070s]   SDK, be sure it has been installed.
[1.070s] 
[1.070s] [0m
[1.072s] -- Found geometry_msgs: 4.2.3 (/opt/ros/humble/share/geometry_msgs/cmake)
[1.183s] [33mCMake Warning at CMakeLists.txt:240 (find_package):
[1.183s]   By not providing "Findfiducial_msgs.cmake" in CMAKE_MODULE_PATH this
[1.183s]   project has asked CMake to find a package configuration file provided by
[1.184s]   "fiducial_msgs", but CMake did not find one.
[1.184s] 
[1.184s]   Could not find a package configuration file provided by "fiducial_msgs"
[1.184s]   with any of the following names:
[1.184s] 
[1.184s]     fiducial_msgsConfig.cmake
[1.184s]     fiducial_msgs-config.cmake
[1.185s] 
[1.185s]   Add the installation prefix of "fiducial_msgs" to CMAKE_PREFIX_PATH or set
[1.185s]   "fiducial_msgs_DIR" to a directory containing one of the above files.  If
[1.185s]   "fiducial_msgs" provides a separate development package or SDK, be sure it
[1.185s]   has been installed.
[1.185s] 
[1.186s] [0m
[1.490s] [31mCMake Error at /opt/ros/humble/share/rosidl_cmake/cmake/rosidl_generate_interfaces.cmake:162 (message):
[1.490s]   rosidl_generate_interfaces() the passed dependency 'message_generation' has
[1.491s]   not been found before using find_package()
[1.491s] Call Stack (most recent call first):
[1.491s]   CMakeLists.txt:242 (rosidl_generate_interfaces)
[1.491s] 
[1.491s] [0m
[1.492s] -- Configuring incomplete, errors occurred!
[1.493s] See also "/home/urc/new-GUI/build/aruco_finder/CMakeFiles/CMakeOutput.log".
[1.522s] Invoked command in '/home/urc/new-GUI/build/aruco_finder' returned '1': CMAKE_PREFIX_PATH=/opt/ros/humble /usr/bin/cmake /home/urc/new-GUI/src/aruco_finder -DCMAKE_INSTALL_PREFIX=/home/urc/new-GUI/install/aruco_finder
