[0.263s] Invoking command in '/home/urc/new-GUI/build/theora_webcams': CMAKE_PREFIX_PATH=/home/urc/new-GUI/install/theora_webcams:/home/urc/new-GUI/install/gui_window:/opt/ros/humble:/home/urc/new-GUI/install/geographic_msgs:/home/urc/new-GUI/install/aruco_finder /usr/bin/cmake --build /home/urc/new-GUI/build/theora_webcams -- -j4 -l4
[0.416s] [  1%] [32mBuilding CXX object CMakeFiles/camera_publisher.dir/src/camera_publisher_v4l2.cpp.o[0m
[0.429s] [  2%] Built target theora_webcams__cpp
[0.508s] [  2%] Built target ament_cmake_python_copy_theora_webcams
[0.515s] [ 13%] Built target theora_webcams__rosidl_generator_c
[0.548s] [ 24%] Built target theora_webcams__rosidl_typesupport_cpp
[0.608s] [ 36%] Built target theora_webcams__rosidl_typesupport_fastrtps_cpp
[0.669s] [ 47%] Built target theora_webcams__rosidl_typesupport_introspection_cpp
[0.688s] [ 58%] Built target theora_webcams__rosidl_typesupport_fastrtps_c
[0.733s] [ 70%] Built target theora_webcams__rosidl_typesupport_introspection_c
[0.764s] [ 81%] Built target theora_webcams__rosidl_typesupport_c
[0.830s] [ 81%] Built target theora_webcams
[0.960s] [ 82%] Built target theora_webcams__py
[1.085s] [35m[1mConsolidate compiler generated dependencies of target theora_webcams__rosidl_generator_py[0m
[1.184s] [ 92%] Built target theora_webcams__rosidl_generator_py
[1.237s] [35m[1mConsolidate compiler generated dependencies of target theora_webcams__rosidl_typesupport_fastrtps_c__pyext[0m
[1.245s] [35m[1mConsolidate compiler generated dependencies of target theora_webcams__rosidl_typesupport_introspection_c__pyext[0m
[1.276s] [ 93%] [32mBuilding C object CMakeFiles/theora_webcams__rosidl_typesupport_fastrtps_c__pyext.dir/rosidl_generator_py/theora_webcams/_theora_webcams_s.ep.rosidl_typesupport_fastrtps_c.c.o[0m
[1.294s] [ 94%] [32mBuilding C object CMakeFiles/theora_webcams__rosidl_typesupport_introspection_c__pyext.dir/rosidl_generator_py/theora_webcams/_theora_webcams_s.ep.rosidl_typesupport_introspection_c.c.o[0m
[1.382s] [01m[K/home/urc/new-GUI/src/theora_webcams/src/camera_publisher_v4l2.cpp:15:10:[m[K [01;31m[Kfatal error: [m[Kimage_transport/image_transport.hpp: No such file or directory
[1.382s]    15 | #include [01;31m[K<image_transport/image_transport.hpp>[m[K
[1.382s]       |          [01;31m[K^~~~~~~~~~~~~~~~~~~~~~~~~~~~~~~~~~~~~[m[K
[1.382s] compilation terminated.
[1.393s] running egg_info
[1.398s] writing theora_webcams.egg-info/PKG-INFO
[1.399s] writing dependency_links to theora_webcams.egg-info/dependency_links.txt
[1.400s] gmake[2]: *** [CMakeFiles/camera_publisher.dir/build.make:76: CMakeFiles/camera_publisher.dir/src/camera_publisher_v4l2.cpp.o] Error 1
[1.400s] writing top-level names to theora_webcams.egg-info/top_level.txt
[1.405s] gmake[1]: *** [CMakeFiles/Makefile2:592: CMakeFiles/camera_publisher.dir/all] Error 2
[1.405s] gmake[1]: *** Waiting for unfinished jobs....
[1.405s] reading manifest file 'theora_webcams.egg-info/SOURCES.txt'
[1.406s] writing manifest file 'theora_webcams.egg-info/SOURCES.txt'
[1.454s] [ 94%] Built target ament_cmake_python_build_theora_webcams_egg
[1.600s] [ 95%] [32m[1mLinking C shared library rosidl_generator_py/theora_webcams/theora_webcams_s__rosidl_typesupport_fastrtps_c.cpython-310-x86_64-linux-gnu.so[0m
[1.653s] [ 96%] [32m[1mLinking C shared library rosidl_generator_py/theora_webcams/theora_webcams_s__rosidl_typesupport_introspection_c.cpython-310-x86_64-linux-gnu.so[0m
[1.752s] [ 96%] Built target theora_webcams__rosidl_typesupport_introspection_c__pyext
[1.757s] [ 96%] Built target theora_webcams__rosidl_typesupport_fastrtps_c__pyext
[1.759s] gmake: *** [Makefile:146: all] Error 2
[1.762s] Invoked command in '/home/urc/new-GUI/build/theora_webcams' returned '2': CMAKE_PREFIX_PATH=/home/urc/new-GUI/install/theora_webcams:/home/urc/new-GUI/install/gui_window:/opt/ros/humble:/home/urc/new-GUI/install/geographic_msgs:/home/urc/new-GUI/install/aruco_finder /usr/bin/cmake --build /home/urc/new-GUI/build/theora_webcams -- -j4 -l4
