[0.185s] Invoking command in '/home/urc/new-GUI/build/rover_gui_lib': CMAKE_PREFIX_PATH=/home/urc/new-GUI/install/urc_gui_lib:/home/urc/new-GUI/install/theora_webcams:/home/urc/new-GUI/install/marker_interfacing:/home/urc/new-GUI/install/aruco_finder:/home/urc/new-GUI/install/rover_gui_lib LD_LIBRARY_PATH=/home/urc/new-GUI/install/theora_webcams/lib:/home/urc/new-GUI/install/marker_interfacing/lib:/home/urc/new-GUI/install/aruco_finder/lib:/home/urc/new-GUI/install/rover_gui_lib/lib:/opt/ros/humble/opt/rviz_ogre_vendor/lib:/opt/ros/humble/lib/x86_64-linux-gnu:/opt/ros/humble/lib PKG_CONFIG_PATH=/home/urc/new-GUI/install/urc_gui_lib/lib/x86_64-linux-gnu/pkgconfig:/home/urc/new-GUI/install/urc_gui_lib/lib/pkgconfig:/home/urc/new-GUI/install/rover_gui_lib/lib/x86_64-linux-gnu/pkgconfig:/home/urc/new-GUI/install/rover_gui_lib/lib/pkgconfig ROS_PACKAGE_PATH=/home/urc/new-GUI/install/urc_gui_lib/share:/home/urc/new-GUI/install/rover_gui_lib/share /usr/bin/cmake --build /home/urc/new-GUI/build/rover_gui_lib -- -j4 -l4
[0.320s] [  2%] Built target rover_gui_lib__cpp
[0.364s] [ 12%] Built target rover_gui_lib__rosidl_generator_c
[0.376s] [ 12%] Built target ament_cmake_python_copy_rover_gui_lib
[0.416s] [ 23%] Built target rover_gui_lib__rosidl_typesupport_cpp
[0.443s] [ 33%] Built target rover_gui_lib__rosidl_typesupport_fastrtps_cpp
[0.472s] [ 43%] Built target rover_gui_lib__rosidl_typesupport_introspection_cpp
[0.550s] [ 53%] Built target rover_gui_lib__rosidl_typesupport_introspection_c
[0.566s] [ 64%] Built target rover_gui_lib__rosidl_typesupport_fastrtps_c
[0.584s] [ 74%] Built target rover_gui_lib__rosidl_typesupport_c
[0.714s] [ 74%] Built target rover_gui_lib
[0.822s] [ 76%] Built target rover_gui_lib__py
[0.926s] [ 84%] Built target rover_gui_lib__rosidl_generator_py
[1.065s] [ 89%] Built target rover_gui_lib__rosidl_typesupport_introspection_c__pyext
[1.074s] [ 94%] Built target rover_gui_lib__rosidl_typesupport_c__pyext
[1.077s] [100%] Built target rover_gui_lib__rosidl_typesupport_fastrtps_c__pyext
[1.094s] running egg_info
[1.095s] writing rover_gui_lib.egg-info/PKG-INFO
[1.098s] writing dependency_links to rover_gui_lib.egg-info/dependency_links.txt
[1.099s] writing top-level names to rover_gui_lib.egg-info/top_level.txt
[1.099s] reading manifest file 'rover_gui_lib.egg-info/SOURCES.txt'
[1.099s] writing manifest file 'rover_gui_lib.egg-info/SOURCES.txt'
[1.135s] [100%] Built target ament_cmake_python_build_rover_gui_lib_egg
[1.165s] Invoked command in '/home/urc/new-GUI/build/rover_gui_lib' returned '0': CMAKE_PREFIX_PATH=/home/urc/new-GUI/install/urc_gui_lib:/home/urc/new-GUI/install/theora_webcams:/home/urc/new-GUI/install/marker_interfacing:/home/urc/new-GUI/install/aruco_finder:/home/urc/new-GUI/install/rover_gui_lib LD_LIBRARY_PATH=/home/urc/new-GUI/install/theora_webcams/lib:/home/urc/new-GUI/install/marker_interfacing/lib:/home/urc/new-GUI/install/aruco_finder/lib:/home/urc/new-GUI/install/rover_gui_lib/lib:/opt/ros/humble/opt/rviz_ogre_vendor/lib:/opt/ros/humble/lib/x86_64-linux-gnu:/opt/ros/humble/lib PKG_CONFIG_PATH=/home/urc/new-GUI/install/urc_gui_lib/lib/x86_64-linux-gnu/pkgconfig:/home/urc/new-GUI/install/urc_gui_lib/lib/pkgconfig:/home/urc/new-GUI/install/rover_gui_lib/lib/x86_64-linux-gnu/pkgconfig:/home/urc/new-GUI/install/rover_gui_lib/lib/pkgconfig ROS_PACKAGE_PATH=/home/urc/new-GUI/install/urc_gui_lib/share:/home/urc/new-GUI/install/rover_gui_lib/share /usr/bin/cmake --build /home/urc/new-GUI/build/rover_gui_lib -- -j4 -l4
[1.540s] Invoking command in '/home/urc/new-GUI/build/rover_gui_lib': CMAKE_PREFIX_PATH=/home/urc/new-GUI/install/urc_gui_lib:/home/urc/new-GUI/install/theora_webcams:/home/urc/new-GUI/install/marker_interfacing:/home/urc/new-GUI/install/aruco_finder:/home/urc/new-GUI/install/rover_gui_lib LD_LIBRARY_PATH=/home/urc/new-GUI/install/theora_webcams/lib:/home/urc/new-GUI/install/marker_interfacing/lib:/home/urc/new-GUI/install/aruco_finder/lib:/home/urc/new-GUI/install/rover_gui_lib/lib:/opt/ros/humble/opt/rviz_ogre_vendor/lib:/opt/ros/humble/lib/x86_64-linux-gnu:/opt/ros/humble/lib PKG_CONFIG_PATH=/home/urc/new-GUI/install/urc_gui_lib/lib/x86_64-linux-gnu/pkgconfig:/home/urc/new-GUI/install/urc_gui_lib/lib/pkgconfig:/home/urc/new-GUI/install/rover_gui_lib/lib/x86_64-linux-gnu/pkgconfig:/home/urc/new-GUI/install/rover_gui_lib/lib/pkgconfig ROS_PACKAGE_PATH=/home/urc/new-GUI/install/urc_gui_lib/share:/home/urc/new-GUI/install/rover_gui_lib/share /usr/bin/cmake --install /home/urc/new-GUI/build/rover_gui_lib
[1.556s] -- Install configuration: ""
[1.556s] -- Up-to-date: /home/urc/new-GUI/install/rover_gui_lib/share/ament_index/resource_index/rosidl_interfaces/rover_gui_lib
[1.556s] -- Up-to-date: /home/urc/new-GUI/install/rover_gui_lib/include/rover_gui_lib/rover_gui_lib
[1.556s] -- Up-to-date: /home/urc/new-GUI/install/rover_gui_lib/include/rover_gui_lib/rover_gui_lib/msg
[1.556s] -- Up-to-date: /home/urc/new-GUI/install/rover_gui_lib/include/rover_gui_lib/rover_gui_lib/msg/ed_waypoint_list.h
[1.557s] -- Up-to-date: /home/urc/new-GUI/install/rover_gui_lib/include/rover_gui_lib/rover_gui_lib/msg/ed_waypoint.h
[1.557s] -- Up-to-date: /home/urc/new-GUI/install/rover_gui_lib/include/rover_gui_lib/rover_gui_lib/msg/rosidl_generator_c__visibility_control.h
[1.557s] -- Up-to-date: /home/urc/new-GUI/install/rover_gui_lib/include/rover_gui_lib/rover_gui_lib/msg/detail
[1.557s] -- Up-to-date: /home/urc/new-GUI/install/rover_gui_lib/include/rover_gui_lib/rover_gui_lib/msg/detail/ed_waypoint__functions.c
[1.557s] -- Up-to-date: /home/urc/new-GUI/install/rover_gui_lib/include/rover_gui_lib/rover_gui_lib/msg/detail/ed_waypoint_list__struct.h
[1.557s] -- Up-to-date: /home/urc/new-GUI/install/rover_gui_lib/include/rover_gui_lib/rover_gui_lib/msg/detail/ed_waypoint__struct.h
[1.557s] -- Up-to-date: /home/urc/new-GUI/install/rover_gui_lib/include/rover_gui_lib/rover_gui_lib/msg/detail/ed_waypoint_list__functions.c
[1.557s] -- Up-to-date: /home/urc/new-GUI/install/rover_gui_lib/include/rover_gui_lib/rover_gui_lib/msg/detail/ed_waypoint_list__functions.h
[1.558s] -- Up-to-date: /home/urc/new-GUI/install/rover_gui_lib/include/rover_gui_lib/rover_gui_lib/msg/detail/ed_waypoint_list__type_support.h
[1.558s] -- Up-to-date: /home/urc/new-GUI/install/rover_gui_lib/include/rover_gui_lib/rover_gui_lib/msg/detail/ed_waypoint__type_support.h
[1.558s] -- Up-to-date: /home/urc/new-GUI/install/rover_gui_lib/include/rover_gui_lib/rover_gui_lib/msg/detail/ed_waypoint__functions.h
[1.558s] -- Up-to-date: /home/urc/new-GUI/install/rover_gui_lib/share/rover_gui_lib/environment/library_path.sh
[1.558s] -- Up-to-date: /home/urc/new-GUI/install/rover_gui_lib/share/rover_gui_lib/environment/library_path.dsv
[1.564s] -- Up-to-date: /home/urc/new-GUI/install/rover_gui_lib/lib/librover_gui_lib__rosidl_generator_c.so
[1.564s] -- Up-to-date: /home/urc/new-GUI/install/rover_gui_lib/include/rover_gui_lib/rover_gui_lib
[1.564s] -- Up-to-date: /home/urc/new-GUI/install/rover_gui_lib/include/rover_gui_lib/rover_gui_lib/msg
[1.564s] -- Up-to-date: /home/urc/new-GUI/install/rover_gui_lib/include/rover_gui_lib/rover_gui_lib/msg/rosidl_typesupport_fastrtps_c__visibility_control.h
[1.564s] -- Up-to-date: /home/urc/new-GUI/install/rover_gui_lib/include/rover_gui_lib/rover_gui_lib/msg/detail
[1.564s] -- Up-to-date: /home/urc/new-GUI/install/rover_gui_lib/include/rover_gui_lib/rover_gui_lib/msg/detail/ed_waypoint__rosidl_typesupport_fastrtps_c.h
[1.564s] -- Up-to-date: /home/urc/new-GUI/install/rover_gui_lib/include/rover_gui_lib/rover_gui_lib/msg/detail/ed_waypoint_list__rosidl_typesupport_fastrtps_c.h
[1.565s] -- Up-to-date: /home/urc/new-GUI/install/rover_gui_lib/lib/librover_gui_lib__rosidl_typesupport_fastrtps_c.so
[1.566s] -- Up-to-date: /home/urc/new-GUI/install/rover_gui_lib/include/rover_gui_lib/rover_gui_lib
[1.566s] -- Up-to-date: /home/urc/new-GUI/install/rover_gui_lib/include/rover_gui_lib/rover_gui_lib/msg
[1.566s] -- Up-to-date: /home/urc/new-GUI/install/rover_gui_lib/include/rover_gui_lib/rover_gui_lib/msg/rosidl_typesupport_introspection_c__visibility_control.h
[1.566s] -- Up-to-date: /home/urc/new-GUI/install/rover_gui_lib/include/rover_gui_lib/rover_gui_lib/msg/detail
[1.566s] -- Up-to-date: /home/urc/new-GUI/install/rover_gui_lib/include/rover_gui_lib/rover_gui_lib/msg/detail/ed_waypoint_list__type_support.c
[1.566s] -- Up-to-date: /home/urc/new-GUI/install/rover_gui_lib/include/rover_gui_lib/rover_gui_lib/msg/detail/ed_waypoint__rosidl_typesupport_introspection_c.h
[1.566s] -- Up-to-date: /home/urc/new-GUI/install/rover_gui_lib/include/rover_gui_lib/rover_gui_lib/msg/detail/ed_waypoint_list__rosidl_typesupport_introspection_c.h
[1.567s] -- Up-to-date: /home/urc/new-GUI/install/rover_gui_lib/include/rover_gui_lib/rover_gui_lib/msg/detail/ed_waypoint__type_support.c
[1.567s] -- Up-to-date: /home/urc/new-GUI/install/rover_gui_lib/lib/librover_gui_lib__rosidl_typesupport_introspection_c.so
[1.568s] -- Up-to-date: /home/urc/new-GUI/install/rover_gui_lib/lib/librover_gui_lib__rosidl_typesupport_c.so
[1.568s] -- Up-to-date: /home/urc/new-GUI/install/rover_gui_lib/include/rover_gui_lib/rover_gui_lib
[1.569s] -- Up-to-date: /home/urc/new-GUI/install/rover_gui_lib/include/rover_gui_lib/rover_gui_lib/msg
[1.569s] -- Up-to-date: /home/urc/new-GUI/install/rover_gui_lib/include/rover_gui_lib/rover_gui_lib/msg/ed_waypoint_list.hpp
[1.569s] -- Up-to-date: /home/urc/new-GUI/install/rover_gui_lib/include/rover_gui_lib/rover_gui_lib/msg/ed_waypoint.hpp
[1.569s] -- Up-to-date: /home/urc/new-GUI/install/rover_gui_lib/include/rover_gui_lib/rover_gui_lib/msg/detail
[1.569s] -- Up-to-date: /home/urc/new-GUI/install/rover_gui_lib/include/rover_gui_lib/rover_gui_lib/msg/detail/ed_waypoint__builder.hpp
[1.569s] -- Up-to-date: /home/urc/new-GUI/install/rover_gui_lib/include/rover_gui_lib/rover_gui_lib/msg/detail/ed_waypoint_list__traits.hpp
[1.569s] -- Up-to-date: /home/urc/new-GUI/install/rover_gui_lib/include/rover_gui_lib/rover_gui_lib/msg/detail/ed_waypoint__traits.hpp
[1.569s] -- Up-to-date: /home/urc/new-GUI/install/rover_gui_lib/include/rover_gui_lib/rover_gui_lib/msg/detail/ed_waypoint_list__struct.hpp
[1.570s] -- Up-to-date: /home/urc/new-GUI/install/rover_gui_lib/include/rover_gui_lib/rover_gui_lib/msg/detail/ed_waypoint_list__builder.hpp
[1.570s] -- Up-to-date: /home/urc/new-GUI/install/rover_gui_lib/include/rover_gui_lib/rover_gui_lib/msg/detail/ed_waypoint__struct.hpp
[1.570s] -- Up-to-date: /home/urc/new-GUI/install/rover_gui_lib/include/rover_gui_lib/rover_gui_lib
[1.570s] -- Up-to-date: /home/urc/new-GUI/install/rover_gui_lib/include/rover_gui_lib/rover_gui_lib/msg
[1.570s] -- Up-to-date: /home/urc/new-GUI/install/rover_gui_lib/include/rover_gui_lib/rover_gui_lib/msg/rosidl_typesupport_fastrtps_cpp__visibility_control.h
[1.570s] -- Up-to-date: /home/urc/new-GUI/install/rover_gui_lib/include/rover_gui_lib/rover_gui_lib/msg/detail
[1.571s] -- Up-to-date: /home/urc/new-GUI/install/rover_gui_lib/include/rover_gui_lib/rover_gui_lib/msg/detail/ed_waypoint__rosidl_typesupport_fastrtps_cpp.hpp
[1.571s] -- Up-to-date: /home/urc/new-GUI/install/rover_gui_lib/include/rover_gui_lib/rover_gui_lib/msg/detail/ed_waypoint_list__rosidl_typesupport_fastrtps_cpp.hpp
[1.571s] -- Up-to-date: /home/urc/new-GUI/install/rover_gui_lib/include/rover_gui_lib/rover_gui_lib/msg/detail/dds_fastrtps
[1.571s] -- Up-to-date: /home/urc/new-GUI/install/rover_gui_lib/lib/librover_gui_lib__rosidl_typesupport_fastrtps_cpp.so
[1.571s] -- Up-to-date: /home/urc/new-GUI/install/rover_gui_lib/include/rover_gui_lib/rover_gui_lib
[1.571s] -- Up-to-date: /home/urc/new-GUI/install/rover_gui_lib/include/rover_gui_lib/rover_gui_lib/msg
[1.571s] -- Up-to-date: /home/urc/new-GUI/install/rover_gui_lib/include/rover_gui_lib/rover_gui_lib/msg/detail
[1.571s] -- Up-to-date: /home/urc/new-GUI/install/rover_gui_lib/include/rover_gui_lib/rover_gui_lib/msg/detail/ed_waypoint__rosidl_typesupport_introspection_cpp.hpp
[1.572s] -- Up-to-date: /home/urc/new-GUI/install/rover_gui_lib/include/rover_gui_lib/rover_gui_lib/msg/detail/ed_waypoint_list__rosidl_typesupport_introspection_cpp.hpp
[1.572s] -- Up-to-date: /home/urc/new-GUI/install/rover_gui_lib/include/rover_gui_lib/rover_gui_lib/msg/detail/ed_waypoint__type_support.cpp
[1.572s] -- Up-to-date: /home/urc/new-GUI/install/rover_gui_lib/include/rover_gui_lib/rover_gui_lib/msg/detail/ed_waypoint_list__type_support.cpp
[1.572s] -- Up-to-date: /home/urc/new-GUI/install/rover_gui_lib/lib/librover_gui_lib__rosidl_typesupport_introspection_cpp.so
[1.576s] -- Up-to-date: /home/urc/new-GUI/install/rover_gui_lib/lib/librover_gui_lib__rosidl_typesupport_cpp.so
[1.576s] -- Up-to-date: /home/urc/new-GUI/install/rover_gui_lib/share/rover_gui_lib/environment/pythonpath.sh
[1.576s] -- Up-to-date: /home/urc/new-GUI/install/rover_gui_lib/share/rover_gui_lib/environment/pythonpath.dsv
[1.576s] -- Up-to-date: /home/urc/new-GUI/install/rover_gui_lib/local/lib/python3.10/dist-packages/rover_gui_lib-0.0.0-py3.10.egg-info
[1.577s] -- Installing: /home/urc/new-GUI/install/rover_gui_lib/local/lib/python3.10/dist-packages/rover_gui_lib-0.0.0-py3.10.egg-info/PKG-INFO
[1.577s] -- Installing: /home/urc/new-GUI/install/rover_gui_lib/local/lib/python3.10/dist-packages/rover_gui_lib-0.0.0-py3.10.egg-info/dependency_links.txt
[1.577s] -- Installing: /home/urc/new-GUI/install/rover_gui_lib/local/lib/python3.10/dist-packages/rover_gui_lib-0.0.0-py3.10.egg-info/top_level.txt
[1.577s] -- Installing: /home/urc/new-GUI/install/rover_gui_lib/local/lib/python3.10/dist-packages/rover_gui_lib-0.0.0-py3.10.egg-info/SOURCES.txt
[1.577s] -- Up-to-date: /home/urc/new-GUI/install/rover_gui_lib/local/lib/python3.10/dist-packages/rover_gui_lib
[1.577s] -- Up-to-date: /home/urc/new-GUI/install/rover_gui_lib/local/lib/python3.10/dist-packages/rover_gui_lib/librover_gui_lib__rosidl_generator_py.so
[1.577s] -- Up-to-date: /home/urc/new-GUI/install/rover_gui_lib/local/lib/python3.10/dist-packages/rover_gui_lib/rover_gui_lib_s__rosidl_typesupport_fastrtps_c.cpython-310-x86_64-linux-gnu.so
[1.577s] -- Up-to-date: /home/urc/new-GUI/install/rover_gui_lib/local/lib/python3.10/dist-packages/rover_gui_lib/msg
[1.577s] -- Up-to-date: /home/urc/new-GUI/install/rover_gui_lib/local/lib/python3.10/dist-packages/rover_gui_lib/msg/_ed_waypoint_list_s.c
[1.577s] -- Up-to-date: /home/urc/new-GUI/install/rover_gui_lib/local/lib/python3.10/dist-packages/rover_gui_lib/msg/_ed_waypoint_s.c
[1.578s] -- Up-to-date: /home/urc/new-GUI/install/rover_gui_lib/local/lib/python3.10/dist-packages/rover_gui_lib/msg/__init__.py
[1.578s] -- Up-to-date: /home/urc/new-GUI/install/rover_gui_lib/local/lib/python3.10/dist-packages/rover_gui_lib/msg/_ed_waypoint_list.py
[1.578s] -- Up-to-date: /home/urc/new-GUI/install/rover_gui_lib/local/lib/python3.10/dist-packages/rover_gui_lib/msg/_ed_waypoint.py
[1.578s] -- Up-to-date: /home/urc/new-GUI/install/rover_gui_lib/local/lib/python3.10/dist-packages/rover_gui_lib/__init__.py
[1.578s] -- Up-to-date: /home/urc/new-GUI/install/rover_gui_lib/local/lib/python3.10/dist-packages/rover_gui_lib/_rover_gui_lib_s.ep.rosidl_typesupport_fastrtps_c.c
[1.578s] -- Up-to-date: /home/urc/new-GUI/install/rover_gui_lib/local/lib/python3.10/dist-packages/rover_gui_lib/rover_gui_lib_s__rosidl_typesupport_introspection_c.cpython-310-x86_64-linux-gnu.so
[1.578s] -- Up-to-date: /home/urc/new-GUI/install/rover_gui_lib/local/lib/python3.10/dist-packages/rover_gui_lib/rover_gui_lib_s__rosidl_typesupport_c.cpython-310-x86_64-linux-gnu.so
[1.579s] -- Up-to-date: /home/urc/new-GUI/install/rover_gui_lib/local/lib/python3.10/dist-packages/rover_gui_lib/_rover_gui_lib_s.ep.rosidl_typesupport_introspection_c.c
[1.579s] -- Up-to-date: /home/urc/new-GUI/install/rover_gui_lib/local/lib/python3.10/dist-packages/rover_gui_lib/_rover_gui_lib_s.ep.rosidl_typesupport_c.c
[1.657s] Listing '/home/urc/new-GUI/install/rover_gui_lib/local/lib/python3.10/dist-packages/rover_gui_lib'...
[1.657s] Listing '/home/urc/new-GUI/install/rover_gui_lib/local/lib/python3.10/dist-packages/rover_gui_lib/msg'...
[1.664s] -- Up-to-date: /home/urc/new-GUI/install/rover_gui_lib/local/lib/python3.10/dist-packages/rover_gui_lib/rover_gui_lib_s__rosidl_typesupport_fastrtps_c.cpython-310-x86_64-linux-gnu.so
[1.665s] -- Up-to-date: /home/urc/new-GUI/install/rover_gui_lib/local/lib/python3.10/dist-packages/rover_gui_lib/rover_gui_lib_s__rosidl_typesupport_introspection_c.cpython-310-x86_64-linux-gnu.so
[1.667s] -- Up-to-date: /home/urc/new-GUI/install/rover_gui_lib/local/lib/python3.10/dist-packages/rover_gui_lib/rover_gui_lib_s__rosidl_typesupport_c.cpython-310-x86_64-linux-gnu.so
[1.669s] -- Up-to-date: /home/urc/new-GUI/install/rover_gui_lib/lib/librover_gui_lib__rosidl_generator_py.so
[1.670s] -- Up-to-date: /home/urc/new-GUI/install/rover_gui_lib/share/rover_gui_lib/msg/EDWaypoint.idl
[1.670s] -- Up-to-date: /home/urc/new-GUI/install/rover_gui_lib/share/rover_gui_lib/msg/EDWaypointList.idl
[1.670s] -- Up-to-date: /home/urc/new-GUI/install/rover_gui_lib/share/rover_gui_lib/msg/EDWaypoint.msg
[1.670s] -- Up-to-date: /home/urc/new-GUI/install/rover_gui_lib/share/rover_gui_lib/msg/EDWaypointList.msg
[1.670s] -- Up-to-date: /home/urc/new-GUI/install/rover_gui_lib/share/ament_index/resource_index/package_run_dependencies/rover_gui_lib
[1.670s] -- Up-to-date: /home/urc/new-GUI/install/rover_gui_lib/share/ament_index/resource_index/parent_prefix_path/rover_gui_lib
[1.670s] -- Up-to-date: /home/urc/new-GUI/install/rover_gui_lib/share/rover_gui_lib/environment/ament_prefix_path.sh
[1.670s] -- Up-to-date: /home/urc/new-GUI/install/rover_gui_lib/share/rover_gui_lib/environment/ament_prefix_path.dsv
[1.670s] -- Up-to-date: /home/urc/new-GUI/install/rover_gui_lib/share/rover_gui_lib/environment/path.sh
[1.671s] -- Up-to-date: /home/urc/new-GUI/install/rover_gui_lib/share/rover_gui_lib/environment/path.dsv
[1.671s] -- Up-to-date: /home/urc/new-GUI/install/rover_gui_lib/share/rover_gui_lib/local_setup.bash
[1.671s] -- Up-to-date: /home/urc/new-GUI/install/rover_gui_lib/share/rover_gui_lib/local_setup.sh
[1.671s] -- Up-to-date: /home/urc/new-GUI/install/rover_gui_lib/share/rover_gui_lib/local_setup.zsh
[1.671s] -- Up-to-date: /home/urc/new-GUI/install/rover_gui_lib/share/rover_gui_lib/local_setup.dsv
[1.671s] -- Installing: /home/urc/new-GUI/install/rover_gui_lib/share/rover_gui_lib/package.dsv
[1.672s] -- Up-to-date: /home/urc/new-GUI/install/rover_gui_lib/share/ament_index/resource_index/packages/rover_gui_lib
[1.673s] -- Up-to-date: /home/urc/new-GUI/install/rover_gui_lib/share/rover_gui_lib/cmake/export_rover_gui_lib__rosidl_generator_cExport.cmake
[1.673s] -- Up-to-date: /home/urc/new-GUI/install/rover_gui_lib/share/rover_gui_lib/cmake/export_rover_gui_lib__rosidl_generator_cExport-noconfig.cmake
[1.673s] -- Up-to-date: /home/urc/new-GUI/install/rover_gui_lib/share/rover_gui_lib/cmake/export_rover_gui_lib__rosidl_typesupport_fastrtps_cExport.cmake
[1.674s] -- Up-to-date: /home/urc/new-GUI/install/rover_gui_lib/share/rover_gui_lib/cmake/export_rover_gui_lib__rosidl_typesupport_fastrtps_cExport-noconfig.cmake
[1.674s] -- Up-to-date: /home/urc/new-GUI/install/rover_gui_lib/share/rover_gui_lib/cmake/rover_gui_lib__rosidl_typesupport_introspection_cExport.cmake
[1.674s] -- Up-to-date: /home/urc/new-GUI/install/rover_gui_lib/share/rover_gui_lib/cmake/rover_gui_lib__rosidl_typesupport_introspection_cExport-noconfig.cmake
[1.675s] -- Up-to-date: /home/urc/new-GUI/install/rover_gui_lib/share/rover_gui_lib/cmake/rover_gui_lib__rosidl_typesupport_cExport.cmake
[1.675s] -- Up-to-date: /home/urc/new-GUI/install/rover_gui_lib/share/rover_gui_lib/cmake/rover_gui_lib__rosidl_typesupport_cExport-noconfig.cmake
[1.676s] -- Up-to-date: /home/urc/new-GUI/install/rover_gui_lib/share/rover_gui_lib/cmake/export_rover_gui_lib__rosidl_generator_cppExport.cmake
[1.677s] -- Up-to-date: /home/urc/new-GUI/install/rover_gui_lib/share/rover_gui_lib/cmake/export_rover_gui_lib__rosidl_typesupport_fastrtps_cppExport.cmake
[1.677s] -- Up-to-date: /home/urc/new-GUI/install/rover_gui_lib/share/rover_gui_lib/cmake/export_rover_gui_lib__rosidl_typesupport_fastrtps_cppExport-noconfig.cmake
[1.678s] -- Up-to-date: /home/urc/new-GUI/install/rover_gui_lib/share/rover_gui_lib/cmake/rover_gui_lib__rosidl_typesupport_introspection_cppExport.cmake
[1.678s] -- Up-to-date: /home/urc/new-GUI/install/rover_gui_lib/share/rover_gui_lib/cmake/rover_gui_lib__rosidl_typesupport_introspection_cppExport-noconfig.cmake
[1.679s] -- Up-to-date: /home/urc/new-GUI/install/rover_gui_lib/share/rover_gui_lib/cmake/rover_gui_lib__rosidl_typesupport_cppExport.cmake
[1.679s] -- Up-to-date: /home/urc/new-GUI/install/rover_gui_lib/share/rover_gui_lib/cmake/rover_gui_lib__rosidl_typesupport_cppExport-noconfig.cmake
[1.680s] -- Up-to-date: /home/urc/new-GUI/install/rover_gui_lib/share/rover_gui_lib/cmake/export_rover_gui_lib__rosidl_generator_pyExport.cmake
[1.681s] -- Up-to-date: /home/urc/new-GUI/install/rover_gui_lib/share/rover_gui_lib/cmake/export_rover_gui_lib__rosidl_generator_pyExport-noconfig.cmake
[1.681s] -- Up-to-date: /home/urc/new-GUI/install/rover_gui_lib/share/rover_gui_lib/cmake/rosidl_cmake-extras.cmake
[1.681s] -- Up-to-date: /home/urc/new-GUI/install/rover_gui_lib/share/rover_gui_lib/cmake/ament_cmake_export_dependencies-extras.cmake
[1.681s] -- Up-to-date: /home/urc/new-GUI/install/rover_gui_lib/share/rover_gui_lib/cmake/ament_cmake_export_include_directories-extras.cmake
[1.681s] -- Up-to-date: /home/urc/new-GUI/install/rover_gui_lib/share/rover_gui_lib/cmake/ament_cmake_export_libraries-extras.cmake
[1.681s] -- Up-to-date: /home/urc/new-GUI/install/rover_gui_lib/share/rover_gui_lib/cmake/ament_cmake_export_targets-extras.cmake
[1.681s] -- Up-to-date: /home/urc/new-GUI/install/rover_gui_lib/share/rover_gui_lib/cmake/rosidl_cmake_export_typesupport_targets-extras.cmake
[1.682s] -- Up-to-date: /home/urc/new-GUI/install/rover_gui_lib/share/rover_gui_lib/cmake/rosidl_cmake_export_typesupport_libraries-extras.cmake
[1.682s] -- Up-to-date: /home/urc/new-GUI/install/rover_gui_lib/share/rover_gui_lib/cmake/rover_gui_libConfig.cmake
[1.682s] -- Up-to-date: /home/urc/new-GUI/install/rover_gui_lib/share/rover_gui_lib/cmake/rover_gui_libConfig-version.cmake
[1.682s] -- Up-to-date: /home/urc/new-GUI/install/rover_gui_lib/share/rover_gui_lib/package.xml
[1.689s] Invoked command in '/home/urc/new-GUI/build/rover_gui_lib' returned '0': CMAKE_PREFIX_PATH=/home/urc/new-GUI/install/urc_gui_lib:/home/urc/new-GUI/install/theora_webcams:/home/urc/new-GUI/install/marker_interfacing:/home/urc/new-GUI/install/aruco_finder:/home/urc/new-GUI/install/rover_gui_lib LD_LIBRARY_PATH=/home/urc/new-GUI/install/theora_webcams/lib:/home/urc/new-GUI/install/marker_interfacing/lib:/home/urc/new-GUI/install/aruco_finder/lib:/home/urc/new-GUI/install/rover_gui_lib/lib:/opt/ros/humble/opt/rviz_ogre_vendor/lib:/opt/ros/humble/lib/x86_64-linux-gnu:/opt/ros/humble/lib PKG_CONFIG_PATH=/home/urc/new-GUI/install/urc_gui_lib/lib/x86_64-linux-gnu/pkgconfig:/home/urc/new-GUI/install/urc_gui_lib/lib/pkgconfig:/home/urc/new-GUI/install/rover_gui_lib/lib/x86_64-linux-gnu/pkgconfig:/home/urc/new-GUI/install/rover_gui_lib/lib/pkgconfig ROS_PACKAGE_PATH=/home/urc/new-GUI/install/urc_gui_lib/share:/home/urc/new-GUI/install/rover_gui_lib/share /usr/bin/cmake --install /home/urc/new-GUI/build/rover_gui_lib
