-- Found ament_cmake: 1.3.5 (/opt/ros/humble/share/ament_cmake/cmake)
-- Found ament_lint_auto: 0.12.8 (/opt/ros/humble/share/ament_lint_auto/cmake)
-- Found rosidl_default_generators: 1.2.0 (/opt/ros/humble/share/rosidl_default_generators/cmake)
-- Using all available rosidl_typesupport_c: rosidl_typesupport_fastrtps_c;rosidl_typesupport_introspection_c
-- Found rosidl_adapter: 3.1.5 (/opt/ros/humble/share/rosidl_adapter/cmake)
-- Using all available rosidl_typesupport_cpp: rosidl_typesupport_fastrtps_cpp;rosidl_typesupport_introspection_cpp
-- Found rclcpp: 16.0.6 (/opt/ros/humble/share/rclcpp/cmake)
-- Found rmw_implementation_cmake: 6.1.1 (/opt/ros/humble/share/rmw_implementation_cmake/cmake)
-- Found rmw_fastrtps_cpp: 6.2.4 (/opt/ros/humble/share/rmw_fastrtps_cpp/cmake)
-- Using RMW implementation 'rmw_fastrtps_cpp' as default
-- Found rclpy: 3.3.10 (/opt/ros/humble/share/rclpy/cmake)
-- Found geometry_msgs: 4.2.3 (/opt/ros/humble/share/geometry_msgs/cmake)
-- Found geographic_msgs: 1.0.5 (/opt/ros/humble/share/geographic_msgs/cmake)
[33mCMake Warning at CMakeLists.txt:256 (find_package):
  By not providing "Findmessage_generation.cmake" in CMAKE_MODULE_PATH this
  project has asked CMake to find a package configuration file provided by
  "message_generation", but CMake did not find one.

  Could not find a package configuration file provided by
  "message_generation" with any of the following names:

    message_generationConfig.cmake
    message_generation-config.cmake

  Add the installation prefix of "message_generation" to CMAKE_PREFIX_PATH or
  set "message_generation_DIR" to a directory containing one of the above
  files.  If "message_generation" provides a separate development package or
  SDK, be sure it has been installed.

[0m
-- Found ament_cmake_ros: 0.10.0 (/opt/ros/humble/share/ament_cmake_ros/cmake)
-- Using all available rosidl_typesupport_c: rosidl_typesupport_fastrtps_c;rosidl_typesupport_introspection_c
-- Using all available rosidl_typesupport_cpp: rosidl_typesupport_fastrtps_cpp;rosidl_typesupport_introspection_cpp
-- Found python_cmake_module: 0.10.0 (/opt/ros/humble/share/python_cmake_module/cmake)
-- Using PYTHON_EXECUTABLE: /usr/bin/python3
-- Using PYTHON_INCLUDE_DIRS: /usr/include/python3.10
-- Using PYTHON_LIBRARIES: /usr/lib/x86_64-linux-gnu/libpython3.10.so
-- Added test 'lint_cmake' to check CMake code style
-- Added test 'xmllint' to check XML markup files
-- Configuring done
-- Generating done
-- Build files have been written to: /home/urc/new-GUI/build/marker_interfacing
[35m[1mConsolidate compiler generated dependencies of target marker_interfacing__rosidl_generator_c[0m
[  0%] Built target marker_interfacing__cpp
[ 12%] Built target marker_interfacing__rosidl_generator_c
[ 12%] Built target ament_cmake_python_copy_marker_interfacing
[35m[1mConsolidate compiler generated dependencies of target marker_interfacing__rosidl_typesupport_cpp[0m
[35m[1mConsolidate compiler generated dependencies of target marker_interfacing__rosidl_typesupport_fastrtps_c[0m
[35m[1mConsolidate compiler generated dependencies of target marker_interfacing__rosidl_typesupport_fastrtps_cpp[0m
[35m[1mConsolidate compiler generated dependencies of target marker_interfacing__rosidl_typesupport_introspection_cpp[0m
[ 24%] Built target marker_interfacing__rosidl_typesupport_introspection_cpp
[ 36%] Built target marker_interfacing__rosidl_typesupport_fastrtps_c
[ 48%] Built target marker_interfacing__rosidl_typesupport_cpp
[35m[1mConsolidate compiler generated dependencies of target marker_interfacing__rosidl_typesupport_introspection_c[0m
[ 60%] Built target marker_interfacing__rosidl_typesupport_fastrtps_cpp
[35m[1mConsolidate compiler generated dependencies of target marker_interfacing__rosidl_typesupport_c[0m
[ 72%] Built target marker_interfacing__rosidl_typesupport_introspection_c
[ 84%] Built target marker_interfacing__rosidl_typesupport_c
[ 84%] Built target marker_interfacing
[ 85%] Built target marker_interfacing__py
[35m[1mConsolidate compiler generated dependencies of target marker_interfacing__rosidl_generator_py[0m
[ 96%] Built target marker_interfacing__rosidl_generator_py
[35m[1mConsolidate compiler generated dependencies of target marker_interfacing__rosidl_typesupport_introspection_c__pyext[0m
[35m[1mConsolidate compiler generated dependencies of target marker_interfacing__rosidl_typesupport_c__pyext[0m
[35m[1mConsolidate compiler generated dependencies of target marker_interfacing__rosidl_typesupport_fastrtps_c__pyext[0m
[ 97%] Built target marker_interfacing__rosidl_typesupport_c__pyext
[ 99%] Built target marker_interfacing__rosidl_typesupport_introspection_c__pyext
[100%] Built target marker_interfacing__rosidl_typesupport_fastrtps_c__pyext
running egg_info
writing marker_interfacing.egg-info/PKG-INFO
writing dependency_links to marker_interfacing.egg-info/dependency_links.txt
writing top-level names to marker_interfacing.egg-info/top_level.txt
reading manifest file 'marker_interfacing.egg-info/SOURCES.txt'
writing manifest file 'marker_interfacing.egg-info/SOURCES.txt'
[100%] Built target ament_cmake_python_build_marker_interfacing_egg
-- Install configuration: ""
-- Up-to-date: /home/urc/new-GUI/install/marker_interfacing/share/ament_index/resource_index/rosidl_interfaces/marker_interfacing
-- Up-to-date: /home/urc/new-GUI/install/marker_interfacing/include/marker_interfacing/marker_interfacing
-- Up-to-date: /home/urc/new-GUI/install/marker_interfacing/include/marker_interfacing/marker_interfacing/msg
-- Up-to-date: /home/urc/new-GUI/install/marker_interfacing/include/marker_interfacing/marker_interfacing/msg/geodetic_marker_list.h
-- Up-to-date: /home/urc/new-GUI/install/marker_interfacing/include/marker_interfacing/marker_interfacing/msg/rosidl_generator_c__visibility_control.h
-- Up-to-date: /home/urc/new-GUI/install/marker_interfacing/include/marker_interfacing/marker_interfacing/msg/detail
-- Up-to-date: /home/urc/new-GUI/install/marker_interfacing/include/marker_interfacing/marker_interfacing/msg/detail/geodetic_marker_list__type_support.h
-- Up-to-date: /home/urc/new-GUI/install/marker_interfacing/include/marker_interfacing/marker_interfacing/msg/detail/enu_marker__functions.h
-- Up-to-date: /home/urc/new-GUI/install/marker_interfacing/include/marker_interfacing/marker_interfacing/msg/detail/enu_marker__type_support.h
-- Up-to-date: /home/urc/new-GUI/install/marker_interfacing/include/marker_interfacing/marker_interfacing/msg/detail/geodetic_marker__type_support.h
-- Up-to-date: /home/urc/new-GUI/install/marker_interfacing/include/marker_interfacing/marker_interfacing/msg/detail/geodetic_marker_list__functions.c
-- Up-to-date: /home/urc/new-GUI/install/marker_interfacing/include/marker_interfacing/marker_interfacing/msg/detail/geodetic_marker__struct.h
-- Up-to-date: /home/urc/new-GUI/install/marker_interfacing/include/marker_interfacing/marker_interfacing/msg/detail/enu_marker__struct.h
-- Up-to-date: /home/urc/new-GUI/install/marker_interfacing/include/marker_interfacing/marker_interfacing/msg/detail/geodetic_marker__functions.c
-- Up-to-date: /home/urc/new-GUI/install/marker_interfacing/include/marker_interfacing/marker_interfacing/msg/detail/geodetic_marker_list__struct.h
-- Up-to-date: /home/urc/new-GUI/install/marker_interfacing/include/marker_interfacing/marker_interfacing/msg/detail/enu_marker__functions.c
-- Up-to-date: /home/urc/new-GUI/install/marker_interfacing/include/marker_interfacing/marker_interfacing/msg/detail/geodetic_marker__functions.h
-- Up-to-date: /home/urc/new-GUI/install/marker_interfacing/include/marker_interfacing/marker_interfacing/msg/detail/geodetic_marker_list__functions.h
-- Up-to-date: /home/urc/new-GUI/install/marker_interfacing/include/marker_interfacing/marker_interfacing/msg/geodetic_marker.h
-- Up-to-date: /home/urc/new-GUI/install/marker_interfacing/include/marker_interfacing/marker_interfacing/msg/enu_marker.h
-- Up-to-date: /home/urc/new-GUI/install/marker_interfacing/include/marker_interfacing/marker_interfacing/srv
-- Up-to-date: /home/urc/new-GUI/install/marker_interfacing/include/marker_interfacing/marker_interfacing/srv/publish_current_marker.h
-- Up-to-date: /home/urc/new-GUI/install/marker_interfacing/include/marker_interfacing/marker_interfacing/srv/reorder_marker.h
-- Up-to-date: /home/urc/new-GUI/install/marker_interfacing/include/marker_interfacing/marker_interfacing/srv/insert_marker.h
-- Up-to-date: /home/urc/new-GUI/install/marker_interfacing/include/marker_interfacing/marker_interfacing/srv/reorder_markers.h
-- Up-to-date: /home/urc/new-GUI/install/marker_interfacing/include/marker_interfacing/marker_interfacing/srv/remove_marker.h
-- Up-to-date: /home/urc/new-GUI/install/marker_interfacing/include/marker_interfacing/marker_interfacing/srv/edit_marker.h
-- Up-to-date: /home/urc/new-GUI/install/marker_interfacing/include/marker_interfacing/marker_interfacing/srv/detail
-- Up-to-date: /home/urc/new-GUI/install/marker_interfacing/include/marker_interfacing/marker_interfacing/srv/detail/insert_marker__struct.h
-- Up-to-date: /home/urc/new-GUI/install/marker_interfacing/include/marker_interfacing/marker_interfacing/srv/detail/remove_current_marker__struct.h
-- Up-to-date: /home/urc/new-GUI/install/marker_interfacing/include/marker_interfacing/marker_interfacing/srv/detail/reorder_marker__type_support.h
-- Up-to-date: /home/urc/new-GUI/install/marker_interfacing/include/marker_interfacing/marker_interfacing/srv/detail/publish_current_marker__struct.h
-- Up-to-date: /home/urc/new-GUI/install/marker_interfacing/include/marker_interfacing/marker_interfacing/srv/detail/reorder_marker__functions.h
-- Up-to-date: /home/urc/new-GUI/install/marker_interfacing/include/marker_interfacing/marker_interfacing/srv/detail/insert_marker__functions.c
-- Up-to-date: /home/urc/new-GUI/install/marker_interfacing/include/marker_interfacing/marker_interfacing/srv/detail/remove_current_marker__functions.c
-- Up-to-date: /home/urc/new-GUI/install/marker_interfacing/include/marker_interfacing/marker_interfacing/srv/detail/clear_markers__functions.c
-- Up-to-date: /home/urc/new-GUI/install/marker_interfacing/include/marker_interfacing/marker_interfacing/srv/detail/plan_home_marker__functions.h
-- Up-to-date: /home/urc/new-GUI/install/marker_interfacing/include/marker_interfacing/marker_interfacing/srv/detail/remove_marker__functions.c
-- Up-to-date: /home/urc/new-GUI/install/marker_interfacing/include/marker_interfacing/marker_interfacing/srv/detail/clear_markers__functions.h
-- Up-to-date: /home/urc/new-GUI/install/marker_interfacing/include/marker_interfacing/marker_interfacing/srv/detail/edit_marker__type_support.h
-- Up-to-date: /home/urc/new-GUI/install/marker_interfacing/include/marker_interfacing/marker_interfacing/srv/detail/reorder_marker__functions.c
-- Up-to-date: /home/urc/new-GUI/install/marker_interfacing/include/marker_interfacing/marker_interfacing/srv/detail/clear_markers__type_support.h
-- Up-to-date: /home/urc/new-GUI/install/marker_interfacing/include/marker_interfacing/marker_interfacing/srv/detail/edit_marker__functions.h
-- Up-to-date: /home/urc/new-GUI/install/marker_interfacing/include/marker_interfacing/marker_interfacing/srv/detail/publish_current_marker__type_support.h
-- Up-to-date: /home/urc/new-GUI/install/marker_interfacing/include/marker_interfacing/marker_interfacing/srv/detail/reorder_marker__struct.h
-- Up-to-date: /home/urc/new-GUI/install/marker_interfacing/include/marker_interfacing/marker_interfacing/srv/detail/reorder_markers__functions.h
-- Up-to-date: /home/urc/new-GUI/install/marker_interfacing/include/marker_interfacing/marker_interfacing/srv/detail/remove_marker__type_support.h
-- Up-to-date: /home/urc/new-GUI/install/marker_interfacing/include/marker_interfacing/marker_interfacing/srv/detail/add_marker__functions.h
-- Up-to-date: /home/urc/new-GUI/install/marker_interfacing/include/marker_interfacing/marker_interfacing/srv/detail/plan_home_marker__struct.h
-- Up-to-date: /home/urc/new-GUI/install/marker_interfacing/include/marker_interfacing/marker_interfacing/srv/detail/insert_marker__type_support.h
-- Up-to-date: /home/urc/new-GUI/install/marker_interfacing/include/marker_interfacing/marker_interfacing/srv/detail/add_marker__struct.h
-- Up-to-date: /home/urc/new-GUI/install/marker_interfacing/include/marker_interfacing/marker_interfacing/srv/detail/reorder_markers__type_support.h
-- Up-to-date: /home/urc/new-GUI/install/marker_interfacing/include/marker_interfacing/marker_interfacing/srv/detail/remove_current_marker__type_support.h
-- Up-to-date: /home/urc/new-GUI/install/marker_interfacing/include/marker_interfacing/marker_interfacing/srv/detail/clear_markers__struct.h
-- Up-to-date: /home/urc/new-GUI/install/marker_interfacing/include/marker_interfacing/marker_interfacing/srv/detail/edit_marker__struct.h
-- Up-to-date: /home/urc/new-GUI/install/marker_interfacing/include/marker_interfacing/marker_interfacing/srv/detail/publish_current_marker__functions.h
-- Up-to-date: /home/urc/new-GUI/install/marker_interfacing/include/marker_interfacing/marker_interfacing/srv/detail/remove_marker__struct.h
-- Up-to-date: /home/urc/new-GUI/install/marker_interfacing/include/marker_interfacing/marker_interfacing/srv/detail/insert_marker__functions.h
-- Up-to-date: /home/urc/new-GUI/install/marker_interfacing/include/marker_interfacing/marker_interfacing/srv/detail/reorder_markers__functions.c
-- Up-to-date: /home/urc/new-GUI/install/marker_interfacing/include/marker_interfacing/marker_interfacing/srv/detail/reorder_markers__struct.h
-- Up-to-date: /home/urc/new-GUI/install/marker_interfacing/include/marker_interfacing/marker_interfacing/srv/detail/add_marker__type_support.h
-- Up-to-date: /home/urc/new-GUI/install/marker_interfacing/include/marker_interfacing/marker_interfacing/srv/detail/plan_home_marker__functions.c
-- Up-to-date: /home/urc/new-GUI/install/marker_interfacing/include/marker_interfacing/marker_interfacing/srv/detail/add_marker__functions.c
-- Up-to-date: /home/urc/new-GUI/install/marker_interfacing/include/marker_interfacing/marker_interfacing/srv/detail/publish_current_marker__functions.c
-- Up-to-date: /home/urc/new-GUI/install/marker_interfacing/include/marker_interfacing/marker_interfacing/srv/detail/remove_current_marker__functions.h
-- Up-to-date: /home/urc/new-GUI/install/marker_interfacing/include/marker_interfacing/marker_interfacing/srv/detail/edit_marker__functions.c
-- Up-to-date: /home/urc/new-GUI/install/marker_interfacing/include/marker_interfacing/marker_interfacing/srv/detail/plan_home_marker__type_support.h
-- Up-to-date: /home/urc/new-GUI/install/marker_interfacing/include/marker_interfacing/marker_interfacing/srv/detail/remove_marker__functions.h
-- Up-to-date: /home/urc/new-GUI/install/marker_interfacing/include/marker_interfacing/marker_interfacing/srv/add_marker.h
-- Up-to-date: /home/urc/new-GUI/install/marker_interfacing/include/marker_interfacing/marker_interfacing/srv/clear_markers.h
-- Up-to-date: /home/urc/new-GUI/install/marker_interfacing/include/marker_interfacing/marker_interfacing/srv/plan_home_marker.h
-- Up-to-date: /home/urc/new-GUI/install/marker_interfacing/include/marker_interfacing/marker_interfacing/srv/remove_current_marker.h
-- Up-to-date: /home/urc/new-GUI/install/marker_interfacing/share/marker_interfacing/environment/library_path.sh
-- Installing: /home/urc/new-GUI/install/marker_interfacing/share/marker_interfacing/environment/library_path.dsv
-- Up-to-date: /home/urc/new-GUI/install/marker_interfacing/lib/libmarker_interfacing__rosidl_generator_c.so
-- Up-to-date: /home/urc/new-GUI/install/marker_interfacing/include/marker_interfacing/marker_interfacing
-- Up-to-date: /home/urc/new-GUI/install/marker_interfacing/include/marker_interfacing/marker_interfacing/msg
-- Up-to-date: /home/urc/new-GUI/install/marker_interfacing/include/marker_interfacing/marker_interfacing/msg/rosidl_typesupport_fastrtps_c__visibility_control.h
-- Up-to-date: /home/urc/new-GUI/install/marker_interfacing/include/marker_interfacing/marker_interfacing/msg/detail
-- Up-to-date: /home/urc/new-GUI/install/marker_interfacing/include/marker_interfacing/marker_interfacing/msg/detail/geodetic_marker_list__rosidl_typesupport_fastrtps_c.h
-- Up-to-date: /home/urc/new-GUI/install/marker_interfacing/include/marker_interfacing/marker_interfacing/msg/detail/enu_marker__rosidl_typesupport_fastrtps_c.h
-- Up-to-date: /home/urc/new-GUI/install/marker_interfacing/include/marker_interfacing/marker_interfacing/msg/detail/geodetic_marker__rosidl_typesupport_fastrtps_c.h
-- Up-to-date: /home/urc/new-GUI/install/marker_interfacing/include/marker_interfacing/marker_interfacing/srv
-- Up-to-date: /home/urc/new-GUI/install/marker_interfacing/include/marker_interfacing/marker_interfacing/srv/detail
-- Up-to-date: /home/urc/new-GUI/install/marker_interfacing/include/marker_interfacing/marker_interfacing/srv/detail/edit_marker__rosidl_typesupport_fastrtps_c.h
-- Up-to-date: /home/urc/new-GUI/install/marker_interfacing/include/marker_interfacing/marker_interfacing/srv/detail/insert_marker__rosidl_typesupport_fastrtps_c.h
-- Up-to-date: /home/urc/new-GUI/install/marker_interfacing/include/marker_interfacing/marker_interfacing/srv/detail/plan_home_marker__rosidl_typesupport_fastrtps_c.h
-- Up-to-date: /home/urc/new-GUI/install/marker_interfacing/include/marker_interfacing/marker_interfacing/srv/detail/publish_current_marker__rosidl_typesupport_fastrtps_c.h
-- Up-to-date: /home/urc/new-GUI/install/marker_interfacing/include/marker_interfacing/marker_interfacing/srv/detail/remove_marker__rosidl_typesupport_fastrtps_c.h
-- Up-to-date: /home/urc/new-GUI/install/marker_interfacing/include/marker_interfacing/marker_interfacing/srv/detail/clear_markers__rosidl_typesupport_fastrtps_c.h
-- Up-to-date: /home/urc/new-GUI/install/marker_interfacing/include/marker_interfacing/marker_interfacing/srv/detail/remove_current_marker__rosidl_typesupport_fastrtps_c.h
-- Up-to-date: /home/urc/new-GUI/install/marker_interfacing/include/marker_interfacing/marker_interfacing/srv/detail/add_marker__rosidl_typesupport_fastrtps_c.h
-- Up-to-date: /home/urc/new-GUI/install/marker_interfacing/include/marker_interfacing/marker_interfacing/srv/detail/reorder_markers__rosidl_typesupport_fastrtps_c.h
-- Up-to-date: /home/urc/new-GUI/install/marker_interfacing/include/marker_interfacing/marker_interfacing/srv/detail/reorder_marker__rosidl_typesupport_fastrtps_c.h
-- Up-to-date: /home/urc/new-GUI/install/marker_interfacing/lib/libmarker_interfacing__rosidl_typesupport_fastrtps_c.so
-- Up-to-date: /home/urc/new-GUI/install/marker_interfacing/include/marker_interfacing/marker_interfacing
-- Up-to-date: /home/urc/new-GUI/install/marker_interfacing/include/marker_interfacing/marker_interfacing/msg
-- Up-to-date: /home/urc/new-GUI/install/marker_interfacing/include/marker_interfacing/marker_interfacing/msg/rosidl_typesupport_introspection_c__visibility_control.h
-- Up-to-date: /home/urc/new-GUI/install/marker_interfacing/include/marker_interfacing/marker_interfacing/msg/detail
-- Up-to-date: /home/urc/new-GUI/install/marker_interfacing/include/marker_interfacing/marker_interfacing/msg/detail/geodetic_marker__type_support.c
-- Up-to-date: /home/urc/new-GUI/install/marker_interfacing/include/marker_interfacing/marker_interfacing/msg/detail/enu_marker__rosidl_typesupport_introspection_c.h
-- Up-to-date: /home/urc/new-GUI/install/marker_interfacing/include/marker_interfacing/marker_interfacing/msg/detail/geodetic_marker__rosidl_typesupport_introspection_c.h
-- Up-to-date: /home/urc/new-GUI/install/marker_interfacing/include/marker_interfacing/marker_interfacing/msg/detail/enu_marker__type_support.c
-- Up-to-date: /home/urc/new-GUI/install/marker_interfacing/include/marker_interfacing/marker_interfacing/msg/detail/geodetic_marker_list__rosidl_typesupport_introspection_c.h
-- Up-to-date: /home/urc/new-GUI/install/marker_interfacing/include/marker_interfacing/marker_interfacing/msg/detail/geodetic_marker_list__type_support.c
-- Up-to-date: /home/urc/new-GUI/install/marker_interfacing/include/marker_interfacing/marker_interfacing/srv
-- Up-to-date: /home/urc/new-GUI/install/marker_interfacing/include/marker_interfacing/marker_interfacing/srv/detail
-- Up-to-date: /home/urc/new-GUI/install/marker_interfacing/include/marker_interfacing/marker_interfacing/srv/detail/reorder_marker__type_support.c
-- Up-to-date: /home/urc/new-GUI/install/marker_interfacing/include/marker_interfacing/marker_interfacing/srv/detail/reorder_markers__type_support.c
-- Up-to-date: /home/urc/new-GUI/install/marker_interfacing/include/marker_interfacing/marker_interfacing/srv/detail/insert_marker__type_support.c
-- Up-to-date: /home/urc/new-GUI/install/marker_interfacing/include/marker_interfacing/marker_interfacing/srv/detail/edit_marker__rosidl_typesupport_introspection_c.h
-- Up-to-date: /home/urc/new-GUI/install/marker_interfacing/include/marker_interfacing/marker_interfacing/srv/detail/reorder_markers__rosidl_typesupport_introspection_c.h
-- Up-to-date: /home/urc/new-GUI/install/marker_interfacing/include/marker_interfacing/marker_interfacing/srv/detail/plan_home_marker__rosidl_typesupport_introspection_c.h
-- Up-to-date: /home/urc/new-GUI/install/marker_interfacing/include/marker_interfacing/marker_interfacing/srv/detail/publish_current_marker__type_support.c
-- Up-to-date: /home/urc/new-GUI/install/marker_interfacing/include/marker_interfacing/marker_interfacing/srv/detail/remove_current_marker__type_support.c
-- Up-to-date: /home/urc/new-GUI/install/marker_interfacing/include/marker_interfacing/marker_interfacing/srv/detail/clear_markers__rosidl_typesupport_introspection_c.h
-- Up-to-date: /home/urc/new-GUI/install/marker_interfacing/include/marker_interfacing/marker_interfacing/srv/detail/publish_current_marker__rosidl_typesupport_introspection_c.h
-- Up-to-date: /home/urc/new-GUI/install/marker_interfacing/include/marker_interfacing/marker_interfacing/srv/detail/reorder_marker__rosidl_typesupport_introspection_c.h
-- Up-to-date: /home/urc/new-GUI/install/marker_interfacing/include/marker_interfacing/marker_interfacing/srv/detail/insert_marker__rosidl_typesupport_introspection_c.h
-- Up-to-date: /home/urc/new-GUI/install/marker_interfacing/include/marker_interfacing/marker_interfacing/srv/detail/add_marker__type_support.c
-- Up-to-date: /home/urc/new-GUI/install/marker_interfacing/include/marker_interfacing/marker_interfacing/srv/detail/edit_marker__type_support.c
-- Up-to-date: /home/urc/new-GUI/install/marker_interfacing/include/marker_interfacing/marker_interfacing/srv/detail/clear_markers__type_support.c
-- Up-to-date: /home/urc/new-GUI/install/marker_interfacing/include/marker_interfacing/marker_interfacing/srv/detail/remove_marker__rosidl_typesupport_introspection_c.h
-- Up-to-date: /home/urc/new-GUI/install/marker_interfacing/include/marker_interfacing/marker_interfacing/srv/detail/plan_home_marker__type_support.c
-- Up-to-date: /home/urc/new-GUI/install/marker_interfacing/include/marker_interfacing/marker_interfacing/srv/detail/add_marker__rosidl_typesupport_introspection_c.h
-- Up-to-date: /home/urc/new-GUI/install/marker_interfacing/include/marker_interfacing/marker_interfacing/srv/detail/remove_marker__type_support.c
-- Up-to-date: /home/urc/new-GUI/install/marker_interfacing/include/marker_interfacing/marker_interfacing/srv/detail/remove_current_marker__rosidl_typesupport_introspection_c.h
-- Up-to-date: /home/urc/new-GUI/install/marker_interfacing/lib/libmarker_interfacing__rosidl_typesupport_introspection_c.so
-- Up-to-date: /home/urc/new-GUI/install/marker_interfacing/lib/libmarker_interfacing__rosidl_typesupport_c.so
-- Up-to-date: /home/urc/new-GUI/install/marker_interfacing/include/marker_interfacing/marker_interfacing
-- Up-to-date: /home/urc/new-GUI/install/marker_interfacing/include/marker_interfacing/marker_interfacing/msg
-- Up-to-date: /home/urc/new-GUI/install/marker_interfacing/include/marker_interfacing/marker_interfacing/msg/enu_marker.hpp
-- Up-to-date: /home/urc/new-GUI/install/marker_interfacing/include/marker_interfacing/marker_interfacing/msg/geodetic_marker_list.hpp
-- Up-to-date: /home/urc/new-GUI/install/marker_interfacing/include/marker_interfacing/marker_interfacing/msg/detail
-- Up-to-date: /home/urc/new-GUI/install/marker_interfacing/include/marker_interfacing/marker_interfacing/msg/detail/geodetic_marker_list__traits.hpp
-- Up-to-date: /home/urc/new-GUI/install/marker_interfacing/include/marker_interfacing/marker_interfacing/msg/detail/geodetic_marker_list__struct.hpp
-- Up-to-date: /home/urc/new-GUI/install/marker_interfacing/include/marker_interfacing/marker_interfacing/msg/detail/enu_marker__traits.hpp
-- Up-to-date: /home/urc/new-GUI/install/marker_interfacing/include/marker_interfacing/marker_interfacing/msg/detail/geodetic_marker__struct.hpp
-- Up-to-date: /home/urc/new-GUI/install/marker_interfacing/include/marker_interfacing/marker_interfacing/msg/detail/enu_marker__builder.hpp
-- Up-to-date: /home/urc/new-GUI/install/marker_interfacing/include/marker_interfacing/marker_interfacing/msg/detail/geodetic_marker__builder.hpp
-- Up-to-date: /home/urc/new-GUI/install/marker_interfacing/include/marker_interfacing/marker_interfacing/msg/detail/geodetic_marker_list__builder.hpp
-- Up-to-date: /home/urc/new-GUI/install/marker_interfacing/include/marker_interfacing/marker_interfacing/msg/detail/enu_marker__struct.hpp
-- Up-to-date: /home/urc/new-GUI/install/marker_interfacing/include/marker_interfacing/marker_interfacing/msg/detail/geodetic_marker__traits.hpp
-- Up-to-date: /home/urc/new-GUI/install/marker_interfacing/include/marker_interfacing/marker_interfacing/msg/geodetic_marker.hpp
-- Up-to-date: /home/urc/new-GUI/install/marker_interfacing/include/marker_interfacing/marker_interfacing/srv
-- Up-to-date: /home/urc/new-GUI/install/marker_interfacing/include/marker_interfacing/marker_interfacing/srv/insert_marker.hpp
-- Up-to-date: /home/urc/new-GUI/install/marker_interfacing/include/marker_interfacing/marker_interfacing/srv/edit_marker.hpp
-- Up-to-date: /home/urc/new-GUI/install/marker_interfacing/include/marker_interfacing/marker_interfacing/srv/remove_marker.hpp
-- Up-to-date: /home/urc/new-GUI/install/marker_interfacing/include/marker_interfacing/marker_interfacing/srv/plan_home_marker.hpp
-- Up-to-date: /home/urc/new-GUI/install/marker_interfacing/include/marker_interfacing/marker_interfacing/srv/reorder_markers.hpp
-- Up-to-date: /home/urc/new-GUI/install/marker_interfacing/include/marker_interfacing/marker_interfacing/srv/publish_current_marker.hpp
-- Up-to-date: /home/urc/new-GUI/install/marker_interfacing/include/marker_interfacing/marker_interfacing/srv/reorder_marker.hpp
-- Up-to-date: /home/urc/new-GUI/install/marker_interfacing/include/marker_interfacing/marker_interfacing/srv/remove_current_marker.hpp
-- Up-to-date: /home/urc/new-GUI/install/marker_interfacing/include/marker_interfacing/marker_interfacing/srv/detail
-- Up-to-date: /home/urc/new-GUI/install/marker_interfacing/include/marker_interfacing/marker_interfacing/srv/detail/insert_marker__traits.hpp
-- Up-to-date: /home/urc/new-GUI/install/marker_interfacing/include/marker_interfacing/marker_interfacing/srv/detail/remove_marker__builder.hpp
-- Up-to-date: /home/urc/new-GUI/install/marker_interfacing/include/marker_interfacing/marker_interfacing/srv/detail/remove_current_marker__traits.hpp
-- Up-to-date: /home/urc/new-GUI/install/marker_interfacing/include/marker_interfacing/marker_interfacing/srv/detail/reorder_marker__struct.hpp
-- Up-to-date: /home/urc/new-GUI/install/marker_interfacing/include/marker_interfacing/marker_interfacing/srv/detail/remove_current_marker__struct.hpp
-- Up-to-date: /home/urc/new-GUI/install/marker_interfacing/include/marker_interfacing/marker_interfacing/srv/detail/remove_marker__struct.hpp
-- Up-to-date: /home/urc/new-GUI/install/marker_interfacing/include/marker_interfacing/marker_interfacing/srv/detail/reorder_markers__builder.hpp
-- Up-to-date: /home/urc/new-GUI/install/marker_interfacing/include/marker_interfacing/marker_interfacing/srv/detail/edit_marker__struct.hpp
-- Up-to-date: /home/urc/new-GUI/install/marker_interfacing/include/marker_interfacing/marker_interfacing/srv/detail/publish_current_marker__struct.hpp
-- Up-to-date: /home/urc/new-GUI/install/marker_interfacing/include/marker_interfacing/marker_interfacing/srv/detail/add_marker__traits.hpp
-- Up-to-date: /home/urc/new-GUI/install/marker_interfacing/include/marker_interfacing/marker_interfacing/srv/detail/add_marker__builder.hpp
-- Up-to-date: /home/urc/new-GUI/install/marker_interfacing/include/marker_interfacing/marker_interfacing/srv/detail/edit_marker__traits.hpp
-- Up-to-date: /home/urc/new-GUI/install/marker_interfacing/include/marker_interfacing/marker_interfacing/srv/detail/edit_marker__builder.hpp
-- Up-to-date: /home/urc/new-GUI/install/marker_interfacing/include/marker_interfacing/marker_interfacing/srv/detail/clear_markers__traits.hpp
-- Up-to-date: /home/urc/new-GUI/install/marker_interfacing/include/marker_interfacing/marker_interfacing/srv/detail/publish_current_marker__traits.hpp
-- Up-to-date: /home/urc/new-GUI/install/marker_interfacing/include/marker_interfacing/marker_interfacing/srv/detail/clear_markers__builder.hpp
-- Up-to-date: /home/urc/new-GUI/install/marker_interfacing/include/marker_interfacing/marker_interfacing/srv/detail/plan_home_marker__builder.hpp
-- Up-to-date: /home/urc/new-GUI/install/marker_interfacing/include/marker_interfacing/marker_interfacing/srv/detail/reorder_markers__struct.hpp
-- Up-to-date: /home/urc/new-GUI/install/marker_interfacing/include/marker_interfacing/marker_interfacing/srv/detail/reorder_markers__traits.hpp
-- Up-to-date: /home/urc/new-GUI/install/marker_interfacing/include/marker_interfacing/marker_interfacing/srv/detail/insert_marker__builder.hpp
-- Up-to-date: /home/urc/new-GUI/install/marker_interfacing/include/marker_interfacing/marker_interfacing/srv/detail/remove_current_marker__builder.hpp
-- Up-to-date: /home/urc/new-GUI/install/marker_interfacing/include/marker_interfacing/marker_interfacing/srv/detail/publish_current_marker__builder.hpp
-- Up-to-date: /home/urc/new-GUI/install/marker_interfacing/include/marker_interfacing/marker_interfacing/srv/detail/insert_marker__struct.hpp
-- Up-to-date: /home/urc/new-GUI/install/marker_interfacing/include/marker_interfacing/marker_interfacing/srv/detail/plan_home_marker__struct.hpp
-- Up-to-date: /home/urc/new-GUI/install/marker_interfacing/include/marker_interfacing/marker_interfacing/srv/detail/clear_markers__struct.hpp
-- Up-to-date: /home/urc/new-GUI/install/marker_interfacing/include/marker_interfacing/marker_interfacing/srv/detail/add_marker__struct.hpp
-- Up-to-date: /home/urc/new-GUI/install/marker_interfacing/include/marker_interfacing/marker_interfacing/srv/detail/plan_home_marker__traits.hpp
-- Up-to-date: /home/urc/new-GUI/install/marker_interfacing/include/marker_interfacing/marker_interfacing/srv/detail/reorder_marker__builder.hpp
-- Up-to-date: /home/urc/new-GUI/install/marker_interfacing/include/marker_interfacing/marker_interfacing/srv/detail/remove_marker__traits.hpp
-- Up-to-date: /home/urc/new-GUI/install/marker_interfacing/include/marker_interfacing/marker_interfacing/srv/detail/reorder_marker__traits.hpp
-- Up-to-date: /home/urc/new-GUI/install/marker_interfacing/include/marker_interfacing/marker_interfacing/srv/add_marker.hpp
-- Up-to-date: /home/urc/new-GUI/install/marker_interfacing/include/marker_interfacing/marker_interfacing/srv/clear_markers.hpp
-- Up-to-date: /home/urc/new-GUI/install/marker_interfacing/include/marker_interfacing/marker_interfacing
-- Up-to-date: /home/urc/new-GUI/install/marker_interfacing/include/marker_interfacing/marker_interfacing/msg
-- Up-to-date: /home/urc/new-GUI/install/marker_interfacing/include/marker_interfacing/marker_interfacing/msg/rosidl_typesupport_fastrtps_cpp__visibility_control.h
-- Up-to-date: /home/urc/new-GUI/install/marker_interfacing/include/marker_interfacing/marker_interfacing/msg/detail
-- Up-to-date: /home/urc/new-GUI/install/marker_interfacing/include/marker_interfacing/marker_interfacing/msg/detail/geodetic_marker__rosidl_typesupport_fastrtps_cpp.hpp
-- Up-to-date: /home/urc/new-GUI/install/marker_interfacing/include/marker_interfacing/marker_interfacing/msg/detail/geodetic_marker_list__rosidl_typesupport_fastrtps_cpp.hpp
-- Up-to-date: /home/urc/new-GUI/install/marker_interfacing/include/marker_interfacing/marker_interfacing/msg/detail/dds_fastrtps
-- Up-to-date: /home/urc/new-GUI/install/marker_interfacing/include/marker_interfacing/marker_interfacing/msg/detail/enu_marker__rosidl_typesupport_fastrtps_cpp.hpp
-- Up-to-date: /home/urc/new-GUI/install/marker_interfacing/include/marker_interfacing/marker_interfacing/srv
-- Up-to-date: /home/urc/new-GUI/install/marker_interfacing/include/marker_interfacing/marker_interfacing/srv/detail
-- Up-to-date: /home/urc/new-GUI/install/marker_interfacing/include/marker_interfacing/marker_interfacing/srv/detail/reorder_marker__rosidl_typesupport_fastrtps_cpp.hpp
-- Up-to-date: /home/urc/new-GUI/install/marker_interfacing/include/marker_interfacing/marker_interfacing/srv/detail/remove_marker__rosidl_typesupport_fastrtps_cpp.hpp
-- Up-to-date: /home/urc/new-GUI/install/marker_interfacing/include/marker_interfacing/marker_interfacing/srv/detail/remove_current_marker__rosidl_typesupport_fastrtps_cpp.hpp
-- Up-to-date: /home/urc/new-GUI/install/marker_interfacing/include/marker_interfacing/marker_interfacing/srv/detail/add_marker__rosidl_typesupport_fastrtps_cpp.hpp
-- Up-to-date: /home/urc/new-GUI/install/marker_interfacing/include/marker_interfacing/marker_interfacing/srv/detail/publish_current_marker__rosidl_typesupport_fastrtps_cpp.hpp
-- Up-to-date: /home/urc/new-GUI/install/marker_interfacing/include/marker_interfacing/marker_interfacing/srv/detail/insert_marker__rosidl_typesupport_fastrtps_cpp.hpp
-- Up-to-date: /home/urc/new-GUI/install/marker_interfacing/include/marker_interfacing/marker_interfacing/srv/detail/reorder_markers__rosidl_typesupport_fastrtps_cpp.hpp
-- Up-to-date: /home/urc/new-GUI/install/marker_interfacing/include/marker_interfacing/marker_interfacing/srv/detail/clear_markers__rosidl_typesupport_fastrtps_cpp.hpp
-- Up-to-date: /home/urc/new-GUI/install/marker_interfacing/include/marker_interfacing/marker_interfacing/srv/detail/dds_fastrtps
-- Up-to-date: /home/urc/new-GUI/install/marker_interfacing/include/marker_interfacing/marker_interfacing/srv/detail/edit_marker__rosidl_typesupport_fastrtps_cpp.hpp
-- Up-to-date: /home/urc/new-GUI/install/marker_interfacing/include/marker_interfacing/marker_interfacing/srv/detail/plan_home_marker__rosidl_typesupport_fastrtps_cpp.hpp
-- Up-to-date: /home/urc/new-GUI/install/marker_interfacing/lib/libmarker_interfacing__rosidl_typesupport_fastrtps_cpp.so
-- Up-to-date: /home/urc/new-GUI/install/marker_interfacing/include/marker_interfacing/marker_interfacing
-- Up-to-date: /home/urc/new-GUI/install/marker_interfacing/include/marker_interfacing/marker_interfacing/msg
-- Up-to-date: /home/urc/new-GUI/install/marker_interfacing/include/marker_interfacing/marker_interfacing/msg/detail
-- Up-to-date: /home/urc/new-GUI/install/marker_interfacing/include/marker_interfacing/marker_interfacing/msg/detail/geodetic_marker_list__type_support.cpp
-- Up-to-date: /home/urc/new-GUI/install/marker_interfacing/include/marker_interfacing/marker_interfacing/msg/detail/geodetic_marker__type_support.cpp
-- Up-to-date: /home/urc/new-GUI/install/marker_interfacing/include/marker_interfacing/marker_interfacing/msg/detail/geodetic_marker__rosidl_typesupport_introspection_cpp.hpp
-- Up-to-date: /home/urc/new-GUI/install/marker_interfacing/include/marker_interfacing/marker_interfacing/msg/detail/enu_marker__rosidl_typesupport_introspection_cpp.hpp
-- Up-to-date: /home/urc/new-GUI/install/marker_interfacing/include/marker_interfacing/marker_interfacing/msg/detail/enu_marker__type_support.cpp
-- Up-to-date: /home/urc/new-GUI/install/marker_interfacing/include/marker_interfacing/marker_interfacing/msg/detail/geodetic_marker_list__rosidl_typesupport_introspection_cpp.hpp
-- Up-to-date: /home/urc/new-GUI/install/marker_interfacing/include/marker_interfacing/marker_interfacing/srv
-- Up-to-date: /home/urc/new-GUI/install/marker_interfacing/include/marker_interfacing/marker_interfacing/srv/detail
-- Up-to-date: /home/urc/new-GUI/install/marker_interfacing/include/marker_interfacing/marker_interfacing/srv/detail/reorder_marker__type_support.cpp
-- Up-to-date: /home/urc/new-GUI/install/marker_interfacing/include/marker_interfacing/marker_interfacing/srv/detail/reorder_marker__rosidl_typesupport_introspection_cpp.hpp
-- Up-to-date: /home/urc/new-GUI/install/marker_interfacing/include/marker_interfacing/marker_interfacing/srv/detail/remove_current_marker__rosidl_typesupport_introspection_cpp.hpp
-- Up-to-date: /home/urc/new-GUI/install/marker_interfacing/include/marker_interfacing/marker_interfacing/srv/detail/reorder_markers__rosidl_typesupport_introspection_cpp.hpp
-- Up-to-date: /home/urc/new-GUI/install/marker_interfacing/include/marker_interfacing/marker_interfacing/srv/detail/clear_markers__rosidl_typesupport_introspection_cpp.hpp
-- Up-to-date: /home/urc/new-GUI/install/marker_interfacing/include/marker_interfacing/marker_interfacing/srv/detail/add_marker__rosidl_typesupport_introspection_cpp.hpp
-- Up-to-date: /home/urc/new-GUI/install/marker_interfacing/include/marker_interfacing/marker_interfacing/srv/detail/insert_marker__rosidl_typesupport_introspection_cpp.hpp
-- Up-to-date: /home/urc/new-GUI/install/marker_interfacing/include/marker_interfacing/marker_interfacing/srv/detail/edit_marker__rosidl_typesupport_introspection_cpp.hpp
-- Up-to-date: /home/urc/new-GUI/install/marker_interfacing/include/marker_interfacing/marker_interfacing/srv/detail/clear_markers__type_support.cpp
-- Up-to-date: /home/urc/new-GUI/install/marker_interfacing/include/marker_interfacing/marker_interfacing/srv/detail/insert_marker__type_support.cpp
-- Up-to-date: /home/urc/new-GUI/install/marker_interfacing/include/marker_interfacing/marker_interfacing/srv/detail/add_marker__type_support.cpp
-- Up-to-date: /home/urc/new-GUI/install/marker_interfacing/include/marker_interfacing/marker_interfacing/srv/detail/publish_current_marker__rosidl_typesupport_introspection_cpp.hpp
-- Up-to-date: /home/urc/new-GUI/install/marker_interfacing/include/marker_interfacing/marker_interfacing/srv/detail/edit_marker__type_support.cpp
-- Up-to-date: /home/urc/new-GUI/install/marker_interfacing/include/marker_interfacing/marker_interfacing/srv/detail/remove_marker__rosidl_typesupport_introspection_cpp.hpp
-- Up-to-date: /home/urc/new-GUI/install/marker_interfacing/include/marker_interfacing/marker_interfacing/srv/detail/reorder_markers__type_support.cpp
-- Up-to-date: /home/urc/new-GUI/install/marker_interfacing/include/marker_interfacing/marker_interfacing/srv/detail/plan_home_marker__type_support.cpp
-- Up-to-date: /home/urc/new-GUI/install/marker_interfacing/include/marker_interfacing/marker_interfacing/srv/detail/publish_current_marker__type_support.cpp
-- Up-to-date: /home/urc/new-GUI/install/marker_interfacing/include/marker_interfacing/marker_interfacing/srv/detail/remove_marker__type_support.cpp
-- Up-to-date: /home/urc/new-GUI/install/marker_interfacing/include/marker_interfacing/marker_interfacing/srv/detail/remove_current_marker__type_support.cpp
-- Up-to-date: /home/urc/new-GUI/install/marker_interfacing/include/marker_interfacing/marker_interfacing/srv/detail/plan_home_marker__rosidl_typesupport_introspection_cpp.hpp
-- Up-to-date: /home/urc/new-GUI/install/marker_interfacing/lib/libmarker_interfacing__rosidl_typesupport_introspection_cpp.so
-- Up-to-date: /home/urc/new-GUI/install/marker_interfacing/lib/libmarker_interfacing__rosidl_typesupport_cpp.so
-- Up-to-date: /home/urc/new-GUI/install/marker_interfacing/share/marker_interfacing/environment/pythonpath.sh
-- Installing: /home/urc/new-GUI/install/marker_interfacing/share/marker_interfacing/environment/pythonpath.dsv
-- Up-to-date: /home/urc/new-GUI/install/marker_interfacing/local/lib/python3.10/dist-packages/marker_interfacing-0.0.0-py3.10.egg-info
-- Installing: /home/urc/new-GUI/install/marker_interfacing/local/lib/python3.10/dist-packages/marker_interfacing-0.0.0-py3.10.egg-info/PKG-INFO
-- Installing: /home/urc/new-GUI/install/marker_interfacing/local/lib/python3.10/dist-packages/marker_interfacing-0.0.0-py3.10.egg-info/dependency_links.txt
-- Installing: /home/urc/new-GUI/install/marker_interfacing/local/lib/python3.10/dist-packages/marker_interfacing-0.0.0-py3.10.egg-info/top_level.txt
-- Installing: /home/urc/new-GUI/install/marker_interfacing/local/lib/python3.10/dist-packages/marker_interfacing-0.0.0-py3.10.egg-info/SOURCES.txt
-- Up-to-date: /home/urc/new-GUI/install/marker_interfacing/local/lib/python3.10/dist-packages/marker_interfacing
-- Up-to-date: /home/urc/new-GUI/install/marker_interfacing/local/lib/python3.10/dist-packages/marker_interfacing/libmarker_interfacing__rosidl_generator_py.so
-- Up-to-date: /home/urc/new-GUI/install/marker_interfacing/local/lib/python3.10/dist-packages/marker_interfacing/marker_interfacing_s__rosidl_typesupport_c.cpython-310-x86_64-linux-gnu.so
-- Up-to-date: /home/urc/new-GUI/install/marker_interfacing/local/lib/python3.10/dist-packages/marker_interfacing/_marker_interfacing_s.ep.rosidl_typesupport_fastrtps_c.c
-- Up-to-date: /home/urc/new-GUI/install/marker_interfacing/local/lib/python3.10/dist-packages/marker_interfacing/msg
-- Up-to-date: /home/urc/new-GUI/install/marker_interfacing/local/lib/python3.10/dist-packages/marker_interfacing/msg/_enu_marker.py
-- Up-to-date: /home/urc/new-GUI/install/marker_interfacing/local/lib/python3.10/dist-packages/marker_interfacing/msg/_enu_marker_s.c
-- Up-to-date: /home/urc/new-GUI/install/marker_interfacing/local/lib/python3.10/dist-packages/marker_interfacing/msg/_geodetic_marker_s.c
-- Up-to-date: /home/urc/new-GUI/install/marker_interfacing/local/lib/python3.10/dist-packages/marker_interfacing/msg/__init__.py
-- Up-to-date: /home/urc/new-GUI/install/marker_interfacing/local/lib/python3.10/dist-packages/marker_interfacing/msg/_geodetic_marker.py
-- Up-to-date: /home/urc/new-GUI/install/marker_interfacing/local/lib/python3.10/dist-packages/marker_interfacing/msg/_geodetic_marker_list_s.c
-- Up-to-date: /home/urc/new-GUI/install/marker_interfacing/local/lib/python3.10/dist-packages/marker_interfacing/msg/_geodetic_marker_list.py
-- Installing: /home/urc/new-GUI/install/marker_interfacing/local/lib/python3.10/dist-packages/marker_interfacing/__init__.py
-- Up-to-date: /home/urc/new-GUI/install/marker_interfacing/local/lib/python3.10/dist-packages/marker_interfacing/_marker_interfacing_s.ep.rosidl_typesupport_introspection_c.c
-- Up-to-date: /home/urc/new-GUI/install/marker_interfacing/local/lib/python3.10/dist-packages/marker_interfacing/marker_interfacing_s__rosidl_typesupport_introspection_c.cpython-310-x86_64-linux-gnu.so
-- Up-to-date: /home/urc/new-GUI/install/marker_interfacing/local/lib/python3.10/dist-packages/marker_interfacing/srv
-- Up-to-date: /home/urc/new-GUI/install/marker_interfacing/local/lib/python3.10/dist-packages/marker_interfacing/srv/_remove_current_marker.py
-- Up-to-date: /home/urc/new-GUI/install/marker_interfacing/local/lib/python3.10/dist-packages/marker_interfacing/srv/_add_marker_s.c
-- Up-to-date: /home/urc/new-GUI/install/marker_interfacing/local/lib/python3.10/dist-packages/marker_interfacing/srv/_plan_home_marker_s.c
-- Up-to-date: /home/urc/new-GUI/install/marker_interfacing/local/lib/python3.10/dist-packages/marker_interfacing/srv/_remove_marker.py
-- Up-to-date: /home/urc/new-GUI/install/marker_interfacing/local/lib/python3.10/dist-packages/marker_interfacing/srv/_insert_marker.py
-- Up-to-date: /home/urc/new-GUI/install/marker_interfacing/local/lib/python3.10/dist-packages/marker_interfacing/srv/_remove_marker_s.c
-- Up-to-date: /home/urc/new-GUI/install/marker_interfacing/local/lib/python3.10/dist-packages/marker_interfacing/srv/__init__.py
-- Up-to-date: /home/urc/new-GUI/install/marker_interfacing/local/lib/python3.10/dist-packages/marker_interfacing/srv/_remove_current_marker_s.c
-- Up-to-date: /home/urc/new-GUI/install/marker_interfacing/local/lib/python3.10/dist-packages/marker_interfacing/srv/_clear_markers.py
-- Up-to-date: /home/urc/new-GUI/install/marker_interfacing/local/lib/python3.10/dist-packages/marker_interfacing/srv/_add_marker.py
-- Up-to-date: /home/urc/new-GUI/install/marker_interfacing/local/lib/python3.10/dist-packages/marker_interfacing/srv/_clear_markers_s.c
-- Up-to-date: /home/urc/new-GUI/install/marker_interfacing/local/lib/python3.10/dist-packages/marker_interfacing/srv/_publish_current_marker.py
-- Up-to-date: /home/urc/new-GUI/install/marker_interfacing/local/lib/python3.10/dist-packages/marker_interfacing/srv/_reorder_markers.py
-- Up-to-date: /home/urc/new-GUI/install/marker_interfacing/local/lib/python3.10/dist-packages/marker_interfacing/srv/_reorder_marker.py
-- Up-to-date: /home/urc/new-GUI/install/marker_interfacing/local/lib/python3.10/dist-packages/marker_interfacing/srv/_publish_current_marker_s.c
-- Up-to-date: /home/urc/new-GUI/install/marker_interfacing/local/lib/python3.10/dist-packages/marker_interfacing/srv/_insert_marker_s.c
-- Up-to-date: /home/urc/new-GUI/install/marker_interfacing/local/lib/python3.10/dist-packages/marker_interfacing/srv/_edit_marker.py
-- Up-to-date: /home/urc/new-GUI/install/marker_interfacing/local/lib/python3.10/dist-packages/marker_interfacing/srv/_plan_home_marker.py
-- Up-to-date: /home/urc/new-GUI/install/marker_interfacing/local/lib/python3.10/dist-packages/marker_interfacing/srv/_reorder_marker_s.c
-- Up-to-date: /home/urc/new-GUI/install/marker_interfacing/local/lib/python3.10/dist-packages/marker_interfacing/srv/_edit_marker_s.c
-- Up-to-date: /home/urc/new-GUI/install/marker_interfacing/local/lib/python3.10/dist-packages/marker_interfacing/srv/_reorder_markers_s.c
-- Up-to-date: /home/urc/new-GUI/install/marker_interfacing/local/lib/python3.10/dist-packages/marker_interfacing/marker_interfacing_s__rosidl_typesupport_fastrtps_c.cpython-310-x86_64-linux-gnu.so
-- Up-to-date: /home/urc/new-GUI/install/marker_interfacing/local/lib/python3.10/dist-packages/marker_interfacing/_marker_interfacing_s.ep.rosidl_typesupport_c.c
Listing '/home/urc/new-GUI/install/marker_interfacing/local/lib/python3.10/dist-packages/marker_interfacing'...
Compiling '/home/urc/new-GUI/install/marker_interfacing/local/lib/python3.10/dist-packages/marker_interfacing/__init__.py'...
Listing '/home/urc/new-GUI/install/marker_interfacing/local/lib/python3.10/dist-packages/marker_interfacing/msg'...
Listing '/home/urc/new-GUI/install/marker_interfacing/local/lib/python3.10/dist-packages/marker_interfacing/srv'...
-- Up-to-date: /home/urc/new-GUI/install/marker_interfacing/local/lib/python3.10/dist-packages/marker_interfacing/marker_interfacing_s__rosidl_typesupport_fastrtps_c.cpython-310-x86_64-linux-gnu.so
-- Up-to-date: /home/urc/new-GUI/install/marker_interfacing/local/lib/python3.10/dist-packages/marker_interfacing/marker_interfacing_s__rosidl_typesupport_introspection_c.cpython-310-x86_64-linux-gnu.so
-- Up-to-date: /home/urc/new-GUI/install/marker_interfacing/local/lib/python3.10/dist-packages/marker_interfacing/marker_interfacing_s__rosidl_typesupport_c.cpython-310-x86_64-linux-gnu.so
-- Up-to-date: /home/urc/new-GUI/install/marker_interfacing/lib/libmarker_interfacing__rosidl_generator_py.so
-- Up-to-date: /home/urc/new-GUI/install/marker_interfacing/share/marker_interfacing/msg/ENUMarker.idl
-- Up-to-date: /home/urc/new-GUI/install/marker_interfacing/share/marker_interfacing/msg/GeodeticMarker.idl
-- Up-to-date: /home/urc/new-GUI/install/marker_interfacing/share/marker_interfacing/msg/GeodeticMarkerList.idl
-- Up-to-date: /home/urc/new-GUI/install/marker_interfacing/share/marker_interfacing/srv/AddMarker.idl
-- Up-to-date: /home/urc/new-GUI/install/marker_interfacing/share/marker_interfacing/srv/ClearMarkers.idl
-- Up-to-date: /home/urc/new-GUI/install/marker_interfacing/share/marker_interfacing/srv/EditMarker.idl
-- Up-to-date: /home/urc/new-GUI/install/marker_interfacing/share/marker_interfacing/srv/InsertMarker.idl
-- Up-to-date: /home/urc/new-GUI/install/marker_interfacing/share/marker_interfacing/srv/PlanHomeMarker.idl
-- Up-to-date: /home/urc/new-GUI/install/marker_interfacing/share/marker_interfacing/srv/PublishCurrentMarker.idl
-- Up-to-date: /home/urc/new-GUI/install/marker_interfacing/share/marker_interfacing/srv/RemoveCurrentMarker.idl
-- Up-to-date: /home/urc/new-GUI/install/marker_interfacing/share/marker_interfacing/srv/RemoveMarker.idl
-- Up-to-date: /home/urc/new-GUI/install/marker_interfacing/share/marker_interfacing/srv/ReorderMarker.idl
-- Up-to-date: /home/urc/new-GUI/install/marker_interfacing/share/marker_interfacing/srv/ReorderMarkers.idl
-- Up-to-date: /home/urc/new-GUI/install/marker_interfacing/share/marker_interfacing/msg/ENUMarker.msg
-- Up-to-date: /home/urc/new-GUI/install/marker_interfacing/share/marker_interfacing/msg/GeodeticMarker.msg
-- Up-to-date: /home/urc/new-GUI/install/marker_interfacing/share/marker_interfacing/msg/GeodeticMarkerList.msg
-- Up-to-date: /home/urc/new-GUI/install/marker_interfacing/share/marker_interfacing/srv/AddMarker.srv
-- Up-to-date: /home/urc/new-GUI/install/marker_interfacing/share/marker_interfacing/srv/AddMarker_Request.msg
-- Up-to-date: /home/urc/new-GUI/install/marker_interfacing/share/marker_interfacing/srv/AddMarker_Response.msg
-- Up-to-date: /home/urc/new-GUI/install/marker_interfacing/share/marker_interfacing/srv/ClearMarkers.srv
-- Up-to-date: /home/urc/new-GUI/install/marker_interfacing/share/marker_interfacing/srv/ClearMarkers_Request.msg
-- Up-to-date: /home/urc/new-GUI/install/marker_interfacing/share/marker_interfacing/srv/ClearMarkers_Response.msg
-- Up-to-date: /home/urc/new-GUI/install/marker_interfacing/share/marker_interfacing/srv/EditMarker.srv
-- Up-to-date: /home/urc/new-GUI/install/marker_interfacing/share/marker_interfacing/srv/EditMarker_Request.msg
-- Up-to-date: /home/urc/new-GUI/install/marker_interfacing/share/marker_interfacing/srv/EditMarker_Response.msg
-- Up-to-date: /home/urc/new-GUI/install/marker_interfacing/share/marker_interfacing/srv/InsertMarker.srv
-- Up-to-date: /home/urc/new-GUI/install/marker_interfacing/share/marker_interfacing/srv/InsertMarker_Request.msg
-- Up-to-date: /home/urc/new-GUI/install/marker_interfacing/share/marker_interfacing/srv/InsertMarker_Response.msg
-- Up-to-date: /home/urc/new-GUI/install/marker_interfacing/share/marker_interfacing/srv/PlanHomeMarker.srv
-- Up-to-date: /home/urc/new-GUI/install/marker_interfacing/share/marker_interfacing/srv/PlanHomeMarker_Request.msg
-- Up-to-date: /home/urc/new-GUI/install/marker_interfacing/share/marker_interfacing/srv/PlanHomeMarker_Response.msg
-- Up-to-date: /home/urc/new-GUI/install/marker_interfacing/share/marker_interfacing/srv/PublishCurrentMarker.srv
-- Up-to-date: /home/urc/new-GUI/install/marker_interfacing/share/marker_interfacing/srv/PublishCurrentMarker_Request.msg
-- Up-to-date: /home/urc/new-GUI/install/marker_interfacing/share/marker_interfacing/srv/PublishCurrentMarker_Response.msg
-- Up-to-date: /home/urc/new-GUI/install/marker_interfacing/share/marker_interfacing/srv/RemoveCurrentMarker.srv
-- Up-to-date: /home/urc/new-GUI/install/marker_interfacing/share/marker_interfacing/srv/RemoveCurrentMarker_Request.msg
-- Up-to-date: /home/urc/new-GUI/install/marker_interfacing/share/marker_interfacing/srv/RemoveCurrentMarker_Response.msg
-- Up-to-date: /home/urc/new-GUI/install/marker_interfacing/share/marker_interfacing/srv/RemoveMarker.srv
-- Up-to-date: /home/urc/new-GUI/install/marker_interfacing/share/marker_interfacing/srv/RemoveMarker_Request.msg
-- Up-to-date: /home/urc/new-GUI/install/marker_interfacing/share/marker_interfacing/srv/RemoveMarker_Response.msg
-- Up-to-date: /home/urc/new-GUI/install/marker_interfacing/share/marker_interfacing/srv/ReorderMarker.srv
-- Up-to-date: /home/urc/new-GUI/install/marker_interfacing/share/marker_interfacing/srv/ReorderMarker_Request.msg
-- Up-to-date: /home/urc/new-GUI/install/marker_interfacing/share/marker_interfacing/srv/ReorderMarker_Response.msg
-- Up-to-date: /home/urc/new-GUI/install/marker_interfacing/share/marker_interfacing/srv/ReorderMarkers.srv
-- Up-to-date: /home/urc/new-GUI/install/marker_interfacing/share/marker_interfacing/srv/ReorderMarkers_Request.msg
-- Up-to-date: /home/urc/new-GUI/install/marker_interfacing/share/marker_interfacing/srv/ReorderMarkers_Response.msg
-- Up-to-date: /home/urc/new-GUI/install/marker_interfacing/share/ament_index/resource_index/package_run_dependencies/marker_interfacing
-- Up-to-date: /home/urc/new-GUI/install/marker_interfacing/share/ament_index/resource_index/parent_prefix_path/marker_interfacing
-- Up-to-date: /home/urc/new-GUI/install/marker_interfacing/share/marker_interfacing/environment/ament_prefix_path.sh
-- Installing: /home/urc/new-GUI/install/marker_interfacing/share/marker_interfacing/environment/ament_prefix_path.dsv
-- Up-to-date: /home/urc/new-GUI/install/marker_interfacing/share/marker_interfacing/environment/path.sh
-- Installing: /home/urc/new-GUI/install/marker_interfacing/share/marker_interfacing/environment/path.dsv
-- Up-to-date: /home/urc/new-GUI/install/marker_interfacing/share/marker_interfacing/local_setup.bash
-- Up-to-date: /home/urc/new-GUI/install/marker_interfacing/share/marker_interfacing/local_setup.sh
-- Up-to-date: /home/urc/new-GUI/install/marker_interfacing/share/marker_interfacing/local_setup.zsh
-- Installing: /home/urc/new-GUI/install/marker_interfacing/share/marker_interfacing/local_setup.dsv
-- Installing: /home/urc/new-GUI/install/marker_interfacing/share/marker_interfacing/package.dsv
-- Up-to-date: /home/urc/new-GUI/install/marker_interfacing/share/ament_index/resource_index/packages/marker_interfacing
-- Up-to-date: /home/urc/new-GUI/install/marker_interfacing/share/marker_interfacing/cmake/export_marker_interfacing__rosidl_generator_cExport.cmake
-- Up-to-date: /home/urc/new-GUI/install/marker_interfacing/share/marker_interfacing/cmake/export_marker_interfacing__rosidl_generator_cExport-noconfig.cmake
-- Up-to-date: /home/urc/new-GUI/install/marker_interfacing/share/marker_interfacing/cmake/export_marker_interfacing__rosidl_typesupport_fastrtps_cExport.cmake
-- Up-to-date: /home/urc/new-GUI/install/marker_interfacing/share/marker_interfacing/cmake/export_marker_interfacing__rosidl_typesupport_fastrtps_cExport-noconfig.cmake
-- Up-to-date: /home/urc/new-GUI/install/marker_interfacing/share/marker_interfacing/cmake/marker_interfacing__rosidl_typesupport_introspection_cExport.cmake
-- Up-to-date: /home/urc/new-GUI/install/marker_interfacing/share/marker_interfacing/cmake/marker_interfacing__rosidl_typesupport_introspection_cExport-noconfig.cmake
-- Up-to-date: /home/urc/new-GUI/install/marker_interfacing/share/marker_interfacing/cmake/marker_interfacing__rosidl_typesupport_cExport.cmake
-- Up-to-date: /home/urc/new-GUI/install/marker_interfacing/share/marker_interfacing/cmake/marker_interfacing__rosidl_typesupport_cExport-noconfig.cmake
-- Up-to-date: /home/urc/new-GUI/install/marker_interfacing/share/marker_interfacing/cmake/export_marker_interfacing__rosidl_generator_cppExport.cmake
-- Up-to-date: /home/urc/new-GUI/install/marker_interfacing/share/marker_interfacing/cmake/export_marker_interfacing__rosidl_typesupport_fastrtps_cppExport.cmake
-- Up-to-date: /home/urc/new-GUI/install/marker_interfacing/share/marker_interfacing/cmake/export_marker_interfacing__rosidl_typesupport_fastrtps_cppExport-noconfig.cmake
-- Up-to-date: /home/urc/new-GUI/install/marker_interfacing/share/marker_interfacing/cmake/marker_interfacing__rosidl_typesupport_introspection_cppExport.cmake
-- Up-to-date: /home/urc/new-GUI/install/marker_interfacing/share/marker_interfacing/cmake/marker_interfacing__rosidl_typesupport_introspection_cppExport-noconfig.cmake
-- Up-to-date: /home/urc/new-GUI/install/marker_interfacing/share/marker_interfacing/cmake/marker_interfacing__rosidl_typesupport_cppExport.cmake
-- Up-to-date: /home/urc/new-GUI/install/marker_interfacing/share/marker_interfacing/cmake/marker_interfacing__rosidl_typesupport_cppExport-noconfig.cmake
-- Up-to-date: /home/urc/new-GUI/install/marker_interfacing/share/marker_interfacing/cmake/export_marker_interfacing__rosidl_generator_pyExport.cmake
-- Up-to-date: /home/urc/new-GUI/install/marker_interfacing/share/marker_interfacing/cmake/export_marker_interfacing__rosidl_generator_pyExport-noconfig.cmake
-- Up-to-date: /home/urc/new-GUI/install/marker_interfacing/share/marker_interfacing/cmake/rosidl_cmake-extras.cmake
-- Up-to-date: /home/urc/new-GUI/install/marker_interfacing/share/marker_interfacing/cmake/ament_cmake_export_dependencies-extras.cmake
-- Up-to-date: /home/urc/new-GUI/install/marker_interfacing/share/marker_interfacing/cmake/ament_cmake_export_include_directories-extras.cmake
-- Up-to-date: /home/urc/new-GUI/install/marker_interfacing/share/marker_interfacing/cmake/ament_cmake_export_libraries-extras.cmake
-- Up-to-date: /home/urc/new-GUI/install/marker_interfacing/share/marker_interfacing/cmake/ament_cmake_export_targets-extras.cmake
-- Up-to-date: /home/urc/new-GUI/install/marker_interfacing/share/marker_interfacing/cmake/rosidl_cmake_export_typesupport_targets-extras.cmake
-- Up-to-date: /home/urc/new-GUI/install/marker_interfacing/share/marker_interfacing/cmake/rosidl_cmake_export_typesupport_libraries-extras.cmake
-- Up-to-date: /home/urc/new-GUI/install/marker_interfacing/share/marker_interfacing/cmake/marker_interfacingConfig.cmake
-- Up-to-date: /home/urc/new-GUI/install/marker_interfacing/share/marker_interfacing/cmake/marker_interfacingConfig-version.cmake
-- Up-to-date: /home/urc/new-GUI/install/marker_interfacing/share/marker_interfacing/package.xml
