[1.137s] Invoking command in '/home/urc/new-GUI/build/theora_webcams': CMAKE_PREFIX_PATH=/opt/ros/humble /usr/bin/cmake /home/urc/new-GUI/src/theora_webcams -DCMAKE_INSTALL_PREFIX=/home/urc/new-GUI/install/theora_webcams
[1.156s] -- Found ament_cmake: 1.3.5 (/opt/ros/humble/share/ament_cmake/cmake)
[1.467s] -- Found ament_lint_auto: 0.12.8 (/opt/ros/humble/share/ament_lint_auto/cmake)
[1.585s] -- Found rosidl_default_generators: 1.2.0 (/opt/ros/humble/share/rosidl_default_generators/cmake)
[1.589s] -- Using all available rosidl_typesupport_c: rosidl_typesupport_fastrtps_c;rosidl_typesupport_introspection_c
[1.595s] -- Found rosidl_adapter: 3.1.5 (/opt/ros/humble/share/rosidl_adapter/cmake)
[1.701s] -- Using all available rosidl_typesupport_cpp: rosidl_typesupport_fastrtps_cpp;rosidl_typesupport_introspection_cpp
[1.818s] [33mCMake Warning at CMakeLists.txt:244 (find_package):
[1.818s]   By not providing "Findroscpp.cmake" in CMAKE_MODULE_PATH this project has
[1.818s]   asked CMake to find a package configuration file provided by "roscpp", but
[1.819s]   CMake did not find one.
[1.819s] 
[1.819s]   Could not find a package configuration file provided by "roscpp" with any
[1.819s]   of the following names:
[1.819s] 
[1.819s]     roscppConfig.cmake
[1.819s]     roscpp-config.cmake
[1.819s] 
[1.820s]   Add the installation prefix of "roscpp" to CMAKE_PREFIX_PATH or set
[1.820s]   "roscpp_DIR" to a directory containing one of the above files.  If "roscpp"
[1.820s]   provides a separate development package or SDK, be sure it has been
[1.820s]   installed.
[1.820s] 
[1.821s] [0m
[1.839s] -- Found sensor_msgs: 4.2.3 (/opt/ros/humble/share/sensor_msgs/cmake)
[2.440s] -- Found cv_bridge: 3.2.1 (/opt/ros/humble/share/cv_bridge/cmake)
[2.504s] -- Found image_transport: 3.1.7 (/opt/ros/humble/share/image_transport/cmake)
[2.676s] -- Found rmw_implementation_cmake: 6.1.1 (/opt/ros/humble/share/rmw_implementation_cmake/cmake)
[2.680s] -- Found rmw_fastrtps_cpp: 6.2.4 (/opt/ros/humble/share/rmw_fastrtps_cpp/cmake)
[2.912s] -- Using RMW implementation 'rmw_fastrtps_cpp' as default
[3.296s] -- Found camera_info_manager: 3.1.7 (/opt/ros/humble/share/camera_info_manager/cmake)
[3.953s] -- Found ament_cmake_ros: 0.10.0 (/opt/ros/humble/share/ament_cmake_ros/cmake)
[4.540s] -- Using all available rosidl_typesupport_c: rosidl_typesupport_fastrtps_c;rosidl_typesupport_introspection_c
[5.306s] -- Using all available rosidl_typesupport_cpp: rosidl_typesupport_fastrtps_cpp;rosidl_typesupport_introspection_cpp
[5.364s] -- Found PythonInterp: /usr/bin/python3 (found suitable version "3.10.12", minimum required is "3.6") 
[5.365s] -- Found python_cmake_module: 0.10.0 (/opt/ros/humble/share/python_cmake_module/cmake)
[5.426s] -- Found PythonLibs: /usr/lib/x86_64-linux-gnu/libpython3.10.so (found suitable version "3.10.12", minimum required is "3.5") 
[5.427s] -- Using PYTHON_EXECUTABLE: /usr/bin/python3
[5.427s] -- Using PYTHON_INCLUDE_DIRS: /usr/include/python3.10
[5.427s] -- Using PYTHON_LIBRARIES: /usr/lib/x86_64-linux-gnu/libpython3.10.so
[5.471s] -- Found PythonExtra: .so  
[5.640s] -- Added test 'cppcheck' to perform static code analysis on C / C++ code
[5.642s] -- Configured cppcheck include dirs: 
[5.642s] -- Configured cppcheck exclude dirs and/or files: 
[5.645s] -- Added test 'lint_cmake' to check CMake code style
[5.650s] -- Added test 'uncrustify' to check C / C++ code style
[5.650s] -- Configured uncrustify additional arguments: 
[5.652s] -- Added test 'xmllint' to check XML markup files
[5.664s] -- Configuring done
[5.767s] -- Generating done
[5.774s] -- Build files have been written to: /home/urc/new-GUI/build/theora_webcams
[5.803s] Invoked command in '/home/urc/new-GUI/build/theora_webcams' returned '0': CMAKE_PREFIX_PATH=/opt/ros/humble /usr/bin/cmake /home/urc/new-GUI/src/theora_webcams -DCMAKE_INSTALL_PREFIX=/home/urc/new-GUI/install/theora_webcams
[5.804s] Invoking command in '/home/urc/new-GUI/build/theora_webcams': CMAKE_PREFIX_PATH=/opt/ros/humble /usr/bin/cmake --build /home/urc/new-GUI/build/theora_webcams -- -j4 -l4
[5.875s] [  1%] [34m[1mGenerating C code for ROS interfaces[0m
[5.908s] [  1%] Built target ament_cmake_python_copy_theora_webcams
[5.925s] [  2%] [34m[1mGenerating C++ code for ROS interfaces[0m
[6.575s] running egg_info
[6.576s] creating theora_webcams.egg-info
[6.577s] writing theora_webcams.egg-info/PKG-INFO
[6.577s] writing dependency_links to theora_webcams.egg-info/dependency_links.txt
[6.578s] writing top-level names to theora_webcams.egg-info/top_level.txt
[6.578s] writing manifest file 'theora_webcams.egg-info/SOURCES.txt'
[6.581s] reading manifest file 'theora_webcams.egg-info/SOURCES.txt'
[6.582s] writing manifest file 'theora_webcams.egg-info/SOURCES.txt'
[6.637s] [  2%] Built target ament_cmake_python_build_theora_webcams_egg
[7.664s] [  2%] Built target theora_webcams__cpp
[7.679s] [  3%] [34m[1mGenerating C++ type support dispatch for ROS interfaces[0m
[7.811s] [  4%] [34m[1mGenerating C++ type support for eProsima Fast-RTPS[0m
[7.891s] [  5%] [34m[1mGenerating C++ introspection for ROS interfaces[0m
[8.057s] [  6%] [32mBuilding C object CMakeFiles/theora_webcams__rosidl_generator_c.dir/rosidl_generator_c/theora_webcams/msg/detail/framerate__functions.c.o[0m
[8.266s] [  7%] [32mBuilding C object CMakeFiles/theora_webcams__rosidl_generator_c.dir/rosidl_generator_c/theora_webcams/msg/detail/resolution__functions.c.o[0m
[8.335s] [  8%] [32mBuilding C object CMakeFiles/theora_webcams__rosidl_generator_c.dir/rosidl_generator_c/theora_webcams/msg/detail/status__functions.c.o[0m
[8.414s] [  9%] [32mBuilding C object CMakeFiles/theora_webcams__rosidl_generator_c.dir/rosidl_generator_c/theora_webcams/msg/detail/video_format__functions.c.o[0m
[8.491s] [ 10%] [32mBuilding C object CMakeFiles/theora_webcams__rosidl_generator_c.dir/rosidl_generator_c/theora_webcams/msg/detail/video_format_list__functions.c.o[0m
[8.563s] [ 11%] [32mBuilding C object CMakeFiles/theora_webcams__rosidl_generator_c.dir/rosidl_generator_c/theora_webcams/srv/detail/change_video__functions.c.o[0m
[8.646s] [ 12%] [32mBuilding C object CMakeFiles/theora_webcams__rosidl_generator_c.dir/rosidl_generator_c/theora_webcams/srv/detail/get_exposure_bounds__functions.c.o[0m
[8.738s] [ 13%] [32mBuilding C object CMakeFiles/theora_webcams__rosidl_generator_c.dir/rosidl_generator_c/theora_webcams/srv/detail/get_resolutions__functions.c.o[0m
[8.741s] [ 14%] [32mBuilding CXX object CMakeFiles/theora_webcams__rosidl_typesupport_cpp.dir/rosidl_typesupport_cpp/theora_webcams/msg/framerate__type_support.cpp.o[0m
[8.821s] [ 15%] [32mBuilding C object CMakeFiles/theora_webcams__rosidl_generator_c.dir/rosidl_generator_c/theora_webcams/srv/detail/set_exposure__functions.c.o[0m
[8.900s] [ 16%] [32m[1mLinking C shared library libtheora_webcams__rosidl_generator_c.so[0m
[8.984s] [ 16%] Built target theora_webcams__rosidl_generator_c
[9.007s] [ 17%] [34m[1mGenerating C type support for eProsima Fast-RTPS[0m
[9.251s] [ 18%] [32mBuilding CXX object CMakeFiles/theora_webcams__rosidl_typesupport_cpp.dir/rosidl_typesupport_cpp/theora_webcams/msg/resolution__type_support.cpp.o[0m
[9.313s] [ 20%] [32mBuilding CXX object CMakeFiles/theora_webcams__rosidl_typesupport_introspection_cpp.dir/rosidl_typesupport_introspection_cpp/theora_webcams/msg/detail/framerate__type_support.cpp.o[0m
[9.422s] [ 21%] [32mBuilding CXX object CMakeFiles/theora_webcams__rosidl_typesupport_fastrtps_cpp.dir/rosidl_typesupport_fastrtps_cpp/theora_webcams/msg/detail/dds_fastrtps/framerate__type_support.cpp.o[0m
[9.660s] [ 22%] [32mBuilding CXX object CMakeFiles/theora_webcams__rosidl_typesupport_cpp.dir/rosidl_typesupport_cpp/theora_webcams/msg/status__type_support.cpp.o[0m
[9.915s] [ 23%] [32mBuilding CXX object CMakeFiles/theora_webcams__rosidl_typesupport_introspection_cpp.dir/rosidl_typesupport_introspection_cpp/theora_webcams/msg/detail/resolution__type_support.cpp.o[0m
[10.048s] [ 24%] [32mBuilding CXX object CMakeFiles/theora_webcams__rosidl_typesupport_cpp.dir/rosidl_typesupport_cpp/theora_webcams/msg/video_format__type_support.cpp.o[0m
[10.115s] [ 25%] [32mBuilding CXX object CMakeFiles/theora_webcams__rosidl_typesupport_fastrtps_cpp.dir/rosidl_typesupport_fastrtps_cpp/theora_webcams/msg/detail/dds_fastrtps/resolution__type_support.cpp.o[0m
[10.454s] [ 26%] [32mBuilding CXX object CMakeFiles/theora_webcams__rosidl_typesupport_cpp.dir/rosidl_typesupport_cpp/theora_webcams/msg/video_format_list__type_support.cpp.o[0m
[10.532s] [ 27%] [32mBuilding CXX object CMakeFiles/theora_webcams__rosidl_typesupport_fastrtps_c.dir/rosidl_typesupport_fastrtps_c/theora_webcams/msg/detail/framerate__type_support_c.cpp.o[0m
[10.549s] [ 28%] [32mBuilding CXX object CMakeFiles/theora_webcams__rosidl_typesupport_introspection_cpp.dir/rosidl_typesupport_introspection_cpp/theora_webcams/msg/detail/status__type_support.cpp.o[0m
[10.747s] [ 29%] [32mBuilding CXX object CMakeFiles/theora_webcams__rosidl_typesupport_fastrtps_cpp.dir/rosidl_typesupport_fastrtps_cpp/theora_webcams/msg/detail/dds_fastrtps/status__type_support.cpp.o[0m
[10.847s] [ 30%] [32mBuilding CXX object CMakeFiles/theora_webcams__rosidl_typesupport_cpp.dir/rosidl_typesupport_cpp/theora_webcams/srv/change_video__type_support.cpp.o[0m
[11.029s] [ 31%] [32mBuilding CXX object CMakeFiles/theora_webcams__rosidl_typesupport_fastrtps_c.dir/rosidl_typesupport_fastrtps_c/theora_webcams/msg/detail/resolution__type_support_c.cpp.o[0m
[11.085s] [ 32%] [32mBuilding CXX object CMakeFiles/theora_webcams__rosidl_typesupport_introspection_cpp.dir/rosidl_typesupport_introspection_cpp/theora_webcams/msg/detail/video_format__type_support.cpp.o[0m
[11.252s] [ 33%] [32mBuilding CXX object CMakeFiles/theora_webcams__rosidl_typesupport_cpp.dir/rosidl_typesupport_cpp/theora_webcams/srv/get_exposure_bounds__type_support.cpp.o[0m
[11.320s] [ 34%] [32mBuilding CXX object CMakeFiles/theora_webcams__rosidl_typesupport_fastrtps_cpp.dir/rosidl_typesupport_fastrtps_cpp/theora_webcams/msg/detail/dds_fastrtps/video_format__type_support.cpp.o[0m
[11.527s] [ 35%] [32mBuilding CXX object CMakeFiles/theora_webcams__rosidl_typesupport_fastrtps_c.dir/rosidl_typesupport_fastrtps_c/theora_webcams/msg/detail/status__type_support_c.cpp.o[0m
[11.628s] [ 36%] [32mBuilding CXX object CMakeFiles/theora_webcams__rosidl_typesupport_cpp.dir/rosidl_typesupport_cpp/theora_webcams/srv/get_resolutions__type_support.cpp.o[0m
[11.769s] [ 37%] [32mBuilding CXX object CMakeFiles/theora_webcams__rosidl_typesupport_introspection_cpp.dir/rosidl_typesupport_introspection_cpp/theora_webcams/msg/detail/video_format_list__type_support.cpp.o[0m
[12.025s] [ 40%] [32mBuilding CXX object CMakeFiles/theora_webcams__rosidl_typesupport_fastrtps_c.dir/rosidl_typesupport_fastrtps_c/theora_webcams/msg/detail/video_format__type_support_c.cpp.o[0m
[12.026s] [ 40%] [32mBuilding CXX object CMakeFiles/theora_webcams__rosidl_typesupport_cpp.dir/rosidl_typesupport_cpp/theora_webcams/srv/set_exposure__type_support.cpp.o[0m
[12.031s] [ 41%] [32mBuilding CXX object CMakeFiles/theora_webcams__rosidl_typesupport_fastrtps_cpp.dir/rosidl_typesupport_fastrtps_cpp/theora_webcams/msg/detail/dds_fastrtps/video_format_list__type_support.cpp.o[0m
[12.483s] [ 42%] [32m[1mLinking CXX shared library libtheora_webcams__rosidl_typesupport_cpp.so[0m
[12.549s] [ 42%] Built target theora_webcams__rosidl_typesupport_cpp
[12.566s] [ 43%] [34m[1mGenerating C introspection for ROS interfaces[0m
[12.627s] [ 44%] [32mBuilding CXX object CMakeFiles/theora_webcams__rosidl_typesupport_fastrtps_c.dir/rosidl_typesupport_fastrtps_c/theora_webcams/msg/detail/video_format_list__type_support_c.cpp.o[0m
[12.659s] [ 45%] [32mBuilding CXX object CMakeFiles/theora_webcams__rosidl_typesupport_introspection_cpp.dir/rosidl_typesupport_introspection_cpp/theora_webcams/srv/detail/change_video__type_support.cpp.o[0m
[12.788s] [ 46%] [32mBuilding CXX object CMakeFiles/theora_webcams__rosidl_typesupport_fastrtps_cpp.dir/rosidl_typesupport_fastrtps_cpp/theora_webcams/srv/detail/dds_fastrtps/change_video__type_support.cpp.o[0m
[13.134s] [ 47%] [32mBuilding CXX object CMakeFiles/theora_webcams__rosidl_typesupport_fastrtps_c.dir/rosidl_typesupport_fastrtps_c/theora_webcams/srv/detail/change_video__type_support_c.cpp.o[0m
[13.222s] [ 48%] [32mBuilding CXX object CMakeFiles/theora_webcams__rosidl_typesupport_introspection_cpp.dir/rosidl_typesupport_introspection_cpp/theora_webcams/srv/detail/get_exposure_bounds__type_support.cpp.o[0m
[13.354s] [ 49%] [32mBuilding CXX object CMakeFiles/theora_webcams__rosidl_typesupport_fastrtps_cpp.dir/rosidl_typesupport_fastrtps_cpp/theora_webcams/srv/detail/dds_fastrtps/get_exposure_bounds__type_support.cpp.o[0m
[13.634s] [ 50%] [32mBuilding CXX object CMakeFiles/theora_webcams__rosidl_typesupport_fastrtps_c.dir/rosidl_typesupport_fastrtps_c/theora_webcams/srv/detail/get_exposure_bounds__type_support_c.cpp.o[0m
[13.820s] [ 51%] [32mBuilding CXX object CMakeFiles/theora_webcams__rosidl_typesupport_introspection_cpp.dir/rosidl_typesupport_introspection_cpp/theora_webcams/srv/detail/get_resolutions__type_support.cpp.o[0m
[14.023s] [ 52%] [32mBuilding CXX object CMakeFiles/theora_webcams__rosidl_typesupport_fastrtps_cpp.dir/rosidl_typesupport_fastrtps_cpp/theora_webcams/srv/detail/dds_fastrtps/get_resolutions__type_support.cpp.o[0m
[14.091s] [ 53%] [32mBuilding C object CMakeFiles/theora_webcams__rosidl_typesupport_introspection_c.dir/rosidl_typesupport_introspection_c/theora_webcams/msg/detail/framerate__type_support.c.o[0m
[14.138s] [ 54%] [32mBuilding C object CMakeFiles/theora_webcams__rosidl_typesupport_introspection_c.dir/rosidl_typesupport_introspection_c/theora_webcams/msg/detail/resolution__type_support.c.o[0m
[14.156s] [ 55%] [32mBuilding CXX object CMakeFiles/theora_webcams__rosidl_typesupport_fastrtps_c.dir/rosidl_typesupport_fastrtps_c/theora_webcams/srv/detail/get_resolutions__type_support_c.cpp.o[0m
[14.191s] [ 56%] [32mBuilding C object CMakeFiles/theora_webcams__rosidl_typesupport_introspection_c.dir/rosidl_typesupport_introspection_c/theora_webcams/msg/detail/status__type_support.c.o[0m
[14.237s] [ 57%] [32mBuilding C object CMakeFiles/theora_webcams__rosidl_typesupport_introspection_c.dir/rosidl_typesupport_introspection_c/theora_webcams/msg/detail/video_format__type_support.c.o[0m
[14.293s] [ 58%] [32mBuilding C object CMakeFiles/theora_webcams__rosidl_typesupport_introspection_c.dir/rosidl_typesupport_introspection_c/theora_webcams/msg/detail/video_format_list__type_support.c.o[0m
[14.448s] [ 60%] [32mBuilding C object CMakeFiles/theora_webcams__rosidl_typesupport_introspection_c.dir/rosidl_typesupport_introspection_c/theora_webcams/srv/detail/change_video__type_support.c.o[0m
[14.507s] [ 62%] [32mBuilding C object CMakeFiles/theora_webcams__rosidl_typesupport_introspection_c.dir/rosidl_typesupport_introspection_c/theora_webcams/srv/detail/get_exposure_bounds__type_support.c.o[0m
[14.509s] [ 62%] [32mBuilding CXX object CMakeFiles/theora_webcams__rosidl_typesupport_introspection_cpp.dir/rosidl_typesupport_introspection_cpp/theora_webcams/srv/detail/set_exposure__type_support.cpp.o[0m
[14.562s] [ 63%] [32mBuilding C object CMakeFiles/theora_webcams__rosidl_typesupport_introspection_c.dir/rosidl_typesupport_introspection_c/theora_webcams/srv/detail/get_resolutions__type_support.c.o[0m
[14.622s] [ 64%] [32mBuilding C object CMakeFiles/theora_webcams__rosidl_typesupport_introspection_c.dir/rosidl_typesupport_introspection_c/theora_webcams/srv/detail/set_exposure__type_support.c.o[0m
[14.663s] [ 65%] [32mBuilding CXX object CMakeFiles/theora_webcams__rosidl_typesupport_fastrtps_c.dir/rosidl_typesupport_fastrtps_c/theora_webcams/srv/detail/set_exposure__type_support_c.cpp.o[0m
[14.666s] [ 66%] [32mBuilding CXX object CMakeFiles/theora_webcams__rosidl_typesupport_fastrtps_cpp.dir/rosidl_typesupport_fastrtps_cpp/theora_webcams/srv/detail/dds_fastrtps/set_exposure__type_support.cpp.o[0m
[14.678s] [ 67%] [32m[1mLinking C shared library libtheora_webcams__rosidl_typesupport_introspection_c.so[0m
[14.749s] [ 67%] Built target theora_webcams__rosidl_typesupport_introspection_c
[14.766s] [ 68%] [34m[1mGenerating C type support dispatch for ROS interfaces[0m
[15.055s] [ 69%] [32m[1mLinking CXX shared library libtheora_webcams__rosidl_typesupport_introspection_cpp.so[0m
[15.186s] [ 70%] [32m[1mLinking CXX shared library libtheora_webcams__rosidl_typesupport_fastrtps_c.so[0m
[15.226s] [ 70%] Built target theora_webcams__rosidl_typesupport_introspection_cpp
[15.269s] [ 71%] [32m[1mLinking CXX shared library libtheora_webcams__rosidl_typesupport_fastrtps_cpp.so[0m
[15.316s] [ 71%] Built target theora_webcams__rosidl_typesupport_fastrtps_c
[15.393s] [ 71%] Built target theora_webcams__rosidl_typesupport_fastrtps_cpp
[15.665s] [ 74%] [32mBuilding CXX object CMakeFiles/theora_webcams__rosidl_typesupport_c.dir/rosidl_typesupport_c/theora_webcams/msg/status__type_support.cpp.o[0m
[15.667s] [ 74%] [32mBuilding CXX object CMakeFiles/theora_webcams__rosidl_typesupport_c.dir/rosidl_typesupport_c/theora_webcams/msg/video_format__type_support.cpp.o[0m
[15.668s] [ 74%] [32mBuilding CXX object CMakeFiles/theora_webcams__rosidl_typesupport_c.dir/rosidl_typesupport_c/theora_webcams/msg/resolution__type_support.cpp.o[0m
[15.669s] [ 75%] [32mBuilding CXX object CMakeFiles/theora_webcams__rosidl_typesupport_c.dir/rosidl_typesupport_c/theora_webcams/msg/framerate__type_support.cpp.o[0m
[15.715s] [ 76%] [32mBuilding CXX object CMakeFiles/theora_webcams__rosidl_typesupport_c.dir/rosidl_typesupport_c/theora_webcams/msg/video_format_list__type_support.cpp.o[0m
[15.719s] [ 77%] [32mBuilding CXX object CMakeFiles/theora_webcams__rosidl_typesupport_c.dir/rosidl_typesupport_c/theora_webcams/srv/change_video__type_support.cpp.o[0m
[15.725s] [ 78%] [32mBuilding CXX object CMakeFiles/theora_webcams__rosidl_typesupport_c.dir/rosidl_typesupport_c/theora_webcams/srv/get_exposure_bounds__type_support.cpp.o[0m
[15.761s] [ 81%] [32mBuilding CXX object CMakeFiles/theora_webcams__rosidl_typesupport_c.dir/rosidl_typesupport_c/theora_webcams/srv/set_exposure__type_support.cpp.o[0m
[15.762s] [ 81%] [32mBuilding CXX object CMakeFiles/theora_webcams__rosidl_typesupport_c.dir/rosidl_typesupport_c/theora_webcams/srv/get_resolutions__type_support.cpp.o[0m
[15.813s] [ 82%] [32m[1mLinking CXX shared library libtheora_webcams__rosidl_typesupport_c.so[0m
[15.880s] [ 82%] Built target theora_webcams__rosidl_typesupport_c
[15.911s] [ 82%] Built target theora_webcams
[15.940s] [ 83%] [34m[1mGenerating Python code for ROS interfaces[0m
[18.588s] [ 83%] Built target theora_webcams__py
[18.619s] [ 84%] [32mBuilding C object CMakeFiles/theora_webcams__rosidl_generator_py.dir/rosidl_generator_py/theora_webcams/msg/_framerate_s.c.o[0m
[18.620s] [ 85%] [32mBuilding C object CMakeFiles/theora_webcams__rosidl_generator_py.dir/rosidl_generator_py/theora_webcams/msg/_status_s.c.o[0m
[18.622s] [ 86%] [32mBuilding C object CMakeFiles/theora_webcams__rosidl_generator_py.dir/rosidl_generator_py/theora_webcams/msg/_video_format_s.c.o[0m
[18.629s] [ 87%] [32mBuilding C object CMakeFiles/theora_webcams__rosidl_generator_py.dir/rosidl_generator_py/theora_webcams/msg/_resolution_s.c.o[0m
[18.770s] [ 88%] [32mBuilding C object CMakeFiles/theora_webcams__rosidl_generator_py.dir/rosidl_generator_py/theora_webcams/msg/_video_format_list_s.c.o[0m
[18.817s] [ 89%] [32mBuilding C object CMakeFiles/theora_webcams__rosidl_generator_py.dir/rosidl_generator_py/theora_webcams/srv/_change_video_s.c.o[0m
[18.873s] [ 90%] [32mBuilding C object CMakeFiles/theora_webcams__rosidl_generator_py.dir/rosidl_generator_py/theora_webcams/srv/_get_exposure_bounds_s.c.o[0m
[18.887s] [ 91%] [32mBuilding C object CMakeFiles/theora_webcams__rosidl_generator_py.dir/rosidl_generator_py/theora_webcams/srv/_get_resolutions_s.c.o[0m
[18.994s] [ 92%] [32mBuilding C object CMakeFiles/theora_webcams__rosidl_generator_py.dir/rosidl_generator_py/theora_webcams/srv/_set_exposure_s.c.o[0m
[19.147s] [ 93%] [32m[1mLinking C shared library rosidl_generator_py/theora_webcams/libtheora_webcams__rosidl_generator_py.so[0m
[19.203s] [ 93%] Built target theora_webcams__rosidl_generator_py
[19.230s] [ 95%] [32mBuilding C object CMakeFiles/theora_webcams__rosidl_typesupport_fastrtps_c__pyext.dir/rosidl_generator_py/theora_webcams/_theora_webcams_s.ep.rosidl_typesupport_fastrtps_c.c.o[0m
[19.231s] [ 95%] [32mBuilding C object CMakeFiles/theora_webcams__rosidl_typesupport_c__pyext.dir/rosidl_generator_py/theora_webcams/_theora_webcams_s.ep.rosidl_typesupport_c.c.o[0m
[19.232s] [ 96%] [32mBuilding C object CMakeFiles/theora_webcams__rosidl_typesupport_introspection_c__pyext.dir/rosidl_generator_py/theora_webcams/_theora_webcams_s.ep.rosidl_typesupport_introspection_c.c.o[0m
[19.425s] [ 97%] [32m[1mLinking C shared library rosidl_generator_py/theora_webcams/theora_webcams_s__rosidl_typesupport_introspection_c.cpython-310-x86_64-linux-gnu.so[0m
[19.426s] [ 98%] [32m[1mLinking C shared library rosidl_generator_py/theora_webcams/theora_webcams_s__rosidl_typesupport_fastrtps_c.cpython-310-x86_64-linux-gnu.so[0m
[19.438s] [100%] [32m[1mLinking C shared library rosidl_generator_py/theora_webcams/theora_webcams_s__rosidl_typesupport_c.cpython-310-x86_64-linux-gnu.so[0m
[19.504s] [100%] Built target theora_webcams__rosidl_typesupport_introspection_c__pyext
[19.519s] [100%] Built target theora_webcams__rosidl_typesupport_fastrtps_c__pyext
[19.521s] [100%] Built target theora_webcams__rosidl_typesupport_c__pyext
[19.540s] Invoked command in '/home/urc/new-GUI/build/theora_webcams' returned '0': CMAKE_PREFIX_PATH=/opt/ros/humble /usr/bin/cmake --build /home/urc/new-GUI/build/theora_webcams -- -j4 -l4
[19.785s] Invoking command in '/home/urc/new-GUI/build/theora_webcams': CMAKE_PREFIX_PATH=/opt/ros/humble /usr/bin/cmake --install /home/urc/new-GUI/build/theora_webcams
[19.795s] -- Install configuration: ""
[19.795s] -- Installing: /home/urc/new-GUI/install/theora_webcams/share/ament_index/resource_index/rosidl_interfaces/theora_webcams
[19.796s] -- Installing: /home/urc/new-GUI/install/theora_webcams/include/theora_webcams/theora_webcams
[19.796s] -- Installing: /home/urc/new-GUI/install/theora_webcams/include/theora_webcams/theora_webcams/msg
[19.796s] -- Installing: /home/urc/new-GUI/install/theora_webcams/include/theora_webcams/theora_webcams/msg/video_format.h
[19.796s] -- Installing: /home/urc/new-GUI/install/theora_webcams/include/theora_webcams/theora_webcams/msg/video_format_list.h
[19.796s] -- Installing: /home/urc/new-GUI/install/theora_webcams/include/theora_webcams/theora_webcams/msg/status.h
[19.796s] -- Installing: /home/urc/new-GUI/install/theora_webcams/include/theora_webcams/theora_webcams/msg/rosidl_generator_c__visibility_control.h
[19.796s] -- Installing: /home/urc/new-GUI/install/theora_webcams/include/theora_webcams/theora_webcams/msg/detail
[19.802s] -- Installing: /home/urc/new-GUI/install/theora_webcams/include/theora_webcams/theora_webcams/msg/detail/video_format_list__functions.h
[19.802s] -- Installing: /home/urc/new-GUI/install/theora_webcams/include/theora_webcams/theora_webcams/msg/detail/resolution__type_support.h
[19.802s] -- Installing: /home/urc/new-GUI/install/theora_webcams/include/theora_webcams/theora_webcams/msg/detail/video_format_list__type_support.h
[19.803s] -- Installing: /home/urc/new-GUI/install/theora_webcams/include/theora_webcams/theora_webcams/msg/detail/resolution__functions.h
[19.803s] -- Installing: /home/urc/new-GUI/install/theora_webcams/include/theora_webcams/theora_webcams/msg/detail/video_format__functions.c
[19.803s] -- Installing: /home/urc/new-GUI/install/theora_webcams/include/theora_webcams/theora_webcams/msg/detail/status__struct.h
[19.803s] -- Installing: /home/urc/new-GUI/install/theora_webcams/include/theora_webcams/theora_webcams/msg/detail/framerate__functions.c
[19.803s] -- Installing: /home/urc/new-GUI/install/theora_webcams/include/theora_webcams/theora_webcams/msg/detail/video_format__type_support.h
[19.803s] -- Installing: /home/urc/new-GUI/install/theora_webcams/include/theora_webcams/theora_webcams/msg/detail/framerate__type_support.h
[19.804s] -- Installing: /home/urc/new-GUI/install/theora_webcams/include/theora_webcams/theora_webcams/msg/detail/video_format__functions.h
[19.804s] -- Installing: /home/urc/new-GUI/install/theora_webcams/include/theora_webcams/theora_webcams/msg/detail/framerate__struct.h
[19.804s] -- Installing: /home/urc/new-GUI/install/theora_webcams/include/theora_webcams/theora_webcams/msg/detail/video_format_list__struct.h
[19.804s] -- Installing: /home/urc/new-GUI/install/theora_webcams/include/theora_webcams/theora_webcams/msg/detail/status__functions.h
[19.807s] -- Installing: /home/urc/new-GUI/install/theora_webcams/include/theora_webcams/theora_webcams/msg/detail/framerate__functions.h
[19.807s] -- Installing: /home/urc/new-GUI/install/theora_webcams/include/theora_webcams/theora_webcams/msg/detail/status__functions.c
[19.807s] -- Installing: /home/urc/new-GUI/install/theora_webcams/include/theora_webcams/theora_webcams/msg/detail/resolution__functions.c
[19.807s] -- Installing: /home/urc/new-GUI/install/theora_webcams/include/theora_webcams/theora_webcams/msg/detail/video_format__struct.h
[19.807s] -- Installing: /home/urc/new-GUI/install/theora_webcams/include/theora_webcams/theora_webcams/msg/detail/video_format_list__functions.c
[19.808s] -- Installing: /home/urc/new-GUI/install/theora_webcams/include/theora_webcams/theora_webcams/msg/detail/status__type_support.h
[19.808s] -- Installing: /home/urc/new-GUI/install/theora_webcams/include/theora_webcams/theora_webcams/msg/detail/resolution__struct.h
[19.808s] -- Installing: /home/urc/new-GUI/install/theora_webcams/include/theora_webcams/theora_webcams/msg/resolution.h
[19.808s] -- Installing: /home/urc/new-GUI/install/theora_webcams/include/theora_webcams/theora_webcams/msg/framerate.h
[19.808s] -- Installing: /home/urc/new-GUI/install/theora_webcams/include/theora_webcams/theora_webcams/srv
[19.809s] -- Installing: /home/urc/new-GUI/install/theora_webcams/include/theora_webcams/theora_webcams/srv/get_resolutions.h
[19.809s] -- Installing: /home/urc/new-GUI/install/theora_webcams/include/theora_webcams/theora_webcams/srv/get_exposure_bounds.h
[19.809s] -- Installing: /home/urc/new-GUI/install/theora_webcams/include/theora_webcams/theora_webcams/srv/change_video.h
[19.809s] -- Installing: /home/urc/new-GUI/install/theora_webcams/include/theora_webcams/theora_webcams/srv/detail
[19.809s] -- Installing: /home/urc/new-GUI/install/theora_webcams/include/theora_webcams/theora_webcams/srv/detail/get_exposure_bounds__functions.h
[19.809s] -- Installing: /home/urc/new-GUI/install/theora_webcams/include/theora_webcams/theora_webcams/srv/detail/get_resolutions__type_support.h
[19.810s] -- Installing: /home/urc/new-GUI/install/theora_webcams/include/theora_webcams/theora_webcams/srv/detail/change_video__functions.c
[19.810s] -- Installing: /home/urc/new-GUI/install/theora_webcams/include/theora_webcams/theora_webcams/srv/detail/get_exposure_bounds__struct.h
[19.810s] -- Installing: /home/urc/new-GUI/install/theora_webcams/include/theora_webcams/theora_webcams/srv/detail/get_resolutions__functions.c
[19.810s] -- Installing: /home/urc/new-GUI/install/theora_webcams/include/theora_webcams/theora_webcams/srv/detail/set_exposure__functions.c
[19.811s] -- Installing: /home/urc/new-GUI/install/theora_webcams/include/theora_webcams/theora_webcams/srv/detail/get_exposure_bounds__type_support.h
[19.811s] -- Installing: /home/urc/new-GUI/install/theora_webcams/include/theora_webcams/theora_webcams/srv/detail/set_exposure__struct.h
[19.811s] -- Installing: /home/urc/new-GUI/install/theora_webcams/include/theora_webcams/theora_webcams/srv/detail/get_resolutions__struct.h
[19.811s] -- Installing: /home/urc/new-GUI/install/theora_webcams/include/theora_webcams/theora_webcams/srv/detail/change_video__functions.h
[19.811s] -- Installing: /home/urc/new-GUI/install/theora_webcams/include/theora_webcams/theora_webcams/srv/detail/set_exposure__type_support.h
[19.811s] -- Installing: /home/urc/new-GUI/install/theora_webcams/include/theora_webcams/theora_webcams/srv/detail/change_video__struct.h
[19.811s] -- Installing: /home/urc/new-GUI/install/theora_webcams/include/theora_webcams/theora_webcams/srv/detail/get_exposure_bounds__functions.c
[19.811s] -- Installing: /home/urc/new-GUI/install/theora_webcams/include/theora_webcams/theora_webcams/srv/detail/set_exposure__functions.h
[19.811s] -- Installing: /home/urc/new-GUI/install/theora_webcams/include/theora_webcams/theora_webcams/srv/detail/get_resolutions__functions.h
[19.811s] -- Installing: /home/urc/new-GUI/install/theora_webcams/include/theora_webcams/theora_webcams/srv/detail/change_video__type_support.h
[19.811s] -- Installing: /home/urc/new-GUI/install/theora_webcams/include/theora_webcams/theora_webcams/srv/set_exposure.h
[19.811s] -- Installing: /home/urc/new-GUI/install/theora_webcams/share/theora_webcams/environment/library_path.sh
[19.811s] -- Installing: /home/urc/new-GUI/install/theora_webcams/share/theora_webcams/environment/library_path.dsv
[19.812s] -- Installing: /home/urc/new-GUI/install/theora_webcams/lib/libtheora_webcams__rosidl_generator_c.so
[19.812s] -- Set runtime path of "/home/urc/new-GUI/install/theora_webcams/lib/libtheora_webcams__rosidl_generator_c.so" to ""
[19.812s] -- Up-to-date: /home/urc/new-GUI/install/theora_webcams/include/theora_webcams/theora_webcams
[19.812s] -- Up-to-date: /home/urc/new-GUI/install/theora_webcams/include/theora_webcams/theora_webcams/msg
[19.812s] -- Installing: /home/urc/new-GUI/install/theora_webcams/include/theora_webcams/theora_webcams/msg/rosidl_typesupport_fastrtps_c__visibility_control.h
[19.812s] -- Up-to-date: /home/urc/new-GUI/install/theora_webcams/include/theora_webcams/theora_webcams/msg/detail
[19.812s] -- Installing: /home/urc/new-GUI/install/theora_webcams/include/theora_webcams/theora_webcams/msg/detail/framerate__rosidl_typesupport_fastrtps_c.h
[19.812s] -- Installing: /home/urc/new-GUI/install/theora_webcams/include/theora_webcams/theora_webcams/msg/detail/resolution__rosidl_typesupport_fastrtps_c.h
[19.813s] -- Installing: /home/urc/new-GUI/install/theora_webcams/include/theora_webcams/theora_webcams/msg/detail/video_format__rosidl_typesupport_fastrtps_c.h
[19.813s] -- Installing: /home/urc/new-GUI/install/theora_webcams/include/theora_webcams/theora_webcams/msg/detail/video_format_list__rosidl_typesupport_fastrtps_c.h
[19.813s] -- Installing: /home/urc/new-GUI/install/theora_webcams/include/theora_webcams/theora_webcams/msg/detail/status__rosidl_typesupport_fastrtps_c.h
[19.813s] -- Up-to-date: /home/urc/new-GUI/install/theora_webcams/include/theora_webcams/theora_webcams/srv
[19.813s] -- Up-to-date: /home/urc/new-GUI/install/theora_webcams/include/theora_webcams/theora_webcams/srv/detail
[19.813s] -- Installing: /home/urc/new-GUI/install/theora_webcams/include/theora_webcams/theora_webcams/srv/detail/get_exposure_bounds__rosidl_typesupport_fastrtps_c.h
[19.813s] -- Installing: /home/urc/new-GUI/install/theora_webcams/include/theora_webcams/theora_webcams/srv/detail/change_video__rosidl_typesupport_fastrtps_c.h
[19.813s] -- Installing: /home/urc/new-GUI/install/theora_webcams/include/theora_webcams/theora_webcams/srv/detail/get_resolutions__rosidl_typesupport_fastrtps_c.h
[19.814s] -- Installing: /home/urc/new-GUI/install/theora_webcams/include/theora_webcams/theora_webcams/srv/detail/set_exposure__rosidl_typesupport_fastrtps_c.h
[19.814s] -- Installing: /home/urc/new-GUI/install/theora_webcams/lib/libtheora_webcams__rosidl_typesupport_fastrtps_c.so
[19.814s] -- Set runtime path of "/home/urc/new-GUI/install/theora_webcams/lib/libtheora_webcams__rosidl_typesupport_fastrtps_c.so" to ""
[19.814s] -- Up-to-date: /home/urc/new-GUI/install/theora_webcams/include/theora_webcams/theora_webcams
[19.814s] -- Up-to-date: /home/urc/new-GUI/install/theora_webcams/include/theora_webcams/theora_webcams/msg
[19.814s] -- Installing: /home/urc/new-GUI/install/theora_webcams/include/theora_webcams/theora_webcams/msg/rosidl_typesupport_introspection_c__visibility_control.h
[19.814s] -- Up-to-date: /home/urc/new-GUI/install/theora_webcams/include/theora_webcams/theora_webcams/msg/detail
[19.814s] -- Installing: /home/urc/new-GUI/install/theora_webcams/include/theora_webcams/theora_webcams/msg/detail/resolution__rosidl_typesupport_introspection_c.h
[19.814s] -- Installing: /home/urc/new-GUI/install/theora_webcams/include/theora_webcams/theora_webcams/msg/detail/framerate__rosidl_typesupport_introspection_c.h
[19.815s] -- Installing: /home/urc/new-GUI/install/theora_webcams/include/theora_webcams/theora_webcams/msg/detail/video_format_list__type_support.c
[19.815s] -- Installing: /home/urc/new-GUI/install/theora_webcams/include/theora_webcams/theora_webcams/msg/detail/video_format__rosidl_typesupport_introspection_c.h
[19.815s] -- Installing: /home/urc/new-GUI/install/theora_webcams/include/theora_webcams/theora_webcams/msg/detail/video_format__type_support.c
[19.815s] -- Installing: /home/urc/new-GUI/install/theora_webcams/include/theora_webcams/theora_webcams/msg/detail/status__rosidl_typesupport_introspection_c.h
[19.815s] -- Installing: /home/urc/new-GUI/install/theora_webcams/include/theora_webcams/theora_webcams/msg/detail/framerate__type_support.c
[19.815s] -- Installing: /home/urc/new-GUI/install/theora_webcams/include/theora_webcams/theora_webcams/msg/detail/video_format_list__rosidl_typesupport_introspection_c.h
[19.815s] -- Installing: /home/urc/new-GUI/install/theora_webcams/include/theora_webcams/theora_webcams/msg/detail/status__type_support.c
[19.815s] -- Installing: /home/urc/new-GUI/install/theora_webcams/include/theora_webcams/theora_webcams/msg/detail/resolution__type_support.c
[19.815s] -- Up-to-date: /home/urc/new-GUI/install/theora_webcams/include/theora_webcams/theora_webcams/srv
[19.815s] -- Up-to-date: /home/urc/new-GUI/install/theora_webcams/include/theora_webcams/theora_webcams/srv/detail
[19.815s] -- Installing: /home/urc/new-GUI/install/theora_webcams/include/theora_webcams/theora_webcams/srv/detail/get_exposure_bounds__rosidl_typesupport_introspection_c.h
[19.816s] -- Installing: /home/urc/new-GUI/install/theora_webcams/include/theora_webcams/theora_webcams/srv/detail/get_resolutions__rosidl_typesupport_introspection_c.h
[19.817s] -- Installing: /home/urc/new-GUI/install/theora_webcams/include/theora_webcams/theora_webcams/srv/detail/set_exposure__type_support.c
[19.817s] -- Installing: /home/urc/new-GUI/install/theora_webcams/include/theora_webcams/theora_webcams/srv/detail/set_exposure__rosidl_typesupport_introspection_c.h
[19.817s] -- Installing: /home/urc/new-GUI/install/theora_webcams/include/theora_webcams/theora_webcams/srv/detail/change_video__rosidl_typesupport_introspection_c.h
[19.817s] -- Installing: /home/urc/new-GUI/install/theora_webcams/include/theora_webcams/theora_webcams/srv/detail/get_exposure_bounds__type_support.c
[19.817s] -- Installing: /home/urc/new-GUI/install/theora_webcams/include/theora_webcams/theora_webcams/srv/detail/get_resolutions__type_support.c
[19.818s] -- Installing: /home/urc/new-GUI/install/theora_webcams/include/theora_webcams/theora_webcams/srv/detail/change_video__type_support.c
[19.818s] -- Installing: /home/urc/new-GUI/install/theora_webcams/lib/libtheora_webcams__rosidl_typesupport_introspection_c.so
[19.818s] -- Set runtime path of "/home/urc/new-GUI/install/theora_webcams/lib/libtheora_webcams__rosidl_typesupport_introspection_c.so" to ""
[19.818s] -- Installing: /home/urc/new-GUI/install/theora_webcams/lib/libtheora_webcams__rosidl_typesupport_c.so
[19.818s] -- Set runtime path of "/home/urc/new-GUI/install/theora_webcams/lib/libtheora_webcams__rosidl_typesupport_c.so" to ""
[19.819s] -- Up-to-date: /home/urc/new-GUI/install/theora_webcams/include/theora_webcams/theora_webcams
[19.819s] -- Up-to-date: /home/urc/new-GUI/install/theora_webcams/include/theora_webcams/theora_webcams/msg
[19.819s] -- Installing: /home/urc/new-GUI/install/theora_webcams/include/theora_webcams/theora_webcams/msg/video_format.hpp
[19.819s] -- Installing: /home/urc/new-GUI/install/theora_webcams/include/theora_webcams/theora_webcams/msg/video_format_list.hpp
[19.819s] -- Installing: /home/urc/new-GUI/install/theora_webcams/include/theora_webcams/theora_webcams/msg/resolution.hpp
[19.820s] -- Installing: /home/urc/new-GUI/install/theora_webcams/include/theora_webcams/theora_webcams/msg/status.hpp
[19.820s] -- Up-to-date: /home/urc/new-GUI/install/theora_webcams/include/theora_webcams/theora_webcams/msg/detail
[19.820s] -- Installing: /home/urc/new-GUI/install/theora_webcams/include/theora_webcams/theora_webcams/msg/detail/video_format__struct.hpp
[19.820s] -- Installing: /home/urc/new-GUI/install/theora_webcams/include/theora_webcams/theora_webcams/msg/detail/framerate__struct.hpp
[19.820s] -- Installing: /home/urc/new-GUI/install/theora_webcams/include/theora_webcams/theora_webcams/msg/detail/resolution__traits.hpp
[19.821s] -- Installing: /home/urc/new-GUI/install/theora_webcams/include/theora_webcams/theora_webcams/msg/detail/video_format_list__builder.hpp
[19.821s] -- Installing: /home/urc/new-GUI/install/theora_webcams/include/theora_webcams/theora_webcams/msg/detail/framerate__traits.hpp
[19.821s] -- Installing: /home/urc/new-GUI/install/theora_webcams/include/theora_webcams/theora_webcams/msg/detail/status__struct.hpp
[19.821s] -- Installing: /home/urc/new-GUI/install/theora_webcams/include/theora_webcams/theora_webcams/msg/detail/video_format_list__struct.hpp
[19.821s] -- Installing: /home/urc/new-GUI/install/theora_webcams/include/theora_webcams/theora_webcams/msg/detail/framerate__builder.hpp
[19.821s] -- Installing: /home/urc/new-GUI/install/theora_webcams/include/theora_webcams/theora_webcams/msg/detail/resolution__struct.hpp
[19.821s] -- Installing: /home/urc/new-GUI/install/theora_webcams/include/theora_webcams/theora_webcams/msg/detail/status__builder.hpp
[19.822s] -- Installing: /home/urc/new-GUI/install/theora_webcams/include/theora_webcams/theora_webcams/msg/detail/resolution__builder.hpp
[19.822s] -- Installing: /home/urc/new-GUI/install/theora_webcams/include/theora_webcams/theora_webcams/msg/detail/video_format__builder.hpp
[19.822s] -- Installing: /home/urc/new-GUI/install/theora_webcams/include/theora_webcams/theora_webcams/msg/detail/video_format_list__traits.hpp
[19.822s] -- Installing: /home/urc/new-GUI/install/theora_webcams/include/theora_webcams/theora_webcams/msg/detail/video_format__traits.hpp
[19.822s] -- Installing: /home/urc/new-GUI/install/theora_webcams/include/theora_webcams/theora_webcams/msg/detail/status__traits.hpp
[19.822s] -- Installing: /home/urc/new-GUI/install/theora_webcams/include/theora_webcams/theora_webcams/msg/framerate.hpp
[19.822s] -- Up-to-date: /home/urc/new-GUI/install/theora_webcams/include/theora_webcams/theora_webcams/srv
[19.823s] -- Installing: /home/urc/new-GUI/install/theora_webcams/include/theora_webcams/theora_webcams/srv/get_resolutions.hpp
[19.823s] -- Installing: /home/urc/new-GUI/install/theora_webcams/include/theora_webcams/theora_webcams/srv/set_exposure.hpp
[19.823s] -- Up-to-date: /home/urc/new-GUI/install/theora_webcams/include/theora_webcams/theora_webcams/srv/detail
[19.823s] -- Installing: /home/urc/new-GUI/install/theora_webcams/include/theora_webcams/theora_webcams/srv/detail/set_exposure__struct.hpp
[19.823s] -- Installing: /home/urc/new-GUI/install/theora_webcams/include/theora_webcams/theora_webcams/srv/detail/get_exposure_bounds__traits.hpp
[19.823s] -- Installing: /home/urc/new-GUI/install/theora_webcams/include/theora_webcams/theora_webcams/srv/detail/get_exposure_bounds__builder.hpp
[19.824s] -- Installing: /home/urc/new-GUI/install/theora_webcams/include/theora_webcams/theora_webcams/srv/detail/change_video__struct.hpp
[19.824s] -- Installing: /home/urc/new-GUI/install/theora_webcams/include/theora_webcams/theora_webcams/srv/detail/change_video__builder.hpp
[19.824s] -- Installing: /home/urc/new-GUI/install/theora_webcams/include/theora_webcams/theora_webcams/srv/detail/get_resolutions__builder.hpp
[19.824s] -- Installing: /home/urc/new-GUI/install/theora_webcams/include/theora_webcams/theora_webcams/srv/detail/get_resolutions__traits.hpp
[19.825s] -- Installing: /home/urc/new-GUI/install/theora_webcams/include/theora_webcams/theora_webcams/srv/detail/set_exposure__builder.hpp
[19.825s] -- Installing: /home/urc/new-GUI/install/theora_webcams/include/theora_webcams/theora_webcams/srv/detail/set_exposure__traits.hpp
[19.825s] -- Installing: /home/urc/new-GUI/install/theora_webcams/include/theora_webcams/theora_webcams/srv/detail/change_video__traits.hpp
[19.825s] -- Installing: /home/urc/new-GUI/install/theora_webcams/include/theora_webcams/theora_webcams/srv/detail/get_exposure_bounds__struct.hpp
[19.825s] -- Installing: /home/urc/new-GUI/install/theora_webcams/include/theora_webcams/theora_webcams/srv/detail/get_resolutions__struct.hpp
[19.827s] -- Installing: /home/urc/new-GUI/install/theora_webcams/include/theora_webcams/theora_webcams/srv/change_video.hpp
[19.827s] -- Installing: /home/urc/new-GUI/install/theora_webcams/include/theora_webcams/theora_webcams/srv/get_exposure_bounds.hpp
[19.827s] -- Up-to-date: /home/urc/new-GUI/install/theora_webcams/include/theora_webcams/theora_webcams
[19.827s] -- Up-to-date: /home/urc/new-GUI/install/theora_webcams/include/theora_webcams/theora_webcams/msg
[19.828s] -- Installing: /home/urc/new-GUI/install/theora_webcams/include/theora_webcams/theora_webcams/msg/rosidl_typesupport_fastrtps_cpp__visibility_control.h
[19.828s] -- Up-to-date: /home/urc/new-GUI/install/theora_webcams/include/theora_webcams/theora_webcams/msg/detail
[19.828s] -- Installing: /home/urc/new-GUI/install/theora_webcams/include/theora_webcams/theora_webcams/msg/detail/framerate__rosidl_typesupport_fastrtps_cpp.hpp
[19.828s] -- Installing: /home/urc/new-GUI/install/theora_webcams/include/theora_webcams/theora_webcams/msg/detail/resolution__rosidl_typesupport_fastrtps_cpp.hpp
[19.828s] -- Installing: /home/urc/new-GUI/install/theora_webcams/include/theora_webcams/theora_webcams/msg/detail/status__rosidl_typesupport_fastrtps_cpp.hpp
[19.828s] -- Installing: /home/urc/new-GUI/install/theora_webcams/include/theora_webcams/theora_webcams/msg/detail/video_format__rosidl_typesupport_fastrtps_cpp.hpp
[19.828s] -- Installing: /home/urc/new-GUI/install/theora_webcams/include/theora_webcams/theora_webcams/msg/detail/video_format_list__rosidl_typesupport_fastrtps_cpp.hpp
[19.829s] -- Installing: /home/urc/new-GUI/install/theora_webcams/include/theora_webcams/theora_webcams/msg/detail/dds_fastrtps
[19.829s] -- Up-to-date: /home/urc/new-GUI/install/theora_webcams/include/theora_webcams/theora_webcams/srv
[19.829s] -- Up-to-date: /home/urc/new-GUI/install/theora_webcams/include/theora_webcams/theora_webcams/srv/detail
[19.829s] -- Installing: /home/urc/new-GUI/install/theora_webcams/include/theora_webcams/theora_webcams/srv/detail/set_exposure__rosidl_typesupport_fastrtps_cpp.hpp
[19.829s] -- Installing: /home/urc/new-GUI/install/theora_webcams/include/theora_webcams/theora_webcams/srv/detail/change_video__rosidl_typesupport_fastrtps_cpp.hpp
[19.829s] -- Installing: /home/urc/new-GUI/install/theora_webcams/include/theora_webcams/theora_webcams/srv/detail/get_exposure_bounds__rosidl_typesupport_fastrtps_cpp.hpp
[19.829s] -- Installing: /home/urc/new-GUI/install/theora_webcams/include/theora_webcams/theora_webcams/srv/detail/get_resolutions__rosidl_typesupport_fastrtps_cpp.hpp
[19.829s] -- Installing: /home/urc/new-GUI/install/theora_webcams/include/theora_webcams/theora_webcams/srv/detail/dds_fastrtps
[19.829s] -- Installing: /home/urc/new-GUI/install/theora_webcams/lib/libtheora_webcams__rosidl_typesupport_fastrtps_cpp.so
[19.829s] -- Set runtime path of "/home/urc/new-GUI/install/theora_webcams/lib/libtheora_webcams__rosidl_typesupport_fastrtps_cpp.so" to ""
[19.830s] -- Up-to-date: /home/urc/new-GUI/install/theora_webcams/include/theora_webcams/theora_webcams
[19.830s] -- Up-to-date: /home/urc/new-GUI/install/theora_webcams/include/theora_webcams/theora_webcams/msg
[19.830s] -- Up-to-date: /home/urc/new-GUI/install/theora_webcams/include/theora_webcams/theora_webcams/msg/detail
[19.830s] -- Installing: /home/urc/new-GUI/install/theora_webcams/include/theora_webcams/theora_webcams/msg/detail/resolution__rosidl_typesupport_introspection_cpp.hpp
[19.830s] -- Installing: /home/urc/new-GUI/install/theora_webcams/include/theora_webcams/theora_webcams/msg/detail/status__rosidl_typesupport_introspection_cpp.hpp
[19.830s] -- Installing: /home/urc/new-GUI/install/theora_webcams/include/theora_webcams/theora_webcams/msg/detail/video_format__rosidl_typesupport_introspection_cpp.hpp
[19.830s] -- Installing: /home/urc/new-GUI/install/theora_webcams/include/theora_webcams/theora_webcams/msg/detail/framerate__rosidl_typesupport_introspection_cpp.hpp
[19.830s] -- Installing: /home/urc/new-GUI/install/theora_webcams/include/theora_webcams/theora_webcams/msg/detail/video_format_list__rosidl_typesupport_introspection_cpp.hpp
[19.830s] -- Installing: /home/urc/new-GUI/install/theora_webcams/include/theora_webcams/theora_webcams/msg/detail/resolution__type_support.cpp
[19.831s] -- Installing: /home/urc/new-GUI/install/theora_webcams/include/theora_webcams/theora_webcams/msg/detail/video_format__type_support.cpp
[19.831s] -- Installing: /home/urc/new-GUI/install/theora_webcams/include/theora_webcams/theora_webcams/msg/detail/status__type_support.cpp
[19.831s] -- Installing: /home/urc/new-GUI/install/theora_webcams/include/theora_webcams/theora_webcams/msg/detail/framerate__type_support.cpp
[19.831s] -- Installing: /home/urc/new-GUI/install/theora_webcams/include/theora_webcams/theora_webcams/msg/detail/video_format_list__type_support.cpp
[19.831s] -- Up-to-date: /home/urc/new-GUI/install/theora_webcams/include/theora_webcams/theora_webcams/srv
[19.831s] -- Up-to-date: /home/urc/new-GUI/install/theora_webcams/include/theora_webcams/theora_webcams/srv/detail
[19.831s] -- Installing: /home/urc/new-GUI/install/theora_webcams/include/theora_webcams/theora_webcams/srv/detail/get_resolutions__rosidl_typesupport_introspection_cpp.hpp
[19.831s] -- Installing: /home/urc/new-GUI/install/theora_webcams/include/theora_webcams/theora_webcams/srv/detail/get_exposure_bounds__rosidl_typesupport_introspection_cpp.hpp
[19.832s] -- Installing: /home/urc/new-GUI/install/theora_webcams/include/theora_webcams/theora_webcams/srv/detail/change_video__type_support.cpp
[19.832s] -- Installing: /home/urc/new-GUI/install/theora_webcams/include/theora_webcams/theora_webcams/srv/detail/get_resolutions__type_support.cpp
[19.832s] -- Installing: /home/urc/new-GUI/install/theora_webcams/include/theora_webcams/theora_webcams/srv/detail/get_exposure_bounds__type_support.cpp
[19.832s] -- Installing: /home/urc/new-GUI/install/theora_webcams/include/theora_webcams/theora_webcams/srv/detail/set_exposure__rosidl_typesupport_introspection_cpp.hpp
[19.832s] -- Installing: /home/urc/new-GUI/install/theora_webcams/include/theora_webcams/theora_webcams/srv/detail/change_video__rosidl_typesupport_introspection_cpp.hpp
[19.832s] -- Installing: /home/urc/new-GUI/install/theora_webcams/include/theora_webcams/theora_webcams/srv/detail/set_exposure__type_support.cpp
[19.833s] -- Installing: /home/urc/new-GUI/install/theora_webcams/lib/libtheora_webcams__rosidl_typesupport_introspection_cpp.so
[19.833s] -- Set runtime path of "/home/urc/new-GUI/install/theora_webcams/lib/libtheora_webcams__rosidl_typesupport_introspection_cpp.so" to ""
[19.833s] -- Installing: /home/urc/new-GUI/install/theora_webcams/lib/libtheora_webcams__rosidl_typesupport_cpp.so
[19.833s] -- Set runtime path of "/home/urc/new-GUI/install/theora_webcams/lib/libtheora_webcams__rosidl_typesupport_cpp.so" to ""
[19.833s] -- Installing: /home/urc/new-GUI/install/theora_webcams/share/theora_webcams/environment/pythonpath.sh
[19.833s] -- Installing: /home/urc/new-GUI/install/theora_webcams/share/theora_webcams/environment/pythonpath.dsv
[19.834s] -- Installing: /home/urc/new-GUI/install/theora_webcams/local/lib/python3.10/dist-packages/theora_webcams-0.0.0-py3.10.egg-info
[19.834s] -- Installing: /home/urc/new-GUI/install/theora_webcams/local/lib/python3.10/dist-packages/theora_webcams-0.0.0-py3.10.egg-info/PKG-INFO
[19.834s] -- Installing: /home/urc/new-GUI/install/theora_webcams/local/lib/python3.10/dist-packages/theora_webcams-0.0.0-py3.10.egg-info/dependency_links.txt
[19.834s] -- Installing: /home/urc/new-GUI/install/theora_webcams/local/lib/python3.10/dist-packages/theora_webcams-0.0.0-py3.10.egg-info/top_level.txt
[19.834s] -- Installing: /home/urc/new-GUI/install/theora_webcams/local/lib/python3.10/dist-packages/theora_webcams-0.0.0-py3.10.egg-info/SOURCES.txt
[19.834s] -- Installing: /home/urc/new-GUI/install/theora_webcams/local/lib/python3.10/dist-packages/theora_webcams
[19.834s] -- Installing: /home/urc/new-GUI/install/theora_webcams/local/lib/python3.10/dist-packages/theora_webcams/_theora_webcams_s.ep.rosidl_typesupport_fastrtps_c.c
[19.835s] -- Installing: /home/urc/new-GUI/install/theora_webcams/local/lib/python3.10/dist-packages/theora_webcams/msg
[19.835s] -- Installing: /home/urc/new-GUI/install/theora_webcams/local/lib/python3.10/dist-packages/theora_webcams/msg/_resolution.py
[19.835s] -- Installing: /home/urc/new-GUI/install/theora_webcams/local/lib/python3.10/dist-packages/theora_webcams/msg/_resolution_s.c
[19.835s] -- Installing: /home/urc/new-GUI/install/theora_webcams/local/lib/python3.10/dist-packages/theora_webcams/msg/_status.py
[19.835s] -- Installing: /home/urc/new-GUI/install/theora_webcams/local/lib/python3.10/dist-packages/theora_webcams/msg/_video_format_s.c
[19.835s] -- Installing: /home/urc/new-GUI/install/theora_webcams/local/lib/python3.10/dist-packages/theora_webcams/msg/__init__.py
[19.835s] -- Installing: /home/urc/new-GUI/install/theora_webcams/local/lib/python3.10/dist-packages/theora_webcams/msg/_video_format_list.py
[19.836s] -- Installing: /home/urc/new-GUI/install/theora_webcams/local/lib/python3.10/dist-packages/theora_webcams/msg/_video_format.py
[19.836s] -- Installing: /home/urc/new-GUI/install/theora_webcams/local/lib/python3.10/dist-packages/theora_webcams/msg/_framerate_s.c
[19.836s] -- Installing: /home/urc/new-GUI/install/theora_webcams/local/lib/python3.10/dist-packages/theora_webcams/msg/_status_s.c
[19.836s] -- Installing: /home/urc/new-GUI/install/theora_webcams/local/lib/python3.10/dist-packages/theora_webcams/msg/_video_format_list_s.c
[19.837s] -- Installing: /home/urc/new-GUI/install/theora_webcams/local/lib/python3.10/dist-packages/theora_webcams/msg/_framerate.py
[19.837s] -- Installing: /home/urc/new-GUI/install/theora_webcams/local/lib/python3.10/dist-packages/theora_webcams/theora_webcams_s__rosidl_typesupport_c.cpython-310-x86_64-linux-gnu.so
[19.837s] -- Installing: /home/urc/new-GUI/install/theora_webcams/local/lib/python3.10/dist-packages/theora_webcams/__init__.py
[19.837s] -- Installing: /home/urc/new-GUI/install/theora_webcams/local/lib/python3.10/dist-packages/theora_webcams/_theora_webcams_s.ep.rosidl_typesupport_c.c
[19.837s] -- Installing: /home/urc/new-GUI/install/theora_webcams/local/lib/python3.10/dist-packages/theora_webcams/libtheora_webcams__rosidl_generator_py.so
[19.837s] -- Installing: /home/urc/new-GUI/install/theora_webcams/local/lib/python3.10/dist-packages/theora_webcams/theora_webcams_s__rosidl_typesupport_fastrtps_c.cpython-310-x86_64-linux-gnu.so
[19.838s] -- Installing: /home/urc/new-GUI/install/theora_webcams/local/lib/python3.10/dist-packages/theora_webcams/srv
[19.838s] -- Installing: /home/urc/new-GUI/install/theora_webcams/local/lib/python3.10/dist-packages/theora_webcams/srv/_get_exposure_bounds.py
[19.838s] -- Installing: /home/urc/new-GUI/install/theora_webcams/local/lib/python3.10/dist-packages/theora_webcams/srv/_get_exposure_bounds_s.c
[19.838s] -- Installing: /home/urc/new-GUI/install/theora_webcams/local/lib/python3.10/dist-packages/theora_webcams/srv/_change_video_s.c
[19.838s] -- Installing: /home/urc/new-GUI/install/theora_webcams/local/lib/python3.10/dist-packages/theora_webcams/srv/_set_exposure.py
[19.839s] -- Installing: /home/urc/new-GUI/install/theora_webcams/local/lib/python3.10/dist-packages/theora_webcams/srv/_get_resolutions.py
[19.839s] -- Installing: /home/urc/new-GUI/install/theora_webcams/local/lib/python3.10/dist-packages/theora_webcams/srv/_change_video.py
[19.839s] -- Installing: /home/urc/new-GUI/install/theora_webcams/local/lib/python3.10/dist-packages/theora_webcams/srv/_get_resolutions_s.c
[19.839s] -- Installing: /home/urc/new-GUI/install/theora_webcams/local/lib/python3.10/dist-packages/theora_webcams/srv/__init__.py
[19.839s] -- Installing: /home/urc/new-GUI/install/theora_webcams/local/lib/python3.10/dist-packages/theora_webcams/srv/_set_exposure_s.c
[19.840s] -- Installing: /home/urc/new-GUI/install/theora_webcams/local/lib/python3.10/dist-packages/theora_webcams/_theora_webcams_s.ep.rosidl_typesupport_introspection_c.c
[19.840s] -- Installing: /home/urc/new-GUI/install/theora_webcams/local/lib/python3.10/dist-packages/theora_webcams/theora_webcams_s__rosidl_typesupport_introspection_c.cpython-310-x86_64-linux-gnu.so
[19.914s] Listing '/home/urc/new-GUI/install/theora_webcams/local/lib/python3.10/dist-packages/theora_webcams'...
[19.914s] Compiling '/home/urc/new-GUI/install/theora_webcams/local/lib/python3.10/dist-packages/theora_webcams/__init__.py'...
[19.914s] Listing '/home/urc/new-GUI/install/theora_webcams/local/lib/python3.10/dist-packages/theora_webcams/msg'...
[19.914s] Compiling '/home/urc/new-GUI/install/theora_webcams/local/lib/python3.10/dist-packages/theora_webcams/msg/__init__.py'...
[19.914s] Compiling '/home/urc/new-GUI/install/theora_webcams/local/lib/python3.10/dist-packages/theora_webcams/msg/_framerate.py'...
[19.914s] Compiling '/home/urc/new-GUI/install/theora_webcams/local/lib/python3.10/dist-packages/theora_webcams/msg/_resolution.py'...
[19.914s] Compiling '/home/urc/new-GUI/install/theora_webcams/local/lib/python3.10/dist-packages/theora_webcams/msg/_status.py'...
[19.915s] Compiling '/home/urc/new-GUI/install/theora_webcams/local/lib/python3.10/dist-packages/theora_webcams/msg/_video_format.py'...
[19.915s] Compiling '/home/urc/new-GUI/install/theora_webcams/local/lib/python3.10/dist-packages/theora_webcams/msg/_video_format_list.py'...
[19.915s] Listing '/home/urc/new-GUI/install/theora_webcams/local/lib/python3.10/dist-packages/theora_webcams/srv'...
[19.915s] Compiling '/home/urc/new-GUI/install/theora_webcams/local/lib/python3.10/dist-packages/theora_webcams/srv/__init__.py'...
[19.915s] Compiling '/home/urc/new-GUI/install/theora_webcams/local/lib/python3.10/dist-packages/theora_webcams/srv/_change_video.py'...
[19.915s] Compiling '/home/urc/new-GUI/install/theora_webcams/local/lib/python3.10/dist-packages/theora_webcams/srv/_get_exposure_bounds.py'...
[19.915s] Compiling '/home/urc/new-GUI/install/theora_webcams/local/lib/python3.10/dist-packages/theora_webcams/srv/_get_resolutions.py'...
[19.915s] Compiling '/home/urc/new-GUI/install/theora_webcams/local/lib/python3.10/dist-packages/theora_webcams/srv/_set_exposure.py'...
[19.923s] -- Installing: /home/urc/new-GUI/install/theora_webcams/local/lib/python3.10/dist-packages/theora_webcams/theora_webcams_s__rosidl_typesupport_fastrtps_c.cpython-310-x86_64-linux-gnu.so
[19.923s] -- Set runtime path of "/home/urc/new-GUI/install/theora_webcams/local/lib/python3.10/dist-packages/theora_webcams/theora_webcams_s__rosidl_typesupport_fastrtps_c.cpython-310-x86_64-linux-gnu.so" to ""
[19.923s] -- Installing: /home/urc/new-GUI/install/theora_webcams/local/lib/python3.10/dist-packages/theora_webcams/theora_webcams_s__rosidl_typesupport_introspection_c.cpython-310-x86_64-linux-gnu.so
[19.924s] -- Set runtime path of "/home/urc/new-GUI/install/theora_webcams/local/lib/python3.10/dist-packages/theora_webcams/theora_webcams_s__rosidl_typesupport_introspection_c.cpython-310-x86_64-linux-gnu.so" to ""
[19.924s] -- Installing: /home/urc/new-GUI/install/theora_webcams/local/lib/python3.10/dist-packages/theora_webcams/theora_webcams_s__rosidl_typesupport_c.cpython-310-x86_64-linux-gnu.so
[19.925s] -- Set runtime path of "/home/urc/new-GUI/install/theora_webcams/local/lib/python3.10/dist-packages/theora_webcams/theora_webcams_s__rosidl_typesupport_c.cpython-310-x86_64-linux-gnu.so" to ""
[19.925s] -- Installing: /home/urc/new-GUI/install/theora_webcams/lib/libtheora_webcams__rosidl_generator_py.so
[19.925s] -- Set runtime path of "/home/urc/new-GUI/install/theora_webcams/lib/libtheora_webcams__rosidl_generator_py.so" to ""
[19.926s] -- Installing: /home/urc/new-GUI/install/theora_webcams/share/theora_webcams/msg/Framerate.idl
[19.926s] -- Installing: /home/urc/new-GUI/install/theora_webcams/share/theora_webcams/msg/Resolution.idl
[19.926s] -- Installing: /home/urc/new-GUI/install/theora_webcams/share/theora_webcams/msg/Status.idl
[19.926s] -- Installing: /home/urc/new-GUI/install/theora_webcams/share/theora_webcams/msg/VideoFormat.idl
[19.926s] -- Installing: /home/urc/new-GUI/install/theora_webcams/share/theora_webcams/msg/VideoFormatList.idl
[19.927s] -- Installing: /home/urc/new-GUI/install/theora_webcams/share/theora_webcams/srv/ChangeVideo.idl
[19.927s] -- Installing: /home/urc/new-GUI/install/theora_webcams/share/theora_webcams/srv/GetExposureBounds.idl
[19.927s] -- Installing: /home/urc/new-GUI/install/theora_webcams/share/theora_webcams/srv/GetResolutions.idl
[19.929s] -- Installing: /home/urc/new-GUI/install/theora_webcams/share/theora_webcams/srv/SetExposure.idl
[19.929s] -- Installing: /home/urc/new-GUI/install/theora_webcams/share/theora_webcams/msg/Framerate.msg
[19.930s] -- Installing: /home/urc/new-GUI/install/theora_webcams/share/theora_webcams/msg/Resolution.msg
[19.930s] -- Installing: /home/urc/new-GUI/install/theora_webcams/share/theora_webcams/msg/Status.msg
[19.930s] -- Installing: /home/urc/new-GUI/install/theora_webcams/share/theora_webcams/msg/VideoFormat.msg
[19.930s] -- Installing: /home/urc/new-GUI/install/theora_webcams/share/theora_webcams/msg/VideoFormatList.msg
[19.930s] -- Installing: /home/urc/new-GUI/install/theora_webcams/share/theora_webcams/srv/ChangeVideo.srv
[19.930s] -- Installing: /home/urc/new-GUI/install/theora_webcams/share/theora_webcams/srv/ChangeVideo_Request.msg
[19.930s] -- Installing: /home/urc/new-GUI/install/theora_webcams/share/theora_webcams/srv/ChangeVideo_Response.msg
[19.931s] -- Installing: /home/urc/new-GUI/install/theora_webcams/share/theora_webcams/srv/GetExposureBounds.srv
[19.931s] -- Installing: /home/urc/new-GUI/install/theora_webcams/share/theora_webcams/srv/GetExposureBounds_Request.msg
[19.931s] -- Installing: /home/urc/new-GUI/install/theora_webcams/share/theora_webcams/srv/GetExposureBounds_Response.msg
[19.931s] -- Installing: /home/urc/new-GUI/install/theora_webcams/share/theora_webcams/srv/GetResolutions.srv
[19.931s] -- Installing: /home/urc/new-GUI/install/theora_webcams/share/theora_webcams/srv/GetResolutions_Request.msg
[19.931s] -- Installing: /home/urc/new-GUI/install/theora_webcams/share/theora_webcams/srv/GetResolutions_Response.msg
[19.931s] -- Installing: /home/urc/new-GUI/install/theora_webcams/share/theora_webcams/srv/SetExposure.srv
[19.931s] -- Installing: /home/urc/new-GUI/install/theora_webcams/share/theora_webcams/srv/SetExposure_Request.msg
[19.931s] -- Installing: /home/urc/new-GUI/install/theora_webcams/share/theora_webcams/srv/SetExposure_Response.msg
[19.931s] -- Installing: /home/urc/new-GUI/install/theora_webcams/share/ament_index/resource_index/package_run_dependencies/theora_webcams
[19.932s] -- Installing: /home/urc/new-GUI/install/theora_webcams/share/ament_index/resource_index/parent_prefix_path/theora_webcams
[19.932s] -- Installing: /home/urc/new-GUI/install/theora_webcams/share/theora_webcams/environment/ament_prefix_path.sh
[19.932s] -- Installing: /home/urc/new-GUI/install/theora_webcams/share/theora_webcams/environment/ament_prefix_path.dsv
[19.932s] -- Installing: /home/urc/new-GUI/install/theora_webcams/share/theora_webcams/environment/path.sh
[19.932s] -- Installing: /home/urc/new-GUI/install/theora_webcams/share/theora_webcams/environment/path.dsv
[19.932s] -- Installing: /home/urc/new-GUI/install/theora_webcams/share/theora_webcams/local_setup.bash
[19.932s] -- Installing: /home/urc/new-GUI/install/theora_webcams/share/theora_webcams/local_setup.sh
[19.932s] -- Installing: /home/urc/new-GUI/install/theora_webcams/share/theora_webcams/local_setup.zsh
[19.932s] -- Installing: /home/urc/new-GUI/install/theora_webcams/share/theora_webcams/local_setup.dsv
[19.932s] -- Installing: /home/urc/new-GUI/install/theora_webcams/share/theora_webcams/package.dsv
[19.933s] -- Installing: /home/urc/new-GUI/install/theora_webcams/share/ament_index/resource_index/packages/theora_webcams
[19.933s] -- Installing: /home/urc/new-GUI/install/theora_webcams/share/theora_webcams/cmake/export_theora_webcams__rosidl_generator_cExport.cmake
[19.934s] -- Installing: /home/urc/new-GUI/install/theora_webcams/share/theora_webcams/cmake/export_theora_webcams__rosidl_generator_cExport-noconfig.cmake
[19.934s] -- Installing: /home/urc/new-GUI/install/theora_webcams/share/theora_webcams/cmake/export_theora_webcams__rosidl_typesupport_fastrtps_cExport.cmake
[19.934s] -- Installing: /home/urc/new-GUI/install/theora_webcams/share/theora_webcams/cmake/export_theora_webcams__rosidl_typesupport_fastrtps_cExport-noconfig.cmake
[19.934s] -- Installing: /home/urc/new-GUI/install/theora_webcams/share/theora_webcams/cmake/theora_webcams__rosidl_typesupport_introspection_cExport.cmake
[19.934s] -- Installing: /home/urc/new-GUI/install/theora_webcams/share/theora_webcams/cmake/theora_webcams__rosidl_typesupport_introspection_cExport-noconfig.cmake
[19.934s] -- Installing: /home/urc/new-GUI/install/theora_webcams/share/theora_webcams/cmake/theora_webcams__rosidl_typesupport_cExport.cmake
[19.935s] -- Installing: /home/urc/new-GUI/install/theora_webcams/share/theora_webcams/cmake/theora_webcams__rosidl_typesupport_cExport-noconfig.cmake
[19.935s] -- Installing: /home/urc/new-GUI/install/theora_webcams/share/theora_webcams/cmake/export_theora_webcams__rosidl_generator_cppExport.cmake
[19.935s] -- Installing: /home/urc/new-GUI/install/theora_webcams/share/theora_webcams/cmake/export_theora_webcams__rosidl_typesupport_fastrtps_cppExport.cmake
[19.935s] -- Installing: /home/urc/new-GUI/install/theora_webcams/share/theora_webcams/cmake/export_theora_webcams__rosidl_typesupport_fastrtps_cppExport-noconfig.cmake
[19.935s] -- Installing: /home/urc/new-GUI/install/theora_webcams/share/theora_webcams/cmake/theora_webcams__rosidl_typesupport_introspection_cppExport.cmake
[19.935s] -- Installing: /home/urc/new-GUI/install/theora_webcams/share/theora_webcams/cmake/theora_webcams__rosidl_typesupport_introspection_cppExport-noconfig.cmake
[19.936s] -- Installing: /home/urc/new-GUI/install/theora_webcams/share/theora_webcams/cmake/theora_webcams__rosidl_typesupport_cppExport.cmake
[19.936s] -- Installing: /home/urc/new-GUI/install/theora_webcams/share/theora_webcams/cmake/theora_webcams__rosidl_typesupport_cppExport-noconfig.cmake
[19.936s] -- Installing: /home/urc/new-GUI/install/theora_webcams/share/theora_webcams/cmake/export_theora_webcams__rosidl_generator_pyExport.cmake
[19.936s] -- Installing: /home/urc/new-GUI/install/theora_webcams/share/theora_webcams/cmake/export_theora_webcams__rosidl_generator_pyExport-noconfig.cmake
[19.936s] -- Installing: /home/urc/new-GUI/install/theora_webcams/share/theora_webcams/cmake/rosidl_cmake-extras.cmake
[19.937s] -- Installing: /home/urc/new-GUI/install/theora_webcams/share/theora_webcams/cmake/ament_cmake_export_dependencies-extras.cmake
[19.937s] -- Installing: /home/urc/new-GUI/install/theora_webcams/share/theora_webcams/cmake/ament_cmake_export_include_directories-extras.cmake
[19.937s] -- Installing: /home/urc/new-GUI/install/theora_webcams/share/theora_webcams/cmake/ament_cmake_export_libraries-extras.cmake
[19.937s] -- Installing: /home/urc/new-GUI/install/theora_webcams/share/theora_webcams/cmake/ament_cmake_export_targets-extras.cmake
[19.937s] -- Installing: /home/urc/new-GUI/install/theora_webcams/share/theora_webcams/cmake/rosidl_cmake_export_typesupport_targets-extras.cmake
[19.937s] -- Installing: /home/urc/new-GUI/install/theora_webcams/share/theora_webcams/cmake/rosidl_cmake_export_typesupport_libraries-extras.cmake
[19.937s] -- Installing: /home/urc/new-GUI/install/theora_webcams/share/theora_webcams/cmake/theora_webcamsConfig.cmake
[19.938s] -- Installing: /home/urc/new-GUI/install/theora_webcams/share/theora_webcams/cmake/theora_webcamsConfig-version.cmake
[19.938s] -- Installing: /home/urc/new-GUI/install/theora_webcams/share/theora_webcams/package.xml
[19.952s] Invoked command in '/home/urc/new-GUI/build/theora_webcams' returned '0': CMAKE_PREFIX_PATH=/opt/ros/humble /usr/bin/cmake --install /home/urc/new-GUI/build/theora_webcams
