[1.461s] Invoking command in '/home/urc/new_GUI/src/gui_window': AMENT_PREFIX_PATH=/home/urc/new_GUI/install/theora_webcams:/home/urc/new_GUI/install/ocean_optics_spectrometer:/home/urc/new_GUI/install/marker_interfacing:/home/urc/new_GUI/install/hockey_stick_arm:/home/urc/new_GUI/install/aruco_finder:${AMENT_PREFIX_PATH} CMAKE_PREFIX_PATH=/home/urc/new_GUI/install/rover_gui_lib:/home/urc/new_GUI/install/urc_gui_lib:/home/urc/new_GUI/install/theora_webcams:/home/urc/new_GUI/install/ocean_optics_spectrometer:/home/urc/new_GUI/install/marker_interfacing:/home/urc/new_GUI/install/hockey_stick_arm:/home/urc/new_GUI/install/aruco_finder LD_LIBRARY_PATH=/home/urc/new_GUI/install/rover_gui_lib/lib:/home/urc/new_GUI/install/theora_webcams/lib:/home/urc/new_GUI/install/ocean_optics_spectrometer/lib:/home/urc/new_GUI/install/marker_interfacing/lib:/home/urc/new_GUI/install/hockey_stick_arm/lib:/home/urc/new_GUI/install/aruco_finder/lib:${LD_LIBRARY_PATH} PKG_CONFIG_PATH=/home/urc/new_GUI/install/rover_gui_lib/lib/x86_64-linux-gnu/pkgconfig:/home/urc/new_GUI/install/rover_gui_lib/lib/pkgconfig:/home/urc/new_GUI/install/urc_gui_lib/lib/x86_64-linux-gnu/pkgconfig:/home/urc/new_GUI/install/urc_gui_lib/lib/pkgconfig PYTHONPATH=/home/urc/new_GUI/build/gui_window/prefix_override:/home/urc/new_GUI/install/gui_window/lib/python3.10/site-packages:/home/urc/new_GUI/install/rover_gui_lib/local/lib/python3.10/dist-packages:/home/urc/new_GUI/install/theora_webcams/local/lib/python3.10/dist-packages:/home/urc/new_GUI/install/ocean_optics_spectrometer/local/lib/python3.10/dist-packages:/home/urc/new_GUI/install/marker_interfacing/local/lib/python3.10/dist-packages:/home/urc/new_GUI/install/hockey_stick_arm/local/lib/python3.10/dist-packages:/home/urc/new_GUI/install/aruco_finder/local/lib/python3.10/dist-packages:${PYTHONPATH} ROS_PACKAGE_PATH=/home/urc/new_GUI/install/rover_gui_lib/share:/home/urc/new_GUI/install/urc_gui_lib/share /usr/bin/python3 setup.py egg_info --egg-base ../../build/gui_window build --build-base /home/urc/new_GUI/build/gui_window/build install --record /home/urc/new_GUI/build/gui_window/install.log --single-version-externally-managed
[1.922s] running egg_info
[1.923s] writing ../../build/gui_window/gui_window.egg-info/PKG-INFO
[1.923s] writing dependency_links to ../../build/gui_window/gui_window.egg-info/dependency_links.txt
[1.923s] writing entry points to ../../build/gui_window/gui_window.egg-info/entry_points.txt
[1.923s] writing requirements to ../../build/gui_window/gui_window.egg-info/requires.txt
[1.923s] writing top-level names to ../../build/gui_window/gui_window.egg-info/top_level.txt
[1.930s] reading manifest file '../../build/gui_window/gui_window.egg-info/SOURCES.txt'
[1.934s] writing manifest file '../../build/gui_window/gui_window.egg-info/SOURCES.txt'
[1.934s] running build
[1.934s] running build_py
[1.935s] copying gui_window/urc_gui_common/ros_link.py -> /home/urc/new_GUI/build/gui_window/build/lib/gui_window/urc_gui_common
[1.942s] running install
[1.942s] running install_lib
[1.943s] copying /home/urc/new_GUI/build/gui_window/build/lib/gui_window/urc_gui_common/ros_link.py -> /home/urc/new_GUI/install/gui_window/lib/python3.10/site-packages/gui_window/urc_gui_common
[1.947s] byte-compiling /home/urc/new_GUI/install/gui_window/lib/python3.10/site-packages/gui_window/urc_gui_common/ros_link.py to ros_link.cpython-310.pyc
[1.950s] running install_data
[1.952s] running install_egg_info
[1.954s] removing '/home/urc/new_GUI/install/gui_window/lib/python3.10/site-packages/gui_window-0.0.0-py3.10.egg-info' (and everything under it)
[1.954s] Copying ../../build/gui_window/gui_window.egg-info to /home/urc/new_GUI/install/gui_window/lib/python3.10/site-packages/gui_window-0.0.0-py3.10.egg-info
[1.956s] running install_scripts
[1.991s] Installing gui script to /home/urc/new_GUI/install/gui_window/lib/gui_window
[1.994s] writing list of installed files to '/home/urc/new_GUI/build/gui_window/install.log'
[2.041s] Invoked command in '/home/urc/new_GUI/src/gui_window' returned '0': AMENT_PREFIX_PATH=/home/urc/new_GUI/install/theora_webcams:/home/urc/new_GUI/install/ocean_optics_spectrometer:/home/urc/new_GUI/install/marker_interfacing:/home/urc/new_GUI/install/hockey_stick_arm:/home/urc/new_GUI/install/aruco_finder:${AMENT_PREFIX_PATH} CMAKE_PREFIX_PATH=/home/urc/new_GUI/install/rover_gui_lib:/home/urc/new_GUI/install/urc_gui_lib:/home/urc/new_GUI/install/theora_webcams:/home/urc/new_GUI/install/ocean_optics_spectrometer:/home/urc/new_GUI/install/marker_interfacing:/home/urc/new_GUI/install/hockey_stick_arm:/home/urc/new_GUI/install/aruco_finder LD_LIBRARY_PATH=/home/urc/new_GUI/install/rover_gui_lib/lib:/home/urc/new_GUI/install/theora_webcams/lib:/home/urc/new_GUI/install/ocean_optics_spectrometer/lib:/home/urc/new_GUI/install/marker_interfacing/lib:/home/urc/new_GUI/install/hockey_stick_arm/lib:/home/urc/new_GUI/install/aruco_finder/lib:${LD_LIBRARY_PATH} PKG_CONFIG_PATH=/home/urc/new_GUI/install/rover_gui_lib/lib/x86_64-linux-gnu/pkgconfig:/home/urc/new_GUI/install/rover_gui_lib/lib/pkgconfig:/home/urc/new_GUI/install/urc_gui_lib/lib/x86_64-linux-gnu/pkgconfig:/home/urc/new_GUI/install/urc_gui_lib/lib/pkgconfig PYTHONPATH=/home/urc/new_GUI/build/gui_window/prefix_override:/home/urc/new_GUI/install/gui_window/lib/python3.10/site-packages:/home/urc/new_GUI/install/rover_gui_lib/local/lib/python3.10/dist-packages:/home/urc/new_GUI/install/theora_webcams/local/lib/python3.10/dist-packages:/home/urc/new_GUI/install/ocean_optics_spectrometer/local/lib/python3.10/dist-packages:/home/urc/new_GUI/install/marker_interfacing/local/lib/python3.10/dist-packages:/home/urc/new_GUI/install/hockey_stick_arm/local/lib/python3.10/dist-packages:/home/urc/new_GUI/install/aruco_finder/local/lib/python3.10/dist-packages:${PYTHONPATH} ROS_PACKAGE_PATH=/home/urc/new_GUI/install/rover_gui_lib/share:/home/urc/new_GUI/install/urc_gui_lib/share /usr/bin/python3 setup.py egg_info --egg-base ../../build/gui_window build --build-base /home/urc/new_GUI/build/gui_window/build install --record /home/urc/new_GUI/build/gui_window/install.log --single-version-externally-managed
