[0.000000] (-) TimerEvent: {}
[0.000341] (-) JobUnselected: {'identifier': 'aruco_finder'}
[0.000393] (-) JobUnselected: {'identifier': 'hockey_stick_arm'}
[0.000431] (-) JobUnselected: {'identifier': 'marker_interfacing'}
[0.000466] (-) JobUnselected: {'identifier': 'ocean_optics_spectrometer'}
[0.000500] (-) JobUnselected: {'identifier': 'rover_gui_lib'}
[0.000534] (-) JobUnselected: {'identifier': 'science_servo_control'}
[0.000568] (-) JobUnselected: {'identifier': 'theora_webcams'}
[0.000601] (-) JobUnselected: {'identifier': 'urc_gui_lib'}
[0.000638] (gui_window) JobQueued: {'identifier': 'gui_window', 'dependencies': OrderedDict([('aruco_finder', '/home/urc/new-GUI/install/aruco_finder'), ('hockey_stick_arm', '/home/urc/new-GUI/install/hockey_stick_arm'), ('marker_interfacing', '/home/urc/new-GUI/install/marker_interfacing'), ('ocean_optics_spectrometer', '/home/urc/new-GUI/install/ocean_optics_spectrometer'), ('theora_webcams', '/home/urc/new-GUI/install/theora_webcams'), ('urc_gui_lib', '/home/urc/new-GUI/install/urc_gui_lib'), ('rover_gui_lib', '/home/urc/new-GUI/install/rover_gui_lib')])}
[0.001338] (gui_window) JobStarted: {'identifier': 'gui_window'}
[0.100847] (-) TimerEvent: {}
[0.201785] (-) TimerEvent: {}
[0.303678] (-) TimerEvent: {}
[0.407025] (-) TimerEvent: {}
[0.509832] (-) TimerEvent: {}
[0.610787] (gui_window) StderrLine: {'line': b'Traceback (most recent call last):\n  File "/usr/lib/python3/dist-packages/colcon_core/executor/__init__.py", line 91, in __call__\n    rc = await self.task(*args, **kwargs)\n  File "/usr/lib/python3/dist-packages/colcon_core/task/__init__.py", line 93, in __call__\n    return await task_method(*args, **kwargs)\n  File "/usr/lib/python3/dist-packages/colcon_ros/task/ament_python/build.py", line 51, in build\n    setup_py_data = get_setup_data(self.context.pkg, env)\n  File "/usr/lib/python3/dist-packages/colcon_core/task/python/__init__.py", line 20, in get_setup_data\n    return dict(pkg.metadata[key](env))\n  File "/usr/lib/python3/dist-packages/colcon_ros/package_augmentation/ros_ament_python.py", line 57, in getter\n    return get_setup_information(\n  File "/usr/lib/python3/dist-packages/colcon_python_setup_py/package_identification/python_setup_py.py", line 241, in get_setup_information\n    _setup_information_cache[hashable_env] = _get_setup_information(\n  File "/usr/lib/python3/dist-packages/colcon_python_setup_py/package_identification/python_setup_py.py", line 288, in _get_setup_information\n    result = subprocess.run(\n  File "/usr/lib/python3.10/subprocess.py", line 526, in run\n    raise CalledProcessError(retcode, process.args,\nsubprocess.CalledProcessError: Command \'[\'/usr/bin/python3\', \'-c\', \'import sys;from contextlib import suppress;exec("with suppress(ImportError):    from setuptools.extern.packaging.specifiers    import SpecifierSet");exec("with suppress(ImportError):    from packaging.specifiers import SpecifierSet");from distutils.core import run_setup;dist = run_setup(    \\\'setup.py\\\', script_args=(\\\'--dry-run\\\',), stop_after=\\\'config\\\');skip_keys = (\\\'cmdclass\\\', \\\'distclass\\\', \\\'ext_modules\\\', \\\'metadata\\\');data = {    key: value for key, value in dist.__dict__.items()     if (        not key.startswith(\\\'_\\\') and         not callable(value) and         key not in skip_keys and         key not in dist.display_option_names    )};data[\\\'metadata\\\'] = {    k: v for k, v in dist.metadata.__dict__.items()     if k not in (\\\'license_files\\\', \\\'provides_extras\\\')};sys.stdout.buffer.write(repr(data).encode(\\\'utf-8\\\'))\']\' returned non-zero exit status 1.\n'}
[0.611402] (-) TimerEvent: {}
[0.611624] (gui_window) JobEnded: {'identifier': 'gui_window', 'rc': 1}
[0.621063] (-) EventReactorShutdown: {}
