[1.029s] Invoking command in '/home/urc/new_GUI/build/ocean_optics_spectrometer': CMAKE_PREFIX_PATH=/home/urc/new_GUI/install/gui_window:/home/urc/test_ws/install/turtle_test:/home/urc/test_ws/install/roslink_test:/opt/ros/humble:${CMAKE_PREFIX_PATH} /usr/bin/cmake --build /home/urc/new_GUI/build/ocean_optics_spectrometer -- -j4 -l4
[1.224s] [  3%] Built target ocean_optics_spectrometer__cpp
[1.298s] [  3%] Built target ament_cmake_python_copy_ocean_optics_spectrometer
[1.359s] [ 12%] Built target ocean_optics_spectrometer__rosidl_typesupport_fastrtps_cpp
[1.431s] [ 22%] Built target ocean_optics_spectrometer__rosidl_typesupport_introspection_cpp
[2.412s] running egg_info
[2.412s] writing ocean_optics_spectrometer.egg-info/PKG-INFO
[2.412s] writing dependency_links to ocean_optics_spectrometer.egg-info/dependency_links.txt
[2.413s] writing top-level names to ocean_optics_spectrometer.egg-info/top_level.txt
[2.414s] reading manifest file 'ocean_optics_spectrometer.egg-info/SOURCES.txt'
[2.424s] writing manifest file 'ocean_optics_spectrometer.egg-info/SOURCES.txt'
[2.570s] [ 22%] Built target ament_cmake_python_build_ocean_optics_spectrometer_egg
[2.797s] [ 32%] Built target ocean_optics_spectrometer__rosidl_typesupport_cpp
[2.941s] [ 41%] Built target ocean_optics_spectrometer__rosidl_generator_c
[3.035s] [ 51%] Built target ocean_optics_spectrometer__rosidl_typesupport_fastrtps_c
[3.194s] [ 61%] Built target ocean_optics_spectrometer__rosidl_typesupport_c
[3.312s] [ 70%] Built target ocean_optics_spectrometer__rosidl_typesupport_introspection_c
[3.393s] [ 70%] Built target ocean_optics_spectrometer
[3.435s] [ 74%] Built target ocean_optics_spectrometer__py
[3.520s] [ 80%] Built target ocean_optics_spectrometer__rosidl_generator_py
[3.629s] [ 87%] Built target ocean_optics_spectrometer__rosidl_typesupport_fastrtps_c__pyext
[3.683s] [ 93%] Built target ocean_optics_spectrometer__rosidl_typesupport_c__pyext
[3.740s] [100%] Built target ocean_optics_spectrometer__rosidl_typesupport_introspection_c__pyext
[3.765s] Invoked command in '/home/urc/new_GUI/build/ocean_optics_spectrometer' returned '0': CMAKE_PREFIX_PATH=/home/urc/new_GUI/install/gui_window:/home/urc/test_ws/install/turtle_test:/home/urc/test_ws/install/roslink_test:/opt/ros/humble:${CMAKE_PREFIX_PATH} /usr/bin/cmake --build /home/urc/new_GUI/build/ocean_optics_spectrometer -- -j4 -l4
[4.412s] Invoking command in '/home/urc/new_GUI/build/ocean_optics_spectrometer': CMAKE_PREFIX_PATH=/home/urc/new_GUI/install/gui_window:/home/urc/test_ws/install/turtle_test:/home/urc/test_ws/install/roslink_test:/opt/ros/humble:${CMAKE_PREFIX_PATH} /usr/bin/cmake --install /home/urc/new_GUI/build/ocean_optics_spectrometer
[4.430s] -- Install configuration: ""
[4.445s] -- Up-to-date: /home/urc/new_GUI/install/ocean_optics_spectrometer/share/ament_index/resource_index/rosidl_interfaces/ocean_optics_spectrometer
[4.446s] -- Up-to-date: /home/urc/new_GUI/install/ocean_optics_spectrometer/include/ocean_optics_spectrometer/ocean_optics_spectrometer
[4.446s] -- Up-to-date: /home/urc/new_GUI/install/ocean_optics_spectrometer/include/ocean_optics_spectrometer/ocean_optics_spectrometer/msg
[4.446s] -- Up-to-date: /home/urc/new_GUI/install/ocean_optics_spectrometer/include/ocean_optics_spectrometer/ocean_optics_spectrometer/msg/rosidl_generator_c__visibility_control.h
[4.446s] -- Up-to-date: /home/urc/new_GUI/install/ocean_optics_spectrometer/include/ocean_optics_spectrometer/ocean_optics_spectrometer/srv
[4.446s] -- Up-to-date: /home/urc/new_GUI/install/ocean_optics_spectrometer/include/ocean_optics_spectrometer/ocean_optics_spectrometer/srv/capture_spectrometer.h
[4.446s] -- Up-to-date: /home/urc/new_GUI/install/ocean_optics_spectrometer/include/ocean_optics_spectrometer/ocean_optics_spectrometer/srv/detail
[4.446s] -- Up-to-date: /home/urc/new_GUI/install/ocean_optics_spectrometer/include/ocean_optics_spectrometer/ocean_optics_spectrometer/srv/detail/capture_spectrometer__functions.c
[4.446s] -- Up-to-date: /home/urc/new_GUI/install/ocean_optics_spectrometer/include/ocean_optics_spectrometer/ocean_optics_spectrometer/srv/detail/capture_spectrometer__type_support.h
[4.446s] -- Up-to-date: /home/urc/new_GUI/install/ocean_optics_spectrometer/include/ocean_optics_spectrometer/ocean_optics_spectrometer/srv/detail/capture_spectrometer__functions.h
[4.447s] -- Up-to-date: /home/urc/new_GUI/install/ocean_optics_spectrometer/include/ocean_optics_spectrometer/ocean_optics_spectrometer/srv/detail/capture_spectrometer__struct.h
[4.447s] -- Up-to-date: /home/urc/new_GUI/install/ocean_optics_spectrometer/share/ocean_optics_spectrometer/environment/library_path.sh
[4.447s] -- Up-to-date: /home/urc/new_GUI/install/ocean_optics_spectrometer/share/ocean_optics_spectrometer/environment/library_path.dsv
[4.452s] -- Up-to-date: /home/urc/new_GUI/install/ocean_optics_spectrometer/lib/libocean_optics_spectrometer__rosidl_generator_c.so
[4.453s] -- Up-to-date: /home/urc/new_GUI/install/ocean_optics_spectrometer/include/ocean_optics_spectrometer/ocean_optics_spectrometer
[4.453s] -- Up-to-date: /home/urc/new_GUI/install/ocean_optics_spectrometer/include/ocean_optics_spectrometer/ocean_optics_spectrometer/msg
[4.453s] -- Up-to-date: /home/urc/new_GUI/install/ocean_optics_spectrometer/include/ocean_optics_spectrometer/ocean_optics_spectrometer/msg/rosidl_typesupport_fastrtps_c__visibility_control.h
[4.453s] -- Up-to-date: /home/urc/new_GUI/install/ocean_optics_spectrometer/include/ocean_optics_spectrometer/ocean_optics_spectrometer/srv
[4.453s] -- Up-to-date: /home/urc/new_GUI/install/ocean_optics_spectrometer/include/ocean_optics_spectrometer/ocean_optics_spectrometer/srv/detail
[4.453s] -- Up-to-date: /home/urc/new_GUI/install/ocean_optics_spectrometer/include/ocean_optics_spectrometer/ocean_optics_spectrometer/srv/detail/capture_spectrometer__rosidl_typesupport_fastrtps_c.h
[4.461s] -- Up-to-date: /home/urc/new_GUI/install/ocean_optics_spectrometer/lib/libocean_optics_spectrometer__rosidl_typesupport_fastrtps_c.so
[4.464s] -- Up-to-date: /home/urc/new_GUI/install/ocean_optics_spectrometer/include/ocean_optics_spectrometer/ocean_optics_spectrometer
[4.465s] -- Up-to-date: /home/urc/new_GUI/install/ocean_optics_spectrometer/include/ocean_optics_spectrometer/ocean_optics_spectrometer/msg
[4.465s] -- Up-to-date: /home/urc/new_GUI/install/ocean_optics_spectrometer/include/ocean_optics_spectrometer/ocean_optics_spectrometer/msg/rosidl_typesupport_introspection_c__visibility_control.h
[4.465s] -- Up-to-date: /home/urc/new_GUI/install/ocean_optics_spectrometer/include/ocean_optics_spectrometer/ocean_optics_spectrometer/srv
[4.465s] -- Up-to-date: /home/urc/new_GUI/install/ocean_optics_spectrometer/include/ocean_optics_spectrometer/ocean_optics_spectrometer/srv/detail
[4.465s] -- Up-to-date: /home/urc/new_GUI/install/ocean_optics_spectrometer/include/ocean_optics_spectrometer/ocean_optics_spectrometer/srv/detail/capture_spectrometer__type_support.c
[4.465s] -- Up-to-date: /home/urc/new_GUI/install/ocean_optics_spectrometer/include/ocean_optics_spectrometer/ocean_optics_spectrometer/srv/detail/capture_spectrometer__rosidl_typesupport_introspection_c.h
[4.477s] -- Up-to-date: /home/urc/new_GUI/install/ocean_optics_spectrometer/lib/libocean_optics_spectrometer__rosidl_typesupport_introspection_c.so
[4.489s] -- Up-to-date: /home/urc/new_GUI/install/ocean_optics_spectrometer/lib/libocean_optics_spectrometer__rosidl_typesupport_c.so
[4.489s] -- Up-to-date: /home/urc/new_GUI/install/ocean_optics_spectrometer/include/ocean_optics_spectrometer/ocean_optics_spectrometer
[4.489s] -- Up-to-date: /home/urc/new_GUI/install/ocean_optics_spectrometer/include/ocean_optics_spectrometer/ocean_optics_spectrometer/srv
[4.489s] -- Up-to-date: /home/urc/new_GUI/install/ocean_optics_spectrometer/include/ocean_optics_spectrometer/ocean_optics_spectrometer/srv/detail
[4.489s] -- Up-to-date: /home/urc/new_GUI/install/ocean_optics_spectrometer/include/ocean_optics_spectrometer/ocean_optics_spectrometer/srv/detail/capture_spectrometer__struct.hpp
[4.490s] -- Up-to-date: /home/urc/new_GUI/install/ocean_optics_spectrometer/include/ocean_optics_spectrometer/ocean_optics_spectrometer/srv/detail/capture_spectrometer__traits.hpp
[4.490s] -- Up-to-date: /home/urc/new_GUI/install/ocean_optics_spectrometer/include/ocean_optics_spectrometer/ocean_optics_spectrometer/srv/detail/capture_spectrometer__builder.hpp
[4.490s] -- Up-to-date: /home/urc/new_GUI/install/ocean_optics_spectrometer/include/ocean_optics_spectrometer/ocean_optics_spectrometer/srv/capture_spectrometer.hpp
[4.490s] -- Up-to-date: /home/urc/new_GUI/install/ocean_optics_spectrometer/include/ocean_optics_spectrometer/ocean_optics_spectrometer
[4.490s] -- Up-to-date: /home/urc/new_GUI/install/ocean_optics_spectrometer/include/ocean_optics_spectrometer/ocean_optics_spectrometer/msg
[4.490s] -- Up-to-date: /home/urc/new_GUI/install/ocean_optics_spectrometer/include/ocean_optics_spectrometer/ocean_optics_spectrometer/msg/rosidl_typesupport_fastrtps_cpp__visibility_control.h
[4.491s] -- Up-to-date: /home/urc/new_GUI/install/ocean_optics_spectrometer/include/ocean_optics_spectrometer/ocean_optics_spectrometer/srv
[4.491s] -- Up-to-date: /home/urc/new_GUI/install/ocean_optics_spectrometer/include/ocean_optics_spectrometer/ocean_optics_spectrometer/srv/detail
[4.491s] -- Up-to-date: /home/urc/new_GUI/install/ocean_optics_spectrometer/include/ocean_optics_spectrometer/ocean_optics_spectrometer/srv/detail/capture_spectrometer__rosidl_typesupport_fastrtps_cpp.hpp
[4.491s] -- Up-to-date: /home/urc/new_GUI/install/ocean_optics_spectrometer/include/ocean_optics_spectrometer/ocean_optics_spectrometer/srv/detail/dds_fastrtps
[4.499s] -- Up-to-date: /home/urc/new_GUI/install/ocean_optics_spectrometer/lib/libocean_optics_spectrometer__rosidl_typesupport_fastrtps_cpp.so
[4.499s] -- Up-to-date: /home/urc/new_GUI/install/ocean_optics_spectrometer/include/ocean_optics_spectrometer/ocean_optics_spectrometer
[4.499s] -- Up-to-date: /home/urc/new_GUI/install/ocean_optics_spectrometer/include/ocean_optics_spectrometer/ocean_optics_spectrometer/srv
[4.499s] -- Up-to-date: /home/urc/new_GUI/install/ocean_optics_spectrometer/include/ocean_optics_spectrometer/ocean_optics_spectrometer/srv/detail
[4.499s] -- Up-to-date: /home/urc/new_GUI/install/ocean_optics_spectrometer/include/ocean_optics_spectrometer/ocean_optics_spectrometer/srv/detail/capture_spectrometer__rosidl_typesupport_introspection_cpp.hpp
[4.499s] -- Up-to-date: /home/urc/new_GUI/install/ocean_optics_spectrometer/include/ocean_optics_spectrometer/ocean_optics_spectrometer/srv/detail/capture_spectrometer__type_support.cpp
[4.517s] -- Up-to-date: /home/urc/new_GUI/install/ocean_optics_spectrometer/lib/libocean_optics_spectrometer__rosidl_typesupport_introspection_cpp.so
[4.521s] -- Up-to-date: /home/urc/new_GUI/install/ocean_optics_spectrometer/lib/libocean_optics_spectrometer__rosidl_typesupport_cpp.so
[4.521s] -- Up-to-date: /home/urc/new_GUI/install/ocean_optics_spectrometer/share/ocean_optics_spectrometer/environment/pythonpath.sh
[4.521s] -- Up-to-date: /home/urc/new_GUI/install/ocean_optics_spectrometer/share/ocean_optics_spectrometer/environment/pythonpath.dsv
[4.521s] -- Up-to-date: /home/urc/new_GUI/install/ocean_optics_spectrometer/local/lib/python3.10/dist-packages/ocean_optics_spectrometer-0.0.0-py3.10.egg-info
[4.521s] -- Installing: /home/urc/new_GUI/install/ocean_optics_spectrometer/local/lib/python3.10/dist-packages/ocean_optics_spectrometer-0.0.0-py3.10.egg-info/PKG-INFO
[4.522s] -- Installing: /home/urc/new_GUI/install/ocean_optics_spectrometer/local/lib/python3.10/dist-packages/ocean_optics_spectrometer-0.0.0-py3.10.egg-info/dependency_links.txt
[4.522s] -- Installing: /home/urc/new_GUI/install/ocean_optics_spectrometer/local/lib/python3.10/dist-packages/ocean_optics_spectrometer-0.0.0-py3.10.egg-info/top_level.txt
[4.522s] -- Installing: /home/urc/new_GUI/install/ocean_optics_spectrometer/local/lib/python3.10/dist-packages/ocean_optics_spectrometer-0.0.0-py3.10.egg-info/SOURCES.txt
[4.528s] -- Up-to-date: /home/urc/new_GUI/install/ocean_optics_spectrometer/local/lib/python3.10/dist-packages/ocean_optics_spectrometer
[4.529s] -- Up-to-date: /home/urc/new_GUI/install/ocean_optics_spectrometer/local/lib/python3.10/dist-packages/ocean_optics_spectrometer/ocean_optics_spectrometer_s__rosidl_typesupport_introspection_c.cpython-310-x86_64-linux-gnu.so
[4.529s] -- Up-to-date: /home/urc/new_GUI/install/ocean_optics_spectrometer/local/lib/python3.10/dist-packages/ocean_optics_spectrometer/_ocean_optics_spectrometer_s.ep.rosidl_typesupport_introspection_c.c
[4.529s] -- Up-to-date: /home/urc/new_GUI/install/ocean_optics_spectrometer/local/lib/python3.10/dist-packages/ocean_optics_spectrometer/ocean_optics_spectrometer_s__rosidl_typesupport_c.cpython-310-x86_64-linux-gnu.so
[4.529s] -- Up-to-date: /home/urc/new_GUI/install/ocean_optics_spectrometer/local/lib/python3.10/dist-packages/ocean_optics_spectrometer/__init__.py
[4.529s] -- Up-to-date: /home/urc/new_GUI/install/ocean_optics_spectrometer/local/lib/python3.10/dist-packages/ocean_optics_spectrometer/ocean_optics_spectrometer_s__rosidl_typesupport_fastrtps_c.cpython-310-x86_64-linux-gnu.so
[4.529s] -- Up-to-date: /home/urc/new_GUI/install/ocean_optics_spectrometer/local/lib/python3.10/dist-packages/ocean_optics_spectrometer/libocean_optics_spectrometer__rosidl_generator_py.so
[4.529s] -- Up-to-date: /home/urc/new_GUI/install/ocean_optics_spectrometer/local/lib/python3.10/dist-packages/ocean_optics_spectrometer/srv
[4.529s] -- Up-to-date: /home/urc/new_GUI/install/ocean_optics_spectrometer/local/lib/python3.10/dist-packages/ocean_optics_spectrometer/srv/_capture_spectrometer.py
[4.529s] -- Up-to-date: /home/urc/new_GUI/install/ocean_optics_spectrometer/local/lib/python3.10/dist-packages/ocean_optics_spectrometer/srv/__init__.py
[4.529s] -- Up-to-date: /home/urc/new_GUI/install/ocean_optics_spectrometer/local/lib/python3.10/dist-packages/ocean_optics_spectrometer/srv/_capture_spectrometer_s.c
[4.530s] -- Up-to-date: /home/urc/new_GUI/install/ocean_optics_spectrometer/local/lib/python3.10/dist-packages/ocean_optics_spectrometer/_ocean_optics_spectrometer_s.ep.rosidl_typesupport_fastrtps_c.c
[4.530s] -- Up-to-date: /home/urc/new_GUI/install/ocean_optics_spectrometer/local/lib/python3.10/dist-packages/ocean_optics_spectrometer/_ocean_optics_spectrometer_s.ep.rosidl_typesupport_c.c
[4.649s] Listing '/home/urc/new_GUI/install/ocean_optics_spectrometer/local/lib/python3.10/dist-packages/ocean_optics_spectrometer'...
[4.649s] Listing '/home/urc/new_GUI/install/ocean_optics_spectrometer/local/lib/python3.10/dist-packages/ocean_optics_spectrometer/srv'...
[4.659s] -- Up-to-date: /home/urc/new_GUI/install/ocean_optics_spectrometer/local/lib/python3.10/dist-packages/ocean_optics_spectrometer/ocean_optics_spectrometer_s__rosidl_typesupport_fastrtps_c.cpython-310-x86_64-linux-gnu.so
[4.660s] -- Up-to-date: /home/urc/new_GUI/install/ocean_optics_spectrometer/local/lib/python3.10/dist-packages/ocean_optics_spectrometer/ocean_optics_spectrometer_s__rosidl_typesupport_introspection_c.cpython-310-x86_64-linux-gnu.so
[4.660s] -- Up-to-date: /home/urc/new_GUI/install/ocean_optics_spectrometer/local/lib/python3.10/dist-packages/ocean_optics_spectrometer/ocean_optics_spectrometer_s__rosidl_typesupport_c.cpython-310-x86_64-linux-gnu.so
[4.693s] -- Up-to-date: /home/urc/new_GUI/install/ocean_optics_spectrometer/lib/libocean_optics_spectrometer__rosidl_generator_py.so
[4.693s] -- Up-to-date: /home/urc/new_GUI/install/ocean_optics_spectrometer/share/ocean_optics_spectrometer/srv/CaptureSpectrometer.idl
[4.693s] -- Up-to-date: /home/urc/new_GUI/install/ocean_optics_spectrometer/share/ocean_optics_spectrometer/srv/CaptureSpectrometer.srv
[4.693s] -- Up-to-date: /home/urc/new_GUI/install/ocean_optics_spectrometer/share/ocean_optics_spectrometer/srv/CaptureSpectrometer_Request.msg
[4.693s] -- Up-to-date: /home/urc/new_GUI/install/ocean_optics_spectrometer/share/ocean_optics_spectrometer/srv/CaptureSpectrometer_Response.msg
[4.693s] -- Up-to-date: /home/urc/new_GUI/install/ocean_optics_spectrometer/share/ament_index/resource_index/package_run_dependencies/ocean_optics_spectrometer
[4.694s] -- Up-to-date: /home/urc/new_GUI/install/ocean_optics_spectrometer/share/ament_index/resource_index/parent_prefix_path/ocean_optics_spectrometer
[4.694s] -- Up-to-date: /home/urc/new_GUI/install/ocean_optics_spectrometer/share/ocean_optics_spectrometer/environment/ament_prefix_path.sh
[4.694s] -- Up-to-date: /home/urc/new_GUI/install/ocean_optics_spectrometer/share/ocean_optics_spectrometer/environment/ament_prefix_path.dsv
[4.694s] -- Up-to-date: /home/urc/new_GUI/install/ocean_optics_spectrometer/share/ocean_optics_spectrometer/environment/path.sh
[4.694s] -- Up-to-date: /home/urc/new_GUI/install/ocean_optics_spectrometer/share/ocean_optics_spectrometer/environment/path.dsv
[4.694s] -- Up-to-date: /home/urc/new_GUI/install/ocean_optics_spectrometer/share/ocean_optics_spectrometer/local_setup.bash
[4.694s] -- Up-to-date: /home/urc/new_GUI/install/ocean_optics_spectrometer/share/ocean_optics_spectrometer/local_setup.sh
[4.695s] -- Up-to-date: /home/urc/new_GUI/install/ocean_optics_spectrometer/share/ocean_optics_spectrometer/local_setup.zsh
[4.696s] -- Up-to-date: /home/urc/new_GUI/install/ocean_optics_spectrometer/share/ocean_optics_spectrometer/local_setup.dsv
[4.696s] -- Installing: /home/urc/new_GUI/install/ocean_optics_spectrometer/share/ocean_optics_spectrometer/package.dsv
[4.698s] -- Up-to-date: /home/urc/new_GUI/install/ocean_optics_spectrometer/share/ament_index/resource_index/packages/ocean_optics_spectrometer
[4.707s] -- Up-to-date: /home/urc/new_GUI/install/ocean_optics_spectrometer/share/ocean_optics_spectrometer/cmake/export_ocean_optics_spectrometer__rosidl_generator_cExport.cmake
[4.708s] -- Up-to-date: /home/urc/new_GUI/install/ocean_optics_spectrometer/share/ocean_optics_spectrometer/cmake/export_ocean_optics_spectrometer__rosidl_generator_cExport-noconfig.cmake
[4.709s] -- Up-to-date: /home/urc/new_GUI/install/ocean_optics_spectrometer/share/ocean_optics_spectrometer/cmake/export_ocean_optics_spectrometer__rosidl_typesupport_fastrtps_cExport.cmake
[4.709s] -- Up-to-date: /home/urc/new_GUI/install/ocean_optics_spectrometer/share/ocean_optics_spectrometer/cmake/export_ocean_optics_spectrometer__rosidl_typesupport_fastrtps_cExport-noconfig.cmake
[4.711s] -- Up-to-date: /home/urc/new_GUI/install/ocean_optics_spectrometer/share/ocean_optics_spectrometer/cmake/ocean_optics_spectrometer__rosidl_typesupport_introspection_cExport.cmake
[4.711s] -- Up-to-date: /home/urc/new_GUI/install/ocean_optics_spectrometer/share/ocean_optics_spectrometer/cmake/ocean_optics_spectrometer__rosidl_typesupport_introspection_cExport-noconfig.cmake
[4.712s] -- Up-to-date: /home/urc/new_GUI/install/ocean_optics_spectrometer/share/ocean_optics_spectrometer/cmake/ocean_optics_spectrometer__rosidl_typesupport_cExport.cmake
[4.712s] -- Up-to-date: /home/urc/new_GUI/install/ocean_optics_spectrometer/share/ocean_optics_spectrometer/cmake/ocean_optics_spectrometer__rosidl_typesupport_cExport-noconfig.cmake
[4.721s] -- Up-to-date: /home/urc/new_GUI/install/ocean_optics_spectrometer/share/ocean_optics_spectrometer/cmake/export_ocean_optics_spectrometer__rosidl_generator_cppExport.cmake
[4.721s] -- Up-to-date: /home/urc/new_GUI/install/ocean_optics_spectrometer/share/ocean_optics_spectrometer/cmake/export_ocean_optics_spectrometer__rosidl_typesupport_fastrtps_cppExport.cmake
[4.721s] -- Up-to-date: /home/urc/new_GUI/install/ocean_optics_spectrometer/share/ocean_optics_spectrometer/cmake/export_ocean_optics_spectrometer__rosidl_typesupport_fastrtps_cppExport-noconfig.cmake
[4.721s] -- Up-to-date: /home/urc/new_GUI/install/ocean_optics_spectrometer/share/ocean_optics_spectrometer/cmake/ocean_optics_spectrometer__rosidl_typesupport_introspection_cppExport.cmake
[4.721s] -- Up-to-date: /home/urc/new_GUI/install/ocean_optics_spectrometer/share/ocean_optics_spectrometer/cmake/ocean_optics_spectrometer__rosidl_typesupport_introspection_cppExport-noconfig.cmake
[4.722s] -- Up-to-date: /home/urc/new_GUI/install/ocean_optics_spectrometer/share/ocean_optics_spectrometer/cmake/ocean_optics_spectrometer__rosidl_typesupport_cppExport.cmake
[4.722s] -- Up-to-date: /home/urc/new_GUI/install/ocean_optics_spectrometer/share/ocean_optics_spectrometer/cmake/ocean_optics_spectrometer__rosidl_typesupport_cppExport-noconfig.cmake
[4.723s] -- Up-to-date: /home/urc/new_GUI/install/ocean_optics_spectrometer/share/ocean_optics_spectrometer/cmake/export_ocean_optics_spectrometer__rosidl_generator_pyExport.cmake
[4.723s] -- Up-to-date: /home/urc/new_GUI/install/ocean_optics_spectrometer/share/ocean_optics_spectrometer/cmake/export_ocean_optics_spectrometer__rosidl_generator_pyExport-noconfig.cmake
[4.724s] -- Up-to-date: /home/urc/new_GUI/install/ocean_optics_spectrometer/share/ocean_optics_spectrometer/cmake/rosidl_cmake-extras.cmake
[4.724s] -- Up-to-date: /home/urc/new_GUI/install/ocean_optics_spectrometer/share/ocean_optics_spectrometer/cmake/ament_cmake_export_dependencies-extras.cmake
[4.724s] -- Up-to-date: /home/urc/new_GUI/install/ocean_optics_spectrometer/share/ocean_optics_spectrometer/cmake/ament_cmake_export_include_directories-extras.cmake
[4.724s] -- Up-to-date: /home/urc/new_GUI/install/ocean_optics_spectrometer/share/ocean_optics_spectrometer/cmake/ament_cmake_export_libraries-extras.cmake
[4.724s] -- Up-to-date: /home/urc/new_GUI/install/ocean_optics_spectrometer/share/ocean_optics_spectrometer/cmake/ament_cmake_export_targets-extras.cmake
[4.725s] -- Up-to-date: /home/urc/new_GUI/install/ocean_optics_spectrometer/share/ocean_optics_spectrometer/cmake/rosidl_cmake_export_typesupport_targets-extras.cmake
[4.725s] -- Up-to-date: /home/urc/new_GUI/install/ocean_optics_spectrometer/share/ocean_optics_spectrometer/cmake/rosidl_cmake_export_typesupport_libraries-extras.cmake
[4.725s] -- Up-to-date: /home/urc/new_GUI/install/ocean_optics_spectrometer/share/ocean_optics_spectrometer/cmake/ocean_optics_spectrometerConfig.cmake
[4.726s] -- Up-to-date: /home/urc/new_GUI/install/ocean_optics_spectrometer/share/ocean_optics_spectrometer/cmake/ocean_optics_spectrometerConfig-version.cmake
[4.726s] -- Up-to-date: /home/urc/new_GUI/install/ocean_optics_spectrometer/share/ocean_optics_spectrometer/package.xml
[4.742s] Invoked command in '/home/urc/new_GUI/build/ocean_optics_spectrometer' returned '0': CMAKE_PREFIX_PATH=/home/urc/new_GUI/install/gui_window:/home/urc/test_ws/install/turtle_test:/home/urc/test_ws/install/roslink_test:/opt/ros/humble:${CMAKE_PREFIX_PATH} /usr/bin/cmake --install /home/urc/new_GUI/build/ocean_optics_spectrometer
