[0.247s] Invoking command in '/home/urc/new-GUI/build/rover_gui_lib': AMENT_PREFIX_PATH=/home/urc/new-GUI/install/theora_webcams:/home/urc/new-GUI/install/marker_interfacing:/home/urc/new-GUI/install/aruco_finder:${AMENT_PREFIX_PATH} CMAKE_PREFIX_PATH=/home/urc/new-GUI/install/urc_gui_lib:/home/urc/new-GUI/install/theora_webcams:/home/urc/new-GUI/install/marker_interfacing:/home/urc/new-GUI/install/aruco_finder LD_LIBRARY_PATH=/home/urc/new-GUI/install/theora_webcams/lib:/home/urc/new-GUI/install/marker_interfacing/lib:/home/urc/new-GUI/install/aruco_finder/lib:${LD_LIBRARY_PATH} PKG_CONFIG_PATH=/home/urc/new-GUI/install/urc_gui_lib/lib/x86_64-linux-gnu/pkgconfig:/home/urc/new-GUI/install/urc_gui_lib/lib/pkgconfig PYTHONPATH=/home/urc/new-GUI/install/theora_webcams/local/lib/python3.10/dist-packages:/home/urc/new-GUI/install/marker_interfacing/local/lib/python3.10/dist-packages:/home/urc/new-GUI/install/aruco_finder/local/lib/python3.10/dist-packages:${PYTHONPATH} ROS_PACKAGE_PATH=/home/urc/new-GUI/install/urc_gui_lib/share /usr/bin/cmake --build /home/urc/new-GUI/build/rover_gui_lib -- -j4 -l4
[0.466s] [  2%] Built target rover_gui_lib__cpp
[0.625s] [  2%] Built target ament_cmake_python_copy_rover_gui_lib
[0.740s] [ 12%] Built target rover_gui_lib__rosidl_typesupport_fastrtps_cpp
[0.854s] [ 23%] Built target rover_gui_lib__rosidl_typesupport_introspection_cpp
[1.695s] running egg_info
[1.698s] writing rover_gui_lib.egg-info/PKG-INFO
[1.699s] writing dependency_links to rover_gui_lib.egg-info/dependency_links.txt
[1.699s] writing top-level names to rover_gui_lib.egg-info/top_level.txt
[1.702s] reading manifest file 'rover_gui_lib.egg-info/SOURCES.txt'
[1.704s] writing manifest file 'rover_gui_lib.egg-info/SOURCES.txt'
[1.753s] [ 23%] Built target ament_cmake_python_build_rover_gui_lib_egg
[1.811s] [ 33%] Built target rover_gui_lib__rosidl_typesupport_cpp
[1.858s] [ 43%] Built target rover_gui_lib__rosidl_generator_c
[1.950s] [ 53%] Built target rover_gui_lib__rosidl_typesupport_fastrtps_c
[2.026s] [ 64%] Built target rover_gui_lib__rosidl_typesupport_c
[2.071s] [ 74%] Built target rover_gui_lib__rosidl_typesupport_introspection_c
[2.147s] [ 74%] Built target rover_gui_lib
[2.219s] [ 76%] Built target rover_gui_lib__py
[2.274s] [ 84%] Built target rover_gui_lib__rosidl_generator_py
[2.330s] [ 89%] Built target rover_gui_lib__rosidl_typesupport_fastrtps_c__pyext
[2.371s] [ 94%] Built target rover_gui_lib__rosidl_typesupport_c__pyext
[2.425s] [100%] Built target rover_gui_lib__rosidl_typesupport_introspection_c__pyext
[2.445s] Invoked command in '/home/urc/new-GUI/build/rover_gui_lib' returned '0': AMENT_PREFIX_PATH=/home/urc/new-GUI/install/theora_webcams:/home/urc/new-GUI/install/marker_interfacing:/home/urc/new-GUI/install/aruco_finder:${AMENT_PREFIX_PATH} CMAKE_PREFIX_PATH=/home/urc/new-GUI/install/urc_gui_lib:/home/urc/new-GUI/install/theora_webcams:/home/urc/new-GUI/install/marker_interfacing:/home/urc/new-GUI/install/aruco_finder LD_LIBRARY_PATH=/home/urc/new-GUI/install/theora_webcams/lib:/home/urc/new-GUI/install/marker_interfacing/lib:/home/urc/new-GUI/install/aruco_finder/lib:${LD_LIBRARY_PATH} PKG_CONFIG_PATH=/home/urc/new-GUI/install/urc_gui_lib/lib/x86_64-linux-gnu/pkgconfig:/home/urc/new-GUI/install/urc_gui_lib/lib/pkgconfig PYTHONPATH=/home/urc/new-GUI/install/theora_webcams/local/lib/python3.10/dist-packages:/home/urc/new-GUI/install/marker_interfacing/local/lib/python3.10/dist-packages:/home/urc/new-GUI/install/aruco_finder/local/lib/python3.10/dist-packages:${PYTHONPATH} ROS_PACKAGE_PATH=/home/urc/new-GUI/install/urc_gui_lib/share /usr/bin/cmake --build /home/urc/new-GUI/build/rover_gui_lib -- -j4 -l4
[2.828s] Invoking command in '/home/urc/new-GUI/build/rover_gui_lib': AMENT_PREFIX_PATH=/home/urc/new-GUI/install/theora_webcams:/home/urc/new-GUI/install/marker_interfacing:/home/urc/new-GUI/install/aruco_finder:${AMENT_PREFIX_PATH} CMAKE_PREFIX_PATH=/home/urc/new-GUI/install/urc_gui_lib:/home/urc/new-GUI/install/theora_webcams:/home/urc/new-GUI/install/marker_interfacing:/home/urc/new-GUI/install/aruco_finder LD_LIBRARY_PATH=/home/urc/new-GUI/install/theora_webcams/lib:/home/urc/new-GUI/install/marker_interfacing/lib:/home/urc/new-GUI/install/aruco_finder/lib:${LD_LIBRARY_PATH} PKG_CONFIG_PATH=/home/urc/new-GUI/install/urc_gui_lib/lib/x86_64-linux-gnu/pkgconfig:/home/urc/new-GUI/install/urc_gui_lib/lib/pkgconfig PYTHONPATH=/home/urc/new-GUI/install/theora_webcams/local/lib/python3.10/dist-packages:/home/urc/new-GUI/install/marker_interfacing/local/lib/python3.10/dist-packages:/home/urc/new-GUI/install/aruco_finder/local/lib/python3.10/dist-packages:${PYTHONPATH} ROS_PACKAGE_PATH=/home/urc/new-GUI/install/urc_gui_lib/share /usr/bin/cmake --install /home/urc/new-GUI/build/rover_gui_lib
[2.845s] -- Install configuration: ""
[2.846s] -- Up-to-date: /home/urc/new-GUI/install/rover_gui_lib/share/ament_index/resource_index/rosidl_interfaces/rover_gui_lib
[2.846s] -- Up-to-date: /home/urc/new-GUI/install/rover_gui_lib/include/rover_gui_lib/rover_gui_lib
[2.846s] -- Up-to-date: /home/urc/new-GUI/install/rover_gui_lib/include/rover_gui_lib/rover_gui_lib/msg
[2.846s] -- Up-to-date: /home/urc/new-GUI/install/rover_gui_lib/include/rover_gui_lib/rover_gui_lib/msg/ed_waypoint_list.h
[2.846s] -- Up-to-date: /home/urc/new-GUI/install/rover_gui_lib/include/rover_gui_lib/rover_gui_lib/msg/ed_waypoint.h
[2.847s] -- Up-to-date: /home/urc/new-GUI/install/rover_gui_lib/include/rover_gui_lib/rover_gui_lib/msg/rosidl_generator_c__visibility_control.h
[2.847s] -- Up-to-date: /home/urc/new-GUI/install/rover_gui_lib/include/rover_gui_lib/rover_gui_lib/msg/detail
[2.847s] -- Up-to-date: /home/urc/new-GUI/install/rover_gui_lib/include/rover_gui_lib/rover_gui_lib/msg/detail/ed_waypoint__functions.c
[2.847s] -- Up-to-date: /home/urc/new-GUI/install/rover_gui_lib/include/rover_gui_lib/rover_gui_lib/msg/detail/ed_waypoint_list__struct.h
[2.847s] -- Up-to-date: /home/urc/new-GUI/install/rover_gui_lib/include/rover_gui_lib/rover_gui_lib/msg/detail/ed_waypoint__struct.h
[2.847s] -- Up-to-date: /home/urc/new-GUI/install/rover_gui_lib/include/rover_gui_lib/rover_gui_lib/msg/detail/ed_waypoint_list__functions.c
[2.847s] -- Up-to-date: /home/urc/new-GUI/install/rover_gui_lib/include/rover_gui_lib/rover_gui_lib/msg/detail/ed_waypoint_list__functions.h
[2.848s] -- Up-to-date: /home/urc/new-GUI/install/rover_gui_lib/include/rover_gui_lib/rover_gui_lib/msg/detail/ed_waypoint_list__type_support.h
[2.848s] -- Up-to-date: /home/urc/new-GUI/install/rover_gui_lib/include/rover_gui_lib/rover_gui_lib/msg/detail/ed_waypoint__type_support.h
[2.848s] -- Up-to-date: /home/urc/new-GUI/install/rover_gui_lib/include/rover_gui_lib/rover_gui_lib/msg/detail/ed_waypoint__functions.h
[2.848s] -- Up-to-date: /home/urc/new-GUI/install/rover_gui_lib/share/rover_gui_lib/environment/library_path.sh
[2.848s] -- Up-to-date: /home/urc/new-GUI/install/rover_gui_lib/share/rover_gui_lib/environment/library_path.dsv
[2.849s] -- Up-to-date: /home/urc/new-GUI/install/rover_gui_lib/lib/librover_gui_lib__rosidl_generator_c.so
[2.850s] -- Up-to-date: /home/urc/new-GUI/install/rover_gui_lib/include/rover_gui_lib/rover_gui_lib
[2.851s] -- Up-to-date: /home/urc/new-GUI/install/rover_gui_lib/include/rover_gui_lib/rover_gui_lib/msg
[2.851s] -- Up-to-date: /home/urc/new-GUI/install/rover_gui_lib/include/rover_gui_lib/rover_gui_lib/msg/rosidl_typesupport_fastrtps_c__visibility_control.h
[2.851s] -- Up-to-date: /home/urc/new-GUI/install/rover_gui_lib/include/rover_gui_lib/rover_gui_lib/msg/detail
[2.851s] -- Up-to-date: /home/urc/new-GUI/install/rover_gui_lib/include/rover_gui_lib/rover_gui_lib/msg/detail/ed_waypoint__rosidl_typesupport_fastrtps_c.h
[2.851s] -- Up-to-date: /home/urc/new-GUI/install/rover_gui_lib/include/rover_gui_lib/rover_gui_lib/msg/detail/ed_waypoint_list__rosidl_typesupport_fastrtps_c.h
[2.853s] -- Up-to-date: /home/urc/new-GUI/install/rover_gui_lib/lib/librover_gui_lib__rosidl_typesupport_fastrtps_c.so
[2.853s] -- Up-to-date: /home/urc/new-GUI/install/rover_gui_lib/include/rover_gui_lib/rover_gui_lib
[2.853s] -- Up-to-date: /home/urc/new-GUI/install/rover_gui_lib/include/rover_gui_lib/rover_gui_lib/msg
[2.854s] -- Up-to-date: /home/urc/new-GUI/install/rover_gui_lib/include/rover_gui_lib/rover_gui_lib/msg/rosidl_typesupport_introspection_c__visibility_control.h
[2.854s] -- Up-to-date: /home/urc/new-GUI/install/rover_gui_lib/include/rover_gui_lib/rover_gui_lib/msg/detail
[2.854s] -- Up-to-date: /home/urc/new-GUI/install/rover_gui_lib/include/rover_gui_lib/rover_gui_lib/msg/detail/ed_waypoint_list__type_support.c
[2.855s] -- Up-to-date: /home/urc/new-GUI/install/rover_gui_lib/include/rover_gui_lib/rover_gui_lib/msg/detail/ed_waypoint__rosidl_typesupport_introspection_c.h
[2.855s] -- Up-to-date: /home/urc/new-GUI/install/rover_gui_lib/include/rover_gui_lib/rover_gui_lib/msg/detail/ed_waypoint_list__rosidl_typesupport_introspection_c.h
[2.855s] -- Up-to-date: /home/urc/new-GUI/install/rover_gui_lib/include/rover_gui_lib/rover_gui_lib/msg/detail/ed_waypoint__type_support.c
[2.858s] -- Up-to-date: /home/urc/new-GUI/install/rover_gui_lib/lib/librover_gui_lib__rosidl_typesupport_introspection_c.so
[2.860s] -- Up-to-date: /home/urc/new-GUI/install/rover_gui_lib/lib/librover_gui_lib__rosidl_typesupport_c.so
[2.861s] -- Up-to-date: /home/urc/new-GUI/install/rover_gui_lib/include/rover_gui_lib/rover_gui_lib
[2.861s] -- Up-to-date: /home/urc/new-GUI/install/rover_gui_lib/include/rover_gui_lib/rover_gui_lib/msg
[2.862s] -- Up-to-date: /home/urc/new-GUI/install/rover_gui_lib/include/rover_gui_lib/rover_gui_lib/msg/ed_waypoint_list.hpp
[2.862s] -- Up-to-date: /home/urc/new-GUI/install/rover_gui_lib/include/rover_gui_lib/rover_gui_lib/msg/ed_waypoint.hpp
[2.862s] -- Up-to-date: /home/urc/new-GUI/install/rover_gui_lib/include/rover_gui_lib/rover_gui_lib/msg/detail
[2.863s] -- Up-to-date: /home/urc/new-GUI/install/rover_gui_lib/include/rover_gui_lib/rover_gui_lib/msg/detail/ed_waypoint__builder.hpp
[2.863s] -- Up-to-date: /home/urc/new-GUI/install/rover_gui_lib/include/rover_gui_lib/rover_gui_lib/msg/detail/ed_waypoint_list__traits.hpp
[2.863s] -- Up-to-date: /home/urc/new-GUI/install/rover_gui_lib/include/rover_gui_lib/rover_gui_lib/msg/detail/ed_waypoint__traits.hpp
[2.864s] -- Up-to-date: /home/urc/new-GUI/install/rover_gui_lib/include/rover_gui_lib/rover_gui_lib/msg/detail/ed_waypoint_list__struct.hpp
[2.864s] -- Up-to-date: /home/urc/new-GUI/install/rover_gui_lib/include/rover_gui_lib/rover_gui_lib/msg/detail/ed_waypoint_list__builder.hpp
[2.864s] -- Up-to-date: /home/urc/new-GUI/install/rover_gui_lib/include/rover_gui_lib/rover_gui_lib/msg/detail/ed_waypoint__struct.hpp
[2.864s] -- Up-to-date: /home/urc/new-GUI/install/rover_gui_lib/include/rover_gui_lib/rover_gui_lib
[2.865s] -- Up-to-date: /home/urc/new-GUI/install/rover_gui_lib/include/rover_gui_lib/rover_gui_lib/msg
[2.865s] -- Up-to-date: /home/urc/new-GUI/install/rover_gui_lib/include/rover_gui_lib/rover_gui_lib/msg/rosidl_typesupport_fastrtps_cpp__visibility_control.h
[2.865s] -- Up-to-date: /home/urc/new-GUI/install/rover_gui_lib/include/rover_gui_lib/rover_gui_lib/msg/detail
[2.871s] -- Up-to-date: /home/urc/new-GUI/install/rover_gui_lib/include/rover_gui_lib/rover_gui_lib/msg/detail/ed_waypoint__rosidl_typesupport_fastrtps_cpp.hpp
[2.871s] -- Up-to-date: /home/urc/new-GUI/install/rover_gui_lib/include/rover_gui_lib/rover_gui_lib/msg/detail/ed_waypoint_list__rosidl_typesupport_fastrtps_cpp.hpp
[2.871s] -- Up-to-date: /home/urc/new-GUI/install/rover_gui_lib/include/rover_gui_lib/rover_gui_lib/msg/detail/dds_fastrtps
[2.871s] -- Up-to-date: /home/urc/new-GUI/install/rover_gui_lib/lib/librover_gui_lib__rosidl_typesupport_fastrtps_cpp.so
[2.872s] -- Up-to-date: /home/urc/new-GUI/install/rover_gui_lib/include/rover_gui_lib/rover_gui_lib
[2.872s] -- Up-to-date: /home/urc/new-GUI/install/rover_gui_lib/include/rover_gui_lib/rover_gui_lib/msg
[2.872s] -- Up-to-date: /home/urc/new-GUI/install/rover_gui_lib/include/rover_gui_lib/rover_gui_lib/msg/detail
[2.874s] -- Up-to-date: /home/urc/new-GUI/install/rover_gui_lib/include/rover_gui_lib/rover_gui_lib/msg/detail/ed_waypoint__rosidl_typesupport_introspection_cpp.hpp
[2.874s] -- Up-to-date: /home/urc/new-GUI/install/rover_gui_lib/include/rover_gui_lib/rover_gui_lib/msg/detail/ed_waypoint_list__rosidl_typesupport_introspection_cpp.hpp
[2.874s] -- Up-to-date: /home/urc/new-GUI/install/rover_gui_lib/include/rover_gui_lib/rover_gui_lib/msg/detail/ed_waypoint__type_support.cpp
[2.875s] -- Up-to-date: /home/urc/new-GUI/install/rover_gui_lib/include/rover_gui_lib/rover_gui_lib/msg/detail/ed_waypoint_list__type_support.cpp
[2.875s] -- Up-to-date: /home/urc/new-GUI/install/rover_gui_lib/lib/librover_gui_lib__rosidl_typesupport_introspection_cpp.so
[2.875s] -- Up-to-date: /home/urc/new-GUI/install/rover_gui_lib/lib/librover_gui_lib__rosidl_typesupport_cpp.so
[2.875s] -- Up-to-date: /home/urc/new-GUI/install/rover_gui_lib/share/rover_gui_lib/environment/pythonpath.sh
[2.875s] -- Up-to-date: /home/urc/new-GUI/install/rover_gui_lib/share/rover_gui_lib/environment/pythonpath.dsv
[2.875s] -- Up-to-date: /home/urc/new-GUI/install/rover_gui_lib/local/lib/python3.10/dist-packages/rover_gui_lib-0.0.0-py3.10.egg-info
[2.875s] -- Installing: /home/urc/new-GUI/install/rover_gui_lib/local/lib/python3.10/dist-packages/rover_gui_lib-0.0.0-py3.10.egg-info/PKG-INFO
[2.875s] -- Installing: /home/urc/new-GUI/install/rover_gui_lib/local/lib/python3.10/dist-packages/rover_gui_lib-0.0.0-py3.10.egg-info/dependency_links.txt
[2.875s] -- Installing: /home/urc/new-GUI/install/rover_gui_lib/local/lib/python3.10/dist-packages/rover_gui_lib-0.0.0-py3.10.egg-info/top_level.txt
[2.876s] -- Installing: /home/urc/new-GUI/install/rover_gui_lib/local/lib/python3.10/dist-packages/rover_gui_lib-0.0.0-py3.10.egg-info/SOURCES.txt
[2.876s] -- Up-to-date: /home/urc/new-GUI/install/rover_gui_lib/local/lib/python3.10/dist-packages/rover_gui_lib
[2.876s] -- Up-to-date: /home/urc/new-GUI/install/rover_gui_lib/local/lib/python3.10/dist-packages/rover_gui_lib/librover_gui_lib__rosidl_generator_py.so
[2.876s] -- Up-to-date: /home/urc/new-GUI/install/rover_gui_lib/local/lib/python3.10/dist-packages/rover_gui_lib/rover_gui_lib_s__rosidl_typesupport_fastrtps_c.cpython-310-x86_64-linux-gnu.so
[2.876s] -- Up-to-date: /home/urc/new-GUI/install/rover_gui_lib/local/lib/python3.10/dist-packages/rover_gui_lib/msg
[2.876s] -- Up-to-date: /home/urc/new-GUI/install/rover_gui_lib/local/lib/python3.10/dist-packages/rover_gui_lib/msg/_ed_waypoint_list_s.c
[2.876s] -- Up-to-date: /home/urc/new-GUI/install/rover_gui_lib/local/lib/python3.10/dist-packages/rover_gui_lib/msg/_ed_waypoint_s.c
[2.876s] -- Up-to-date: /home/urc/new-GUI/install/rover_gui_lib/local/lib/python3.10/dist-packages/rover_gui_lib/msg/__init__.py
[2.876s] -- Up-to-date: /home/urc/new-GUI/install/rover_gui_lib/local/lib/python3.10/dist-packages/rover_gui_lib/msg/_ed_waypoint_list.py
[2.876s] -- Up-to-date: /home/urc/new-GUI/install/rover_gui_lib/local/lib/python3.10/dist-packages/rover_gui_lib/msg/_ed_waypoint.py
[2.876s] -- Up-to-date: /home/urc/new-GUI/install/rover_gui_lib/local/lib/python3.10/dist-packages/rover_gui_lib/__init__.py
[2.877s] -- Up-to-date: /home/urc/new-GUI/install/rover_gui_lib/local/lib/python3.10/dist-packages/rover_gui_lib/_rover_gui_lib_s.ep.rosidl_typesupport_fastrtps_c.c
[2.877s] -- Up-to-date: /home/urc/new-GUI/install/rover_gui_lib/local/lib/python3.10/dist-packages/rover_gui_lib/rover_gui_lib_s__rosidl_typesupport_introspection_c.cpython-310-x86_64-linux-gnu.so
[2.877s] -- Up-to-date: /home/urc/new-GUI/install/rover_gui_lib/local/lib/python3.10/dist-packages/rover_gui_lib/rover_gui_lib_s__rosidl_typesupport_c.cpython-310-x86_64-linux-gnu.so
[2.877s] -- Up-to-date: /home/urc/new-GUI/install/rover_gui_lib/local/lib/python3.10/dist-packages/rover_gui_lib/_rover_gui_lib_s.ep.rosidl_typesupport_introspection_c.c
[2.877s] -- Up-to-date: /home/urc/new-GUI/install/rover_gui_lib/local/lib/python3.10/dist-packages/rover_gui_lib/_rover_gui_lib_s.ep.rosidl_typesupport_c.c
[2.953s] Listing '/home/urc/new-GUI/install/rover_gui_lib/local/lib/python3.10/dist-packages/rover_gui_lib'...
[2.953s] Listing '/home/urc/new-GUI/install/rover_gui_lib/local/lib/python3.10/dist-packages/rover_gui_lib/msg'...
[2.962s] -- Up-to-date: /home/urc/new-GUI/install/rover_gui_lib/local/lib/python3.10/dist-packages/rover_gui_lib/rover_gui_lib_s__rosidl_typesupport_fastrtps_c.cpython-310-x86_64-linux-gnu.so
[2.962s] -- Up-to-date: /home/urc/new-GUI/install/rover_gui_lib/local/lib/python3.10/dist-packages/rover_gui_lib/rover_gui_lib_s__rosidl_typesupport_introspection_c.cpython-310-x86_64-linux-gnu.so
[2.962s] -- Up-to-date: /home/urc/new-GUI/install/rover_gui_lib/local/lib/python3.10/dist-packages/rover_gui_lib/rover_gui_lib_s__rosidl_typesupport_c.cpython-310-x86_64-linux-gnu.so
[2.963s] -- Up-to-date: /home/urc/new-GUI/install/rover_gui_lib/lib/librover_gui_lib__rosidl_generator_py.so
[2.964s] -- Up-to-date: /home/urc/new-GUI/install/rover_gui_lib/share/rover_gui_lib/msg/EDWaypoint.idl
[2.964s] -- Up-to-date: /home/urc/new-GUI/install/rover_gui_lib/share/rover_gui_lib/msg/EDWaypointList.idl
[2.964s] -- Up-to-date: /home/urc/new-GUI/install/rover_gui_lib/share/rover_gui_lib/msg/EDWaypoint.msg
[2.964s] -- Up-to-date: /home/urc/new-GUI/install/rover_gui_lib/share/rover_gui_lib/msg/EDWaypointList.msg
[2.964s] -- Up-to-date: /home/urc/new-GUI/install/rover_gui_lib/share/ament_index/resource_index/package_run_dependencies/rover_gui_lib
[2.965s] -- Up-to-date: /home/urc/new-GUI/install/rover_gui_lib/share/ament_index/resource_index/parent_prefix_path/rover_gui_lib
[2.965s] -- Up-to-date: /home/urc/new-GUI/install/rover_gui_lib/share/rover_gui_lib/environment/ament_prefix_path.sh
[2.965s] -- Up-to-date: /home/urc/new-GUI/install/rover_gui_lib/share/rover_gui_lib/environment/ament_prefix_path.dsv
[2.965s] -- Up-to-date: /home/urc/new-GUI/install/rover_gui_lib/share/rover_gui_lib/environment/path.sh
[2.965s] -- Up-to-date: /home/urc/new-GUI/install/rover_gui_lib/share/rover_gui_lib/environment/path.dsv
[2.965s] -- Up-to-date: /home/urc/new-GUI/install/rover_gui_lib/share/rover_gui_lib/local_setup.bash
[2.965s] -- Up-to-date: /home/urc/new-GUI/install/rover_gui_lib/share/rover_gui_lib/local_setup.sh
[2.965s] -- Up-to-date: /home/urc/new-GUI/install/rover_gui_lib/share/rover_gui_lib/local_setup.zsh
[2.966s] -- Up-to-date: /home/urc/new-GUI/install/rover_gui_lib/share/rover_gui_lib/local_setup.dsv
[2.966s] -- Installing: /home/urc/new-GUI/install/rover_gui_lib/share/rover_gui_lib/package.dsv
[2.967s] -- Up-to-date: /home/urc/new-GUI/install/rover_gui_lib/share/ament_index/resource_index/packages/rover_gui_lib
[2.971s] -- Up-to-date: /home/urc/new-GUI/install/rover_gui_lib/share/rover_gui_lib/cmake/export_rover_gui_lib__rosidl_generator_cExport.cmake
[2.971s] -- Up-to-date: /home/urc/new-GUI/install/rover_gui_lib/share/rover_gui_lib/cmake/export_rover_gui_lib__rosidl_generator_cExport-noconfig.cmake
[2.972s] -- Up-to-date: /home/urc/new-GUI/install/rover_gui_lib/share/rover_gui_lib/cmake/export_rover_gui_lib__rosidl_typesupport_fastrtps_cExport.cmake
[2.972s] -- Up-to-date: /home/urc/new-GUI/install/rover_gui_lib/share/rover_gui_lib/cmake/export_rover_gui_lib__rosidl_typesupport_fastrtps_cExport-noconfig.cmake
[2.972s] -- Up-to-date: /home/urc/new-GUI/install/rover_gui_lib/share/rover_gui_lib/cmake/rover_gui_lib__rosidl_typesupport_introspection_cExport.cmake
[2.973s] -- Up-to-date: /home/urc/new-GUI/install/rover_gui_lib/share/rover_gui_lib/cmake/rover_gui_lib__rosidl_typesupport_introspection_cExport-noconfig.cmake
[2.974s] -- Up-to-date: /home/urc/new-GUI/install/rover_gui_lib/share/rover_gui_lib/cmake/rover_gui_lib__rosidl_typesupport_cExport.cmake
[2.974s] -- Up-to-date: /home/urc/new-GUI/install/rover_gui_lib/share/rover_gui_lib/cmake/rover_gui_lib__rosidl_typesupport_cExport-noconfig.cmake
[2.975s] -- Up-to-date: /home/urc/new-GUI/install/rover_gui_lib/share/rover_gui_lib/cmake/export_rover_gui_lib__rosidl_generator_cppExport.cmake
[2.976s] -- Up-to-date: /home/urc/new-GUI/install/rover_gui_lib/share/rover_gui_lib/cmake/export_rover_gui_lib__rosidl_typesupport_fastrtps_cppExport.cmake
[2.976s] -- Up-to-date: /home/urc/new-GUI/install/rover_gui_lib/share/rover_gui_lib/cmake/export_rover_gui_lib__rosidl_typesupport_fastrtps_cppExport-noconfig.cmake
[2.977s] -- Up-to-date: /home/urc/new-GUI/install/rover_gui_lib/share/rover_gui_lib/cmake/rover_gui_lib__rosidl_typesupport_introspection_cppExport.cmake
[2.977s] -- Up-to-date: /home/urc/new-GUI/install/rover_gui_lib/share/rover_gui_lib/cmake/rover_gui_lib__rosidl_typesupport_introspection_cppExport-noconfig.cmake
[2.977s] -- Up-to-date: /home/urc/new-GUI/install/rover_gui_lib/share/rover_gui_lib/cmake/rover_gui_lib__rosidl_typesupport_cppExport.cmake
[2.978s] -- Up-to-date: /home/urc/new-GUI/install/rover_gui_lib/share/rover_gui_lib/cmake/rover_gui_lib__rosidl_typesupport_cppExport-noconfig.cmake
[2.978s] -- Up-to-date: /home/urc/new-GUI/install/rover_gui_lib/share/rover_gui_lib/cmake/export_rover_gui_lib__rosidl_generator_pyExport.cmake
[2.979s] -- Up-to-date: /home/urc/new-GUI/install/rover_gui_lib/share/rover_gui_lib/cmake/export_rover_gui_lib__rosidl_generator_pyExport-noconfig.cmake
[2.979s] -- Up-to-date: /home/urc/new-GUI/install/rover_gui_lib/share/rover_gui_lib/cmake/rosidl_cmake-extras.cmake
[2.979s] -- Up-to-date: /home/urc/new-GUI/install/rover_gui_lib/share/rover_gui_lib/cmake/ament_cmake_export_dependencies-extras.cmake
[2.979s] -- Up-to-date: /home/urc/new-GUI/install/rover_gui_lib/share/rover_gui_lib/cmake/ament_cmake_export_include_directories-extras.cmake
[2.979s] -- Up-to-date: /home/urc/new-GUI/install/rover_gui_lib/share/rover_gui_lib/cmake/ament_cmake_export_libraries-extras.cmake
[2.979s] -- Up-to-date: /home/urc/new-GUI/install/rover_gui_lib/share/rover_gui_lib/cmake/ament_cmake_export_targets-extras.cmake
[2.979s] -- Up-to-date: /home/urc/new-GUI/install/rover_gui_lib/share/rover_gui_lib/cmake/rosidl_cmake_export_typesupport_targets-extras.cmake
[2.980s] -- Up-to-date: /home/urc/new-GUI/install/rover_gui_lib/share/rover_gui_lib/cmake/rosidl_cmake_export_typesupport_libraries-extras.cmake
[2.980s] -- Up-to-date: /home/urc/new-GUI/install/rover_gui_lib/share/rover_gui_lib/cmake/rover_gui_libConfig.cmake
[2.980s] -- Up-to-date: /home/urc/new-GUI/install/rover_gui_lib/share/rover_gui_lib/cmake/rover_gui_libConfig-version.cmake
[2.980s] -- Up-to-date: /home/urc/new-GUI/install/rover_gui_lib/share/rover_gui_lib/package.xml
[2.990s] Invoked command in '/home/urc/new-GUI/build/rover_gui_lib' returned '0': AMENT_PREFIX_PATH=/home/urc/new-GUI/install/theora_webcams:/home/urc/new-GUI/install/marker_interfacing:/home/urc/new-GUI/install/aruco_finder:${AMENT_PREFIX_PATH} CMAKE_PREFIX_PATH=/home/urc/new-GUI/install/urc_gui_lib:/home/urc/new-GUI/install/theora_webcams:/home/urc/new-GUI/install/marker_interfacing:/home/urc/new-GUI/install/aruco_finder LD_LIBRARY_PATH=/home/urc/new-GUI/install/theora_webcams/lib:/home/urc/new-GUI/install/marker_interfacing/lib:/home/urc/new-GUI/install/aruco_finder/lib:${LD_LIBRARY_PATH} PKG_CONFIG_PATH=/home/urc/new-GUI/install/urc_gui_lib/lib/x86_64-linux-gnu/pkgconfig:/home/urc/new-GUI/install/urc_gui_lib/lib/pkgconfig PYTHONPATH=/home/urc/new-GUI/install/theora_webcams/local/lib/python3.10/dist-packages:/home/urc/new-GUI/install/marker_interfacing/local/lib/python3.10/dist-packages:/home/urc/new-GUI/install/aruco_finder/local/lib/python3.10/dist-packages:${PYTHONPATH} ROS_PACKAGE_PATH=/home/urc/new-GUI/install/urc_gui_lib/share /usr/bin/cmake --install /home/urc/new-GUI/build/rover_gui_lib
