[0.467s] Invoking command in '/home/urc/new_GUI/build/marker_interfacing': CMAKE_PREFIX_PATH=/home/urc/test_ws/install/turtle_test:/home/urc/test_ws/install/roslink_test:/home/urc/new_GUI/install/gui_window:/opt/ros/humble:${CMAKE_PREFIX_PATH} /usr/bin/cmake --build /home/urc/new_GUI/build/marker_interfacing -- -j4 -l4
[0.768s] [35m[1mConsolidate compiler generated dependencies of target marker_interfacing__rosidl_generator_c[0m
[0.811s] [  0%] Built target marker_interfacing__cpp
[0.963s] [  0%] Built target ament_cmake_python_copy_marker_interfacing
[0.973s] [35m[1mConsolidate compiler generated dependencies of target marker_interfacing__rosidl_typesupport_fastrtps_cpp[0m
[1.029s] [35m[1mConsolidate compiler generated dependencies of target marker_interfacing__rosidl_typesupport_cpp[0m
[1.046s] [ 12%] Built target marker_interfacing__rosidl_generator_c
[1.097s] [35m[1mConsolidate compiler generated dependencies of target marker_interfacing__rosidl_typesupport_introspection_cpp[0m
[1.223s] [ 24%] Built target marker_interfacing__rosidl_typesupport_cpp
[1.251s] [ 36%] Built target marker_interfacing__rosidl_typesupport_introspection_cpp
[1.258s] [ 48%] Built target marker_interfacing__rosidl_typesupport_fastrtps_cpp
[1.329s] [35m[1mConsolidate compiler generated dependencies of target marker_interfacing__rosidl_typesupport_fastrtps_c[0m
[1.367s] [35m[1mConsolidate compiler generated dependencies of target marker_interfacing__rosidl_typesupport_introspection_c[0m
[1.505s] [35m[1mConsolidate compiler generated dependencies of target marker_interfacing__rosidl_typesupport_c[0m
[1.525s] [ 72%] Built target marker_interfacing__rosidl_typesupport_fastrtps_c
[1.529s] [ 72%] Built target marker_interfacing__rosidl_typesupport_introspection_c
[1.589s] [ 84%] Built target marker_interfacing__rosidl_typesupport_c
[1.723s] [ 84%] Built target marker_interfacing
[1.966s] [ 85%] Built target marker_interfacing__py
[2.173s] [35m[1mConsolidate compiler generated dependencies of target marker_interfacing__rosidl_generator_py[0m
[2.213s] [ 96%] Built target marker_interfacing__rosidl_generator_py
[2.273s] [35m[1mConsolidate compiler generated dependencies of target marker_interfacing__rosidl_typesupport_fastrtps_c__pyext[0m
[2.289s] [35m[1mConsolidate compiler generated dependencies of target marker_interfacing__rosidl_typesupport_introspection_c__pyext[0m
[2.289s] [35m[1mConsolidate compiler generated dependencies of target marker_interfacing__rosidl_typesupport_c__pyext[0m
[2.345s] [ 97%] Built target marker_interfacing__rosidl_typesupport_fastrtps_c__pyext
[2.385s] [ 99%] Built target marker_interfacing__rosidl_typesupport_introspection_c__pyext
[2.385s] [100%] Built target marker_interfacing__rosidl_typesupport_c__pyext
[2.513s] running egg_info
[2.513s] writing marker_interfacing.egg-info/PKG-INFO
[2.513s] writing dependency_links to marker_interfacing.egg-info/dependency_links.txt
[2.513s] writing top-level names to marker_interfacing.egg-info/top_level.txt
[2.517s] reading manifest file 'marker_interfacing.egg-info/SOURCES.txt'
[2.519s] writing manifest file 'marker_interfacing.egg-info/SOURCES.txt'
[2.621s] [100%] Built target ament_cmake_python_build_marker_interfacing_egg
[2.655s] Invoked command in '/home/urc/new_GUI/build/marker_interfacing' returned '0': CMAKE_PREFIX_PATH=/home/urc/test_ws/install/turtle_test:/home/urc/test_ws/install/roslink_test:/home/urc/new_GUI/install/gui_window:/opt/ros/humble:${CMAKE_PREFIX_PATH} /usr/bin/cmake --build /home/urc/new_GUI/build/marker_interfacing -- -j4 -l4
[4.526s] Invoking command in '/home/urc/new_GUI/build/marker_interfacing': CMAKE_PREFIX_PATH=/home/urc/test_ws/install/turtle_test:/home/urc/test_ws/install/roslink_test:/home/urc/new_GUI/install/gui_window:/opt/ros/humble:${CMAKE_PREFIX_PATH} /usr/bin/cmake --install /home/urc/new_GUI/build/marker_interfacing
[4.706s] -- Install configuration: ""
[4.707s] -- Up-to-date: /home/urc/new_GUI/install/marker_interfacing/share/ament_index/resource_index/rosidl_interfaces/marker_interfacing
[4.707s] -- Up-to-date: /home/urc/new_GUI/install/marker_interfacing/include/marker_interfacing/marker_interfacing
[4.707s] -- Up-to-date: /home/urc/new_GUI/install/marker_interfacing/include/marker_interfacing/marker_interfacing/msg
[4.707s] -- Up-to-date: /home/urc/new_GUI/install/marker_interfacing/include/marker_interfacing/marker_interfacing/msg/geodetic_marker_list.h
[4.708s] -- Up-to-date: /home/urc/new_GUI/install/marker_interfacing/include/marker_interfacing/marker_interfacing/msg/rosidl_generator_c__visibility_control.h
[4.708s] -- Up-to-date: /home/urc/new_GUI/install/marker_interfacing/include/marker_interfacing/marker_interfacing/msg/detail
[4.709s] -- Up-to-date: /home/urc/new_GUI/install/marker_interfacing/include/marker_interfacing/marker_interfacing/msg/detail/geodetic_marker_list__type_support.h
[4.710s] -- Up-to-date: /home/urc/new_GUI/install/marker_interfacing/include/marker_interfacing/marker_interfacing/msg/detail/enu_marker__functions.h
[4.710s] -- Up-to-date: /home/urc/new_GUI/install/marker_interfacing/include/marker_interfacing/marker_interfacing/msg/detail/enu_marker__type_support.h
[4.710s] -- Up-to-date: /home/urc/new_GUI/install/marker_interfacing/include/marker_interfacing/marker_interfacing/msg/detail/geodetic_marker__type_support.h
[4.711s] -- Up-to-date: /home/urc/new_GUI/install/marker_interfacing/include/marker_interfacing/marker_interfacing/msg/detail/geodetic_marker_list__functions.c
[4.711s] -- Up-to-date: /home/urc/new_GUI/install/marker_interfacing/include/marker_interfacing/marker_interfacing/msg/detail/geodetic_marker__struct.h
[4.712s] -- Up-to-date: /home/urc/new_GUI/install/marker_interfacing/include/marker_interfacing/marker_interfacing/msg/detail/enu_marker__struct.h
[4.712s] -- Up-to-date: /home/urc/new_GUI/install/marker_interfacing/include/marker_interfacing/marker_interfacing/msg/detail/geodetic_marker__functions.c
[4.713s] -- Up-to-date: /home/urc/new_GUI/install/marker_interfacing/include/marker_interfacing/marker_interfacing/msg/detail/geodetic_marker_list__struct.h
[4.720s] -- Up-to-date: /home/urc/new_GUI/install/marker_interfacing/include/marker_interfacing/marker_interfacing/msg/detail/enu_marker__functions.c
[4.720s] -- Up-to-date: /home/urc/new_GUI/install/marker_interfacing/include/marker_interfacing/marker_interfacing/msg/detail/geodetic_marker__functions.h
[4.722s] -- Up-to-date: /home/urc/new_GUI/install/marker_interfacing/include/marker_interfacing/marker_interfacing/msg/detail/geodetic_marker_list__functions.h
[4.722s] -- Up-to-date: /home/urc/new_GUI/install/marker_interfacing/include/marker_interfacing/marker_interfacing/msg/geodetic_marker.h
[4.723s] -- Up-to-date: /home/urc/new_GUI/install/marker_interfacing/include/marker_interfacing/marker_interfacing/msg/enu_marker.h
[4.723s] -- Up-to-date: /home/urc/new_GUI/install/marker_interfacing/include/marker_interfacing/marker_interfacing/srv
[4.724s] -- Up-to-date: /home/urc/new_GUI/install/marker_interfacing/include/marker_interfacing/marker_interfacing/srv/publish_current_marker.h
[4.726s] -- Up-to-date: /home/urc/new_GUI/install/marker_interfacing/include/marker_interfacing/marker_interfacing/srv/reorder_marker.h
[4.726s] -- Up-to-date: /home/urc/new_GUI/install/marker_interfacing/include/marker_interfacing/marker_interfacing/srv/insert_marker.h
[4.726s] -- Up-to-date: /home/urc/new_GUI/install/marker_interfacing/include/marker_interfacing/marker_interfacing/srv/reorder_markers.h
[4.726s] -- Up-to-date: /home/urc/new_GUI/install/marker_interfacing/include/marker_interfacing/marker_interfacing/srv/remove_marker.h
[4.726s] -- Up-to-date: /home/urc/new_GUI/install/marker_interfacing/include/marker_interfacing/marker_interfacing/srv/edit_marker.h
[4.727s] -- Up-to-date: /home/urc/new_GUI/install/marker_interfacing/include/marker_interfacing/marker_interfacing/srv/detail
[4.727s] -- Up-to-date: /home/urc/new_GUI/install/marker_interfacing/include/marker_interfacing/marker_interfacing/srv/detail/insert_marker__struct.h
[4.727s] -- Up-to-date: /home/urc/new_GUI/install/marker_interfacing/include/marker_interfacing/marker_interfacing/srv/detail/remove_current_marker__struct.h
[4.732s] -- Up-to-date: /home/urc/new_GUI/install/marker_interfacing/include/marker_interfacing/marker_interfacing/srv/detail/reorder_marker__type_support.h
[4.733s] -- Up-to-date: /home/urc/new_GUI/install/marker_interfacing/include/marker_interfacing/marker_interfacing/srv/detail/publish_current_marker__struct.h
[4.733s] -- Up-to-date: /home/urc/new_GUI/install/marker_interfacing/include/marker_interfacing/marker_interfacing/srv/detail/reorder_marker__functions.h
[4.733s] -- Up-to-date: /home/urc/new_GUI/install/marker_interfacing/include/marker_interfacing/marker_interfacing/srv/detail/insert_marker__functions.c
[4.733s] -- Up-to-date: /home/urc/new_GUI/install/marker_interfacing/include/marker_interfacing/marker_interfacing/srv/detail/remove_current_marker__functions.c
[4.733s] -- Up-to-date: /home/urc/new_GUI/install/marker_interfacing/include/marker_interfacing/marker_interfacing/srv/detail/clear_markers__functions.c
[4.733s] -- Up-to-date: /home/urc/new_GUI/install/marker_interfacing/include/marker_interfacing/marker_interfacing/srv/detail/plan_home_marker__functions.h
[4.733s] -- Up-to-date: /home/urc/new_GUI/install/marker_interfacing/include/marker_interfacing/marker_interfacing/srv/detail/remove_marker__functions.c
[4.733s] -- Up-to-date: /home/urc/new_GUI/install/marker_interfacing/include/marker_interfacing/marker_interfacing/srv/detail/clear_markers__functions.h
[4.733s] -- Up-to-date: /home/urc/new_GUI/install/marker_interfacing/include/marker_interfacing/marker_interfacing/srv/detail/edit_marker__type_support.h
[4.733s] -- Up-to-date: /home/urc/new_GUI/install/marker_interfacing/include/marker_interfacing/marker_interfacing/srv/detail/reorder_marker__functions.c
[4.734s] -- Up-to-date: /home/urc/new_GUI/install/marker_interfacing/include/marker_interfacing/marker_interfacing/srv/detail/clear_markers__type_support.h
[4.734s] -- Up-to-date: /home/urc/new_GUI/install/marker_interfacing/include/marker_interfacing/marker_interfacing/srv/detail/edit_marker__functions.h
[4.734s] -- Up-to-date: /home/urc/new_GUI/install/marker_interfacing/include/marker_interfacing/marker_interfacing/srv/detail/publish_current_marker__type_support.h
[4.734s] -- Up-to-date: /home/urc/new_GUI/install/marker_interfacing/include/marker_interfacing/marker_interfacing/srv/detail/reorder_marker__struct.h
[4.734s] -- Up-to-date: /home/urc/new_GUI/install/marker_interfacing/include/marker_interfacing/marker_interfacing/srv/detail/reorder_markers__functions.h
[4.734s] -- Up-to-date: /home/urc/new_GUI/install/marker_interfacing/include/marker_interfacing/marker_interfacing/srv/detail/remove_marker__type_support.h
[4.734s] -- Up-to-date: /home/urc/new_GUI/install/marker_interfacing/include/marker_interfacing/marker_interfacing/srv/detail/add_marker__functions.h
[4.734s] -- Up-to-date: /home/urc/new_GUI/install/marker_interfacing/include/marker_interfacing/marker_interfacing/srv/detail/plan_home_marker__struct.h
[4.734s] -- Up-to-date: /home/urc/new_GUI/install/marker_interfacing/include/marker_interfacing/marker_interfacing/srv/detail/insert_marker__type_support.h
[4.735s] -- Up-to-date: /home/urc/new_GUI/install/marker_interfacing/include/marker_interfacing/marker_interfacing/srv/detail/add_marker__struct.h
[4.735s] -- Up-to-date: /home/urc/new_GUI/install/marker_interfacing/include/marker_interfacing/marker_interfacing/srv/detail/reorder_markers__type_support.h
[4.735s] -- Up-to-date: /home/urc/new_GUI/install/marker_interfacing/include/marker_interfacing/marker_interfacing/srv/detail/remove_current_marker__type_support.h
[4.735s] -- Up-to-date: /home/urc/new_GUI/install/marker_interfacing/include/marker_interfacing/marker_interfacing/srv/detail/clear_markers__struct.h
[4.735s] -- Up-to-date: /home/urc/new_GUI/install/marker_interfacing/include/marker_interfacing/marker_interfacing/srv/detail/edit_marker__struct.h
[4.735s] -- Up-to-date: /home/urc/new_GUI/install/marker_interfacing/include/marker_interfacing/marker_interfacing/srv/detail/publish_current_marker__functions.h
[4.735s] -- Up-to-date: /home/urc/new_GUI/install/marker_interfacing/include/marker_interfacing/marker_interfacing/srv/detail/remove_marker__struct.h
[4.735s] -- Up-to-date: /home/urc/new_GUI/install/marker_interfacing/include/marker_interfacing/marker_interfacing/srv/detail/insert_marker__functions.h
[4.735s] -- Up-to-date: /home/urc/new_GUI/install/marker_interfacing/include/marker_interfacing/marker_interfacing/srv/detail/reorder_markers__functions.c
[4.736s] -- Up-to-date: /home/urc/new_GUI/install/marker_interfacing/include/marker_interfacing/marker_interfacing/srv/detail/reorder_markers__struct.h
[4.736s] -- Up-to-date: /home/urc/new_GUI/install/marker_interfacing/include/marker_interfacing/marker_interfacing/srv/detail/add_marker__type_support.h
[4.736s] -- Up-to-date: /home/urc/new_GUI/install/marker_interfacing/include/marker_interfacing/marker_interfacing/srv/detail/plan_home_marker__functions.c
[4.736s] -- Up-to-date: /home/urc/new_GUI/install/marker_interfacing/include/marker_interfacing/marker_interfacing/srv/detail/add_marker__functions.c
[4.756s] -- Up-to-date: /home/urc/new_GUI/install/marker_interfacing/include/marker_interfacing/marker_interfacing/srv/detail/publish_current_marker__functions.c
[4.756s] -- Up-to-date: /home/urc/new_GUI/install/marker_interfacing/include/marker_interfacing/marker_interfacing/srv/detail/remove_current_marker__functions.h
[4.756s] -- Up-to-date: /home/urc/new_GUI/install/marker_interfacing/include/marker_interfacing/marker_interfacing/srv/detail/edit_marker__functions.c
[4.756s] -- Up-to-date: /home/urc/new_GUI/install/marker_interfacing/include/marker_interfacing/marker_interfacing/srv/detail/plan_home_marker__type_support.h
[4.759s] -- Up-to-date: /home/urc/new_GUI/install/marker_interfacing/include/marker_interfacing/marker_interfacing/srv/detail/remove_marker__functions.h
[4.759s] -- Up-to-date: /home/urc/new_GUI/install/marker_interfacing/include/marker_interfacing/marker_interfacing/srv/add_marker.h
[4.759s] -- Up-to-date: /home/urc/new_GUI/install/marker_interfacing/include/marker_interfacing/marker_interfacing/srv/clear_markers.h
[4.759s] -- Up-to-date: /home/urc/new_GUI/install/marker_interfacing/include/marker_interfacing/marker_interfacing/srv/plan_home_marker.h
[4.759s] -- Up-to-date: /home/urc/new_GUI/install/marker_interfacing/include/marker_interfacing/marker_interfacing/srv/remove_current_marker.h
[4.759s] -- Up-to-date: /home/urc/new_GUI/install/marker_interfacing/share/marker_interfacing/environment/library_path.sh
[4.759s] -- Up-to-date: /home/urc/new_GUI/install/marker_interfacing/share/marker_interfacing/environment/library_path.dsv
[4.766s] -- Up-to-date: /home/urc/new_GUI/install/marker_interfacing/lib/libmarker_interfacing__rosidl_generator_c.so
[4.766s] -- Up-to-date: /home/urc/new_GUI/install/marker_interfacing/include/marker_interfacing/marker_interfacing
[4.766s] -- Up-to-date: /home/urc/new_GUI/install/marker_interfacing/include/marker_interfacing/marker_interfacing/msg
[4.766s] -- Up-to-date: /home/urc/new_GUI/install/marker_interfacing/include/marker_interfacing/marker_interfacing/msg/rosidl_typesupport_fastrtps_c__visibility_control.h
[4.766s] -- Up-to-date: /home/urc/new_GUI/install/marker_interfacing/include/marker_interfacing/marker_interfacing/msg/detail
[4.766s] -- Up-to-date: /home/urc/new_GUI/install/marker_interfacing/include/marker_interfacing/marker_interfacing/msg/detail/geodetic_marker_list__rosidl_typesupport_fastrtps_c.h
[4.767s] -- Up-to-date: /home/urc/new_GUI/install/marker_interfacing/include/marker_interfacing/marker_interfacing/msg/detail/enu_marker__rosidl_typesupport_fastrtps_c.h
[4.767s] -- Up-to-date: /home/urc/new_GUI/install/marker_interfacing/include/marker_interfacing/marker_interfacing/msg/detail/geodetic_marker__rosidl_typesupport_fastrtps_c.h
[4.767s] -- Up-to-date: /home/urc/new_GUI/install/marker_interfacing/include/marker_interfacing/marker_interfacing/srv
[4.767s] -- Up-to-date: /home/urc/new_GUI/install/marker_interfacing/include/marker_interfacing/marker_interfacing/srv/detail
[4.767s] -- Up-to-date: /home/urc/new_GUI/install/marker_interfacing/include/marker_interfacing/marker_interfacing/srv/detail/edit_marker__rosidl_typesupport_fastrtps_c.h
[4.768s] -- Up-to-date: /home/urc/new_GUI/install/marker_interfacing/include/marker_interfacing/marker_interfacing/srv/detail/insert_marker__rosidl_typesupport_fastrtps_c.h
[4.768s] -- Up-to-date: /home/urc/new_GUI/install/marker_interfacing/include/marker_interfacing/marker_interfacing/srv/detail/plan_home_marker__rosidl_typesupport_fastrtps_c.h
[4.768s] -- Up-to-date: /home/urc/new_GUI/install/marker_interfacing/include/marker_interfacing/marker_interfacing/srv/detail/publish_current_marker__rosidl_typesupport_fastrtps_c.h
[4.768s] -- Up-to-date: /home/urc/new_GUI/install/marker_interfacing/include/marker_interfacing/marker_interfacing/srv/detail/remove_marker__rosidl_typesupport_fastrtps_c.h
[4.768s] -- Up-to-date: /home/urc/new_GUI/install/marker_interfacing/include/marker_interfacing/marker_interfacing/srv/detail/clear_markers__rosidl_typesupport_fastrtps_c.h
[4.768s] -- Up-to-date: /home/urc/new_GUI/install/marker_interfacing/include/marker_interfacing/marker_interfacing/srv/detail/remove_current_marker__rosidl_typesupport_fastrtps_c.h
[4.768s] -- Up-to-date: /home/urc/new_GUI/install/marker_interfacing/include/marker_interfacing/marker_interfacing/srv/detail/add_marker__rosidl_typesupport_fastrtps_c.h
[4.769s] -- Up-to-date: /home/urc/new_GUI/install/marker_interfacing/include/marker_interfacing/marker_interfacing/srv/detail/reorder_markers__rosidl_typesupport_fastrtps_c.h
[4.769s] -- Up-to-date: /home/urc/new_GUI/install/marker_interfacing/include/marker_interfacing/marker_interfacing/srv/detail/reorder_marker__rosidl_typesupport_fastrtps_c.h
[4.769s] -- Up-to-date: /home/urc/new_GUI/install/marker_interfacing/lib/libmarker_interfacing__rosidl_typesupport_fastrtps_c.so
[4.769s] -- Up-to-date: /home/urc/new_GUI/install/marker_interfacing/include/marker_interfacing/marker_interfacing
[4.769s] -- Up-to-date: /home/urc/new_GUI/install/marker_interfacing/include/marker_interfacing/marker_interfacing/msg
[4.772s] -- Up-to-date: /home/urc/new_GUI/install/marker_interfacing/include/marker_interfacing/marker_interfacing/msg/rosidl_typesupport_introspection_c__visibility_control.h
[4.776s] -- Up-to-date: /home/urc/new_GUI/install/marker_interfacing/include/marker_interfacing/marker_interfacing/msg/detail
[4.776s] -- Up-to-date: /home/urc/new_GUI/install/marker_interfacing/include/marker_interfacing/marker_interfacing/msg/detail/geodetic_marker__type_support.c
[4.776s] -- Up-to-date: /home/urc/new_GUI/install/marker_interfacing/include/marker_interfacing/marker_interfacing/msg/detail/enu_marker__rosidl_typesupport_introspection_c.h
[4.776s] -- Up-to-date: /home/urc/new_GUI/install/marker_interfacing/include/marker_interfacing/marker_interfacing/msg/detail/geodetic_marker__rosidl_typesupport_introspection_c.h
[4.776s] -- Up-to-date: /home/urc/new_GUI/install/marker_interfacing/include/marker_interfacing/marker_interfacing/msg/detail/enu_marker__type_support.c
[4.776s] -- Up-to-date: /home/urc/new_GUI/install/marker_interfacing/include/marker_interfacing/marker_interfacing/msg/detail/geodetic_marker_list__rosidl_typesupport_introspection_c.h
[4.777s] -- Up-to-date: /home/urc/new_GUI/install/marker_interfacing/include/marker_interfacing/marker_interfacing/msg/detail/geodetic_marker_list__type_support.c
[4.777s] -- Up-to-date: /home/urc/new_GUI/install/marker_interfacing/include/marker_interfacing/marker_interfacing/srv
[4.779s] -- Up-to-date: /home/urc/new_GUI/install/marker_interfacing/include/marker_interfacing/marker_interfacing/srv/detail
[4.779s] -- Up-to-date: /home/urc/new_GUI/install/marker_interfacing/include/marker_interfacing/marker_interfacing/srv/detail/reorder_marker__type_support.c
[4.782s] -- Up-to-date: /home/urc/new_GUI/install/marker_interfacing/include/marker_interfacing/marker_interfacing/srv/detail/reorder_markers__type_support.c
[4.796s] -- Up-to-date: /home/urc/new_GUI/install/marker_interfacing/include/marker_interfacing/marker_interfacing/srv/detail/insert_marker__type_support.c
[4.808s] -- Up-to-date: /home/urc/new_GUI/install/marker_interfacing/include/marker_interfacing/marker_interfacing/srv/detail/edit_marker__rosidl_typesupport_introspection_c.h
[4.808s] -- Up-to-date: /home/urc/new_GUI/install/marker_interfacing/include/marker_interfacing/marker_interfacing/srv/detail/reorder_markers__rosidl_typesupport_introspection_c.h
[4.810s] -- Up-to-date: /home/urc/new_GUI/install/marker_interfacing/include/marker_interfacing/marker_interfacing/srv/detail/plan_home_marker__rosidl_typesupport_introspection_c.h
[4.811s] -- Up-to-date: /home/urc/new_GUI/install/marker_interfacing/include/marker_interfacing/marker_interfacing/srv/detail/publish_current_marker__type_support.c
[4.812s] -- Up-to-date: /home/urc/new_GUI/install/marker_interfacing/include/marker_interfacing/marker_interfacing/srv/detail/remove_current_marker__type_support.c
[4.812s] -- Up-to-date: /home/urc/new_GUI/install/marker_interfacing/include/marker_interfacing/marker_interfacing/srv/detail/clear_markers__rosidl_typesupport_introspection_c.h
[4.812s] -- Up-to-date: /home/urc/new_GUI/install/marker_interfacing/include/marker_interfacing/marker_interfacing/srv/detail/publish_current_marker__rosidl_typesupport_introspection_c.h
[4.812s] -- Up-to-date: /home/urc/new_GUI/install/marker_interfacing/include/marker_interfacing/marker_interfacing/srv/detail/reorder_marker__rosidl_typesupport_introspection_c.h
[4.813s] -- Up-to-date: /home/urc/new_GUI/install/marker_interfacing/include/marker_interfacing/marker_interfacing/srv/detail/insert_marker__rosidl_typesupport_introspection_c.h
[4.813s] -- Up-to-date: /home/urc/new_GUI/install/marker_interfacing/include/marker_interfacing/marker_interfacing/srv/detail/add_marker__type_support.c
[4.813s] -- Up-to-date: /home/urc/new_GUI/install/marker_interfacing/include/marker_interfacing/marker_interfacing/srv/detail/edit_marker__type_support.c
[4.813s] -- Up-to-date: /home/urc/new_GUI/install/marker_interfacing/include/marker_interfacing/marker_interfacing/srv/detail/clear_markers__type_support.c
[4.813s] -- Up-to-date: /home/urc/new_GUI/install/marker_interfacing/include/marker_interfacing/marker_interfacing/srv/detail/remove_marker__rosidl_typesupport_introspection_c.h
[4.813s] -- Up-to-date: /home/urc/new_GUI/install/marker_interfacing/include/marker_interfacing/marker_interfacing/srv/detail/plan_home_marker__type_support.c
[4.813s] -- Up-to-date: /home/urc/new_GUI/install/marker_interfacing/include/marker_interfacing/marker_interfacing/srv/detail/add_marker__rosidl_typesupport_introspection_c.h
[4.813s] -- Up-to-date: /home/urc/new_GUI/install/marker_interfacing/include/marker_interfacing/marker_interfacing/srv/detail/remove_marker__type_support.c
[4.814s] -- Up-to-date: /home/urc/new_GUI/install/marker_interfacing/include/marker_interfacing/marker_interfacing/srv/detail/remove_current_marker__rosidl_typesupport_introspection_c.h
[4.814s] -- Up-to-date: /home/urc/new_GUI/install/marker_interfacing/lib/libmarker_interfacing__rosidl_typesupport_introspection_c.so
[4.814s] -- Up-to-date: /home/urc/new_GUI/install/marker_interfacing/lib/libmarker_interfacing__rosidl_typesupport_c.so
[4.814s] -- Up-to-date: /home/urc/new_GUI/install/marker_interfacing/include/marker_interfacing/marker_interfacing
[4.814s] -- Up-to-date: /home/urc/new_GUI/install/marker_interfacing/include/marker_interfacing/marker_interfacing/msg
[4.814s] -- Up-to-date: /home/urc/new_GUI/install/marker_interfacing/include/marker_interfacing/marker_interfacing/msg/enu_marker.hpp
[4.814s] -- Up-to-date: /home/urc/new_GUI/install/marker_interfacing/include/marker_interfacing/marker_interfacing/msg/geodetic_marker_list.hpp
[4.816s] -- Up-to-date: /home/urc/new_GUI/install/marker_interfacing/include/marker_interfacing/marker_interfacing/msg/detail
[4.816s] -- Up-to-date: /home/urc/new_GUI/install/marker_interfacing/include/marker_interfacing/marker_interfacing/msg/detail/geodetic_marker_list__traits.hpp
[4.816s] -- Up-to-date: /home/urc/new_GUI/install/marker_interfacing/include/marker_interfacing/marker_interfacing/msg/detail/geodetic_marker_list__struct.hpp
[4.816s] -- Up-to-date: /home/urc/new_GUI/install/marker_interfacing/include/marker_interfacing/marker_interfacing/msg/detail/enu_marker__traits.hpp
[4.816s] -- Up-to-date: /home/urc/new_GUI/install/marker_interfacing/include/marker_interfacing/marker_interfacing/msg/detail/geodetic_marker__struct.hpp
[4.816s] -- Up-to-date: /home/urc/new_GUI/install/marker_interfacing/include/marker_interfacing/marker_interfacing/msg/detail/enu_marker__builder.hpp
[4.816s] -- Up-to-date: /home/urc/new_GUI/install/marker_interfacing/include/marker_interfacing/marker_interfacing/msg/detail/geodetic_marker__builder.hpp
[4.817s] -- Up-to-date: /home/urc/new_GUI/install/marker_interfacing/include/marker_interfacing/marker_interfacing/msg/detail/geodetic_marker_list__builder.hpp
[4.817s] -- Up-to-date: /home/urc/new_GUI/install/marker_interfacing/include/marker_interfacing/marker_interfacing/msg/detail/enu_marker__struct.hpp
[4.822s] -- Up-to-date: /home/urc/new_GUI/install/marker_interfacing/include/marker_interfacing/marker_interfacing/msg/detail/geodetic_marker__traits.hpp
[4.822s] -- Up-to-date: /home/urc/new_GUI/install/marker_interfacing/include/marker_interfacing/marker_interfacing/msg/geodetic_marker.hpp
[4.822s] -- Up-to-date: /home/urc/new_GUI/install/marker_interfacing/include/marker_interfacing/marker_interfacing/srv
[4.822s] -- Up-to-date: /home/urc/new_GUI/install/marker_interfacing/include/marker_interfacing/marker_interfacing/srv/insert_marker.hpp
[4.822s] -- Up-to-date: /home/urc/new_GUI/install/marker_interfacing/include/marker_interfacing/marker_interfacing/srv/edit_marker.hpp
[4.822s] -- Up-to-date: /home/urc/new_GUI/install/marker_interfacing/include/marker_interfacing/marker_interfacing/srv/remove_marker.hpp
[4.822s] -- Up-to-date: /home/urc/new_GUI/install/marker_interfacing/include/marker_interfacing/marker_interfacing/srv/plan_home_marker.hpp
[4.823s] -- Up-to-date: /home/urc/new_GUI/install/marker_interfacing/include/marker_interfacing/marker_interfacing/srv/reorder_markers.hpp
[4.823s] -- Up-to-date: /home/urc/new_GUI/install/marker_interfacing/include/marker_interfacing/marker_interfacing/srv/publish_current_marker.hpp
[4.823s] -- Up-to-date: /home/urc/new_GUI/install/marker_interfacing/include/marker_interfacing/marker_interfacing/srv/reorder_marker.hpp
[4.823s] -- Up-to-date: /home/urc/new_GUI/install/marker_interfacing/include/marker_interfacing/marker_interfacing/srv/remove_current_marker.hpp
[4.823s] -- Up-to-date: /home/urc/new_GUI/install/marker_interfacing/include/marker_interfacing/marker_interfacing/srv/detail
[4.827s] -- Up-to-date: /home/urc/new_GUI/install/marker_interfacing/include/marker_interfacing/marker_interfacing/srv/detail/insert_marker__traits.hpp
[4.827s] -- Up-to-date: /home/urc/new_GUI/install/marker_interfacing/include/marker_interfacing/marker_interfacing/srv/detail/remove_marker__builder.hpp
[4.828s] -- Up-to-date: /home/urc/new_GUI/install/marker_interfacing/include/marker_interfacing/marker_interfacing/srv/detail/remove_current_marker__traits.hpp
[4.828s] -- Up-to-date: /home/urc/new_GUI/install/marker_interfacing/include/marker_interfacing/marker_interfacing/srv/detail/reorder_marker__struct.hpp
[4.832s] -- Up-to-date: /home/urc/new_GUI/install/marker_interfacing/include/marker_interfacing/marker_interfacing/srv/detail/remove_current_marker__struct.hpp
[4.834s] -- Up-to-date: /home/urc/new_GUI/install/marker_interfacing/include/marker_interfacing/marker_interfacing/srv/detail/remove_marker__struct.hpp
[4.834s] -- Up-to-date: /home/urc/new_GUI/install/marker_interfacing/include/marker_interfacing/marker_interfacing/srv/detail/reorder_markers__builder.hpp
[4.834s] -- Up-to-date: /home/urc/new_GUI/install/marker_interfacing/include/marker_interfacing/marker_interfacing/srv/detail/edit_marker__struct.hpp
[4.835s] -- Up-to-date: /home/urc/new_GUI/install/marker_interfacing/include/marker_interfacing/marker_interfacing/srv/detail/publish_current_marker__struct.hpp
[4.838s] -- Up-to-date: /home/urc/new_GUI/install/marker_interfacing/include/marker_interfacing/marker_interfacing/srv/detail/add_marker__traits.hpp
[4.838s] -- Up-to-date: /home/urc/new_GUI/install/marker_interfacing/include/marker_interfacing/marker_interfacing/srv/detail/add_marker__builder.hpp
[4.838s] -- Up-to-date: /home/urc/new_GUI/install/marker_interfacing/include/marker_interfacing/marker_interfacing/srv/detail/edit_marker__traits.hpp
[4.839s] -- Up-to-date: /home/urc/new_GUI/install/marker_interfacing/include/marker_interfacing/marker_interfacing/srv/detail/edit_marker__builder.hpp
[4.839s] -- Up-to-date: /home/urc/new_GUI/install/marker_interfacing/include/marker_interfacing/marker_interfacing/srv/detail/clear_markers__traits.hpp
[4.839s] -- Up-to-date: /home/urc/new_GUI/install/marker_interfacing/include/marker_interfacing/marker_interfacing/srv/detail/publish_current_marker__traits.hpp
[4.842s] -- Up-to-date: /home/urc/new_GUI/install/marker_interfacing/include/marker_interfacing/marker_interfacing/srv/detail/clear_markers__builder.hpp
[4.842s] -- Up-to-date: /home/urc/new_GUI/install/marker_interfacing/include/marker_interfacing/marker_interfacing/srv/detail/plan_home_marker__builder.hpp
[4.843s] -- Up-to-date: /home/urc/new_GUI/install/marker_interfacing/include/marker_interfacing/marker_interfacing/srv/detail/reorder_markers__struct.hpp
[4.843s] -- Up-to-date: /home/urc/new_GUI/install/marker_interfacing/include/marker_interfacing/marker_interfacing/srv/detail/reorder_markers__traits.hpp
[4.843s] -- Up-to-date: /home/urc/new_GUI/install/marker_interfacing/include/marker_interfacing/marker_interfacing/srv/detail/insert_marker__builder.hpp
[4.843s] -- Up-to-date: /home/urc/new_GUI/install/marker_interfacing/include/marker_interfacing/marker_interfacing/srv/detail/remove_current_marker__builder.hpp
[4.844s] -- Up-to-date: /home/urc/new_GUI/install/marker_interfacing/include/marker_interfacing/marker_interfacing/srv/detail/publish_current_marker__builder.hpp
[4.844s] -- Up-to-date: /home/urc/new_GUI/install/marker_interfacing/include/marker_interfacing/marker_interfacing/srv/detail/insert_marker__struct.hpp
[4.844s] -- Up-to-date: /home/urc/new_GUI/install/marker_interfacing/include/marker_interfacing/marker_interfacing/srv/detail/plan_home_marker__struct.hpp
[4.844s] -- Up-to-date: /home/urc/new_GUI/install/marker_interfacing/include/marker_interfacing/marker_interfacing/srv/detail/clear_markers__struct.hpp
[4.844s] -- Up-to-date: /home/urc/new_GUI/install/marker_interfacing/include/marker_interfacing/marker_interfacing/srv/detail/add_marker__struct.hpp
[4.844s] -- Up-to-date: /home/urc/new_GUI/install/marker_interfacing/include/marker_interfacing/marker_interfacing/srv/detail/plan_home_marker__traits.hpp
[4.845s] -- Up-to-date: /home/urc/new_GUI/install/marker_interfacing/include/marker_interfacing/marker_interfacing/srv/detail/reorder_marker__builder.hpp
[4.849s] -- Up-to-date: /home/urc/new_GUI/install/marker_interfacing/include/marker_interfacing/marker_interfacing/srv/detail/remove_marker__traits.hpp
[4.853s] -- Up-to-date: /home/urc/new_GUI/install/marker_interfacing/include/marker_interfacing/marker_interfacing/srv/detail/reorder_marker__traits.hpp
[4.853s] -- Up-to-date: /home/urc/new_GUI/install/marker_interfacing/include/marker_interfacing/marker_interfacing/srv/add_marker.hpp
[4.853s] -- Up-to-date: /home/urc/new_GUI/install/marker_interfacing/include/marker_interfacing/marker_interfacing/srv/clear_markers.hpp
[4.854s] -- Up-to-date: /home/urc/new_GUI/install/marker_interfacing/include/marker_interfacing/marker_interfacing
[4.854s] -- Up-to-date: /home/urc/new_GUI/install/marker_interfacing/include/marker_interfacing/marker_interfacing/msg
[4.854s] -- Up-to-date: /home/urc/new_GUI/install/marker_interfacing/include/marker_interfacing/marker_interfacing/msg/rosidl_typesupport_fastrtps_cpp__visibility_control.h
[4.854s] -- Up-to-date: /home/urc/new_GUI/install/marker_interfacing/include/marker_interfacing/marker_interfacing/msg/detail
[4.881s] -- Up-to-date: /home/urc/new_GUI/install/marker_interfacing/include/marker_interfacing/marker_interfacing/msg/detail/geodetic_marker__rosidl_typesupport_fastrtps_cpp.hpp
[4.882s] -- Up-to-date: /home/urc/new_GUI/install/marker_interfacing/include/marker_interfacing/marker_interfacing/msg/detail/geodetic_marker_list__rosidl_typesupport_fastrtps_cpp.hpp
[4.883s] -- Up-to-date: /home/urc/new_GUI/install/marker_interfacing/include/marker_interfacing/marker_interfacing/msg/detail/dds_fastrtps
[4.883s] -- Up-to-date: /home/urc/new_GUI/install/marker_interfacing/include/marker_interfacing/marker_interfacing/msg/detail/enu_marker__rosidl_typesupport_fastrtps_cpp.hpp
[4.884s] -- Up-to-date: /home/urc/new_GUI/install/marker_interfacing/include/marker_interfacing/marker_interfacing/srv
[4.885s] -- Up-to-date: /home/urc/new_GUI/install/marker_interfacing/include/marker_interfacing/marker_interfacing/srv/detail
[4.886s] -- Up-to-date: /home/urc/new_GUI/install/marker_interfacing/include/marker_interfacing/marker_interfacing/srv/detail/reorder_marker__rosidl_typesupport_fastrtps_cpp.hpp
[4.886s] -- Up-to-date: /home/urc/new_GUI/install/marker_interfacing/include/marker_interfacing/marker_interfacing/srv/detail/remove_marker__rosidl_typesupport_fastrtps_cpp.hpp
[4.886s] -- Up-to-date: /home/urc/new_GUI/install/marker_interfacing/include/marker_interfacing/marker_interfacing/srv/detail/remove_current_marker__rosidl_typesupport_fastrtps_cpp.hpp
[4.886s] -- Up-to-date: /home/urc/new_GUI/install/marker_interfacing/include/marker_interfacing/marker_interfacing/srv/detail/add_marker__rosidl_typesupport_fastrtps_cpp.hpp
[4.886s] -- Up-to-date: /home/urc/new_GUI/install/marker_interfacing/include/marker_interfacing/marker_interfacing/srv/detail/publish_current_marker__rosidl_typesupport_fastrtps_cpp.hpp
[4.886s] -- Up-to-date: /home/urc/new_GUI/install/marker_interfacing/include/marker_interfacing/marker_interfacing/srv/detail/insert_marker__rosidl_typesupport_fastrtps_cpp.hpp
[4.887s] -- Up-to-date: /home/urc/new_GUI/install/marker_interfacing/include/marker_interfacing/marker_interfacing/srv/detail/reorder_markers__rosidl_typesupport_fastrtps_cpp.hpp
[4.890s] -- Up-to-date: /home/urc/new_GUI/install/marker_interfacing/include/marker_interfacing/marker_interfacing/srv/detail/clear_markers__rosidl_typesupport_fastrtps_cpp.hpp
[4.891s] -- Up-to-date: /home/urc/new_GUI/install/marker_interfacing/include/marker_interfacing/marker_interfacing/srv/detail/dds_fastrtps
[4.891s] -- Up-to-date: /home/urc/new_GUI/install/marker_interfacing/include/marker_interfacing/marker_interfacing/srv/detail/edit_marker__rosidl_typesupport_fastrtps_cpp.hpp
[4.891s] -- Up-to-date: /home/urc/new_GUI/install/marker_interfacing/include/marker_interfacing/marker_interfacing/srv/detail/plan_home_marker__rosidl_typesupport_fastrtps_cpp.hpp
[4.891s] -- Up-to-date: /home/urc/new_GUI/install/marker_interfacing/lib/libmarker_interfacing__rosidl_typesupport_fastrtps_cpp.so
[4.891s] -- Up-to-date: /home/urc/new_GUI/install/marker_interfacing/include/marker_interfacing/marker_interfacing
[4.892s] -- Up-to-date: /home/urc/new_GUI/install/marker_interfacing/include/marker_interfacing/marker_interfacing/msg
[4.892s] -- Up-to-date: /home/urc/new_GUI/install/marker_interfacing/include/marker_interfacing/marker_interfacing/msg/detail
[4.892s] -- Up-to-date: /home/urc/new_GUI/install/marker_interfacing/include/marker_interfacing/marker_interfacing/msg/detail/geodetic_marker_list__type_support.cpp
[4.892s] -- Up-to-date: /home/urc/new_GUI/install/marker_interfacing/include/marker_interfacing/marker_interfacing/msg/detail/geodetic_marker__type_support.cpp
[4.892s] -- Up-to-date: /home/urc/new_GUI/install/marker_interfacing/include/marker_interfacing/marker_interfacing/msg/detail/geodetic_marker__rosidl_typesupport_introspection_cpp.hpp
[4.892s] -- Up-to-date: /home/urc/new_GUI/install/marker_interfacing/include/marker_interfacing/marker_interfacing/msg/detail/enu_marker__rosidl_typesupport_introspection_cpp.hpp
[4.893s] -- Up-to-date: /home/urc/new_GUI/install/marker_interfacing/include/marker_interfacing/marker_interfacing/msg/detail/enu_marker__type_support.cpp
[4.893s] -- Up-to-date: /home/urc/new_GUI/install/marker_interfacing/include/marker_interfacing/marker_interfacing/msg/detail/geodetic_marker_list__rosidl_typesupport_introspection_cpp.hpp
[4.894s] -- Up-to-date: /home/urc/new_GUI/install/marker_interfacing/include/marker_interfacing/marker_interfacing/srv
[4.894s] -- Up-to-date: /home/urc/new_GUI/install/marker_interfacing/include/marker_interfacing/marker_interfacing/srv/detail
[4.903s] -- Up-to-date: /home/urc/new_GUI/install/marker_interfacing/include/marker_interfacing/marker_interfacing/srv/detail/reorder_marker__type_support.cpp
[4.904s] -- Up-to-date: /home/urc/new_GUI/install/marker_interfacing/include/marker_interfacing/marker_interfacing/srv/detail/reorder_marker__rosidl_typesupport_introspection_cpp.hpp
[4.904s] -- Up-to-date: /home/urc/new_GUI/install/marker_interfacing/include/marker_interfacing/marker_interfacing/srv/detail/remove_current_marker__rosidl_typesupport_introspection_cpp.hpp
[4.904s] -- Up-to-date: /home/urc/new_GUI/install/marker_interfacing/include/marker_interfacing/marker_interfacing/srv/detail/reorder_markers__rosidl_typesupport_introspection_cpp.hpp
[4.904s] -- Up-to-date: /home/urc/new_GUI/install/marker_interfacing/include/marker_interfacing/marker_interfacing/srv/detail/clear_markers__rosidl_typesupport_introspection_cpp.hpp
[4.905s] -- Up-to-date: /home/urc/new_GUI/install/marker_interfacing/include/marker_interfacing/marker_interfacing/srv/detail/add_marker__rosidl_typesupport_introspection_cpp.hpp
[4.905s] -- Up-to-date: /home/urc/new_GUI/install/marker_interfacing/include/marker_interfacing/marker_interfacing/srv/detail/insert_marker__rosidl_typesupport_introspection_cpp.hpp
[4.908s] -- Up-to-date: /home/urc/new_GUI/install/marker_interfacing/include/marker_interfacing/marker_interfacing/srv/detail/edit_marker__rosidl_typesupport_introspection_cpp.hpp
[4.921s] -- Up-to-date: /home/urc/new_GUI/install/marker_interfacing/include/marker_interfacing/marker_interfacing/srv/detail/clear_markers__type_support.cpp
[4.921s] -- Up-to-date: /home/urc/new_GUI/install/marker_interfacing/include/marker_interfacing/marker_interfacing/srv/detail/insert_marker__type_support.cpp
[4.921s] -- Up-to-date: /home/urc/new_GUI/install/marker_interfacing/include/marker_interfacing/marker_interfacing/srv/detail/add_marker__type_support.cpp
[4.921s] -- Up-to-date: /home/urc/new_GUI/install/marker_interfacing/include/marker_interfacing/marker_interfacing/srv/detail/publish_current_marker__rosidl_typesupport_introspection_cpp.hpp
[4.921s] -- Up-to-date: /home/urc/new_GUI/install/marker_interfacing/include/marker_interfacing/marker_interfacing/srv/detail/edit_marker__type_support.cpp
[4.921s] -- Up-to-date: /home/urc/new_GUI/install/marker_interfacing/include/marker_interfacing/marker_interfacing/srv/detail/remove_marker__rosidl_typesupport_introspection_cpp.hpp
[4.921s] -- Up-to-date: /home/urc/new_GUI/install/marker_interfacing/include/marker_interfacing/marker_interfacing/srv/detail/reorder_markers__type_support.cpp
[4.921s] -- Up-to-date: /home/urc/new_GUI/install/marker_interfacing/include/marker_interfacing/marker_interfacing/srv/detail/plan_home_marker__type_support.cpp
[4.921s] -- Up-to-date: /home/urc/new_GUI/install/marker_interfacing/include/marker_interfacing/marker_interfacing/srv/detail/publish_current_marker__type_support.cpp
[4.922s] -- Up-to-date: /home/urc/new_GUI/install/marker_interfacing/include/marker_interfacing/marker_interfacing/srv/detail/remove_marker__type_support.cpp
[4.922s] -- Up-to-date: /home/urc/new_GUI/install/marker_interfacing/include/marker_interfacing/marker_interfacing/srv/detail/remove_current_marker__type_support.cpp
[4.922s] -- Up-to-date: /home/urc/new_GUI/install/marker_interfacing/include/marker_interfacing/marker_interfacing/srv/detail/plan_home_marker__rosidl_typesupport_introspection_cpp.hpp
[4.922s] -- Up-to-date: /home/urc/new_GUI/install/marker_interfacing/lib/libmarker_interfacing__rosidl_typesupport_introspection_cpp.so
[4.922s] -- Up-to-date: /home/urc/new_GUI/install/marker_interfacing/lib/libmarker_interfacing__rosidl_typesupport_cpp.so
[4.922s] -- Up-to-date: /home/urc/new_GUI/install/marker_interfacing/share/marker_interfacing/environment/pythonpath.sh
[4.927s] -- Up-to-date: /home/urc/new_GUI/install/marker_interfacing/share/marker_interfacing/environment/pythonpath.dsv
[4.927s] -- Up-to-date: /home/urc/new_GUI/install/marker_interfacing/local/lib/python3.10/dist-packages/marker_interfacing-0.0.0-py3.10.egg-info
[4.927s] -- Installing: /home/urc/new_GUI/install/marker_interfacing/local/lib/python3.10/dist-packages/marker_interfacing-0.0.0-py3.10.egg-info/PKG-INFO
[4.927s] -- Installing: /home/urc/new_GUI/install/marker_interfacing/local/lib/python3.10/dist-packages/marker_interfacing-0.0.0-py3.10.egg-info/dependency_links.txt
[4.927s] -- Installing: /home/urc/new_GUI/install/marker_interfacing/local/lib/python3.10/dist-packages/marker_interfacing-0.0.0-py3.10.egg-info/top_level.txt
[4.928s] -- Installing: /home/urc/new_GUI/install/marker_interfacing/local/lib/python3.10/dist-packages/marker_interfacing-0.0.0-py3.10.egg-info/SOURCES.txt
[4.928s] -- Up-to-date: /home/urc/new_GUI/install/marker_interfacing/local/lib/python3.10/dist-packages/marker_interfacing
[4.928s] -- Up-to-date: /home/urc/new_GUI/install/marker_interfacing/local/lib/python3.10/dist-packages/marker_interfacing/libmarker_interfacing__rosidl_generator_py.so
[4.929s] -- Up-to-date: /home/urc/new_GUI/install/marker_interfacing/local/lib/python3.10/dist-packages/marker_interfacing/marker_interfacing_s__rosidl_typesupport_c.cpython-310-x86_64-linux-gnu.so
[4.929s] -- Up-to-date: /home/urc/new_GUI/install/marker_interfacing/local/lib/python3.10/dist-packages/marker_interfacing/_marker_interfacing_s.ep.rosidl_typesupport_fastrtps_c.c
[4.930s] -- Up-to-date: /home/urc/new_GUI/install/marker_interfacing/local/lib/python3.10/dist-packages/marker_interfacing/msg
[4.930s] -- Up-to-date: /home/urc/new_GUI/install/marker_interfacing/local/lib/python3.10/dist-packages/marker_interfacing/msg/_enu_marker.py
[4.930s] -- Up-to-date: /home/urc/new_GUI/install/marker_interfacing/local/lib/python3.10/dist-packages/marker_interfacing/msg/_enu_marker_s.c
[4.930s] -- Up-to-date: /home/urc/new_GUI/install/marker_interfacing/local/lib/python3.10/dist-packages/marker_interfacing/msg/_geodetic_marker_s.c
[4.930s] -- Up-to-date: /home/urc/new_GUI/install/marker_interfacing/local/lib/python3.10/dist-packages/marker_interfacing/msg/__init__.py
[4.930s] -- Up-to-date: /home/urc/new_GUI/install/marker_interfacing/local/lib/python3.10/dist-packages/marker_interfacing/msg/_geodetic_marker.py
[4.930s] -- Up-to-date: /home/urc/new_GUI/install/marker_interfacing/local/lib/python3.10/dist-packages/marker_interfacing/msg/_geodetic_marker_list_s.c
[4.931s] -- Up-to-date: /home/urc/new_GUI/install/marker_interfacing/local/lib/python3.10/dist-packages/marker_interfacing/msg/_geodetic_marker_list.py
[4.931s] -- Up-to-date: /home/urc/new_GUI/install/marker_interfacing/local/lib/python3.10/dist-packages/marker_interfacing/__init__.py
[4.931s] -- Up-to-date: /home/urc/new_GUI/install/marker_interfacing/local/lib/python3.10/dist-packages/marker_interfacing/_marker_interfacing_s.ep.rosidl_typesupport_introspection_c.c
[4.932s] -- Up-to-date: /home/urc/new_GUI/install/marker_interfacing/local/lib/python3.10/dist-packages/marker_interfacing/marker_interfacing_s__rosidl_typesupport_introspection_c.cpython-310-x86_64-linux-gnu.so
[4.932s] -- Up-to-date: /home/urc/new_GUI/install/marker_interfacing/local/lib/python3.10/dist-packages/marker_interfacing/srv
[4.939s] -- Up-to-date: /home/urc/new_GUI/install/marker_interfacing/local/lib/python3.10/dist-packages/marker_interfacing/srv/_remove_current_marker.py
[4.941s] -- Up-to-date: /home/urc/new_GUI/install/marker_interfacing/local/lib/python3.10/dist-packages/marker_interfacing/srv/_add_marker_s.c
[4.941s] -- Up-to-date: /home/urc/new_GUI/install/marker_interfacing/local/lib/python3.10/dist-packages/marker_interfacing/srv/_plan_home_marker_s.c
[4.942s] -- Up-to-date: /home/urc/new_GUI/install/marker_interfacing/local/lib/python3.10/dist-packages/marker_interfacing/srv/_remove_marker.py
[4.942s] -- Up-to-date: /home/urc/new_GUI/install/marker_interfacing/local/lib/python3.10/dist-packages/marker_interfacing/srv/_insert_marker.py
[4.942s] -- Up-to-date: /home/urc/new_GUI/install/marker_interfacing/local/lib/python3.10/dist-packages/marker_interfacing/srv/_remove_marker_s.c
[4.942s] -- Up-to-date: /home/urc/new_GUI/install/marker_interfacing/local/lib/python3.10/dist-packages/marker_interfacing/srv/__init__.py
[4.942s] -- Up-to-date: /home/urc/new_GUI/install/marker_interfacing/local/lib/python3.10/dist-packages/marker_interfacing/srv/_remove_current_marker_s.c
[4.942s] -- Up-to-date: /home/urc/new_GUI/install/marker_interfacing/local/lib/python3.10/dist-packages/marker_interfacing/srv/_clear_markers.py
[4.943s] -- Up-to-date: /home/urc/new_GUI/install/marker_interfacing/local/lib/python3.10/dist-packages/marker_interfacing/srv/_add_marker.py
[4.943s] -- Up-to-date: /home/urc/new_GUI/install/marker_interfacing/local/lib/python3.10/dist-packages/marker_interfacing/srv/_clear_markers_s.c
[4.943s] -- Up-to-date: /home/urc/new_GUI/install/marker_interfacing/local/lib/python3.10/dist-packages/marker_interfacing/srv/_publish_current_marker.py
[4.943s] -- Up-to-date: /home/urc/new_GUI/install/marker_interfacing/local/lib/python3.10/dist-packages/marker_interfacing/srv/_reorder_markers.py
[4.943s] -- Up-to-date: /home/urc/new_GUI/install/marker_interfacing/local/lib/python3.10/dist-packages/marker_interfacing/srv/_reorder_marker.py
[4.943s] -- Up-to-date: /home/urc/new_GUI/install/marker_interfacing/local/lib/python3.10/dist-packages/marker_interfacing/srv/_publish_current_marker_s.c
[4.943s] -- Up-to-date: /home/urc/new_GUI/install/marker_interfacing/local/lib/python3.10/dist-packages/marker_interfacing/srv/_insert_marker_s.c
[4.943s] -- Up-to-date: /home/urc/new_GUI/install/marker_interfacing/local/lib/python3.10/dist-packages/marker_interfacing/srv/_edit_marker.py
[4.944s] -- Up-to-date: /home/urc/new_GUI/install/marker_interfacing/local/lib/python3.10/dist-packages/marker_interfacing/srv/_plan_home_marker.py
[4.944s] -- Up-to-date: /home/urc/new_GUI/install/marker_interfacing/local/lib/python3.10/dist-packages/marker_interfacing/srv/_reorder_marker_s.c
[4.944s] -- Up-to-date: /home/urc/new_GUI/install/marker_interfacing/local/lib/python3.10/dist-packages/marker_interfacing/srv/_edit_marker_s.c
[4.944s] -- Up-to-date: /home/urc/new_GUI/install/marker_interfacing/local/lib/python3.10/dist-packages/marker_interfacing/srv/_reorder_markers_s.c
[4.944s] -- Up-to-date: /home/urc/new_GUI/install/marker_interfacing/local/lib/python3.10/dist-packages/marker_interfacing/marker_interfacing_s__rosidl_typesupport_fastrtps_c.cpython-310-x86_64-linux-gnu.so
[4.944s] -- Up-to-date: /home/urc/new_GUI/install/marker_interfacing/local/lib/python3.10/dist-packages/marker_interfacing/_marker_interfacing_s.ep.rosidl_typesupport_c.c
[5.027s] Listing '/home/urc/new_GUI/install/marker_interfacing/local/lib/python3.10/dist-packages/marker_interfacing'...
[5.027s] Listing '/home/urc/new_GUI/install/marker_interfacing/local/lib/python3.10/dist-packages/marker_interfacing/msg'...
[5.027s] Listing '/home/urc/new_GUI/install/marker_interfacing/local/lib/python3.10/dist-packages/marker_interfacing/srv'...
[5.027s] -- Up-to-date: /home/urc/new_GUI/install/marker_interfacing/local/lib/python3.10/dist-packages/marker_interfacing/marker_interfacing_s__rosidl_typesupport_fastrtps_c.cpython-310-x86_64-linux-gnu.so
[5.033s] -- Up-to-date: /home/urc/new_GUI/install/marker_interfacing/local/lib/python3.10/dist-packages/marker_interfacing/marker_interfacing_s__rosidl_typesupport_introspection_c.cpython-310-x86_64-linux-gnu.so
[5.042s] -- Up-to-date: /home/urc/new_GUI/install/marker_interfacing/local/lib/python3.10/dist-packages/marker_interfacing/marker_interfacing_s__rosidl_typesupport_c.cpython-310-x86_64-linux-gnu.so
[5.043s] -- Up-to-date: /home/urc/new_GUI/install/marker_interfacing/lib/libmarker_interfacing__rosidl_generator_py.so
[5.043s] -- Up-to-date: /home/urc/new_GUI/install/marker_interfacing/share/marker_interfacing/msg/ENUMarker.idl
[5.043s] -- Up-to-date: /home/urc/new_GUI/install/marker_interfacing/share/marker_interfacing/msg/GeodeticMarker.idl
[5.043s] -- Up-to-date: /home/urc/new_GUI/install/marker_interfacing/share/marker_interfacing/msg/GeodeticMarkerList.idl
[5.043s] -- Up-to-date: /home/urc/new_GUI/install/marker_interfacing/share/marker_interfacing/srv/AddMarker.idl
[5.043s] -- Up-to-date: /home/urc/new_GUI/install/marker_interfacing/share/marker_interfacing/srv/ClearMarkers.idl
[5.043s] -- Up-to-date: /home/urc/new_GUI/install/marker_interfacing/share/marker_interfacing/srv/EditMarker.idl
[5.043s] -- Up-to-date: /home/urc/new_GUI/install/marker_interfacing/share/marker_interfacing/srv/InsertMarker.idl
[5.043s] -- Up-to-date: /home/urc/new_GUI/install/marker_interfacing/share/marker_interfacing/srv/PlanHomeMarker.idl
[5.043s] -- Up-to-date: /home/urc/new_GUI/install/marker_interfacing/share/marker_interfacing/srv/PublishCurrentMarker.idl
[5.044s] -- Up-to-date: /home/urc/new_GUI/install/marker_interfacing/share/marker_interfacing/srv/RemoveCurrentMarker.idl
[5.044s] -- Up-to-date: /home/urc/new_GUI/install/marker_interfacing/share/marker_interfacing/srv/RemoveMarker.idl
[5.044s] -- Up-to-date: /home/urc/new_GUI/install/marker_interfacing/share/marker_interfacing/srv/ReorderMarker.idl
[5.050s] -- Up-to-date: /home/urc/new_GUI/install/marker_interfacing/share/marker_interfacing/srv/ReorderMarkers.idl
[5.050s] -- Up-to-date: /home/urc/new_GUI/install/marker_interfacing/share/marker_interfacing/msg/ENUMarker.msg
[5.050s] -- Up-to-date: /home/urc/new_GUI/install/marker_interfacing/share/marker_interfacing/msg/GeodeticMarker.msg
[5.058s] -- Up-to-date: /home/urc/new_GUI/install/marker_interfacing/share/marker_interfacing/msg/GeodeticMarkerList.msg
[5.058s] -- Up-to-date: /home/urc/new_GUI/install/marker_interfacing/share/marker_interfacing/srv/AddMarker.srv
[5.059s] -- Up-to-date: /home/urc/new_GUI/install/marker_interfacing/share/marker_interfacing/srv/AddMarker_Request.msg
[5.060s] -- Up-to-date: /home/urc/new_GUI/install/marker_interfacing/share/marker_interfacing/srv/AddMarker_Response.msg
[5.061s] -- Up-to-date: /home/urc/new_GUI/install/marker_interfacing/share/marker_interfacing/srv/ClearMarkers.srv
[5.061s] -- Up-to-date: /home/urc/new_GUI/install/marker_interfacing/share/marker_interfacing/srv/ClearMarkers_Request.msg
[5.061s] -- Up-to-date: /home/urc/new_GUI/install/marker_interfacing/share/marker_interfacing/srv/ClearMarkers_Response.msg
[5.062s] -- Up-to-date: /home/urc/new_GUI/install/marker_interfacing/share/marker_interfacing/srv/EditMarker.srv
[5.062s] -- Up-to-date: /home/urc/new_GUI/install/marker_interfacing/share/marker_interfacing/srv/EditMarker_Request.msg
[5.062s] -- Up-to-date: /home/urc/new_GUI/install/marker_interfacing/share/marker_interfacing/srv/EditMarker_Response.msg
[5.062s] -- Up-to-date: /home/urc/new_GUI/install/marker_interfacing/share/marker_interfacing/srv/InsertMarker.srv
[5.062s] -- Up-to-date: /home/urc/new_GUI/install/marker_interfacing/share/marker_interfacing/srv/InsertMarker_Request.msg
[5.062s] -- Up-to-date: /home/urc/new_GUI/install/marker_interfacing/share/marker_interfacing/srv/InsertMarker_Response.msg
[5.062s] -- Up-to-date: /home/urc/new_GUI/install/marker_interfacing/share/marker_interfacing/srv/PlanHomeMarker.srv
[5.063s] -- Up-to-date: /home/urc/new_GUI/install/marker_interfacing/share/marker_interfacing/srv/PlanHomeMarker_Request.msg
[5.063s] -- Up-to-date: /home/urc/new_GUI/install/marker_interfacing/share/marker_interfacing/srv/PlanHomeMarker_Response.msg
[5.063s] -- Up-to-date: /home/urc/new_GUI/install/marker_interfacing/share/marker_interfacing/srv/PublishCurrentMarker.srv
[5.063s] -- Up-to-date: /home/urc/new_GUI/install/marker_interfacing/share/marker_interfacing/srv/PublishCurrentMarker_Request.msg
[5.064s] -- Up-to-date: /home/urc/new_GUI/install/marker_interfacing/share/marker_interfacing/srv/PublishCurrentMarker_Response.msg
[5.064s] -- Up-to-date: /home/urc/new_GUI/install/marker_interfacing/share/marker_interfacing/srv/RemoveCurrentMarker.srv
[5.064s] -- Up-to-date: /home/urc/new_GUI/install/marker_interfacing/share/marker_interfacing/srv/RemoveCurrentMarker_Request.msg
[5.064s] -- Up-to-date: /home/urc/new_GUI/install/marker_interfacing/share/marker_interfacing/srv/RemoveCurrentMarker_Response.msg
[5.067s] -- Up-to-date: /home/urc/new_GUI/install/marker_interfacing/share/marker_interfacing/srv/RemoveMarker.srv
[5.067s] -- Up-to-date: /home/urc/new_GUI/install/marker_interfacing/share/marker_interfacing/srv/RemoveMarker_Request.msg
[5.067s] -- Up-to-date: /home/urc/new_GUI/install/marker_interfacing/share/marker_interfacing/srv/RemoveMarker_Response.msg
[5.068s] -- Up-to-date: /home/urc/new_GUI/install/marker_interfacing/share/marker_interfacing/srv/ReorderMarker.srv
[5.068s] -- Up-to-date: /home/urc/new_GUI/install/marker_interfacing/share/marker_interfacing/srv/ReorderMarker_Request.msg
[5.068s] -- Up-to-date: /home/urc/new_GUI/install/marker_interfacing/share/marker_interfacing/srv/ReorderMarker_Response.msg
[5.068s] -- Up-to-date: /home/urc/new_GUI/install/marker_interfacing/share/marker_interfacing/srv/ReorderMarkers.srv
[5.068s] -- Up-to-date: /home/urc/new_GUI/install/marker_interfacing/share/marker_interfacing/srv/ReorderMarkers_Request.msg
[5.069s] -- Up-to-date: /home/urc/new_GUI/install/marker_interfacing/share/marker_interfacing/srv/ReorderMarkers_Response.msg
[5.069s] -- Up-to-date: /home/urc/new_GUI/install/marker_interfacing/share/ament_index/resource_index/package_run_dependencies/marker_interfacing
[5.069s] -- Up-to-date: /home/urc/new_GUI/install/marker_interfacing/share/ament_index/resource_index/parent_prefix_path/marker_interfacing
[5.070s] -- Up-to-date: /home/urc/new_GUI/install/marker_interfacing/share/marker_interfacing/environment/ament_prefix_path.sh
[5.071s] -- Up-to-date: /home/urc/new_GUI/install/marker_interfacing/share/marker_interfacing/environment/ament_prefix_path.dsv
[5.072s] -- Up-to-date: /home/urc/new_GUI/install/marker_interfacing/share/marker_interfacing/environment/path.sh
[5.072s] -- Up-to-date: /home/urc/new_GUI/install/marker_interfacing/share/marker_interfacing/environment/path.dsv
[5.074s] -- Up-to-date: /home/urc/new_GUI/install/marker_interfacing/share/marker_interfacing/local_setup.bash
[5.074s] -- Up-to-date: /home/urc/new_GUI/install/marker_interfacing/share/marker_interfacing/local_setup.sh
[5.074s] -- Up-to-date: /home/urc/new_GUI/install/marker_interfacing/share/marker_interfacing/local_setup.zsh
[5.075s] -- Up-to-date: /home/urc/new_GUI/install/marker_interfacing/share/marker_interfacing/local_setup.dsv
[5.075s] -- Installing: /home/urc/new_GUI/install/marker_interfacing/share/marker_interfacing/package.dsv
[5.077s] -- Up-to-date: /home/urc/new_GUI/install/marker_interfacing/share/ament_index/resource_index/packages/marker_interfacing
[5.082s] -- Up-to-date: /home/urc/new_GUI/install/marker_interfacing/share/marker_interfacing/cmake/export_marker_interfacing__rosidl_generator_cExport.cmake
[5.083s] -- Up-to-date: /home/urc/new_GUI/install/marker_interfacing/share/marker_interfacing/cmake/export_marker_interfacing__rosidl_generator_cExport-noconfig.cmake
[5.089s] -- Up-to-date: /home/urc/new_GUI/install/marker_interfacing/share/marker_interfacing/cmake/export_marker_interfacing__rosidl_typesupport_fastrtps_cExport.cmake
[5.089s] -- Up-to-date: /home/urc/new_GUI/install/marker_interfacing/share/marker_interfacing/cmake/export_marker_interfacing__rosidl_typesupport_fastrtps_cExport-noconfig.cmake
[5.093s] -- Up-to-date: /home/urc/new_GUI/install/marker_interfacing/share/marker_interfacing/cmake/marker_interfacing__rosidl_typesupport_introspection_cExport.cmake
[5.094s] -- Up-to-date: /home/urc/new_GUI/install/marker_interfacing/share/marker_interfacing/cmake/marker_interfacing__rosidl_typesupport_introspection_cExport-noconfig.cmake
[5.098s] -- Up-to-date: /home/urc/new_GUI/install/marker_interfacing/share/marker_interfacing/cmake/marker_interfacing__rosidl_typesupport_cExport.cmake
[5.098s] -- Up-to-date: /home/urc/new_GUI/install/marker_interfacing/share/marker_interfacing/cmake/marker_interfacing__rosidl_typesupport_cExport-noconfig.cmake
[5.100s] -- Up-to-date: /home/urc/new_GUI/install/marker_interfacing/share/marker_interfacing/cmake/export_marker_interfacing__rosidl_generator_cppExport.cmake
[5.101s] -- Up-to-date: /home/urc/new_GUI/install/marker_interfacing/share/marker_interfacing/cmake/export_marker_interfacing__rosidl_typesupport_fastrtps_cppExport.cmake
[5.101s] -- Up-to-date: /home/urc/new_GUI/install/marker_interfacing/share/marker_interfacing/cmake/export_marker_interfacing__rosidl_typesupport_fastrtps_cppExport-noconfig.cmake
[5.109s] -- Up-to-date: /home/urc/new_GUI/install/marker_interfacing/share/marker_interfacing/cmake/marker_interfacing__rosidl_typesupport_introspection_cppExport.cmake
[5.109s] -- Up-to-date: /home/urc/new_GUI/install/marker_interfacing/share/marker_interfacing/cmake/marker_interfacing__rosidl_typesupport_introspection_cppExport-noconfig.cmake
[5.112s] -- Up-to-date: /home/urc/new_GUI/install/marker_interfacing/share/marker_interfacing/cmake/marker_interfacing__rosidl_typesupport_cppExport.cmake
[5.117s] -- Up-to-date: /home/urc/new_GUI/install/marker_interfacing/share/marker_interfacing/cmake/marker_interfacing__rosidl_typesupport_cppExport-noconfig.cmake
[5.118s] -- Up-to-date: /home/urc/new_GUI/install/marker_interfacing/share/marker_interfacing/cmake/export_marker_interfacing__rosidl_generator_pyExport.cmake
[5.118s] -- Up-to-date: /home/urc/new_GUI/install/marker_interfacing/share/marker_interfacing/cmake/export_marker_interfacing__rosidl_generator_pyExport-noconfig.cmake
[5.118s] -- Up-to-date: /home/urc/new_GUI/install/marker_interfacing/share/marker_interfacing/cmake/rosidl_cmake-extras.cmake
[5.119s] -- Up-to-date: /home/urc/new_GUI/install/marker_interfacing/share/marker_interfacing/cmake/ament_cmake_export_dependencies-extras.cmake
[5.119s] -- Up-to-date: /home/urc/new_GUI/install/marker_interfacing/share/marker_interfacing/cmake/ament_cmake_export_include_directories-extras.cmake
[5.119s] -- Up-to-date: /home/urc/new_GUI/install/marker_interfacing/share/marker_interfacing/cmake/ament_cmake_export_libraries-extras.cmake
[5.119s] -- Up-to-date: /home/urc/new_GUI/install/marker_interfacing/share/marker_interfacing/cmake/ament_cmake_export_targets-extras.cmake
[5.120s] -- Up-to-date: /home/urc/new_GUI/install/marker_interfacing/share/marker_interfacing/cmake/rosidl_cmake_export_typesupport_targets-extras.cmake
[5.120s] -- Up-to-date: /home/urc/new_GUI/install/marker_interfacing/share/marker_interfacing/cmake/rosidl_cmake_export_typesupport_libraries-extras.cmake
[5.120s] -- Up-to-date: /home/urc/new_GUI/install/marker_interfacing/share/marker_interfacing/cmake/marker_interfacingConfig.cmake
[5.120s] -- Up-to-date: /home/urc/new_GUI/install/marker_interfacing/share/marker_interfacing/cmake/marker_interfacingConfig-version.cmake
[5.120s] -- Up-to-date: /home/urc/new_GUI/install/marker_interfacing/share/marker_interfacing/package.xml
[5.447s] Invoked command in '/home/urc/new_GUI/build/marker_interfacing' returned '0': CMAKE_PREFIX_PATH=/home/urc/test_ws/install/turtle_test:/home/urc/test_ws/install/roslink_test:/home/urc/new_GUI/install/gui_window:/opt/ros/humble:${CMAKE_PREFIX_PATH} /usr/bin/cmake --install /home/urc/new_GUI/build/marker_interfacing
