[2.306s] Invoking command in '/home/urc/new-GUI/src/gui_window': PYTHONPATH=/home/urc/new-GUI/build/gui_window/prefix_override:/home/urc/new-GUI/install/gui_window/lib/python3.10/site-packages:${PYTHONPATH} /usr/bin/python3 setup.py egg_info --egg-base ../../build/gui_window build --build-base /home/urc/new-GUI/build/gui_window/build install --record /home/urc/new-GUI/build/gui_window/install.log --single-version-externally-managed
[3.128s] running egg_info
[3.131s] writing ../../build/gui_window/gui_window.egg-info/PKG-INFO
[3.131s] writing dependency_links to ../../build/gui_window/gui_window.egg-info/dependency_links.txt
[3.132s] writing entry points to ../../build/gui_window/gui_window.egg-info/entry_points.txt
[3.132s] writing requirements to ../../build/gui_window/gui_window.egg-info/requires.txt
[3.132s] writing top-level names to ../../build/gui_window/gui_window.egg-info/top_level.txt
[3.136s] reading manifest file '../../build/gui_window/gui_window.egg-info/SOURCES.txt'
[3.141s] writing manifest file '../../build/gui_window/gui_window.egg-info/SOURCES.txt'
[3.141s] running build
[3.142s] running build_py
[3.142s] copying gui_window/current_display_widget.py -> /home/urc/new-GUI/build/gui_window/build/lib/gui_window
[3.142s] copying gui_window/main.py -> /home/urc/new-GUI/build/gui_window/build/lib/gui_window
[3.149s] running install
[3.149s] running install_lib
[3.153s] copying /home/urc/new-GUI/build/gui_window/build/lib/gui_window/current_display_widget.py -> /home/urc/new-GUI/install/gui_window/lib/python3.10/site-packages/gui_window
[3.154s] copying /home/urc/new-GUI/build/gui_window/build/lib/gui_window/main.py -> /home/urc/new-GUI/install/gui_window/lib/python3.10/site-packages/gui_window
[3.159s] byte-compiling /home/urc/new-GUI/install/gui_window/lib/python3.10/site-packages/gui_window/current_display_widget.py to current_display_widget.cpython-310.pyc
[3.160s] byte-compiling /home/urc/new-GUI/install/gui_window/lib/python3.10/site-packages/gui_window/main.py to main.cpython-310.pyc
[3.161s] running install_data
[3.162s] running install_egg_info
[3.171s] removing '/home/urc/new-GUI/install/gui_window/lib/python3.10/site-packages/gui_window-0.0.0-py3.10.egg-info' (and everything under it)
[3.172s] Copying ../../build/gui_window/gui_window.egg-info to /home/urc/new-GUI/install/gui_window/lib/python3.10/site-packages/gui_window-0.0.0-py3.10.egg-info
[3.173s] running install_scripts
[3.237s] Installing gui script to /home/urc/new-GUI/install/gui_window/lib/gui_window
[3.240s] writing list of installed files to '/home/urc/new-GUI/build/gui_window/install.log'
[3.299s] Invoked command in '/home/urc/new-GUI/src/gui_window' returned '0': PYTHONPATH=/home/urc/new-GUI/build/gui_window/prefix_override:/home/urc/new-GUI/install/gui_window/lib/python3.10/site-packages:${PYTHONPATH} /usr/bin/python3 setup.py egg_info --egg-base ../../build/gui_window build --build-base /home/urc/new-GUI/build/gui_window/build install --record /home/urc/new-GUI/build/gui_window/install.log --single-version-externally-managed
