[0.237s] Invoking command in '/home/urc/new-GUI/build/geographic_msgs': /usr/bin/cmake /home/urc/new-GUI/src/geographic_info-master/geographic_msgs -DCATKIN_INSTALL_INTO_PREFIX_ROOT=0 -DCATKIN_SYMLINK_INSTALL=ON -DCMAKE_INSTALL_PREFIX=/home/urc/new-GUI/install/geographic_msgs
[0.452s] [31mCMake Error at CMakeLists.txt:4 (find_package):
[0.453s]   By not providing "Findcatkin.cmake" in CMAKE_MODULE_PATH this project has
[0.453s]   asked CMake to find a package configuration file provided by "catkin", but
[0.453s]   CMake did not find one.
[0.453s] 
[0.453s]   Could not find a package configuration file provided by "catkin" with any
[0.453s]   of the following names:
[0.453s] 
[0.453s]     catkinConfig.cmake
[0.453s]     catkin-config.cmake
[0.453s] 
[0.454s]   Add the installation prefix of "catkin" to CMAKE_PREFIX_PATH or set
[0.454s]   "catkin_DIR" to a directory containing one of the above files.  If "catkin"
[0.454s]   provides a separate development package or SDK, be sure it has been
[0.454s]   installed.
[0.454s] 
[0.454s] [0m
[0.454s] -- Configuring incomplete, errors occurred!
[0.454s] See also "/home/urc/new-GUI/build/geographic_msgs/CMakeFiles/CMakeOutput.log".
[0.913s] Invoked command in '/home/urc/new-GUI/build/geographic_msgs' returned '1': /usr/bin/cmake /home/urc/new-GUI/src/geographic_info-master/geographic_msgs -DCATKIN_INSTALL_INTO_PREFIX_ROOT=0 -DCATKIN_SYMLINK_INSTALL=ON -DCMAKE_INSTALL_PREFIX=/home/urc/new-GUI/install/geographic_msgs
