[1.206s] Invoking command in '/home/urc/new-GUI/src/gui_window': PYTHONPATH=/home/urc/new-GUI/build/gui_window/prefix_override:/home/urc/new-GUI/install/gui_window/lib/python3.10/site-packages:${PYTHONPATH} /usr/bin/python3 setup.py egg_info --egg-base ../../build/gui_window build --build-base /home/urc/new-GUI/build/gui_window/build install --record /home/urc/new-GUI/build/gui_window/install.log --single-version-externally-managed
[1.621s] running egg_info
[1.622s] writing ../../build/gui_window/gui_window.egg-info/PKG-INFO
[1.622s] writing dependency_links to ../../build/gui_window/gui_window.egg-info/dependency_links.txt
[1.623s] writing entry points to ../../build/gui_window/gui_window.egg-info/entry_points.txt
[1.623s] writing requirements to ../../build/gui_window/gui_window.egg-info/requires.txt
[1.623s] writing top-level names to ../../build/gui_window/gui_window.egg-info/top_level.txt
[1.627s] reading manifest file '../../build/gui_window/gui_window.egg-info/SOURCES.txt'
[1.630s] writing manifest file '../../build/gui_window/gui_window.egg-info/SOURCES.txt'
[1.630s] running build
[1.630s] running build_py
[1.630s] copying gui_window/urc_gui_common/camera_link.py -> /home/urc/new-GUI/build/gui_window/build/lib/gui_window/urc_gui_common
[1.635s] running install
[1.636s] running install_lib
[1.639s] copying /home/urc/new-GUI/build/gui_window/build/lib/gui_window/urc_gui_common/camera_link.py -> /home/urc/new-GUI/install/gui_window/lib/python3.10/site-packages/gui_window/urc_gui_common
[1.642s] byte-compiling /home/urc/new-GUI/install/gui_window/lib/python3.10/site-packages/gui_window/urc_gui_common/camera_link.py to camera_link.cpython-310.pyc
[1.646s] running install_data
[1.647s] running install_egg_info
[1.649s] removing '/home/urc/new-GUI/install/gui_window/lib/python3.10/site-packages/gui_window-0.0.0-py3.10.egg-info' (and everything under it)
[1.649s] Copying ../../build/gui_window/gui_window.egg-info to /home/urc/new-GUI/install/gui_window/lib/python3.10/site-packages/gui_window-0.0.0-py3.10.egg-info
[1.650s] running install_scripts
[1.677s] Installing gui script to /home/urc/new-GUI/install/gui_window/lib/gui_window
[1.680s] writing list of installed files to '/home/urc/new-GUI/build/gui_window/install.log'
[1.715s] Invoked command in '/home/urc/new-GUI/src/gui_window' returned '0': PYTHONPATH=/home/urc/new-GUI/build/gui_window/prefix_override:/home/urc/new-GUI/install/gui_window/lib/python3.10/site-packages:${PYTHONPATH} /usr/bin/python3 setup.py egg_info --egg-base ../../build/gui_window build --build-base /home/urc/new-GUI/build/gui_window/build install --record /home/urc/new-GUI/build/gui_window/install.log --single-version-externally-managed
