[0.235s] Invoking command in '/home/urc/new_GUI/build/rover_gui_lib': CMAKE_PREFIX_PATH=/home/urc/new_GUI/install/urc_gui_lib:/home/urc/new_GUI/install/theora_webcams:/home/urc/new_GUI/install/marker_interfacing:/home/urc/new_GUI/install/aruco_finder:/home/urc/new_GUI/install/rover_gui_lib:/home/urc/new_GUI/install/science_servo_control:/home/urc/new_GUI/install/ocean_optics_spectrometer:/home/urc/new_GUI/install/hockey_stick_arm LD_LIBRARY_PATH=/home/urc/new_GUI/install/theora_webcams/lib:/home/urc/new_GUI/install/marker_interfacing/lib:/home/urc/new_GUI/install/aruco_finder/lib:/home/urc/new_GUI/install/rover_gui_lib/lib:/home/urc/new_GUI/install/science_servo_control/lib:/home/urc/new_GUI/install/ocean_optics_spectrometer/lib:/home/urc/new_GUI/install/hockey_stick_arm/lib:/opt/ros/humble/opt/rviz_ogre_vendor/lib:/opt/ros/humble/lib/x86_64-linux-gnu:/opt/ros/humble/lib PKG_CONFIG_PATH=/home/urc/new_GUI/install/urc_gui_lib/lib/x86_64-linux-gnu/pkgconfig:/home/urc/new_GUI/install/urc_gui_lib/lib/pkgconfig:/home/urc/new_GUI/install/rover_gui_lib/lib/x86_64-linux-gnu/pkgconfig:/home/urc/new_GUI/install/rover_gui_lib/lib/pkgconfig ROS_PACKAGE_PATH=/home/urc/new_GUI/install/urc_gui_lib/share:/home/urc/new_GUI/install/rover_gui_lib/share /usr/bin/cmake --build /home/urc/new_GUI/build/rover_gui_lib -- -j4 -l4
[0.533s] [  2%] Built target rover_gui_lib__cpp
[0.645s] [  2%] Built target ament_cmake_python_copy_rover_gui_lib
[0.730s] [ 12%] Built target rover_gui_lib__rosidl_typesupport_fastrtps_cpp
[0.820s] [ 23%] Built target rover_gui_lib__rosidl_typesupport_introspection_cpp
[1.683s] running egg_info
[1.685s] writing rover_gui_lib.egg-info/PKG-INFO
[1.686s] writing dependency_links to rover_gui_lib.egg-info/dependency_links.txt
[1.686s] writing top-level names to rover_gui_lib.egg-info/top_level.txt
[1.693s] reading manifest file 'rover_gui_lib.egg-info/SOURCES.txt'
[1.765s] writing manifest file 'rover_gui_lib.egg-info/SOURCES.txt'
[1.822s] [ 23%] Built target ament_cmake_python_build_rover_gui_lib_egg
[1.897s] [ 33%] Built target rover_gui_lib__rosidl_typesupport_cpp
[1.986s] [ 43%] Built target rover_gui_lib__rosidl_generator_c
[2.085s] [ 53%] Built target rover_gui_lib__rosidl_typesupport_fastrtps_c
[2.201s] [ 64%] Built target rover_gui_lib__rosidl_typesupport_c
[2.257s] [ 74%] Built target rover_gui_lib__rosidl_typesupport_introspection_c
[2.316s] [ 74%] Built target rover_gui_lib
[2.379s] [ 76%] Built target rover_gui_lib__py
[2.453s] [ 84%] Built target rover_gui_lib__rosidl_generator_py
[2.513s] [ 89%] Built target rover_gui_lib__rosidl_typesupport_fastrtps_c__pyext
[2.589s] [ 94%] Built target rover_gui_lib__rosidl_typesupport_c__pyext
[2.642s] [100%] Built target rover_gui_lib__rosidl_typesupport_introspection_c__pyext
[2.666s] Invoked command in '/home/urc/new_GUI/build/rover_gui_lib' returned '0': CMAKE_PREFIX_PATH=/home/urc/new_GUI/install/urc_gui_lib:/home/urc/new_GUI/install/theora_webcams:/home/urc/new_GUI/install/marker_interfacing:/home/urc/new_GUI/install/aruco_finder:/home/urc/new_GUI/install/rover_gui_lib:/home/urc/new_GUI/install/science_servo_control:/home/urc/new_GUI/install/ocean_optics_spectrometer:/home/urc/new_GUI/install/hockey_stick_arm LD_LIBRARY_PATH=/home/urc/new_GUI/install/theora_webcams/lib:/home/urc/new_GUI/install/marker_interfacing/lib:/home/urc/new_GUI/install/aruco_finder/lib:/home/urc/new_GUI/install/rover_gui_lib/lib:/home/urc/new_GUI/install/science_servo_control/lib:/home/urc/new_GUI/install/ocean_optics_spectrometer/lib:/home/urc/new_GUI/install/hockey_stick_arm/lib:/opt/ros/humble/opt/rviz_ogre_vendor/lib:/opt/ros/humble/lib/x86_64-linux-gnu:/opt/ros/humble/lib PKG_CONFIG_PATH=/home/urc/new_GUI/install/urc_gui_lib/lib/x86_64-linux-gnu/pkgconfig:/home/urc/new_GUI/install/urc_gui_lib/lib/pkgconfig:/home/urc/new_GUI/install/rover_gui_lib/lib/x86_64-linux-gnu/pkgconfig:/home/urc/new_GUI/install/rover_gui_lib/lib/pkgconfig ROS_PACKAGE_PATH=/home/urc/new_GUI/install/urc_gui_lib/share:/home/urc/new_GUI/install/rover_gui_lib/share /usr/bin/cmake --build /home/urc/new_GUI/build/rover_gui_lib -- -j4 -l4
[3.082s] Invoking command in '/home/urc/new_GUI/build/rover_gui_lib': CMAKE_PREFIX_PATH=/home/urc/new_GUI/install/urc_gui_lib:/home/urc/new_GUI/install/theora_webcams:/home/urc/new_GUI/install/marker_interfacing:/home/urc/new_GUI/install/aruco_finder:/home/urc/new_GUI/install/rover_gui_lib:/home/urc/new_GUI/install/science_servo_control:/home/urc/new_GUI/install/ocean_optics_spectrometer:/home/urc/new_GUI/install/hockey_stick_arm LD_LIBRARY_PATH=/home/urc/new_GUI/install/theora_webcams/lib:/home/urc/new_GUI/install/marker_interfacing/lib:/home/urc/new_GUI/install/aruco_finder/lib:/home/urc/new_GUI/install/rover_gui_lib/lib:/home/urc/new_GUI/install/science_servo_control/lib:/home/urc/new_GUI/install/ocean_optics_spectrometer/lib:/home/urc/new_GUI/install/hockey_stick_arm/lib:/opt/ros/humble/opt/rviz_ogre_vendor/lib:/opt/ros/humble/lib/x86_64-linux-gnu:/opt/ros/humble/lib PKG_CONFIG_PATH=/home/urc/new_GUI/install/urc_gui_lib/lib/x86_64-linux-gnu/pkgconfig:/home/urc/new_GUI/install/urc_gui_lib/lib/pkgconfig:/home/urc/new_GUI/install/rover_gui_lib/lib/x86_64-linux-gnu/pkgconfig:/home/urc/new_GUI/install/rover_gui_lib/lib/pkgconfig ROS_PACKAGE_PATH=/home/urc/new_GUI/install/urc_gui_lib/share:/home/urc/new_GUI/install/rover_gui_lib/share /usr/bin/cmake --install /home/urc/new_GUI/build/rover_gui_lib
[3.110s] -- Install configuration: ""
[3.110s] -- Up-to-date: /home/urc/new_GUI/install/rover_gui_lib/share/ament_index/resource_index/rosidl_interfaces/rover_gui_lib
[3.111s] -- Up-to-date: /home/urc/new_GUI/install/rover_gui_lib/include/rover_gui_lib/rover_gui_lib
[3.111s] -- Up-to-date: /home/urc/new_GUI/install/rover_gui_lib/include/rover_gui_lib/rover_gui_lib/msg
[3.112s] -- Up-to-date: /home/urc/new_GUI/install/rover_gui_lib/include/rover_gui_lib/rover_gui_lib/msg/ed_waypoint_list.h
[3.112s] -- Up-to-date: /home/urc/new_GUI/install/rover_gui_lib/include/rover_gui_lib/rover_gui_lib/msg/ed_waypoint.h
[3.112s] -- Up-to-date: /home/urc/new_GUI/install/rover_gui_lib/include/rover_gui_lib/rover_gui_lib/msg/rosidl_generator_c__visibility_control.h
[3.113s] -- Up-to-date: /home/urc/new_GUI/install/rover_gui_lib/include/rover_gui_lib/rover_gui_lib/msg/detail
[3.113s] -- Up-to-date: /home/urc/new_GUI/install/rover_gui_lib/include/rover_gui_lib/rover_gui_lib/msg/detail/ed_waypoint__functions.c
[3.114s] -- Up-to-date: /home/urc/new_GUI/install/rover_gui_lib/include/rover_gui_lib/rover_gui_lib/msg/detail/ed_waypoint_list__struct.h
[3.114s] -- Up-to-date: /home/urc/new_GUI/install/rover_gui_lib/include/rover_gui_lib/rover_gui_lib/msg/detail/ed_waypoint__struct.h
[3.115s] -- Up-to-date: /home/urc/new_GUI/install/rover_gui_lib/include/rover_gui_lib/rover_gui_lib/msg/detail/ed_waypoint_list__functions.c
[3.115s] -- Up-to-date: /home/urc/new_GUI/install/rover_gui_lib/include/rover_gui_lib/rover_gui_lib/msg/detail/ed_waypoint_list__functions.h
[3.115s] -- Up-to-date: /home/urc/new_GUI/install/rover_gui_lib/include/rover_gui_lib/rover_gui_lib/msg/detail/ed_waypoint_list__type_support.h
[3.116s] -- Up-to-date: /home/urc/new_GUI/install/rover_gui_lib/include/rover_gui_lib/rover_gui_lib/msg/detail/ed_waypoint__type_support.h
[3.116s] -- Up-to-date: /home/urc/new_GUI/install/rover_gui_lib/include/rover_gui_lib/rover_gui_lib/msg/detail/ed_waypoint__functions.h
[3.116s] -- Up-to-date: /home/urc/new_GUI/install/rover_gui_lib/share/rover_gui_lib/environment/library_path.sh
[3.117s] -- Up-to-date: /home/urc/new_GUI/install/rover_gui_lib/share/rover_gui_lib/environment/library_path.dsv
[3.120s] -- Up-to-date: /home/urc/new_GUI/install/rover_gui_lib/lib/librover_gui_lib__rosidl_generator_c.so
[3.121s] -- Up-to-date: /home/urc/new_GUI/install/rover_gui_lib/include/rover_gui_lib/rover_gui_lib
[3.121s] -- Up-to-date: /home/urc/new_GUI/install/rover_gui_lib/include/rover_gui_lib/rover_gui_lib/msg
[3.122s] -- Up-to-date: /home/urc/new_GUI/install/rover_gui_lib/include/rover_gui_lib/rover_gui_lib/msg/rosidl_typesupport_fastrtps_c__visibility_control.h
[3.122s] -- Up-to-date: /home/urc/new_GUI/install/rover_gui_lib/include/rover_gui_lib/rover_gui_lib/msg/detail
[3.123s] -- Up-to-date: /home/urc/new_GUI/install/rover_gui_lib/include/rover_gui_lib/rover_gui_lib/msg/detail/ed_waypoint__rosidl_typesupport_fastrtps_c.h
[3.123s] -- Up-to-date: /home/urc/new_GUI/install/rover_gui_lib/include/rover_gui_lib/rover_gui_lib/msg/detail/ed_waypoint_list__rosidl_typesupport_fastrtps_c.h
[3.125s] -- Up-to-date: /home/urc/new_GUI/install/rover_gui_lib/lib/librover_gui_lib__rosidl_typesupport_fastrtps_c.so
[3.126s] -- Up-to-date: /home/urc/new_GUI/install/rover_gui_lib/include/rover_gui_lib/rover_gui_lib
[3.126s] -- Up-to-date: /home/urc/new_GUI/install/rover_gui_lib/include/rover_gui_lib/rover_gui_lib/msg
[3.127s] -- Up-to-date: /home/urc/new_GUI/install/rover_gui_lib/include/rover_gui_lib/rover_gui_lib/msg/rosidl_typesupport_introspection_c__visibility_control.h
[3.127s] -- Up-to-date: /home/urc/new_GUI/install/rover_gui_lib/include/rover_gui_lib/rover_gui_lib/msg/detail
[3.128s] -- Up-to-date: /home/urc/new_GUI/install/rover_gui_lib/include/rover_gui_lib/rover_gui_lib/msg/detail/ed_waypoint_list__type_support.c
[3.128s] -- Up-to-date: /home/urc/new_GUI/install/rover_gui_lib/include/rover_gui_lib/rover_gui_lib/msg/detail/ed_waypoint__rosidl_typesupport_introspection_c.h
[3.129s] -- Up-to-date: /home/urc/new_GUI/install/rover_gui_lib/include/rover_gui_lib/rover_gui_lib/msg/detail/ed_waypoint_list__rosidl_typesupport_introspection_c.h
[3.129s] -- Up-to-date: /home/urc/new_GUI/install/rover_gui_lib/include/rover_gui_lib/rover_gui_lib/msg/detail/ed_waypoint__type_support.c
[3.131s] -- Up-to-date: /home/urc/new_GUI/install/rover_gui_lib/lib/librover_gui_lib__rosidl_typesupport_introspection_c.so
[3.132s] -- Up-to-date: /home/urc/new_GUI/install/rover_gui_lib/lib/librover_gui_lib__rosidl_typesupport_c.so
[3.133s] -- Up-to-date: /home/urc/new_GUI/install/rover_gui_lib/include/rover_gui_lib/rover_gui_lib
[3.134s] -- Up-to-date: /home/urc/new_GUI/install/rover_gui_lib/include/rover_gui_lib/rover_gui_lib/msg
[3.134s] -- Up-to-date: /home/urc/new_GUI/install/rover_gui_lib/include/rover_gui_lib/rover_gui_lib/msg/ed_waypoint_list.hpp
[3.134s] -- Up-to-date: /home/urc/new_GUI/install/rover_gui_lib/include/rover_gui_lib/rover_gui_lib/msg/ed_waypoint.hpp
[3.135s] -- Up-to-date: /home/urc/new_GUI/install/rover_gui_lib/include/rover_gui_lib/rover_gui_lib/msg/detail
[3.135s] -- Up-to-date: /home/urc/new_GUI/install/rover_gui_lib/include/rover_gui_lib/rover_gui_lib/msg/detail/ed_waypoint__builder.hpp
[3.135s] -- Up-to-date: /home/urc/new_GUI/install/rover_gui_lib/include/rover_gui_lib/rover_gui_lib/msg/detail/ed_waypoint_list__traits.hpp
[3.136s] -- Up-to-date: /home/urc/new_GUI/install/rover_gui_lib/include/rover_gui_lib/rover_gui_lib/msg/detail/ed_waypoint__traits.hpp
[3.136s] -- Up-to-date: /home/urc/new_GUI/install/rover_gui_lib/include/rover_gui_lib/rover_gui_lib/msg/detail/ed_waypoint_list__struct.hpp
[3.136s] -- Up-to-date: /home/urc/new_GUI/install/rover_gui_lib/include/rover_gui_lib/rover_gui_lib/msg/detail/ed_waypoint_list__builder.hpp
[3.137s] -- Up-to-date: /home/urc/new_GUI/install/rover_gui_lib/include/rover_gui_lib/rover_gui_lib/msg/detail/ed_waypoint__struct.hpp
[3.137s] -- Up-to-date: /home/urc/new_GUI/install/rover_gui_lib/include/rover_gui_lib/rover_gui_lib
[3.138s] -- Up-to-date: /home/urc/new_GUI/install/rover_gui_lib/include/rover_gui_lib/rover_gui_lib/msg
[3.138s] -- Up-to-date: /home/urc/new_GUI/install/rover_gui_lib/include/rover_gui_lib/rover_gui_lib/msg/rosidl_typesupport_fastrtps_cpp__visibility_control.h
[3.138s] -- Up-to-date: /home/urc/new_GUI/install/rover_gui_lib/include/rover_gui_lib/rover_gui_lib/msg/detail
[3.139s] -- Up-to-date: /home/urc/new_GUI/install/rover_gui_lib/include/rover_gui_lib/rover_gui_lib/msg/detail/ed_waypoint__rosidl_typesupport_fastrtps_cpp.hpp
[3.139s] -- Up-to-date: /home/urc/new_GUI/install/rover_gui_lib/include/rover_gui_lib/rover_gui_lib/msg/detail/ed_waypoint_list__rosidl_typesupport_fastrtps_cpp.hpp
[3.139s] -- Up-to-date: /home/urc/new_GUI/install/rover_gui_lib/include/rover_gui_lib/rover_gui_lib/msg/detail/dds_fastrtps
[3.141s] -- Up-to-date: /home/urc/new_GUI/install/rover_gui_lib/lib/librover_gui_lib__rosidl_typesupport_fastrtps_cpp.so
[3.143s] -- Up-to-date: /home/urc/new_GUI/install/rover_gui_lib/include/rover_gui_lib/rover_gui_lib
[3.144s] -- Up-to-date: /home/urc/new_GUI/install/rover_gui_lib/include/rover_gui_lib/rover_gui_lib/msg
[3.145s] -- Up-to-date: /home/urc/new_GUI/install/rover_gui_lib/include/rover_gui_lib/rover_gui_lib/msg/detail
[3.146s] -- Up-to-date: /home/urc/new_GUI/install/rover_gui_lib/include/rover_gui_lib/rover_gui_lib/msg/detail/ed_waypoint__rosidl_typesupport_introspection_cpp.hpp
[3.146s] -- Up-to-date: /home/urc/new_GUI/install/rover_gui_lib/include/rover_gui_lib/rover_gui_lib/msg/detail/ed_waypoint_list__rosidl_typesupport_introspection_cpp.hpp
[3.146s] -- Up-to-date: /home/urc/new_GUI/install/rover_gui_lib/include/rover_gui_lib/rover_gui_lib/msg/detail/ed_waypoint__type_support.cpp
[3.147s] -- Up-to-date: /home/urc/new_GUI/install/rover_gui_lib/include/rover_gui_lib/rover_gui_lib/msg/detail/ed_waypoint_list__type_support.cpp
[3.149s] -- Up-to-date: /home/urc/new_GUI/install/rover_gui_lib/lib/librover_gui_lib__rosidl_typesupport_introspection_cpp.so
[3.151s] -- Up-to-date: /home/urc/new_GUI/install/rover_gui_lib/lib/librover_gui_lib__rosidl_typesupport_cpp.so
[3.153s] -- Up-to-date: /home/urc/new_GUI/install/rover_gui_lib/share/rover_gui_lib/environment/pythonpath.sh
[3.154s] -- Up-to-date: /home/urc/new_GUI/install/rover_gui_lib/share/rover_gui_lib/environment/pythonpath.dsv
[3.155s] -- Up-to-date: /home/urc/new_GUI/install/rover_gui_lib/local/lib/python3.10/dist-packages/rover_gui_lib-0.0.0-py3.10.egg-info
[3.155s] -- Installing: /home/urc/new_GUI/install/rover_gui_lib/local/lib/python3.10/dist-packages/rover_gui_lib-0.0.0-py3.10.egg-info/PKG-INFO
[3.156s] -- Installing: /home/urc/new_GUI/install/rover_gui_lib/local/lib/python3.10/dist-packages/rover_gui_lib-0.0.0-py3.10.egg-info/dependency_links.txt
[3.157s] -- Installing: /home/urc/new_GUI/install/rover_gui_lib/local/lib/python3.10/dist-packages/rover_gui_lib-0.0.0-py3.10.egg-info/top_level.txt
[3.158s] -- Installing: /home/urc/new_GUI/install/rover_gui_lib/local/lib/python3.10/dist-packages/rover_gui_lib-0.0.0-py3.10.egg-info/SOURCES.txt
[3.159s] -- Up-to-date: /home/urc/new_GUI/install/rover_gui_lib/local/lib/python3.10/dist-packages/rover_gui_lib
[3.160s] -- Up-to-date: /home/urc/new_GUI/install/rover_gui_lib/local/lib/python3.10/dist-packages/rover_gui_lib/librover_gui_lib__rosidl_generator_py.so
[3.160s] -- Up-to-date: /home/urc/new_GUI/install/rover_gui_lib/local/lib/python3.10/dist-packages/rover_gui_lib/rover_gui_lib_s__rosidl_typesupport_fastrtps_c.cpython-310-x86_64-linux-gnu.so
[3.161s] -- Up-to-date: /home/urc/new_GUI/install/rover_gui_lib/local/lib/python3.10/dist-packages/rover_gui_lib/msg
[3.162s] -- Up-to-date: /home/urc/new_GUI/install/rover_gui_lib/local/lib/python3.10/dist-packages/rover_gui_lib/msg/_ed_waypoint_list_s.c
[3.162s] -- Up-to-date: /home/urc/new_GUI/install/rover_gui_lib/local/lib/python3.10/dist-packages/rover_gui_lib/msg/_ed_waypoint_s.c
[3.163s] -- Up-to-date: /home/urc/new_GUI/install/rover_gui_lib/local/lib/python3.10/dist-packages/rover_gui_lib/msg/__init__.py
[3.163s] -- Up-to-date: /home/urc/new_GUI/install/rover_gui_lib/local/lib/python3.10/dist-packages/rover_gui_lib/msg/_ed_waypoint_list.py
[3.163s] -- Up-to-date: /home/urc/new_GUI/install/rover_gui_lib/local/lib/python3.10/dist-packages/rover_gui_lib/msg/_ed_waypoint.py
[3.164s] -- Up-to-date: /home/urc/new_GUI/install/rover_gui_lib/local/lib/python3.10/dist-packages/rover_gui_lib/__init__.py
[3.164s] -- Up-to-date: /home/urc/new_GUI/install/rover_gui_lib/local/lib/python3.10/dist-packages/rover_gui_lib/_rover_gui_lib_s.ep.rosidl_typesupport_fastrtps_c.c
[3.165s] -- Up-to-date: /home/urc/new_GUI/install/rover_gui_lib/local/lib/python3.10/dist-packages/rover_gui_lib/rover_gui_lib_s__rosidl_typesupport_introspection_c.cpython-310-x86_64-linux-gnu.so
[3.165s] -- Up-to-date: /home/urc/new_GUI/install/rover_gui_lib/local/lib/python3.10/dist-packages/rover_gui_lib/rover_gui_lib_s__rosidl_typesupport_c.cpython-310-x86_64-linux-gnu.so
[3.165s] -- Up-to-date: /home/urc/new_GUI/install/rover_gui_lib/local/lib/python3.10/dist-packages/rover_gui_lib/_rover_gui_lib_s.ep.rosidl_typesupport_introspection_c.c
[3.166s] -- Up-to-date: /home/urc/new_GUI/install/rover_gui_lib/local/lib/python3.10/dist-packages/rover_gui_lib/_rover_gui_lib_s.ep.rosidl_typesupport_c.c
[3.288s] Listing '/home/urc/new_GUI/install/rover_gui_lib/local/lib/python3.10/dist-packages/rover_gui_lib'...
[3.288s] Listing '/home/urc/new_GUI/install/rover_gui_lib/local/lib/python3.10/dist-packages/rover_gui_lib/msg'...
[3.300s] -- Up-to-date: /home/urc/new_GUI/install/rover_gui_lib/local/lib/python3.10/dist-packages/rover_gui_lib/rover_gui_lib_s__rosidl_typesupport_fastrtps_c.cpython-310-x86_64-linux-gnu.so
[3.304s] -- Up-to-date: /home/urc/new_GUI/install/rover_gui_lib/local/lib/python3.10/dist-packages/rover_gui_lib/rover_gui_lib_s__rosidl_typesupport_introspection_c.cpython-310-x86_64-linux-gnu.so
[3.304s] -- Up-to-date: /home/urc/new_GUI/install/rover_gui_lib/local/lib/python3.10/dist-packages/rover_gui_lib/rover_gui_lib_s__rosidl_typesupport_c.cpython-310-x86_64-linux-gnu.so
[3.304s] -- Up-to-date: /home/urc/new_GUI/install/rover_gui_lib/lib/librover_gui_lib__rosidl_generator_py.so
[3.304s] -- Up-to-date: /home/urc/new_GUI/install/rover_gui_lib/share/rover_gui_lib/msg/EDWaypoint.idl
[3.304s] -- Up-to-date: /home/urc/new_GUI/install/rover_gui_lib/share/rover_gui_lib/msg/EDWaypointList.idl
[3.304s] -- Up-to-date: /home/urc/new_GUI/install/rover_gui_lib/share/rover_gui_lib/msg/EDWaypoint.msg
[3.305s] -- Up-to-date: /home/urc/new_GUI/install/rover_gui_lib/share/rover_gui_lib/msg/EDWaypointList.msg
[3.305s] -- Up-to-date: /home/urc/new_GUI/install/rover_gui_lib/share/ament_index/resource_index/package_run_dependencies/rover_gui_lib
[3.305s] -- Up-to-date: /home/urc/new_GUI/install/rover_gui_lib/share/ament_index/resource_index/parent_prefix_path/rover_gui_lib
[3.305s] -- Up-to-date: /home/urc/new_GUI/install/rover_gui_lib/share/rover_gui_lib/environment/ament_prefix_path.sh
[3.305s] -- Up-to-date: /home/urc/new_GUI/install/rover_gui_lib/share/rover_gui_lib/environment/ament_prefix_path.dsv
[3.305s] -- Up-to-date: /home/urc/new_GUI/install/rover_gui_lib/share/rover_gui_lib/environment/path.sh
[3.305s] -- Up-to-date: /home/urc/new_GUI/install/rover_gui_lib/share/rover_gui_lib/environment/path.dsv
[3.305s] -- Up-to-date: /home/urc/new_GUI/install/rover_gui_lib/share/rover_gui_lib/local_setup.bash
[3.306s] -- Up-to-date: /home/urc/new_GUI/install/rover_gui_lib/share/rover_gui_lib/local_setup.sh
[3.306s] -- Up-to-date: /home/urc/new_GUI/install/rover_gui_lib/share/rover_gui_lib/local_setup.zsh
[3.306s] -- Up-to-date: /home/urc/new_GUI/install/rover_gui_lib/share/rover_gui_lib/local_setup.dsv
[3.306s] -- Installing: /home/urc/new_GUI/install/rover_gui_lib/share/rover_gui_lib/package.dsv
[3.312s] -- Up-to-date: /home/urc/new_GUI/install/rover_gui_lib/share/ament_index/resource_index/packages/rover_gui_lib
[3.313s] -- Up-to-date: /home/urc/new_GUI/install/rover_gui_lib/share/rover_gui_lib/cmake/export_rover_gui_lib__rosidl_generator_cExport.cmake
[3.313s] -- Up-to-date: /home/urc/new_GUI/install/rover_gui_lib/share/rover_gui_lib/cmake/export_rover_gui_lib__rosidl_generator_cExport-noconfig.cmake
[3.313s] -- Up-to-date: /home/urc/new_GUI/install/rover_gui_lib/share/rover_gui_lib/cmake/export_rover_gui_lib__rosidl_typesupport_fastrtps_cExport.cmake
[3.313s] -- Up-to-date: /home/urc/new_GUI/install/rover_gui_lib/share/rover_gui_lib/cmake/export_rover_gui_lib__rosidl_typesupport_fastrtps_cExport-noconfig.cmake
[3.314s] -- Up-to-date: /home/urc/new_GUI/install/rover_gui_lib/share/rover_gui_lib/cmake/rover_gui_lib__rosidl_typesupport_introspection_cExport.cmake
[3.315s] -- Up-to-date: /home/urc/new_GUI/install/rover_gui_lib/share/rover_gui_lib/cmake/rover_gui_lib__rosidl_typesupport_introspection_cExport-noconfig.cmake
[3.316s] -- Up-to-date: /home/urc/new_GUI/install/rover_gui_lib/share/rover_gui_lib/cmake/rover_gui_lib__rosidl_typesupport_cExport.cmake
[3.316s] -- Up-to-date: /home/urc/new_GUI/install/rover_gui_lib/share/rover_gui_lib/cmake/rover_gui_lib__rosidl_typesupport_cExport-noconfig.cmake
[3.317s] -- Up-to-date: /home/urc/new_GUI/install/rover_gui_lib/share/rover_gui_lib/cmake/export_rover_gui_lib__rosidl_generator_cppExport.cmake
[3.319s] -- Up-to-date: /home/urc/new_GUI/install/rover_gui_lib/share/rover_gui_lib/cmake/export_rover_gui_lib__rosidl_typesupport_fastrtps_cppExport.cmake
[3.322s] -- Up-to-date: /home/urc/new_GUI/install/rover_gui_lib/share/rover_gui_lib/cmake/export_rover_gui_lib__rosidl_typesupport_fastrtps_cppExport-noconfig.cmake
[3.323s] -- Up-to-date: /home/urc/new_GUI/install/rover_gui_lib/share/rover_gui_lib/cmake/rover_gui_lib__rosidl_typesupport_introspection_cppExport.cmake
[3.323s] -- Up-to-date: /home/urc/new_GUI/install/rover_gui_lib/share/rover_gui_lib/cmake/rover_gui_lib__rosidl_typesupport_introspection_cppExport-noconfig.cmake
[3.323s] -- Up-to-date: /home/urc/new_GUI/install/rover_gui_lib/share/rover_gui_lib/cmake/rover_gui_lib__rosidl_typesupport_cppExport.cmake
[3.323s] -- Up-to-date: /home/urc/new_GUI/install/rover_gui_lib/share/rover_gui_lib/cmake/rover_gui_lib__rosidl_typesupport_cppExport-noconfig.cmake
[3.324s] -- Up-to-date: /home/urc/new_GUI/install/rover_gui_lib/share/rover_gui_lib/cmake/export_rover_gui_lib__rosidl_generator_pyExport.cmake
[3.327s] -- Up-to-date: /home/urc/new_GUI/install/rover_gui_lib/share/rover_gui_lib/cmake/export_rover_gui_lib__rosidl_generator_pyExport-noconfig.cmake
[3.328s] -- Up-to-date: /home/urc/new_GUI/install/rover_gui_lib/share/rover_gui_lib/cmake/rosidl_cmake-extras.cmake
[3.328s] -- Up-to-date: /home/urc/new_GUI/install/rover_gui_lib/share/rover_gui_lib/cmake/ament_cmake_export_dependencies-extras.cmake
[3.328s] -- Up-to-date: /home/urc/new_GUI/install/rover_gui_lib/share/rover_gui_lib/cmake/ament_cmake_export_include_directories-extras.cmake
[3.329s] -- Up-to-date: /home/urc/new_GUI/install/rover_gui_lib/share/rover_gui_lib/cmake/ament_cmake_export_libraries-extras.cmake
[3.329s] -- Up-to-date: /home/urc/new_GUI/install/rover_gui_lib/share/rover_gui_lib/cmake/ament_cmake_export_targets-extras.cmake
[3.329s] -- Up-to-date: /home/urc/new_GUI/install/rover_gui_lib/share/rover_gui_lib/cmake/rosidl_cmake_export_typesupport_targets-extras.cmake
[3.329s] -- Up-to-date: /home/urc/new_GUI/install/rover_gui_lib/share/rover_gui_lib/cmake/rosidl_cmake_export_typesupport_libraries-extras.cmake
[3.329s] -- Up-to-date: /home/urc/new_GUI/install/rover_gui_lib/share/rover_gui_lib/cmake/rover_gui_libConfig.cmake
[3.330s] -- Up-to-date: /home/urc/new_GUI/install/rover_gui_lib/share/rover_gui_lib/cmake/rover_gui_libConfig-version.cmake
[3.330s] -- Up-to-date: /home/urc/new_GUI/install/rover_gui_lib/share/rover_gui_lib/package.xml
[3.480s] Invoked command in '/home/urc/new_GUI/build/rover_gui_lib' returned '0': CMAKE_PREFIX_PATH=/home/urc/new_GUI/install/urc_gui_lib:/home/urc/new_GUI/install/theora_webcams:/home/urc/new_GUI/install/marker_interfacing:/home/urc/new_GUI/install/aruco_finder:/home/urc/new_GUI/install/rover_gui_lib:/home/urc/new_GUI/install/science_servo_control:/home/urc/new_GUI/install/ocean_optics_spectrometer:/home/urc/new_GUI/install/hockey_stick_arm LD_LIBRARY_PATH=/home/urc/new_GUI/install/theora_webcams/lib:/home/urc/new_GUI/install/marker_interfacing/lib:/home/urc/new_GUI/install/aruco_finder/lib:/home/urc/new_GUI/install/rover_gui_lib/lib:/home/urc/new_GUI/install/science_servo_control/lib:/home/urc/new_GUI/install/ocean_optics_spectrometer/lib:/home/urc/new_GUI/install/hockey_stick_arm/lib:/opt/ros/humble/opt/rviz_ogre_vendor/lib:/opt/ros/humble/lib/x86_64-linux-gnu:/opt/ros/humble/lib PKG_CONFIG_PATH=/home/urc/new_GUI/install/urc_gui_lib/lib/x86_64-linux-gnu/pkgconfig:/home/urc/new_GUI/install/urc_gui_lib/lib/pkgconfig:/home/urc/new_GUI/install/rover_gui_lib/lib/x86_64-linux-gnu/pkgconfig:/home/urc/new_GUI/install/rover_gui_lib/lib/pkgconfig ROS_PACKAGE_PATH=/home/urc/new_GUI/install/urc_gui_lib/share:/home/urc/new_GUI/install/rover_gui_lib/share /usr/bin/cmake --install /home/urc/new_GUI/build/rover_gui_lib
