[0.387s] Invoking command in '/home/urc/new_GUI/build/aruco_finder': CMAKE_PREFIX_PATH=/opt/ros/humble /usr/bin/cmake /home/urc/new_GUI/src/aruco_finder -DCMAKE_INSTALL_PREFIX=/home/urc/new_GUI/install/aruco_finder
[1.621s] -- The C compiler identification is GNU 11.4.0
[2.109s] -- The CXX compiler identification is GNU 11.4.0
[2.128s] -- Detecting C compiler ABI info
[2.323s] -- Detecting C compiler ABI info - done
[2.352s] -- Check for working C compiler: /usr/bin/cc - skipped
[2.352s] -- Detecting C compile features
[2.353s] -- Detecting C compile features - done
[2.353s] -- Detecting CXX compiler ABI info
[2.516s] -- Detecting CXX compiler ABI info - done
[2.545s] -- Check for working CXX compiler: /usr/bin/c++ - skipped
[2.545s] -- Detecting CXX compile features
[2.546s] -- Detecting CXX compile features - done
[2.579s] -- Found ament_cmake: 1.3.5 (/opt/ros/humble/share/ament_cmake/cmake)
[3.045s] -- Found Python3: /usr/bin/python3.10 (found version "3.10.12") found components: Interpreter 
[3.254s] -- Found ament_lint_auto: 0.12.8 (/opt/ros/humble/share/ament_lint_auto/cmake)
[3.399s] -- Found rosidl_default_generators: 1.2.0 (/opt/ros/humble/share/rosidl_default_generators/cmake)
[3.409s] -- Using all available rosidl_typesupport_c: rosidl_typesupport_fastrtps_c;rosidl_typesupport_introspection_c
[3.421s] -- Found rosidl_adapter: 3.1.5 (/opt/ros/humble/share/rosidl_adapter/cmake)
[3.516s] -- Using all available rosidl_typesupport_cpp: rosidl_typesupport_fastrtps_cpp;rosidl_typesupport_introspection_cpp
[3.586s] -- Found rclcpp: 16.0.6 (/opt/ros/humble/share/rclcpp/cmake)
[3.792s] -- Found rmw_implementation_cmake: 6.1.1 (/opt/ros/humble/share/rmw_implementation_cmake/cmake)
[3.803s] -- Found rmw_fastrtps_cpp: 6.2.4 (/opt/ros/humble/share/rmw_fastrtps_cpp/cmake)
[3.983s] -- Found OpenSSL: /usr/lib/x86_64-linux-gnu/libcrypto.so (found version "3.0.2")  
[4.030s] -- Found FastRTPS: /opt/ros/humble/include  
[4.114s] -- Using RMW implementation 'rmw_fastrtps_cpp' as default
[4.225s] -- Looking for pthread.h
[4.371s] -- Looking for pthread.h - found
[4.372s] -- Performing Test CMAKE_HAVE_LIBC_PTHREAD
[4.513s] -- Performing Test CMAKE_HAVE_LIBC_PTHREAD - Success
[4.515s] -- Found Threads: TRUE  
[5.030s] -- Found geometry_msgs: 4.2.3 (/opt/ros/humble/share/geometry_msgs/cmake)
[5.734s] -- Found ament_cmake_ros: 0.10.0 (/opt/ros/humble/share/ament_cmake_ros/cmake)
[6.458s] -- Using all available rosidl_typesupport_c: rosidl_typesupport_fastrtps_c;rosidl_typesupport_introspection_c
[7.284s] -- Using all available rosidl_typesupport_cpp: rosidl_typesupport_fastrtps_cpp;rosidl_typesupport_introspection_cpp
[7.335s] -- Found PythonInterp: /usr/bin/python3 (found suitable version "3.10.12", minimum required is "3.6") 
[7.336s] -- Found python_cmake_module: 0.10.0 (/opt/ros/humble/share/python_cmake_module/cmake)
[7.381s] -- Found PythonLibs: /usr/lib/x86_64-linux-gnu/libpython3.10.so (found suitable version "3.10.12", minimum required is "3.5") 
[7.381s] -- Using PYTHON_EXECUTABLE: /usr/bin/python3
[7.381s] -- Using PYTHON_INCLUDE_DIRS: /usr/include/python3.10
[7.381s] -- Using PYTHON_LIBRARIES: /usr/lib/x86_64-linux-gnu/libpython3.10.so
[7.446s] -- Found PythonExtra: .so  
[7.631s] -- Added test 'flake8' to check Python code syntax and style conventions
[7.632s] -- Added test 'lint_cmake' to check CMake code style
[7.634s] -- Added test 'pep257' to check Python code against some of the docstring style conventions in PEP 257
[7.636s] -- Added test 'xmllint' to check XML markup files
[7.644s] -- Configuring done
[7.796s] -- Generating done
[7.814s] -- Build files have been written to: /home/urc/new_GUI/build/aruco_finder
[7.883s] Invoked command in '/home/urc/new_GUI/build/aruco_finder' returned '0': CMAKE_PREFIX_PATH=/opt/ros/humble /usr/bin/cmake /home/urc/new_GUI/src/aruco_finder -DCMAKE_INSTALL_PREFIX=/home/urc/new_GUI/install/aruco_finder
[7.884s] Invoking command in '/home/urc/new_GUI/build/aruco_finder': CMAKE_PREFIX_PATH=/opt/ros/humble /usr/bin/cmake --build /home/urc/new_GUI/build/aruco_finder -- -j4 -l4
[8.037s] [  2%] [34m[1mGenerating C code for ROS interfaces[0m
[8.075s] [  5%] [34m[1mGenerating C++ code for ROS interfaces[0m
[8.103s] [  5%] Built target ament_cmake_python_copy_aruco_finder
[10.470s] running egg_info
[10.472s] creating aruco_finder.egg-info
[10.480s] writing aruco_finder.egg-info/PKG-INFO
[10.487s] writing dependency_links to aruco_finder.egg-info/dependency_links.txt
[10.488s] writing top-level names to aruco_finder.egg-info/top_level.txt
[10.488s] writing manifest file 'aruco_finder.egg-info/SOURCES.txt'
[10.496s] reading manifest file 'aruco_finder.egg-info/SOURCES.txt'
[10.504s] writing manifest file 'aruco_finder.egg-info/SOURCES.txt'
[10.688s] [  5%] Built target ament_cmake_python_build_aruco_finder_egg
[10.904s] [  5%] Built target aruco_finder__cpp
[10.999s] [  7%] [34m[1mGenerating C++ type support dispatch for ROS interfaces[0m
[11.030s] [ 10%] [34m[1mGenerating C++ type support for eProsima Fast-RTPS[0m
[11.063s] [ 12%] [34m[1mGenerating C++ introspection for ROS interfaces[0m
[11.816s] [ 15%] [32mBuilding C object CMakeFiles/aruco_finder__rosidl_generator_c.dir/rosidl_generator_c/aruco_finder/msg/detail/found_marker__functions.c.o[0m
[12.245s] [ 17%] [32mBuilding C object CMakeFiles/aruco_finder__rosidl_generator_c.dir/rosidl_generator_c/aruco_finder/msg/detail/found_marker_list__functions.c.o[0m
[12.706s] [ 20%] [32m[1mLinking C shared library libaruco_finder__rosidl_generator_c.so[0m
[12.736s] [ 23%] [32mBuilding CXX object CMakeFiles/aruco_finder__rosidl_typesupport_introspection_cpp.dir/rosidl_typesupport_introspection_cpp/aruco_finder/msg/detail/found_marker__type_support.cpp.o[0m
[12.923s] [ 23%] Built target aruco_finder__rosidl_generator_c
[12.981s] [ 25%] [34m[1mGenerating C type support for eProsima Fast-RTPS[0m
[13.348s] [ 28%] [32mBuilding CXX object CMakeFiles/aruco_finder__rosidl_typesupport_fastrtps_cpp.dir/rosidl_typesupport_fastrtps_cpp/aruco_finder/msg/detail/dds_fastrtps/found_marker__type_support.cpp.o[0m
[13.619s] [ 30%] [32mBuilding CXX object CMakeFiles/aruco_finder__rosidl_typesupport_cpp.dir/rosidl_typesupport_cpp/aruco_finder/msg/found_marker__type_support.cpp.o[0m
[15.093s] [ 33%] [32mBuilding CXX object CMakeFiles/aruco_finder__rosidl_typesupport_fastrtps_c.dir/rosidl_typesupport_fastrtps_c/aruco_finder/msg/detail/found_marker__type_support_c.cpp.o[0m
[15.484s] [ 35%] [32mBuilding CXX object CMakeFiles/aruco_finder__rosidl_typesupport_introspection_cpp.dir/rosidl_typesupport_introspection_cpp/aruco_finder/msg/detail/found_marker_list__type_support.cpp.o[0m
[15.727s] [ 38%] [32mBuilding CXX object CMakeFiles/aruco_finder__rosidl_typesupport_cpp.dir/rosidl_typesupport_cpp/aruco_finder/msg/found_marker_list__type_support.cpp.o[0m
[16.704s] [ 41%] [32mBuilding CXX object CMakeFiles/aruco_finder__rosidl_typesupport_fastrtps_cpp.dir/rosidl_typesupport_fastrtps_cpp/aruco_finder/msg/detail/dds_fastrtps/found_marker_list__type_support.cpp.o[0m
[17.716s] [ 43%] [32m[1mLinking CXX shared library libaruco_finder__rosidl_typesupport_cpp.so[0m
[17.731s] [ 46%] [32m[1mLinking CXX shared library libaruco_finder__rosidl_typesupport_introspection_cpp.so[0m
[17.912s] [ 48%] [32mBuilding CXX object CMakeFiles/aruco_finder__rosidl_typesupport_fastrtps_c.dir/rosidl_typesupport_fastrtps_c/aruco_finder/msg/detail/found_marker_list__type_support_c.cpp.o[0m
[18.055s] [ 48%] Built target aruco_finder__rosidl_typesupport_cpp
[18.175s] [ 51%] [34m[1mGenerating C introspection for ROS interfaces[0m
[18.532s] [ 51%] Built target aruco_finder__rosidl_typesupport_introspection_cpp
[18.652s] [ 53%] [34m[1mGenerating C type support dispatch for ROS interfaces[0m
[20.196s] [ 56%] [32m[1mLinking CXX shared library libaruco_finder__rosidl_typesupport_fastrtps_cpp.so[0m
[20.339s] [ 58%] [32m[1mLinking CXX shared library libaruco_finder__rosidl_typesupport_fastrtps_c.so[0m
[20.551s] [ 61%] [32mBuilding CXX object CMakeFiles/aruco_finder__rosidl_typesupport_c.dir/rosidl_typesupport_c/aruco_finder/msg/found_marker__type_support.cpp.o[0m
[20.745s] [ 64%] [32mBuilding CXX object CMakeFiles/aruco_finder__rosidl_typesupport_c.dir/rosidl_typesupport_c/aruco_finder/msg/found_marker_list__type_support.cpp.o[0m
[20.816s] [ 66%] [32mBuilding C object CMakeFiles/aruco_finder__rosidl_typesupport_introspection_c.dir/rosidl_typesupport_introspection_c/aruco_finder/msg/detail/found_marker__type_support.c.o[0m
[20.959s] [ 66%] Built target aruco_finder__rosidl_typesupport_fastrtps_cpp
[20.961s] [ 66%] Built target aruco_finder__rosidl_typesupport_fastrtps_c
[21.012s] [ 69%] [32m[1mLinking CXX shared library libaruco_finder__rosidl_typesupport_c.so[0m
[21.044s] [ 71%] [32mBuilding C object CMakeFiles/aruco_finder__rosidl_typesupport_introspection_c.dir/rosidl_typesupport_introspection_c/aruco_finder/msg/detail/found_marker_list__type_support.c.o[0m
[21.198s] [ 74%] [32m[1mLinking C shared library libaruco_finder__rosidl_typesupport_introspection_c.so[0m
[21.303s] [ 74%] Built target aruco_finder__rosidl_typesupport_introspection_c
[21.309s] [ 74%] Built target aruco_finder__rosidl_typesupport_c
[21.473s] [ 74%] Built target aruco_finder
[21.625s] [ 76%] [34m[1mGenerating Python code for ROS interfaces[0m
[22.909s] [ 76%] Built target aruco_finder__py
[22.984s] [ 79%] [32mBuilding C object CMakeFiles/aruco_finder__rosidl_generator_py.dir/rosidl_generator_py/aruco_finder/msg/_found_marker_s.c.o[0m
[23.304s] [ 82%] [32mBuilding C object CMakeFiles/aruco_finder__rosidl_generator_py.dir/rosidl_generator_py/aruco_finder/msg/_found_marker_list_s.c.o[0m
[23.609s] [ 84%] [32m[1mLinking C shared library rosidl_generator_py/aruco_finder/libaruco_finder__rosidl_generator_py.so[0m
[23.757s] [ 84%] Built target aruco_finder__rosidl_generator_py
[23.861s] [ 87%] [32mBuilding C object CMakeFiles/aruco_finder__rosidl_typesupport_fastrtps_c__pyext.dir/rosidl_generator_py/aruco_finder/_aruco_finder_s.ep.rosidl_typesupport_fastrtps_c.c.o[0m
[24.113s] [ 89%] [32m[1mLinking C shared library rosidl_generator_py/aruco_finder/aruco_finder_s__rosidl_typesupport_fastrtps_c.cpython-310-x86_64-linux-gnu.so[0m
[24.284s] [ 89%] Built target aruco_finder__rosidl_typesupport_fastrtps_c__pyext
[24.364s] [ 92%] [32mBuilding C object CMakeFiles/aruco_finder__rosidl_typesupport_c__pyext.dir/rosidl_generator_py/aruco_finder/_aruco_finder_s.ep.rosidl_typesupport_c.c.o[0m
[24.585s] [ 94%] [32m[1mLinking C shared library rosidl_generator_py/aruco_finder/aruco_finder_s__rosidl_typesupport_c.cpython-310-x86_64-linux-gnu.so[0m
[24.689s] [ 94%] Built target aruco_finder__rosidl_typesupport_c__pyext
[24.720s] [ 97%] [32mBuilding C object CMakeFiles/aruco_finder__rosidl_typesupport_introspection_c__pyext.dir/rosidl_generator_py/aruco_finder/_aruco_finder_s.ep.rosidl_typesupport_introspection_c.c.o[0m
[24.963s] [100%] [32m[1mLinking C shared library rosidl_generator_py/aruco_finder/aruco_finder_s__rosidl_typesupport_introspection_c.cpython-310-x86_64-linux-gnu.so[0m
[25.099s] [100%] Built target aruco_finder__rosidl_typesupport_introspection_c__pyext
[25.168s] Invoked command in '/home/urc/new_GUI/build/aruco_finder' returned '0': CMAKE_PREFIX_PATH=/opt/ros/humble /usr/bin/cmake --build /home/urc/new_GUI/build/aruco_finder -- -j4 -l4
[25.739s] Invoking command in '/home/urc/new_GUI/build/aruco_finder': CMAKE_PREFIX_PATH=/opt/ros/humble /usr/bin/cmake --install /home/urc/new_GUI/build/aruco_finder
[25.762s] -- Install configuration: ""
[25.763s] -- Installing: /home/urc/new_GUI/install/aruco_finder/share/ament_index/resource_index/rosidl_interfaces/aruco_finder
[25.764s] -- Installing: /home/urc/new_GUI/install/aruco_finder/include/aruco_finder/aruco_finder
[25.764s] -- Installing: /home/urc/new_GUI/install/aruco_finder/include/aruco_finder/aruco_finder/msg
[25.764s] -- Installing: /home/urc/new_GUI/install/aruco_finder/include/aruco_finder/aruco_finder/msg/found_marker.h
[25.764s] -- Installing: /home/urc/new_GUI/install/aruco_finder/include/aruco_finder/aruco_finder/msg/found_marker_list.h
[25.764s] -- Installing: /home/urc/new_GUI/install/aruco_finder/include/aruco_finder/aruco_finder/msg/rosidl_generator_c__visibility_control.h
[25.765s] -- Installing: /home/urc/new_GUI/install/aruco_finder/include/aruco_finder/aruco_finder/msg/detail
[25.765s] -- Installing: /home/urc/new_GUI/install/aruco_finder/include/aruco_finder/aruco_finder/msg/detail/found_marker__functions.c
[25.765s] -- Installing: /home/urc/new_GUI/install/aruco_finder/include/aruco_finder/aruco_finder/msg/detail/found_marker__functions.h
[25.765s] -- Installing: /home/urc/new_GUI/install/aruco_finder/include/aruco_finder/aruco_finder/msg/detail/found_marker_list__struct.h
[25.765s] -- Installing: /home/urc/new_GUI/install/aruco_finder/include/aruco_finder/aruco_finder/msg/detail/found_marker__struct.h
[25.766s] -- Installing: /home/urc/new_GUI/install/aruco_finder/include/aruco_finder/aruco_finder/msg/detail/found_marker_list__functions.h
[25.766s] -- Installing: /home/urc/new_GUI/install/aruco_finder/include/aruco_finder/aruco_finder/msg/detail/found_marker_list__type_support.h
[25.766s] -- Installing: /home/urc/new_GUI/install/aruco_finder/include/aruco_finder/aruco_finder/msg/detail/found_marker__type_support.h
[25.766s] -- Installing: /home/urc/new_GUI/install/aruco_finder/include/aruco_finder/aruco_finder/msg/detail/found_marker_list__functions.c
[25.767s] -- Installing: /home/urc/new_GUI/install/aruco_finder/share/aruco_finder/environment/library_path.sh
[25.767s] -- Installing: /home/urc/new_GUI/install/aruco_finder/share/aruco_finder/environment/library_path.dsv
[25.767s] -- Installing: /home/urc/new_GUI/install/aruco_finder/lib/libaruco_finder__rosidl_generator_c.so
[25.768s] -- Set runtime path of "/home/urc/new_GUI/install/aruco_finder/lib/libaruco_finder__rosidl_generator_c.so" to ""
[25.768s] -- Up-to-date: /home/urc/new_GUI/install/aruco_finder/include/aruco_finder/aruco_finder
[25.768s] -- Up-to-date: /home/urc/new_GUI/install/aruco_finder/include/aruco_finder/aruco_finder/msg
[25.768s] -- Installing: /home/urc/new_GUI/install/aruco_finder/include/aruco_finder/aruco_finder/msg/rosidl_typesupport_fastrtps_c__visibility_control.h
[25.769s] -- Up-to-date: /home/urc/new_GUI/install/aruco_finder/include/aruco_finder/aruco_finder/msg/detail
[25.769s] -- Installing: /home/urc/new_GUI/install/aruco_finder/include/aruco_finder/aruco_finder/msg/detail/found_marker_list__rosidl_typesupport_fastrtps_c.h
[25.769s] -- Installing: /home/urc/new_GUI/install/aruco_finder/include/aruco_finder/aruco_finder/msg/detail/found_marker__rosidl_typesupport_fastrtps_c.h
[25.769s] -- Installing: /home/urc/new_GUI/install/aruco_finder/lib/libaruco_finder__rosidl_typesupport_fastrtps_c.so
[25.770s] -- Set runtime path of "/home/urc/new_GUI/install/aruco_finder/lib/libaruco_finder__rosidl_typesupport_fastrtps_c.so" to ""
[25.770s] -- Up-to-date: /home/urc/new_GUI/install/aruco_finder/include/aruco_finder/aruco_finder
[25.770s] -- Up-to-date: /home/urc/new_GUI/install/aruco_finder/include/aruco_finder/aruco_finder/msg
[25.770s] -- Installing: /home/urc/new_GUI/install/aruco_finder/include/aruco_finder/aruco_finder/msg/rosidl_typesupport_introspection_c__visibility_control.h
[25.770s] -- Up-to-date: /home/urc/new_GUI/install/aruco_finder/include/aruco_finder/aruco_finder/msg/detail
[25.770s] -- Installing: /home/urc/new_GUI/install/aruco_finder/include/aruco_finder/aruco_finder/msg/detail/found_marker__rosidl_typesupport_introspection_c.h
[25.770s] -- Installing: /home/urc/new_GUI/install/aruco_finder/include/aruco_finder/aruco_finder/msg/detail/found_marker_list__type_support.c
[25.771s] -- Installing: /home/urc/new_GUI/install/aruco_finder/include/aruco_finder/aruco_finder/msg/detail/found_marker__type_support.c
[25.771s] -- Installing: /home/urc/new_GUI/install/aruco_finder/include/aruco_finder/aruco_finder/msg/detail/found_marker_list__rosidl_typesupport_introspection_c.h
[25.771s] -- Installing: /home/urc/new_GUI/install/aruco_finder/lib/libaruco_finder__rosidl_typesupport_introspection_c.so
[25.771s] -- Set runtime path of "/home/urc/new_GUI/install/aruco_finder/lib/libaruco_finder__rosidl_typesupport_introspection_c.so" to ""
[25.771s] -- Installing: /home/urc/new_GUI/install/aruco_finder/lib/libaruco_finder__rosidl_typesupport_c.so
[25.772s] -- Set runtime path of "/home/urc/new_GUI/install/aruco_finder/lib/libaruco_finder__rosidl_typesupport_c.so" to ""
[25.772s] -- Up-to-date: /home/urc/new_GUI/install/aruco_finder/include/aruco_finder/aruco_finder
[25.772s] -- Up-to-date: /home/urc/new_GUI/install/aruco_finder/include/aruco_finder/aruco_finder/msg
[25.772s] -- Installing: /home/urc/new_GUI/install/aruco_finder/include/aruco_finder/aruco_finder/msg/found_marker.hpp
[25.772s] -- Installing: /home/urc/new_GUI/install/aruco_finder/include/aruco_finder/aruco_finder/msg/found_marker_list.hpp
[25.773s] -- Up-to-date: /home/urc/new_GUI/install/aruco_finder/include/aruco_finder/aruco_finder/msg/detail
[25.773s] -- Installing: /home/urc/new_GUI/install/aruco_finder/include/aruco_finder/aruco_finder/msg/detail/found_marker__builder.hpp
[25.773s] -- Installing: /home/urc/new_GUI/install/aruco_finder/include/aruco_finder/aruco_finder/msg/detail/found_marker_list__struct.hpp
[25.773s] -- Installing: /home/urc/new_GUI/install/aruco_finder/include/aruco_finder/aruco_finder/msg/detail/found_marker__traits.hpp
[25.773s] -- Installing: /home/urc/new_GUI/install/aruco_finder/include/aruco_finder/aruco_finder/msg/detail/found_marker_list__builder.hpp
[25.774s] -- Installing: /home/urc/new_GUI/install/aruco_finder/include/aruco_finder/aruco_finder/msg/detail/found_marker__struct.hpp
[25.774s] -- Installing: /home/urc/new_GUI/install/aruco_finder/include/aruco_finder/aruco_finder/msg/detail/found_marker_list__traits.hpp
[25.774s] -- Up-to-date: /home/urc/new_GUI/install/aruco_finder/include/aruco_finder/aruco_finder
[25.774s] -- Up-to-date: /home/urc/new_GUI/install/aruco_finder/include/aruco_finder/aruco_finder/msg
[25.774s] -- Installing: /home/urc/new_GUI/install/aruco_finder/include/aruco_finder/aruco_finder/msg/rosidl_typesupport_fastrtps_cpp__visibility_control.h
[25.774s] -- Up-to-date: /home/urc/new_GUI/install/aruco_finder/include/aruco_finder/aruco_finder/msg/detail
[25.774s] -- Installing: /home/urc/new_GUI/install/aruco_finder/include/aruco_finder/aruco_finder/msg/detail/found_marker__rosidl_typesupport_fastrtps_cpp.hpp
[25.775s] -- Installing: /home/urc/new_GUI/install/aruco_finder/include/aruco_finder/aruco_finder/msg/detail/found_marker_list__rosidl_typesupport_fastrtps_cpp.hpp
[25.775s] -- Installing: /home/urc/new_GUI/install/aruco_finder/include/aruco_finder/aruco_finder/msg/detail/dds_fastrtps
[25.775s] -- Installing: /home/urc/new_GUI/install/aruco_finder/lib/libaruco_finder__rosidl_typesupport_fastrtps_cpp.so
[25.775s] -- Set runtime path of "/home/urc/new_GUI/install/aruco_finder/lib/libaruco_finder__rosidl_typesupport_fastrtps_cpp.so" to ""
[25.775s] -- Up-to-date: /home/urc/new_GUI/install/aruco_finder/include/aruco_finder/aruco_finder
[25.775s] -- Up-to-date: /home/urc/new_GUI/install/aruco_finder/include/aruco_finder/aruco_finder/msg
[25.776s] -- Up-to-date: /home/urc/new_GUI/install/aruco_finder/include/aruco_finder/aruco_finder/msg/detail
[25.776s] -- Installing: /home/urc/new_GUI/install/aruco_finder/include/aruco_finder/aruco_finder/msg/detail/found_marker_list__type_support.cpp
[25.776s] -- Installing: /home/urc/new_GUI/install/aruco_finder/include/aruco_finder/aruco_finder/msg/detail/found_marker_list__rosidl_typesupport_introspection_cpp.hpp
[25.776s] -- Installing: /home/urc/new_GUI/install/aruco_finder/include/aruco_finder/aruco_finder/msg/detail/found_marker__type_support.cpp
[25.776s] -- Installing: /home/urc/new_GUI/install/aruco_finder/include/aruco_finder/aruco_finder/msg/detail/found_marker__rosidl_typesupport_introspection_cpp.hpp
[25.776s] -- Installing: /home/urc/new_GUI/install/aruco_finder/lib/libaruco_finder__rosidl_typesupport_introspection_cpp.so
[25.777s] -- Set runtime path of "/home/urc/new_GUI/install/aruco_finder/lib/libaruco_finder__rosidl_typesupport_introspection_cpp.so" to ""
[25.777s] -- Installing: /home/urc/new_GUI/install/aruco_finder/lib/libaruco_finder__rosidl_typesupport_cpp.so
[25.777s] -- Set runtime path of "/home/urc/new_GUI/install/aruco_finder/lib/libaruco_finder__rosidl_typesupport_cpp.so" to ""
[25.778s] -- Installing: /home/urc/new_GUI/install/aruco_finder/share/aruco_finder/environment/pythonpath.sh
[25.778s] -- Installing: /home/urc/new_GUI/install/aruco_finder/share/aruco_finder/environment/pythonpath.dsv
[25.778s] -- Installing: /home/urc/new_GUI/install/aruco_finder/local/lib/python3.10/dist-packages/aruco_finder-0.0.0-py3.10.egg-info
[25.779s] -- Installing: /home/urc/new_GUI/install/aruco_finder/local/lib/python3.10/dist-packages/aruco_finder-0.0.0-py3.10.egg-info/PKG-INFO
[25.779s] -- Installing: /home/urc/new_GUI/install/aruco_finder/local/lib/python3.10/dist-packages/aruco_finder-0.0.0-py3.10.egg-info/dependency_links.txt
[25.780s] -- Installing: /home/urc/new_GUI/install/aruco_finder/local/lib/python3.10/dist-packages/aruco_finder-0.0.0-py3.10.egg-info/top_level.txt
[25.788s] -- Installing: /home/urc/new_GUI/install/aruco_finder/local/lib/python3.10/dist-packages/aruco_finder-0.0.0-py3.10.egg-info/SOURCES.txt
[25.788s] -- Installing: /home/urc/new_GUI/install/aruco_finder/local/lib/python3.10/dist-packages/aruco_finder
[25.789s] -- Installing: /home/urc/new_GUI/install/aruco_finder/local/lib/python3.10/dist-packages/aruco_finder/msg
[25.789s] -- Installing: /home/urc/new_GUI/install/aruco_finder/local/lib/python3.10/dist-packages/aruco_finder/msg/_found_marker_list.py
[25.789s] -- Installing: /home/urc/new_GUI/install/aruco_finder/local/lib/python3.10/dist-packages/aruco_finder/msg/__init__.py
[25.789s] -- Installing: /home/urc/new_GUI/install/aruco_finder/local/lib/python3.10/dist-packages/aruco_finder/msg/_found_marker_list_s.c
[25.789s] -- Installing: /home/urc/new_GUI/install/aruco_finder/local/lib/python3.10/dist-packages/aruco_finder/msg/_found_marker.py
[25.789s] -- Installing: /home/urc/new_GUI/install/aruco_finder/local/lib/python3.10/dist-packages/aruco_finder/msg/_found_marker_s.c
[25.789s] -- Installing: /home/urc/new_GUI/install/aruco_finder/local/lib/python3.10/dist-packages/aruco_finder/libaruco_finder__rosidl_generator_py.so
[25.789s] -- Installing: /home/urc/new_GUI/install/aruco_finder/local/lib/python3.10/dist-packages/aruco_finder/__init__.py
[25.790s] -- Installing: /home/urc/new_GUI/install/aruco_finder/local/lib/python3.10/dist-packages/aruco_finder/aruco_finder_s__rosidl_typesupport_introspection_c.cpython-310-x86_64-linux-gnu.so
[25.790s] -- Installing: /home/urc/new_GUI/install/aruco_finder/local/lib/python3.10/dist-packages/aruco_finder/aruco_finder_s__rosidl_typesupport_c.cpython-310-x86_64-linux-gnu.so
[25.790s] -- Installing: /home/urc/new_GUI/install/aruco_finder/local/lib/python3.10/dist-packages/aruco_finder/aruco_finder_s__rosidl_typesupport_fastrtps_c.cpython-310-x86_64-linux-gnu.so
[25.790s] -- Installing: /home/urc/new_GUI/install/aruco_finder/local/lib/python3.10/dist-packages/aruco_finder/_aruco_finder_s.ep.rosidl_typesupport_c.c
[25.790s] -- Installing: /home/urc/new_GUI/install/aruco_finder/local/lib/python3.10/dist-packages/aruco_finder/_aruco_finder_s.ep.rosidl_typesupport_fastrtps_c.c
[25.790s] -- Installing: /home/urc/new_GUI/install/aruco_finder/local/lib/python3.10/dist-packages/aruco_finder/_aruco_finder_s.ep.rosidl_typesupport_introspection_c.c
[25.838s] Listing '/home/urc/new_GUI/install/aruco_finder/local/lib/python3.10/dist-packages/aruco_finder'...
[25.838s] Compiling '/home/urc/new_GUI/install/aruco_finder/local/lib/python3.10/dist-packages/aruco_finder/__init__.py'...
[25.838s] Listing '/home/urc/new_GUI/install/aruco_finder/local/lib/python3.10/dist-packages/aruco_finder/msg'...
[25.838s] Compiling '/home/urc/new_GUI/install/aruco_finder/local/lib/python3.10/dist-packages/aruco_finder/msg/__init__.py'...
[25.838s] Compiling '/home/urc/new_GUI/install/aruco_finder/local/lib/python3.10/dist-packages/aruco_finder/msg/_found_marker.py'...
[25.838s] Compiling '/home/urc/new_GUI/install/aruco_finder/local/lib/python3.10/dist-packages/aruco_finder/msg/_found_marker_list.py'...
[25.849s] -- Installing: /home/urc/new_GUI/install/aruco_finder/local/lib/python3.10/dist-packages/aruco_finder/aruco_finder_s__rosidl_typesupport_fastrtps_c.cpython-310-x86_64-linux-gnu.so
[25.850s] -- Set runtime path of "/home/urc/new_GUI/install/aruco_finder/local/lib/python3.10/dist-packages/aruco_finder/aruco_finder_s__rosidl_typesupport_fastrtps_c.cpython-310-x86_64-linux-gnu.so" to ""
[25.850s] -- Installing: /home/urc/new_GUI/install/aruco_finder/local/lib/python3.10/dist-packages/aruco_finder/aruco_finder_s__rosidl_typesupport_introspection_c.cpython-310-x86_64-linux-gnu.so
[25.850s] -- Set runtime path of "/home/urc/new_GUI/install/aruco_finder/local/lib/python3.10/dist-packages/aruco_finder/aruco_finder_s__rosidl_typesupport_introspection_c.cpython-310-x86_64-linux-gnu.so" to ""
[25.850s] -- Installing: /home/urc/new_GUI/install/aruco_finder/local/lib/python3.10/dist-packages/aruco_finder/aruco_finder_s__rosidl_typesupport_c.cpython-310-x86_64-linux-gnu.so
[25.850s] -- Set runtime path of "/home/urc/new_GUI/install/aruco_finder/local/lib/python3.10/dist-packages/aruco_finder/aruco_finder_s__rosidl_typesupport_c.cpython-310-x86_64-linux-gnu.so" to ""
[25.850s] -- Installing: /home/urc/new_GUI/install/aruco_finder/lib/libaruco_finder__rosidl_generator_py.so
[25.851s] -- Set runtime path of "/home/urc/new_GUI/install/aruco_finder/lib/libaruco_finder__rosidl_generator_py.so" to ""
[25.851s] -- Installing: /home/urc/new_GUI/install/aruco_finder/share/aruco_finder/msg/FoundMarker.idl
[25.853s] -- Installing: /home/urc/new_GUI/install/aruco_finder/share/aruco_finder/msg/FoundMarkerList.idl
[25.853s] -- Installing: /home/urc/new_GUI/install/aruco_finder/share/aruco_finder/msg/FoundMarker.msg
[25.853s] -- Installing: /home/urc/new_GUI/install/aruco_finder/share/aruco_finder/msg/FoundMarkerList.msg
[25.853s] -- Installing: /home/urc/new_GUI/install/aruco_finder/share/ament_index/resource_index/package_run_dependencies/aruco_finder
[25.853s] -- Installing: /home/urc/new_GUI/install/aruco_finder/share/ament_index/resource_index/parent_prefix_path/aruco_finder
[25.853s] -- Installing: /home/urc/new_GUI/install/aruco_finder/share/aruco_finder/environment/ament_prefix_path.sh
[25.854s] -- Installing: /home/urc/new_GUI/install/aruco_finder/share/aruco_finder/environment/ament_prefix_path.dsv
[25.854s] -- Installing: /home/urc/new_GUI/install/aruco_finder/share/aruco_finder/environment/path.sh
[25.854s] -- Installing: /home/urc/new_GUI/install/aruco_finder/share/aruco_finder/environment/path.dsv
[25.857s] -- Installing: /home/urc/new_GUI/install/aruco_finder/share/aruco_finder/local_setup.bash
[25.857s] -- Installing: /home/urc/new_GUI/install/aruco_finder/share/aruco_finder/local_setup.sh
[25.859s] -- Installing: /home/urc/new_GUI/install/aruco_finder/share/aruco_finder/local_setup.zsh
[25.859s] -- Installing: /home/urc/new_GUI/install/aruco_finder/share/aruco_finder/local_setup.dsv
[25.860s] -- Installing: /home/urc/new_GUI/install/aruco_finder/share/aruco_finder/package.dsv
[25.860s] -- Installing: /home/urc/new_GUI/install/aruco_finder/share/ament_index/resource_index/packages/aruco_finder
[25.861s] -- Installing: /home/urc/new_GUI/install/aruco_finder/share/aruco_finder/cmake/export_aruco_finder__rosidl_generator_cExport.cmake
[25.862s] -- Installing: /home/urc/new_GUI/install/aruco_finder/share/aruco_finder/cmake/export_aruco_finder__rosidl_generator_cExport-noconfig.cmake
[25.862s] -- Installing: /home/urc/new_GUI/install/aruco_finder/share/aruco_finder/cmake/export_aruco_finder__rosidl_typesupport_fastrtps_cExport.cmake
[25.862s] -- Installing: /home/urc/new_GUI/install/aruco_finder/share/aruco_finder/cmake/export_aruco_finder__rosidl_typesupport_fastrtps_cExport-noconfig.cmake
[25.864s] -- Installing: /home/urc/new_GUI/install/aruco_finder/share/aruco_finder/cmake/aruco_finder__rosidl_typesupport_introspection_cExport.cmake
[25.864s] -- Installing: /home/urc/new_GUI/install/aruco_finder/share/aruco_finder/cmake/aruco_finder__rosidl_typesupport_introspection_cExport-noconfig.cmake
[25.865s] -- Installing: /home/urc/new_GUI/install/aruco_finder/share/aruco_finder/cmake/aruco_finder__rosidl_typesupport_cExport.cmake
[25.866s] -- Installing: /home/urc/new_GUI/install/aruco_finder/share/aruco_finder/cmake/aruco_finder__rosidl_typesupport_cExport-noconfig.cmake
[25.866s] -- Installing: /home/urc/new_GUI/install/aruco_finder/share/aruco_finder/cmake/export_aruco_finder__rosidl_generator_cppExport.cmake
[25.867s] -- Installing: /home/urc/new_GUI/install/aruco_finder/share/aruco_finder/cmake/export_aruco_finder__rosidl_typesupport_fastrtps_cppExport.cmake
[25.867s] -- Installing: /home/urc/new_GUI/install/aruco_finder/share/aruco_finder/cmake/export_aruco_finder__rosidl_typesupport_fastrtps_cppExport-noconfig.cmake
[25.867s] -- Installing: /home/urc/new_GUI/install/aruco_finder/share/aruco_finder/cmake/aruco_finder__rosidl_typesupport_introspection_cppExport.cmake
[25.868s] -- Installing: /home/urc/new_GUI/install/aruco_finder/share/aruco_finder/cmake/aruco_finder__rosidl_typesupport_introspection_cppExport-noconfig.cmake
[25.869s] -- Installing: /home/urc/new_GUI/install/aruco_finder/share/aruco_finder/cmake/aruco_finder__rosidl_typesupport_cppExport.cmake
[25.869s] -- Installing: /home/urc/new_GUI/install/aruco_finder/share/aruco_finder/cmake/aruco_finder__rosidl_typesupport_cppExport-noconfig.cmake
[25.871s] -- Installing: /home/urc/new_GUI/install/aruco_finder/share/aruco_finder/cmake/export_aruco_finder__rosidl_generator_pyExport.cmake
[25.872s] -- Installing: /home/urc/new_GUI/install/aruco_finder/share/aruco_finder/cmake/export_aruco_finder__rosidl_generator_pyExport-noconfig.cmake
[25.872s] -- Installing: /home/urc/new_GUI/install/aruco_finder/share/aruco_finder/cmake/rosidl_cmake-extras.cmake
[25.872s] -- Installing: /home/urc/new_GUI/install/aruco_finder/share/aruco_finder/cmake/ament_cmake_export_dependencies-extras.cmake
[25.872s] -- Installing: /home/urc/new_GUI/install/aruco_finder/share/aruco_finder/cmake/ament_cmake_export_include_directories-extras.cmake
[25.872s] -- Installing: /home/urc/new_GUI/install/aruco_finder/share/aruco_finder/cmake/ament_cmake_export_libraries-extras.cmake
[25.879s] -- Installing: /home/urc/new_GUI/install/aruco_finder/share/aruco_finder/cmake/ament_cmake_export_targets-extras.cmake
[25.931s] -- Installing: /home/urc/new_GUI/install/aruco_finder/share/aruco_finder/cmake/rosidl_cmake_export_typesupport_targets-extras.cmake
[25.931s] -- Installing: /home/urc/new_GUI/install/aruco_finder/share/aruco_finder/cmake/rosidl_cmake_export_typesupport_libraries-extras.cmake
[25.931s] -- Installing: /home/urc/new_GUI/install/aruco_finder/share/aruco_finder/cmake/aruco_finderConfig.cmake
[25.932s] -- Installing: /home/urc/new_GUI/install/aruco_finder/share/aruco_finder/cmake/aruco_finderConfig-version.cmake
[25.932s] -- Installing: /home/urc/new_GUI/install/aruco_finder/share/aruco_finder/package.xml
[25.932s] Invoked command in '/home/urc/new_GUI/build/aruco_finder' returned '0': CMAKE_PREFIX_PATH=/opt/ros/humble /usr/bin/cmake --install /home/urc/new_GUI/build/aruco_finder
