[0.289s] Invoking command in '/home/urc/new_GUI/build/rover_gui_lib': CMAKE_PREFIX_PATH=/home/urc/new_GUI/install/urc_gui_lib:/home/urc/new_GUI/install/theora_webcams:/home/urc/new_GUI/install/marker_interfacing:/home/urc/new_GUI/install/aruco_finder:/home/urc/new_GUI/install/rover_gui_lib:/home/urc/new_GUI/install/science_servo_control:/home/urc/new_GUI/install/ocean_optics_spectrometer:/home/urc/new_GUI/install/hockey_stick_arm LD_LIBRARY_PATH=/home/urc/new_GUI/install/theora_webcams/lib:/home/urc/new_GUI/install/marker_interfacing/lib:/home/urc/new_GUI/install/aruco_finder/lib:/home/urc/new_GUI/install/rover_gui_lib/lib:/home/urc/new_GUI/install/science_servo_control/lib:/home/urc/new_GUI/install/ocean_optics_spectrometer/lib:/home/urc/new_GUI/install/hockey_stick_arm/lib:/opt/ros/humble/opt/rviz_ogre_vendor/lib:/opt/ros/humble/lib/x86_64-linux-gnu:/opt/ros/humble/lib PKG_CONFIG_PATH=/home/urc/new_GUI/install/urc_gui_lib/lib/x86_64-linux-gnu/pkgconfig:/home/urc/new_GUI/install/urc_gui_lib/lib/pkgconfig:/home/urc/new_GUI/install/rover_gui_lib/lib/x86_64-linux-gnu/pkgconfig:/home/urc/new_GUI/install/rover_gui_lib/lib/pkgconfig ROS_PACKAGE_PATH=/home/urc/new_GUI/install/urc_gui_lib/share:/home/urc/new_GUI/install/rover_gui_lib/share /usr/bin/cmake --build /home/urc/new_GUI/build/rover_gui_lib -- -j4 -l4
[0.390s] [  2%] Built target rover_gui_lib__cpp
[0.478s] [  2%] Built target ament_cmake_python_copy_rover_gui_lib
[0.532s] [ 12%] Built target rover_gui_lib__rosidl_typesupport_fastrtps_cpp
[0.614s] [ 23%] Built target rover_gui_lib__rosidl_typesupport_introspection_cpp
[1.338s] running egg_info
[1.338s] writing rover_gui_lib.egg-info/PKG-INFO
[1.338s] writing dependency_links to rover_gui_lib.egg-info/dependency_links.txt
[1.339s] writing top-level names to rover_gui_lib.egg-info/top_level.txt
[1.339s] reading manifest file 'rover_gui_lib.egg-info/SOURCES.txt'
[1.346s] writing manifest file 'rover_gui_lib.egg-info/SOURCES.txt'
[1.404s] [ 23%] Built target ament_cmake_python_build_rover_gui_lib_egg
[1.444s] [ 33%] Built target rover_gui_lib__rosidl_typesupport_cpp
[1.496s] [ 43%] Built target rover_gui_lib__rosidl_generator_c
[1.558s] [ 53%] Built target rover_gui_lib__rosidl_typesupport_fastrtps_c
[1.615s] [ 64%] Built target rover_gui_lib__rosidl_typesupport_c
[1.665s] [ 74%] Built target rover_gui_lib__rosidl_typesupport_introspection_c
[1.780s] [ 74%] Built target rover_gui_lib
[1.871s] [ 76%] Built target rover_gui_lib__py
[1.956s] [ 84%] Built target rover_gui_lib__rosidl_generator_py
[2.040s] [ 89%] Built target rover_gui_lib__rosidl_typesupport_fastrtps_c__pyext
[2.094s] [ 94%] Built target rover_gui_lib__rosidl_typesupport_c__pyext
[2.155s] [100%] Built target rover_gui_lib__rosidl_typesupport_introspection_c__pyext
[2.174s] Invoked command in '/home/urc/new_GUI/build/rover_gui_lib' returned '0': CMAKE_PREFIX_PATH=/home/urc/new_GUI/install/urc_gui_lib:/home/urc/new_GUI/install/theora_webcams:/home/urc/new_GUI/install/marker_interfacing:/home/urc/new_GUI/install/aruco_finder:/home/urc/new_GUI/install/rover_gui_lib:/home/urc/new_GUI/install/science_servo_control:/home/urc/new_GUI/install/ocean_optics_spectrometer:/home/urc/new_GUI/install/hockey_stick_arm LD_LIBRARY_PATH=/home/urc/new_GUI/install/theora_webcams/lib:/home/urc/new_GUI/install/marker_interfacing/lib:/home/urc/new_GUI/install/aruco_finder/lib:/home/urc/new_GUI/install/rover_gui_lib/lib:/home/urc/new_GUI/install/science_servo_control/lib:/home/urc/new_GUI/install/ocean_optics_spectrometer/lib:/home/urc/new_GUI/install/hockey_stick_arm/lib:/opt/ros/humble/opt/rviz_ogre_vendor/lib:/opt/ros/humble/lib/x86_64-linux-gnu:/opt/ros/humble/lib PKG_CONFIG_PATH=/home/urc/new_GUI/install/urc_gui_lib/lib/x86_64-linux-gnu/pkgconfig:/home/urc/new_GUI/install/urc_gui_lib/lib/pkgconfig:/home/urc/new_GUI/install/rover_gui_lib/lib/x86_64-linux-gnu/pkgconfig:/home/urc/new_GUI/install/rover_gui_lib/lib/pkgconfig ROS_PACKAGE_PATH=/home/urc/new_GUI/install/urc_gui_lib/share:/home/urc/new_GUI/install/rover_gui_lib/share /usr/bin/cmake --build /home/urc/new_GUI/build/rover_gui_lib -- -j4 -l4
[2.522s] Invoking command in '/home/urc/new_GUI/build/rover_gui_lib': CMAKE_PREFIX_PATH=/home/urc/new_GUI/install/urc_gui_lib:/home/urc/new_GUI/install/theora_webcams:/home/urc/new_GUI/install/marker_interfacing:/home/urc/new_GUI/install/aruco_finder:/home/urc/new_GUI/install/rover_gui_lib:/home/urc/new_GUI/install/science_servo_control:/home/urc/new_GUI/install/ocean_optics_spectrometer:/home/urc/new_GUI/install/hockey_stick_arm LD_LIBRARY_PATH=/home/urc/new_GUI/install/theora_webcams/lib:/home/urc/new_GUI/install/marker_interfacing/lib:/home/urc/new_GUI/install/aruco_finder/lib:/home/urc/new_GUI/install/rover_gui_lib/lib:/home/urc/new_GUI/install/science_servo_control/lib:/home/urc/new_GUI/install/ocean_optics_spectrometer/lib:/home/urc/new_GUI/install/hockey_stick_arm/lib:/opt/ros/humble/opt/rviz_ogre_vendor/lib:/opt/ros/humble/lib/x86_64-linux-gnu:/opt/ros/humble/lib PKG_CONFIG_PATH=/home/urc/new_GUI/install/urc_gui_lib/lib/x86_64-linux-gnu/pkgconfig:/home/urc/new_GUI/install/urc_gui_lib/lib/pkgconfig:/home/urc/new_GUI/install/rover_gui_lib/lib/x86_64-linux-gnu/pkgconfig:/home/urc/new_GUI/install/rover_gui_lib/lib/pkgconfig ROS_PACKAGE_PATH=/home/urc/new_GUI/install/urc_gui_lib/share:/home/urc/new_GUI/install/rover_gui_lib/share /usr/bin/cmake --install /home/urc/new_GUI/build/rover_gui_lib
[2.538s] -- Install configuration: ""
[2.538s] -- Up-to-date: /home/urc/new_GUI/install/rover_gui_lib/share/ament_index/resource_index/rosidl_interfaces/rover_gui_lib
[2.539s] -- Up-to-date: /home/urc/new_GUI/install/rover_gui_lib/include/rover_gui_lib/rover_gui_lib
[2.539s] -- Up-to-date: /home/urc/new_GUI/install/rover_gui_lib/include/rover_gui_lib/rover_gui_lib/msg
[2.539s] -- Up-to-date: /home/urc/new_GUI/install/rover_gui_lib/include/rover_gui_lib/rover_gui_lib/msg/ed_waypoint_list.h
[2.539s] -- Up-to-date: /home/urc/new_GUI/install/rover_gui_lib/include/rover_gui_lib/rover_gui_lib/msg/ed_waypoint.h
[2.539s] -- Up-to-date: /home/urc/new_GUI/install/rover_gui_lib/include/rover_gui_lib/rover_gui_lib/msg/rosidl_generator_c__visibility_control.h
[2.540s] -- Up-to-date: /home/urc/new_GUI/install/rover_gui_lib/include/rover_gui_lib/rover_gui_lib/msg/detail
[2.540s] -- Up-to-date: /home/urc/new_GUI/install/rover_gui_lib/include/rover_gui_lib/rover_gui_lib/msg/detail/ed_waypoint__functions.c
[2.540s] -- Up-to-date: /home/urc/new_GUI/install/rover_gui_lib/include/rover_gui_lib/rover_gui_lib/msg/detail/ed_waypoint_list__struct.h
[2.540s] -- Up-to-date: /home/urc/new_GUI/install/rover_gui_lib/include/rover_gui_lib/rover_gui_lib/msg/detail/ed_waypoint__struct.h
[2.540s] -- Up-to-date: /home/urc/new_GUI/install/rover_gui_lib/include/rover_gui_lib/rover_gui_lib/msg/detail/ed_waypoint_list__functions.c
[2.541s] -- Up-to-date: /home/urc/new_GUI/install/rover_gui_lib/include/rover_gui_lib/rover_gui_lib/msg/detail/ed_waypoint_list__functions.h
[2.541s] -- Up-to-date: /home/urc/new_GUI/install/rover_gui_lib/include/rover_gui_lib/rover_gui_lib/msg/detail/ed_waypoint_list__type_support.h
[2.541s] -- Up-to-date: /home/urc/new_GUI/install/rover_gui_lib/include/rover_gui_lib/rover_gui_lib/msg/detail/ed_waypoint__type_support.h
[2.541s] -- Up-to-date: /home/urc/new_GUI/install/rover_gui_lib/include/rover_gui_lib/rover_gui_lib/msg/detail/ed_waypoint__functions.h
[2.542s] -- Up-to-date: /home/urc/new_GUI/install/rover_gui_lib/share/rover_gui_lib/environment/library_path.sh
[2.542s] -- Up-to-date: /home/urc/new_GUI/install/rover_gui_lib/share/rover_gui_lib/environment/library_path.dsv
[2.542s] -- Up-to-date: /home/urc/new_GUI/install/rover_gui_lib/lib/librover_gui_lib__rosidl_generator_c.so
[2.542s] -- Up-to-date: /home/urc/new_GUI/install/rover_gui_lib/include/rover_gui_lib/rover_gui_lib
[2.543s] -- Up-to-date: /home/urc/new_GUI/install/rover_gui_lib/include/rover_gui_lib/rover_gui_lib/msg
[2.543s] -- Up-to-date: /home/urc/new_GUI/install/rover_gui_lib/include/rover_gui_lib/rover_gui_lib/msg/rosidl_typesupport_fastrtps_c__visibility_control.h
[2.543s] -- Up-to-date: /home/urc/new_GUI/install/rover_gui_lib/include/rover_gui_lib/rover_gui_lib/msg/detail
[2.543s] -- Up-to-date: /home/urc/new_GUI/install/rover_gui_lib/include/rover_gui_lib/rover_gui_lib/msg/detail/ed_waypoint__rosidl_typesupport_fastrtps_c.h
[2.544s] -- Up-to-date: /home/urc/new_GUI/install/rover_gui_lib/include/rover_gui_lib/rover_gui_lib/msg/detail/ed_waypoint_list__rosidl_typesupport_fastrtps_c.h
[2.545s] -- Up-to-date: /home/urc/new_GUI/install/rover_gui_lib/lib/librover_gui_lib__rosidl_typesupport_fastrtps_c.so
[2.545s] -- Up-to-date: /home/urc/new_GUI/install/rover_gui_lib/include/rover_gui_lib/rover_gui_lib
[2.546s] -- Up-to-date: /home/urc/new_GUI/install/rover_gui_lib/include/rover_gui_lib/rover_gui_lib/msg
[2.546s] -- Up-to-date: /home/urc/new_GUI/install/rover_gui_lib/include/rover_gui_lib/rover_gui_lib/msg/rosidl_typesupport_introspection_c__visibility_control.h
[2.546s] -- Up-to-date: /home/urc/new_GUI/install/rover_gui_lib/include/rover_gui_lib/rover_gui_lib/msg/detail
[2.547s] -- Up-to-date: /home/urc/new_GUI/install/rover_gui_lib/include/rover_gui_lib/rover_gui_lib/msg/detail/ed_waypoint_list__type_support.c
[2.547s] -- Up-to-date: /home/urc/new_GUI/install/rover_gui_lib/include/rover_gui_lib/rover_gui_lib/msg/detail/ed_waypoint__rosidl_typesupport_introspection_c.h
[2.547s] -- Up-to-date: /home/urc/new_GUI/install/rover_gui_lib/include/rover_gui_lib/rover_gui_lib/msg/detail/ed_waypoint_list__rosidl_typesupport_introspection_c.h
[2.547s] -- Up-to-date: /home/urc/new_GUI/install/rover_gui_lib/include/rover_gui_lib/rover_gui_lib/msg/detail/ed_waypoint__type_support.c
[2.548s] -- Up-to-date: /home/urc/new_GUI/install/rover_gui_lib/lib/librover_gui_lib__rosidl_typesupport_introspection_c.so
[2.555s] -- Up-to-date: /home/urc/new_GUI/install/rover_gui_lib/lib/librover_gui_lib__rosidl_typesupport_c.so
[2.556s] -- Up-to-date: /home/urc/new_GUI/install/rover_gui_lib/include/rover_gui_lib/rover_gui_lib
[2.556s] -- Up-to-date: /home/urc/new_GUI/install/rover_gui_lib/include/rover_gui_lib/rover_gui_lib/msg
[2.556s] -- Up-to-date: /home/urc/new_GUI/install/rover_gui_lib/include/rover_gui_lib/rover_gui_lib/msg/ed_waypoint_list.hpp
[2.557s] -- Up-to-date: /home/urc/new_GUI/install/rover_gui_lib/include/rover_gui_lib/rover_gui_lib/msg/ed_waypoint.hpp
[2.557s] -- Up-to-date: /home/urc/new_GUI/install/rover_gui_lib/include/rover_gui_lib/rover_gui_lib/msg/detail
[2.557s] -- Up-to-date: /home/urc/new_GUI/install/rover_gui_lib/include/rover_gui_lib/rover_gui_lib/msg/detail/ed_waypoint__builder.hpp
[2.558s] -- Up-to-date: /home/urc/new_GUI/install/rover_gui_lib/include/rover_gui_lib/rover_gui_lib/msg/detail/ed_waypoint_list__traits.hpp
[2.558s] -- Up-to-date: /home/urc/new_GUI/install/rover_gui_lib/include/rover_gui_lib/rover_gui_lib/msg/detail/ed_waypoint__traits.hpp
[2.558s] -- Up-to-date: /home/urc/new_GUI/install/rover_gui_lib/include/rover_gui_lib/rover_gui_lib/msg/detail/ed_waypoint_list__struct.hpp
[2.558s] -- Up-to-date: /home/urc/new_GUI/install/rover_gui_lib/include/rover_gui_lib/rover_gui_lib/msg/detail/ed_waypoint_list__builder.hpp
[2.558s] -- Up-to-date: /home/urc/new_GUI/install/rover_gui_lib/include/rover_gui_lib/rover_gui_lib/msg/detail/ed_waypoint__struct.hpp
[2.558s] -- Up-to-date: /home/urc/new_GUI/install/rover_gui_lib/include/rover_gui_lib/rover_gui_lib
[2.558s] -- Up-to-date: /home/urc/new_GUI/install/rover_gui_lib/include/rover_gui_lib/rover_gui_lib/msg
[2.559s] -- Up-to-date: /home/urc/new_GUI/install/rover_gui_lib/include/rover_gui_lib/rover_gui_lib/msg/rosidl_typesupport_fastrtps_cpp__visibility_control.h
[2.559s] -- Up-to-date: /home/urc/new_GUI/install/rover_gui_lib/include/rover_gui_lib/rover_gui_lib/msg/detail
[2.559s] -- Up-to-date: /home/urc/new_GUI/install/rover_gui_lib/include/rover_gui_lib/rover_gui_lib/msg/detail/ed_waypoint__rosidl_typesupport_fastrtps_cpp.hpp
[2.559s] -- Up-to-date: /home/urc/new_GUI/install/rover_gui_lib/include/rover_gui_lib/rover_gui_lib/msg/detail/ed_waypoint_list__rosidl_typesupport_fastrtps_cpp.hpp
[2.559s] -- Up-to-date: /home/urc/new_GUI/install/rover_gui_lib/include/rover_gui_lib/rover_gui_lib/msg/detail/dds_fastrtps
[2.561s] -- Up-to-date: /home/urc/new_GUI/install/rover_gui_lib/lib/librover_gui_lib__rosidl_typesupport_fastrtps_cpp.so
[2.561s] -- Up-to-date: /home/urc/new_GUI/install/rover_gui_lib/include/rover_gui_lib/rover_gui_lib
[2.561s] -- Up-to-date: /home/urc/new_GUI/install/rover_gui_lib/include/rover_gui_lib/rover_gui_lib/msg
[2.562s] -- Up-to-date: /home/urc/new_GUI/install/rover_gui_lib/include/rover_gui_lib/rover_gui_lib/msg/detail
[2.562s] -- Up-to-date: /home/urc/new_GUI/install/rover_gui_lib/include/rover_gui_lib/rover_gui_lib/msg/detail/ed_waypoint__rosidl_typesupport_introspection_cpp.hpp
[2.562s] -- Up-to-date: /home/urc/new_GUI/install/rover_gui_lib/include/rover_gui_lib/rover_gui_lib/msg/detail/ed_waypoint_list__rosidl_typesupport_introspection_cpp.hpp
[2.562s] -- Up-to-date: /home/urc/new_GUI/install/rover_gui_lib/include/rover_gui_lib/rover_gui_lib/msg/detail/ed_waypoint__type_support.cpp
[2.562s] -- Up-to-date: /home/urc/new_GUI/install/rover_gui_lib/include/rover_gui_lib/rover_gui_lib/msg/detail/ed_waypoint_list__type_support.cpp
[2.562s] -- Up-to-date: /home/urc/new_GUI/install/rover_gui_lib/lib/librover_gui_lib__rosidl_typesupport_introspection_cpp.so
[2.562s] -- Up-to-date: /home/urc/new_GUI/install/rover_gui_lib/lib/librover_gui_lib__rosidl_typesupport_cpp.so
[2.565s] -- Up-to-date: /home/urc/new_GUI/install/rover_gui_lib/share/rover_gui_lib/environment/pythonpath.sh
[2.565s] -- Up-to-date: /home/urc/new_GUI/install/rover_gui_lib/share/rover_gui_lib/environment/pythonpath.dsv
[2.566s] -- Up-to-date: /home/urc/new_GUI/install/rover_gui_lib/local/lib/python3.10/dist-packages/rover_gui_lib-0.0.0-py3.10.egg-info
[2.566s] -- Installing: /home/urc/new_GUI/install/rover_gui_lib/local/lib/python3.10/dist-packages/rover_gui_lib-0.0.0-py3.10.egg-info/PKG-INFO
[2.566s] -- Installing: /home/urc/new_GUI/install/rover_gui_lib/local/lib/python3.10/dist-packages/rover_gui_lib-0.0.0-py3.10.egg-info/dependency_links.txt
[2.566s] -- Installing: /home/urc/new_GUI/install/rover_gui_lib/local/lib/python3.10/dist-packages/rover_gui_lib-0.0.0-py3.10.egg-info/top_level.txt
[2.566s] -- Installing: /home/urc/new_GUI/install/rover_gui_lib/local/lib/python3.10/dist-packages/rover_gui_lib-0.0.0-py3.10.egg-info/SOURCES.txt
[2.566s] -- Up-to-date: /home/urc/new_GUI/install/rover_gui_lib/local/lib/python3.10/dist-packages/rover_gui_lib
[2.566s] -- Up-to-date: /home/urc/new_GUI/install/rover_gui_lib/local/lib/python3.10/dist-packages/rover_gui_lib/librover_gui_lib__rosidl_generator_py.so
[2.566s] -- Up-to-date: /home/urc/new_GUI/install/rover_gui_lib/local/lib/python3.10/dist-packages/rover_gui_lib/rover_gui_lib_s__rosidl_typesupport_fastrtps_c.cpython-310-x86_64-linux-gnu.so
[2.566s] -- Up-to-date: /home/urc/new_GUI/install/rover_gui_lib/local/lib/python3.10/dist-packages/rover_gui_lib/msg
[2.567s] -- Up-to-date: /home/urc/new_GUI/install/rover_gui_lib/local/lib/python3.10/dist-packages/rover_gui_lib/msg/_ed_waypoint_list_s.c
[2.567s] -- Up-to-date: /home/urc/new_GUI/install/rover_gui_lib/local/lib/python3.10/dist-packages/rover_gui_lib/msg/_ed_waypoint_s.c
[2.567s] -- Up-to-date: /home/urc/new_GUI/install/rover_gui_lib/local/lib/python3.10/dist-packages/rover_gui_lib/msg/__init__.py
[2.567s] -- Up-to-date: /home/urc/new_GUI/install/rover_gui_lib/local/lib/python3.10/dist-packages/rover_gui_lib/msg/_ed_waypoint_list.py
[2.567s] -- Up-to-date: /home/urc/new_GUI/install/rover_gui_lib/local/lib/python3.10/dist-packages/rover_gui_lib/msg/_ed_waypoint.py
[2.567s] -- Up-to-date: /home/urc/new_GUI/install/rover_gui_lib/local/lib/python3.10/dist-packages/rover_gui_lib/__init__.py
[2.567s] -- Up-to-date: /home/urc/new_GUI/install/rover_gui_lib/local/lib/python3.10/dist-packages/rover_gui_lib/_rover_gui_lib_s.ep.rosidl_typesupport_fastrtps_c.c
[2.567s] -- Up-to-date: /home/urc/new_GUI/install/rover_gui_lib/local/lib/python3.10/dist-packages/rover_gui_lib/rover_gui_lib_s__rosidl_typesupport_introspection_c.cpython-310-x86_64-linux-gnu.so
[2.567s] -- Up-to-date: /home/urc/new_GUI/install/rover_gui_lib/local/lib/python3.10/dist-packages/rover_gui_lib/rover_gui_lib_s__rosidl_typesupport_c.cpython-310-x86_64-linux-gnu.so
[2.567s] -- Up-to-date: /home/urc/new_GUI/install/rover_gui_lib/local/lib/python3.10/dist-packages/rover_gui_lib/_rover_gui_lib_s.ep.rosidl_typesupport_introspection_c.c
[2.567s] -- Up-to-date: /home/urc/new_GUI/install/rover_gui_lib/local/lib/python3.10/dist-packages/rover_gui_lib/_rover_gui_lib_s.ep.rosidl_typesupport_c.c
[2.659s] Listing '/home/urc/new_GUI/install/rover_gui_lib/local/lib/python3.10/dist-packages/rover_gui_lib'...
[2.659s] Listing '/home/urc/new_GUI/install/rover_gui_lib/local/lib/python3.10/dist-packages/rover_gui_lib/msg'...
[2.667s] -- Up-to-date: /home/urc/new_GUI/install/rover_gui_lib/local/lib/python3.10/dist-packages/rover_gui_lib/rover_gui_lib_s__rosidl_typesupport_fastrtps_c.cpython-310-x86_64-linux-gnu.so
[2.668s] -- Up-to-date: /home/urc/new_GUI/install/rover_gui_lib/local/lib/python3.10/dist-packages/rover_gui_lib/rover_gui_lib_s__rosidl_typesupport_introspection_c.cpython-310-x86_64-linux-gnu.so
[2.669s] -- Up-to-date: /home/urc/new_GUI/install/rover_gui_lib/local/lib/python3.10/dist-packages/rover_gui_lib/rover_gui_lib_s__rosidl_typesupport_c.cpython-310-x86_64-linux-gnu.so
[2.670s] -- Up-to-date: /home/urc/new_GUI/install/rover_gui_lib/lib/librover_gui_lib__rosidl_generator_py.so
[2.670s] -- Up-to-date: /home/urc/new_GUI/install/rover_gui_lib/share/rover_gui_lib/msg/EDWaypoint.idl
[2.670s] -- Up-to-date: /home/urc/new_GUI/install/rover_gui_lib/share/rover_gui_lib/msg/EDWaypointList.idl
[2.670s] -- Up-to-date: /home/urc/new_GUI/install/rover_gui_lib/share/rover_gui_lib/msg/EDWaypoint.msg
[2.671s] -- Up-to-date: /home/urc/new_GUI/install/rover_gui_lib/share/rover_gui_lib/msg/EDWaypointList.msg
[2.671s] -- Up-to-date: /home/urc/new_GUI/install/rover_gui_lib/share/ament_index/resource_index/package_run_dependencies/rover_gui_lib
[2.671s] -- Up-to-date: /home/urc/new_GUI/install/rover_gui_lib/share/ament_index/resource_index/parent_prefix_path/rover_gui_lib
[2.671s] -- Up-to-date: /home/urc/new_GUI/install/rover_gui_lib/share/rover_gui_lib/environment/ament_prefix_path.sh
[2.671s] -- Up-to-date: /home/urc/new_GUI/install/rover_gui_lib/share/rover_gui_lib/environment/ament_prefix_path.dsv
[2.672s] -- Up-to-date: /home/urc/new_GUI/install/rover_gui_lib/share/rover_gui_lib/environment/path.sh
[2.672s] -- Up-to-date: /home/urc/new_GUI/install/rover_gui_lib/share/rover_gui_lib/environment/path.dsv
[2.672s] -- Up-to-date: /home/urc/new_GUI/install/rover_gui_lib/share/rover_gui_lib/local_setup.bash
[2.672s] -- Up-to-date: /home/urc/new_GUI/install/rover_gui_lib/share/rover_gui_lib/local_setup.sh
[2.672s] -- Up-to-date: /home/urc/new_GUI/install/rover_gui_lib/share/rover_gui_lib/local_setup.zsh
[2.673s] -- Up-to-date: /home/urc/new_GUI/install/rover_gui_lib/share/rover_gui_lib/local_setup.dsv
[2.673s] -- Installing: /home/urc/new_GUI/install/rover_gui_lib/share/rover_gui_lib/package.dsv
[2.673s] -- Up-to-date: /home/urc/new_GUI/install/rover_gui_lib/share/ament_index/resource_index/packages/rover_gui_lib
[2.674s] -- Up-to-date: /home/urc/new_GUI/install/rover_gui_lib/share/rover_gui_lib/cmake/export_rover_gui_lib__rosidl_generator_cExport.cmake
[2.674s] -- Up-to-date: /home/urc/new_GUI/install/rover_gui_lib/share/rover_gui_lib/cmake/export_rover_gui_lib__rosidl_generator_cExport-noconfig.cmake
[2.675s] -- Up-to-date: /home/urc/new_GUI/install/rover_gui_lib/share/rover_gui_lib/cmake/export_rover_gui_lib__rosidl_typesupport_fastrtps_cExport.cmake
[2.675s] -- Up-to-date: /home/urc/new_GUI/install/rover_gui_lib/share/rover_gui_lib/cmake/export_rover_gui_lib__rosidl_typesupport_fastrtps_cExport-noconfig.cmake
[2.677s] -- Up-to-date: /home/urc/new_GUI/install/rover_gui_lib/share/rover_gui_lib/cmake/rover_gui_lib__rosidl_typesupport_introspection_cExport.cmake
[2.677s] -- Up-to-date: /home/urc/new_GUI/install/rover_gui_lib/share/rover_gui_lib/cmake/rover_gui_lib__rosidl_typesupport_introspection_cExport-noconfig.cmake
[2.679s] -- Up-to-date: /home/urc/new_GUI/install/rover_gui_lib/share/rover_gui_lib/cmake/rover_gui_lib__rosidl_typesupport_cExport.cmake
[2.679s] -- Up-to-date: /home/urc/new_GUI/install/rover_gui_lib/share/rover_gui_lib/cmake/rover_gui_lib__rosidl_typesupport_cExport-noconfig.cmake
[2.680s] -- Up-to-date: /home/urc/new_GUI/install/rover_gui_lib/share/rover_gui_lib/cmake/export_rover_gui_lib__rosidl_generator_cppExport.cmake
[2.680s] -- Up-to-date: /home/urc/new_GUI/install/rover_gui_lib/share/rover_gui_lib/cmake/export_rover_gui_lib__rosidl_typesupport_fastrtps_cppExport.cmake
[2.681s] -- Up-to-date: /home/urc/new_GUI/install/rover_gui_lib/share/rover_gui_lib/cmake/export_rover_gui_lib__rosidl_typesupport_fastrtps_cppExport-noconfig.cmake
[2.681s] -- Up-to-date: /home/urc/new_GUI/install/rover_gui_lib/share/rover_gui_lib/cmake/rover_gui_lib__rosidl_typesupport_introspection_cppExport.cmake
[2.682s] -- Up-to-date: /home/urc/new_GUI/install/rover_gui_lib/share/rover_gui_lib/cmake/rover_gui_lib__rosidl_typesupport_introspection_cppExport-noconfig.cmake
[2.682s] -- Up-to-date: /home/urc/new_GUI/install/rover_gui_lib/share/rover_gui_lib/cmake/rover_gui_lib__rosidl_typesupport_cppExport.cmake
[2.685s] -- Up-to-date: /home/urc/new_GUI/install/rover_gui_lib/share/rover_gui_lib/cmake/rover_gui_lib__rosidl_typesupport_cppExport-noconfig.cmake
[2.685s] -- Up-to-date: /home/urc/new_GUI/install/rover_gui_lib/share/rover_gui_lib/cmake/export_rover_gui_lib__rosidl_generator_pyExport.cmake
[2.685s] -- Up-to-date: /home/urc/new_GUI/install/rover_gui_lib/share/rover_gui_lib/cmake/export_rover_gui_lib__rosidl_generator_pyExport-noconfig.cmake
[2.686s] -- Up-to-date: /home/urc/new_GUI/install/rover_gui_lib/share/rover_gui_lib/cmake/rosidl_cmake-extras.cmake
[2.686s] -- Up-to-date: /home/urc/new_GUI/install/rover_gui_lib/share/rover_gui_lib/cmake/ament_cmake_export_dependencies-extras.cmake
[2.686s] -- Up-to-date: /home/urc/new_GUI/install/rover_gui_lib/share/rover_gui_lib/cmake/ament_cmake_export_include_directories-extras.cmake
[2.687s] -- Up-to-date: /home/urc/new_GUI/install/rover_gui_lib/share/rover_gui_lib/cmake/ament_cmake_export_libraries-extras.cmake
[2.687s] -- Up-to-date: /home/urc/new_GUI/install/rover_gui_lib/share/rover_gui_lib/cmake/ament_cmake_export_targets-extras.cmake
[2.689s] -- Up-to-date: /home/urc/new_GUI/install/rover_gui_lib/share/rover_gui_lib/cmake/rosidl_cmake_export_typesupport_targets-extras.cmake
[2.690s] -- Up-to-date: /home/urc/new_GUI/install/rover_gui_lib/share/rover_gui_lib/cmake/rosidl_cmake_export_typesupport_libraries-extras.cmake
[2.690s] -- Up-to-date: /home/urc/new_GUI/install/rover_gui_lib/share/rover_gui_lib/cmake/rover_gui_libConfig.cmake
[2.690s] -- Up-to-date: /home/urc/new_GUI/install/rover_gui_lib/share/rover_gui_lib/cmake/rover_gui_libConfig-version.cmake
[2.690s] -- Up-to-date: /home/urc/new_GUI/install/rover_gui_lib/share/rover_gui_lib/package.xml
[2.691s] Invoked command in '/home/urc/new_GUI/build/rover_gui_lib' returned '0': CMAKE_PREFIX_PATH=/home/urc/new_GUI/install/urc_gui_lib:/home/urc/new_GUI/install/theora_webcams:/home/urc/new_GUI/install/marker_interfacing:/home/urc/new_GUI/install/aruco_finder:/home/urc/new_GUI/install/rover_gui_lib:/home/urc/new_GUI/install/science_servo_control:/home/urc/new_GUI/install/ocean_optics_spectrometer:/home/urc/new_GUI/install/hockey_stick_arm LD_LIBRARY_PATH=/home/urc/new_GUI/install/theora_webcams/lib:/home/urc/new_GUI/install/marker_interfacing/lib:/home/urc/new_GUI/install/aruco_finder/lib:/home/urc/new_GUI/install/rover_gui_lib/lib:/home/urc/new_GUI/install/science_servo_control/lib:/home/urc/new_GUI/install/ocean_optics_spectrometer/lib:/home/urc/new_GUI/install/hockey_stick_arm/lib:/opt/ros/humble/opt/rviz_ogre_vendor/lib:/opt/ros/humble/lib/x86_64-linux-gnu:/opt/ros/humble/lib PKG_CONFIG_PATH=/home/urc/new_GUI/install/urc_gui_lib/lib/x86_64-linux-gnu/pkgconfig:/home/urc/new_GUI/install/urc_gui_lib/lib/pkgconfig:/home/urc/new_GUI/install/rover_gui_lib/lib/x86_64-linux-gnu/pkgconfig:/home/urc/new_GUI/install/rover_gui_lib/lib/pkgconfig ROS_PACKAGE_PATH=/home/urc/new_GUI/install/urc_gui_lib/share:/home/urc/new_GUI/install/rover_gui_lib/share /usr/bin/cmake --install /home/urc/new_GUI/build/rover_gui_lib
