[0.679s] Invoking command in '/home/urc/new-GUI/build/theora_webcams': CMAKE_PREFIX_PATH=/opt/ros/humble /usr/bin/cmake --build /home/urc/new-GUI/build/theora_webcams -- -j4 -l4
[0.757s] [35m[1mConsolidate compiler generated dependencies of target theora_webcams__rosidl_generator_c[0m
[0.774s] [  1%] Built target theora_webcams__cpp
[0.796s] [ 12%] Built target theora_webcams__rosidl_generator_c
[0.801s] [35m[1mConsolidate compiler generated dependencies of target theora_webcams__rosidl_typesupport_cpp[0m
[0.820s] [35m[1mConsolidate compiler generated dependencies of target theora_webcams__rosidl_typesupport_fastrtps_cpp[0m
[0.823s] [ 12%] Built target ament_cmake_python_copy_theora_webcams
[0.850s] [35m[1mConsolidate compiler generated dependencies of target theora_webcams__rosidl_typesupport_introspection_cpp[0m
[0.856s] [35m[1mConsolidate compiler generated dependencies of target theora_webcams__rosidl_typesupport_fastrtps_c[0m
[0.866s] [ 24%] Built target theora_webcams__rosidl_typesupport_cpp
[0.882s] [ 35%] Built target theora_webcams__rosidl_typesupport_fastrtps_cpp
[0.897s] [ 47%] Built target theora_webcams__rosidl_typesupport_introspection_cpp
[0.900s] [35m[1mConsolidate compiler generated dependencies of target theora_webcams__rosidl_typesupport_introspection_c[0m
[0.906s] [ 58%] Built target theora_webcams__rosidl_typesupport_fastrtps_c
[0.922s] [35m[1mConsolidate compiler generated dependencies of target theora_webcams__rosidl_typesupport_c[0m
[0.942s] [ 70%] Built target theora_webcams__rosidl_typesupport_introspection_c
[0.953s] [ 82%] Built target theora_webcams__rosidl_typesupport_c
[0.995s] [ 82%] Built target theora_webcams
[1.034s] [ 83%] Built target theora_webcams__py
[1.052s] [35m[1mConsolidate compiler generated dependencies of target theora_webcams__rosidl_generator_py[0m
[1.085s] [ 93%] Built target theora_webcams__rosidl_generator_py
[1.106s] [35m[1mConsolidate compiler generated dependencies of target theora_webcams__rosidl_typesupport_introspection_c__pyext[0m
[1.129s] [35m[1mConsolidate compiler generated dependencies of target theora_webcams__rosidl_typesupport_c__pyext[0m
[1.144s] [35m[1mConsolidate compiler generated dependencies of target theora_webcams__rosidl_typesupport_fastrtps_c__pyext[0m
[1.147s] [ 95%] Built target theora_webcams__rosidl_typesupport_introspection_c__pyext
[1.158s] [ 97%] Built target theora_webcams__rosidl_typesupport_c__pyext
[1.173s] [100%] Built target theora_webcams__rosidl_typesupport_fastrtps_c__pyext
[1.402s] running egg_info
[1.403s] writing theora_webcams.egg-info/PKG-INFO
[1.403s] writing dependency_links to theora_webcams.egg-info/dependency_links.txt
[1.403s] writing top-level names to theora_webcams.egg-info/top_level.txt
[1.408s] reading manifest file 'theora_webcams.egg-info/SOURCES.txt'
[1.408s] writing manifest file 'theora_webcams.egg-info/SOURCES.txt'
[1.444s] [100%] Built target ament_cmake_python_build_theora_webcams_egg
[1.496s] Invoked command in '/home/urc/new-GUI/build/theora_webcams' returned '0': CMAKE_PREFIX_PATH=/opt/ros/humble /usr/bin/cmake --build /home/urc/new-GUI/build/theora_webcams -- -j4 -l4
[1.769s] Invoking command in '/home/urc/new-GUI/build/theora_webcams': CMAKE_PREFIX_PATH=/opt/ros/humble /usr/bin/cmake --install /home/urc/new-GUI/build/theora_webcams
[1.783s] -- Install configuration: ""
[1.784s] -- Up-to-date: /home/urc/new-GUI/install/theora_webcams/share/ament_index/resource_index/rosidl_interfaces/theora_webcams
[1.784s] -- Up-to-date: /home/urc/new-GUI/install/theora_webcams/include/theora_webcams/theora_webcams
[1.785s] -- Up-to-date: /home/urc/new-GUI/install/theora_webcams/include/theora_webcams/theora_webcams/msg
[1.785s] -- Up-to-date: /home/urc/new-GUI/install/theora_webcams/include/theora_webcams/theora_webcams/msg/video_format.h
[1.785s] -- Up-to-date: /home/urc/new-GUI/install/theora_webcams/include/theora_webcams/theora_webcams/msg/video_format_list.h
[1.785s] -- Up-to-date: /home/urc/new-GUI/install/theora_webcams/include/theora_webcams/theora_webcams/msg/status.h
[1.785s] -- Up-to-date: /home/urc/new-GUI/install/theora_webcams/include/theora_webcams/theora_webcams/msg/rosidl_generator_c__visibility_control.h
[1.786s] -- Up-to-date: /home/urc/new-GUI/install/theora_webcams/include/theora_webcams/theora_webcams/msg/detail
[1.786s] -- Up-to-date: /home/urc/new-GUI/install/theora_webcams/include/theora_webcams/theora_webcams/msg/detail/video_format_list__functions.h
[1.786s] -- Up-to-date: /home/urc/new-GUI/install/theora_webcams/include/theora_webcams/theora_webcams/msg/detail/resolution__type_support.h
[1.787s] -- Up-to-date: /home/urc/new-GUI/install/theora_webcams/include/theora_webcams/theora_webcams/msg/detail/video_format_list__type_support.h
[1.787s] -- Up-to-date: /home/urc/new-GUI/install/theora_webcams/include/theora_webcams/theora_webcams/msg/detail/resolution__functions.h
[1.787s] -- Up-to-date: /home/urc/new-GUI/install/theora_webcams/include/theora_webcams/theora_webcams/msg/detail/video_format__functions.c
[1.787s] -- Up-to-date: /home/urc/new-GUI/install/theora_webcams/include/theora_webcams/theora_webcams/msg/detail/status__struct.h
[1.788s] -- Up-to-date: /home/urc/new-GUI/install/theora_webcams/include/theora_webcams/theora_webcams/msg/detail/framerate__functions.c
[1.788s] -- Up-to-date: /home/urc/new-GUI/install/theora_webcams/include/theora_webcams/theora_webcams/msg/detail/video_format__type_support.h
[1.788s] -- Up-to-date: /home/urc/new-GUI/install/theora_webcams/include/theora_webcams/theora_webcams/msg/detail/framerate__type_support.h
[1.789s] -- Up-to-date: /home/urc/new-GUI/install/theora_webcams/include/theora_webcams/theora_webcams/msg/detail/video_format__functions.h
[1.789s] -- Up-to-date: /home/urc/new-GUI/install/theora_webcams/include/theora_webcams/theora_webcams/msg/detail/framerate__struct.h
[1.789s] -- Up-to-date: /home/urc/new-GUI/install/theora_webcams/include/theora_webcams/theora_webcams/msg/detail/video_format_list__struct.h
[1.789s] -- Up-to-date: /home/urc/new-GUI/install/theora_webcams/include/theora_webcams/theora_webcams/msg/detail/status__functions.h
[1.789s] -- Up-to-date: /home/urc/new-GUI/install/theora_webcams/include/theora_webcams/theora_webcams/msg/detail/framerate__functions.h
[1.790s] -- Up-to-date: /home/urc/new-GUI/install/theora_webcams/include/theora_webcams/theora_webcams/msg/detail/status__functions.c
[1.790s] -- Up-to-date: /home/urc/new-GUI/install/theora_webcams/include/theora_webcams/theora_webcams/msg/detail/resolution__functions.c
[1.790s] -- Up-to-date: /home/urc/new-GUI/install/theora_webcams/include/theora_webcams/theora_webcams/msg/detail/video_format__struct.h
[1.790s] -- Up-to-date: /home/urc/new-GUI/install/theora_webcams/include/theora_webcams/theora_webcams/msg/detail/video_format_list__functions.c
[1.790s] -- Up-to-date: /home/urc/new-GUI/install/theora_webcams/include/theora_webcams/theora_webcams/msg/detail/status__type_support.h
[1.790s] -- Up-to-date: /home/urc/new-GUI/install/theora_webcams/include/theora_webcams/theora_webcams/msg/detail/resolution__struct.h
[1.791s] -- Up-to-date: /home/urc/new-GUI/install/theora_webcams/include/theora_webcams/theora_webcams/msg/resolution.h
[1.791s] -- Up-to-date: /home/urc/new-GUI/install/theora_webcams/include/theora_webcams/theora_webcams/msg/framerate.h
[1.791s] -- Up-to-date: /home/urc/new-GUI/install/theora_webcams/include/theora_webcams/theora_webcams/srv
[1.791s] -- Up-to-date: /home/urc/new-GUI/install/theora_webcams/include/theora_webcams/theora_webcams/srv/get_resolutions.h
[1.791s] -- Up-to-date: /home/urc/new-GUI/install/theora_webcams/include/theora_webcams/theora_webcams/srv/get_exposure_bounds.h
[1.791s] -- Up-to-date: /home/urc/new-GUI/install/theora_webcams/include/theora_webcams/theora_webcams/srv/change_video.h
[1.792s] -- Up-to-date: /home/urc/new-GUI/install/theora_webcams/include/theora_webcams/theora_webcams/srv/detail
[1.792s] -- Up-to-date: /home/urc/new-GUI/install/theora_webcams/include/theora_webcams/theora_webcams/srv/detail/get_exposure_bounds__functions.h
[1.792s] -- Up-to-date: /home/urc/new-GUI/install/theora_webcams/include/theora_webcams/theora_webcams/srv/detail/get_resolutions__type_support.h
[1.792s] -- Up-to-date: /home/urc/new-GUI/install/theora_webcams/include/theora_webcams/theora_webcams/srv/detail/change_video__functions.c
[1.792s] -- Up-to-date: /home/urc/new-GUI/install/theora_webcams/include/theora_webcams/theora_webcams/srv/detail/get_exposure_bounds__struct.h
[1.792s] -- Up-to-date: /home/urc/new-GUI/install/theora_webcams/include/theora_webcams/theora_webcams/srv/detail/get_resolutions__functions.c
[1.793s] -- Up-to-date: /home/urc/new-GUI/install/theora_webcams/include/theora_webcams/theora_webcams/srv/detail/set_exposure__functions.c
[1.793s] -- Up-to-date: /home/urc/new-GUI/install/theora_webcams/include/theora_webcams/theora_webcams/srv/detail/get_exposure_bounds__type_support.h
[1.793s] -- Up-to-date: /home/urc/new-GUI/install/theora_webcams/include/theora_webcams/theora_webcams/srv/detail/set_exposure__struct.h
[1.793s] -- Up-to-date: /home/urc/new-GUI/install/theora_webcams/include/theora_webcams/theora_webcams/srv/detail/get_resolutions__struct.h
[1.793s] -- Up-to-date: /home/urc/new-GUI/install/theora_webcams/include/theora_webcams/theora_webcams/srv/detail/change_video__functions.h
[1.793s] -- Up-to-date: /home/urc/new-GUI/install/theora_webcams/include/theora_webcams/theora_webcams/srv/detail/set_exposure__type_support.h
[1.794s] -- Up-to-date: /home/urc/new-GUI/install/theora_webcams/include/theora_webcams/theora_webcams/srv/detail/change_video__struct.h
[1.794s] -- Up-to-date: /home/urc/new-GUI/install/theora_webcams/include/theora_webcams/theora_webcams/srv/detail/get_exposure_bounds__functions.c
[1.794s] -- Up-to-date: /home/urc/new-GUI/install/theora_webcams/include/theora_webcams/theora_webcams/srv/detail/set_exposure__functions.h
[1.795s] -- Up-to-date: /home/urc/new-GUI/install/theora_webcams/include/theora_webcams/theora_webcams/srv/detail/get_resolutions__functions.h
[1.795s] -- Up-to-date: /home/urc/new-GUI/install/theora_webcams/include/theora_webcams/theora_webcams/srv/detail/change_video__type_support.h
[1.795s] -- Up-to-date: /home/urc/new-GUI/install/theora_webcams/include/theora_webcams/theora_webcams/srv/set_exposure.h
[1.796s] -- Up-to-date: /home/urc/new-GUI/install/theora_webcams/share/theora_webcams/environment/library_path.sh
[1.796s] -- Up-to-date: /home/urc/new-GUI/install/theora_webcams/share/theora_webcams/environment/library_path.dsv
[1.796s] -- Up-to-date: /home/urc/new-GUI/install/theora_webcams/lib/libtheora_webcams__rosidl_generator_c.so
[1.796s] -- Up-to-date: /home/urc/new-GUI/install/theora_webcams/include/theora_webcams/theora_webcams
[1.796s] -- Up-to-date: /home/urc/new-GUI/install/theora_webcams/include/theora_webcams/theora_webcams/msg
[1.796s] -- Up-to-date: /home/urc/new-GUI/install/theora_webcams/include/theora_webcams/theora_webcams/msg/rosidl_typesupport_fastrtps_c__visibility_control.h
[1.796s] -- Up-to-date: /home/urc/new-GUI/install/theora_webcams/include/theora_webcams/theora_webcams/msg/detail
[1.796s] -- Up-to-date: /home/urc/new-GUI/install/theora_webcams/include/theora_webcams/theora_webcams/msg/detail/framerate__rosidl_typesupport_fastrtps_c.h
[1.796s] -- Up-to-date: /home/urc/new-GUI/install/theora_webcams/include/theora_webcams/theora_webcams/msg/detail/resolution__rosidl_typesupport_fastrtps_c.h
[1.797s] -- Up-to-date: /home/urc/new-GUI/install/theora_webcams/include/theora_webcams/theora_webcams/msg/detail/video_format__rosidl_typesupport_fastrtps_c.h
[1.798s] -- Up-to-date: /home/urc/new-GUI/install/theora_webcams/include/theora_webcams/theora_webcams/msg/detail/video_format_list__rosidl_typesupport_fastrtps_c.h
[1.798s] -- Up-to-date: /home/urc/new-GUI/install/theora_webcams/include/theora_webcams/theora_webcams/msg/detail/status__rosidl_typesupport_fastrtps_c.h
[1.798s] -- Up-to-date: /home/urc/new-GUI/install/theora_webcams/include/theora_webcams/theora_webcams/srv
[1.798s] -- Up-to-date: /home/urc/new-GUI/install/theora_webcams/include/theora_webcams/theora_webcams/srv/detail
[1.798s] -- Up-to-date: /home/urc/new-GUI/install/theora_webcams/include/theora_webcams/theora_webcams/srv/detail/get_exposure_bounds__rosidl_typesupport_fastrtps_c.h
[1.798s] -- Up-to-date: /home/urc/new-GUI/install/theora_webcams/include/theora_webcams/theora_webcams/srv/detail/change_video__rosidl_typesupport_fastrtps_c.h
[1.798s] -- Up-to-date: /home/urc/new-GUI/install/theora_webcams/include/theora_webcams/theora_webcams/srv/detail/get_resolutions__rosidl_typesupport_fastrtps_c.h
[1.798s] -- Up-to-date: /home/urc/new-GUI/install/theora_webcams/include/theora_webcams/theora_webcams/srv/detail/set_exposure__rosidl_typesupport_fastrtps_c.h
[1.799s] -- Up-to-date: /home/urc/new-GUI/install/theora_webcams/lib/libtheora_webcams__rosidl_typesupport_fastrtps_c.so
[1.799s] -- Up-to-date: /home/urc/new-GUI/install/theora_webcams/include/theora_webcams/theora_webcams
[1.799s] -- Up-to-date: /home/urc/new-GUI/install/theora_webcams/include/theora_webcams/theora_webcams/msg
[1.799s] -- Up-to-date: /home/urc/new-GUI/install/theora_webcams/include/theora_webcams/theora_webcams/msg/rosidl_typesupport_introspection_c__visibility_control.h
[1.799s] -- Up-to-date: /home/urc/new-GUI/install/theora_webcams/include/theora_webcams/theora_webcams/msg/detail
[1.802s] -- Up-to-date: /home/urc/new-GUI/install/theora_webcams/include/theora_webcams/theora_webcams/msg/detail/resolution__rosidl_typesupport_introspection_c.h
[1.802s] -- Up-to-date: /home/urc/new-GUI/install/theora_webcams/include/theora_webcams/theora_webcams/msg/detail/framerate__rosidl_typesupport_introspection_c.h
[1.802s] -- Up-to-date: /home/urc/new-GUI/install/theora_webcams/include/theora_webcams/theora_webcams/msg/detail/video_format_list__type_support.c
[1.802s] -- Up-to-date: /home/urc/new-GUI/install/theora_webcams/include/theora_webcams/theora_webcams/msg/detail/video_format__rosidl_typesupport_introspection_c.h
[1.802s] -- Up-to-date: /home/urc/new-GUI/install/theora_webcams/include/theora_webcams/theora_webcams/msg/detail/video_format__type_support.c
[1.802s] -- Up-to-date: /home/urc/new-GUI/install/theora_webcams/include/theora_webcams/theora_webcams/msg/detail/status__rosidl_typesupport_introspection_c.h
[1.802s] -- Up-to-date: /home/urc/new-GUI/install/theora_webcams/include/theora_webcams/theora_webcams/msg/detail/framerate__type_support.c
[1.802s] -- Up-to-date: /home/urc/new-GUI/install/theora_webcams/include/theora_webcams/theora_webcams/msg/detail/video_format_list__rosidl_typesupport_introspection_c.h
[1.803s] -- Up-to-date: /home/urc/new-GUI/install/theora_webcams/include/theora_webcams/theora_webcams/msg/detail/status__type_support.c
[1.803s] -- Up-to-date: /home/urc/new-GUI/install/theora_webcams/include/theora_webcams/theora_webcams/msg/detail/resolution__type_support.c
[1.803s] -- Up-to-date: /home/urc/new-GUI/install/theora_webcams/include/theora_webcams/theora_webcams/srv
[1.803s] -- Up-to-date: /home/urc/new-GUI/install/theora_webcams/include/theora_webcams/theora_webcams/srv/detail
[1.803s] -- Up-to-date: /home/urc/new-GUI/install/theora_webcams/include/theora_webcams/theora_webcams/srv/detail/get_exposure_bounds__rosidl_typesupport_introspection_c.h
[1.803s] -- Up-to-date: /home/urc/new-GUI/install/theora_webcams/include/theora_webcams/theora_webcams/srv/detail/get_resolutions__rosidl_typesupport_introspection_c.h
[1.804s] -- Up-to-date: /home/urc/new-GUI/install/theora_webcams/include/theora_webcams/theora_webcams/srv/detail/set_exposure__type_support.c
[1.804s] -- Up-to-date: /home/urc/new-GUI/install/theora_webcams/include/theora_webcams/theora_webcams/srv/detail/set_exposure__rosidl_typesupport_introspection_c.h
[1.804s] -- Up-to-date: /home/urc/new-GUI/install/theora_webcams/include/theora_webcams/theora_webcams/srv/detail/change_video__rosidl_typesupport_introspection_c.h
[1.804s] -- Up-to-date: /home/urc/new-GUI/install/theora_webcams/include/theora_webcams/theora_webcams/srv/detail/get_exposure_bounds__type_support.c
[1.804s] -- Up-to-date: /home/urc/new-GUI/install/theora_webcams/include/theora_webcams/theora_webcams/srv/detail/get_resolutions__type_support.c
[1.804s] -- Up-to-date: /home/urc/new-GUI/install/theora_webcams/include/theora_webcams/theora_webcams/srv/detail/change_video__type_support.c
[1.807s] -- Up-to-date: /home/urc/new-GUI/install/theora_webcams/lib/libtheora_webcams__rosidl_typesupport_introspection_c.so
[1.807s] -- Up-to-date: /home/urc/new-GUI/install/theora_webcams/lib/libtheora_webcams__rosidl_typesupport_c.so
[1.807s] -- Up-to-date: /home/urc/new-GUI/install/theora_webcams/include/theora_webcams/theora_webcams
[1.808s] -- Up-to-date: /home/urc/new-GUI/install/theora_webcams/include/theora_webcams/theora_webcams/msg
[1.808s] -- Up-to-date: /home/urc/new-GUI/install/theora_webcams/include/theora_webcams/theora_webcams/msg/video_format.hpp
[1.808s] -- Up-to-date: /home/urc/new-GUI/install/theora_webcams/include/theora_webcams/theora_webcams/msg/video_format_list.hpp
[1.808s] -- Up-to-date: /home/urc/new-GUI/install/theora_webcams/include/theora_webcams/theora_webcams/msg/resolution.hpp
[1.809s] -- Up-to-date: /home/urc/new-GUI/install/theora_webcams/include/theora_webcams/theora_webcams/msg/status.hpp
[1.809s] -- Up-to-date: /home/urc/new-GUI/install/theora_webcams/include/theora_webcams/theora_webcams/msg/detail
[1.809s] -- Up-to-date: /home/urc/new-GUI/install/theora_webcams/include/theora_webcams/theora_webcams/msg/detail/video_format__struct.hpp
[1.809s] -- Up-to-date: /home/urc/new-GUI/install/theora_webcams/include/theora_webcams/theora_webcams/msg/detail/framerate__struct.hpp
[1.809s] -- Up-to-date: /home/urc/new-GUI/install/theora_webcams/include/theora_webcams/theora_webcams/msg/detail/resolution__traits.hpp
[1.809s] -- Up-to-date: /home/urc/new-GUI/install/theora_webcams/include/theora_webcams/theora_webcams/msg/detail/video_format_list__builder.hpp
[1.809s] -- Up-to-date: /home/urc/new-GUI/install/theora_webcams/include/theora_webcams/theora_webcams/msg/detail/framerate__traits.hpp
[1.809s] -- Up-to-date: /home/urc/new-GUI/install/theora_webcams/include/theora_webcams/theora_webcams/msg/detail/status__struct.hpp
[1.809s] -- Up-to-date: /home/urc/new-GUI/install/theora_webcams/include/theora_webcams/theora_webcams/msg/detail/video_format_list__struct.hpp
[1.810s] -- Up-to-date: /home/urc/new-GUI/install/theora_webcams/include/theora_webcams/theora_webcams/msg/detail/framerate__builder.hpp
[1.810s] -- Up-to-date: /home/urc/new-GUI/install/theora_webcams/include/theora_webcams/theora_webcams/msg/detail/resolution__struct.hpp
[1.810s] -- Up-to-date: /home/urc/new-GUI/install/theora_webcams/include/theora_webcams/theora_webcams/msg/detail/status__builder.hpp
[1.810s] -- Up-to-date: /home/urc/new-GUI/install/theora_webcams/include/theora_webcams/theora_webcams/msg/detail/resolution__builder.hpp
[1.810s] -- Up-to-date: /home/urc/new-GUI/install/theora_webcams/include/theora_webcams/theora_webcams/msg/detail/video_format__builder.hpp
[1.810s] -- Up-to-date: /home/urc/new-GUI/install/theora_webcams/include/theora_webcams/theora_webcams/msg/detail/video_format_list__traits.hpp
[1.810s] -- Up-to-date: /home/urc/new-GUI/install/theora_webcams/include/theora_webcams/theora_webcams/msg/detail/video_format__traits.hpp
[1.810s] -- Up-to-date: /home/urc/new-GUI/install/theora_webcams/include/theora_webcams/theora_webcams/msg/detail/status__traits.hpp
[1.811s] -- Up-to-date: /home/urc/new-GUI/install/theora_webcams/include/theora_webcams/theora_webcams/msg/framerate.hpp
[1.811s] -- Up-to-date: /home/urc/new-GUI/install/theora_webcams/include/theora_webcams/theora_webcams/srv
[1.811s] -- Up-to-date: /home/urc/new-GUI/install/theora_webcams/include/theora_webcams/theora_webcams/srv/get_resolutions.hpp
[1.811s] -- Up-to-date: /home/urc/new-GUI/install/theora_webcams/include/theora_webcams/theora_webcams/srv/set_exposure.hpp
[1.811s] -- Up-to-date: /home/urc/new-GUI/install/theora_webcams/include/theora_webcams/theora_webcams/srv/detail
[1.811s] -- Up-to-date: /home/urc/new-GUI/install/theora_webcams/include/theora_webcams/theora_webcams/srv/detail/set_exposure__struct.hpp
[1.811s] -- Up-to-date: /home/urc/new-GUI/install/theora_webcams/include/theora_webcams/theora_webcams/srv/detail/get_exposure_bounds__traits.hpp
[1.811s] -- Up-to-date: /home/urc/new-GUI/install/theora_webcams/include/theora_webcams/theora_webcams/srv/detail/get_exposure_bounds__builder.hpp
[1.812s] -- Up-to-date: /home/urc/new-GUI/install/theora_webcams/include/theora_webcams/theora_webcams/srv/detail/change_video__struct.hpp
[1.812s] -- Up-to-date: /home/urc/new-GUI/install/theora_webcams/include/theora_webcams/theora_webcams/srv/detail/change_video__builder.hpp
[1.812s] -- Up-to-date: /home/urc/new-GUI/install/theora_webcams/include/theora_webcams/theora_webcams/srv/detail/get_resolutions__builder.hpp
[1.812s] -- Up-to-date: /home/urc/new-GUI/install/theora_webcams/include/theora_webcams/theora_webcams/srv/detail/get_resolutions__traits.hpp
[1.812s] -- Up-to-date: /home/urc/new-GUI/install/theora_webcams/include/theora_webcams/theora_webcams/srv/detail/set_exposure__builder.hpp
[1.812s] -- Up-to-date: /home/urc/new-GUI/install/theora_webcams/include/theora_webcams/theora_webcams/srv/detail/set_exposure__traits.hpp
[1.812s] -- Up-to-date: /home/urc/new-GUI/install/theora_webcams/include/theora_webcams/theora_webcams/srv/detail/change_video__traits.hpp
[1.812s] -- Up-to-date: /home/urc/new-GUI/install/theora_webcams/include/theora_webcams/theora_webcams/srv/detail/get_exposure_bounds__struct.hpp
[1.812s] -- Up-to-date: /home/urc/new-GUI/install/theora_webcams/include/theora_webcams/theora_webcams/srv/detail/get_resolutions__struct.hpp
[1.812s] -- Up-to-date: /home/urc/new-GUI/install/theora_webcams/include/theora_webcams/theora_webcams/srv/change_video.hpp
[1.813s] -- Up-to-date: /home/urc/new-GUI/install/theora_webcams/include/theora_webcams/theora_webcams/srv/get_exposure_bounds.hpp
[1.813s] -- Up-to-date: /home/urc/new-GUI/install/theora_webcams/include/theora_webcams/theora_webcams
[1.813s] -- Up-to-date: /home/urc/new-GUI/install/theora_webcams/include/theora_webcams/theora_webcams/msg
[1.813s] -- Up-to-date: /home/urc/new-GUI/install/theora_webcams/include/theora_webcams/theora_webcams/msg/rosidl_typesupport_fastrtps_cpp__visibility_control.h
[1.813s] -- Up-to-date: /home/urc/new-GUI/install/theora_webcams/include/theora_webcams/theora_webcams/msg/detail
[1.813s] -- Up-to-date: /home/urc/new-GUI/install/theora_webcams/include/theora_webcams/theora_webcams/msg/detail/framerate__rosidl_typesupport_fastrtps_cpp.hpp
[1.813s] -- Up-to-date: /home/urc/new-GUI/install/theora_webcams/include/theora_webcams/theora_webcams/msg/detail/resolution__rosidl_typesupport_fastrtps_cpp.hpp
[1.814s] -- Up-to-date: /home/urc/new-GUI/install/theora_webcams/include/theora_webcams/theora_webcams/msg/detail/status__rosidl_typesupport_fastrtps_cpp.hpp
[1.814s] -- Up-to-date: /home/urc/new-GUI/install/theora_webcams/include/theora_webcams/theora_webcams/msg/detail/video_format__rosidl_typesupport_fastrtps_cpp.hpp
[1.814s] -- Up-to-date: /home/urc/new-GUI/install/theora_webcams/include/theora_webcams/theora_webcams/msg/detail/video_format_list__rosidl_typesupport_fastrtps_cpp.hpp
[1.814s] -- Up-to-date: /home/urc/new-GUI/install/theora_webcams/include/theora_webcams/theora_webcams/msg/detail/dds_fastrtps
[1.814s] -- Up-to-date: /home/urc/new-GUI/install/theora_webcams/include/theora_webcams/theora_webcams/srv
[1.814s] -- Up-to-date: /home/urc/new-GUI/install/theora_webcams/include/theora_webcams/theora_webcams/srv/detail
[1.814s] -- Up-to-date: /home/urc/new-GUI/install/theora_webcams/include/theora_webcams/theora_webcams/srv/detail/set_exposure__rosidl_typesupport_fastrtps_cpp.hpp
[1.814s] -- Up-to-date: /home/urc/new-GUI/install/theora_webcams/include/theora_webcams/theora_webcams/srv/detail/change_video__rosidl_typesupport_fastrtps_cpp.hpp
[1.814s] -- Up-to-date: /home/urc/new-GUI/install/theora_webcams/include/theora_webcams/theora_webcams/srv/detail/get_exposure_bounds__rosidl_typesupport_fastrtps_cpp.hpp
[1.814s] -- Up-to-date: /home/urc/new-GUI/install/theora_webcams/include/theora_webcams/theora_webcams/srv/detail/get_resolutions__rosidl_typesupport_fastrtps_cpp.hpp
[1.815s] -- Up-to-date: /home/urc/new-GUI/install/theora_webcams/include/theora_webcams/theora_webcams/srv/detail/dds_fastrtps
[1.815s] -- Up-to-date: /home/urc/new-GUI/install/theora_webcams/lib/libtheora_webcams__rosidl_typesupport_fastrtps_cpp.so
[1.815s] -- Up-to-date: /home/urc/new-GUI/install/theora_webcams/include/theora_webcams/theora_webcams
[1.815s] -- Up-to-date: /home/urc/new-GUI/install/theora_webcams/include/theora_webcams/theora_webcams/msg
[1.815s] -- Up-to-date: /home/urc/new-GUI/install/theora_webcams/include/theora_webcams/theora_webcams/msg/detail
[1.815s] -- Up-to-date: /home/urc/new-GUI/install/theora_webcams/include/theora_webcams/theora_webcams/msg/detail/resolution__rosidl_typesupport_introspection_cpp.hpp
[1.815s] -- Up-to-date: /home/urc/new-GUI/install/theora_webcams/include/theora_webcams/theora_webcams/msg/detail/status__rosidl_typesupport_introspection_cpp.hpp
[1.815s] -- Up-to-date: /home/urc/new-GUI/install/theora_webcams/include/theora_webcams/theora_webcams/msg/detail/video_format__rosidl_typesupport_introspection_cpp.hpp
[1.815s] -- Up-to-date: /home/urc/new-GUI/install/theora_webcams/include/theora_webcams/theora_webcams/msg/detail/framerate__rosidl_typesupport_introspection_cpp.hpp
[1.816s] -- Up-to-date: /home/urc/new-GUI/install/theora_webcams/include/theora_webcams/theora_webcams/msg/detail/video_format_list__rosidl_typesupport_introspection_cpp.hpp
[1.816s] -- Up-to-date: /home/urc/new-GUI/install/theora_webcams/include/theora_webcams/theora_webcams/msg/detail/resolution__type_support.cpp
[1.816s] -- Up-to-date: /home/urc/new-GUI/install/theora_webcams/include/theora_webcams/theora_webcams/msg/detail/video_format__type_support.cpp
[1.816s] -- Up-to-date: /home/urc/new-GUI/install/theora_webcams/include/theora_webcams/theora_webcams/msg/detail/status__type_support.cpp
[1.816s] -- Up-to-date: /home/urc/new-GUI/install/theora_webcams/include/theora_webcams/theora_webcams/msg/detail/framerate__type_support.cpp
[1.816s] -- Up-to-date: /home/urc/new-GUI/install/theora_webcams/include/theora_webcams/theora_webcams/msg/detail/video_format_list__type_support.cpp
[1.816s] -- Up-to-date: /home/urc/new-GUI/install/theora_webcams/include/theora_webcams/theora_webcams/srv
[1.816s] -- Up-to-date: /home/urc/new-GUI/install/theora_webcams/include/theora_webcams/theora_webcams/srv/detail
[1.817s] -- Up-to-date: /home/urc/new-GUI/install/theora_webcams/include/theora_webcams/theora_webcams/srv/detail/get_resolutions__rosidl_typesupport_introspection_cpp.hpp
[1.817s] -- Up-to-date: /home/urc/new-GUI/install/theora_webcams/include/theora_webcams/theora_webcams/srv/detail/get_exposure_bounds__rosidl_typesupport_introspection_cpp.hpp
[1.817s] -- Up-to-date: /home/urc/new-GUI/install/theora_webcams/include/theora_webcams/theora_webcams/srv/detail/change_video__type_support.cpp
[1.817s] -- Up-to-date: /home/urc/new-GUI/install/theora_webcams/include/theora_webcams/theora_webcams/srv/detail/get_resolutions__type_support.cpp
[1.817s] -- Up-to-date: /home/urc/new-GUI/install/theora_webcams/include/theora_webcams/theora_webcams/srv/detail/get_exposure_bounds__type_support.cpp
[1.817s] -- Up-to-date: /home/urc/new-GUI/install/theora_webcams/include/theora_webcams/theora_webcams/srv/detail/set_exposure__rosidl_typesupport_introspection_cpp.hpp
[1.817s] -- Up-to-date: /home/urc/new-GUI/install/theora_webcams/include/theora_webcams/theora_webcams/srv/detail/change_video__rosidl_typesupport_introspection_cpp.hpp
[1.817s] -- Up-to-date: /home/urc/new-GUI/install/theora_webcams/include/theora_webcams/theora_webcams/srv/detail/set_exposure__type_support.cpp
[1.817s] -- Up-to-date: /home/urc/new-GUI/install/theora_webcams/lib/libtheora_webcams__rosidl_typesupport_introspection_cpp.so
[1.818s] -- Up-to-date: /home/urc/new-GUI/install/theora_webcams/lib/libtheora_webcams__rosidl_typesupport_cpp.so
[1.818s] -- Up-to-date: /home/urc/new-GUI/install/theora_webcams/share/theora_webcams/environment/pythonpath.sh
[1.818s] -- Up-to-date: /home/urc/new-GUI/install/theora_webcams/share/theora_webcams/environment/pythonpath.dsv
[1.818s] -- Up-to-date: /home/urc/new-GUI/install/theora_webcams/local/lib/python3.10/dist-packages/theora_webcams-0.0.0-py3.10.egg-info
[1.818s] -- Installing: /home/urc/new-GUI/install/theora_webcams/local/lib/python3.10/dist-packages/theora_webcams-0.0.0-py3.10.egg-info/PKG-INFO
[1.818s] -- Installing: /home/urc/new-GUI/install/theora_webcams/local/lib/python3.10/dist-packages/theora_webcams-0.0.0-py3.10.egg-info/dependency_links.txt
[1.818s] -- Installing: /home/urc/new-GUI/install/theora_webcams/local/lib/python3.10/dist-packages/theora_webcams-0.0.0-py3.10.egg-info/top_level.txt
[1.818s] -- Installing: /home/urc/new-GUI/install/theora_webcams/local/lib/python3.10/dist-packages/theora_webcams-0.0.0-py3.10.egg-info/SOURCES.txt
[1.818s] -- Up-to-date: /home/urc/new-GUI/install/theora_webcams/local/lib/python3.10/dist-packages/theora_webcams
[1.818s] -- Up-to-date: /home/urc/new-GUI/install/theora_webcams/local/lib/python3.10/dist-packages/theora_webcams/_theora_webcams_s.ep.rosidl_typesupport_fastrtps_c.c
[1.818s] -- Up-to-date: /home/urc/new-GUI/install/theora_webcams/local/lib/python3.10/dist-packages/theora_webcams/msg
[1.819s] -- Up-to-date: /home/urc/new-GUI/install/theora_webcams/local/lib/python3.10/dist-packages/theora_webcams/msg/_resolution.py
[1.819s] -- Up-to-date: /home/urc/new-GUI/install/theora_webcams/local/lib/python3.10/dist-packages/theora_webcams/msg/_resolution_s.c
[1.819s] -- Up-to-date: /home/urc/new-GUI/install/theora_webcams/local/lib/python3.10/dist-packages/theora_webcams/msg/_status.py
[1.819s] -- Up-to-date: /home/urc/new-GUI/install/theora_webcams/local/lib/python3.10/dist-packages/theora_webcams/msg/_video_format_s.c
[1.819s] -- Up-to-date: /home/urc/new-GUI/install/theora_webcams/local/lib/python3.10/dist-packages/theora_webcams/msg/__init__.py
[1.819s] -- Up-to-date: /home/urc/new-GUI/install/theora_webcams/local/lib/python3.10/dist-packages/theora_webcams/msg/_video_format_list.py
[1.819s] -- Up-to-date: /home/urc/new-GUI/install/theora_webcams/local/lib/python3.10/dist-packages/theora_webcams/msg/_video_format.py
[1.819s] -- Up-to-date: /home/urc/new-GUI/install/theora_webcams/local/lib/python3.10/dist-packages/theora_webcams/msg/_framerate_s.c
[1.819s] -- Up-to-date: /home/urc/new-GUI/install/theora_webcams/local/lib/python3.10/dist-packages/theora_webcams/msg/_status_s.c
[1.819s] -- Up-to-date: /home/urc/new-GUI/install/theora_webcams/local/lib/python3.10/dist-packages/theora_webcams/msg/_video_format_list_s.c
[1.820s] -- Up-to-date: /home/urc/new-GUI/install/theora_webcams/local/lib/python3.10/dist-packages/theora_webcams/msg/_framerate.py
[1.820s] -- Up-to-date: /home/urc/new-GUI/install/theora_webcams/local/lib/python3.10/dist-packages/theora_webcams/theora_webcams_s__rosidl_typesupport_c.cpython-310-x86_64-linux-gnu.so
[1.820s] -- Up-to-date: /home/urc/new-GUI/install/theora_webcams/local/lib/python3.10/dist-packages/theora_webcams/__init__.py
[1.820s] -- Up-to-date: /home/urc/new-GUI/install/theora_webcams/local/lib/python3.10/dist-packages/theora_webcams/_theora_webcams_s.ep.rosidl_typesupport_c.c
[1.820s] -- Up-to-date: /home/urc/new-GUI/install/theora_webcams/local/lib/python3.10/dist-packages/theora_webcams/libtheora_webcams__rosidl_generator_py.so
[1.820s] -- Up-to-date: /home/urc/new-GUI/install/theora_webcams/local/lib/python3.10/dist-packages/theora_webcams/theora_webcams_s__rosidl_typesupport_fastrtps_c.cpython-310-x86_64-linux-gnu.so
[1.820s] -- Up-to-date: /home/urc/new-GUI/install/theora_webcams/local/lib/python3.10/dist-packages/theora_webcams/srv
[1.820s] -- Up-to-date: /home/urc/new-GUI/install/theora_webcams/local/lib/python3.10/dist-packages/theora_webcams/srv/_get_exposure_bounds.py
[1.820s] -- Up-to-date: /home/urc/new-GUI/install/theora_webcams/local/lib/python3.10/dist-packages/theora_webcams/srv/_get_exposure_bounds_s.c
[1.820s] -- Up-to-date: /home/urc/new-GUI/install/theora_webcams/local/lib/python3.10/dist-packages/theora_webcams/srv/_change_video_s.c
[1.821s] -- Up-to-date: /home/urc/new-GUI/install/theora_webcams/local/lib/python3.10/dist-packages/theora_webcams/srv/_set_exposure.py
[1.821s] -- Up-to-date: /home/urc/new-GUI/install/theora_webcams/local/lib/python3.10/dist-packages/theora_webcams/srv/_get_resolutions.py
[1.821s] -- Up-to-date: /home/urc/new-GUI/install/theora_webcams/local/lib/python3.10/dist-packages/theora_webcams/srv/_change_video.py
[1.821s] -- Up-to-date: /home/urc/new-GUI/install/theora_webcams/local/lib/python3.10/dist-packages/theora_webcams/srv/_get_resolutions_s.c
[1.821s] -- Up-to-date: /home/urc/new-GUI/install/theora_webcams/local/lib/python3.10/dist-packages/theora_webcams/srv/__init__.py
[1.821s] -- Up-to-date: /home/urc/new-GUI/install/theora_webcams/local/lib/python3.10/dist-packages/theora_webcams/srv/_set_exposure_s.c
[1.821s] -- Up-to-date: /home/urc/new-GUI/install/theora_webcams/local/lib/python3.10/dist-packages/theora_webcams/_theora_webcams_s.ep.rosidl_typesupport_introspection_c.c
[1.821s] -- Up-to-date: /home/urc/new-GUI/install/theora_webcams/local/lib/python3.10/dist-packages/theora_webcams/theora_webcams_s__rosidl_typesupport_introspection_c.cpython-310-x86_64-linux-gnu.so
[1.860s] Listing '/home/urc/new-GUI/install/theora_webcams/local/lib/python3.10/dist-packages/theora_webcams'...
[1.860s] Listing '/home/urc/new-GUI/install/theora_webcams/local/lib/python3.10/dist-packages/theora_webcams/msg'...
[1.860s] Listing '/home/urc/new-GUI/install/theora_webcams/local/lib/python3.10/dist-packages/theora_webcams/srv'...
[1.868s] -- Up-to-date: /home/urc/new-GUI/install/theora_webcams/local/lib/python3.10/dist-packages/theora_webcams/theora_webcams_s__rosidl_typesupport_fastrtps_c.cpython-310-x86_64-linux-gnu.so
[1.868s] -- Up-to-date: /home/urc/new-GUI/install/theora_webcams/local/lib/python3.10/dist-packages/theora_webcams/theora_webcams_s__rosidl_typesupport_introspection_c.cpython-310-x86_64-linux-gnu.so
[1.868s] -- Up-to-date: /home/urc/new-GUI/install/theora_webcams/local/lib/python3.10/dist-packages/theora_webcams/theora_webcams_s__rosidl_typesupport_c.cpython-310-x86_64-linux-gnu.so
[1.869s] -- Up-to-date: /home/urc/new-GUI/install/theora_webcams/lib/libtheora_webcams__rosidl_generator_py.so
[1.869s] -- Up-to-date: /home/urc/new-GUI/install/theora_webcams/share/theora_webcams/msg/Framerate.idl
[1.869s] -- Up-to-date: /home/urc/new-GUI/install/theora_webcams/share/theora_webcams/msg/Resolution.idl
[1.869s] -- Up-to-date: /home/urc/new-GUI/install/theora_webcams/share/theora_webcams/msg/Status.idl
[1.869s] -- Up-to-date: /home/urc/new-GUI/install/theora_webcams/share/theora_webcams/msg/VideoFormat.idl
[1.870s] -- Up-to-date: /home/urc/new-GUI/install/theora_webcams/share/theora_webcams/msg/VideoFormatList.idl
[1.870s] -- Up-to-date: /home/urc/new-GUI/install/theora_webcams/share/theora_webcams/srv/ChangeVideo.idl
[1.871s] -- Up-to-date: /home/urc/new-GUI/install/theora_webcams/share/theora_webcams/srv/GetExposureBounds.idl
[1.871s] -- Up-to-date: /home/urc/new-GUI/install/theora_webcams/share/theora_webcams/srv/GetResolutions.idl
[1.871s] -- Up-to-date: /home/urc/new-GUI/install/theora_webcams/share/theora_webcams/srv/SetExposure.idl
[1.872s] -- Up-to-date: /home/urc/new-GUI/install/theora_webcams/share/theora_webcams/msg/Framerate.msg
[1.872s] -- Up-to-date: /home/urc/new-GUI/install/theora_webcams/share/theora_webcams/msg/Resolution.msg
[1.872s] -- Up-to-date: /home/urc/new-GUI/install/theora_webcams/share/theora_webcams/msg/Status.msg
[1.872s] -- Up-to-date: /home/urc/new-GUI/install/theora_webcams/share/theora_webcams/msg/VideoFormat.msg
[1.872s] -- Up-to-date: /home/urc/new-GUI/install/theora_webcams/share/theora_webcams/msg/VideoFormatList.msg
[1.872s] -- Up-to-date: /home/urc/new-GUI/install/theora_webcams/share/theora_webcams/srv/ChangeVideo.srv
[1.872s] -- Up-to-date: /home/urc/new-GUI/install/theora_webcams/share/theora_webcams/srv/ChangeVideo_Request.msg
[1.873s] -- Up-to-date: /home/urc/new-GUI/install/theora_webcams/share/theora_webcams/srv/ChangeVideo_Response.msg
[1.873s] -- Up-to-date: /home/urc/new-GUI/install/theora_webcams/share/theora_webcams/srv/GetExposureBounds.srv
[1.873s] -- Up-to-date: /home/urc/new-GUI/install/theora_webcams/share/theora_webcams/srv/GetExposureBounds_Request.msg
[1.873s] -- Up-to-date: /home/urc/new-GUI/install/theora_webcams/share/theora_webcams/srv/GetExposureBounds_Response.msg
[1.873s] -- Up-to-date: /home/urc/new-GUI/install/theora_webcams/share/theora_webcams/srv/GetResolutions.srv
[1.873s] -- Up-to-date: /home/urc/new-GUI/install/theora_webcams/share/theora_webcams/srv/GetResolutions_Request.msg
[1.874s] -- Up-to-date: /home/urc/new-GUI/install/theora_webcams/share/theora_webcams/srv/GetResolutions_Response.msg
[1.874s] -- Up-to-date: /home/urc/new-GUI/install/theora_webcams/share/theora_webcams/srv/SetExposure.srv
[1.874s] -- Up-to-date: /home/urc/new-GUI/install/theora_webcams/share/theora_webcams/srv/SetExposure_Request.msg
[1.874s] -- Up-to-date: /home/urc/new-GUI/install/theora_webcams/share/theora_webcams/srv/SetExposure_Response.msg
[1.874s] -- Up-to-date: /home/urc/new-GUI/install/theora_webcams/share/ament_index/resource_index/package_run_dependencies/theora_webcams
[1.874s] -- Up-to-date: /home/urc/new-GUI/install/theora_webcams/share/ament_index/resource_index/parent_prefix_path/theora_webcams
[1.874s] -- Up-to-date: /home/urc/new-GUI/install/theora_webcams/share/theora_webcams/environment/ament_prefix_path.sh
[1.874s] -- Up-to-date: /home/urc/new-GUI/install/theora_webcams/share/theora_webcams/environment/ament_prefix_path.dsv
[1.875s] -- Up-to-date: /home/urc/new-GUI/install/theora_webcams/share/theora_webcams/environment/path.sh
[1.875s] -- Up-to-date: /home/urc/new-GUI/install/theora_webcams/share/theora_webcams/environment/path.dsv
[1.875s] -- Up-to-date: /home/urc/new-GUI/install/theora_webcams/share/theora_webcams/local_setup.bash
[1.875s] -- Up-to-date: /home/urc/new-GUI/install/theora_webcams/share/theora_webcams/local_setup.sh
[1.875s] -- Up-to-date: /home/urc/new-GUI/install/theora_webcams/share/theora_webcams/local_setup.zsh
[1.875s] -- Up-to-date: /home/urc/new-GUI/install/theora_webcams/share/theora_webcams/local_setup.dsv
[1.876s] -- Installing: /home/urc/new-GUI/install/theora_webcams/share/theora_webcams/package.dsv
[1.876s] -- Up-to-date: /home/urc/new-GUI/install/theora_webcams/share/ament_index/resource_index/packages/theora_webcams
[1.876s] -- Up-to-date: /home/urc/new-GUI/install/theora_webcams/share/theora_webcams/cmake/export_theora_webcams__rosidl_generator_cExport.cmake
[1.876s] -- Up-to-date: /home/urc/new-GUI/install/theora_webcams/share/theora_webcams/cmake/export_theora_webcams__rosidl_generator_cExport-noconfig.cmake
[1.876s] -- Up-to-date: /home/urc/new-GUI/install/theora_webcams/share/theora_webcams/cmake/export_theora_webcams__rosidl_typesupport_fastrtps_cExport.cmake
[1.876s] -- Up-to-date: /home/urc/new-GUI/install/theora_webcams/share/theora_webcams/cmake/export_theora_webcams__rosidl_typesupport_fastrtps_cExport-noconfig.cmake
[1.876s] -- Up-to-date: /home/urc/new-GUI/install/theora_webcams/share/theora_webcams/cmake/theora_webcams__rosidl_typesupport_introspection_cExport.cmake
[1.876s] -- Up-to-date: /home/urc/new-GUI/install/theora_webcams/share/theora_webcams/cmake/theora_webcams__rosidl_typesupport_introspection_cExport-noconfig.cmake
[1.877s] -- Up-to-date: /home/urc/new-GUI/install/theora_webcams/share/theora_webcams/cmake/theora_webcams__rosidl_typesupport_cExport.cmake
[1.877s] -- Up-to-date: /home/urc/new-GUI/install/theora_webcams/share/theora_webcams/cmake/theora_webcams__rosidl_typesupport_cExport-noconfig.cmake
[1.878s] -- Up-to-date: /home/urc/new-GUI/install/theora_webcams/share/theora_webcams/cmake/export_theora_webcams__rosidl_generator_cppExport.cmake
[1.878s] -- Up-to-date: /home/urc/new-GUI/install/theora_webcams/share/theora_webcams/cmake/export_theora_webcams__rosidl_typesupport_fastrtps_cppExport.cmake
[1.879s] -- Up-to-date: /home/urc/new-GUI/install/theora_webcams/share/theora_webcams/cmake/export_theora_webcams__rosidl_typesupport_fastrtps_cppExport-noconfig.cmake
[1.879s] -- Up-to-date: /home/urc/new-GUI/install/theora_webcams/share/theora_webcams/cmake/theora_webcams__rosidl_typesupport_introspection_cppExport.cmake
[1.896s] -- Up-to-date: /home/urc/new-GUI/install/theora_webcams/share/theora_webcams/cmake/theora_webcams__rosidl_typesupport_introspection_cppExport-noconfig.cmake
[1.896s] -- Up-to-date: /home/urc/new-GUI/install/theora_webcams/share/theora_webcams/cmake/theora_webcams__rosidl_typesupport_cppExport.cmake
[1.896s] -- Up-to-date: /home/urc/new-GUI/install/theora_webcams/share/theora_webcams/cmake/theora_webcams__rosidl_typesupport_cppExport-noconfig.cmake
[1.896s] -- Up-to-date: /home/urc/new-GUI/install/theora_webcams/share/theora_webcams/cmake/export_theora_webcams__rosidl_generator_pyExport.cmake
[1.896s] -- Up-to-date: /home/urc/new-GUI/install/theora_webcams/share/theora_webcams/cmake/export_theora_webcams__rosidl_generator_pyExport-noconfig.cmake
[1.896s] -- Up-to-date: /home/urc/new-GUI/install/theora_webcams/share/theora_webcams/cmake/rosidl_cmake-extras.cmake
[1.896s] -- Up-to-date: /home/urc/new-GUI/install/theora_webcams/share/theora_webcams/cmake/ament_cmake_export_dependencies-extras.cmake
[1.896s] -- Up-to-date: /home/urc/new-GUI/install/theora_webcams/share/theora_webcams/cmake/ament_cmake_export_include_directories-extras.cmake
[1.896s] -- Up-to-date: /home/urc/new-GUI/install/theora_webcams/share/theora_webcams/cmake/ament_cmake_export_libraries-extras.cmake
[1.897s] -- Up-to-date: /home/urc/new-GUI/install/theora_webcams/share/theora_webcams/cmake/ament_cmake_export_targets-extras.cmake
[1.897s] -- Up-to-date: /home/urc/new-GUI/install/theora_webcams/share/theora_webcams/cmake/rosidl_cmake_export_typesupport_targets-extras.cmake
[1.897s] -- Up-to-date: /home/urc/new-GUI/install/theora_webcams/share/theora_webcams/cmake/rosidl_cmake_export_typesupport_libraries-extras.cmake
[1.897s] -- Up-to-date: /home/urc/new-GUI/install/theora_webcams/share/theora_webcams/cmake/theora_webcamsConfig.cmake
[1.897s] -- Up-to-date: /home/urc/new-GUI/install/theora_webcams/share/theora_webcams/cmake/theora_webcamsConfig-version.cmake
[1.897s] -- Up-to-date: /home/urc/new-GUI/install/theora_webcams/share/theora_webcams/package.xml
[1.897s] Invoked command in '/home/urc/new-GUI/build/theora_webcams' returned '0': CMAKE_PREFIX_PATH=/opt/ros/humble /usr/bin/cmake --install /home/urc/new-GUI/build/theora_webcams
