[0.178s] Invoking command in '/home/urc/new-GUI/build/theora_webcams': CMAKE_PREFIX_PATH=/opt/ros/humble /usr/bin/cmake --build /home/urc/new-GUI/build/theora_webcams -- -j4 -l4
[0.309s] [  1%] Built target theora_webcams__cpp
[0.432s] [ 12%] Built target theora_webcams__rosidl_generator_c
[0.448s] [ 12%] Built target ament_cmake_python_copy_theora_webcams
[0.466s] [ 24%] Built target theora_webcams__rosidl_typesupport_cpp
[0.528s] [ 35%] Built target theora_webcams__rosidl_typesupport_fastrtps_cpp
[0.579s] [ 47%] Built target theora_webcams__rosidl_typesupport_introspection_cpp
[0.651s] [ 58%] Built target theora_webcams__rosidl_typesupport_fastrtps_c
[0.667s] [ 70%] Built target theora_webcams__rosidl_typesupport_c
[0.667s] [ 82%] Built target theora_webcams__rosidl_typesupport_introspection_c
[0.799s] [ 82%] Built target theora_webcams
[0.885s] [ 83%] Built target theora_webcams__py
[1.013s] [ 93%] Built target theora_webcams__rosidl_generator_py
[1.245s] [ 95%] Built target theora_webcams__rosidl_typesupport_introspection_c__pyext
[1.250s] [ 97%] Built target theora_webcams__rosidl_typesupport_fastrtps_c__pyext
[1.265s] [100%] Built target theora_webcams__rosidl_typesupport_c__pyext
[1.672s] running egg_info
[1.673s] writing theora_webcams.egg-info/PKG-INFO
[1.673s] writing dependency_links to theora_webcams.egg-info/dependency_links.txt
[1.673s] writing top-level names to theora_webcams.egg-info/top_level.txt
[1.681s] reading manifest file 'theora_webcams.egg-info/SOURCES.txt'
[1.685s] writing manifest file 'theora_webcams.egg-info/SOURCES.txt'
[1.756s] [100%] Built target ament_cmake_python_build_theora_webcams_egg
