[0.118s] Invoking command in '/home/urc/new-GUI/build/ocean_optics_spectrometer': CMAKE_PREFIX_PATH=/opt/ros/humble /usr/bin/cmake /home/urc/new-GUI/src/ocean_optics_spectrometer-main -DCMAKE_INSTALL_PREFIX=/home/urc/new-GUI/install/ocean_optics_spectrometer
[0.146s] -- Found ament_cmake: 1.3.5 (/opt/ros/humble/share/ament_cmake/cmake)
[0.773s] -- Found Python3: /usr/bin/python3.10 (found version "3.10.12") found components: Interpreter 
[1.125s] -- Found ament_lint_auto: 0.12.8 (/opt/ros/humble/share/ament_lint_auto/cmake)
[1.446s] -- Found rosidl_default_generators: 1.2.0 (/opt/ros/humble/share/rosidl_default_generators/cmake)
[1.483s] -- Using all available rosidl_typesupport_c: rosidl_typesupport_fastrtps_c;rosidl_typesupport_introspection_c
[1.508s] -- Found rosidl_adapter: 3.1.5 (/opt/ros/humble/share/rosidl_adapter/cmake)
[1.619s] -- Using all available rosidl_typesupport_cpp: rosidl_typesupport_fastrtps_cpp;rosidl_typesupport_introspection_cpp
[1.789s] -- Found rclcpp: 16.0.6 (/opt/ros/humble/share/rclcpp/cmake)
[2.109s] -- Found rmw_implementation_cmake: 6.1.1 (/opt/ros/humble/share/rmw_implementation_cmake/cmake)
[2.111s] -- Found rmw_fastrtps_cpp: 6.2.4 (/opt/ros/humble/share/rmw_fastrtps_cpp/cmake)
[2.439s] -- Found OpenSSL: /usr/lib/x86_64-linux-gnu/libcrypto.so (found version "3.0.2")  
[2.520s] -- Found FastRTPS: /opt/ros/humble/include  
[2.735s] -- Using RMW implementation 'rmw_fastrtps_cpp' as default
[2.767s] -- Looking for pthread.h
[3.092s] -- Looking for pthread.h - found
[3.093s] -- Performing Test CMAKE_HAVE_LIBC_PTHREAD
[3.323s] -- Performing Test CMAKE_HAVE_LIBC_PTHREAD - Success
[3.323s] -- Found Threads: TRUE  
[4.033s] -- Found rclpy: 3.3.10 (/opt/ros/humble/share/rclpy/cmake)
[4.551s] -- Found ament_cmake_ros: 0.10.0 (/opt/ros/humble/share/ament_cmake_ros/cmake)
[5.111s] -- Using all available rosidl_typesupport_c: rosidl_typesupport_fastrtps_c;rosidl_typesupport_introspection_c
[5.776s] -- Using all available rosidl_typesupport_cpp: rosidl_typesupport_fastrtps_cpp;rosidl_typesupport_introspection_cpp
[5.835s] -- Found PythonInterp: /usr/bin/python3 (found suitable version "3.10.12", minimum required is "3.6") 
[5.837s] -- Found python_cmake_module: 0.10.0 (/opt/ros/humble/share/python_cmake_module/cmake)
[5.889s] -- Found PythonLibs: /usr/lib/x86_64-linux-gnu/libpython3.10.so (found suitable version "3.10.12", minimum required is "3.5") 
[5.889s] -- Using PYTHON_EXECUTABLE: /usr/bin/python3
[5.889s] -- Using PYTHON_INCLUDE_DIRS: /usr/include/python3.10
[5.889s] -- Using PYTHON_LIBRARIES: /usr/lib/x86_64-linux-gnu/libpython3.10.so
[5.932s] -- Found PythonExtra: .so  
[6.087s] -- Added test 'flake8' to check Python code syntax and style conventions
[6.087s] -- Added test 'lint_cmake' to check CMake code style
[6.087s] -- Added test 'pep257' to check Python code against some of the docstring style conventions in PEP 257
[6.087s] -- Added test 'xmllint' to check XML markup files
[6.098s] -- Configuring done
[6.167s] -- Generating done
[6.183s] -- Build files have been written to: /home/urc/new-GUI/build/ocean_optics_spectrometer
