[0.183s] Invoking command in '/home/urc/new_GUI/build/hockey_stick_arm': CMAKE_PREFIX_PATH=/home/urc/test_ws/install/turtle_test:/home/urc/test_ws/install/roslink_test:/home/urc/new_GUI/install/gui_window:/opt/ros/humble:${CMAKE_PREFIX_PATH} /usr/bin/cmake --build /home/urc/new_GUI/build/hockey_stick_arm -- -j4 -l4
[0.547s] [  2%] Built target hockey_stick_arm__cpp
[0.564s] [ 12%] Built target hockey_stick_arm__rosidl_generator_c
[0.665s] [ 23%] Built target hockey_stick_arm__rosidl_typesupport_introspection_cpp
[0.707s] [ 33%] Built target hockey_stick_arm__rosidl_typesupport_cpp
[0.715s] [ 33%] Built target ament_cmake_python_copy_hockey_stick_arm
[0.744s] [ 43%] Built target hockey_stick_arm__rosidl_typesupport_fastrtps_cpp
[0.938s] [ 53%] Built target hockey_stick_arm__rosidl_typesupport_c
[0.971s] [ 66%] Built target hockey_stick_arm__rosidl_typesupport_fastrtps_c
[0.993s] [ 74%] Built target hockey_stick_arm__rosidl_typesupport_introspection_c
[1.179s] [ 74%] Built target hockey_stick_arm
[1.351s] [ 76%] Built target hockey_stick_arm__py
[1.508s] [ 84%] Built target hockey_stick_arm__rosidl_generator_py
[1.660s] [ 92%] Built target hockey_stick_arm__rosidl_typesupport_fastrtps_c__pyext
[1.661s] [ 94%] Built target hockey_stick_arm__rosidl_typesupport_introspection_c__pyext
[1.838s] [100%] Built target hockey_stick_arm__rosidl_typesupport_c__pyext
[2.329s] running egg_info
[2.330s] writing hockey_stick_arm.egg-info/PKG-INFO
[2.330s] writing dependency_links to hockey_stick_arm.egg-info/dependency_links.txt
[2.330s] writing top-level names to hockey_stick_arm.egg-info/top_level.txt
[2.352s] reading manifest file 'hockey_stick_arm.egg-info/SOURCES.txt'
[2.352s] writing manifest file 'hockey_stick_arm.egg-info/SOURCES.txt'
[2.493s] [100%] Built target ament_cmake_python_build_hockey_stick_arm_egg
[2.549s] Invoked command in '/home/urc/new_GUI/build/hockey_stick_arm' returned '0': CMAKE_PREFIX_PATH=/home/urc/test_ws/install/turtle_test:/home/urc/test_ws/install/roslink_test:/home/urc/new_GUI/install/gui_window:/opt/ros/humble:${CMAKE_PREFIX_PATH} /usr/bin/cmake --build /home/urc/new_GUI/build/hockey_stick_arm -- -j4 -l4
[2.847s] Invoking command in '/home/urc/new_GUI/build/hockey_stick_arm': CMAKE_PREFIX_PATH=/home/urc/test_ws/install/turtle_test:/home/urc/test_ws/install/roslink_test:/home/urc/new_GUI/install/gui_window:/opt/ros/humble:${CMAKE_PREFIX_PATH} /usr/bin/cmake --install /home/urc/new_GUI/build/hockey_stick_arm
[2.867s] -- Install configuration: ""
[2.867s] -- Up-to-date: /home/urc/new_GUI/install/hockey_stick_arm/share/ament_index/resource_index/rosidl_interfaces/hockey_stick_arm
[2.868s] -- Up-to-date: /home/urc/new_GUI/install/hockey_stick_arm/include/hockey_stick_arm/hockey_stick_arm
[2.868s] -- Up-to-date: /home/urc/new_GUI/install/hockey_stick_arm/include/hockey_stick_arm/hockey_stick_arm/msg
[2.868s] -- Up-to-date: /home/urc/new_GUI/install/hockey_stick_arm/include/hockey_stick_arm/hockey_stick_arm/msg/rosidl_generator_c__visibility_control.h
[2.869s] -- Up-to-date: /home/urc/new_GUI/install/hockey_stick_arm/include/hockey_stick_arm/hockey_stick_arm/srv
[2.869s] -- Up-to-date: /home/urc/new_GUI/install/hockey_stick_arm/include/hockey_stick_arm/hockey_stick_arm/srv/calibrate.h
[2.869s] -- Up-to-date: /home/urc/new_GUI/install/hockey_stick_arm/include/hockey_stick_arm/hockey_stick_arm/srv/detail
[2.869s] -- Up-to-date: /home/urc/new_GUI/install/hockey_stick_arm/include/hockey_stick_arm/hockey_stick_arm/srv/detail/calibrate__type_support.h
[2.874s] -- Up-to-date: /home/urc/new_GUI/install/hockey_stick_arm/include/hockey_stick_arm/hockey_stick_arm/srv/detail/set_float__struct.h
[2.878s] -- Up-to-date: /home/urc/new_GUI/install/hockey_stick_arm/include/hockey_stick_arm/hockey_stick_arm/srv/detail/set_float__functions.c
[2.884s] -- Up-to-date: /home/urc/new_GUI/install/hockey_stick_arm/include/hockey_stick_arm/hockey_stick_arm/srv/detail/set_float__type_support.h
[2.884s] -- Up-to-date: /home/urc/new_GUI/install/hockey_stick_arm/include/hockey_stick_arm/hockey_stick_arm/srv/detail/calibrate__functions.c
[2.884s] -- Up-to-date: /home/urc/new_GUI/install/hockey_stick_arm/include/hockey_stick_arm/hockey_stick_arm/srv/detail/set_float__functions.h
[2.884s] -- Up-to-date: /home/urc/new_GUI/install/hockey_stick_arm/include/hockey_stick_arm/hockey_stick_arm/srv/detail/calibrate__struct.h
[2.884s] -- Up-to-date: /home/urc/new_GUI/install/hockey_stick_arm/include/hockey_stick_arm/hockey_stick_arm/srv/detail/calibrate__functions.h
[2.884s] -- Up-to-date: /home/urc/new_GUI/install/hockey_stick_arm/include/hockey_stick_arm/hockey_stick_arm/srv/set_float.h
[2.884s] -- Up-to-date: /home/urc/new_GUI/install/hockey_stick_arm/share/hockey_stick_arm/environment/library_path.sh
[2.885s] -- Up-to-date: /home/urc/new_GUI/install/hockey_stick_arm/share/hockey_stick_arm/environment/library_path.dsv
[2.885s] -- Up-to-date: /home/urc/new_GUI/install/hockey_stick_arm/lib/libhockey_stick_arm__rosidl_generator_c.so
[2.885s] -- Up-to-date: /home/urc/new_GUI/install/hockey_stick_arm/include/hockey_stick_arm/hockey_stick_arm
[2.885s] -- Up-to-date: /home/urc/new_GUI/install/hockey_stick_arm/include/hockey_stick_arm/hockey_stick_arm/msg
[2.885s] -- Up-to-date: /home/urc/new_GUI/install/hockey_stick_arm/include/hockey_stick_arm/hockey_stick_arm/msg/rosidl_typesupport_fastrtps_c__visibility_control.h
[2.885s] -- Up-to-date: /home/urc/new_GUI/install/hockey_stick_arm/include/hockey_stick_arm/hockey_stick_arm/srv
[2.889s] -- Up-to-date: /home/urc/new_GUI/install/hockey_stick_arm/include/hockey_stick_arm/hockey_stick_arm/srv/detail
[2.889s] -- Up-to-date: /home/urc/new_GUI/install/hockey_stick_arm/include/hockey_stick_arm/hockey_stick_arm/srv/detail/set_float__rosidl_typesupport_fastrtps_c.h
[2.889s] -- Up-to-date: /home/urc/new_GUI/install/hockey_stick_arm/include/hockey_stick_arm/hockey_stick_arm/srv/detail/calibrate__rosidl_typesupport_fastrtps_c.h
[2.890s] -- Up-to-date: /home/urc/new_GUI/install/hockey_stick_arm/lib/libhockey_stick_arm__rosidl_typesupport_fastrtps_c.so
[2.890s] -- Up-to-date: /home/urc/new_GUI/install/hockey_stick_arm/include/hockey_stick_arm/hockey_stick_arm
[2.890s] -- Up-to-date: /home/urc/new_GUI/install/hockey_stick_arm/include/hockey_stick_arm/hockey_stick_arm/msg
[2.890s] -- Up-to-date: /home/urc/new_GUI/install/hockey_stick_arm/include/hockey_stick_arm/hockey_stick_arm/msg/rosidl_typesupport_introspection_c__visibility_control.h
[2.890s] -- Up-to-date: /home/urc/new_GUI/install/hockey_stick_arm/include/hockey_stick_arm/hockey_stick_arm/srv
[2.890s] -- Up-to-date: /home/urc/new_GUI/install/hockey_stick_arm/include/hockey_stick_arm/hockey_stick_arm/srv/detail
[2.890s] -- Up-to-date: /home/urc/new_GUI/install/hockey_stick_arm/include/hockey_stick_arm/hockey_stick_arm/srv/detail/set_float__type_support.c
[2.891s] -- Up-to-date: /home/urc/new_GUI/install/hockey_stick_arm/include/hockey_stick_arm/hockey_stick_arm/srv/detail/calibrate__rosidl_typesupport_introspection_c.h
[2.891s] -- Up-to-date: /home/urc/new_GUI/install/hockey_stick_arm/include/hockey_stick_arm/hockey_stick_arm/srv/detail/calibrate__type_support.c
[2.891s] -- Up-to-date: /home/urc/new_GUI/install/hockey_stick_arm/include/hockey_stick_arm/hockey_stick_arm/srv/detail/set_float__rosidl_typesupport_introspection_c.h
[2.891s] -- Up-to-date: /home/urc/new_GUI/install/hockey_stick_arm/lib/libhockey_stick_arm__rosidl_typesupport_introspection_c.so
[2.891s] -- Up-to-date: /home/urc/new_GUI/install/hockey_stick_arm/lib/libhockey_stick_arm__rosidl_typesupport_c.so
[2.892s] -- Up-to-date: /home/urc/new_GUI/install/hockey_stick_arm/include/hockey_stick_arm/hockey_stick_arm
[2.892s] -- Up-to-date: /home/urc/new_GUI/install/hockey_stick_arm/include/hockey_stick_arm/hockey_stick_arm/srv
[2.892s] -- Up-to-date: /home/urc/new_GUI/install/hockey_stick_arm/include/hockey_stick_arm/hockey_stick_arm/srv/set_float.hpp
[2.892s] -- Up-to-date: /home/urc/new_GUI/install/hockey_stick_arm/include/hockey_stick_arm/hockey_stick_arm/srv/calibrate.hpp
[2.892s] -- Up-to-date: /home/urc/new_GUI/install/hockey_stick_arm/include/hockey_stick_arm/hockey_stick_arm/srv/detail
[2.892s] -- Up-to-date: /home/urc/new_GUI/install/hockey_stick_arm/include/hockey_stick_arm/hockey_stick_arm/srv/detail/set_float__traits.hpp
[2.892s] -- Up-to-date: /home/urc/new_GUI/install/hockey_stick_arm/include/hockey_stick_arm/hockey_stick_arm/srv/detail/set_float__struct.hpp
[2.893s] -- Up-to-date: /home/urc/new_GUI/install/hockey_stick_arm/include/hockey_stick_arm/hockey_stick_arm/srv/detail/set_float__builder.hpp
[2.893s] -- Up-to-date: /home/urc/new_GUI/install/hockey_stick_arm/include/hockey_stick_arm/hockey_stick_arm/srv/detail/calibrate__builder.hpp
[2.893s] -- Up-to-date: /home/urc/new_GUI/install/hockey_stick_arm/include/hockey_stick_arm/hockey_stick_arm/srv/detail/calibrate__traits.hpp
[2.893s] -- Up-to-date: /home/urc/new_GUI/install/hockey_stick_arm/include/hockey_stick_arm/hockey_stick_arm/srv/detail/calibrate__struct.hpp
[2.893s] -- Up-to-date: /home/urc/new_GUI/install/hockey_stick_arm/include/hockey_stick_arm/hockey_stick_arm
[2.893s] -- Up-to-date: /home/urc/new_GUI/install/hockey_stick_arm/include/hockey_stick_arm/hockey_stick_arm/msg
[2.893s] -- Up-to-date: /home/urc/new_GUI/install/hockey_stick_arm/include/hockey_stick_arm/hockey_stick_arm/msg/rosidl_typesupport_fastrtps_cpp__visibility_control.h
[2.893s] -- Up-to-date: /home/urc/new_GUI/install/hockey_stick_arm/include/hockey_stick_arm/hockey_stick_arm/srv
[2.893s] -- Up-to-date: /home/urc/new_GUI/install/hockey_stick_arm/include/hockey_stick_arm/hockey_stick_arm/srv/detail
[2.894s] -- Up-to-date: /home/urc/new_GUI/install/hockey_stick_arm/include/hockey_stick_arm/hockey_stick_arm/srv/detail/calibrate__rosidl_typesupport_fastrtps_cpp.hpp
[2.894s] -- Up-to-date: /home/urc/new_GUI/install/hockey_stick_arm/include/hockey_stick_arm/hockey_stick_arm/srv/detail/set_float__rosidl_typesupport_fastrtps_cpp.hpp
[2.906s] -- Up-to-date: /home/urc/new_GUI/install/hockey_stick_arm/include/hockey_stick_arm/hockey_stick_arm/srv/detail/dds_fastrtps
[2.906s] -- Up-to-date: /home/urc/new_GUI/install/hockey_stick_arm/lib/libhockey_stick_arm__rosidl_typesupport_fastrtps_cpp.so
[2.908s] -- Up-to-date: /home/urc/new_GUI/install/hockey_stick_arm/include/hockey_stick_arm/hockey_stick_arm
[2.908s] -- Up-to-date: /home/urc/new_GUI/install/hockey_stick_arm/include/hockey_stick_arm/hockey_stick_arm/srv
[2.909s] -- Up-to-date: /home/urc/new_GUI/install/hockey_stick_arm/include/hockey_stick_arm/hockey_stick_arm/srv/detail
[2.909s] -- Up-to-date: /home/urc/new_GUI/install/hockey_stick_arm/include/hockey_stick_arm/hockey_stick_arm/srv/detail/set_float__rosidl_typesupport_introspection_cpp.hpp
[2.909s] -- Up-to-date: /home/urc/new_GUI/install/hockey_stick_arm/include/hockey_stick_arm/hockey_stick_arm/srv/detail/calibrate__rosidl_typesupport_introspection_cpp.hpp
[2.909s] -- Up-to-date: /home/urc/new_GUI/install/hockey_stick_arm/include/hockey_stick_arm/hockey_stick_arm/srv/detail/calibrate__type_support.cpp
[2.912s] -- Up-to-date: /home/urc/new_GUI/install/hockey_stick_arm/include/hockey_stick_arm/hockey_stick_arm/srv/detail/set_float__type_support.cpp
[2.912s] -- Up-to-date: /home/urc/new_GUI/install/hockey_stick_arm/lib/libhockey_stick_arm__rosidl_typesupport_introspection_cpp.so
[2.912s] -- Up-to-date: /home/urc/new_GUI/install/hockey_stick_arm/lib/libhockey_stick_arm__rosidl_typesupport_cpp.so
[2.912s] -- Up-to-date: /home/urc/new_GUI/install/hockey_stick_arm/share/hockey_stick_arm/environment/pythonpath.sh
[2.912s] -- Up-to-date: /home/urc/new_GUI/install/hockey_stick_arm/share/hockey_stick_arm/environment/pythonpath.dsv
[2.912s] -- Up-to-date: /home/urc/new_GUI/install/hockey_stick_arm/local/lib/python3.10/dist-packages/hockey_stick_arm-0.0.0-py3.10.egg-info
[2.913s] -- Installing: /home/urc/new_GUI/install/hockey_stick_arm/local/lib/python3.10/dist-packages/hockey_stick_arm-0.0.0-py3.10.egg-info/PKG-INFO
[2.914s] -- Installing: /home/urc/new_GUI/install/hockey_stick_arm/local/lib/python3.10/dist-packages/hockey_stick_arm-0.0.0-py3.10.egg-info/dependency_links.txt
[2.914s] -- Installing: /home/urc/new_GUI/install/hockey_stick_arm/local/lib/python3.10/dist-packages/hockey_stick_arm-0.0.0-py3.10.egg-info/top_level.txt
[2.914s] -- Installing: /home/urc/new_GUI/install/hockey_stick_arm/local/lib/python3.10/dist-packages/hockey_stick_arm-0.0.0-py3.10.egg-info/SOURCES.txt
[2.914s] -- Up-to-date: /home/urc/new_GUI/install/hockey_stick_arm/local/lib/python3.10/dist-packages/hockey_stick_arm
[2.915s] -- Up-to-date: /home/urc/new_GUI/install/hockey_stick_arm/local/lib/python3.10/dist-packages/hockey_stick_arm/hockey_stick_arm_s__rosidl_typesupport_c.cpython-310-x86_64-linux-gnu.so
[2.915s] -- Up-to-date: /home/urc/new_GUI/install/hockey_stick_arm/local/lib/python3.10/dist-packages/hockey_stick_arm/__init__.py
[2.915s] -- Up-to-date: /home/urc/new_GUI/install/hockey_stick_arm/local/lib/python3.10/dist-packages/hockey_stick_arm/_hockey_stick_arm_s.ep.rosidl_typesupport_c.c
[2.915s] -- Up-to-date: /home/urc/new_GUI/install/hockey_stick_arm/local/lib/python3.10/dist-packages/hockey_stick_arm/hockey_stick_arm_s__rosidl_typesupport_introspection_c.cpython-310-x86_64-linux-gnu.so
[2.915s] -- Up-to-date: /home/urc/new_GUI/install/hockey_stick_arm/local/lib/python3.10/dist-packages/hockey_stick_arm/libhockey_stick_arm__rosidl_generator_py.so
[2.916s] -- Up-to-date: /home/urc/new_GUI/install/hockey_stick_arm/local/lib/python3.10/dist-packages/hockey_stick_arm/_hockey_stick_arm_s.ep.rosidl_typesupport_introspection_c.c
[2.916s] -- Up-to-date: /home/urc/new_GUI/install/hockey_stick_arm/local/lib/python3.10/dist-packages/hockey_stick_arm/srv
[2.916s] -- Up-to-date: /home/urc/new_GUI/install/hockey_stick_arm/local/lib/python3.10/dist-packages/hockey_stick_arm/srv/__init__.py
[2.916s] -- Up-to-date: /home/urc/new_GUI/install/hockey_stick_arm/local/lib/python3.10/dist-packages/hockey_stick_arm/srv/_set_float_s.c
[2.916s] -- Up-to-date: /home/urc/new_GUI/install/hockey_stick_arm/local/lib/python3.10/dist-packages/hockey_stick_arm/srv/_set_float.py
[2.916s] -- Up-to-date: /home/urc/new_GUI/install/hockey_stick_arm/local/lib/python3.10/dist-packages/hockey_stick_arm/srv/_calibrate.py
[2.917s] -- Up-to-date: /home/urc/new_GUI/install/hockey_stick_arm/local/lib/python3.10/dist-packages/hockey_stick_arm/srv/_calibrate_s.c
[2.917s] -- Up-to-date: /home/urc/new_GUI/install/hockey_stick_arm/local/lib/python3.10/dist-packages/hockey_stick_arm/_hockey_stick_arm_s.ep.rosidl_typesupport_fastrtps_c.c
[2.917s] -- Up-to-date: /home/urc/new_GUI/install/hockey_stick_arm/local/lib/python3.10/dist-packages/hockey_stick_arm/hockey_stick_arm_s__rosidl_typesupport_fastrtps_c.cpython-310-x86_64-linux-gnu.so
[2.977s] Listing '/home/urc/new_GUI/install/hockey_stick_arm/local/lib/python3.10/dist-packages/hockey_stick_arm'...
[2.978s] Listing '/home/urc/new_GUI/install/hockey_stick_arm/local/lib/python3.10/dist-packages/hockey_stick_arm/srv'...
[2.995s] -- Up-to-date: /home/urc/new_GUI/install/hockey_stick_arm/local/lib/python3.10/dist-packages/hockey_stick_arm/hockey_stick_arm_s__rosidl_typesupport_fastrtps_c.cpython-310-x86_64-linux-gnu.so
[2.995s] -- Up-to-date: /home/urc/new_GUI/install/hockey_stick_arm/local/lib/python3.10/dist-packages/hockey_stick_arm/hockey_stick_arm_s__rosidl_typesupport_introspection_c.cpython-310-x86_64-linux-gnu.so
[2.995s] -- Up-to-date: /home/urc/new_GUI/install/hockey_stick_arm/local/lib/python3.10/dist-packages/hockey_stick_arm/hockey_stick_arm_s__rosidl_typesupport_c.cpython-310-x86_64-linux-gnu.so
[2.995s] -- Up-to-date: /home/urc/new_GUI/install/hockey_stick_arm/lib/libhockey_stick_arm__rosidl_generator_py.so
[2.995s] -- Up-to-date: /home/urc/new_GUI/install/hockey_stick_arm/share/hockey_stick_arm/srv/Calibrate.idl
[2.996s] -- Up-to-date: /home/urc/new_GUI/install/hockey_stick_arm/share/hockey_stick_arm/srv/SetFloat.idl
[2.996s] -- Up-to-date: /home/urc/new_GUI/install/hockey_stick_arm/share/hockey_stick_arm/srv/Calibrate.srv
[2.996s] -- Up-to-date: /home/urc/new_GUI/install/hockey_stick_arm/share/hockey_stick_arm/srv/Calibrate_Request.msg
[2.996s] -- Up-to-date: /home/urc/new_GUI/install/hockey_stick_arm/share/hockey_stick_arm/srv/Calibrate_Response.msg
[2.996s] -- Up-to-date: /home/urc/new_GUI/install/hockey_stick_arm/share/hockey_stick_arm/srv/SetFloat.srv
[2.996s] -- Up-to-date: /home/urc/new_GUI/install/hockey_stick_arm/share/hockey_stick_arm/srv/SetFloat_Request.msg
[2.997s] -- Up-to-date: /home/urc/new_GUI/install/hockey_stick_arm/share/hockey_stick_arm/srv/SetFloat_Response.msg
[2.997s] -- Up-to-date: /home/urc/new_GUI/install/hockey_stick_arm/share/ament_index/resource_index/package_run_dependencies/hockey_stick_arm
[2.997s] -- Up-to-date: /home/urc/new_GUI/install/hockey_stick_arm/share/ament_index/resource_index/parent_prefix_path/hockey_stick_arm
[2.997s] -- Up-to-date: /home/urc/new_GUI/install/hockey_stick_arm/share/hockey_stick_arm/environment/ament_prefix_path.sh
[2.998s] -- Up-to-date: /home/urc/new_GUI/install/hockey_stick_arm/share/hockey_stick_arm/environment/ament_prefix_path.dsv
[2.999s] -- Up-to-date: /home/urc/new_GUI/install/hockey_stick_arm/share/hockey_stick_arm/environment/path.sh
[2.999s] -- Up-to-date: /home/urc/new_GUI/install/hockey_stick_arm/share/hockey_stick_arm/environment/path.dsv
[2.999s] -- Up-to-date: /home/urc/new_GUI/install/hockey_stick_arm/share/hockey_stick_arm/local_setup.bash
[2.999s] -- Up-to-date: /home/urc/new_GUI/install/hockey_stick_arm/share/hockey_stick_arm/local_setup.sh
[3.000s] -- Up-to-date: /home/urc/new_GUI/install/hockey_stick_arm/share/hockey_stick_arm/local_setup.zsh
[3.000s] -- Up-to-date: /home/urc/new_GUI/install/hockey_stick_arm/share/hockey_stick_arm/local_setup.dsv
[3.000s] -- Installing: /home/urc/new_GUI/install/hockey_stick_arm/share/hockey_stick_arm/package.dsv
[3.000s] -- Up-to-date: /home/urc/new_GUI/install/hockey_stick_arm/share/ament_index/resource_index/packages/hockey_stick_arm
[3.000s] -- Up-to-date: /home/urc/new_GUI/install/hockey_stick_arm/share/hockey_stick_arm/cmake/export_hockey_stick_arm__rosidl_generator_cExport.cmake
[3.001s] -- Up-to-date: /home/urc/new_GUI/install/hockey_stick_arm/share/hockey_stick_arm/cmake/export_hockey_stick_arm__rosidl_generator_cExport-noconfig.cmake
[3.001s] -- Up-to-date: /home/urc/new_GUI/install/hockey_stick_arm/share/hockey_stick_arm/cmake/export_hockey_stick_arm__rosidl_typesupport_fastrtps_cExport.cmake
[3.001s] -- Up-to-date: /home/urc/new_GUI/install/hockey_stick_arm/share/hockey_stick_arm/cmake/export_hockey_stick_arm__rosidl_typesupport_fastrtps_cExport-noconfig.cmake
[3.001s] -- Up-to-date: /home/urc/new_GUI/install/hockey_stick_arm/share/hockey_stick_arm/cmake/hockey_stick_arm__rosidl_typesupport_introspection_cExport.cmake
[3.001s] -- Up-to-date: /home/urc/new_GUI/install/hockey_stick_arm/share/hockey_stick_arm/cmake/hockey_stick_arm__rosidl_typesupport_introspection_cExport-noconfig.cmake
[3.002s] -- Up-to-date: /home/urc/new_GUI/install/hockey_stick_arm/share/hockey_stick_arm/cmake/hockey_stick_arm__rosidl_typesupport_cExport.cmake
[3.002s] -- Up-to-date: /home/urc/new_GUI/install/hockey_stick_arm/share/hockey_stick_arm/cmake/hockey_stick_arm__rosidl_typesupport_cExport-noconfig.cmake
[3.002s] -- Up-to-date: /home/urc/new_GUI/install/hockey_stick_arm/share/hockey_stick_arm/cmake/export_hockey_stick_arm__rosidl_generator_cppExport.cmake
[3.002s] -- Up-to-date: /home/urc/new_GUI/install/hockey_stick_arm/share/hockey_stick_arm/cmake/export_hockey_stick_arm__rosidl_typesupport_fastrtps_cppExport.cmake
[3.003s] -- Up-to-date: /home/urc/new_GUI/install/hockey_stick_arm/share/hockey_stick_arm/cmake/export_hockey_stick_arm__rosidl_typesupport_fastrtps_cppExport-noconfig.cmake
[3.003s] -- Up-to-date: /home/urc/new_GUI/install/hockey_stick_arm/share/hockey_stick_arm/cmake/hockey_stick_arm__rosidl_typesupport_introspection_cppExport.cmake
[3.003s] -- Up-to-date: /home/urc/new_GUI/install/hockey_stick_arm/share/hockey_stick_arm/cmake/hockey_stick_arm__rosidl_typesupport_introspection_cppExport-noconfig.cmake
[3.003s] -- Up-to-date: /home/urc/new_GUI/install/hockey_stick_arm/share/hockey_stick_arm/cmake/hockey_stick_arm__rosidl_typesupport_cppExport.cmake
[3.003s] -- Up-to-date: /home/urc/new_GUI/install/hockey_stick_arm/share/hockey_stick_arm/cmake/hockey_stick_arm__rosidl_typesupport_cppExport-noconfig.cmake
[3.004s] -- Up-to-date: /home/urc/new_GUI/install/hockey_stick_arm/share/hockey_stick_arm/cmake/export_hockey_stick_arm__rosidl_generator_pyExport.cmake
[3.004s] -- Up-to-date: /home/urc/new_GUI/install/hockey_stick_arm/share/hockey_stick_arm/cmake/export_hockey_stick_arm__rosidl_generator_pyExport-noconfig.cmake
[3.004s] -- Up-to-date: /home/urc/new_GUI/install/hockey_stick_arm/share/hockey_stick_arm/cmake/rosidl_cmake-extras.cmake
[3.004s] -- Up-to-date: /home/urc/new_GUI/install/hockey_stick_arm/share/hockey_stick_arm/cmake/ament_cmake_export_dependencies-extras.cmake
[3.004s] -- Up-to-date: /home/urc/new_GUI/install/hockey_stick_arm/share/hockey_stick_arm/cmake/ament_cmake_export_include_directories-extras.cmake
[3.005s] -- Up-to-date: /home/urc/new_GUI/install/hockey_stick_arm/share/hockey_stick_arm/cmake/ament_cmake_export_libraries-extras.cmake
[3.006s] -- Up-to-date: /home/urc/new_GUI/install/hockey_stick_arm/share/hockey_stick_arm/cmake/ament_cmake_export_targets-extras.cmake
[3.007s] -- Up-to-date: /home/urc/new_GUI/install/hockey_stick_arm/share/hockey_stick_arm/cmake/rosidl_cmake_export_typesupport_targets-extras.cmake
[3.007s] -- Up-to-date: /home/urc/new_GUI/install/hockey_stick_arm/share/hockey_stick_arm/cmake/rosidl_cmake_export_typesupport_libraries-extras.cmake
[3.010s] -- Up-to-date: /home/urc/new_GUI/install/hockey_stick_arm/share/hockey_stick_arm/cmake/hockey_stick_armConfig.cmake
[3.011s] -- Up-to-date: /home/urc/new_GUI/install/hockey_stick_arm/share/hockey_stick_arm/cmake/hockey_stick_armConfig-version.cmake
[3.012s] -- Up-to-date: /home/urc/new_GUI/install/hockey_stick_arm/share/hockey_stick_arm/package.xml
[3.196s] Invoked command in '/home/urc/new_GUI/build/hockey_stick_arm' returned '0': CMAKE_PREFIX_PATH=/home/urc/test_ws/install/turtle_test:/home/urc/test_ws/install/roslink_test:/home/urc/new_GUI/install/gui_window:/opt/ros/humble:${CMAKE_PREFIX_PATH} /usr/bin/cmake --install /home/urc/new_GUI/build/hockey_stick_arm
