[0.418s] Invoking command in '/home/urc/new-GUI/build/aruco_finder': CMAKE_PREFIX_PATH=/opt/ros/humble /usr/bin/cmake /home/urc/new-GUI/src/aruco_finder -DCMAKE_INSTALL_PREFIX=/home/urc/new-GUI/install/aruco_finder
[1.398s] -- Found ament_cmake: 1.3.5 (/opt/ros/humble/share/ament_cmake/cmake)
[1.398s] -- Found ament_lint_auto: 0.12.8 (/opt/ros/humble/share/ament_lint_auto/cmake)
[1.398s] -- Found rosidl_default_generators: 1.2.0 (/opt/ros/humble/share/rosidl_default_generators/cmake)
[1.399s] -- Using all available rosidl_typesupport_c: rosidl_typesupport_fastrtps_c;rosidl_typesupport_introspection_c
[1.399s] -- Found rosidl_adapter: 3.1.5 (/opt/ros/humble/share/rosidl_adapter/cmake)
[1.399s] -- Using all available rosidl_typesupport_cpp: rosidl_typesupport_fastrtps_cpp;rosidl_typesupport_introspection_cpp
[1.399s] -- Found std_msgs: 4.2.3 (/opt/ros/humble/share/std_msgs/cmake)
[1.399s] -- Found geometry_msgs: 4.2.3 (/opt/ros/humble/share/geometry_msgs/cmake)
[1.406s] [33mCMake Warning at CMakeLists.txt:237 (find_package):
[1.406s]   By not providing "Findroscpp.cmake" in CMAKE_MODULE_PATH this project has
[1.406s]   asked CMake to find a package configuration file provided by "roscpp", but
[1.407s]   CMake did not find one.
[1.407s] 
[1.407s]   Could not find a package configuration file provided by "roscpp" with any
[1.407s]   of the following names:
[1.407s] 
[1.407s]     roscppConfig.cmake
[1.407s]     roscpp-config.cmake
[1.407s] 
[1.407s]   Add the installation prefix of "roscpp" to CMAKE_PREFIX_PATH or set
[1.407s]   "roscpp_DIR" to a directory containing one of the above files.  If "roscpp"
[1.408s]   provides a separate development package or SDK, be sure it has been
[1.408s]   installed.
[1.408s] 
[1.408s] [0m
[1.408s] [33mCMake Warning at CMakeLists.txt:239 (find_package):
[1.408s]   By not providing "Findmessage_generation.cmake" in CMAKE_MODULE_PATH this
[1.408s]   project has asked CMake to find a package configuration file provided by
[1.408s]   "message_generation", but CMake did not find one.
[1.408s] 
[1.408s]   Could not find a package configuration file provided by
[1.408s]   "message_generation" with any of the following names:
[1.409s] 
[1.409s]     message_generationConfig.cmake
[1.409s]     message_generation-config.cmake
[1.409s] 
[1.409s]   Add the installation prefix of "message_generation" to CMAKE_PREFIX_PATH or
[1.409s]   set "message_generation_DIR" to a directory containing one of the above
[1.409s]   files.  If "message_generation" provides a separate development package or
[1.409s]   SDK, be sure it has been installed.
[1.410s] 
[1.410s] [0m
[1.410s] [33mCMake Warning at CMakeLists.txt:241 (find_package):
[1.410s]   By not providing "Findfiducial_msgs.cmake" in CMAKE_MODULE_PATH this
[1.410s]   project has asked CMake to find a package configuration file provided by
[1.410s]   "fiducial_msgs", but CMake did not find one.
[1.411s] 
[1.411s]   Could not find a package configuration file provided by "fiducial_msgs"
[1.411s]   with any of the following names:
[1.411s] 
[1.411s]     fiducial_msgsConfig.cmake
[1.411s]     fiducial_msgs-config.cmake
[1.411s] 
[1.411s]   Add the installation prefix of "fiducial_msgs" to CMAKE_PREFIX_PATH or set
[1.412s]   "fiducial_msgs_DIR" to a directory containing one of the above files.  If
[1.412s]   "fiducial_msgs" provides a separate development package or SDK, be sure it
[1.412s]   has been installed.
[1.412s] 
[1.412s] [0m
[1.806s] [31mCMake Error at /opt/ros/humble/share/rosidl_cmake/cmake/rosidl_generate_interfaces.cmake:162 (message):
[1.806s]   rosidl_generate_interfaces() the passed dependency 'message_generation' has
[1.806s]   not been found before using find_package()
[1.806s] Call Stack (most recent call first):
[1.806s]   CMakeLists.txt:243 (rosidl_generate_interfaces)
[1.806s] 
[1.806s] [0m
[1.806s] -- Configuring incomplete, errors occurred!
[1.807s] See also "/home/urc/new-GUI/build/aruco_finder/CMakeFiles/CMakeOutput.log".
[1.830s] Invoked command in '/home/urc/new-GUI/build/aruco_finder' returned '1': CMAKE_PREFIX_PATH=/opt/ros/humble /usr/bin/cmake /home/urc/new-GUI/src/aruco_finder -DCMAKE_INSTALL_PREFIX=/home/urc/new-GUI/install/aruco_finder
