/home/urc/new-GUI/install/gui_window/lib/python3.10/site-packages/gui_window/current_display_widget.py
/home/urc/new-GUI/install/gui_window/lib/python3.10/site-packages/gui_window/__init__.py
/home/urc/new-GUI/install/gui_window/lib/python3.10/site-packages/gui_window/wanderer_ros_link.py
/home/urc/new-GUI/install/gui_window/lib/python3.10/site-packages/gui_window/wanderer_controls.py
/home/urc/new-GUI/install/gui_window/lib/python3.10/site-packages/gui_window/science.py
/home/urc/new-GUI/install/gui_window/lib/python3.10/site-packages/gui_window/main.py
/home/urc/new-GUI/install/gui_window/lib/python3.10/site-packages/gui_window/urc_gui_common/ros_link.py
/home/urc/new-GUI/install/gui_window/lib/python3.10/site-packages/gui_window/urc_gui_common/status_bar.py
/home/urc/new-GUI/install/gui_window/lib/python3.10/site-packages/gui_window/urc_gui_common/tile_scraper.py
/home/urc/new-GUI/install/gui_window/lib/python3.10/site-packages/gui_window/urc_gui_common/__init__.py
/home/urc/new-GUI/install/gui_window/lib/python3.10/site-packages/gui_window/urc_gui_common/app.py
/home/urc/new-GUI/install/gui_window/lib/python3.10/site-packages/gui_window/urc_gui_common/camera_link.py
/home/urc/new-GUI/install/gui_window/lib/python3.10/site-packages/gui_window/rover_gui_common/rover_ros_link.py
/home/urc/new-GUI/install/gui_window/lib/python3.10/site-packages/gui_window/rover_gui_common/__init__.py
/home/urc/new-GUI/install/gui_window/lib/python3.10/site-packages/gui_window/rover_gui_common/rover_map.py
/home/urc/new-GUI/install/gui_window/lib/python3.10/site-packages/gui_window/ui_python/__init__.py
/home/urc/new-GUI/install/gui_window/lib/python3.10/site-packages/gui_window/ui_python/science_tab.py
/home/urc/new-GUI/install/gui_window/lib/python3.10/site-packages/gui_window/ui_python/current_display.py
/home/urc/new-GUI/install/gui_window/lib/python3.10/site-packages/gui_window/ui_python/wanderer_controls_tab.py
/home/urc/new-GUI/install/gui_window/lib/python3.10/site-packages/gui_window/urc_gui_common/helpers/internet.py
/home/urc/new-GUI/install/gui_window/lib/python3.10/site-packages/gui_window/urc_gui_common/helpers/__init__.py
/home/urc/new-GUI/install/gui_window/lib/python3.10/site-packages/gui_window/urc_gui_common/helpers/file_helper.py
/home/urc/new-GUI/install/gui_window/lib/python3.10/site-packages/gui_window/urc_gui_common/helpers/route_optimization.py
/home/urc/new-GUI/install/gui_window/lib/python3.10/site-packages/gui_window/urc_gui_common/helpers/validator.py
/home/urc/new-GUI/install/gui_window/lib/python3.10/site-packages/gui_window/urc_gui_common/widgets/timer.py
/home/urc/new-GUI/install/gui_window/lib/python3.10/site-packages/gui_window/urc_gui_common/widgets/ros_console.py
/home/urc/new-GUI/install/gui_window/lib/python3.10/site-packages/gui_window/urc_gui_common/widgets/current_widget.py
/home/urc/new-GUI/install/gui_window/lib/python3.10/site-packages/gui_window/urc_gui_common/widgets/map_viewer.py
/home/urc/new-GUI/install/gui_window/lib/python3.10/site-packages/gui_window/urc_gui_common/widgets/__init__.py
/home/urc/new-GUI/install/gui_window/lib/python3.10/site-packages/gui_window/urc_gui_common/widgets/graph_widget.py
/home/urc/new-GUI/install/gui_window/lib/python3.10/site-packages/gui_window/urc_gui_common/widgets/checklist.py
/home/urc/new-GUI/install/gui_window/lib/python3.10/site-packages/gui_window/urc_gui_common/widgets/super_camera_widget.py
/home/urc/new-GUI/install/gui_window/lib/python3.10/site-packages/gui_window/urc_gui_common/widgets/compass.py
/home/urc/new-GUI/install/gui_window/lib/python3.10/site-packages/gui_window/urc_gui_common/widgets/antenna_control.py
/home/urc/new-GUI/install/gui_window/lib/python3.10/site-packages/gui_window/urc_gui_common/widgets/slider_compass.py
/home/urc/new-GUI/install/gui_window/lib/python3.10/site-packages/gui_window/urc_gui_common/widgets/lines.py
/home/urc/new-GUI/install/gui_window/lib/python3.10/site-packages/gui_window/urc_gui_common/tabs/single_camera.py
/home/urc/new-GUI/install/gui_window/lib/python3.10/site-packages/gui_window/urc_gui_common/tabs/four_camera.py
/home/urc/new-GUI/install/gui_window/lib/python3.10/site-packages/gui_window/urc_gui_common/tabs/map.py
/home/urc/new-GUI/install/gui_window/lib/python3.10/site-packages/gui_window/urc_gui_common/tabs/__init__.py
/home/urc/new-GUI/install/gui_window/lib/python3.10/site-packages/gui_window/urc_gui_common/tabs/six_camera.py
/home/urc/new-GUI/install/gui_window/lib/python3.10/site-packages/gui_window/urc_gui_common/tabs/settings.py
/home/urc/new-GUI/install/gui_window/lib/python3.10/site-packages/gui_window/urc_gui_common/tabs/tools.py
/home/urc/new-GUI/install/gui_window/lib/python3.10/site-packages/gui_window/urc_gui_common/ui_python/tools_tab.py
/home/urc/new-GUI/install/gui_window/lib/python3.10/site-packages/gui_window/urc_gui_common/ui_python/optimization_dialog.py
/home/urc/new-GUI/install/gui_window/lib/python3.10/site-packages/gui_window/urc_gui_common/ui_python/current_widget.py
/home/urc/new-GUI/install/gui_window/lib/python3.10/site-packages/gui_window/urc_gui_common/ui_python/__init__.py
/home/urc/new-GUI/install/gui_window/lib/python3.10/site-packages/gui_window/urc_gui_common/ui_python/ros_console_widget.py
/home/urc/new-GUI/install/gui_window/lib/python3.10/site-packages/gui_window/urc_gui_common/ui_python/science_tab.py
/home/urc/new-GUI/install/gui_window/lib/python3.10/site-packages/gui_window/urc_gui_common/ui_python/timer_widget.py
/home/urc/new-GUI/install/gui_window/lib/python3.10/site-packages/gui_window/urc_gui_common/ui_python/antenna_control_widget.py
/home/urc/new-GUI/install/gui_window/lib/python3.10/site-packages/gui_window/urc_gui_common/ui_python/set_time_dialog.py
/home/urc/new-GUI/install/gui_window/lib/python3.10/site-packages/gui_window/urc_gui_common/ui_python/autonomy_edit_dialog.py
/home/urc/new-GUI/install/gui_window/lib/python3.10/site-packages/gui_window/urc_gui_common/ui_python/checklist_widget.py
/home/urc/new-GUI/install/gui_window/lib/python3.10/site-packages/gui_window/urc_gui_common/ui_python/graph.py
/home/urc/new-GUI/install/gui_window/lib/python3.10/site-packages/gui_window/urc_gui_common/widgets/ui_python/tools_tab.py
/home/urc/new-GUI/install/gui_window/lib/python3.10/site-packages/gui_window/urc_gui_common/widgets/ui_python/optimization_dialog.py
/home/urc/new-GUI/install/gui_window/lib/python3.10/site-packages/gui_window/urc_gui_common/widgets/ui_python/current_widget.py
/home/urc/new-GUI/install/gui_window/lib/python3.10/site-packages/gui_window/urc_gui_common/widgets/ui_python/__init__.py
/home/urc/new-GUI/install/gui_window/lib/python3.10/site-packages/gui_window/urc_gui_common/widgets/ui_python/ros_console_widget.py
/home/urc/new-GUI/install/gui_window/lib/python3.10/site-packages/gui_window/urc_gui_common/widgets/ui_python/science_tab.py
/home/urc/new-GUI/install/gui_window/lib/python3.10/site-packages/gui_window/urc_gui_common/widgets/ui_python/timer_widget.py
/home/urc/new-GUI/install/gui_window/lib/python3.10/site-packages/gui_window/urc_gui_common/widgets/ui_python/antenna_control_widget.py
/home/urc/new-GUI/install/gui_window/lib/python3.10/site-packages/gui_window/urc_gui_common/widgets/ui_python/set_time_dialog.py
/home/urc/new-GUI/install/gui_window/lib/python3.10/site-packages/gui_window/urc_gui_common/widgets/ui_python/autonomy_edit_dialog.py
/home/urc/new-GUI/install/gui_window/lib/python3.10/site-packages/gui_window/urc_gui_common/widgets/ui_python/checklist_widget.py
/home/urc/new-GUI/install/gui_window/lib/python3.10/site-packages/gui_window/urc_gui_common/widgets/ui_python/graph.py
/home/urc/new-GUI/install/gui_window/lib/python3.10/site-packages/gui_window/rover_gui_common/ui_python/__init__.py
/home/urc/new-GUI/install/gui_window/lib/python3.10/site-packages/gui_window/rover_gui_common/ui_python/ed_edit_dialog.py
/home/urc/new-GUI/install/gui_window/lib/python3.10/site-packages/gui_window/__pycache__/current_display_widget.cpython-310.pyc
/home/urc/new-GUI/install/gui_window/lib/python3.10/site-packages/gui_window/__pycache__/__init__.cpython-310.pyc
/home/urc/new-GUI/install/gui_window/lib/python3.10/site-packages/gui_window/__pycache__/wanderer_ros_link.cpython-310.pyc
/home/urc/new-GUI/install/gui_window/lib/python3.10/site-packages/gui_window/__pycache__/wanderer_controls.cpython-310.pyc
/home/urc/new-GUI/install/gui_window/lib/python3.10/site-packages/gui_window/__pycache__/science.cpython-310.pyc
/home/urc/new-GUI/install/gui_window/lib/python3.10/site-packages/gui_window/__pycache__/main.cpython-310.pyc
/home/urc/new-GUI/install/gui_window/lib/python3.10/site-packages/gui_window/urc_gui_common/__pycache__/ros_link.cpython-310.pyc
/home/urc/new-GUI/install/gui_window/lib/python3.10/site-packages/gui_window/urc_gui_common/__pycache__/status_bar.cpython-310.pyc
/home/urc/new-GUI/install/gui_window/lib/python3.10/site-packages/gui_window/urc_gui_common/__pycache__/tile_scraper.cpython-310.pyc
/home/urc/new-GUI/install/gui_window/lib/python3.10/site-packages/gui_window/urc_gui_common/__pycache__/__init__.cpython-310.pyc
/home/urc/new-GUI/install/gui_window/lib/python3.10/site-packages/gui_window/urc_gui_common/__pycache__/app.cpython-310.pyc
/home/urc/new-GUI/install/gui_window/lib/python3.10/site-packages/gui_window/urc_gui_common/__pycache__/camera_link.cpython-310.pyc
/home/urc/new-GUI/install/gui_window/lib/python3.10/site-packages/gui_window/rover_gui_common/__pycache__/rover_ros_link.cpython-310.pyc
/home/urc/new-GUI/install/gui_window/lib/python3.10/site-packages/gui_window/rover_gui_common/__pycache__/__init__.cpython-310.pyc
/home/urc/new-GUI/install/gui_window/lib/python3.10/site-packages/gui_window/rover_gui_common/__pycache__/rover_map.cpython-310.pyc
/home/urc/new-GUI/install/gui_window/lib/python3.10/site-packages/gui_window/ui_python/__pycache__/__init__.cpython-310.pyc
/home/urc/new-GUI/install/gui_window/lib/python3.10/site-packages/gui_window/ui_python/__pycache__/science_tab.cpython-310.pyc
/home/urc/new-GUI/install/gui_window/lib/python3.10/site-packages/gui_window/ui_python/__pycache__/current_display.cpython-310.pyc
/home/urc/new-GUI/install/gui_window/lib/python3.10/site-packages/gui_window/ui_python/__pycache__/wanderer_controls_tab.cpython-310.pyc
/home/urc/new-GUI/install/gui_window/lib/python3.10/site-packages/gui_window/urc_gui_common/helpers/__pycache__/internet.cpython-310.pyc
/home/urc/new-GUI/install/gui_window/lib/python3.10/site-packages/gui_window/urc_gui_common/helpers/__pycache__/__init__.cpython-310.pyc
/home/urc/new-GUI/install/gui_window/lib/python3.10/site-packages/gui_window/urc_gui_common/helpers/__pycache__/file_helper.cpython-310.pyc
/home/urc/new-GUI/install/gui_window/lib/python3.10/site-packages/gui_window/urc_gui_common/helpers/__pycache__/route_optimization.cpython-310.pyc
/home/urc/new-GUI/install/gui_window/lib/python3.10/site-packages/gui_window/urc_gui_common/helpers/__pycache__/validator.cpython-310.pyc
/home/urc/new-GUI/install/gui_window/lib/python3.10/site-packages/gui_window/urc_gui_common/widgets/__pycache__/timer.cpython-310.pyc
/home/urc/new-GUI/install/gui_window/lib/python3.10/site-packages/gui_window/urc_gui_common/widgets/__pycache__/ros_console.cpython-310.pyc
/home/urc/new-GUI/install/gui_window/lib/python3.10/site-packages/gui_window/urc_gui_common/widgets/__pycache__/current_widget.cpython-310.pyc
/home/urc/new-GUI/install/gui_window/lib/python3.10/site-packages/gui_window/urc_gui_common/widgets/__pycache__/map_viewer.cpython-310.pyc
/home/urc/new-GUI/install/gui_window/lib/python3.10/site-packages/gui_window/urc_gui_common/widgets/__pycache__/__init__.cpython-310.pyc
/home/urc/new-GUI/install/gui_window/lib/python3.10/site-packages/gui_window/urc_gui_common/widgets/__pycache__/graph_widget.cpython-310.pyc
/home/urc/new-GUI/install/gui_window/lib/python3.10/site-packages/gui_window/urc_gui_common/widgets/__pycache__/checklist.cpython-310.pyc
/home/urc/new-GUI/install/gui_window/lib/python3.10/site-packages/gui_window/urc_gui_common/widgets/__pycache__/super_camera_widget.cpython-310.pyc
/home/urc/new-GUI/install/gui_window/lib/python3.10/site-packages/gui_window/urc_gui_common/widgets/__pycache__/compass.cpython-310.pyc
/home/urc/new-GUI/install/gui_window/lib/python3.10/site-packages/gui_window/urc_gui_common/widgets/__pycache__/antenna_control.cpython-310.pyc
/home/urc/new-GUI/install/gui_window/lib/python3.10/site-packages/gui_window/urc_gui_common/widgets/__pycache__/slider_compass.cpython-310.pyc
/home/urc/new-GUI/install/gui_window/lib/python3.10/site-packages/gui_window/urc_gui_common/widgets/__pycache__/lines.cpython-310.pyc
/home/urc/new-GUI/install/gui_window/lib/python3.10/site-packages/gui_window/urc_gui_common/tabs/__pycache__/single_camera.cpython-310.pyc
/home/urc/new-GUI/install/gui_window/lib/python3.10/site-packages/gui_window/urc_gui_common/tabs/__pycache__/four_camera.cpython-310.pyc
/home/urc/new-GUI/install/gui_window/lib/python3.10/site-packages/gui_window/urc_gui_common/tabs/__pycache__/map.cpython-310.pyc
/home/urc/new-GUI/install/gui_window/lib/python3.10/site-packages/gui_window/urc_gui_common/tabs/__pycache__/__init__.cpython-310.pyc
/home/urc/new-GUI/install/gui_window/lib/python3.10/site-packages/gui_window/urc_gui_common/tabs/__pycache__/six_camera.cpython-310.pyc
/home/urc/new-GUI/install/gui_window/lib/python3.10/site-packages/gui_window/urc_gui_common/tabs/__pycache__/settings.cpython-310.pyc
/home/urc/new-GUI/install/gui_window/lib/python3.10/site-packages/gui_window/urc_gui_common/tabs/__pycache__/tools.cpython-310.pyc
/home/urc/new-GUI/install/gui_window/lib/python3.10/site-packages/gui_window/urc_gui_common/ui_python/__pycache__/tools_tab.cpython-310.pyc
/home/urc/new-GUI/install/gui_window/lib/python3.10/site-packages/gui_window/urc_gui_common/ui_python/__pycache__/optimization_dialog.cpython-310.pyc
/home/urc/new-GUI/install/gui_window/lib/python3.10/site-packages/gui_window/urc_gui_common/ui_python/__pycache__/current_widget.cpython-310.pyc
/home/urc/new-GUI/install/gui_window/lib/python3.10/site-packages/gui_window/urc_gui_common/ui_python/__pycache__/__init__.cpython-310.pyc
/home/urc/new-GUI/install/gui_window/lib/python3.10/site-packages/gui_window/urc_gui_common/ui_python/__pycache__/ros_console_widget.cpython-310.pyc
/home/urc/new-GUI/install/gui_window/lib/python3.10/site-packages/gui_window/urc_gui_common/ui_python/__pycache__/science_tab.cpython-310.pyc
/home/urc/new-GUI/install/gui_window/lib/python3.10/site-packages/gui_window/urc_gui_common/ui_python/__pycache__/timer_widget.cpython-310.pyc
/home/urc/new-GUI/install/gui_window/lib/python3.10/site-packages/gui_window/urc_gui_common/ui_python/__pycache__/antenna_control_widget.cpython-310.pyc
/home/urc/new-GUI/install/gui_window/lib/python3.10/site-packages/gui_window/urc_gui_common/ui_python/__pycache__/set_time_dialog.cpython-310.pyc
/home/urc/new-GUI/install/gui_window/lib/python3.10/site-packages/gui_window/urc_gui_common/ui_python/__pycache__/autonomy_edit_dialog.cpython-310.pyc
/home/urc/new-GUI/install/gui_window/lib/python3.10/site-packages/gui_window/urc_gui_common/ui_python/__pycache__/checklist_widget.cpython-310.pyc
/home/urc/new-GUI/install/gui_window/lib/python3.10/site-packages/gui_window/urc_gui_common/ui_python/__pycache__/graph.cpython-310.pyc
/home/urc/new-GUI/install/gui_window/lib/python3.10/site-packages/gui_window/urc_gui_common/widgets/ui_python/__pycache__/tools_tab.cpython-310.pyc
/home/urc/new-GUI/install/gui_window/lib/python3.10/site-packages/gui_window/urc_gui_common/widgets/ui_python/__pycache__/optimization_dialog.cpython-310.pyc
/home/urc/new-GUI/install/gui_window/lib/python3.10/site-packages/gui_window/urc_gui_common/widgets/ui_python/__pycache__/current_widget.cpython-310.pyc
/home/urc/new-GUI/install/gui_window/lib/python3.10/site-packages/gui_window/urc_gui_common/widgets/ui_python/__pycache__/__init__.cpython-310.pyc
/home/urc/new-GUI/install/gui_window/lib/python3.10/site-packages/gui_window/urc_gui_common/widgets/ui_python/__pycache__/ros_console_widget.cpython-310.pyc
/home/urc/new-GUI/install/gui_window/lib/python3.10/site-packages/gui_window/urc_gui_common/widgets/ui_python/__pycache__/science_tab.cpython-310.pyc
/home/urc/new-GUI/install/gui_window/lib/python3.10/site-packages/gui_window/urc_gui_common/widgets/ui_python/__pycache__/timer_widget.cpython-310.pyc
/home/urc/new-GUI/install/gui_window/lib/python3.10/site-packages/gui_window/urc_gui_common/widgets/ui_python/__pycache__/antenna_control_widget.cpython-310.pyc
/home/urc/new-GUI/install/gui_window/lib/python3.10/site-packages/gui_window/urc_gui_common/widgets/ui_python/__pycache__/set_time_dialog.cpython-310.pyc
/home/urc/new-GUI/install/gui_window/lib/python3.10/site-packages/gui_window/urc_gui_common/widgets/ui_python/__pycache__/autonomy_edit_dialog.cpython-310.pyc
/home/urc/new-GUI/install/gui_window/lib/python3.10/site-packages/gui_window/urc_gui_common/widgets/ui_python/__pycache__/checklist_widget.cpython-310.pyc
/home/urc/new-GUI/install/gui_window/lib/python3.10/site-packages/gui_window/urc_gui_common/widgets/ui_python/__pycache__/graph.cpython-310.pyc
/home/urc/new-GUI/install/gui_window/lib/python3.10/site-packages/gui_window/rover_gui_common/ui_python/__pycache__/__init__.cpython-310.pyc
/home/urc/new-GUI/install/gui_window/lib/python3.10/site-packages/gui_window/rover_gui_common/ui_python/__pycache__/ed_edit_dialog.cpython-310.pyc
/home/urc/new-GUI/install/gui_window/share/ament_index/resource_index/packages/gui_window
/home/urc/new-GUI/install/gui_window/share/gui_window/package.xml
/home/urc/new-GUI/install/gui_window/share/gui_window/launch/gui_bringup.launch.py
/home/urc/new-GUI/install/gui_window/share/gui_window/config/params.yaml
/home/urc/new-GUI/install/gui_window/lib/python3.10/site-packages/gui_window-0.0.0-py3.10.egg-info/PKG-INFO
/home/urc/new-GUI/install/gui_window/lib/python3.10/site-packages/gui_window-0.0.0-py3.10.egg-info/requires.txt
/home/urc/new-GUI/install/gui_window/lib/python3.10/site-packages/gui_window-0.0.0-py3.10.egg-info/zip-safe
/home/urc/new-GUI/install/gui_window/lib/python3.10/site-packages/gui_window-0.0.0-py3.10.egg-info/entry_points.txt
/home/urc/new-GUI/install/gui_window/lib/python3.10/site-packages/gui_window-0.0.0-py3.10.egg-info/dependency_links.txt
/home/urc/new-GUI/install/gui_window/lib/python3.10/site-packages/gui_window-0.0.0-py3.10.egg-info/top_level.txt
/home/urc/new-GUI/install/gui_window/lib/python3.10/site-packages/gui_window-0.0.0-py3.10.egg-info/SOURCES.txt
/home/urc/new-GUI/install/gui_window/lib/gui_window/gui
