[0.719s] Invoking command in '/home/urc/new-GUI/build/theora_webcams': /usr/bin/cmake /home/urc/new-GUI/src/theora_webcams -DCMAKE_INSTALL_PREFIX=/home/urc/new-GUI/install/theora_webcams
[0.754s] -- Found ament_cmake: 1.3.5 (/opt/ros/humble/share/ament_cmake/cmake)
[1.020s] -- Found ament_lint_auto: 0.12.8 (/opt/ros/humble/share/ament_lint_auto/cmake)
[1.097s] Error parsing '/home/urc/new-GUI/src/theora_webcams/package.xml':
[1.163s] Traceback (most recent call last):
[1.163s]   File "/opt/ros/humble/share/ament_cmake_core/cmake/core/package_xml_2_cmake.py", line 150, in <module>
[1.163s]     main()
[1.164s]   File "/opt/ros/humble/share/ament_cmake_core/cmake/core/package_xml_2_cmake.py", line 53, in main
[1.164s]     raise e
[1.164s]   File "/opt/ros/humble/share/ament_cmake_core/cmake/core/package_xml_2_cmake.py", line 49, in main
[1.164s]     package = parse_package_string(
[1.164s]   File "/usr/lib/python3/dist-packages/catkin_pkg/package.py", line 719, in parse_package_string
[1.172s]     export_node = _get_optional_node(root, 'export', filename)
[1.172s]   File "/usr/lib/python3/dist-packages/catkin_pkg/package.py", line 807, in _get_optional_node
[1.173s]     raise InvalidPackage('The manifest must not contain more than one "%s" tags' % tagname, filename)
[1.173s] catkin_pkg.package.InvalidPackage: Error(s) in package '/home/urc/new-GUI/src/theora_webcams/package.xml':
[1.173s] The manifest must not contain more than one "export" tags
[1.198s] [31mCMake Error at /opt/ros/humble/share/ament_cmake_core/cmake/core/ament_package_xml.cmake:95 (message):
[1.198s]   execute_process(/usr/bin/python3.10
[1.198s]   /opt/ros/humble/share/ament_cmake_core/cmake/core/package_xml_2_cmake.py
[1.198s]   /home/urc/new-GUI/src/theora_webcams/package.xml
[1.198s]   /home/urc/new-GUI/build/theora_webcams/ament_cmake_core/package.cmake)
[1.198s]   returned error code 1
[1.198s] Call Stack (most recent call first):
[1.198s]   /opt/ros/humble/share/ament_cmake_core/cmake/core/ament_package_xml.cmake:49 (_ament_package_xml)
[1.198s]   /opt/ros/humble/share/ament_lint_auto/cmake/ament_lint_auto_find_test_dependencies.cmake:31 (ament_package_xml)
[1.198s]   CMakeLists.txt:240 (ament_lint_auto_find_test_dependencies)
[1.199s] 
[1.199s] [0m
[1.199s] -- Configuring incomplete, errors occurred!
[1.199s] See also "/home/urc/new-GUI/build/theora_webcams/CMakeFiles/CMakeOutput.log".
