[0.694s] Invoking command in '/home/urc/new-GUI/build/ocean_optics_spectrometer': CMAKE_PREFIX_PATH=/opt/ros/humble /usr/bin/cmake --build /home/urc/new-GUI/build/ocean_optics_spectrometer -- -j4 -l4
[0.946s] [  9%] Built target ocean_optics_spectrometer__rosidl_generator_c
[0.954s] [ 12%] Built target ocean_optics_spectrometer__cpp
[1.027s] [ 12%] Built target ament_cmake_python_copy_ocean_optics_spectrometer
[1.101s] [ 22%] Built target ocean_optics_spectrometer__rosidl_typesupport_fastrtps_c
[1.119s] [ 32%] Built target ocean_optics_spectrometer__rosidl_typesupport_introspection_c
[1.212s] [ 41%] Built target ocean_optics_spectrometer__rosidl_typesupport_c
[1.213s] [ 51%] Built target ocean_optics_spectrometer__rosidl_typesupport_fastrtps_cpp
[1.213s] [ 61%] Built target ocean_optics_spectrometer__rosidl_typesupport_introspection_cpp
[1.275s] [ 70%] Built target ocean_optics_spectrometer__rosidl_typesupport_cpp
[1.354s] [ 70%] Built target ocean_optics_spectrometer
[1.511s] [ 74%] Built target ocean_optics_spectrometer__py
[1.589s] [ 80%] Built target ocean_optics_spectrometer__rosidl_generator_py
[1.681s] [ 87%] Built target ocean_optics_spectrometer__rosidl_typesupport_fastrtps_c__pyext
[1.748s] [ 93%] Built target ocean_optics_spectrometer__rosidl_typesupport_introspection_c__pyext
[1.762s] [100%] Built target ocean_optics_spectrometer__rosidl_typesupport_c__pyext
[2.539s] running egg_info
[2.540s] writing ocean_optics_spectrometer.egg-info/PKG-INFO
[2.544s] writing dependency_links to ocean_optics_spectrometer.egg-info/dependency_links.txt
[2.548s] writing top-level names to ocean_optics_spectrometer.egg-info/top_level.txt
[2.564s] reading manifest file 'ocean_optics_spectrometer.egg-info/SOURCES.txt'
[2.573s] writing manifest file 'ocean_optics_spectrometer.egg-info/SOURCES.txt'
[2.778s] [100%] Built target ament_cmake_python_build_ocean_optics_spectrometer_egg
[3.114s] Invoked command in '/home/urc/new-GUI/build/ocean_optics_spectrometer' returned '0': CMAKE_PREFIX_PATH=/opt/ros/humble /usr/bin/cmake --build /home/urc/new-GUI/build/ocean_optics_spectrometer -- -j4 -l4
[3.525s] Invoking command in '/home/urc/new-GUI/build/ocean_optics_spectrometer': CMAKE_PREFIX_PATH=/opt/ros/humble /usr/bin/cmake --install /home/urc/new-GUI/build/ocean_optics_spectrometer
[3.574s] -- Install configuration: ""
[3.574s] -- Up-to-date: /home/urc/new-GUI/install/ocean_optics_spectrometer/share/ament_index/resource_index/rosidl_interfaces/ocean_optics_spectrometer
[3.575s] -- Up-to-date: /home/urc/new-GUI/install/ocean_optics_spectrometer/include/ocean_optics_spectrometer/ocean_optics_spectrometer
[3.575s] -- Up-to-date: /home/urc/new-GUI/install/ocean_optics_spectrometer/include/ocean_optics_spectrometer/ocean_optics_spectrometer/msg
[3.575s] -- Up-to-date: /home/urc/new-GUI/install/ocean_optics_spectrometer/include/ocean_optics_spectrometer/ocean_optics_spectrometer/msg/rosidl_generator_c__visibility_control.h
[3.575s] -- Up-to-date: /home/urc/new-GUI/install/ocean_optics_spectrometer/include/ocean_optics_spectrometer/ocean_optics_spectrometer/srv
[3.576s] -- Up-to-date: /home/urc/new-GUI/install/ocean_optics_spectrometer/include/ocean_optics_spectrometer/ocean_optics_spectrometer/srv/capture_spectrometer.h
[3.576s] -- Up-to-date: /home/urc/new-GUI/install/ocean_optics_spectrometer/include/ocean_optics_spectrometer/ocean_optics_spectrometer/srv/detail
[3.576s] -- Up-to-date: /home/urc/new-GUI/install/ocean_optics_spectrometer/include/ocean_optics_spectrometer/ocean_optics_spectrometer/srv/detail/capture_spectrometer__functions.c
[3.576s] -- Up-to-date: /home/urc/new-GUI/install/ocean_optics_spectrometer/include/ocean_optics_spectrometer/ocean_optics_spectrometer/srv/detail/capture_spectrometer__type_support.h
[3.576s] -- Up-to-date: /home/urc/new-GUI/install/ocean_optics_spectrometer/include/ocean_optics_spectrometer/ocean_optics_spectrometer/srv/detail/capture_spectrometer__functions.h
[3.576s] -- Up-to-date: /home/urc/new-GUI/install/ocean_optics_spectrometer/include/ocean_optics_spectrometer/ocean_optics_spectrometer/srv/detail/capture_spectrometer__struct.h
[3.576s] -- Up-to-date: /home/urc/new-GUI/install/ocean_optics_spectrometer/share/ocean_optics_spectrometer/environment/library_path.sh
[3.577s] -- Up-to-date: /home/urc/new-GUI/install/ocean_optics_spectrometer/share/ocean_optics_spectrometer/environment/library_path.dsv
[3.577s] -- Up-to-date: /home/urc/new-GUI/install/ocean_optics_spectrometer/lib/libocean_optics_spectrometer__rosidl_generator_c.so
[3.577s] -- Up-to-date: /home/urc/new-GUI/install/ocean_optics_spectrometer/include/ocean_optics_spectrometer/ocean_optics_spectrometer
[3.577s] -- Up-to-date: /home/urc/new-GUI/install/ocean_optics_spectrometer/include/ocean_optics_spectrometer/ocean_optics_spectrometer/msg
[3.577s] -- Up-to-date: /home/urc/new-GUI/install/ocean_optics_spectrometer/include/ocean_optics_spectrometer/ocean_optics_spectrometer/msg/rosidl_typesupport_fastrtps_c__visibility_control.h
[3.577s] -- Up-to-date: /home/urc/new-GUI/install/ocean_optics_spectrometer/include/ocean_optics_spectrometer/ocean_optics_spectrometer/srv
[3.578s] -- Up-to-date: /home/urc/new-GUI/install/ocean_optics_spectrometer/include/ocean_optics_spectrometer/ocean_optics_spectrometer/srv/detail
[3.578s] -- Up-to-date: /home/urc/new-GUI/install/ocean_optics_spectrometer/include/ocean_optics_spectrometer/ocean_optics_spectrometer/srv/detail/capture_spectrometer__rosidl_typesupport_fastrtps_c.h
[3.578s] -- Up-to-date: /home/urc/new-GUI/install/ocean_optics_spectrometer/lib/libocean_optics_spectrometer__rosidl_typesupport_fastrtps_c.so
[3.578s] -- Up-to-date: /home/urc/new-GUI/install/ocean_optics_spectrometer/include/ocean_optics_spectrometer/ocean_optics_spectrometer
[3.597s] -- Up-to-date: /home/urc/new-GUI/install/ocean_optics_spectrometer/include/ocean_optics_spectrometer/ocean_optics_spectrometer/msg
[3.603s] -- Up-to-date: /home/urc/new-GUI/install/ocean_optics_spectrometer/include/ocean_optics_spectrometer/ocean_optics_spectrometer/msg/rosidl_typesupport_introspection_c__visibility_control.h
[3.603s] -- Up-to-date: /home/urc/new-GUI/install/ocean_optics_spectrometer/include/ocean_optics_spectrometer/ocean_optics_spectrometer/srv
[3.603s] -- Up-to-date: /home/urc/new-GUI/install/ocean_optics_spectrometer/include/ocean_optics_spectrometer/ocean_optics_spectrometer/srv/detail
[3.603s] -- Up-to-date: /home/urc/new-GUI/install/ocean_optics_spectrometer/include/ocean_optics_spectrometer/ocean_optics_spectrometer/srv/detail/capture_spectrometer__type_support.c
[3.604s] -- Up-to-date: /home/urc/new-GUI/install/ocean_optics_spectrometer/include/ocean_optics_spectrometer/ocean_optics_spectrometer/srv/detail/capture_spectrometer__rosidl_typesupport_introspection_c.h
[3.604s] -- Up-to-date: /home/urc/new-GUI/install/ocean_optics_spectrometer/lib/libocean_optics_spectrometer__rosidl_typesupport_introspection_c.so
[3.604s] -- Up-to-date: /home/urc/new-GUI/install/ocean_optics_spectrometer/lib/libocean_optics_spectrometer__rosidl_typesupport_c.so
[3.604s] -- Up-to-date: /home/urc/new-GUI/install/ocean_optics_spectrometer/include/ocean_optics_spectrometer/ocean_optics_spectrometer
[3.604s] -- Up-to-date: /home/urc/new-GUI/install/ocean_optics_spectrometer/include/ocean_optics_spectrometer/ocean_optics_spectrometer/srv
[3.604s] -- Up-to-date: /home/urc/new-GUI/install/ocean_optics_spectrometer/include/ocean_optics_spectrometer/ocean_optics_spectrometer/srv/detail
[3.605s] -- Up-to-date: /home/urc/new-GUI/install/ocean_optics_spectrometer/include/ocean_optics_spectrometer/ocean_optics_spectrometer/srv/detail/capture_spectrometer__struct.hpp
[3.611s] -- Up-to-date: /home/urc/new-GUI/install/ocean_optics_spectrometer/include/ocean_optics_spectrometer/ocean_optics_spectrometer/srv/detail/capture_spectrometer__traits.hpp
[3.611s] -- Up-to-date: /home/urc/new-GUI/install/ocean_optics_spectrometer/include/ocean_optics_spectrometer/ocean_optics_spectrometer/srv/detail/capture_spectrometer__builder.hpp
[3.611s] -- Up-to-date: /home/urc/new-GUI/install/ocean_optics_spectrometer/include/ocean_optics_spectrometer/ocean_optics_spectrometer/srv/capture_spectrometer.hpp
[3.611s] -- Up-to-date: /home/urc/new-GUI/install/ocean_optics_spectrometer/include/ocean_optics_spectrometer/ocean_optics_spectrometer
[3.612s] -- Up-to-date: /home/urc/new-GUI/install/ocean_optics_spectrometer/include/ocean_optics_spectrometer/ocean_optics_spectrometer/msg
[3.612s] -- Up-to-date: /home/urc/new-GUI/install/ocean_optics_spectrometer/include/ocean_optics_spectrometer/ocean_optics_spectrometer/msg/rosidl_typesupport_fastrtps_cpp__visibility_control.h
[3.612s] -- Up-to-date: /home/urc/new-GUI/install/ocean_optics_spectrometer/include/ocean_optics_spectrometer/ocean_optics_spectrometer/srv
[3.612s] -- Up-to-date: /home/urc/new-GUI/install/ocean_optics_spectrometer/include/ocean_optics_spectrometer/ocean_optics_spectrometer/srv/detail
[3.612s] -- Up-to-date: /home/urc/new-GUI/install/ocean_optics_spectrometer/include/ocean_optics_spectrometer/ocean_optics_spectrometer/srv/detail/capture_spectrometer__rosidl_typesupport_fastrtps_cpp.hpp
[3.613s] -- Up-to-date: /home/urc/new-GUI/install/ocean_optics_spectrometer/include/ocean_optics_spectrometer/ocean_optics_spectrometer/srv/detail/dds_fastrtps
[3.613s] -- Up-to-date: /home/urc/new-GUI/install/ocean_optics_spectrometer/lib/libocean_optics_spectrometer__rosidl_typesupport_fastrtps_cpp.so
[3.613s] -- Up-to-date: /home/urc/new-GUI/install/ocean_optics_spectrometer/include/ocean_optics_spectrometer/ocean_optics_spectrometer
[3.613s] -- Up-to-date: /home/urc/new-GUI/install/ocean_optics_spectrometer/include/ocean_optics_spectrometer/ocean_optics_spectrometer/srv
[3.613s] -- Up-to-date: /home/urc/new-GUI/install/ocean_optics_spectrometer/include/ocean_optics_spectrometer/ocean_optics_spectrometer/srv/detail
[3.614s] -- Up-to-date: /home/urc/new-GUI/install/ocean_optics_spectrometer/include/ocean_optics_spectrometer/ocean_optics_spectrometer/srv/detail/capture_spectrometer__rosidl_typesupport_introspection_cpp.hpp
[3.614s] -- Up-to-date: /home/urc/new-GUI/install/ocean_optics_spectrometer/include/ocean_optics_spectrometer/ocean_optics_spectrometer/srv/detail/capture_spectrometer__type_support.cpp
[3.614s] -- Up-to-date: /home/urc/new-GUI/install/ocean_optics_spectrometer/lib/libocean_optics_spectrometer__rosidl_typesupport_introspection_cpp.so
[3.614s] -- Up-to-date: /home/urc/new-GUI/install/ocean_optics_spectrometer/lib/libocean_optics_spectrometer__rosidl_typesupport_cpp.so
[3.614s] -- Up-to-date: /home/urc/new-GUI/install/ocean_optics_spectrometer/share/ocean_optics_spectrometer/environment/pythonpath.sh
[3.615s] -- Up-to-date: /home/urc/new-GUI/install/ocean_optics_spectrometer/share/ocean_optics_spectrometer/environment/pythonpath.dsv
[3.615s] -- Up-to-date: /home/urc/new-GUI/install/ocean_optics_spectrometer/local/lib/python3.10/dist-packages/ocean_optics_spectrometer-0.0.0-py3.10.egg-info
[3.615s] -- Installing: /home/urc/new-GUI/install/ocean_optics_spectrometer/local/lib/python3.10/dist-packages/ocean_optics_spectrometer-0.0.0-py3.10.egg-info/PKG-INFO
[3.615s] -- Installing: /home/urc/new-GUI/install/ocean_optics_spectrometer/local/lib/python3.10/dist-packages/ocean_optics_spectrometer-0.0.0-py3.10.egg-info/dependency_links.txt
[3.615s] -- Installing: /home/urc/new-GUI/install/ocean_optics_spectrometer/local/lib/python3.10/dist-packages/ocean_optics_spectrometer-0.0.0-py3.10.egg-info/top_level.txt
[3.621s] -- Installing: /home/urc/new-GUI/install/ocean_optics_spectrometer/local/lib/python3.10/dist-packages/ocean_optics_spectrometer-0.0.0-py3.10.egg-info/SOURCES.txt
[3.621s] -- Up-to-date: /home/urc/new-GUI/install/ocean_optics_spectrometer/local/lib/python3.10/dist-packages/ocean_optics_spectrometer
[3.623s] -- Up-to-date: /home/urc/new-GUI/install/ocean_optics_spectrometer/local/lib/python3.10/dist-packages/ocean_optics_spectrometer/ocean_optics_spectrometer_s__rosidl_typesupport_introspection_c.cpython-310-x86_64-linux-gnu.so
[3.623s] -- Up-to-date: /home/urc/new-GUI/install/ocean_optics_spectrometer/local/lib/python3.10/dist-packages/ocean_optics_spectrometer/_ocean_optics_spectrometer_s.ep.rosidl_typesupport_introspection_c.c
[3.623s] -- Up-to-date: /home/urc/new-GUI/install/ocean_optics_spectrometer/local/lib/python3.10/dist-packages/ocean_optics_spectrometer/ocean_optics_spectrometer_s__rosidl_typesupport_c.cpython-310-x86_64-linux-gnu.so
[3.624s] -- Up-to-date: /home/urc/new-GUI/install/ocean_optics_spectrometer/local/lib/python3.10/dist-packages/ocean_optics_spectrometer/__init__.py
[3.624s] -- Up-to-date: /home/urc/new-GUI/install/ocean_optics_spectrometer/local/lib/python3.10/dist-packages/ocean_optics_spectrometer/ocean_optics_spectrometer_s__rosidl_typesupport_fastrtps_c.cpython-310-x86_64-linux-gnu.so
[3.624s] -- Up-to-date: /home/urc/new-GUI/install/ocean_optics_spectrometer/local/lib/python3.10/dist-packages/ocean_optics_spectrometer/libocean_optics_spectrometer__rosidl_generator_py.so
[3.624s] -- Up-to-date: /home/urc/new-GUI/install/ocean_optics_spectrometer/local/lib/python3.10/dist-packages/ocean_optics_spectrometer/srv
[3.624s] -- Up-to-date: /home/urc/new-GUI/install/ocean_optics_spectrometer/local/lib/python3.10/dist-packages/ocean_optics_spectrometer/srv/_capture_spectrometer.py
[3.624s] -- Up-to-date: /home/urc/new-GUI/install/ocean_optics_spectrometer/local/lib/python3.10/dist-packages/ocean_optics_spectrometer/srv/__init__.py
[3.624s] -- Up-to-date: /home/urc/new-GUI/install/ocean_optics_spectrometer/local/lib/python3.10/dist-packages/ocean_optics_spectrometer/srv/_capture_spectrometer_s.c
[3.625s] -- Up-to-date: /home/urc/new-GUI/install/ocean_optics_spectrometer/local/lib/python3.10/dist-packages/ocean_optics_spectrometer/_ocean_optics_spectrometer_s.ep.rosidl_typesupport_fastrtps_c.c
[3.625s] -- Up-to-date: /home/urc/new-GUI/install/ocean_optics_spectrometer/local/lib/python3.10/dist-packages/ocean_optics_spectrometer/_ocean_optics_spectrometer_s.ep.rosidl_typesupport_c.c
[3.756s] Listing '/home/urc/new-GUI/install/ocean_optics_spectrometer/local/lib/python3.10/dist-packages/ocean_optics_spectrometer'...
[3.757s] Listing '/home/urc/new-GUI/install/ocean_optics_spectrometer/local/lib/python3.10/dist-packages/ocean_optics_spectrometer/srv'...
[3.769s] -- Up-to-date: /home/urc/new-GUI/install/ocean_optics_spectrometer/local/lib/python3.10/dist-packages/ocean_optics_spectrometer/ocean_optics_spectrometer_s__rosidl_typesupport_fastrtps_c.cpython-310-x86_64-linux-gnu.so
[3.769s] -- Up-to-date: /home/urc/new-GUI/install/ocean_optics_spectrometer/local/lib/python3.10/dist-packages/ocean_optics_spectrometer/ocean_optics_spectrometer_s__rosidl_typesupport_introspection_c.cpython-310-x86_64-linux-gnu.so
[3.770s] -- Up-to-date: /home/urc/new-GUI/install/ocean_optics_spectrometer/local/lib/python3.10/dist-packages/ocean_optics_spectrometer/ocean_optics_spectrometer_s__rosidl_typesupport_c.cpython-310-x86_64-linux-gnu.so
[3.773s] -- Up-to-date: /home/urc/new-GUI/install/ocean_optics_spectrometer/lib/libocean_optics_spectrometer__rosidl_generator_py.so
[3.773s] -- Up-to-date: /home/urc/new-GUI/install/ocean_optics_spectrometer/share/ocean_optics_spectrometer/srv/CaptureSpectrometer.idl
[3.777s] -- Up-to-date: /home/urc/new-GUI/install/ocean_optics_spectrometer/share/ocean_optics_spectrometer/srv/CaptureSpectrometer.srv
[3.778s] -- Up-to-date: /home/urc/new-GUI/install/ocean_optics_spectrometer/share/ocean_optics_spectrometer/srv/CaptureSpectrometer_Request.msg
[3.779s] -- Up-to-date: /home/urc/new-GUI/install/ocean_optics_spectrometer/share/ocean_optics_spectrometer/srv/CaptureSpectrometer_Response.msg
[3.780s] -- Up-to-date: /home/urc/new-GUI/install/ocean_optics_spectrometer/share/ament_index/resource_index/package_run_dependencies/ocean_optics_spectrometer
[3.781s] -- Up-to-date: /home/urc/new-GUI/install/ocean_optics_spectrometer/share/ament_index/resource_index/parent_prefix_path/ocean_optics_spectrometer
[3.781s] -- Up-to-date: /home/urc/new-GUI/install/ocean_optics_spectrometer/share/ocean_optics_spectrometer/environment/ament_prefix_path.sh
[3.781s] -- Up-to-date: /home/urc/new-GUI/install/ocean_optics_spectrometer/share/ocean_optics_spectrometer/environment/ament_prefix_path.dsv
[3.781s] -- Up-to-date: /home/urc/new-GUI/install/ocean_optics_spectrometer/share/ocean_optics_spectrometer/environment/path.sh
[3.782s] -- Up-to-date: /home/urc/new-GUI/install/ocean_optics_spectrometer/share/ocean_optics_spectrometer/environment/path.dsv
[3.782s] -- Up-to-date: /home/urc/new-GUI/install/ocean_optics_spectrometer/share/ocean_optics_spectrometer/local_setup.bash
[3.782s] -- Up-to-date: /home/urc/new-GUI/install/ocean_optics_spectrometer/share/ocean_optics_spectrometer/local_setup.sh
[3.782s] -- Up-to-date: /home/urc/new-GUI/install/ocean_optics_spectrometer/share/ocean_optics_spectrometer/local_setup.zsh
[3.782s] -- Up-to-date: /home/urc/new-GUI/install/ocean_optics_spectrometer/share/ocean_optics_spectrometer/local_setup.dsv
[3.783s] -- Installing: /home/urc/new-GUI/install/ocean_optics_spectrometer/share/ocean_optics_spectrometer/package.dsv
[3.783s] -- Up-to-date: /home/urc/new-GUI/install/ocean_optics_spectrometer/share/ament_index/resource_index/packages/ocean_optics_spectrometer
[3.783s] -- Up-to-date: /home/urc/new-GUI/install/ocean_optics_spectrometer/share/ocean_optics_spectrometer/cmake/export_ocean_optics_spectrometer__rosidl_generator_cExport.cmake
[3.783s] -- Up-to-date: /home/urc/new-GUI/install/ocean_optics_spectrometer/share/ocean_optics_spectrometer/cmake/export_ocean_optics_spectrometer__rosidl_generator_cExport-noconfig.cmake
[3.783s] -- Up-to-date: /home/urc/new-GUI/install/ocean_optics_spectrometer/share/ocean_optics_spectrometer/cmake/export_ocean_optics_spectrometer__rosidl_typesupport_fastrtps_cExport.cmake
[3.783s] -- Up-to-date: /home/urc/new-GUI/install/ocean_optics_spectrometer/share/ocean_optics_spectrometer/cmake/export_ocean_optics_spectrometer__rosidl_typesupport_fastrtps_cExport-noconfig.cmake
[3.794s] -- Up-to-date: /home/urc/new-GUI/install/ocean_optics_spectrometer/share/ocean_optics_spectrometer/cmake/ocean_optics_spectrometer__rosidl_typesupport_introspection_cExport.cmake
[3.795s] -- Up-to-date: /home/urc/new-GUI/install/ocean_optics_spectrometer/share/ocean_optics_spectrometer/cmake/ocean_optics_spectrometer__rosidl_typesupport_introspection_cExport-noconfig.cmake
[3.811s] -- Up-to-date: /home/urc/new-GUI/install/ocean_optics_spectrometer/share/ocean_optics_spectrometer/cmake/ocean_optics_spectrometer__rosidl_typesupport_cExport.cmake
[3.811s] -- Up-to-date: /home/urc/new-GUI/install/ocean_optics_spectrometer/share/ocean_optics_spectrometer/cmake/ocean_optics_spectrometer__rosidl_typesupport_cExport-noconfig.cmake
[3.811s] -- Up-to-date: /home/urc/new-GUI/install/ocean_optics_spectrometer/share/ocean_optics_spectrometer/cmake/export_ocean_optics_spectrometer__rosidl_generator_cppExport.cmake
[3.812s] -- Up-to-date: /home/urc/new-GUI/install/ocean_optics_spectrometer/share/ocean_optics_spectrometer/cmake/export_ocean_optics_spectrometer__rosidl_typesupport_fastrtps_cppExport.cmake
[3.812s] -- Up-to-date: /home/urc/new-GUI/install/ocean_optics_spectrometer/share/ocean_optics_spectrometer/cmake/export_ocean_optics_spectrometer__rosidl_typesupport_fastrtps_cppExport-noconfig.cmake
[3.812s] -- Up-to-date: /home/urc/new-GUI/install/ocean_optics_spectrometer/share/ocean_optics_spectrometer/cmake/ocean_optics_spectrometer__rosidl_typesupport_introspection_cppExport.cmake
[3.813s] -- Up-to-date: /home/urc/new-GUI/install/ocean_optics_spectrometer/share/ocean_optics_spectrometer/cmake/ocean_optics_spectrometer__rosidl_typesupport_introspection_cppExport-noconfig.cmake
[3.816s] -- Up-to-date: /home/urc/new-GUI/install/ocean_optics_spectrometer/share/ocean_optics_spectrometer/cmake/ocean_optics_spectrometer__rosidl_typesupport_cppExport.cmake
[3.817s] -- Up-to-date: /home/urc/new-GUI/install/ocean_optics_spectrometer/share/ocean_optics_spectrometer/cmake/ocean_optics_spectrometer__rosidl_typesupport_cppExport-noconfig.cmake
[3.817s] -- Up-to-date: /home/urc/new-GUI/install/ocean_optics_spectrometer/share/ocean_optics_spectrometer/cmake/export_ocean_optics_spectrometer__rosidl_generator_pyExport.cmake
[3.817s] -- Up-to-date: /home/urc/new-GUI/install/ocean_optics_spectrometer/share/ocean_optics_spectrometer/cmake/export_ocean_optics_spectrometer__rosidl_generator_pyExport-noconfig.cmake
[3.822s] -- Up-to-date: /home/urc/new-GUI/install/ocean_optics_spectrometer/share/ocean_optics_spectrometer/cmake/rosidl_cmake-extras.cmake
[3.822s] -- Up-to-date: /home/urc/new-GUI/install/ocean_optics_spectrometer/share/ocean_optics_spectrometer/cmake/ament_cmake_export_dependencies-extras.cmake
[3.822s] -- Up-to-date: /home/urc/new-GUI/install/ocean_optics_spectrometer/share/ocean_optics_spectrometer/cmake/ament_cmake_export_include_directories-extras.cmake
[3.823s] -- Up-to-date: /home/urc/new-GUI/install/ocean_optics_spectrometer/share/ocean_optics_spectrometer/cmake/ament_cmake_export_libraries-extras.cmake
[3.823s] -- Up-to-date: /home/urc/new-GUI/install/ocean_optics_spectrometer/share/ocean_optics_spectrometer/cmake/ament_cmake_export_targets-extras.cmake
[3.824s] -- Up-to-date: /home/urc/new-GUI/install/ocean_optics_spectrometer/share/ocean_optics_spectrometer/cmake/rosidl_cmake_export_typesupport_targets-extras.cmake
[3.824s] -- Up-to-date: /home/urc/new-GUI/install/ocean_optics_spectrometer/share/ocean_optics_spectrometer/cmake/rosidl_cmake_export_typesupport_libraries-extras.cmake
[3.845s] -- Up-to-date: /home/urc/new-GUI/install/ocean_optics_spectrometer/share/ocean_optics_spectrometer/cmake/ocean_optics_spectrometerConfig.cmake
[3.846s] -- Up-to-date: /home/urc/new-GUI/install/ocean_optics_spectrometer/share/ocean_optics_spectrometer/cmake/ocean_optics_spectrometerConfig-version.cmake
[3.847s] -- Up-to-date: /home/urc/new-GUI/install/ocean_optics_spectrometer/share/ocean_optics_spectrometer/package.xml
[3.847s] Invoked command in '/home/urc/new-GUI/build/ocean_optics_spectrometer' returned '0': CMAKE_PREFIX_PATH=/opt/ros/humble /usr/bin/cmake --install /home/urc/new-GUI/build/ocean_optics_spectrometer
