[  0%] Built target science_servo_control__cpp
[  0%] Built target ament_cmake_python_copy_science_servo_control
[ 12%] Built target science_servo_control__rosidl_typesupport_fastrtps_cpp
[ 24%] Built target science_servo_control__rosidl_typesupport_introspection_cpp
running egg_info
writing science_servo_control.egg-info/PKG-INFO
writing dependency_links to science_servo_control.egg-info/dependency_links.txt
writing top-level names to science_servo_control.egg-info/top_level.txt
reading manifest file 'science_servo_control.egg-info/SOURCES.txt'
writing manifest file 'science_servo_control.egg-info/SOURCES.txt'
[ 24%] Built target ament_cmake_python_build_science_servo_control_egg
[ 36%] Built target science_servo_control__rosidl_typesupport_cpp
[ 48%] Built target science_servo_control__rosidl_generator_c
[ 60%] Built target science_servo_control__rosidl_typesupport_fastrtps_c
[ 72%] Built target science_servo_control__rosidl_typesupport_c
[ 84%] Built target science_servo_control__rosidl_typesupport_introspection_c
[ 84%] Built target science_servo_control
[ 85%] Built target science_servo_control__py
[ 96%] Built target science_servo_control__rosidl_generator_py
[ 97%] Built target science_servo_control__rosidl_typesupport_fastrtps_c__pyext
[ 98%] Built target science_servo_control__rosidl_typesupport_c__pyext
[100%] Built target science_servo_control__rosidl_typesupport_introspection_c__pyext
-- Install configuration: ""
-- Up-to-date: /home/urc/new_GUI/install/science_servo_control/share/ament_index/resource_index/rosidl_interfaces/science_servo_control
-- Up-to-date: /home/urc/new_GUI/install/science_servo_control/include/science_servo_control/science_servo_control
-- Up-to-date: /home/urc/new_GUI/install/science_servo_control/include/science_servo_control/science_servo_control/msg
-- Up-to-date: /home/urc/new_GUI/install/science_servo_control/include/science_servo_control/science_servo_control/msg/rosidl_generator_c__visibility_control.h
-- Up-to-date: /home/urc/new_GUI/install/science_servo_control/include/science_servo_control/science_servo_control/srv
-- Up-to-date: /home/urc/new_GUI/install/science_servo_control/include/science_servo_control/science_servo_control/srv/raise_linear_actuator.h
-- Up-to-date: /home/urc/new_GUI/install/science_servo_control/include/science_servo_control/science_servo_control/srv/spin_centrifuge.h
-- Up-to-date: /home/urc/new_GUI/install/science_servo_control/include/science_servo_control/science_servo_control/srv/read_drum_position.h
-- Up-to-date: /home/urc/new_GUI/install/science_servo_control/include/science_servo_control/science_servo_control/srv/move_cuvette.h
-- Up-to-date: /home/urc/new_GUI/install/science_servo_control/include/science_servo_control/science_servo_control/srv/reboot_drum.h
-- Up-to-date: /home/urc/new_GUI/install/science_servo_control/include/science_servo_control/science_servo_control/srv/seal_drum.h
-- Up-to-date: /home/urc/new_GUI/install/science_servo_control/include/science_servo_control/science_servo_control/srv/lower_linear_actuator.h
-- Up-to-date: /home/urc/new_GUI/install/science_servo_control/include/science_servo_control/science_servo_control/srv/pre_mix_drum.h
-- Up-to-date: /home/urc/new_GUI/install/science_servo_control/include/science_servo_control/science_servo_control/srv/move_pump.h
-- Up-to-date: /home/urc/new_GUI/install/science_servo_control/include/science_servo_control/science_servo_control/srv/mix_sample.h
-- Up-to-date: /home/urc/new_GUI/install/science_servo_control/include/science_servo_control/science_servo_control/srv/scoop_sample.h
-- Up-to-date: /home/urc/new_GUI/install/science_servo_control/include/science_servo_control/science_servo_control/srv/free_move_drum.h
-- Up-to-date: /home/urc/new_GUI/install/science_servo_control/include/science_servo_control/science_servo_control/srv/detail
-- Up-to-date: /home/urc/new_GUI/install/science_servo_control/include/science_servo_control/science_servo_control/srv/detail/reboot_drum__type_support.h
-- Up-to-date: /home/urc/new_GUI/install/science_servo_control/include/science_servo_control/science_servo_control/srv/detail/pre_seal_drum__struct.h
-- Up-to-date: /home/urc/new_GUI/install/science_servo_control/include/science_servo_control/science_servo_control/srv/detail/scoop_sample__type_support.h
-- Up-to-date: /home/urc/new_GUI/install/science_servo_control/include/science_servo_control/science_servo_control/srv/detail/move_cuvette__struct.h
-- Up-to-date: /home/urc/new_GUI/install/science_servo_control/include/science_servo_control/science_servo_control/srv/detail/mix_sample__functions.h
-- Up-to-date: /home/urc/new_GUI/install/science_servo_control/include/science_servo_control/science_servo_control/srv/detail/write_gpio__functions.c
-- Up-to-date: /home/urc/new_GUI/install/science_servo_control/include/science_servo_control/science_servo_control/srv/detail/pre_mix_drum__functions.h
-- Up-to-date: /home/urc/new_GUI/install/science_servo_control/include/science_servo_control/science_servo_control/srv/detail/move_linear_actuator__functions.h
-- Up-to-date: /home/urc/new_GUI/install/science_servo_control/include/science_servo_control/science_servo_control/srv/detail/raise_linear_actuator__struct.h
-- Up-to-date: /home/urc/new_GUI/install/science_servo_control/include/science_servo_control/science_servo_control/srv/detail/move_cuvette__functions.h
-- Up-to-date: /home/urc/new_GUI/install/science_servo_control/include/science_servo_control/science_servo_control/srv/detail/spin_centrifuge__functions.h
-- Up-to-date: /home/urc/new_GUI/install/science_servo_control/include/science_servo_control/science_servo_control/srv/detail/move_linear_actuator__functions.c
-- Up-to-date: /home/urc/new_GUI/install/science_servo_control/include/science_servo_control/science_servo_control/srv/detail/move_pump__type_support.h
-- Up-to-date: /home/urc/new_GUI/install/science_servo_control/include/science_servo_control/science_servo_control/srv/detail/move_cuvette__type_support.h
-- Up-to-date: /home/urc/new_GUI/install/science_servo_control/include/science_servo_control/science_servo_control/srv/detail/mix_sample__struct.h
-- Up-to-date: /home/urc/new_GUI/install/science_servo_control/include/science_servo_control/science_servo_control/srv/detail/seal_drum__functions.h
-- Up-to-date: /home/urc/new_GUI/install/science_servo_control/include/science_servo_control/science_servo_control/srv/detail/move_linear_actuator__type_support.h
-- Up-to-date: /home/urc/new_GUI/install/science_servo_control/include/science_servo_control/science_servo_control/srv/detail/pre_seal_drum__type_support.h
-- Up-to-date: /home/urc/new_GUI/install/science_servo_control/include/science_servo_control/science_servo_control/srv/detail/pre_mix_drum__struct.h
-- Up-to-date: /home/urc/new_GUI/install/science_servo_control/include/science_servo_control/science_servo_control/srv/detail/seal_drum__struct.h
-- Up-to-date: /home/urc/new_GUI/install/science_servo_control/include/science_servo_control/science_servo_control/srv/detail/free_move_drum__type_support.h
-- Up-to-date: /home/urc/new_GUI/install/science_servo_control/include/science_servo_control/science_servo_control/srv/detail/move_pump__functions.h
-- Up-to-date: /home/urc/new_GUI/install/science_servo_control/include/science_servo_control/science_servo_control/srv/detail/raise_linear_actuator__type_support.h
-- Up-to-date: /home/urc/new_GUI/install/science_servo_control/include/science_servo_control/science_servo_control/srv/detail/move_pump__functions.c
-- Up-to-date: /home/urc/new_GUI/install/science_servo_control/include/science_servo_control/science_servo_control/srv/detail/scoop_sample__struct.h
-- Up-to-date: /home/urc/new_GUI/install/science_servo_control/include/science_servo_control/science_servo_control/srv/detail/move_linear_actuator__struct.h
-- Up-to-date: /home/urc/new_GUI/install/science_servo_control/include/science_servo_control/science_servo_control/srv/detail/seal_drum__functions.c
-- Up-to-date: /home/urc/new_GUI/install/science_servo_control/include/science_servo_control/science_servo_control/srv/detail/read_drum_position__type_support.h
-- Up-to-date: /home/urc/new_GUI/install/science_servo_control/include/science_servo_control/science_servo_control/srv/detail/lower_linear_actuator__functions.c
-- Up-to-date: /home/urc/new_GUI/install/science_servo_control/include/science_servo_control/science_servo_control/srv/detail/lower_linear_actuator__struct.h
-- Up-to-date: /home/urc/new_GUI/install/science_servo_control/include/science_servo_control/science_servo_control/srv/detail/spin_centrifuge__struct.h
-- Up-to-date: /home/urc/new_GUI/install/science_servo_control/include/science_servo_control/science_servo_control/srv/detail/lower_linear_actuator__type_support.h
-- Up-to-date: /home/urc/new_GUI/install/science_servo_control/include/science_servo_control/science_servo_control/srv/detail/reboot_drum__struct.h
-- Up-to-date: /home/urc/new_GUI/install/science_servo_control/include/science_servo_control/science_servo_control/srv/detail/free_move_drum__struct.h
-- Up-to-date: /home/urc/new_GUI/install/science_servo_control/include/science_servo_control/science_servo_control/srv/detail/pre_seal_drum__functions.c
-- Up-to-date: /home/urc/new_GUI/install/science_servo_control/include/science_servo_control/science_servo_control/srv/detail/spin_centrifuge__functions.c
-- Up-to-date: /home/urc/new_GUI/install/science_servo_control/include/science_servo_control/science_servo_control/srv/detail/write_gpio__struct.h
-- Up-to-date: /home/urc/new_GUI/install/science_servo_control/include/science_servo_control/science_servo_control/srv/detail/scoop_sample__functions.h
-- Up-to-date: /home/urc/new_GUI/install/science_servo_control/include/science_servo_control/science_servo_control/srv/detail/lower_linear_actuator__functions.h
-- Up-to-date: /home/urc/new_GUI/install/science_servo_control/include/science_servo_control/science_servo_control/srv/detail/read_drum_position__functions.c
-- Up-to-date: /home/urc/new_GUI/install/science_servo_control/include/science_servo_control/science_servo_control/srv/detail/move_pump__struct.h
-- Up-to-date: /home/urc/new_GUI/install/science_servo_control/include/science_servo_control/science_servo_control/srv/detail/move_cuvette__functions.c
-- Up-to-date: /home/urc/new_GUI/install/science_servo_control/include/science_servo_control/science_servo_control/srv/detail/seal_drum__type_support.h
-- Up-to-date: /home/urc/new_GUI/install/science_servo_control/include/science_servo_control/science_servo_control/srv/detail/raise_linear_actuator__functions.h
-- Up-to-date: /home/urc/new_GUI/install/science_servo_control/include/science_servo_control/science_servo_control/srv/detail/mix_sample__functions.c
-- Up-to-date: /home/urc/new_GUI/install/science_servo_control/include/science_servo_control/science_servo_control/srv/detail/read_drum_position__struct.h
-- Up-to-date: /home/urc/new_GUI/install/science_servo_control/include/science_servo_control/science_servo_control/srv/detail/reboot_drum__functions.c
-- Up-to-date: /home/urc/new_GUI/install/science_servo_control/include/science_servo_control/science_servo_control/srv/detail/free_move_drum__functions.c
-- Up-to-date: /home/urc/new_GUI/install/science_servo_control/include/science_servo_control/science_servo_control/srv/detail/write_gpio__type_support.h
-- Up-to-date: /home/urc/new_GUI/install/science_servo_control/include/science_servo_control/science_servo_control/srv/detail/pre_seal_drum__functions.h
-- Up-to-date: /home/urc/new_GUI/install/science_servo_control/include/science_servo_control/science_servo_control/srv/detail/spin_centrifuge__type_support.h
-- Up-to-date: /home/urc/new_GUI/install/science_servo_control/include/science_servo_control/science_servo_control/srv/detail/read_drum_position__functions.h
-- Up-to-date: /home/urc/new_GUI/install/science_servo_control/include/science_servo_control/science_servo_control/srv/detail/reboot_drum__functions.h
-- Up-to-date: /home/urc/new_GUI/install/science_servo_control/include/science_servo_control/science_servo_control/srv/detail/pre_mix_drum__type_support.h
-- Up-to-date: /home/urc/new_GUI/install/science_servo_control/include/science_servo_control/science_servo_control/srv/detail/pre_mix_drum__functions.c
-- Up-to-date: /home/urc/new_GUI/install/science_servo_control/include/science_servo_control/science_servo_control/srv/detail/write_gpio__functions.h
-- Up-to-date: /home/urc/new_GUI/install/science_servo_control/include/science_servo_control/science_servo_control/srv/detail/scoop_sample__functions.c
-- Up-to-date: /home/urc/new_GUI/install/science_servo_control/include/science_servo_control/science_servo_control/srv/detail/raise_linear_actuator__functions.c
-- Up-to-date: /home/urc/new_GUI/install/science_servo_control/include/science_servo_control/science_servo_control/srv/detail/mix_sample__type_support.h
-- Up-to-date: /home/urc/new_GUI/install/science_servo_control/include/science_servo_control/science_servo_control/srv/detail/free_move_drum__functions.h
-- Up-to-date: /home/urc/new_GUI/install/science_servo_control/include/science_servo_control/science_servo_control/srv/move_linear_actuator.h
-- Up-to-date: /home/urc/new_GUI/install/science_servo_control/include/science_servo_control/science_servo_control/srv/pre_seal_drum.h
-- Up-to-date: /home/urc/new_GUI/install/science_servo_control/include/science_servo_control/science_servo_control/srv/write_gpio.h
-- Up-to-date: /home/urc/new_GUI/install/science_servo_control/share/science_servo_control/environment/library_path.sh
-- Up-to-date: /home/urc/new_GUI/install/science_servo_control/share/science_servo_control/environment/library_path.dsv
-- Up-to-date: /home/urc/new_GUI/install/science_servo_control/lib/libscience_servo_control__rosidl_generator_c.so
-- Up-to-date: /home/urc/new_GUI/install/science_servo_control/include/science_servo_control/science_servo_control
-- Up-to-date: /home/urc/new_GUI/install/science_servo_control/include/science_servo_control/science_servo_control/msg
-- Up-to-date: /home/urc/new_GUI/install/science_servo_control/include/science_servo_control/science_servo_control/msg/rosidl_typesupport_fastrtps_c__visibility_control.h
-- Up-to-date: /home/urc/new_GUI/install/science_servo_control/include/science_servo_control/science_servo_control/srv
-- Up-to-date: /home/urc/new_GUI/install/science_servo_control/include/science_servo_control/science_servo_control/srv/detail
-- Up-to-date: /home/urc/new_GUI/install/science_servo_control/include/science_servo_control/science_servo_control/srv/detail/pre_mix_drum__rosidl_typesupport_fastrtps_c.h
-- Up-to-date: /home/urc/new_GUI/install/science_servo_control/include/science_servo_control/science_servo_control/srv/detail/scoop_sample__rosidl_typesupport_fastrtps_c.h
-- Up-to-date: /home/urc/new_GUI/install/science_servo_control/include/science_servo_control/science_servo_control/srv/detail/free_move_drum__rosidl_typesupport_fastrtps_c.h
-- Up-to-date: /home/urc/new_GUI/install/science_servo_control/include/science_servo_control/science_servo_control/srv/detail/move_pump__rosidl_typesupport_fastrtps_c.h
-- Up-to-date: /home/urc/new_GUI/install/science_servo_control/include/science_servo_control/science_servo_control/srv/detail/seal_drum__rosidl_typesupport_fastrtps_c.h
-- Up-to-date: /home/urc/new_GUI/install/science_servo_control/include/science_servo_control/science_servo_control/srv/detail/spin_centrifuge__rosidl_typesupport_fastrtps_c.h
-- Up-to-date: /home/urc/new_GUI/install/science_servo_control/include/science_servo_control/science_servo_control/srv/detail/reboot_drum__rosidl_typesupport_fastrtps_c.h
-- Up-to-date: /home/urc/new_GUI/install/science_servo_control/include/science_servo_control/science_servo_control/srv/detail/move_linear_actuator__rosidl_typesupport_fastrtps_c.h
-- Up-to-date: /home/urc/new_GUI/install/science_servo_control/include/science_servo_control/science_servo_control/srv/detail/lower_linear_actuator__rosidl_typesupport_fastrtps_c.h
-- Up-to-date: /home/urc/new_GUI/install/science_servo_control/include/science_servo_control/science_servo_control/srv/detail/move_cuvette__rosidl_typesupport_fastrtps_c.h
-- Up-to-date: /home/urc/new_GUI/install/science_servo_control/include/science_servo_control/science_servo_control/srv/detail/read_drum_position__rosidl_typesupport_fastrtps_c.h
-- Up-to-date: /home/urc/new_GUI/install/science_servo_control/include/science_servo_control/science_servo_control/srv/detail/mix_sample__rosidl_typesupport_fastrtps_c.h
-- Up-to-date: /home/urc/new_GUI/install/science_servo_control/include/science_servo_control/science_servo_control/srv/detail/pre_seal_drum__rosidl_typesupport_fastrtps_c.h
-- Up-to-date: /home/urc/new_GUI/install/science_servo_control/include/science_servo_control/science_servo_control/srv/detail/write_gpio__rosidl_typesupport_fastrtps_c.h
-- Up-to-date: /home/urc/new_GUI/install/science_servo_control/include/science_servo_control/science_servo_control/srv/detail/raise_linear_actuator__rosidl_typesupport_fastrtps_c.h
-- Up-to-date: /home/urc/new_GUI/install/science_servo_control/lib/libscience_servo_control__rosidl_typesupport_fastrtps_c.so
-- Up-to-date: /home/urc/new_GUI/install/science_servo_control/include/science_servo_control/science_servo_control
-- Up-to-date: /home/urc/new_GUI/install/science_servo_control/include/science_servo_control/science_servo_control/msg
-- Up-to-date: /home/urc/new_GUI/install/science_servo_control/include/science_servo_control/science_servo_control/msg/rosidl_typesupport_introspection_c__visibility_control.h
-- Up-to-date: /home/urc/new_GUI/install/science_servo_control/include/science_servo_control/science_servo_control/srv
-- Up-to-date: /home/urc/new_GUI/install/science_servo_control/include/science_servo_control/science_servo_control/srv/detail
-- Up-to-date: /home/urc/new_GUI/install/science_servo_control/include/science_servo_control/science_servo_control/srv/detail/scoop_sample__type_support.c
-- Up-to-date: /home/urc/new_GUI/install/science_servo_control/include/science_servo_control/science_servo_control/srv/detail/reboot_drum__rosidl_typesupport_introspection_c.h
-- Up-to-date: /home/urc/new_GUI/install/science_servo_control/include/science_servo_control/science_servo_control/srv/detail/pre_mix_drum__rosidl_typesupport_introspection_c.h
-- Up-to-date: /home/urc/new_GUI/install/science_servo_control/include/science_servo_control/science_servo_control/srv/detail/seal_drum__rosidl_typesupport_introspection_c.h
-- Up-to-date: /home/urc/new_GUI/install/science_servo_control/include/science_servo_control/science_servo_control/srv/detail/reboot_drum__type_support.c
-- Up-to-date: /home/urc/new_GUI/install/science_servo_control/include/science_servo_control/science_servo_control/srv/detail/spin_centrifuge__type_support.c
-- Up-to-date: /home/urc/new_GUI/install/science_servo_control/include/science_servo_control/science_servo_control/srv/detail/mix_sample__rosidl_typesupport_introspection_c.h
-- Up-to-date: /home/urc/new_GUI/install/science_servo_control/include/science_servo_control/science_servo_control/srv/detail/move_cuvette__rosidl_typesupport_introspection_c.h
-- Up-to-date: /home/urc/new_GUI/install/science_servo_control/include/science_servo_control/science_servo_control/srv/detail/move_cuvette__type_support.c
-- Up-to-date: /home/urc/new_GUI/install/science_servo_control/include/science_servo_control/science_servo_control/srv/detail/scoop_sample__rosidl_typesupport_introspection_c.h
-- Up-to-date: /home/urc/new_GUI/install/science_servo_control/include/science_servo_control/science_servo_control/srv/detail/spin_centrifuge__rosidl_typesupport_introspection_c.h
-- Up-to-date: /home/urc/new_GUI/install/science_servo_control/include/science_servo_control/science_servo_control/srv/detail/move_pump__type_support.c
-- Up-to-date: /home/urc/new_GUI/install/science_servo_control/include/science_servo_control/science_servo_control/srv/detail/read_drum_position__type_support.c
-- Up-to-date: /home/urc/new_GUI/install/science_servo_control/include/science_servo_control/science_servo_control/srv/detail/move_pump__rosidl_typesupport_introspection_c.h
-- Up-to-date: /home/urc/new_GUI/install/science_servo_control/include/science_servo_control/science_servo_control/srv/detail/write_gpio__rosidl_typesupport_introspection_c.h
-- Up-to-date: /home/urc/new_GUI/install/science_servo_control/include/science_servo_control/science_servo_control/srv/detail/lower_linear_actuator__type_support.c
-- Up-to-date: /home/urc/new_GUI/install/science_servo_control/include/science_servo_control/science_servo_control/srv/detail/move_linear_actuator__rosidl_typesupport_introspection_c.h
-- Up-to-date: /home/urc/new_GUI/install/science_servo_control/include/science_servo_control/science_servo_control/srv/detail/pre_seal_drum__type_support.c
-- Up-to-date: /home/urc/new_GUI/install/science_servo_control/include/science_servo_control/science_servo_control/srv/detail/raise_linear_actuator__type_support.c
-- Up-to-date: /home/urc/new_GUI/install/science_servo_control/include/science_servo_control/science_servo_control/srv/detail/move_linear_actuator__type_support.c
-- Up-to-date: /home/urc/new_GUI/install/science_servo_control/include/science_servo_control/science_servo_control/srv/detail/seal_drum__type_support.c
-- Up-to-date: /home/urc/new_GUI/install/science_servo_control/include/science_servo_control/science_servo_control/srv/detail/read_drum_position__rosidl_typesupport_introspection_c.h
-- Up-to-date: /home/urc/new_GUI/install/science_servo_control/include/science_servo_control/science_servo_control/srv/detail/free_move_drum__type_support.c
-- Up-to-date: /home/urc/new_GUI/install/science_servo_control/include/science_servo_control/science_servo_control/srv/detail/pre_mix_drum__type_support.c
-- Up-to-date: /home/urc/new_GUI/install/science_servo_control/include/science_servo_control/science_servo_control/srv/detail/write_gpio__type_support.c
-- Up-to-date: /home/urc/new_GUI/install/science_servo_control/include/science_servo_control/science_servo_control/srv/detail/free_move_drum__rosidl_typesupport_introspection_c.h
-- Up-to-date: /home/urc/new_GUI/install/science_servo_control/include/science_servo_control/science_servo_control/srv/detail/pre_seal_drum__rosidl_typesupport_introspection_c.h
-- Up-to-date: /home/urc/new_GUI/install/science_servo_control/include/science_servo_control/science_servo_control/srv/detail/mix_sample__type_support.c
-- Up-to-date: /home/urc/new_GUI/install/science_servo_control/include/science_servo_control/science_servo_control/srv/detail/lower_linear_actuator__rosidl_typesupport_introspection_c.h
-- Up-to-date: /home/urc/new_GUI/install/science_servo_control/include/science_servo_control/science_servo_control/srv/detail/raise_linear_actuator__rosidl_typesupport_introspection_c.h
-- Up-to-date: /home/urc/new_GUI/install/science_servo_control/lib/libscience_servo_control__rosidl_typesupport_introspection_c.so
-- Up-to-date: /home/urc/new_GUI/install/science_servo_control/lib/libscience_servo_control__rosidl_typesupport_c.so
-- Up-to-date: /home/urc/new_GUI/install/science_servo_control/include/science_servo_control/science_servo_control
-- Up-to-date: /home/urc/new_GUI/install/science_servo_control/include/science_servo_control/science_servo_control/srv
-- Up-to-date: /home/urc/new_GUI/install/science_servo_control/include/science_servo_control/science_servo_control/srv/free_move_drum.hpp
-- Up-to-date: /home/urc/new_GUI/install/science_servo_control/include/science_servo_control/science_servo_control/srv/move_cuvette.hpp
-- Up-to-date: /home/urc/new_GUI/install/science_servo_control/include/science_servo_control/science_servo_control/srv/move_pump.hpp
-- Up-to-date: /home/urc/new_GUI/install/science_servo_control/include/science_servo_control/science_servo_control/srv/seal_drum.hpp
-- Up-to-date: /home/urc/new_GUI/install/science_servo_control/include/science_servo_control/science_servo_control/srv/write_gpio.hpp
-- Up-to-date: /home/urc/new_GUI/install/science_servo_control/include/science_servo_control/science_servo_control/srv/read_drum_position.hpp
-- Up-to-date: /home/urc/new_GUI/install/science_servo_control/include/science_servo_control/science_servo_control/srv/scoop_sample.hpp
-- Up-to-date: /home/urc/new_GUI/install/science_servo_control/include/science_servo_control/science_servo_control/srv/mix_sample.hpp
-- Up-to-date: /home/urc/new_GUI/install/science_servo_control/include/science_servo_control/science_servo_control/srv/move_linear_actuator.hpp
-- Up-to-date: /home/urc/new_GUI/install/science_servo_control/include/science_servo_control/science_servo_control/srv/reboot_drum.hpp
-- Up-to-date: /home/urc/new_GUI/install/science_servo_control/include/science_servo_control/science_servo_control/srv/raise_linear_actuator.hpp
-- Up-to-date: /home/urc/new_GUI/install/science_servo_control/include/science_servo_control/science_servo_control/srv/lower_linear_actuator.hpp
-- Up-to-date: /home/urc/new_GUI/install/science_servo_control/include/science_servo_control/science_servo_control/srv/detail
-- Up-to-date: /home/urc/new_GUI/install/science_servo_control/include/science_servo_control/science_servo_control/srv/detail/reboot_drum__struct.hpp
-- Up-to-date: /home/urc/new_GUI/install/science_servo_control/include/science_servo_control/science_servo_control/srv/detail/spin_centrifuge__traits.hpp
-- Up-to-date: /home/urc/new_GUI/install/science_servo_control/include/science_servo_control/science_servo_control/srv/detail/move_pump__struct.hpp
-- Up-to-date: /home/urc/new_GUI/install/science_servo_control/include/science_servo_control/science_servo_control/srv/detail/read_drum_position__struct.hpp
-- Up-to-date: /home/urc/new_GUI/install/science_servo_control/include/science_servo_control/science_servo_control/srv/detail/mix_sample__traits.hpp
-- Up-to-date: /home/urc/new_GUI/install/science_servo_control/include/science_servo_control/science_servo_control/srv/detail/write_gpio__struct.hpp
-- Up-to-date: /home/urc/new_GUI/install/science_servo_control/include/science_servo_control/science_servo_control/srv/detail/pre_seal_drum__builder.hpp
-- Up-to-date: /home/urc/new_GUI/install/science_servo_control/include/science_servo_control/science_servo_control/srv/detail/lower_linear_actuator__struct.hpp
-- Up-to-date: /home/urc/new_GUI/install/science_servo_control/include/science_servo_control/science_servo_control/srv/detail/write_gpio__traits.hpp
-- Up-to-date: /home/urc/new_GUI/install/science_servo_control/include/science_servo_control/science_servo_control/srv/detail/reboot_drum__traits.hpp
-- Up-to-date: /home/urc/new_GUI/install/science_servo_control/include/science_servo_control/science_servo_control/srv/detail/scoop_sample__builder.hpp
-- Up-to-date: /home/urc/new_GUI/install/science_servo_control/include/science_servo_control/science_servo_control/srv/detail/pre_mix_drum__builder.hpp
-- Up-to-date: /home/urc/new_GUI/install/science_servo_control/include/science_servo_control/science_servo_control/srv/detail/pre_seal_drum__struct.hpp
-- Up-to-date: /home/urc/new_GUI/install/science_servo_control/include/science_servo_control/science_servo_control/srv/detail/mix_sample__struct.hpp
-- Up-to-date: /home/urc/new_GUI/install/science_servo_control/include/science_servo_control/science_servo_control/srv/detail/free_move_drum__builder.hpp
-- Up-to-date: /home/urc/new_GUI/install/science_servo_control/include/science_servo_control/science_servo_control/srv/detail/spin_centrifuge__struct.hpp
-- Up-to-date: /home/urc/new_GUI/install/science_servo_control/include/science_servo_control/science_servo_control/srv/detail/pre_seal_drum__traits.hpp
-- Up-to-date: /home/urc/new_GUI/install/science_servo_control/include/science_servo_control/science_servo_control/srv/detail/move_cuvette__builder.hpp
-- Up-to-date: /home/urc/new_GUI/install/science_servo_control/include/science_servo_control/science_servo_control/srv/detail/lower_linear_actuator__traits.hpp
-- Up-to-date: /home/urc/new_GUI/install/science_servo_control/include/science_servo_control/science_servo_control/srv/detail/seal_drum__traits.hpp
-- Up-to-date: /home/urc/new_GUI/install/science_servo_control/include/science_servo_control/science_servo_control/srv/detail/move_cuvette__traits.hpp
-- Up-to-date: /home/urc/new_GUI/install/science_servo_control/include/science_servo_control/science_servo_control/srv/detail/reboot_drum__builder.hpp
-- Up-to-date: /home/urc/new_GUI/install/science_servo_control/include/science_servo_control/science_servo_control/srv/detail/scoop_sample__traits.hpp
-- Up-to-date: /home/urc/new_GUI/install/science_servo_control/include/science_servo_control/science_servo_control/srv/detail/read_drum_position__builder.hpp
-- Up-to-date: /home/urc/new_GUI/install/science_servo_control/include/science_servo_control/science_servo_control/srv/detail/move_pump__builder.hpp
-- Up-to-date: /home/urc/new_GUI/install/science_servo_control/include/science_servo_control/science_servo_control/srv/detail/write_gpio__builder.hpp
-- Up-to-date: /home/urc/new_GUI/install/science_servo_control/include/science_servo_control/science_servo_control/srv/detail/read_drum_position__traits.hpp
-- Up-to-date: /home/urc/new_GUI/install/science_servo_control/include/science_servo_control/science_servo_control/srv/detail/move_cuvette__struct.hpp
-- Up-to-date: /home/urc/new_GUI/install/science_servo_control/include/science_servo_control/science_servo_control/srv/detail/raise_linear_actuator__struct.hpp
-- Up-to-date: /home/urc/new_GUI/install/science_servo_control/include/science_servo_control/science_servo_control/srv/detail/seal_drum__builder.hpp
-- Up-to-date: /home/urc/new_GUI/install/science_servo_control/include/science_servo_control/science_servo_control/srv/detail/mix_sample__builder.hpp
-- Up-to-date: /home/urc/new_GUI/install/science_servo_control/include/science_servo_control/science_servo_control/srv/detail/pre_mix_drum__struct.hpp
-- Up-to-date: /home/urc/new_GUI/install/science_servo_control/include/science_servo_control/science_servo_control/srv/detail/free_move_drum__traits.hpp
-- Up-to-date: /home/urc/new_GUI/install/science_servo_control/include/science_servo_control/science_servo_control/srv/detail/seal_drum__struct.hpp
-- Up-to-date: /home/urc/new_GUI/install/science_servo_control/include/science_servo_control/science_servo_control/srv/detail/spin_centrifuge__builder.hpp
-- Up-to-date: /home/urc/new_GUI/install/science_servo_control/include/science_servo_control/science_servo_control/srv/detail/free_move_drum__struct.hpp
-- Up-to-date: /home/urc/new_GUI/install/science_servo_control/include/science_servo_control/science_servo_control/srv/detail/lower_linear_actuator__builder.hpp
-- Up-to-date: /home/urc/new_GUI/install/science_servo_control/include/science_servo_control/science_servo_control/srv/detail/raise_linear_actuator__traits.hpp
-- Up-to-date: /home/urc/new_GUI/install/science_servo_control/include/science_servo_control/science_servo_control/srv/detail/move_linear_actuator__builder.hpp
-- Up-to-date: /home/urc/new_GUI/install/science_servo_control/include/science_servo_control/science_servo_control/srv/detail/move_linear_actuator__traits.hpp
-- Up-to-date: /home/urc/new_GUI/install/science_servo_control/include/science_servo_control/science_servo_control/srv/detail/raise_linear_actuator__builder.hpp
-- Up-to-date: /home/urc/new_GUI/install/science_servo_control/include/science_servo_control/science_servo_control/srv/detail/scoop_sample__struct.hpp
-- Up-to-date: /home/urc/new_GUI/install/science_servo_control/include/science_servo_control/science_servo_control/srv/detail/move_pump__traits.hpp
-- Up-to-date: /home/urc/new_GUI/install/science_servo_control/include/science_servo_control/science_servo_control/srv/detail/pre_mix_drum__traits.hpp
-- Up-to-date: /home/urc/new_GUI/install/science_servo_control/include/science_servo_control/science_servo_control/srv/detail/move_linear_actuator__struct.hpp
-- Up-to-date: /home/urc/new_GUI/install/science_servo_control/include/science_servo_control/science_servo_control/srv/pre_mix_drum.hpp
-- Up-to-date: /home/urc/new_GUI/install/science_servo_control/include/science_servo_control/science_servo_control/srv/pre_seal_drum.hpp
-- Up-to-date: /home/urc/new_GUI/install/science_servo_control/include/science_servo_control/science_servo_control/srv/spin_centrifuge.hpp
-- Up-to-date: /home/urc/new_GUI/install/science_servo_control/include/science_servo_control/science_servo_control
-- Up-to-date: /home/urc/new_GUI/install/science_servo_control/include/science_servo_control/science_servo_control/msg
-- Up-to-date: /home/urc/new_GUI/install/science_servo_control/include/science_servo_control/science_servo_control/msg/rosidl_typesupport_fastrtps_cpp__visibility_control.h
-- Up-to-date: /home/urc/new_GUI/install/science_servo_control/include/science_servo_control/science_servo_control/srv
-- Up-to-date: /home/urc/new_GUI/install/science_servo_control/include/science_servo_control/science_servo_control/srv/detail
-- Up-to-date: /home/urc/new_GUI/install/science_servo_control/include/science_servo_control/science_servo_control/srv/detail/raise_linear_actuator__rosidl_typesupport_fastrtps_cpp.hpp
-- Up-to-date: /home/urc/new_GUI/install/science_servo_control/include/science_servo_control/science_servo_control/srv/detail/free_move_drum__rosidl_typesupport_fastrtps_cpp.hpp
-- Up-to-date: /home/urc/new_GUI/install/science_servo_control/include/science_servo_control/science_servo_control/srv/detail/read_drum_position__rosidl_typesupport_fastrtps_cpp.hpp
-- Up-to-date: /home/urc/new_GUI/install/science_servo_control/include/science_servo_control/science_servo_control/srv/detail/move_linear_actuator__rosidl_typesupport_fastrtps_cpp.hpp
-- Up-to-date: /home/urc/new_GUI/install/science_servo_control/include/science_servo_control/science_servo_control/srv/detail/seal_drum__rosidl_typesupport_fastrtps_cpp.hpp
-- Up-to-date: /home/urc/new_GUI/install/science_servo_control/include/science_servo_control/science_servo_control/srv/detail/lower_linear_actuator__rosidl_typesupport_fastrtps_cpp.hpp
-- Up-to-date: /home/urc/new_GUI/install/science_servo_control/include/science_servo_control/science_servo_control/srv/detail/pre_mix_drum__rosidl_typesupport_fastrtps_cpp.hpp
-- Up-to-date: /home/urc/new_GUI/install/science_servo_control/include/science_servo_control/science_servo_control/srv/detail/pre_seal_drum__rosidl_typesupport_fastrtps_cpp.hpp
-- Up-to-date: /home/urc/new_GUI/install/science_servo_control/include/science_servo_control/science_servo_control/srv/detail/spin_centrifuge__rosidl_typesupport_fastrtps_cpp.hpp
-- Up-to-date: /home/urc/new_GUI/install/science_servo_control/include/science_servo_control/science_servo_control/srv/detail/write_gpio__rosidl_typesupport_fastrtps_cpp.hpp
-- Up-to-date: /home/urc/new_GUI/install/science_servo_control/include/science_servo_control/science_servo_control/srv/detail/dds_fastrtps
-- Up-to-date: /home/urc/new_GUI/install/science_servo_control/include/science_servo_control/science_servo_control/srv/detail/mix_sample__rosidl_typesupport_fastrtps_cpp.hpp
-- Up-to-date: /home/urc/new_GUI/install/science_servo_control/include/science_servo_control/science_servo_control/srv/detail/scoop_sample__rosidl_typesupport_fastrtps_cpp.hpp
-- Up-to-date: /home/urc/new_GUI/install/science_servo_control/include/science_servo_control/science_servo_control/srv/detail/move_cuvette__rosidl_typesupport_fastrtps_cpp.hpp
-- Up-to-date: /home/urc/new_GUI/install/science_servo_control/include/science_servo_control/science_servo_control/srv/detail/reboot_drum__rosidl_typesupport_fastrtps_cpp.hpp
-- Up-to-date: /home/urc/new_GUI/install/science_servo_control/include/science_servo_control/science_servo_control/srv/detail/move_pump__rosidl_typesupport_fastrtps_cpp.hpp
-- Up-to-date: /home/urc/new_GUI/install/science_servo_control/lib/libscience_servo_control__rosidl_typesupport_fastrtps_cpp.so
-- Up-to-date: /home/urc/new_GUI/install/science_servo_control/include/science_servo_control/science_servo_control
-- Up-to-date: /home/urc/new_GUI/install/science_servo_control/include/science_servo_control/science_servo_control/srv
-- Up-to-date: /home/urc/new_GUI/install/science_servo_control/include/science_servo_control/science_servo_control/srv/detail
-- Up-to-date: /home/urc/new_GUI/install/science_servo_control/include/science_servo_control/science_servo_control/srv/detail/spin_centrifuge__type_support.cpp
-- Up-to-date: /home/urc/new_GUI/install/science_servo_control/include/science_servo_control/science_servo_control/srv/detail/pre_seal_drum__type_support.cpp
-- Up-to-date: /home/urc/new_GUI/install/science_servo_control/include/science_servo_control/science_servo_control/srv/detail/move_linear_actuator__rosidl_typesupport_introspection_cpp.hpp
-- Up-to-date: /home/urc/new_GUI/install/science_servo_control/include/science_servo_control/science_servo_control/srv/detail/move_cuvette__rosidl_typesupport_introspection_cpp.hpp
-- Up-to-date: /home/urc/new_GUI/install/science_servo_control/include/science_servo_control/science_servo_control/srv/detail/move_pump__rosidl_typesupport_introspection_cpp.hpp
-- Up-to-date: /home/urc/new_GUI/install/science_servo_control/include/science_servo_control/science_servo_control/srv/detail/free_move_drum__type_support.cpp
-- Up-to-date: /home/urc/new_GUI/install/science_servo_control/include/science_servo_control/science_servo_control/srv/detail/read_drum_position__rosidl_typesupport_introspection_cpp.hpp
-- Up-to-date: /home/urc/new_GUI/install/science_servo_control/include/science_servo_control/science_servo_control/srv/detail/move_pump__type_support.cpp
-- Up-to-date: /home/urc/new_GUI/install/science_servo_control/include/science_servo_control/science_servo_control/srv/detail/mix_sample__rosidl_typesupport_introspection_cpp.hpp
-- Up-to-date: /home/urc/new_GUI/install/science_servo_control/include/science_servo_control/science_servo_control/srv/detail/pre_seal_drum__rosidl_typesupport_introspection_cpp.hpp
-- Up-to-date: /home/urc/new_GUI/install/science_servo_control/include/science_servo_control/science_servo_control/srv/detail/move_linear_actuator__type_support.cpp
-- Up-to-date: /home/urc/new_GUI/install/science_servo_control/include/science_servo_control/science_servo_control/srv/detail/read_drum_position__type_support.cpp
-- Up-to-date: /home/urc/new_GUI/install/science_servo_control/include/science_servo_control/science_servo_control/srv/detail/reboot_drum__rosidl_typesupport_introspection_cpp.hpp
-- Up-to-date: /home/urc/new_GUI/install/science_servo_control/include/science_servo_control/science_servo_control/srv/detail/scoop_sample__type_support.cpp
-- Up-to-date: /home/urc/new_GUI/install/science_servo_control/include/science_servo_control/science_servo_control/srv/detail/move_cuvette__type_support.cpp
-- Up-to-date: /home/urc/new_GUI/install/science_servo_control/include/science_servo_control/science_servo_control/srv/detail/seal_drum__rosidl_typesupport_introspection_cpp.hpp
-- Up-to-date: /home/urc/new_GUI/install/science_servo_control/include/science_servo_control/science_servo_control/srv/detail/free_move_drum__rosidl_typesupport_introspection_cpp.hpp
-- Up-to-date: /home/urc/new_GUI/install/science_servo_control/include/science_servo_control/science_servo_control/srv/detail/spin_centrifuge__rosidl_typesupport_introspection_cpp.hpp
-- Up-to-date: /home/urc/new_GUI/install/science_servo_control/include/science_servo_control/science_servo_control/srv/detail/scoop_sample__rosidl_typesupport_introspection_cpp.hpp
-- Up-to-date: /home/urc/new_GUI/install/science_servo_control/include/science_servo_control/science_servo_control/srv/detail/pre_mix_drum__rosidl_typesupport_introspection_cpp.hpp
-- Up-to-date: /home/urc/new_GUI/install/science_servo_control/include/science_servo_control/science_servo_control/srv/detail/lower_linear_actuator__rosidl_typesupport_introspection_cpp.hpp
-- Up-to-date: /home/urc/new_GUI/install/science_servo_control/include/science_servo_control/science_servo_control/srv/detail/pre_mix_drum__type_support.cpp
-- Up-to-date: /home/urc/new_GUI/install/science_servo_control/include/science_servo_control/science_servo_control/srv/detail/reboot_drum__type_support.cpp
-- Up-to-date: /home/urc/new_GUI/install/science_servo_control/include/science_servo_control/science_servo_control/srv/detail/seal_drum__type_support.cpp
-- Up-to-date: /home/urc/new_GUI/install/science_servo_control/include/science_servo_control/science_servo_control/srv/detail/write_gpio__type_support.cpp
-- Up-to-date: /home/urc/new_GUI/install/science_servo_control/include/science_servo_control/science_servo_control/srv/detail/lower_linear_actuator__type_support.cpp
-- Up-to-date: /home/urc/new_GUI/install/science_servo_control/include/science_servo_control/science_servo_control/srv/detail/raise_linear_actuator__type_support.cpp
-- Up-to-date: /home/urc/new_GUI/install/science_servo_control/include/science_servo_control/science_servo_control/srv/detail/mix_sample__type_support.cpp
-- Up-to-date: /home/urc/new_GUI/install/science_servo_control/include/science_servo_control/science_servo_control/srv/detail/write_gpio__rosidl_typesupport_introspection_cpp.hpp
-- Up-to-date: /home/urc/new_GUI/install/science_servo_control/include/science_servo_control/science_servo_control/srv/detail/raise_linear_actuator__rosidl_typesupport_introspection_cpp.hpp
-- Up-to-date: /home/urc/new_GUI/install/science_servo_control/lib/libscience_servo_control__rosidl_typesupport_introspection_cpp.so
-- Up-to-date: /home/urc/new_GUI/install/science_servo_control/lib/libscience_servo_control__rosidl_typesupport_cpp.so
-- Up-to-date: /home/urc/new_GUI/install/science_servo_control/share/science_servo_control/environment/pythonpath.sh
-- Up-to-date: /home/urc/new_GUI/install/science_servo_control/share/science_servo_control/environment/pythonpath.dsv
-- Up-to-date: /home/urc/new_GUI/install/science_servo_control/local/lib/python3.10/dist-packages/science_servo_control-0.0.0-py3.10.egg-info
-- Installing: /home/urc/new_GUI/install/science_servo_control/local/lib/python3.10/dist-packages/science_servo_control-0.0.0-py3.10.egg-info/PKG-INFO
-- Installing: /home/urc/new_GUI/install/science_servo_control/local/lib/python3.10/dist-packages/science_servo_control-0.0.0-py3.10.egg-info/dependency_links.txt
-- Installing: /home/urc/new_GUI/install/science_servo_control/local/lib/python3.10/dist-packages/science_servo_control-0.0.0-py3.10.egg-info/top_level.txt
-- Installing: /home/urc/new_GUI/install/science_servo_control/local/lib/python3.10/dist-packages/science_servo_control-0.0.0-py3.10.egg-info/SOURCES.txt
-- Up-to-date: /home/urc/new_GUI/install/science_servo_control/local/lib/python3.10/dist-packages/science_servo_control
-- Up-to-date: /home/urc/new_GUI/install/science_servo_control/local/lib/python3.10/dist-packages/science_servo_control/_science_servo_control_s.ep.rosidl_typesupport_fastrtps_c.c
-- Up-to-date: /home/urc/new_GUI/install/science_servo_control/local/lib/python3.10/dist-packages/science_servo_control/libscience_servo_control__rosidl_generator_py.so
-- Up-to-date: /home/urc/new_GUI/install/science_servo_control/local/lib/python3.10/dist-packages/science_servo_control/science_servo_control_s__rosidl_typesupport_fastrtps_c.cpython-310-x86_64-linux-gnu.so
-- Up-to-date: /home/urc/new_GUI/install/science_servo_control/local/lib/python3.10/dist-packages/science_servo_control/science_servo_control_s__rosidl_typesupport_c.cpython-310-x86_64-linux-gnu.so
-- Up-to-date: /home/urc/new_GUI/install/science_servo_control/local/lib/python3.10/dist-packages/science_servo_control/__init__.py
-- Up-to-date: /home/urc/new_GUI/install/science_servo_control/local/lib/python3.10/dist-packages/science_servo_control/science_servo_control_s__rosidl_typesupport_introspection_c.cpython-310-x86_64-linux-gnu.so
-- Up-to-date: /home/urc/new_GUI/install/science_servo_control/local/lib/python3.10/dist-packages/science_servo_control/srv
-- Up-to-date: /home/urc/new_GUI/install/science_servo_control/local/lib/python3.10/dist-packages/science_servo_control/srv/_write_gpio.py
-- Up-to-date: /home/urc/new_GUI/install/science_servo_control/local/lib/python3.10/dist-packages/science_servo_control/srv/_write_gpio_s.c
-- Up-to-date: /home/urc/new_GUI/install/science_servo_control/local/lib/python3.10/dist-packages/science_servo_control/srv/_spin_centrifuge.py
-- Up-to-date: /home/urc/new_GUI/install/science_servo_control/local/lib/python3.10/dist-packages/science_servo_control/srv/_mix_sample_s.c
-- Up-to-date: /home/urc/new_GUI/install/science_servo_control/local/lib/python3.10/dist-packages/science_servo_control/srv/_move_pump.py
-- Up-to-date: /home/urc/new_GUI/install/science_servo_control/local/lib/python3.10/dist-packages/science_servo_control/srv/_read_drum_position_s.c
-- Up-to-date: /home/urc/new_GUI/install/science_servo_control/local/lib/python3.10/dist-packages/science_servo_control/srv/_raise_linear_actuator.py
-- Up-to-date: /home/urc/new_GUI/install/science_servo_control/local/lib/python3.10/dist-packages/science_servo_control/srv/_scoop_sample_s.c
-- Up-to-date: /home/urc/new_GUI/install/science_servo_control/local/lib/python3.10/dist-packages/science_servo_control/srv/__init__.py
-- Up-to-date: /home/urc/new_GUI/install/science_servo_control/local/lib/python3.10/dist-packages/science_servo_control/srv/_seal_drum.py
-- Up-to-date: /home/urc/new_GUI/install/science_servo_control/local/lib/python3.10/dist-packages/science_servo_control/srv/_pre_seal_drum.py
-- Up-to-date: /home/urc/new_GUI/install/science_servo_control/local/lib/python3.10/dist-packages/science_servo_control/srv/_spin_centrifuge_s.c
-- Up-to-date: /home/urc/new_GUI/install/science_servo_control/local/lib/python3.10/dist-packages/science_servo_control/srv/_seal_drum_s.c
-- Up-to-date: /home/urc/new_GUI/install/science_servo_control/local/lib/python3.10/dist-packages/science_servo_control/srv/_move_linear_actuator.py
-- Up-to-date: /home/urc/new_GUI/install/science_servo_control/local/lib/python3.10/dist-packages/science_servo_control/srv/_lower_linear_actuator.py
-- Up-to-date: /home/urc/new_GUI/install/science_servo_control/local/lib/python3.10/dist-packages/science_servo_control/srv/_mix_sample.py
-- Up-to-date: /home/urc/new_GUI/install/science_servo_control/local/lib/python3.10/dist-packages/science_servo_control/srv/_lower_linear_actuator_s.c
-- Up-to-date: /home/urc/new_GUI/install/science_servo_control/local/lib/python3.10/dist-packages/science_servo_control/srv/_scoop_sample.py
-- Up-to-date: /home/urc/new_GUI/install/science_servo_control/local/lib/python3.10/dist-packages/science_servo_control/srv/_free_move_drum.py
-- Up-to-date: /home/urc/new_GUI/install/science_servo_control/local/lib/python3.10/dist-packages/science_servo_control/srv/_move_pump_s.c
-- Up-to-date: /home/urc/new_GUI/install/science_servo_control/local/lib/python3.10/dist-packages/science_servo_control/srv/_move_cuvette.py
-- Up-to-date: /home/urc/new_GUI/install/science_servo_control/local/lib/python3.10/dist-packages/science_servo_control/srv/_pre_mix_drum_s.c
-- Up-to-date: /home/urc/new_GUI/install/science_servo_control/local/lib/python3.10/dist-packages/science_servo_control/srv/_free_move_drum_s.c
-- Up-to-date: /home/urc/new_GUI/install/science_servo_control/local/lib/python3.10/dist-packages/science_servo_control/srv/_move_cuvette_s.c
-- Up-to-date: /home/urc/new_GUI/install/science_servo_control/local/lib/python3.10/dist-packages/science_servo_control/srv/_reboot_drum.py
-- Up-to-date: /home/urc/new_GUI/install/science_servo_control/local/lib/python3.10/dist-packages/science_servo_control/srv/_pre_mix_drum.py
-- Up-to-date: /home/urc/new_GUI/install/science_servo_control/local/lib/python3.10/dist-packages/science_servo_control/srv/_reboot_drum_s.c
-- Up-to-date: /home/urc/new_GUI/install/science_servo_control/local/lib/python3.10/dist-packages/science_servo_control/srv/_read_drum_position.py
-- Up-to-date: /home/urc/new_GUI/install/science_servo_control/local/lib/python3.10/dist-packages/science_servo_control/srv/_pre_seal_drum_s.c
-- Up-to-date: /home/urc/new_GUI/install/science_servo_control/local/lib/python3.10/dist-packages/science_servo_control/srv/_raise_linear_actuator_s.c
-- Up-to-date: /home/urc/new_GUI/install/science_servo_control/local/lib/python3.10/dist-packages/science_servo_control/srv/_move_linear_actuator_s.c
-- Up-to-date: /home/urc/new_GUI/install/science_servo_control/local/lib/python3.10/dist-packages/science_servo_control/_science_servo_control_s.ep.rosidl_typesupport_introspection_c.c
-- Up-to-date: /home/urc/new_GUI/install/science_servo_control/local/lib/python3.10/dist-packages/science_servo_control/_science_servo_control_s.ep.rosidl_typesupport_c.c
Listing '/home/urc/new_GUI/install/science_servo_control/local/lib/python3.10/dist-packages/science_servo_control'...
Listing '/home/urc/new_GUI/install/science_servo_control/local/lib/python3.10/dist-packages/science_servo_control/srv'...
-- Up-to-date: /home/urc/new_GUI/install/science_servo_control/local/lib/python3.10/dist-packages/science_servo_control/science_servo_control_s__rosidl_typesupport_fastrtps_c.cpython-310-x86_64-linux-gnu.so
-- Up-to-date: /home/urc/new_GUI/install/science_servo_control/local/lib/python3.10/dist-packages/science_servo_control/science_servo_control_s__rosidl_typesupport_introspection_c.cpython-310-x86_64-linux-gnu.so
-- Up-to-date: /home/urc/new_GUI/install/science_servo_control/local/lib/python3.10/dist-packages/science_servo_control/science_servo_control_s__rosidl_typesupport_c.cpython-310-x86_64-linux-gnu.so
-- Up-to-date: /home/urc/new_GUI/install/science_servo_control/lib/libscience_servo_control__rosidl_generator_py.so
-- Up-to-date: /home/urc/new_GUI/install/science_servo_control/share/science_servo_control/srv/LowerLinearActuator.idl
-- Up-to-date: /home/urc/new_GUI/install/science_servo_control/share/science_servo_control/srv/FreeMoveDrum.idl
-- Up-to-date: /home/urc/new_GUI/install/science_servo_control/share/science_servo_control/srv/MixSample.idl
-- Up-to-date: /home/urc/new_GUI/install/science_servo_control/share/science_servo_control/srv/MoveCuvette.idl
-- Up-to-date: /home/urc/new_GUI/install/science_servo_control/share/science_servo_control/srv/MoveLinearActuator.idl
-- Up-to-date: /home/urc/new_GUI/install/science_servo_control/share/science_servo_control/srv/MovePump.idl
-- Up-to-date: /home/urc/new_GUI/install/science_servo_control/share/science_servo_control/srv/PreMixDrum.idl
-- Up-to-date: /home/urc/new_GUI/install/science_servo_control/share/science_servo_control/srv/PreSealDrum.idl
-- Up-to-date: /home/urc/new_GUI/install/science_servo_control/share/science_servo_control/srv/RaiseLinearActuator.idl
-- Up-to-date: /home/urc/new_GUI/install/science_servo_control/share/science_servo_control/srv/ReadDrumPosition.idl
-- Up-to-date: /home/urc/new_GUI/install/science_servo_control/share/science_servo_control/srv/RebootDrum.idl
-- Up-to-date: /home/urc/new_GUI/install/science_servo_control/share/science_servo_control/srv/ScoopSample.idl
-- Up-to-date: /home/urc/new_GUI/install/science_servo_control/share/science_servo_control/srv/SealDrum.idl
-- Up-to-date: /home/urc/new_GUI/install/science_servo_control/share/science_servo_control/srv/SpinCentrifuge.idl
-- Up-to-date: /home/urc/new_GUI/install/science_servo_control/share/science_servo_control/srv/WriteGPIO.idl
-- Up-to-date: /home/urc/new_GUI/install/science_servo_control/share/science_servo_control/srv/LowerLinearActuator.srv
-- Up-to-date: /home/urc/new_GUI/install/science_servo_control/share/science_servo_control/srv/LowerLinearActuator_Request.msg
-- Up-to-date: /home/urc/new_GUI/install/science_servo_control/share/science_servo_control/srv/LowerLinearActuator_Response.msg
-- Up-to-date: /home/urc/new_GUI/install/science_servo_control/share/science_servo_control/srv/FreeMoveDrum.srv
-- Up-to-date: /home/urc/new_GUI/install/science_servo_control/share/science_servo_control/srv/FreeMoveDrum_Request.msg
-- Up-to-date: /home/urc/new_GUI/install/science_servo_control/share/science_servo_control/srv/FreeMoveDrum_Response.msg
-- Up-to-date: /home/urc/new_GUI/install/science_servo_control/share/science_servo_control/srv/MixSample.srv
-- Up-to-date: /home/urc/new_GUI/install/science_servo_control/share/science_servo_control/srv/MixSample_Request.msg
-- Up-to-date: /home/urc/new_GUI/install/science_servo_control/share/science_servo_control/srv/MixSample_Response.msg
-- Up-to-date: /home/urc/new_GUI/install/science_servo_control/share/science_servo_control/srv/MoveCuvette.srv
-- Up-to-date: /home/urc/new_GUI/install/science_servo_control/share/science_servo_control/srv/MoveCuvette_Request.msg
-- Up-to-date: /home/urc/new_GUI/install/science_servo_control/share/science_servo_control/srv/MoveCuvette_Response.msg
-- Up-to-date: /home/urc/new_GUI/install/science_servo_control/share/science_servo_control/srv/MoveLinearActuator.srv
-- Up-to-date: /home/urc/new_GUI/install/science_servo_control/share/science_servo_control/srv/MoveLinearActuator_Request.msg
-- Up-to-date: /home/urc/new_GUI/install/science_servo_control/share/science_servo_control/srv/MoveLinearActuator_Response.msg
-- Up-to-date: /home/urc/new_GUI/install/science_servo_control/share/science_servo_control/srv/MovePump.srv
-- Up-to-date: /home/urc/new_GUI/install/science_servo_control/share/science_servo_control/srv/MovePump_Request.msg
-- Up-to-date: /home/urc/new_GUI/install/science_servo_control/share/science_servo_control/srv/MovePump_Response.msg
-- Up-to-date: /home/urc/new_GUI/install/science_servo_control/share/science_servo_control/srv/PreMixDrum.srv
-- Up-to-date: /home/urc/new_GUI/install/science_servo_control/share/science_servo_control/srv/PreMixDrum_Request.msg
-- Up-to-date: /home/urc/new_GUI/install/science_servo_control/share/science_servo_control/srv/PreMixDrum_Response.msg
-- Up-to-date: /home/urc/new_GUI/install/science_servo_control/share/science_servo_control/srv/PreSealDrum.srv
-- Up-to-date: /home/urc/new_GUI/install/science_servo_control/share/science_servo_control/srv/PreSealDrum_Request.msg
-- Up-to-date: /home/urc/new_GUI/install/science_servo_control/share/science_servo_control/srv/PreSealDrum_Response.msg
-- Up-to-date: /home/urc/new_GUI/install/science_servo_control/share/science_servo_control/srv/RaiseLinearActuator.srv
-- Up-to-date: /home/urc/new_GUI/install/science_servo_control/share/science_servo_control/srv/RaiseLinearActuator_Request.msg
-- Up-to-date: /home/urc/new_GUI/install/science_servo_control/share/science_servo_control/srv/RaiseLinearActuator_Response.msg
-- Up-to-date: /home/urc/new_GUI/install/science_servo_control/share/science_servo_control/srv/ReadDrumPosition.srv
-- Up-to-date: /home/urc/new_GUI/install/science_servo_control/share/science_servo_control/srv/ReadDrumPosition_Request.msg
-- Up-to-date: /home/urc/new_GUI/install/science_servo_control/share/science_servo_control/srv/ReadDrumPosition_Response.msg
-- Up-to-date: /home/urc/new_GUI/install/science_servo_control/share/science_servo_control/srv/RebootDrum.srv
-- Up-to-date: /home/urc/new_GUI/install/science_servo_control/share/science_servo_control/srv/RebootDrum_Request.msg
-- Up-to-date: /home/urc/new_GUI/install/science_servo_control/share/science_servo_control/srv/RebootDrum_Response.msg
-- Up-to-date: /home/urc/new_GUI/install/science_servo_control/share/science_servo_control/srv/ScoopSample.srv
-- Up-to-date: /home/urc/new_GUI/install/science_servo_control/share/science_servo_control/srv/ScoopSample_Request.msg
-- Up-to-date: /home/urc/new_GUI/install/science_servo_control/share/science_servo_control/srv/ScoopSample_Response.msg
-- Up-to-date: /home/urc/new_GUI/install/science_servo_control/share/science_servo_control/srv/SealDrum.srv
-- Up-to-date: /home/urc/new_GUI/install/science_servo_control/share/science_servo_control/srv/SealDrum_Request.msg
-- Up-to-date: /home/urc/new_GUI/install/science_servo_control/share/science_servo_control/srv/SealDrum_Response.msg
-- Up-to-date: /home/urc/new_GUI/install/science_servo_control/share/science_servo_control/srv/SpinCentrifuge.srv
-- Up-to-date: /home/urc/new_GUI/install/science_servo_control/share/science_servo_control/srv/SpinCentrifuge_Request.msg
-- Up-to-date: /home/urc/new_GUI/install/science_servo_control/share/science_servo_control/srv/SpinCentrifuge_Response.msg
-- Up-to-date: /home/urc/new_GUI/install/science_servo_control/share/science_servo_control/srv/WriteGPIO.srv
-- Up-to-date: /home/urc/new_GUI/install/science_servo_control/share/science_servo_control/srv/WriteGPIO_Request.msg
-- Up-to-date: /home/urc/new_GUI/install/science_servo_control/share/science_servo_control/srv/WriteGPIO_Response.msg
-- Up-to-date: /home/urc/new_GUI/install/science_servo_control/share/ament_index/resource_index/package_run_dependencies/science_servo_control
-- Up-to-date: /home/urc/new_GUI/install/science_servo_control/share/ament_index/resource_index/parent_prefix_path/science_servo_control
-- Up-to-date: /home/urc/new_GUI/install/science_servo_control/share/science_servo_control/environment/ament_prefix_path.sh
-- Up-to-date: /home/urc/new_GUI/install/science_servo_control/share/science_servo_control/environment/ament_prefix_path.dsv
-- Up-to-date: /home/urc/new_GUI/install/science_servo_control/share/science_servo_control/environment/path.sh
-- Up-to-date: /home/urc/new_GUI/install/science_servo_control/share/science_servo_control/environment/path.dsv
-- Up-to-date: /home/urc/new_GUI/install/science_servo_control/share/science_servo_control/local_setup.bash
-- Up-to-date: /home/urc/new_GUI/install/science_servo_control/share/science_servo_control/local_setup.sh
-- Up-to-date: /home/urc/new_GUI/install/science_servo_control/share/science_servo_control/local_setup.zsh
-- Up-to-date: /home/urc/new_GUI/install/science_servo_control/share/science_servo_control/local_setup.dsv
-- Installing: /home/urc/new_GUI/install/science_servo_control/share/science_servo_control/package.dsv
-- Up-to-date: /home/urc/new_GUI/install/science_servo_control/share/ament_index/resource_index/packages/science_servo_control
-- Up-to-date: /home/urc/new_GUI/install/science_servo_control/share/science_servo_control/cmake/export_science_servo_control__rosidl_generator_cExport.cmake
-- Up-to-date: /home/urc/new_GUI/install/science_servo_control/share/science_servo_control/cmake/export_science_servo_control__rosidl_generator_cExport-noconfig.cmake
-- Up-to-date: /home/urc/new_GUI/install/science_servo_control/share/science_servo_control/cmake/export_science_servo_control__rosidl_typesupport_fastrtps_cExport.cmake
-- Up-to-date: /home/urc/new_GUI/install/science_servo_control/share/science_servo_control/cmake/export_science_servo_control__rosidl_typesupport_fastrtps_cExport-noconfig.cmake
-- Up-to-date: /home/urc/new_GUI/install/science_servo_control/share/science_servo_control/cmake/science_servo_control__rosidl_typesupport_introspection_cExport.cmake
-- Up-to-date: /home/urc/new_GUI/install/science_servo_control/share/science_servo_control/cmake/science_servo_control__rosidl_typesupport_introspection_cExport-noconfig.cmake
-- Up-to-date: /home/urc/new_GUI/install/science_servo_control/share/science_servo_control/cmake/science_servo_control__rosidl_typesupport_cExport.cmake
-- Up-to-date: /home/urc/new_GUI/install/science_servo_control/share/science_servo_control/cmake/science_servo_control__rosidl_typesupport_cExport-noconfig.cmake
-- Up-to-date: /home/urc/new_GUI/install/science_servo_control/share/science_servo_control/cmake/export_science_servo_control__rosidl_generator_cppExport.cmake
-- Up-to-date: /home/urc/new_GUI/install/science_servo_control/share/science_servo_control/cmake/export_science_servo_control__rosidl_typesupport_fastrtps_cppExport.cmake
-- Up-to-date: /home/urc/new_GUI/install/science_servo_control/share/science_servo_control/cmake/export_science_servo_control__rosidl_typesupport_fastrtps_cppExport-noconfig.cmake
-- Up-to-date: /home/urc/new_GUI/install/science_servo_control/share/science_servo_control/cmake/science_servo_control__rosidl_typesupport_introspection_cppExport.cmake
-- Up-to-date: /home/urc/new_GUI/install/science_servo_control/share/science_servo_control/cmake/science_servo_control__rosidl_typesupport_introspection_cppExport-noconfig.cmake
-- Up-to-date: /home/urc/new_GUI/install/science_servo_control/share/science_servo_control/cmake/science_servo_control__rosidl_typesupport_cppExport.cmake
-- Up-to-date: /home/urc/new_GUI/install/science_servo_control/share/science_servo_control/cmake/science_servo_control__rosidl_typesupport_cppExport-noconfig.cmake
-- Up-to-date: /home/urc/new_GUI/install/science_servo_control/share/science_servo_control/cmake/export_science_servo_control__rosidl_generator_pyExport.cmake
-- Up-to-date: /home/urc/new_GUI/install/science_servo_control/share/science_servo_control/cmake/export_science_servo_control__rosidl_generator_pyExport-noconfig.cmake
-- Up-to-date: /home/urc/new_GUI/install/science_servo_control/share/science_servo_control/cmake/rosidl_cmake-extras.cmake
-- Up-to-date: /home/urc/new_GUI/install/science_servo_control/share/science_servo_control/cmake/ament_cmake_export_dependencies-extras.cmake
-- Up-to-date: /home/urc/new_GUI/install/science_servo_control/share/science_servo_control/cmake/ament_cmake_export_include_directories-extras.cmake
-- Up-to-date: /home/urc/new_GUI/install/science_servo_control/share/science_servo_control/cmake/ament_cmake_export_libraries-extras.cmake
-- Up-to-date: /home/urc/new_GUI/install/science_servo_control/share/science_servo_control/cmake/ament_cmake_export_targets-extras.cmake
-- Up-to-date: /home/urc/new_GUI/install/science_servo_control/share/science_servo_control/cmake/rosidl_cmake_export_typesupport_targets-extras.cmake
-- Up-to-date: /home/urc/new_GUI/install/science_servo_control/share/science_servo_control/cmake/rosidl_cmake_export_typesupport_libraries-extras.cmake
-- Up-to-date: /home/urc/new_GUI/install/science_servo_control/share/science_servo_control/cmake/science_servo_controlConfig.cmake
-- Up-to-date: /home/urc/new_GUI/install/science_servo_control/share/science_servo_control/cmake/science_servo_controlConfig-version.cmake
-- Up-to-date: /home/urc/new_GUI/install/science_servo_control/share/science_servo_control/package.xml
