[0.255s] Invoking command in '/home/urc/new-GUI/build/marker_interfacing': CMAKE_PREFIX_PATH=/opt/ros/humble /usr/bin/cmake --build /home/urc/new-GUI/build/marker_interfacing -- -j4 -l4
[0.385s] [  0%] Built target marker_interfacing__cpp
[0.401s] [ 12%] Built target marker_interfacing__rosidl_generator_c
[0.457s] [ 12%] Built target ament_cmake_python_copy_marker_interfacing
[0.569s] [ 24%] Built target marker_interfacing__rosidl_typesupport_fastrtps_cpp
[0.603s] [ 36%] Built target marker_interfacing__rosidl_typesupport_cpp
[0.670s] [ 48%] Built target marker_interfacing__rosidl_typesupport_introspection_cpp
[0.688s] [ 60%] Built target marker_interfacing__rosidl_typesupport_fastrtps_c
[0.718s] [ 72%] Built target marker_interfacing__rosidl_typesupport_introspection_c
[0.726s] [ 84%] Built target marker_interfacing__rosidl_typesupport_c
[0.824s] [ 84%] Built target marker_interfacing
[0.954s] [ 85%] Built target marker_interfacing__py
[1.226s] [ 96%] Built target marker_interfacing__rosidl_generator_py
[1.379s] [ 98%] Built target marker_interfacing__rosidl_typesupport_introspection_c__pyext
[1.392s] [ 99%] Built target marker_interfacing__rosidl_typesupport_c__pyext
[1.402s] [100%] Built target marker_interfacing__rosidl_typesupport_fastrtps_c__pyext
[1.869s] running egg_info
[1.870s] writing marker_interfacing.egg-info/PKG-INFO
[1.870s] writing dependency_links to marker_interfacing.egg-info/dependency_links.txt
[1.870s] writing top-level names to marker_interfacing.egg-info/top_level.txt
[1.895s] reading manifest file 'marker_interfacing.egg-info/SOURCES.txt'
[1.895s] writing manifest file 'marker_interfacing.egg-info/SOURCES.txt'
[1.929s] [100%] Built target ament_cmake_python_build_marker_interfacing_egg
