[2.979s] Invoking command in '/home/urc/new-GUI/src/gui_window': PYTHONPATH=/home/urc/new-GUI/build/gui_window/prefix_override:/home/urc/new-GUI/install/gui_window/lib/python3.10/site-packages:${PYTHONPATH} /usr/bin/python3 setup.py egg_info --egg-base ../../build/gui_window build --build-base /home/urc/new-GUI/build/gui_window/build install --record /home/urc/new-GUI/build/gui_window/install.log --single-version-externally-managed
[3.624s] running egg_info
[3.626s] writing ../../build/gui_window/gui_window.egg-info/PKG-INFO
[3.627s] writing dependency_links to ../../build/gui_window/gui_window.egg-info/dependency_links.txt
[3.627s] writing entry points to ../../build/gui_window/gui_window.egg-info/entry_points.txt
[3.627s] writing requirements to ../../build/gui_window/gui_window.egg-info/requires.txt
[3.628s] writing top-level names to ../../build/gui_window/gui_window.egg-info/top_level.txt
[3.635s] reading manifest file '../../build/gui_window/gui_window.egg-info/SOURCES.txt'
[3.640s] writing manifest file '../../build/gui_window/gui_window.egg-info/SOURCES.txt'
[3.640s] running build
[3.641s] running build_py
[3.643s] copying gui_window/urc_gui_common/status_bar.py -> /home/urc/new-GUI/build/gui_window/build/lib/gui_window/urc_gui_common
[3.644s] copying gui_window/urc_gui_common/__init__.py -> /home/urc/new-GUI/build/gui_window/build/lib/gui_window/urc_gui_common
[3.645s] copying gui_window/urc_gui_common/app.py -> /home/urc/new-GUI/build/gui_window/build/lib/gui_window/urc_gui_common
[3.646s] creating /home/urc/new-GUI/build/gui_window/build/lib/gui_window/urc_gui_common/helpers
[3.647s] copying gui_window/urc_gui_common/helpers/internet.py -> /home/urc/new-GUI/build/gui_window/build/lib/gui_window/urc_gui_common/helpers
[3.647s] copying gui_window/urc_gui_common/helpers/__init__.py -> /home/urc/new-GUI/build/gui_window/build/lib/gui_window/urc_gui_common/helpers
[3.648s] copying gui_window/urc_gui_common/helpers/file_helper.py -> /home/urc/new-GUI/build/gui_window/build/lib/gui_window/urc_gui_common/helpers
[3.649s] copying gui_window/urc_gui_common/helpers/route_optimization.py -> /home/urc/new-GUI/build/gui_window/build/lib/gui_window/urc_gui_common/helpers
[3.650s] copying gui_window/urc_gui_common/helpers/validator.py -> /home/urc/new-GUI/build/gui_window/build/lib/gui_window/urc_gui_common/helpers
[3.652s] copying gui_window/urc_gui_common/widgets/timer.py -> /home/urc/new-GUI/build/gui_window/build/lib/gui_window/urc_gui_common/widgets
[3.653s] copying gui_window/urc_gui_common/widgets/current_widget.py -> /home/urc/new-GUI/build/gui_window/build/lib/gui_window/urc_gui_common/widgets
[3.653s] copying gui_window/urc_gui_common/widgets/__init__.py -> /home/urc/new-GUI/build/gui_window/build/lib/gui_window/urc_gui_common/widgets
[3.654s] copying gui_window/urc_gui_common/widgets/checklist.py -> /home/urc/new-GUI/build/gui_window/build/lib/gui_window/urc_gui_common/widgets
[3.662s] running install
[3.663s] running install_lib
[3.666s] creating /home/urc/new-GUI/install/gui_window/lib/python3.10/site-packages/gui_window/urc_gui_common/helpers
[3.666s] copying /home/urc/new-GUI/build/gui_window/build/lib/gui_window/urc_gui_common/helpers/internet.py -> /home/urc/new-GUI/install/gui_window/lib/python3.10/site-packages/gui_window/urc_gui_common/helpers
[3.666s] copying /home/urc/new-GUI/build/gui_window/build/lib/gui_window/urc_gui_common/helpers/__init__.py -> /home/urc/new-GUI/install/gui_window/lib/python3.10/site-packages/gui_window/urc_gui_common/helpers
[3.667s] copying /home/urc/new-GUI/build/gui_window/build/lib/gui_window/urc_gui_common/helpers/file_helper.py -> /home/urc/new-GUI/install/gui_window/lib/python3.10/site-packages/gui_window/urc_gui_common/helpers
[3.667s] copying /home/urc/new-GUI/build/gui_window/build/lib/gui_window/urc_gui_common/helpers/route_optimization.py -> /home/urc/new-GUI/install/gui_window/lib/python3.10/site-packages/gui_window/urc_gui_common/helpers
[3.667s] copying /home/urc/new-GUI/build/gui_window/build/lib/gui_window/urc_gui_common/helpers/validator.py -> /home/urc/new-GUI/install/gui_window/lib/python3.10/site-packages/gui_window/urc_gui_common/helpers
[3.667s] copying /home/urc/new-GUI/build/gui_window/build/lib/gui_window/urc_gui_common/status_bar.py -> /home/urc/new-GUI/install/gui_window/lib/python3.10/site-packages/gui_window/urc_gui_common
[3.667s] copying /home/urc/new-GUI/build/gui_window/build/lib/gui_window/urc_gui_common/__init__.py -> /home/urc/new-GUI/install/gui_window/lib/python3.10/site-packages/gui_window/urc_gui_common
[3.668s] copying /home/urc/new-GUI/build/gui_window/build/lib/gui_window/urc_gui_common/widgets/timer.py -> /home/urc/new-GUI/install/gui_window/lib/python3.10/site-packages/gui_window/urc_gui_common/widgets
[3.669s] copying /home/urc/new-GUI/build/gui_window/build/lib/gui_window/urc_gui_common/widgets/current_widget.py -> /home/urc/new-GUI/install/gui_window/lib/python3.10/site-packages/gui_window/urc_gui_common/widgets
[3.669s] copying /home/urc/new-GUI/build/gui_window/build/lib/gui_window/urc_gui_common/widgets/__init__.py -> /home/urc/new-GUI/install/gui_window/lib/python3.10/site-packages/gui_window/urc_gui_common/widgets
[3.670s] copying /home/urc/new-GUI/build/gui_window/build/lib/gui_window/urc_gui_common/widgets/checklist.py -> /home/urc/new-GUI/install/gui_window/lib/python3.10/site-packages/gui_window/urc_gui_common/widgets
[3.671s] copying /home/urc/new-GUI/build/gui_window/build/lib/gui_window/urc_gui_common/app.py -> /home/urc/new-GUI/install/gui_window/lib/python3.10/site-packages/gui_window/urc_gui_common
[3.674s] byte-compiling /home/urc/new-GUI/install/gui_window/lib/python3.10/site-packages/gui_window/urc_gui_common/helpers/internet.py to internet.cpython-310.pyc
[3.674s] byte-compiling /home/urc/new-GUI/install/gui_window/lib/python3.10/site-packages/gui_window/urc_gui_common/helpers/__init__.py to __init__.cpython-310.pyc
[3.674s] byte-compiling /home/urc/new-GUI/install/gui_window/lib/python3.10/site-packages/gui_window/urc_gui_common/helpers/file_helper.py to file_helper.cpython-310.pyc
[3.675s] byte-compiling /home/urc/new-GUI/install/gui_window/lib/python3.10/site-packages/gui_window/urc_gui_common/helpers/route_optimization.py to route_optimization.cpython-310.pyc
[3.678s] byte-compiling /home/urc/new-GUI/install/gui_window/lib/python3.10/site-packages/gui_window/urc_gui_common/helpers/validator.py to validator.cpython-310.pyc
[3.679s] byte-compiling /home/urc/new-GUI/install/gui_window/lib/python3.10/site-packages/gui_window/urc_gui_common/status_bar.py to status_bar.cpython-310.pyc
[3.681s] byte-compiling /home/urc/new-GUI/install/gui_window/lib/python3.10/site-packages/gui_window/urc_gui_common/__init__.py to __init__.cpython-310.pyc
[3.682s] byte-compiling /home/urc/new-GUI/install/gui_window/lib/python3.10/site-packages/gui_window/urc_gui_common/widgets/timer.py to timer.cpython-310.pyc
[3.684s] byte-compiling /home/urc/new-GUI/install/gui_window/lib/python3.10/site-packages/gui_window/urc_gui_common/widgets/current_widget.py to current_widget.cpython-310.pyc
[3.685s] byte-compiling /home/urc/new-GUI/install/gui_window/lib/python3.10/site-packages/gui_window/urc_gui_common/widgets/__init__.py to __init__.cpython-310.pyc
[3.686s] byte-compiling /home/urc/new-GUI/install/gui_window/lib/python3.10/site-packages/gui_window/urc_gui_common/widgets/checklist.py to checklist.cpython-310.pyc
[3.689s] byte-compiling /home/urc/new-GUI/install/gui_window/lib/python3.10/site-packages/gui_window/urc_gui_common/app.py to app.cpython-310.pyc
[3.719s] running install_data
[3.723s] running install_egg_info
[3.725s] removing '/home/urc/new-GUI/install/gui_window/lib/python3.10/site-packages/gui_window-0.0.0-py3.10.egg-info' (and everything under it)
[3.725s] Copying ../../build/gui_window/gui_window.egg-info to /home/urc/new-GUI/install/gui_window/lib/python3.10/site-packages/gui_window-0.0.0-py3.10.egg-info
[3.728s] running install_scripts
[3.777s] Installing gui script to /home/urc/new-GUI/install/gui_window/lib/gui_window
[3.782s] writing list of installed files to '/home/urc/new-GUI/build/gui_window/install.log'
[3.845s] Invoked command in '/home/urc/new-GUI/src/gui_window' returned '0': PYTHONPATH=/home/urc/new-GUI/build/gui_window/prefix_override:/home/urc/new-GUI/install/gui_window/lib/python3.10/site-packages:${PYTHONPATH} /usr/bin/python3 setup.py egg_info --egg-base ../../build/gui_window build --build-base /home/urc/new-GUI/build/gui_window/build install --record /home/urc/new-GUI/build/gui_window/install.log --single-version-externally-managed
