[35m[1mConsolidate compiler generated dependencies of target theora_webcams__rosidl_generator_c[0m
[  1%] [32mBuilding CXX object CMakeFiles/camera_publisher.dir/src/camera_publisher_v4l2.cpp.o[0m
[  2%] Built target theora_webcams__cpp
[35m[1mConsolidate compiler generated dependencies of target theora_webcams__rosidl_typesupport_cpp[0m
[ 13%] Built target theora_webcams__rosidl_typesupport_cpp
[ 24%] Built target theora_webcams__rosidl_generator_c
[ 24%] Built target ament_cmake_python_copy_theora_webcams
[35m[1mConsolidate compiler generated dependencies of target theora_webcams__rosidl_typesupport_fastrtps_c[0m
[35m[1mConsolidate compiler generated dependencies of target theora_webcams__rosidl_typesupport_fastrtps_cpp[0m
[35m[1mConsolidate compiler generated dependencies of target theora_webcams__rosidl_typesupport_introspection_cpp[0m
[ 36%] Built target theora_webcams__rosidl_typesupport_fastrtps_cpp
[ 37%] [32mBuilding CXX object CMakeFiles/theora_webcams__rosidl_typesupport_introspection_cpp.dir/rosidl_typesupport_introspection_cpp/theora_webcams/msg/detail/framerate__type_support.cpp.o[0m
[35m[1mConsolidate compiler generated dependencies of target theora_webcams__rosidl_typesupport_introspection_c[0m
[ 38%] [32mBuilding CXX object CMakeFiles/theora_webcams__rosidl_typesupport_fastrtps_c.dir/rosidl_typesupport_fastrtps_c/theora_webcams/msg/detail/framerate__type_support_c.cpp.o[0m
[ 39%] [32mBuilding C object CMakeFiles/theora_webcams__rosidl_typesupport_introspection_c.dir/rosidl_typesupport_introspection_c/theora_webcams/msg/detail/framerate__type_support.c.o[0m
[ 40%] [32mBuilding C object CMakeFiles/theora_webcams__rosidl_typesupport_introspection_c.dir/rosidl_typesupport_introspection_c/theora_webcams/msg/detail/resolution__type_support.c.o[0m
[ 41%] [32mBuilding CXX object CMakeFiles/theora_webcams__rosidl_typesupport_fastrtps_c.dir/rosidl_typesupport_fastrtps_c/theora_webcams/msg/detail/resolution__type_support_c.cpp.o[0m
[ 42%] [32mBuilding C object CMakeFiles/theora_webcams__rosidl_typesupport_introspection_c.dir/rosidl_typesupport_introspection_c/theora_webcams/msg/detail/status__type_support.c.o[0m
[ 43%] [32mBuilding C object CMakeFiles/theora_webcams__rosidl_typesupport_introspection_c.dir/rosidl_typesupport_introspection_c/theora_webcams/msg/detail/video_format__type_support.c.o[0m
[ 44%] [32mBuilding C object CMakeFiles/theora_webcams__rosidl_typesupport_introspection_c.dir/rosidl_typesupport_introspection_c/theora_webcams/msg/detail/video_format_list__type_support.c.o[0m
[ 45%] [32mBuilding C object CMakeFiles/theora_webcams__rosidl_typesupport_introspection_c.dir/rosidl_typesupport_introspection_c/theora_webcams/srv/detail/change_video__type_support.c.o[0m
[ 46%] [32mBuilding CXX object CMakeFiles/theora_webcams__rosidl_typesupport_fastrtps_c.dir/rosidl_typesupport_fastrtps_c/theora_webcams/msg/detail/status__type_support_c.cpp.o[0m
[ 47%] [32mBuilding C object CMakeFiles/theora_webcams__rosidl_typesupport_introspection_c.dir/rosidl_typesupport_introspection_c/theora_webcams/srv/detail/get_exposure_bounds__type_support.c.o[0m
[ 48%] [32mBuilding C object CMakeFiles/theora_webcams__rosidl_typesupport_introspection_c.dir/rosidl_typesupport_introspection_c/theora_webcams/srv/detail/get_resolutions__type_support.c.o[0m
[ 49%] [32mBuilding CXX object CMakeFiles/theora_webcams__rosidl_typesupport_fastrtps_c.dir/rosidl_typesupport_fastrtps_c/theora_webcams/msg/detail/video_format__type_support_c.cpp.o[0m
[ 50%] [32mBuilding C object CMakeFiles/theora_webcams__rosidl_typesupport_introspection_c.dir/rosidl_typesupport_introspection_c/theora_webcams/srv/detail/set_exposure__type_support.c.o[0m
[ 51%] [32mBuilding CXX object CMakeFiles/theora_webcams__rosidl_typesupport_introspection_cpp.dir/rosidl_typesupport_introspection_cpp/theora_webcams/msg/detail/resolution__type_support.cpp.o[0m
[ 52%] [32m[1mLinking C shared library libtheora_webcams__rosidl_typesupport_introspection_c.so[0m
[ 53%] Built target theora_webcams__rosidl_typesupport_introspection_c
[ 54%] [32mBuilding CXX object CMakeFiles/theora_webcams__rosidl_typesupport_introspection_cpp.dir/rosidl_typesupport_introspection_cpp/theora_webcams/msg/detail/status__type_support.cpp.o[0m
[ 55%] [32mBuilding CXX object CMakeFiles/theora_webcams__rosidl_typesupport_fastrtps_c.dir/rosidl_typesupport_fastrtps_c/theora_webcams/msg/detail/video_format_list__type_support_c.cpp.o[0m
[ 56%] [32mBuilding CXX object CMakeFiles/theora_webcams__rosidl_typesupport_fastrtps_c.dir/rosidl_typesupport_fastrtps_c/theora_webcams/srv/detail/change_video__type_support_c.cpp.o[0m
[ 57%] [32mBuilding CXX object CMakeFiles/theora_webcams__rosidl_typesupport_introspection_cpp.dir/rosidl_typesupport_introspection_cpp/theora_webcams/msg/detail/video_format__type_support.cpp.o[0m
[ 58%] [32mBuilding CXX object CMakeFiles/theora_webcams__rosidl_typesupport_introspection_cpp.dir/rosidl_typesupport_introspection_cpp/theora_webcams/msg/detail/video_format_list__type_support.cpp.o[0m
[ 59%] [32mBuilding CXX object CMakeFiles/theora_webcams__rosidl_typesupport_fastrtps_c.dir/rosidl_typesupport_fastrtps_c/theora_webcams/srv/detail/get_exposure_bounds__type_support_c.cpp.o[0m
[ 60%] [32mBuilding CXX object CMakeFiles/theora_webcams__rosidl_typesupport_fastrtps_c.dir/rosidl_typesupport_fastrtps_c/theora_webcams/srv/detail/get_resolutions__type_support_c.cpp.o[0m
[ 61%] [32mBuilding CXX object CMakeFiles/theora_webcams__rosidl_typesupport_introspection_cpp.dir/rosidl_typesupport_introspection_cpp/theora_webcams/srv/detail/change_video__type_support.cpp.o[0m
[ 62%] [32mBuilding CXX object CMakeFiles/theora_webcams__rosidl_typesupport_fastrtps_c.dir/rosidl_typesupport_fastrtps_c/theora_webcams/srv/detail/set_exposure__type_support_c.cpp.o[0m
[ 63%] [32mBuilding CXX object CMakeFiles/theora_webcams__rosidl_typesupport_introspection_cpp.dir/rosidl_typesupport_introspection_cpp/theora_webcams/srv/detail/get_exposure_bounds__type_support.cpp.o[0m
[ 64%] [32mBuilding CXX object CMakeFiles/theora_webcams__rosidl_typesupport_introspection_cpp.dir/rosidl_typesupport_introspection_cpp/theora_webcams/srv/detail/get_resolutions__type_support.cpp.o[0m
[ 65%] [32m[1mLinking CXX shared library libtheora_webcams__rosidl_typesupport_fastrtps_c.so[0m
[ 67%] Built target theora_webcams__rosidl_typesupport_fastrtps_c
[ 68%] [32mBuilding CXX object CMakeFiles/theora_webcams__rosidl_typesupport_introspection_cpp.dir/rosidl_typesupport_introspection_cpp/theora_webcams/srv/detail/set_exposure__type_support.cpp.o[0m
[ 69%] [32m[1mLinking CXX shared library libtheora_webcams__rosidl_typesupport_introspection_cpp.so[0m
[ 70%] Built target theora_webcams__rosidl_typesupport_introspection_cpp
