[0.203s] Invoking command in '/home/urc/new_GUI/build/theora_webcams': CMAKE_PREFIX_PATH=/opt/ros/humble /usr/bin/cmake /home/urc/new_GUI/src/theora_webcams -DCMAKE_INSTALL_PREFIX=/home/urc/new_GUI/install/theora_webcams
[1.417s] -- The C compiler identification is GNU 11.4.0
[1.927s] -- The CXX compiler identification is GNU 11.4.0
[1.943s] -- Detecting C compiler ABI info
[2.162s] -- Detecting C compiler ABI info - done
[2.174s] -- Check for working C compiler: /usr/bin/cc - skipped
[2.175s] -- Detecting C compile features
[2.175s] -- Detecting C compile features - done
[2.188s] -- Detecting CXX compiler ABI info
[2.353s] -- Detecting CXX compiler ABI info - done
[2.378s] -- Check for working CXX compiler: /usr/bin/c++ - skipped
[2.379s] -- Detecting CXX compile features
[2.383s] -- Detecting CXX compile features - done
[2.383s] -- Found ament_cmake: 1.3.5 (/opt/ros/humble/share/ament_cmake/cmake)
[2.857s] -- Found Python3: /usr/bin/python3.10 (found version "3.10.12") found components: Interpreter 
[3.130s] -- Found OpenCV: /usr (found version "4.5.4") 
[3.148s] -- Found ament_lint_auto: 0.12.8 (/opt/ros/humble/share/ament_lint_auto/cmake)
[3.289s] -- Found rosidl_default_generators: 1.2.0 (/opt/ros/humble/share/rosidl_default_generators/cmake)
[3.294s] -- Using all available rosidl_typesupport_c: rosidl_typesupport_fastrtps_c;rosidl_typesupport_introspection_c
[3.302s] -- Found rosidl_adapter: 3.1.5 (/opt/ros/humble/share/rosidl_adapter/cmake)
[3.366s] -- Using all available rosidl_typesupport_cpp: rosidl_typesupport_fastrtps_cpp;rosidl_typesupport_introspection_cpp
[3.433s] -- Found rclcpp: 16.0.6 (/opt/ros/humble/share/rclcpp/cmake)
[3.627s] -- Found rmw_implementation_cmake: 6.1.1 (/opt/ros/humble/share/rmw_implementation_cmake/cmake)
[3.630s] -- Found rmw_fastrtps_cpp: 6.2.4 (/opt/ros/humble/share/rmw_fastrtps_cpp/cmake)
[3.797s] -- Found OpenSSL: /usr/lib/x86_64-linux-gnu/libcrypto.so (found version "3.0.2")  
[3.835s] -- Found FastRTPS: /opt/ros/humble/include  
[3.922s] -- Using RMW implementation 'rmw_fastrtps_cpp' as default
[4.029s] -- Looking for pthread.h
[4.204s] -- Looking for pthread.h - found
[4.204s] -- Performing Test CMAKE_HAVE_LIBC_PTHREAD
[4.328s] -- Performing Test CMAKE_HAVE_LIBC_PTHREAD - Success
[4.329s] -- Found Threads: TRUE  
[5.143s] -- Found sensor_msgs: 4.2.3 (/opt/ros/humble/share/sensor_msgs/cmake)
[5.814s] -- Found cv_bridge: 3.2.1 (/opt/ros/humble/share/cv_bridge/cmake)
[5.843s] -- Found image_transport: 3.1.7 (/opt/ros/humble/share/image_transport/cmake)
[5.963s] -- Found camera_info_manager: 3.1.7 (/opt/ros/humble/share/camera_info_manager/cmake)
[6.894s] -- Found ament_cmake_ros: 0.10.0 (/opt/ros/humble/share/ament_cmake_ros/cmake)
[7.757s] -- Using all available rosidl_typesupport_c: rosidl_typesupport_fastrtps_c;rosidl_typesupport_introspection_c
[8.659s] -- Using all available rosidl_typesupport_cpp: rosidl_typesupport_fastrtps_cpp;rosidl_typesupport_introspection_cpp
[8.689s] -- Found PythonInterp: /usr/bin/python3 (found suitable version "3.10.12", minimum required is "3.6") 
[8.690s] -- Found python_cmake_module: 0.10.0 (/opt/ros/humble/share/python_cmake_module/cmake)
[8.726s] -- Found PythonLibs: /usr/lib/x86_64-linux-gnu/libpython3.10.so (found suitable version "3.10.12", minimum required is "3.5") 
[8.727s] -- Using PYTHON_EXECUTABLE: /usr/bin/python3
[8.727s] -- Using PYTHON_INCLUDE_DIRS: /usr/include/python3.10
[8.727s] -- Using PYTHON_LIBRARIES: /usr/lib/x86_64-linux-gnu/libpython3.10.so
[8.758s] -- Found PythonExtra: .so  
[8.994s] -- Added test 'cppcheck' to perform static code analysis on C / C++ code
[8.996s] -- Configured cppcheck include dirs: 
[8.996s] -- Configured cppcheck exclude dirs and/or files: 
[8.998s] -- Added test 'lint_cmake' to check CMake code style
[9.020s] -- Added test 'uncrustify' to check C / C++ code style
[9.030s] -- Configured uncrustify additional arguments: 
[9.034s] -- Added test 'xmllint' to check XML markup files
[9.083s] -- Configuring done
[9.629s] -- Generating done
[9.636s] -- Build files have been written to: /home/urc/new_GUI/build/theora_webcams
[9.683s] Invoked command in '/home/urc/new_GUI/build/theora_webcams' returned '0': CMAKE_PREFIX_PATH=/opt/ros/humble /usr/bin/cmake /home/urc/new_GUI/src/theora_webcams -DCMAKE_INSTALL_PREFIX=/home/urc/new_GUI/install/theora_webcams
[9.697s] Invoking command in '/home/urc/new_GUI/build/theora_webcams': CMAKE_PREFIX_PATH=/opt/ros/humble /usr/bin/cmake --build /home/urc/new_GUI/build/theora_webcams -- -j4 -l4
[10.275s] [  1%] [34m[1mGenerating C code for ROS interfaces[0m
[10.408s] [  2%] [34m[1mGenerating C++ code for ROS interfaces[0m
[10.423s] [  2%] Built target ament_cmake_python_copy_theora_webcams
[13.051s] running egg_info
[13.051s] creating theora_webcams.egg-info
[13.051s] writing theora_webcams.egg-info/PKG-INFO
[13.051s] writing dependency_links to theora_webcams.egg-info/dependency_links.txt
[13.051s] writing top-level names to theora_webcams.egg-info/top_level.txt
[13.052s] writing manifest file 'theora_webcams.egg-info/SOURCES.txt'
[13.055s] reading manifest file 'theora_webcams.egg-info/SOURCES.txt'
[13.072s] writing manifest file 'theora_webcams.egg-info/SOURCES.txt'
[13.293s] [  2%] Built target ament_cmake_python_build_theora_webcams_egg
[18.715s] [  2%] Built target theora_webcams__cpp
[18.841s] [  3%] [34m[1mGenerating C++ type support dispatch for ROS interfaces[0m
[18.952s] [  4%] [32mBuilding C object CMakeFiles/theora_webcams__rosidl_generator_c.dir/rosidl_generator_c/theora_webcams/msg/detail/framerate__functions.c.o[0m
[19.445s] [  5%] [32mBuilding C object CMakeFiles/theora_webcams__rosidl_generator_c.dir/rosidl_generator_c/theora_webcams/msg/detail/resolution__functions.c.o[0m
[19.858s] [  6%] [32mBuilding C object CMakeFiles/theora_webcams__rosidl_generator_c.dir/rosidl_generator_c/theora_webcams/msg/detail/status__functions.c.o[0m
[20.240s] [  7%] [32mBuilding C object CMakeFiles/theora_webcams__rosidl_generator_c.dir/rosidl_generator_c/theora_webcams/msg/detail/video_format__functions.c.o[0m
[20.547s] [  8%] [32mBuilding C object CMakeFiles/theora_webcams__rosidl_generator_c.dir/rosidl_generator_c/theora_webcams/msg/detail/video_format_list__functions.c.o[0m
[20.861s] [  9%] [32mBuilding C object CMakeFiles/theora_webcams__rosidl_generator_c.dir/rosidl_generator_c/theora_webcams/srv/detail/change_video__functions.c.o[0m
[21.102s] [ 10%] [32mBuilding C object CMakeFiles/theora_webcams__rosidl_generator_c.dir/rosidl_generator_c/theora_webcams/srv/detail/get_exposure_bounds__functions.c.o[0m
[21.305s] [ 11%] [32mBuilding C object CMakeFiles/theora_webcams__rosidl_generator_c.dir/rosidl_generator_c/theora_webcams/srv/detail/get_resolutions__functions.c.o[0m
[21.506s] [ 12%] [32mBuilding C object CMakeFiles/theora_webcams__rosidl_generator_c.dir/rosidl_generator_c/theora_webcams/srv/detail/set_exposure__functions.c.o[0m
[21.712s] [ 13%] [32m[1mLinking C shared library libtheora_webcams__rosidl_generator_c.so[0m
[21.852s] [ 13%] Built target theora_webcams__rosidl_generator_c
[21.936s] [ 14%] [32mBuilding CXX object CMakeFiles/theora_webcams__rosidl_typesupport_cpp.dir/rosidl_typesupport_cpp/theora_webcams/msg/framerate__type_support.cpp.o[0m
[22.433s] [ 15%] [32mBuilding CXX object CMakeFiles/theora_webcams__rosidl_typesupport_cpp.dir/rosidl_typesupport_cpp/theora_webcams/msg/resolution__type_support.cpp.o[0m
[22.986s] [ 16%] [32mBuilding CXX object CMakeFiles/theora_webcams__rosidl_typesupport_cpp.dir/rosidl_typesupport_cpp/theora_webcams/msg/status__type_support.cpp.o[0m
[23.502s] [ 17%] [32mBuilding CXX object CMakeFiles/theora_webcams__rosidl_typesupport_cpp.dir/rosidl_typesupport_cpp/theora_webcams/msg/video_format__type_support.cpp.o[0m
[24.012s] [ 18%] [32mBuilding CXX object CMakeFiles/theora_webcams__rosidl_typesupport_cpp.dir/rosidl_typesupport_cpp/theora_webcams/msg/video_format_list__type_support.cpp.o[0m
[24.613s] [ 20%] [32mBuilding CXX object CMakeFiles/theora_webcams__rosidl_typesupport_cpp.dir/rosidl_typesupport_cpp/theora_webcams/srv/change_video__type_support.cpp.o[0m
[25.203s] [ 21%] [32mBuilding CXX object CMakeFiles/theora_webcams__rosidl_typesupport_cpp.dir/rosidl_typesupport_cpp/theora_webcams/srv/get_exposure_bounds__type_support.cpp.o[0m
[25.770s] [ 22%] [32mBuilding CXX object CMakeFiles/theora_webcams__rosidl_typesupport_cpp.dir/rosidl_typesupport_cpp/theora_webcams/srv/get_resolutions__type_support.cpp.o[0m
[26.294s] [ 23%] [32mBuilding CXX object CMakeFiles/theora_webcams__rosidl_typesupport_cpp.dir/rosidl_typesupport_cpp/theora_webcams/srv/set_exposure__type_support.cpp.o[0m
[26.752s] [ 24%] [32m[1mLinking CXX shared library libtheora_webcams__rosidl_typesupport_cpp.so[0m
[26.916s] [ 24%] Built target theora_webcams__rosidl_typesupport_cpp
[26.999s] [ 25%] [34m[1mGenerating C type support for eProsima Fast-RTPS[0m
[29.391s] [ 26%] [32mBuilding CXX object CMakeFiles/theora_webcams__rosidl_typesupport_fastrtps_c.dir/rosidl_typesupport_fastrtps_c/theora_webcams/msg/detail/framerate__type_support_c.cpp.o[0m
[30.043s] [ 27%] [32mBuilding CXX object CMakeFiles/theora_webcams__rosidl_typesupport_fastrtps_c.dir/rosidl_typesupport_fastrtps_c/theora_webcams/msg/detail/resolution__type_support_c.cpp.o[0m
[30.692s] [ 28%] [32mBuilding CXX object CMakeFiles/theora_webcams__rosidl_typesupport_fastrtps_c.dir/rosidl_typesupport_fastrtps_c/theora_webcams/msg/detail/status__type_support_c.cpp.o[0m
[31.396s] [ 29%] [32mBuilding CXX object CMakeFiles/theora_webcams__rosidl_typesupport_fastrtps_c.dir/rosidl_typesupport_fastrtps_c/theora_webcams/msg/detail/video_format__type_support_c.cpp.o[0m
[32.041s] [ 30%] [32mBuilding CXX object CMakeFiles/theora_webcams__rosidl_typesupport_fastrtps_c.dir/rosidl_typesupport_fastrtps_c/theora_webcams/msg/detail/video_format_list__type_support_c.cpp.o[0m
[32.757s] [ 31%] [32mBuilding CXX object CMakeFiles/theora_webcams__rosidl_typesupport_fastrtps_c.dir/rosidl_typesupport_fastrtps_c/theora_webcams/srv/detail/change_video__type_support_c.cpp.o[0m
[33.640s] [ 32%] [32mBuilding CXX object CMakeFiles/theora_webcams__rosidl_typesupport_fastrtps_c.dir/rosidl_typesupport_fastrtps_c/theora_webcams/srv/detail/get_exposure_bounds__type_support_c.cpp.o[0m
[34.752s] [ 33%] [32mBuilding CXX object CMakeFiles/theora_webcams__rosidl_typesupport_fastrtps_c.dir/rosidl_typesupport_fastrtps_c/theora_webcams/srv/detail/get_resolutions__type_support_c.cpp.o[0m
[36.110s] [ 34%] [32mBuilding CXX object CMakeFiles/theora_webcams__rosidl_typesupport_fastrtps_c.dir/rosidl_typesupport_fastrtps_c/theora_webcams/srv/detail/set_exposure__type_support_c.cpp.o[0m
[37.221s] [ 35%] [32m[1mLinking CXX shared library libtheora_webcams__rosidl_typesupport_fastrtps_c.so[0m
[37.672s] [ 35%] Built target theora_webcams__rosidl_typesupport_fastrtps_c
[37.717s] [ 36%] [34m[1mGenerating C introspection for ROS interfaces[0m
[41.308s] [ 37%] [32mBuilding C object CMakeFiles/theora_webcams__rosidl_typesupport_introspection_c.dir/rosidl_typesupport_introspection_c/theora_webcams/msg/detail/framerate__type_support.c.o[0m
[41.436s] [ 38%] [32mBuilding C object CMakeFiles/theora_webcams__rosidl_typesupport_introspection_c.dir/rosidl_typesupport_introspection_c/theora_webcams/msg/detail/resolution__type_support.c.o[0m
[41.626s] [ 40%] [32mBuilding C object CMakeFiles/theora_webcams__rosidl_typesupport_introspection_c.dir/rosidl_typesupport_introspection_c/theora_webcams/msg/detail/status__type_support.c.o[0m
[41.796s] [ 41%] [32mBuilding C object CMakeFiles/theora_webcams__rosidl_typesupport_introspection_c.dir/rosidl_typesupport_introspection_c/theora_webcams/msg/detail/video_format__type_support.c.o[0m
[41.920s] [ 42%] [32mBuilding C object CMakeFiles/theora_webcams__rosidl_typesupport_introspection_c.dir/rosidl_typesupport_introspection_c/theora_webcams/msg/detail/video_format_list__type_support.c.o[0m
[42.132s] [ 43%] [32mBuilding C object CMakeFiles/theora_webcams__rosidl_typesupport_introspection_c.dir/rosidl_typesupport_introspection_c/theora_webcams/srv/detail/change_video__type_support.c.o[0m
[42.261s] [ 44%] [32mBuilding C object CMakeFiles/theora_webcams__rosidl_typesupport_introspection_c.dir/rosidl_typesupport_introspection_c/theora_webcams/srv/detail/get_exposure_bounds__type_support.c.o[0m
[42.370s] [ 45%] [32mBuilding C object CMakeFiles/theora_webcams__rosidl_typesupport_introspection_c.dir/rosidl_typesupport_introspection_c/theora_webcams/srv/detail/get_resolutions__type_support.c.o[0m
[42.589s] [ 46%] [32mBuilding C object CMakeFiles/theora_webcams__rosidl_typesupport_introspection_c.dir/rosidl_typesupport_introspection_c/theora_webcams/srv/detail/set_exposure__type_support.c.o[0m
[42.693s] [ 47%] [32m[1mLinking C shared library libtheora_webcams__rosidl_typesupport_introspection_c.so[0m
[42.898s] [ 47%] Built target theora_webcams__rosidl_typesupport_introspection_c
[42.958s] [ 48%] [34m[1mGenerating C type support dispatch for ROS interfaces[0m
[45.390s] [ 49%] [32mBuilding CXX object CMakeFiles/theora_webcams__rosidl_typesupport_c.dir/rosidl_typesupport_c/theora_webcams/msg/framerate__type_support.cpp.o[0m
[45.532s] [ 50%] [32mBuilding CXX object CMakeFiles/theora_webcams__rosidl_typesupport_c.dir/rosidl_typesupport_c/theora_webcams/msg/resolution__type_support.cpp.o[0m
[45.637s] [ 51%] [32mBuilding CXX object CMakeFiles/theora_webcams__rosidl_typesupport_c.dir/rosidl_typesupport_c/theora_webcams/msg/status__type_support.cpp.o[0m
[45.772s] [ 52%] [32mBuilding CXX object CMakeFiles/theora_webcams__rosidl_typesupport_c.dir/rosidl_typesupport_c/theora_webcams/msg/video_format__type_support.cpp.o[0m
[45.915s] [ 53%] [32mBuilding CXX object CMakeFiles/theora_webcams__rosidl_typesupport_c.dir/rosidl_typesupport_c/theora_webcams/msg/video_format_list__type_support.cpp.o[0m
[46.042s] [ 54%] [32mBuilding CXX object CMakeFiles/theora_webcams__rosidl_typesupport_c.dir/rosidl_typesupport_c/theora_webcams/srv/change_video__type_support.cpp.o[0m
[46.154s] [ 55%] [32mBuilding CXX object CMakeFiles/theora_webcams__rosidl_typesupport_c.dir/rosidl_typesupport_c/theora_webcams/srv/get_exposure_bounds__type_support.cpp.o[0m
[46.316s] [ 56%] [32mBuilding CXX object CMakeFiles/theora_webcams__rosidl_typesupport_c.dir/rosidl_typesupport_c/theora_webcams/srv/get_resolutions__type_support.cpp.o[0m
[46.488s] [ 57%] [32mBuilding CXX object CMakeFiles/theora_webcams__rosidl_typesupport_c.dir/rosidl_typesupport_c/theora_webcams/srv/set_exposure__type_support.cpp.o[0m
[46.644s] [ 58%] [32m[1mLinking CXX shared library libtheora_webcams__rosidl_typesupport_c.so[0m
[46.845s] [ 58%] Built target theora_webcams__rosidl_typesupport_c
[46.928s] [ 60%] [34m[1mGenerating C++ introspection for ROS interfaces[0m
[50.015s] [ 61%] [32mBuilding CXX object CMakeFiles/theora_webcams__rosidl_typesupport_introspection_cpp.dir/rosidl_typesupport_introspection_cpp/theora_webcams/msg/detail/framerate__type_support.cpp.o[0m
[51.052s] [ 62%] [32mBuilding CXX object CMakeFiles/theora_webcams__rosidl_typesupport_introspection_cpp.dir/rosidl_typesupport_introspection_cpp/theora_webcams/msg/detail/status__type_support.cpp.o[0m
[52.173s] [ 63%] [32mBuilding CXX object CMakeFiles/theora_webcams__rosidl_typesupport_introspection_cpp.dir/rosidl_typesupport_introspection_cpp/theora_webcams/msg/detail/video_format__type_support.cpp.o[0m
[53.655s] [ 64%] [32mBuilding CXX object CMakeFiles/theora_webcams__rosidl_typesupport_introspection_cpp.dir/rosidl_typesupport_introspection_cpp/theora_webcams/msg/detail/video_format_list__type_support.cpp.o[0m
[55.340s] [ 65%] [32mBuilding CXX object CMakeFiles/theora_webcams__rosidl_typesupport_introspection_cpp.dir/rosidl_typesupport_introspection_cpp/theora_webcams/srv/detail/change_video__type_support.cpp.o[0m
[56.861s] [ 66%] [32mBuilding CXX object CMakeFiles/theora_webcams__rosidl_typesupport_introspection_cpp.dir/rosidl_typesupport_introspection_cpp/theora_webcams/srv/detail/get_exposure_bounds__type_support.cpp.o[0m
[58.508s] [ 67%] [32mBuilding CXX object CMakeFiles/theora_webcams__rosidl_typesupport_introspection_cpp.dir/rosidl_typesupport_introspection_cpp/theora_webcams/srv/detail/get_resolutions__type_support.cpp.o[0m
[59.770s] [ 68%] [32mBuilding CXX object CMakeFiles/theora_webcams__rosidl_typesupport_introspection_cpp.dir/rosidl_typesupport_introspection_cpp/theora_webcams/srv/detail/set_exposure__type_support.cpp.o[0m
[60.642s] [ 69%] [32mBuilding CXX object CMakeFiles/theora_webcams__rosidl_typesupport_introspection_cpp.dir/rosidl_typesupport_introspection_cpp/theora_webcams/msg/detail/resolution__type_support.cpp.o[0m
[61.768s] [ 70%] [32m[1mLinking CXX shared library libtheora_webcams__rosidl_typesupport_introspection_cpp.so[0m
[62.062s] [ 70%] Built target theora_webcams__rosidl_typesupport_introspection_cpp
[62.141s] [ 71%] [34m[1mGenerating C++ type support for eProsima Fast-RTPS[0m
[64.848s] [ 72%] [32mBuilding CXX object CMakeFiles/theora_webcams__rosidl_typesupport_fastrtps_cpp.dir/rosidl_typesupport_fastrtps_cpp/theora_webcams/msg/detail/dds_fastrtps/framerate__type_support.cpp.o[0m
[65.820s] [ 73%] [32mBuilding CXX object CMakeFiles/theora_webcams__rosidl_typesupport_fastrtps_cpp.dir/rosidl_typesupport_fastrtps_cpp/theora_webcams/msg/detail/dds_fastrtps/video_format__type_support.cpp.o[0m
[66.938s] [ 74%] [32mBuilding CXX object CMakeFiles/theora_webcams__rosidl_typesupport_fastrtps_cpp.dir/rosidl_typesupport_fastrtps_cpp/theora_webcams/msg/detail/dds_fastrtps/video_format_list__type_support.cpp.o[0m
[67.869s] [ 75%] [32mBuilding CXX object CMakeFiles/theora_webcams__rosidl_typesupport_fastrtps_cpp.dir/rosidl_typesupport_fastrtps_cpp/theora_webcams/srv/detail/dds_fastrtps/change_video__type_support.cpp.o[0m
[68.553s] [ 76%] [32mBuilding CXX object CMakeFiles/theora_webcams__rosidl_typesupport_fastrtps_cpp.dir/rosidl_typesupport_fastrtps_cpp/theora_webcams/srv/detail/dds_fastrtps/get_exposure_bounds__type_support.cpp.o[0m
[69.384s] [ 77%] [32mBuilding CXX object CMakeFiles/theora_webcams__rosidl_typesupport_fastrtps_cpp.dir/rosidl_typesupport_fastrtps_cpp/theora_webcams/srv/detail/dds_fastrtps/get_resolutions__type_support.cpp.o[0m
[70.202s] [ 78%] [32mBuilding CXX object CMakeFiles/theora_webcams__rosidl_typesupport_fastrtps_cpp.dir/rosidl_typesupport_fastrtps_cpp/theora_webcams/srv/detail/dds_fastrtps/set_exposure__type_support.cpp.o[0m
[70.953s] [ 80%] [32mBuilding CXX object CMakeFiles/theora_webcams__rosidl_typesupport_fastrtps_cpp.dir/rosidl_typesupport_fastrtps_cpp/theora_webcams/msg/detail/dds_fastrtps/status__type_support.cpp.o[0m
[71.602s] [ 81%] [32mBuilding CXX object CMakeFiles/theora_webcams__rosidl_typesupport_fastrtps_cpp.dir/rosidl_typesupport_fastrtps_cpp/theora_webcams/msg/detail/dds_fastrtps/resolution__type_support.cpp.o[0m
[72.333s] [ 82%] [32m[1mLinking CXX shared library libtheora_webcams__rosidl_typesupport_fastrtps_cpp.so[0m
[72.498s] [ 82%] Built target theora_webcams__rosidl_typesupport_fastrtps_cpp
[72.533s] [ 82%] Built target theora_webcams
[72.569s] [ 83%] [34m[1mGenerating Python code for ROS interfaces[0m
[76.065s] [ 83%] Built target theora_webcams__py
[76.098s] [ 84%] [32mBuilding C object CMakeFiles/theora_webcams__rosidl_generator_py.dir/rosidl_generator_py/theora_webcams/msg/_framerate_s.c.o[0m
[76.253s] [ 85%] [32mBuilding C object CMakeFiles/theora_webcams__rosidl_generator_py.dir/rosidl_generator_py/theora_webcams/msg/_video_format_s.c.o[0m
[76.441s] [ 86%] [32mBuilding C object CMakeFiles/theora_webcams__rosidl_generator_py.dir/rosidl_generator_py/theora_webcams/msg/_video_format_list_s.c.o[0m
[76.615s] [ 87%] [32mBuilding C object CMakeFiles/theora_webcams__rosidl_generator_py.dir/rosidl_generator_py/theora_webcams/srv/_change_video_s.c.o[0m
[76.804s] [ 88%] [32mBuilding C object CMakeFiles/theora_webcams__rosidl_generator_py.dir/rosidl_generator_py/theora_webcams/srv/_get_exposure_bounds_s.c.o[0m
[77.005s] [ 89%] [32mBuilding C object CMakeFiles/theora_webcams__rosidl_generator_py.dir/rosidl_generator_py/theora_webcams/srv/_get_resolutions_s.c.o[0m
[77.242s] [ 90%] [32mBuilding C object CMakeFiles/theora_webcams__rosidl_generator_py.dir/rosidl_generator_py/theora_webcams/srv/_set_exposure_s.c.o[0m
[77.456s] [ 91%] [32mBuilding C object CMakeFiles/theora_webcams__rosidl_generator_py.dir/rosidl_generator_py/theora_webcams/msg/_status_s.c.o[0m
[77.645s] [ 92%] [32mBuilding C object CMakeFiles/theora_webcams__rosidl_generator_py.dir/rosidl_generator_py/theora_webcams/msg/_resolution_s.c.o[0m
[77.832s] [ 93%] [32m[1mLinking C shared library rosidl_generator_py/theora_webcams/libtheora_webcams__rosidl_generator_py.so[0m
[77.924s] [ 93%] Built target theora_webcams__rosidl_generator_py
[77.965s] [ 94%] [32mBuilding C object CMakeFiles/theora_webcams__rosidl_typesupport_fastrtps_c__pyext.dir/rosidl_generator_py/theora_webcams/_theora_webcams_s.ep.rosidl_typesupport_fastrtps_c.c.o[0m
[78.228s] [ 95%] [32m[1mLinking C shared library rosidl_generator_py/theora_webcams/theora_webcams_s__rosidl_typesupport_fastrtps_c.cpython-310-x86_64-linux-gnu.so[0m
[78.343s] [ 95%] Built target theora_webcams__rosidl_typesupport_fastrtps_c__pyext
[78.381s] [ 96%] [32mBuilding C object CMakeFiles/theora_webcams__rosidl_typesupport_c__pyext.dir/rosidl_generator_py/theora_webcams/_theora_webcams_s.ep.rosidl_typesupport_c.c.o[0m
[78.625s] [ 97%] [32m[1mLinking C shared library rosidl_generator_py/theora_webcams/theora_webcams_s__rosidl_typesupport_c.cpython-310-x86_64-linux-gnu.so[0m
[78.713s] [ 97%] Built target theora_webcams__rosidl_typesupport_c__pyext
[78.743s] [ 98%] [32mBuilding C object CMakeFiles/theora_webcams__rosidl_typesupport_introspection_c__pyext.dir/rosidl_generator_py/theora_webcams/_theora_webcams_s.ep.rosidl_typesupport_introspection_c.c.o[0m
[79.021s] [100%] [32m[1mLinking C shared library rosidl_generator_py/theora_webcams/theora_webcams_s__rosidl_typesupport_introspection_c.cpython-310-x86_64-linux-gnu.so[0m
[79.127s] [100%] Built target theora_webcams__rosidl_typesupport_introspection_c__pyext
[79.164s] Invoked command in '/home/urc/new_GUI/build/theora_webcams' returned '0': CMAKE_PREFIX_PATH=/opt/ros/humble /usr/bin/cmake --build /home/urc/new_GUI/build/theora_webcams -- -j4 -l4
[79.542s] Invoking command in '/home/urc/new_GUI/build/theora_webcams': CMAKE_PREFIX_PATH=/opt/ros/humble /usr/bin/cmake --install /home/urc/new_GUI/build/theora_webcams
[79.560s] -- Install configuration: ""
[79.561s] -- Installing: /home/urc/new_GUI/install/theora_webcams/share/ament_index/resource_index/rosidl_interfaces/theora_webcams
[79.562s] -- Installing: /home/urc/new_GUI/install/theora_webcams/include/theora_webcams/theora_webcams
[79.562s] -- Installing: /home/urc/new_GUI/install/theora_webcams/include/theora_webcams/theora_webcams/msg
[79.562s] -- Installing: /home/urc/new_GUI/install/theora_webcams/include/theora_webcams/theora_webcams/msg/video_format.h
[79.562s] -- Installing: /home/urc/new_GUI/install/theora_webcams/include/theora_webcams/theora_webcams/msg/video_format_list.h
[79.563s] -- Installing: /home/urc/new_GUI/install/theora_webcams/include/theora_webcams/theora_webcams/msg/status.h
[79.563s] -- Installing: /home/urc/new_GUI/install/theora_webcams/include/theora_webcams/theora_webcams/msg/rosidl_generator_c__visibility_control.h
[79.563s] -- Installing: /home/urc/new_GUI/install/theora_webcams/include/theora_webcams/theora_webcams/msg/detail
[79.564s] -- Installing: /home/urc/new_GUI/install/theora_webcams/include/theora_webcams/theora_webcams/msg/detail/video_format_list__functions.h
[79.564s] -- Installing: /home/urc/new_GUI/install/theora_webcams/include/theora_webcams/theora_webcams/msg/detail/resolution__type_support.h
[79.564s] -- Installing: /home/urc/new_GUI/install/theora_webcams/include/theora_webcams/theora_webcams/msg/detail/video_format_list__type_support.h
[79.565s] -- Installing: /home/urc/new_GUI/install/theora_webcams/include/theora_webcams/theora_webcams/msg/detail/resolution__functions.h
[79.565s] -- Installing: /home/urc/new_GUI/install/theora_webcams/include/theora_webcams/theora_webcams/msg/detail/video_format__functions.c
[79.565s] -- Installing: /home/urc/new_GUI/install/theora_webcams/include/theora_webcams/theora_webcams/msg/detail/status__struct.h
[79.566s] -- Installing: /home/urc/new_GUI/install/theora_webcams/include/theora_webcams/theora_webcams/msg/detail/framerate__functions.c
[79.566s] -- Installing: /home/urc/new_GUI/install/theora_webcams/include/theora_webcams/theora_webcams/msg/detail/video_format__type_support.h
[79.566s] -- Installing: /home/urc/new_GUI/install/theora_webcams/include/theora_webcams/theora_webcams/msg/detail/framerate__type_support.h
[79.567s] -- Installing: /home/urc/new_GUI/install/theora_webcams/include/theora_webcams/theora_webcams/msg/detail/video_format__functions.h
[79.567s] -- Installing: /home/urc/new_GUI/install/theora_webcams/include/theora_webcams/theora_webcams/msg/detail/framerate__struct.h
[79.567s] -- Installing: /home/urc/new_GUI/install/theora_webcams/include/theora_webcams/theora_webcams/msg/detail/video_format_list__struct.h
[79.568s] -- Installing: /home/urc/new_GUI/install/theora_webcams/include/theora_webcams/theora_webcams/msg/detail/status__functions.h
[79.568s] -- Installing: /home/urc/new_GUI/install/theora_webcams/include/theora_webcams/theora_webcams/msg/detail/framerate__functions.h
[79.568s] -- Installing: /home/urc/new_GUI/install/theora_webcams/include/theora_webcams/theora_webcams/msg/detail/status__functions.c
[79.569s] -- Installing: /home/urc/new_GUI/install/theora_webcams/include/theora_webcams/theora_webcams/msg/detail/resolution__functions.c
[79.569s] -- Installing: /home/urc/new_GUI/install/theora_webcams/include/theora_webcams/theora_webcams/msg/detail/video_format__struct.h
[79.569s] -- Installing: /home/urc/new_GUI/install/theora_webcams/include/theora_webcams/theora_webcams/msg/detail/video_format_list__functions.c
[79.570s] -- Installing: /home/urc/new_GUI/install/theora_webcams/include/theora_webcams/theora_webcams/msg/detail/status__type_support.h
[79.570s] -- Installing: /home/urc/new_GUI/install/theora_webcams/include/theora_webcams/theora_webcams/msg/detail/resolution__struct.h
[79.570s] -- Installing: /home/urc/new_GUI/install/theora_webcams/include/theora_webcams/theora_webcams/msg/resolution.h
[79.571s] -- Installing: /home/urc/new_GUI/install/theora_webcams/include/theora_webcams/theora_webcams/msg/framerate.h
[79.571s] -- Installing: /home/urc/new_GUI/install/theora_webcams/include/theora_webcams/theora_webcams/srv
[79.572s] -- Installing: /home/urc/new_GUI/install/theora_webcams/include/theora_webcams/theora_webcams/srv/get_resolutions.h
[79.572s] -- Installing: /home/urc/new_GUI/install/theora_webcams/include/theora_webcams/theora_webcams/srv/get_exposure_bounds.h
[79.572s] -- Installing: /home/urc/new_GUI/install/theora_webcams/include/theora_webcams/theora_webcams/srv/change_video.h
[79.573s] -- Installing: /home/urc/new_GUI/install/theora_webcams/include/theora_webcams/theora_webcams/srv/detail
[79.573s] -- Installing: /home/urc/new_GUI/install/theora_webcams/include/theora_webcams/theora_webcams/srv/detail/get_exposure_bounds__functions.h
[79.573s] -- Installing: /home/urc/new_GUI/install/theora_webcams/include/theora_webcams/theora_webcams/srv/detail/get_resolutions__type_support.h
[79.574s] -- Installing: /home/urc/new_GUI/install/theora_webcams/include/theora_webcams/theora_webcams/srv/detail/change_video__functions.c
[79.574s] -- Installing: /home/urc/new_GUI/install/theora_webcams/include/theora_webcams/theora_webcams/srv/detail/get_exposure_bounds__struct.h
[79.574s] -- Installing: /home/urc/new_GUI/install/theora_webcams/include/theora_webcams/theora_webcams/srv/detail/get_resolutions__functions.c
[79.575s] -- Installing: /home/urc/new_GUI/install/theora_webcams/include/theora_webcams/theora_webcams/srv/detail/set_exposure__functions.c
[79.575s] -- Installing: /home/urc/new_GUI/install/theora_webcams/include/theora_webcams/theora_webcams/srv/detail/get_exposure_bounds__type_support.h
[79.575s] -- Installing: /home/urc/new_GUI/install/theora_webcams/include/theora_webcams/theora_webcams/srv/detail/set_exposure__struct.h
[79.576s] -- Installing: /home/urc/new_GUI/install/theora_webcams/include/theora_webcams/theora_webcams/srv/detail/get_resolutions__struct.h
[79.576s] -- Installing: /home/urc/new_GUI/install/theora_webcams/include/theora_webcams/theora_webcams/srv/detail/change_video__functions.h
[79.576s] -- Installing: /home/urc/new_GUI/install/theora_webcams/include/theora_webcams/theora_webcams/srv/detail/set_exposure__type_support.h
[79.577s] -- Installing: /home/urc/new_GUI/install/theora_webcams/include/theora_webcams/theora_webcams/srv/detail/change_video__struct.h
[79.577s] -- Installing: /home/urc/new_GUI/install/theora_webcams/include/theora_webcams/theora_webcams/srv/detail/get_exposure_bounds__functions.c
[79.577s] -- Installing: /home/urc/new_GUI/install/theora_webcams/include/theora_webcams/theora_webcams/srv/detail/set_exposure__functions.h
[79.578s] -- Installing: /home/urc/new_GUI/install/theora_webcams/include/theora_webcams/theora_webcams/srv/detail/get_resolutions__functions.h
[79.578s] -- Installing: /home/urc/new_GUI/install/theora_webcams/include/theora_webcams/theora_webcams/srv/detail/change_video__type_support.h
[79.578s] -- Installing: /home/urc/new_GUI/install/theora_webcams/include/theora_webcams/theora_webcams/srv/set_exposure.h
[79.579s] -- Installing: /home/urc/new_GUI/install/theora_webcams/share/theora_webcams/environment/library_path.sh
[79.579s] -- Installing: /home/urc/new_GUI/install/theora_webcams/share/theora_webcams/environment/library_path.dsv
[79.580s] -- Installing: /home/urc/new_GUI/install/theora_webcams/lib/libtheora_webcams__rosidl_generator_c.so
[79.581s] -- Set runtime path of "/home/urc/new_GUI/install/theora_webcams/lib/libtheora_webcams__rosidl_generator_c.so" to ""
[79.582s] -- Up-to-date: /home/urc/new_GUI/install/theora_webcams/include/theora_webcams/theora_webcams
[79.582s] -- Up-to-date: /home/urc/new_GUI/install/theora_webcams/include/theora_webcams/theora_webcams/msg
[79.582s] -- Installing: /home/urc/new_GUI/install/theora_webcams/include/theora_webcams/theora_webcams/msg/rosidl_typesupport_fastrtps_c__visibility_control.h
[79.582s] -- Up-to-date: /home/urc/new_GUI/install/theora_webcams/include/theora_webcams/theora_webcams/msg/detail
[79.583s] -- Installing: /home/urc/new_GUI/install/theora_webcams/include/theora_webcams/theora_webcams/msg/detail/framerate__rosidl_typesupport_fastrtps_c.h
[79.583s] -- Installing: /home/urc/new_GUI/install/theora_webcams/include/theora_webcams/theora_webcams/msg/detail/resolution__rosidl_typesupport_fastrtps_c.h
[79.583s] -- Installing: /home/urc/new_GUI/install/theora_webcams/include/theora_webcams/theora_webcams/msg/detail/video_format__rosidl_typesupport_fastrtps_c.h
[79.584s] -- Installing: /home/urc/new_GUI/install/theora_webcams/include/theora_webcams/theora_webcams/msg/detail/video_format_list__rosidl_typesupport_fastrtps_c.h
[79.584s] -- Installing: /home/urc/new_GUI/install/theora_webcams/include/theora_webcams/theora_webcams/msg/detail/status__rosidl_typesupport_fastrtps_c.h
[79.584s] -- Up-to-date: /home/urc/new_GUI/install/theora_webcams/include/theora_webcams/theora_webcams/srv
[79.584s] -- Up-to-date: /home/urc/new_GUI/install/theora_webcams/include/theora_webcams/theora_webcams/srv/detail
[79.585s] -- Installing: /home/urc/new_GUI/install/theora_webcams/include/theora_webcams/theora_webcams/srv/detail/get_exposure_bounds__rosidl_typesupport_fastrtps_c.h
[79.585s] -- Installing: /home/urc/new_GUI/install/theora_webcams/include/theora_webcams/theora_webcams/srv/detail/change_video__rosidl_typesupport_fastrtps_c.h
[79.585s] -- Installing: /home/urc/new_GUI/install/theora_webcams/include/theora_webcams/theora_webcams/srv/detail/get_resolutions__rosidl_typesupport_fastrtps_c.h
[79.586s] -- Installing: /home/urc/new_GUI/install/theora_webcams/include/theora_webcams/theora_webcams/srv/detail/set_exposure__rosidl_typesupport_fastrtps_c.h
[79.586s] -- Installing: /home/urc/new_GUI/install/theora_webcams/lib/libtheora_webcams__rosidl_typesupport_fastrtps_c.so
[79.587s] -- Set runtime path of "/home/urc/new_GUI/install/theora_webcams/lib/libtheora_webcams__rosidl_typesupport_fastrtps_c.so" to ""
[79.587s] -- Up-to-date: /home/urc/new_GUI/install/theora_webcams/include/theora_webcams/theora_webcams
[79.587s] -- Up-to-date: /home/urc/new_GUI/install/theora_webcams/include/theora_webcams/theora_webcams/msg
[79.588s] -- Installing: /home/urc/new_GUI/install/theora_webcams/include/theora_webcams/theora_webcams/msg/rosidl_typesupport_introspection_c__visibility_control.h
[79.588s] -- Up-to-date: /home/urc/new_GUI/install/theora_webcams/include/theora_webcams/theora_webcams/msg/detail
[79.588s] -- Installing: /home/urc/new_GUI/install/theora_webcams/include/theora_webcams/theora_webcams/msg/detail/resolution__rosidl_typesupport_introspection_c.h
[79.589s] -- Installing: /home/urc/new_GUI/install/theora_webcams/include/theora_webcams/theora_webcams/msg/detail/framerate__rosidl_typesupport_introspection_c.h
[79.589s] -- Installing: /home/urc/new_GUI/install/theora_webcams/include/theora_webcams/theora_webcams/msg/detail/video_format_list__type_support.c
[79.589s] -- Installing: /home/urc/new_GUI/install/theora_webcams/include/theora_webcams/theora_webcams/msg/detail/video_format__rosidl_typesupport_introspection_c.h
[79.590s] -- Installing: /home/urc/new_GUI/install/theora_webcams/include/theora_webcams/theora_webcams/msg/detail/video_format__type_support.c
[79.590s] -- Installing: /home/urc/new_GUI/install/theora_webcams/include/theora_webcams/theora_webcams/msg/detail/status__rosidl_typesupport_introspection_c.h
[79.590s] -- Installing: /home/urc/new_GUI/install/theora_webcams/include/theora_webcams/theora_webcams/msg/detail/framerate__type_support.c
[79.590s] -- Installing: /home/urc/new_GUI/install/theora_webcams/include/theora_webcams/theora_webcams/msg/detail/video_format_list__rosidl_typesupport_introspection_c.h
[79.591s] -- Installing: /home/urc/new_GUI/install/theora_webcams/include/theora_webcams/theora_webcams/msg/detail/status__type_support.c
[79.591s] -- Installing: /home/urc/new_GUI/install/theora_webcams/include/theora_webcams/theora_webcams/msg/detail/resolution__type_support.c
[79.591s] -- Up-to-date: /home/urc/new_GUI/install/theora_webcams/include/theora_webcams/theora_webcams/srv
[79.592s] -- Up-to-date: /home/urc/new_GUI/install/theora_webcams/include/theora_webcams/theora_webcams/srv/detail
[79.592s] -- Installing: /home/urc/new_GUI/install/theora_webcams/include/theora_webcams/theora_webcams/srv/detail/get_exposure_bounds__rosidl_typesupport_introspection_c.h
[79.592s] -- Installing: /home/urc/new_GUI/install/theora_webcams/include/theora_webcams/theora_webcams/srv/detail/get_resolutions__rosidl_typesupport_introspection_c.h
[79.593s] -- Installing: /home/urc/new_GUI/install/theora_webcams/include/theora_webcams/theora_webcams/srv/detail/set_exposure__type_support.c
[79.593s] -- Installing: /home/urc/new_GUI/install/theora_webcams/include/theora_webcams/theora_webcams/srv/detail/set_exposure__rosidl_typesupport_introspection_c.h
[79.593s] -- Installing: /home/urc/new_GUI/install/theora_webcams/include/theora_webcams/theora_webcams/srv/detail/change_video__rosidl_typesupport_introspection_c.h
[79.594s] -- Installing: /home/urc/new_GUI/install/theora_webcams/include/theora_webcams/theora_webcams/srv/detail/get_exposure_bounds__type_support.c
[79.594s] -- Installing: /home/urc/new_GUI/install/theora_webcams/include/theora_webcams/theora_webcams/srv/detail/get_resolutions__type_support.c
[79.594s] -- Installing: /home/urc/new_GUI/install/theora_webcams/include/theora_webcams/theora_webcams/srv/detail/change_video__type_support.c
[79.595s] -- Installing: /home/urc/new_GUI/install/theora_webcams/lib/libtheora_webcams__rosidl_typesupport_introspection_c.so
[79.596s] -- Set runtime path of "/home/urc/new_GUI/install/theora_webcams/lib/libtheora_webcams__rosidl_typesupport_introspection_c.so" to ""
[79.596s] -- Installing: /home/urc/new_GUI/install/theora_webcams/lib/libtheora_webcams__rosidl_typesupport_c.so
[79.597s] -- Set runtime path of "/home/urc/new_GUI/install/theora_webcams/lib/libtheora_webcams__rosidl_typesupport_c.so" to ""
[79.597s] -- Up-to-date: /home/urc/new_GUI/install/theora_webcams/include/theora_webcams/theora_webcams
[79.597s] -- Up-to-date: /home/urc/new_GUI/install/theora_webcams/include/theora_webcams/theora_webcams/msg
[79.597s] -- Installing: /home/urc/new_GUI/install/theora_webcams/include/theora_webcams/theora_webcams/msg/video_format.hpp
[79.598s] -- Installing: /home/urc/new_GUI/install/theora_webcams/include/theora_webcams/theora_webcams/msg/video_format_list.hpp
[79.598s] -- Installing: /home/urc/new_GUI/install/theora_webcams/include/theora_webcams/theora_webcams/msg/resolution.hpp
[79.598s] -- Installing: /home/urc/new_GUI/install/theora_webcams/include/theora_webcams/theora_webcams/msg/status.hpp
[79.599s] -- Up-to-date: /home/urc/new_GUI/install/theora_webcams/include/theora_webcams/theora_webcams/msg/detail
[79.599s] -- Installing: /home/urc/new_GUI/install/theora_webcams/include/theora_webcams/theora_webcams/msg/detail/video_format__struct.hpp
[79.599s] -- Installing: /home/urc/new_GUI/install/theora_webcams/include/theora_webcams/theora_webcams/msg/detail/framerate__struct.hpp
[79.600s] -- Installing: /home/urc/new_GUI/install/theora_webcams/include/theora_webcams/theora_webcams/msg/detail/resolution__traits.hpp
[79.600s] -- Installing: /home/urc/new_GUI/install/theora_webcams/include/theora_webcams/theora_webcams/msg/detail/video_format_list__builder.hpp
[79.600s] -- Installing: /home/urc/new_GUI/install/theora_webcams/include/theora_webcams/theora_webcams/msg/detail/framerate__traits.hpp
[79.601s] -- Installing: /home/urc/new_GUI/install/theora_webcams/include/theora_webcams/theora_webcams/msg/detail/status__struct.hpp
[79.601s] -- Installing: /home/urc/new_GUI/install/theora_webcams/include/theora_webcams/theora_webcams/msg/detail/video_format_list__struct.hpp
[79.601s] -- Installing: /home/urc/new_GUI/install/theora_webcams/include/theora_webcams/theora_webcams/msg/detail/framerate__builder.hpp
[79.601s] -- Installing: /home/urc/new_GUI/install/theora_webcams/include/theora_webcams/theora_webcams/msg/detail/resolution__struct.hpp
[79.602s] -- Installing: /home/urc/new_GUI/install/theora_webcams/include/theora_webcams/theora_webcams/msg/detail/status__builder.hpp
[79.602s] -- Installing: /home/urc/new_GUI/install/theora_webcams/include/theora_webcams/theora_webcams/msg/detail/resolution__builder.hpp
[79.602s] -- Installing: /home/urc/new_GUI/install/theora_webcams/include/theora_webcams/theora_webcams/msg/detail/video_format__builder.hpp
[79.603s] -- Installing: /home/urc/new_GUI/install/theora_webcams/include/theora_webcams/theora_webcams/msg/detail/video_format_list__traits.hpp
[79.603s] -- Installing: /home/urc/new_GUI/install/theora_webcams/include/theora_webcams/theora_webcams/msg/detail/video_format__traits.hpp
[79.603s] -- Installing: /home/urc/new_GUI/install/theora_webcams/include/theora_webcams/theora_webcams/msg/detail/status__traits.hpp
[79.604s] -- Installing: /home/urc/new_GUI/install/theora_webcams/include/theora_webcams/theora_webcams/msg/framerate.hpp
[79.604s] -- Up-to-date: /home/urc/new_GUI/install/theora_webcams/include/theora_webcams/theora_webcams/srv
[79.604s] -- Installing: /home/urc/new_GUI/install/theora_webcams/include/theora_webcams/theora_webcams/srv/get_resolutions.hpp
[79.605s] -- Installing: /home/urc/new_GUI/install/theora_webcams/include/theora_webcams/theora_webcams/srv/set_exposure.hpp
[79.605s] -- Up-to-date: /home/urc/new_GUI/install/theora_webcams/include/theora_webcams/theora_webcams/srv/detail
[79.605s] -- Installing: /home/urc/new_GUI/install/theora_webcams/include/theora_webcams/theora_webcams/srv/detail/set_exposure__struct.hpp
[79.606s] -- Installing: /home/urc/new_GUI/install/theora_webcams/include/theora_webcams/theora_webcams/srv/detail/get_exposure_bounds__traits.hpp
[79.606s] -- Installing: /home/urc/new_GUI/install/theora_webcams/include/theora_webcams/theora_webcams/srv/detail/get_exposure_bounds__builder.hpp
[79.606s] -- Installing: /home/urc/new_GUI/install/theora_webcams/include/theora_webcams/theora_webcams/srv/detail/change_video__struct.hpp
[79.607s] -- Installing: /home/urc/new_GUI/install/theora_webcams/include/theora_webcams/theora_webcams/srv/detail/change_video__builder.hpp
[79.607s] -- Installing: /home/urc/new_GUI/install/theora_webcams/include/theora_webcams/theora_webcams/srv/detail/get_resolutions__builder.hpp
[79.607s] -- Installing: /home/urc/new_GUI/install/theora_webcams/include/theora_webcams/theora_webcams/srv/detail/get_resolutions__traits.hpp
[79.608s] -- Installing: /home/urc/new_GUI/install/theora_webcams/include/theora_webcams/theora_webcams/srv/detail/set_exposure__builder.hpp
[79.608s] -- Installing: /home/urc/new_GUI/install/theora_webcams/include/theora_webcams/theora_webcams/srv/detail/set_exposure__traits.hpp
[79.609s] -- Installing: /home/urc/new_GUI/install/theora_webcams/include/theora_webcams/theora_webcams/srv/detail/change_video__traits.hpp
[79.609s] -- Installing: /home/urc/new_GUI/install/theora_webcams/include/theora_webcams/theora_webcams/srv/detail/get_exposure_bounds__struct.hpp
[79.609s] -- Installing: /home/urc/new_GUI/install/theora_webcams/include/theora_webcams/theora_webcams/srv/detail/get_resolutions__struct.hpp
[79.610s] -- Installing: /home/urc/new_GUI/install/theora_webcams/include/theora_webcams/theora_webcams/srv/change_video.hpp
[79.610s] -- Installing: /home/urc/new_GUI/install/theora_webcams/include/theora_webcams/theora_webcams/srv/get_exposure_bounds.hpp
[79.610s] -- Up-to-date: /home/urc/new_GUI/install/theora_webcams/include/theora_webcams/theora_webcams
[79.610s] -- Up-to-date: /home/urc/new_GUI/install/theora_webcams/include/theora_webcams/theora_webcams/msg
[79.611s] -- Installing: /home/urc/new_GUI/install/theora_webcams/include/theora_webcams/theora_webcams/msg/rosidl_typesupport_fastrtps_cpp__visibility_control.h
[79.611s] -- Up-to-date: /home/urc/new_GUI/install/theora_webcams/include/theora_webcams/theora_webcams/msg/detail
[79.611s] -- Installing: /home/urc/new_GUI/install/theora_webcams/include/theora_webcams/theora_webcams/msg/detail/framerate__rosidl_typesupport_fastrtps_cpp.hpp
[79.611s] -- Installing: /home/urc/new_GUI/install/theora_webcams/include/theora_webcams/theora_webcams/msg/detail/resolution__rosidl_typesupport_fastrtps_cpp.hpp
[79.612s] -- Installing: /home/urc/new_GUI/install/theora_webcams/include/theora_webcams/theora_webcams/msg/detail/status__rosidl_typesupport_fastrtps_cpp.hpp
[79.612s] -- Installing: /home/urc/new_GUI/install/theora_webcams/include/theora_webcams/theora_webcams/msg/detail/video_format__rosidl_typesupport_fastrtps_cpp.hpp
[79.612s] -- Installing: /home/urc/new_GUI/install/theora_webcams/include/theora_webcams/theora_webcams/msg/detail/video_format_list__rosidl_typesupport_fastrtps_cpp.hpp
[79.613s] -- Installing: /home/urc/new_GUI/install/theora_webcams/include/theora_webcams/theora_webcams/msg/detail/dds_fastrtps
[79.613s] -- Up-to-date: /home/urc/new_GUI/install/theora_webcams/include/theora_webcams/theora_webcams/srv
[79.613s] -- Up-to-date: /home/urc/new_GUI/install/theora_webcams/include/theora_webcams/theora_webcams/srv/detail
[79.613s] -- Installing: /home/urc/new_GUI/install/theora_webcams/include/theora_webcams/theora_webcams/srv/detail/set_exposure__rosidl_typesupport_fastrtps_cpp.hpp
[79.614s] -- Installing: /home/urc/new_GUI/install/theora_webcams/include/theora_webcams/theora_webcams/srv/detail/change_video__rosidl_typesupport_fastrtps_cpp.hpp
[79.614s] -- Installing: /home/urc/new_GUI/install/theora_webcams/include/theora_webcams/theora_webcams/srv/detail/get_exposure_bounds__rosidl_typesupport_fastrtps_cpp.hpp
[79.614s] -- Installing: /home/urc/new_GUI/install/theora_webcams/include/theora_webcams/theora_webcams/srv/detail/get_resolutions__rosidl_typesupport_fastrtps_cpp.hpp
[79.615s] -- Installing: /home/urc/new_GUI/install/theora_webcams/include/theora_webcams/theora_webcams/srv/detail/dds_fastrtps
[79.615s] -- Installing: /home/urc/new_GUI/install/theora_webcams/lib/libtheora_webcams__rosidl_typesupport_fastrtps_cpp.so
[79.616s] -- Set runtime path of "/home/urc/new_GUI/install/theora_webcams/lib/libtheora_webcams__rosidl_typesupport_fastrtps_cpp.so" to ""
[79.617s] -- Up-to-date: /home/urc/new_GUI/install/theora_webcams/include/theora_webcams/theora_webcams
[79.617s] -- Up-to-date: /home/urc/new_GUI/install/theora_webcams/include/theora_webcams/theora_webcams/msg
[79.617s] -- Up-to-date: /home/urc/new_GUI/install/theora_webcams/include/theora_webcams/theora_webcams/msg/detail
[79.617s] -- Installing: /home/urc/new_GUI/install/theora_webcams/include/theora_webcams/theora_webcams/msg/detail/resolution__rosidl_typesupport_introspection_cpp.hpp
[79.618s] -- Installing: /home/urc/new_GUI/install/theora_webcams/include/theora_webcams/theora_webcams/msg/detail/status__rosidl_typesupport_introspection_cpp.hpp
[79.618s] -- Installing: /home/urc/new_GUI/install/theora_webcams/include/theora_webcams/theora_webcams/msg/detail/video_format__rosidl_typesupport_introspection_cpp.hpp
[79.618s] -- Installing: /home/urc/new_GUI/install/theora_webcams/include/theora_webcams/theora_webcams/msg/detail/framerate__rosidl_typesupport_introspection_cpp.hpp
[79.619s] -- Installing: /home/urc/new_GUI/install/theora_webcams/include/theora_webcams/theora_webcams/msg/detail/video_format_list__rosidl_typesupport_introspection_cpp.hpp
[79.619s] -- Installing: /home/urc/new_GUI/install/theora_webcams/include/theora_webcams/theora_webcams/msg/detail/resolution__type_support.cpp
[79.619s] -- Installing: /home/urc/new_GUI/install/theora_webcams/include/theora_webcams/theora_webcams/msg/detail/video_format__type_support.cpp
[79.620s] -- Installing: /home/urc/new_GUI/install/theora_webcams/include/theora_webcams/theora_webcams/msg/detail/status__type_support.cpp
[79.620s] -- Installing: /home/urc/new_GUI/install/theora_webcams/include/theora_webcams/theora_webcams/msg/detail/framerate__type_support.cpp
[79.620s] -- Installing: /home/urc/new_GUI/install/theora_webcams/include/theora_webcams/theora_webcams/msg/detail/video_format_list__type_support.cpp
[79.623s] -- Up-to-date: /home/urc/new_GUI/install/theora_webcams/include/theora_webcams/theora_webcams/srv
[79.624s] -- Up-to-date: /home/urc/new_GUI/install/theora_webcams/include/theora_webcams/theora_webcams/srv/detail
[79.624s] -- Installing: /home/urc/new_GUI/install/theora_webcams/include/theora_webcams/theora_webcams/srv/detail/get_resolutions__rosidl_typesupport_introspection_cpp.hpp
[79.624s] -- Installing: /home/urc/new_GUI/install/theora_webcams/include/theora_webcams/theora_webcams/srv/detail/get_exposure_bounds__rosidl_typesupport_introspection_cpp.hpp
[79.625s] -- Installing: /home/urc/new_GUI/install/theora_webcams/include/theora_webcams/theora_webcams/srv/detail/change_video__type_support.cpp
[79.625s] -- Installing: /home/urc/new_GUI/install/theora_webcams/include/theora_webcams/theora_webcams/srv/detail/get_resolutions__type_support.cpp
[79.625s] -- Installing: /home/urc/new_GUI/install/theora_webcams/include/theora_webcams/theora_webcams/srv/detail/get_exposure_bounds__type_support.cpp
[79.626s] -- Installing: /home/urc/new_GUI/install/theora_webcams/include/theora_webcams/theora_webcams/srv/detail/set_exposure__rosidl_typesupport_introspection_cpp.hpp
[79.626s] -- Installing: /home/urc/new_GUI/install/theora_webcams/include/theora_webcams/theora_webcams/srv/detail/change_video__rosidl_typesupport_introspection_cpp.hpp
[79.626s] -- Installing: /home/urc/new_GUI/install/theora_webcams/include/theora_webcams/theora_webcams/srv/detail/set_exposure__type_support.cpp
[79.627s] -- Installing: /home/urc/new_GUI/install/theora_webcams/lib/libtheora_webcams__rosidl_typesupport_introspection_cpp.so
[79.628s] -- Set runtime path of "/home/urc/new_GUI/install/theora_webcams/lib/libtheora_webcams__rosidl_typesupport_introspection_cpp.so" to ""
[79.628s] -- Installing: /home/urc/new_GUI/install/theora_webcams/lib/libtheora_webcams__rosidl_typesupport_cpp.so
[79.629s] -- Set runtime path of "/home/urc/new_GUI/install/theora_webcams/lib/libtheora_webcams__rosidl_typesupport_cpp.so" to ""
[79.629s] -- Installing: /home/urc/new_GUI/install/theora_webcams/share/theora_webcams/environment/pythonpath.sh
[79.630s] -- Installing: /home/urc/new_GUI/install/theora_webcams/share/theora_webcams/environment/pythonpath.dsv
[79.631s] -- Installing: /home/urc/new_GUI/install/theora_webcams/local/lib/python3.10/dist-packages/theora_webcams-0.0.0-py3.10.egg-info
[79.631s] -- Installing: /home/urc/new_GUI/install/theora_webcams/local/lib/python3.10/dist-packages/theora_webcams-0.0.0-py3.10.egg-info/PKG-INFO
[79.632s] -- Installing: /home/urc/new_GUI/install/theora_webcams/local/lib/python3.10/dist-packages/theora_webcams-0.0.0-py3.10.egg-info/dependency_links.txt
[79.632s] -- Installing: /home/urc/new_GUI/install/theora_webcams/local/lib/python3.10/dist-packages/theora_webcams-0.0.0-py3.10.egg-info/top_level.txt
[79.632s] -- Installing: /home/urc/new_GUI/install/theora_webcams/local/lib/python3.10/dist-packages/theora_webcams-0.0.0-py3.10.egg-info/SOURCES.txt
[79.633s] -- Installing: /home/urc/new_GUI/install/theora_webcams/local/lib/python3.10/dist-packages/theora_webcams
[79.633s] -- Installing: /home/urc/new_GUI/install/theora_webcams/local/lib/python3.10/dist-packages/theora_webcams/_theora_webcams_s.ep.rosidl_typesupport_fastrtps_c.c
[79.633s] -- Installing: /home/urc/new_GUI/install/theora_webcams/local/lib/python3.10/dist-packages/theora_webcams/msg
[79.634s] -- Installing: /home/urc/new_GUI/install/theora_webcams/local/lib/python3.10/dist-packages/theora_webcams/msg/_resolution.py
[79.634s] -- Installing: /home/urc/new_GUI/install/theora_webcams/local/lib/python3.10/dist-packages/theora_webcams/msg/_resolution_s.c
[79.634s] -- Installing: /home/urc/new_GUI/install/theora_webcams/local/lib/python3.10/dist-packages/theora_webcams/msg/_status.py
[79.635s] -- Installing: /home/urc/new_GUI/install/theora_webcams/local/lib/python3.10/dist-packages/theora_webcams/msg/_video_format_s.c
[79.636s] -- Installing: /home/urc/new_GUI/install/theora_webcams/local/lib/python3.10/dist-packages/theora_webcams/msg/__init__.py
[79.637s] -- Installing: /home/urc/new_GUI/install/theora_webcams/local/lib/python3.10/dist-packages/theora_webcams/msg/_video_format_list.py
[79.637s] -- Installing: /home/urc/new_GUI/install/theora_webcams/local/lib/python3.10/dist-packages/theora_webcams/msg/_video_format.py
[79.638s] -- Installing: /home/urc/new_GUI/install/theora_webcams/local/lib/python3.10/dist-packages/theora_webcams/msg/_framerate_s.c
[79.638s] -- Installing: /home/urc/new_GUI/install/theora_webcams/local/lib/python3.10/dist-packages/theora_webcams/msg/_status_s.c
[79.638s] -- Installing: /home/urc/new_GUI/install/theora_webcams/local/lib/python3.10/dist-packages/theora_webcams/msg/_video_format_list_s.c
[79.639s] -- Installing: /home/urc/new_GUI/install/theora_webcams/local/lib/python3.10/dist-packages/theora_webcams/msg/_framerate.py
[79.639s] -- Installing: /home/urc/new_GUI/install/theora_webcams/local/lib/python3.10/dist-packages/theora_webcams/theora_webcams_s__rosidl_typesupport_c.cpython-310-x86_64-linux-gnu.so
[79.640s] -- Installing: /home/urc/new_GUI/install/theora_webcams/local/lib/python3.10/dist-packages/theora_webcams/__init__.py
[79.640s] -- Installing: /home/urc/new_GUI/install/theora_webcams/local/lib/python3.10/dist-packages/theora_webcams/_theora_webcams_s.ep.rosidl_typesupport_c.c
[79.641s] -- Installing: /home/urc/new_GUI/install/theora_webcams/local/lib/python3.10/dist-packages/theora_webcams/libtheora_webcams__rosidl_generator_py.so
[79.641s] -- Installing: /home/urc/new_GUI/install/theora_webcams/local/lib/python3.10/dist-packages/theora_webcams/theora_webcams_s__rosidl_typesupport_fastrtps_c.cpython-310-x86_64-linux-gnu.so
[79.642s] -- Installing: /home/urc/new_GUI/install/theora_webcams/local/lib/python3.10/dist-packages/theora_webcams/srv
[79.642s] -- Installing: /home/urc/new_GUI/install/theora_webcams/local/lib/python3.10/dist-packages/theora_webcams/srv/_get_exposure_bounds.py
[79.643s] -- Installing: /home/urc/new_GUI/install/theora_webcams/local/lib/python3.10/dist-packages/theora_webcams/srv/_get_exposure_bounds_s.c
[79.643s] -- Installing: /home/urc/new_GUI/install/theora_webcams/local/lib/python3.10/dist-packages/theora_webcams/srv/_change_video_s.c
[79.644s] -- Installing: /home/urc/new_GUI/install/theora_webcams/local/lib/python3.10/dist-packages/theora_webcams/srv/_set_exposure.py
[79.644s] -- Installing: /home/urc/new_GUI/install/theora_webcams/local/lib/python3.10/dist-packages/theora_webcams/srv/_get_resolutions.py
[79.645s] -- Installing: /home/urc/new_GUI/install/theora_webcams/local/lib/python3.10/dist-packages/theora_webcams/srv/_change_video.py
[79.645s] -- Installing: /home/urc/new_GUI/install/theora_webcams/local/lib/python3.10/dist-packages/theora_webcams/srv/_get_resolutions_s.c
[79.646s] -- Installing: /home/urc/new_GUI/install/theora_webcams/local/lib/python3.10/dist-packages/theora_webcams/srv/__init__.py
[79.646s] -- Installing: /home/urc/new_GUI/install/theora_webcams/local/lib/python3.10/dist-packages/theora_webcams/srv/_set_exposure_s.c
[79.646s] -- Installing: /home/urc/new_GUI/install/theora_webcams/local/lib/python3.10/dist-packages/theora_webcams/_theora_webcams_s.ep.rosidl_typesupport_introspection_c.c
[79.647s] -- Installing: /home/urc/new_GUI/install/theora_webcams/local/lib/python3.10/dist-packages/theora_webcams/theora_webcams_s__rosidl_typesupport_introspection_c.cpython-310-x86_64-linux-gnu.so
[79.709s] Listing '/home/urc/new_GUI/install/theora_webcams/local/lib/python3.10/dist-packages/theora_webcams'...
[79.710s] Compiling '/home/urc/new_GUI/install/theora_webcams/local/lib/python3.10/dist-packages/theora_webcams/__init__.py'...
[79.710s] Listing '/home/urc/new_GUI/install/theora_webcams/local/lib/python3.10/dist-packages/theora_webcams/msg'...
[79.710s] Compiling '/home/urc/new_GUI/install/theora_webcams/local/lib/python3.10/dist-packages/theora_webcams/msg/__init__.py'...
[79.710s] Compiling '/home/urc/new_GUI/install/theora_webcams/local/lib/python3.10/dist-packages/theora_webcams/msg/_framerate.py'...
[79.710s] Compiling '/home/urc/new_GUI/install/theora_webcams/local/lib/python3.10/dist-packages/theora_webcams/msg/_resolution.py'...
[79.710s] Compiling '/home/urc/new_GUI/install/theora_webcams/local/lib/python3.10/dist-packages/theora_webcams/msg/_status.py'...
[79.710s] Compiling '/home/urc/new_GUI/install/theora_webcams/local/lib/python3.10/dist-packages/theora_webcams/msg/_video_format.py'...
[79.710s] Compiling '/home/urc/new_GUI/install/theora_webcams/local/lib/python3.10/dist-packages/theora_webcams/msg/_video_format_list.py'...
[79.710s] Listing '/home/urc/new_GUI/install/theora_webcams/local/lib/python3.10/dist-packages/theora_webcams/srv'...
[79.711s] Compiling '/home/urc/new_GUI/install/theora_webcams/local/lib/python3.10/dist-packages/theora_webcams/srv/__init__.py'...
[79.711s] Compiling '/home/urc/new_GUI/install/theora_webcams/local/lib/python3.10/dist-packages/theora_webcams/srv/_change_video.py'...
[79.711s] Compiling '/home/urc/new_GUI/install/theora_webcams/local/lib/python3.10/dist-packages/theora_webcams/srv/_get_exposure_bounds.py'...
[79.711s] Compiling '/home/urc/new_GUI/install/theora_webcams/local/lib/python3.10/dist-packages/theora_webcams/srv/_get_resolutions.py'...
[79.711s] Compiling '/home/urc/new_GUI/install/theora_webcams/local/lib/python3.10/dist-packages/theora_webcams/srv/_set_exposure.py'...
[79.718s] -- Installing: /home/urc/new_GUI/install/theora_webcams/local/lib/python3.10/dist-packages/theora_webcams/theora_webcams_s__rosidl_typesupport_fastrtps_c.cpython-310-x86_64-linux-gnu.so
[79.719s] -- Set runtime path of "/home/urc/new_GUI/install/theora_webcams/local/lib/python3.10/dist-packages/theora_webcams/theora_webcams_s__rosidl_typesupport_fastrtps_c.cpython-310-x86_64-linux-gnu.so" to ""
[79.720s] -- Installing: /home/urc/new_GUI/install/theora_webcams/local/lib/python3.10/dist-packages/theora_webcams/theora_webcams_s__rosidl_typesupport_introspection_c.cpython-310-x86_64-linux-gnu.so
[79.722s] -- Set runtime path of "/home/urc/new_GUI/install/theora_webcams/local/lib/python3.10/dist-packages/theora_webcams/theora_webcams_s__rosidl_typesupport_introspection_c.cpython-310-x86_64-linux-gnu.so" to ""
[79.723s] -- Installing: /home/urc/new_GUI/install/theora_webcams/local/lib/python3.10/dist-packages/theora_webcams/theora_webcams_s__rosidl_typesupport_c.cpython-310-x86_64-linux-gnu.so
[79.723s] -- Set runtime path of "/home/urc/new_GUI/install/theora_webcams/local/lib/python3.10/dist-packages/theora_webcams/theora_webcams_s__rosidl_typesupport_c.cpython-310-x86_64-linux-gnu.so" to ""
[79.724s] -- Installing: /home/urc/new_GUI/install/theora_webcams/lib/libtheora_webcams__rosidl_generator_py.so
[79.725s] -- Set runtime path of "/home/urc/new_GUI/install/theora_webcams/lib/libtheora_webcams__rosidl_generator_py.so" to ""
[79.725s] -- Installing: /home/urc/new_GUI/install/theora_webcams/share/theora_webcams/msg/Framerate.idl
[79.725s] -- Installing: /home/urc/new_GUI/install/theora_webcams/share/theora_webcams/msg/Resolution.idl
[79.726s] -- Installing: /home/urc/new_GUI/install/theora_webcams/share/theora_webcams/msg/Status.idl
[79.726s] -- Installing: /home/urc/new_GUI/install/theora_webcams/share/theora_webcams/msg/VideoFormat.idl
[79.726s] -- Installing: /home/urc/new_GUI/install/theora_webcams/share/theora_webcams/msg/VideoFormatList.idl
[79.727s] -- Installing: /home/urc/new_GUI/install/theora_webcams/share/theora_webcams/srv/ChangeVideo.idl
[79.727s] -- Installing: /home/urc/new_GUI/install/theora_webcams/share/theora_webcams/srv/GetExposureBounds.idl
[79.728s] -- Installing: /home/urc/new_GUI/install/theora_webcams/share/theora_webcams/srv/GetResolutions.idl
[79.728s] -- Installing: /home/urc/new_GUI/install/theora_webcams/share/theora_webcams/srv/SetExposure.idl
[79.729s] -- Installing: /home/urc/new_GUI/install/theora_webcams/share/theora_webcams/msg/Framerate.msg
[79.729s] -- Installing: /home/urc/new_GUI/install/theora_webcams/share/theora_webcams/msg/Resolution.msg
[79.729s] -- Installing: /home/urc/new_GUI/install/theora_webcams/share/theora_webcams/msg/Status.msg
[79.730s] -- Installing: /home/urc/new_GUI/install/theora_webcams/share/theora_webcams/msg/VideoFormat.msg
[79.730s] -- Installing: /home/urc/new_GUI/install/theora_webcams/share/theora_webcams/msg/VideoFormatList.msg
[79.730s] -- Installing: /home/urc/new_GUI/install/theora_webcams/share/theora_webcams/srv/ChangeVideo.srv
[79.732s] -- Installing: /home/urc/new_GUI/install/theora_webcams/share/theora_webcams/srv/ChangeVideo_Request.msg
[79.736s] -- Installing: /home/urc/new_GUI/install/theora_webcams/share/theora_webcams/srv/ChangeVideo_Response.msg
[79.737s] -- Installing: /home/urc/new_GUI/install/theora_webcams/share/theora_webcams/srv/GetExposureBounds.srv
[79.738s] -- Installing: /home/urc/new_GUI/install/theora_webcams/share/theora_webcams/srv/GetExposureBounds_Request.msg
[79.738s] -- Installing: /home/urc/new_GUI/install/theora_webcams/share/theora_webcams/srv/GetExposureBounds_Response.msg
[79.739s] -- Installing: /home/urc/new_GUI/install/theora_webcams/share/theora_webcams/srv/GetResolutions.srv
[79.739s] -- Installing: /home/urc/new_GUI/install/theora_webcams/share/theora_webcams/srv/GetResolutions_Request.msg
[79.740s] -- Installing: /home/urc/new_GUI/install/theora_webcams/share/theora_webcams/srv/GetResolutions_Response.msg
[79.744s] -- Installing: /home/urc/new_GUI/install/theora_webcams/share/theora_webcams/srv/SetExposure.srv
[79.744s] -- Installing: /home/urc/new_GUI/install/theora_webcams/share/theora_webcams/srv/SetExposure_Request.msg
[79.745s] -- Installing: /home/urc/new_GUI/install/theora_webcams/share/theora_webcams/srv/SetExposure_Response.msg
[79.746s] -- Installing: /home/urc/new_GUI/install/theora_webcams/share/ament_index/resource_index/package_run_dependencies/theora_webcams
[79.747s] -- Installing: /home/urc/new_GUI/install/theora_webcams/share/ament_index/resource_index/parent_prefix_path/theora_webcams
[79.747s] -- Installing: /home/urc/new_GUI/install/theora_webcams/share/theora_webcams/environment/ament_prefix_path.sh
[79.748s] -- Installing: /home/urc/new_GUI/install/theora_webcams/share/theora_webcams/environment/ament_prefix_path.dsv
[79.748s] -- Installing: /home/urc/new_GUI/install/theora_webcams/share/theora_webcams/environment/path.sh
[79.749s] -- Installing: /home/urc/new_GUI/install/theora_webcams/share/theora_webcams/environment/path.dsv
[79.750s] -- Installing: /home/urc/new_GUI/install/theora_webcams/share/theora_webcams/local_setup.bash
[79.750s] -- Installing: /home/urc/new_GUI/install/theora_webcams/share/theora_webcams/local_setup.sh
[79.751s] -- Installing: /home/urc/new_GUI/install/theora_webcams/share/theora_webcams/local_setup.zsh
[79.752s] -- Installing: /home/urc/new_GUI/install/theora_webcams/share/theora_webcams/local_setup.dsv
[79.752s] -- Installing: /home/urc/new_GUI/install/theora_webcams/share/theora_webcams/package.dsv
[79.753s] -- Installing: /home/urc/new_GUI/install/theora_webcams/share/ament_index/resource_index/packages/theora_webcams
[79.754s] -- Installing: /home/urc/new_GUI/install/theora_webcams/share/theora_webcams/cmake/export_theora_webcams__rosidl_generator_cExport.cmake
[79.755s] -- Installing: /home/urc/new_GUI/install/theora_webcams/share/theora_webcams/cmake/export_theora_webcams__rosidl_generator_cExport-noconfig.cmake
[79.755s] -- Installing: /home/urc/new_GUI/install/theora_webcams/share/theora_webcams/cmake/export_theora_webcams__rosidl_typesupport_fastrtps_cExport.cmake
[79.760s] -- Installing: /home/urc/new_GUI/install/theora_webcams/share/theora_webcams/cmake/export_theora_webcams__rosidl_typesupport_fastrtps_cExport-noconfig.cmake
[79.761s] -- Installing: /home/urc/new_GUI/install/theora_webcams/share/theora_webcams/cmake/theora_webcams__rosidl_typesupport_introspection_cExport.cmake
[79.762s] -- Installing: /home/urc/new_GUI/install/theora_webcams/share/theora_webcams/cmake/theora_webcams__rosidl_typesupport_introspection_cExport-noconfig.cmake
[79.762s] -- Installing: /home/urc/new_GUI/install/theora_webcams/share/theora_webcams/cmake/theora_webcams__rosidl_typesupport_cExport.cmake
[79.763s] -- Installing: /home/urc/new_GUI/install/theora_webcams/share/theora_webcams/cmake/theora_webcams__rosidl_typesupport_cExport-noconfig.cmake
[79.764s] -- Installing: /home/urc/new_GUI/install/theora_webcams/share/theora_webcams/cmake/export_theora_webcams__rosidl_generator_cppExport.cmake
[79.764s] -- Installing: /home/urc/new_GUI/install/theora_webcams/share/theora_webcams/cmake/export_theora_webcams__rosidl_typesupport_fastrtps_cppExport.cmake
[79.765s] -- Installing: /home/urc/new_GUI/install/theora_webcams/share/theora_webcams/cmake/export_theora_webcams__rosidl_typesupport_fastrtps_cppExport-noconfig.cmake
[79.766s] -- Installing: /home/urc/new_GUI/install/theora_webcams/share/theora_webcams/cmake/theora_webcams__rosidl_typesupport_introspection_cppExport.cmake
[79.767s] -- Installing: /home/urc/new_GUI/install/theora_webcams/share/theora_webcams/cmake/theora_webcams__rosidl_typesupport_introspection_cppExport-noconfig.cmake
[79.767s] -- Installing: /home/urc/new_GUI/install/theora_webcams/share/theora_webcams/cmake/theora_webcams__rosidl_typesupport_cppExport.cmake
[79.768s] -- Installing: /home/urc/new_GUI/install/theora_webcams/share/theora_webcams/cmake/theora_webcams__rosidl_typesupport_cppExport-noconfig.cmake
[79.769s] -- Installing: /home/urc/new_GUI/install/theora_webcams/share/theora_webcams/cmake/export_theora_webcams__rosidl_generator_pyExport.cmake
[79.769s] -- Installing: /home/urc/new_GUI/install/theora_webcams/share/theora_webcams/cmake/export_theora_webcams__rosidl_generator_pyExport-noconfig.cmake
[79.770s] -- Installing: /home/urc/new_GUI/install/theora_webcams/share/theora_webcams/cmake/rosidl_cmake-extras.cmake
[79.771s] -- Installing: /home/urc/new_GUI/install/theora_webcams/share/theora_webcams/cmake/ament_cmake_export_dependencies-extras.cmake
[79.772s] -- Installing: /home/urc/new_GUI/install/theora_webcams/share/theora_webcams/cmake/ament_cmake_export_include_directories-extras.cmake
[79.774s] -- Installing: /home/urc/new_GUI/install/theora_webcams/share/theora_webcams/cmake/ament_cmake_export_libraries-extras.cmake
[79.775s] -- Installing: /home/urc/new_GUI/install/theora_webcams/share/theora_webcams/cmake/ament_cmake_export_targets-extras.cmake
[79.776s] -- Installing: /home/urc/new_GUI/install/theora_webcams/share/theora_webcams/cmake/rosidl_cmake_export_typesupport_targets-extras.cmake
[79.777s] -- Installing: /home/urc/new_GUI/install/theora_webcams/share/theora_webcams/cmake/rosidl_cmake_export_typesupport_libraries-extras.cmake
[79.777s] -- Installing: /home/urc/new_GUI/install/theora_webcams/share/theora_webcams/cmake/theora_webcamsConfig.cmake
[79.778s] -- Installing: /home/urc/new_GUI/install/theora_webcams/share/theora_webcams/cmake/theora_webcamsConfig-version.cmake
[79.779s] -- Installing: /home/urc/new_GUI/install/theora_webcams/share/theora_webcams/package.xml
[79.788s] Invoked command in '/home/urc/new_GUI/build/theora_webcams' returned '0': CMAKE_PREFIX_PATH=/opt/ros/humble /usr/bin/cmake --install /home/urc/new_GUI/build/theora_webcams
