[0.000000] (-) TimerEvent: {}
[0.000136] (-) JobUnselected: {'identifier': 'aruco_finder'}
[0.000206] (-) JobUnselected: {'identifier': 'hockey_stick_arm'}
[0.000239] (-) JobUnselected: {'identifier': 'marker_interfacing'}
[0.000269] (-) JobUnselected: {'identifier': 'ocean_optics_spectrometer'}
[0.000298] (-) JobUnselected: {'identifier': 'rover_gui_lib'}
[0.000327] (-) JobUnselected: {'identifier': 'science_servo_control'}
[0.000355] (-) JobUnselected: {'identifier': 'theora_webcams'}
[0.000382] (-) JobUnselected: {'identifier': 'urc_gui_lib'}
[0.000413] (gui_window) JobQueued: {'identifier': 'gui_window', 'dependencies': OrderedDict([('aruco_finder', '/home/urc/new-GUI/install/aruco_finder'), ('marker_interfacing', '/home/urc/new-GUI/install/marker_interfacing'), ('theora_webcams', '/home/urc/new-GUI/install/theora_webcams')])}
[0.000860] (gui_window) JobStarted: {'identifier': 'gui_window'}
[0.129098] (-) TimerEvent: {}
[0.236058] (-) TimerEvent: {}
[0.352387] (-) TimerEvent: {}
[0.455369] (-) TimerEvent: {}
[0.571056] (-) TimerEvent: {}
[0.674190] (-) TimerEvent: {}
[0.784940] (-) TimerEvent: {}
[0.887928] (-) TimerEvent: {}
[0.996773] (-) TimerEvent: {}
[1.102745] (-) TimerEvent: {}
[1.204439] (-) TimerEvent: {}
[1.306862] (-) TimerEvent: {}
[1.403305] (gui_window) Command: {'cmd': ['/usr/bin/python3', 'setup.py', 'egg_info', '--egg-base', '../../build/gui_window', 'build', '--build-base', '/home/urc/new-GUI/build/gui_window/build', 'install', '--record', '/home/urc/new-GUI/build/gui_window/install.log', '--single-version-externally-managed'], 'cwd': '/home/urc/new-GUI/src/gui_window', 'env': {'LESSOPEN': '| /usr/bin/lesspipe %s', 'USER': 'urc', 'ROS_PACKAGE_PATH': '/home/urc/new-GUI/install/rover_gui_lib/share:/home/urc/new-GUI/install/urc_gui_lib/share', 'XDG_SESSION_TYPE': 'wayland', 'SHLVL': '1', 'LD_LIBRARY_PATH': '/home/urc/new-GUI/install/theora_webcams/lib:/home/urc/new-GUI/install/marker_interfacing/lib:/home/urc/new-GUI/install/aruco_finder/lib:/home/urc/new-GUI/install/rover_gui_lib/lib:/opt/ros/humble/opt/rviz_ogre_vendor/lib:/opt/ros/humble/lib/x86_64-linux-gnu:/opt/ros/humble/lib', 'HOME': '/home/urc', 'OLDPWD': '/home/urc', 'DESKTOP_SESSION': 'ubuntu', 'ROS_PYTHON_VERSION': '3', 'GNOME_SHELL_SESSION_MODE': 'ubuntu', 'GTK_MODULES': 'gail:atk-bridge', 'SYSTEMD_EXEC_PID': '1659', 'DBUS_SESSION_BUS_ADDRESS': 'unix:path=/run/user/1000/bus', 'COLORTERM': 'truecolor', '_colcon_cd_root': '/opt/ros/humble/', 'IM_CONFIG_PHASE': '1', 'WAYLAND_DISPLAY': 'wayland-0', 'COLCON_PREFIX_PATH': '/home/urc/new-GUI/install', 'ROS_DISTRO': 'humble', 'LOGNAME': 'urc', '_': '/usr/bin/colcon', 'ROS_VERSION': '2', 'PKG_CONFIG_PATH': '/home/urc/new-GUI/install/rover_gui_lib/lib/x86_64-linux-gnu/pkgconfig:/home/urc/new-GUI/install/rover_gui_lib/lib/pkgconfig:/home/urc/new-GUI/install/urc_gui_lib/lib/x86_64-linux-gnu/pkgconfig:/home/urc/new-GUI/install/urc_gui_lib/lib/pkgconfig', 'XDG_SESSION_CLASS': 'user', 'USERNAME': 'urc', 'TERM': 'xterm-256color', 'GNOME_DESKTOP_SESSION_ID': 'this-is-deprecated', 'ROS_LOCALHOST_ONLY': '0', 'PATH': '/opt/ros/humble/bin:/home/urc/.local/bin:/usr/local/sbin:/usr/local/bin:/usr/sbin:/usr/bin:/sbin:/bin:/usr/games:/usr/local/games:/snap/bin:/snap/bin', 'SESSION_MANAGER': 'local/URC:@/tmp/.ICE-unix/1633,unix/URC:/tmp/.ICE-unix/1633', 'XDG_MENU_PREFIX': 'gnome-', 'GNOME_TERMINAL_SCREEN': '/org/gnome/Terminal/screen/15d80762_8b2b_464d_b6e0_9758191b5654', 'GNOME_SETUP_DISPLAY': ':1', 'XDG_RUNTIME_DIR': '/run/user/1000', 'DISPLAY': ':0', 'LANG': 'en_US.UTF-8', 'XDG_CURRENT_DESKTOP': 'ubuntu:GNOME', 'XMODIFIERS': '@im=ibus', 'XDG_SESSION_DESKTOP': 'ubuntu', 'XAUTHORITY': '/run/user/1000/.mutter-Xwaylandauth.Z7EYD2', 'LS_COLORS': 'rs=0:di=01;34:ln=01;36:mh=00:pi=40;33:so=01;35:do=01;35:bd=40;33;01:cd=40;33;01:or=40;31;01:mi=00:su=37;41:sg=30;43:ca=30;41:tw=30;42:ow=34;42:st=37;44:ex=01;32:*.tar=01;31:*.tgz=01;31:*.arc=01;31:*.arj=01;31:*.taz=01;31:*.lha=01;31:*.lz4=01;31:*.lzh=01;31:*.lzma=01;31:*.tlz=01;31:*.txz=01;31:*.tzo=01;31:*.t7z=01;31:*.zip=01;31:*.z=01;31:*.dz=01;31:*.gz=01;31:*.lrz=01;31:*.lz