[1.417s] Invoking command in '/home/urc/new-GUI/src/gui_window': CMAKE_PREFIX_PATH=/home/urc/new-GUI/install/theora_webcams:/home/urc/new-GUI/install/marker_interfacing:/home/urc/new-GUI/install/aruco_finder:/home/urc/new-GUI/install/rover_gui_lib:/home/urc/new-GUI/install/urc_gui_lib:/home/urc/new-GUI/install/science_servo_control:/home/urc/new-GUI/install/ocean_optics_spectrometer:/home/urc/new-GUI/install/hockey_stick_arm LD_LIBRARY_PATH=/home/urc/new-GUI/install/theora_webcams/lib:/home/urc/new-GUI/install/marker_interfacing/lib:/home/urc/new-GUI/install/aruco_finder/lib:/home/urc/new-GUI/install/rover_gui_lib/lib:/home/urc/new-GUI/install/science_servo_control/lib:/home/urc/new-GUI/install/ocean_optics_spectrometer/lib:/home/urc/new-GUI/install/hockey_stick_arm/lib:/opt/ros/humble/opt/rviz_ogre_vendor/lib:/opt/ros/humble/lib/x86_64-linux-gnu:/opt/ros/humble/lib PYTHONPATH=/home/urc/new-GUI/build/gui_window/prefix_override:/home/urc/new-GUI/install/gui_window/lib/python3.10/site-packages:${PYTHONPATH} /usr/bin/python3 setup.py egg_info --egg-base ../../build/gui_window build --build-base /home/urc/new-GUI/build/gui_window/build install --record /home/urc/new-GUI/build/gui_window/install.log --single-version-externally-managed
[1.891s] running egg_info
[1.893s] writing ../../build/gui_window/gui_window.egg-info/PKG-INFO
[1.894s] writing dependency_links to ../../build/gui_window/gui_window.egg-info/dependency_links.txt
[1.894s] writing entry points to ../../build/gui_window/gui_window.egg-info/entry_points.txt
[1.894s] writing requirements to ../../build/gui_window/gui_window.egg-info/requires.txt
[1.895s] writing top-level names to ../../build/gui_window/gui_window.egg-info/top_level.txt
[1.900s] reading manifest file '../../build/gui_window/gui_window.egg-info/SOURCES.txt'
[1.904s] writing manifest file '../../build/gui_window/gui_window.egg-info/SOURCES.txt'
[1.904s] running build
[1.904s] running build_py
[1.913s] running install
[1.913s] running install_lib
[1.920s] running install_data
[1.921s] running install_egg_info
[1.923s] removing '/home/urc/new-GUI/install/gui_window/lib/python3.10/site-packages/gui_window-0.0.0-py3.10.egg-info' (and everything under it)
[1.923s] Copying ../../build/gui_window/gui_window.egg-info to /home/urc/new-GUI/install/gui_window/lib/python3.10/site-packages/gui_window-0.0.0-py3.10.egg-info
[1.925s] running install_scripts
[1.959s] Installing gui script to /home/urc/new-GUI/install/gui_window/lib/gui_window
[1.964s] writing list of installed files to '/home/urc/new-GUI/build/gui_window/install.log'
[2.007s] Invoked command in '/home/urc/new-GUI/src/gui_window' returned '0': CMAKE_PREFIX_PATH=/home/urc/new-GUI/install/theora_webcams:/home/urc/new-GUI/install/marker_interfacing:/home/urc/new-GUI/install/aruco_finder:/home/urc/new-GUI/install/rover_gui_lib:/home/urc/new-GUI/install/urc_gui_lib:/home/urc/new-GUI/install/science_servo_control:/home/urc/new-GUI/install/ocean_optics_spectrometer:/home/urc/new-GUI/install/hockey_stick_arm LD_LIBRARY_PATH=/home/urc/new-GUI/install/theora_webcams/lib:/home/urc/new-GUI/install/marker_interfacing/lib:/home/urc/new-GUI/install/aruco_finder/lib:/home/urc/new-GUI/install/rover_gui_lib/lib:/home/urc/new-GUI/install/science_servo_control/lib:/home/urc/new-GUI/install/ocean_optics_spectrometer/lib:/home/urc/new-GUI/install/hockey_stick_arm/lib:/opt/ros/humble/opt/rviz_ogre_vendor/lib:/opt/ros/humble/lib/x86_64-linux-gnu:/opt/ros/humble/lib PYTHONPATH=/home/urc/new-GUI/build/gui_window/prefix_override:/home/urc/new-GUI/install/gui_window/lib/python3.10/site-packages:${PYTHONPATH} /usr/bin/python3 setup.py egg_info --egg-base ../../build/gui_window build --build-base /home/urc/new-GUI/build/gui_window/build install --record /home/urc/new-GUI/build/gui_window/install.log --single-version-externally-managed
