[1.294s] Invoking command in '/home/urc/new-GUI/src/gui_window': PYTHONPATH=/home/urc/new-GUI/build/gui_window/prefix_override:/home/urc/new-GUI/install/gui_window/lib/python3.10/site-packages:${PYTHONPATH} /usr/bin/python3 setup.py egg_info --egg-base ../../build/gui_window build --build-base /home/urc/new-GUI/build/gui_window/build install --record /home/urc/new-GUI/build/gui_window/install.log --single-version-externally-managed
[1.712s] running egg_info
[1.713s] writing ../../build/gui_window/gui_window.egg-info/PKG-INFO
[1.713s] writing dependency_links to ../../build/gui_window/gui_window.egg-info/dependency_links.txt
[1.713s] writing entry points to ../../build/gui_window/gui_window.egg-info/entry_points.txt
[1.713s] writing requirements to ../../build/gui_window/gui_window.egg-info/requires.txt
[1.714s] writing top-level names to ../../build/gui_window/gui_window.egg-info/top_level.txt
[1.716s] reading manifest file '../../build/gui_window/gui_window.egg-info/SOURCES.txt'
[1.719s] writing manifest file '../../build/gui_window/gui_window.egg-info/SOURCES.txt'
[1.719s] running build
[1.719s] running build_py
[1.719s] creating /home/urc/new-GUI/build/gui_window/build/lib/gui_window/ui_python
[1.719s] copying gui_window/ui_python/__init__.py -> /home/urc/new-GUI/build/gui_window/build/lib/gui_window/ui_python
[1.719s] copying gui_window/ui_python/science_tab.py -> /home/urc/new-GUI/build/gui_window/build/lib/gui_window/ui_python
[1.720s] copying gui_window/ui_python/current_display.py -> /home/urc/new-GUI/build/gui_window/build/lib/gui_window/ui_python
[1.720s] copying gui_window/ui_python/wanderer_controls_tab.py -> /home/urc/new-GUI/build/gui_window/build/lib/gui_window/ui_python
[1.720s] running install
[1.721s] running install_lib
[1.724s] creating /home/urc/new-GUI/install/gui_window/lib/python3.10/site-packages/gui_window/ui_python
[1.725s] copying /home/urc/new-GUI/build/gui_window/build/lib/gui_window/ui_python/__init__.py -> /home/urc/new-GUI/install/gui_window/lib/python3.10/site-packages/gui_window/ui_python
[1.725s] copying /home/urc/new-GUI/build/gui_window/build/lib/gui_window/ui_python/science_tab.py -> /home/urc/new-GUI/install/gui_window/lib/python3.10/site-packages/gui_window/ui_python
[1.725s] copying /home/urc/new-GUI/build/gui_window/build/lib/gui_window/ui_python/current_display.py -> /home/urc/new-GUI/install/gui_window/lib/python3.10/site-packages/gui_window/ui_python
[1.725s] copying /home/urc/new-GUI/build/gui_window/build/lib/gui_window/ui_python/wanderer_controls_tab.py -> /home/urc/new-GUI/install/gui_window/lib/python3.10/site-packages/gui_window/ui_python
[1.726s] byte-compiling /home/urc/new-GUI/install/gui_window/lib/python3.10/site-packages/gui_window/ui_python/__init__.py to __init__.cpython-310.pyc
[1.727s] byte-compiling /home/urc/new-GUI/install/gui_window/lib/python3.10/site-packages/gui_window/ui_python/science_tab.py to science_tab.cpython-310.pyc
[1.732s] byte-compiling /home/urc/new-GUI/install/gui_window/lib/python3.10/site-packages/gui_window/ui_python/current_display.py to current_display.cpython-310.pyc
[1.733s] byte-compiling /home/urc/new-GUI/install/gui_window/lib/python3.10/site-packages/gui_window/ui_python/wanderer_controls_tab.py to wanderer_controls_tab.cpython-310.pyc
[1.734s] running install_data
[1.735s] running install_egg_info
[1.737s] removing '/home/urc/new-GUI/install/gui_window/lib/python3.10/site-packages/gui_window-0.0.0-py3.10.egg-info' (and everything under it)
[1.737s] Copying ../../build/gui_window/gui_window.egg-info to /home/urc/new-GUI/install/gui_window/lib/python3.10/site-packages/gui_window-0.0.0-py3.10.egg-info
[1.738s] running install_scripts
[1.769s] Installing gui script to /home/urc/new-GUI/install/gui_window/lib/gui_window
[1.770s] writing list of installed files to '/home/urc/new-GUI/build/gui_window/install.log'
[1.804s] Invoked command in '/home/urc/new-GUI/src/gui_window' returned '0': PYTHONPATH=/home/urc/new-GUI/build/gui_window/prefix_override:/home/urc/new-GUI/install/gui_window/lib/python3.10/site-packages:${PYTHONPATH} /usr/bin/python3 setup.py egg_info --egg-base ../../build/gui_window build --build-base /home/urc/new-GUI/build/gui_window/build install --record /home/urc/new-GUI/build/gui_window/install.log --single-version-externally-managed
