[0.716s] Invoking command in '/home/urc/new_GUI/build/science_servo_control': CMAKE_PREFIX_PATH=/home/urc/test_ws/install/turtle_test:/home/urc/test_ws/install/roslink_test:/home/urc/new_GUI/install/gui_window:/opt/ros/humble:${CMAKE_PREFIX_PATH} /usr/bin/cmake --build /home/urc/new_GUI/build/science_servo_control -- -j4 -l4
[0.944s] [  0%] Built target science_servo_control__cpp
[0.955s] [ 12%] Built target science_servo_control__rosidl_generator_c
[1.012s] [ 24%] Built target science_servo_control__rosidl_typesupport_cpp
[1.065s] [ 24%] Built target ament_cmake_python_copy_science_servo_control
[1.107s] [ 36%] Built target science_servo_control__rosidl_typesupport_fastrtps_cpp
[1.200s] [ 48%] Built target science_servo_control__rosidl_typesupport_introspection_cpp
[1.267s] [ 60%] Built target science_servo_control__rosidl_typesupport_introspection_c
[1.295s] [ 72%] Built target science_servo_control__rosidl_typesupport_fastrtps_c
[1.347s] [ 84%] Built target science_servo_control__rosidl_typesupport_c
[1.424s] [ 84%] Built target science_servo_control
[1.548s] [ 85%] Built target science_servo_control__py
[2.485s] running egg_info
[2.488s] writing science_servo_control.egg-info/PKG-INFO
[2.488s] writing dependency_links to science_servo_control.egg-info/dependency_links.txt
[2.488s] writing top-level names to science_servo_control.egg-info/top_level.txt
[2.507s] reading manifest file 'science_servo_control.egg-info/SOURCES.txt'
[2.508s] writing manifest file 'science_servo_control.egg-info/SOURCES.txt'
[2.604s] [ 85%] Built target ament_cmake_python_build_science_servo_control_egg
[2.743s] [ 96%] Built target science_servo_control__rosidl_generator_py
[2.796s] [ 97%] Built target science_servo_control__rosidl_typesupport_fastrtps_c__pyext
[2.870s] [ 98%] Built target science_servo_control__rosidl_typesupport_c__pyext
[3.018s] [100%] Built target science_servo_control__rosidl_typesupport_introspection_c__pyext
[3.384s] Invoked command in '/home/urc/new_GUI/build/science_servo_control' returned '0': CMAKE_PREFIX_PATH=/home/urc/test_ws/install/turtle_test:/home/urc/test_ws/install/roslink_test:/home/urc/new_GUI/install/gui_window:/opt/ros/humble:${CMAKE_PREFIX_PATH} /usr/bin/cmake --build /home/urc/new_GUI/build/science_servo_control -- -j4 -l4
[4.588s] Invoking command in '/home/urc/new_GUI/build/science_servo_control': CMAKE_PREFIX_PATH=/home/urc/test_ws/install/turtle_test:/home/urc/test_ws/install/roslink_test:/home/urc/new_GUI/install/gui_window:/opt/ros/humble:${CMAKE_PREFIX_PATH} /usr/bin/cmake --install /home/urc/new_GUI/build/science_servo_control
[4.598s] -- Install configuration: ""
[4.600s] -- Up-to-date: /home/urc/new_GUI/install/science_servo_control/share/ament_index/resource_index/rosidl_interfaces/science_servo_control
[4.600s] -- Up-to-date: /home/urc/new_GUI/install/science_servo_control/include/science_servo_control/science_servo_control
[4.600s] -- Up-to-date: /home/urc/new_GUI/install/science_servo_control/include/science_servo_control/science_servo_control/msg
[4.600s] -- Up-to-date: /home/urc/new_GUI/install/science_servo_control/include/science_servo_control/science_servo_control/msg/rosidl_generator_c__visibility_control.h
[4.600s] -- Up-to-date: /home/urc/new_GUI/install/science_servo_control/include/science_servo_control/science_servo_control/srv
[4.601s] -- Up-to-date: /home/urc/new_GUI/install/science_servo_control/include/science_servo_control/science_servo_control/srv/raise_linear_actuator.h
[4.601s] -- Up-to-date: /home/urc/new_GUI/install/science_servo_control/include/science_servo_control/science_servo_control/srv/spin_centrifuge.h
[4.601s] -- Up-to-date: /home/urc/new_GUI/install/science_servo_control/include/science_servo_control/science_servo_control/srv/read_drum_position.h
[4.601s] -- Up-to-date: /home/urc/new_GUI/install/science_servo_control/include/science_servo_control/science_servo_control/srv/move_cuvette.h
[4.602s] -- Up-to-date: /home/urc/new_GUI/install/science_servo_control/include/science_servo_control/science_servo_control/srv/reboot_drum.h
[4.602s] -- Up-to-date: /home/urc/new_GUI/install/science_servo_control/include/science_servo_control/science_servo_control/srv/seal_drum.h
[4.602s] -- Up-to-date: /home/urc/new_GUI/install/science_servo_control/include/science_servo_control/science_servo_control/srv/lower_linear_actuator.h
[4.602s] -- Up-to-date: /home/urc/new_GUI/install/science_servo_control/include/science_servo_control/science_servo_control/srv/pre_mix_drum.h
[4.602s] -- Up-to-date: /home/urc/new_GUI/install/science_servo_control/include/science_servo_control/science_servo_control/srv/move_pump.h
[4.602s] -- Up-to-date: /home/urc/new_GUI/install/science_servo_control/include/science_servo_control/science_servo_control/srv/mix_sample.h
[4.603s] -- Up-to-date: /home/urc/new_GUI/install/science_servo_control/include/science_servo_control/science_servo_control/srv/scoop_sample.h
[4.603s] -- Up-to-date: /home/urc/new_GUI/install/science_servo_control/include/science_servo_control/science_servo_control/srv/free_move_drum.h
[4.603s] -- Up-to-date: /home/urc/new_GUI/install/science_servo_control/include/science_servo_control/science_servo_control/srv/detail
[4.603s] -- Up-to-date: /home/urc/new_GUI/install/science_servo_control/include/science_servo_control/science_servo_control/srv/detail/reboot_drum__type_support.h
[4.603s] -- Up-to-date: /home/urc/new_GUI/install/science_servo_control/include/science_servo_control/science_servo_control/srv/detail/pre_seal_drum__struct.h
[4.603s] -- Up-to-date: /home/urc/new_GUI/install/science_servo_control/include/science_servo_control/science_servo_control/srv/detail/scoop_sample__type_support.h
[4.604s] -- Up-to-date: /home/urc/new_GUI/install/science_servo_control/include/science_servo_control/science_servo_control/srv/detail/move_cuvette__struct.h
[4.604s] -- Up-to-date: /home/urc/new_GUI/install/science_servo_control/include/science_servo_control/science_servo_control/srv/detail/mix_sample__functions.h
[4.604s] -- Up-to-date: /home/urc/new_GUI/install/science_servo_control/include/science_servo_control/science_servo_control/srv/detail/write_gpio__functions.c
[4.604s] -- Up-to-date: /home/urc/new_GUI/install/science_servo_control/include/science_servo_control/science_servo_control/srv/detail/pre_mix_drum__functions.h
[4.604s] -- Up-to-date: /home/urc/new_GUI/install/science_servo_control/include/science_servo_control/science_servo_control/srv/detail/move_linear_actuator__functions.h
[4.604s] -- Up-to-date: /home/urc/new_GUI/install/science_servo_control/include/science_servo_control/science_servo_control/srv/detail/raise_linear_actuator__struct.h
[4.604s] -- Up-to-date: /home/urc/new_GUI/install/science_servo_control/include/science_servo_control/science_servo_control/srv/detail/move_cuvette__functions.h
[4.605s] -- Up-to-date: /home/urc/new_GUI/install/science_servo_control/include/science_servo_control/science_servo_control/srv/detail/spin_centrifuge__functions.h
[4.605s] -- Up-to-date: /home/urc/new_GUI/install/science_servo_control/include/science_servo_control/science_servo_control/srv/detail/move_linear_actuator__functions.c
[4.605s] -- Up-to-date: /home/urc/new_GUI/install/science_servo_control/include/science_servo_control/science_servo_control/srv/detail/move_pump__type_support.h
[4.605s] -- Up-to-date: /home/urc/new_GUI/install/science_servo_control/include/science_servo_control/science_servo_control/srv/detail/move_cuvette__type_support.h
[4.605s] -- Up-to-date: /home/urc/new_GUI/install/science_servo_control/include/science_servo_control/science_servo_control/srv/detail/mix_sample__struct.h
[4.605s] -- Up-to-date: /home/urc/new_GUI/install/science_servo_control/include/science_servo_control/science_servo_control/srv/detail/seal_drum__functions.h
[4.605s] -- Up-to-date: /home/urc/new_GUI/install/science_servo_control/include/science_servo_control/science_servo_control/srv/detail/move_linear_actuator__type_support.h
[4.606s] -- Up-to-date: /home/urc/new_GUI/install/science_servo_control/include/science_servo_control/science_servo_control/srv/detail/pre_seal_drum__type_support.h
[4.606s] -- Up-to-date: /home/urc/new_GUI/install/science_servo_control/include/science_servo_control/science_servo_control/srv/detail/pre_mix_drum__struct.h
[4.606s] -- Up-to-date: /home/urc/new_GUI/install/science_servo_control/include/science_servo_control/science_servo_control/srv/detail/seal_drum__struct.h
[4.606s] -- Up-to-date: /home/urc/new_GUI/install/science_servo_control/include/science_servo_control/science_servo_control/srv/detail/free_move_drum__type_support.h
[4.606s] -- Up-to-date: /home/urc/new_GUI/install/science_servo_control/include/science_servo_control/science_servo_control/srv/detail/move_pump__functions.h
[4.606s] -- Up-to-date: /home/urc/new_GUI/install/science_servo_control/include/science_servo_control/science_servo_control/srv/detail/raise_linear_actuator__type_support.h
[4.606s] -- Up-to-date: /home/urc/new_GUI/install/science_servo_control/include/science_servo_control/science_servo_control/srv/detail/move_pump__functions.c
[4.607s] -- Up-to-date: /home/urc/new_GUI/install/science_servo_control/include/science_servo_control/science_servo_control/srv/detail/scoop_sample__struct.h
[4.607s] -- Up-to-date: /home/urc/new_GUI/install/science_servo_control/include/science_servo_control/science_servo_control/srv/detail/move_linear_actuator__struct.h
[4.607s] -- Up-to-date: /home/urc/new_GUI/install/science_servo_control/include/science_servo_control/science_servo_control/srv/detail/seal_drum__functions.c
[4.611s] -- Up-to-date: /home/urc/new_GUI/install/science_servo_control/include/science_servo_control/science_servo_control/srv/detail/read_drum_position__type_support.h
[4.614s] -- Up-to-date: /home/urc/new_GUI/install/science_servo_control/include/science_servo_control/science_servo_control/srv/detail/lower_linear_actuator__functions.c
[4.615s] -- Up-to-date: /home/urc/new_GUI/install/science_servo_control/include/science_servo_control/science_servo_control/srv/detail/lower_linear_actuator__struct.h
[4.615s] -- Up-to-date: /home/urc/new_GUI/install/science_servo_control/include/science_servo_control/science_servo_control/srv/detail/spin_centrifuge__struct.h
[4.615s] -- Up-to-date: /home/urc/new_GUI/install/science_servo_control/include/science_servo_control/science_servo_control/srv/detail/lower_linear_actuator__type_support.h
[4.615s] -- Up-to-date: /home/urc/new_GUI/install/science_servo_control/include/science_servo_control/science_servo_control/srv/detail/reboot_drum__struct.h
[4.616s] -- Up-to-date: /home/urc/new_GUI/install/science_servo_control/include/science_servo_control/science_servo_control/srv/detail/free_move_drum__struct.h
[4.616s] -- Up-to-date: /home/urc/new_GUI/install/science_servo_control/include/science_servo_control/science_servo_control/srv/detail/pre_seal_drum__functions.c
[4.617s] -- Up-to-date: /home/urc/new_GUI/install/science_servo_control/include/science_servo_control/science_servo_control/srv/detail/spin_centrifuge__functions.c
[4.617s] -- Up-to-date: /home/urc/new_GUI/install/science_servo_control/include/science_servo_control/science_servo_control/srv/detail/write_gpio__struct.h
[4.617s] -- Up-to-date: /home/urc/new_GUI/install/science_servo_control/include/science_servo_control/science_servo_control/srv/detail/scoop_sample__functions.h
[4.617s] -- Up-to-date: /home/urc/new_GUI/install/science_servo_control/include/science_servo_control/science_servo_control/srv/detail/lower_linear_actuator__functions.h
[4.617s] -- Up-to-date: /home/urc/new_GUI/install/science_servo_control/include/science_servo_control/science_servo_control/srv/detail/read_drum_position__functions.c
[4.617s] -- Up-to-date: /home/urc/new_GUI/install/science_servo_control/include/science_servo_control/science_servo_control/srv/detail/move_pump__struct.h
[4.617s] -- Up-to-date: /home/urc/new_GUI/install/science_servo_control/include/science_servo_control/science_servo_control/srv/detail/move_cuvette__functions.c
[4.618s] -- Up-to-date: /home/urc/new_GUI/install/science_servo_control/include/science_servo_control/science_servo_control/srv/detail/seal_drum__type_support.h
[4.618s] -- Up-to-date: /home/urc/new_GUI/install/science_servo_control/include/science_servo_control/science_servo_control/srv/detail/raise_linear_actuator__functions.h
[4.618s] -- Up-to-date: /home/urc/new_GUI/install/science_servo_control/include/science_servo_control/science_servo_control/srv/detail/mix_sample__functions.c
[4.618s] -- Up-to-date: /home/urc/new_GUI/install/science_servo_control/include/science_servo_control/science_servo_control/srv/detail/read_drum_position__struct.h
[4.618s] -- Up-to-date: /home/urc/new_GUI/install/science_servo_control/include/science_servo_control/science_servo_control/srv/detail/reboot_drum__functions.c
[4.618s] -- Up-to-date: /home/urc/new_GUI/install/science_servo_control/include/science_servo_control/science_servo_control/srv/detail/free_move_drum__functions.c
[4.618s] -- Up-to-date: /home/urc/new_GUI/install/science_servo_control/include/science_servo_control/science_servo_control/srv/detail/write_gpio__type_support.h
[4.618s] -- Up-to-date: /home/urc/new_GUI/install/science_servo_control/include/science_servo_control/science_servo_control/srv/detail/pre_seal_drum__functions.h
[4.619s] -- Up-to-date: /home/urc/new_GUI/install/science_servo_control/include/science_servo_control/science_servo_control/srv/detail/spin_centrifuge__type_support.h
[4.619s] -- Up-to-date: /home/urc/new_GUI/install/science_servo_control/include/science_servo_control/science_servo_control/srv/detail/read_drum_position__functions.h
[4.619s] -- Up-to-date: /home/urc/new_GUI/install/science_servo_control/include/science_servo_control/science_servo_control/srv/detail/reboot_drum__functions.h
[4.619s] -- Up-to-date: /home/urc/new_GUI/install/science_servo_control/include/science_servo_control/science_servo_control/srv/detail/pre_mix_drum__type_support.h
[4.619s] -- Up-to-date: /home/urc/new_GUI/install/science_servo_control/include/science_servo_control/science_servo_control/srv/detail/pre_mix_drum__functions.c
[4.619s] -- Up-to-date: /home/urc/new_GUI/install/science_servo_control/include/science_servo_control/science_servo_control/srv/detail/write_gpio__functions.h
[4.619s] -- Up-to-date: /home/urc/new_GUI/install/science_servo_control/include/science_servo_control/science_servo_control/srv/detail/scoop_sample__functions.c
[4.619s] -- Up-to-date: /home/urc/new_GUI/install/science_servo_control/include/science_servo_control/science_servo_control/srv/detail/raise_linear_actuator__functions.c
[4.619s] -- Up-to-date: /home/urc/new_GUI/install/science_servo_control/include/science_servo_control/science_servo_control/srv/detail/mix_sample__type_support.h
[4.628s] -- Up-to-date: /home/urc/new_GUI/install/science_servo_control/include/science_servo_control/science_servo_control/srv/detail/free_move_drum__functions.h
[4.628s] -- Up-to-date: /home/urc/new_GUI/install/science_servo_control/include/science_servo_control/science_servo_control/srv/move_linear_actuator.h
[4.628s] -- Up-to-date: /home/urc/new_GUI/install/science_servo_control/include/science_servo_control/science_servo_control/srv/pre_seal_drum.h
[4.628s] -- Up-to-date: /home/urc/new_GUI/install/science_servo_control/include/science_servo_control/science_servo_control/srv/write_gpio.h
[4.628s] -- Up-to-date: /home/urc/new_GUI/install/science_servo_control/share/science_servo_control/environment/library_path.sh
[4.628s] -- Up-to-date: /home/urc/new_GUI/install/science_servo_control/share/science_servo_control/environment/library_path.dsv
[4.628s] -- Up-to-date: /home/urc/new_GUI/install/science_servo_control/lib/libscience_servo_control__rosidl_generator_c.so
[4.629s] -- Up-to-date: /home/urc/new_GUI/install/science_servo_control/include/science_servo_control/science_servo_control
[4.629s] -- Up-to-date: /home/urc/new_GUI/install/science_servo_control/include/science_servo_control/science_servo_control/msg
[4.629s] -- Up-to-date: /home/urc/new_GUI/install/science_servo_control/include/science_servo_control/science_servo_control/msg/rosidl_typesupport_fastrtps_c__visibility_control.h
[4.629s] -- Up-to-date: /home/urc/new_GUI/install/science_servo_control/include/science_servo_control/science_servo_control/srv
[4.629s] -- Up-to-date: /home/urc/new_GUI/install/science_servo_control/include/science_servo_control/science_servo_control/srv/detail
[4.629s] -- Up-to-date: /home/urc/new_GUI/install/science_servo_control/include/science_servo_control/science_servo_control/srv/detail/pre_mix_drum__rosidl_typesupport_fastrtps_c.h
[4.629s] -- Up-to-date: /home/urc/new_GUI/install/science_servo_control/include/science_servo_control/science_servo_control/srv/detail/scoop_sample__rosidl_typesupport_fastrtps_c.h
[4.629s] -- Up-to-date: /home/urc/new_GUI/install/science_servo_control/include/science_servo_control/science_servo_control/srv/detail/free_move_drum__rosidl_typesupport_fastrtps_c.h
[4.629s] -- Up-to-date: /home/urc/new_GUI/install/science_servo_control/include/science_servo_control/science_servo_control/srv/detail/move_pump__rosidl_typesupport_fastrtps_c.h
[4.629s] -- Up-to-date: /home/urc/new_GUI/install/science_servo_control/include/science_servo_control/science_servo_control/srv/detail/seal_drum__rosidl_typesupport_fastrtps_c.h
[4.630s] -- Up-to-date: /home/urc/new_GUI/install/science_servo_control/include/science_servo_control/science_servo_control/srv/detail/spin_centrifuge__rosidl_typesupport_fastrtps_c.h
[4.630s] -- Up-to-date: /home/urc/new_GUI/install/science_servo_control/include/science_servo_control/science_servo_control/srv/detail/reboot_drum__rosidl_typesupport_fastrtps_c.h
[4.630s] -- Up-to-date: /home/urc/new_GUI/install/science_servo_control/include/science_servo_control/science_servo_control/srv/detail/move_linear_actuator__rosidl_typesupport_fastrtps_c.h
[4.630s] -- Up-to-date: /home/urc/new_GUI/install/science_servo_control/include/science_servo_control/science_servo_control/srv/detail/lower_linear_actuator__rosidl_typesupport_fastrtps_c.h
[4.630s] -- Up-to-date: /home/urc/new_GUI/install/science_servo_control/include/science_servo_control/science_servo_control/srv/detail/move_cuvette__rosidl_typesupport_fastrtps_c.h
[4.630s] -- Up-to-date: /home/urc/new_GUI/install/science_servo_control/include/science_servo_control/science_servo_control/srv/detail/read_drum_position__rosidl_typesupport_fastrtps_c.h
[4.630s] -- Up-to-date: /home/urc/new_GUI/install/science_servo_control/include/science_servo_control/science_servo_control/srv/detail/mix_sample__rosidl_typesupport_fastrtps_c.h
[4.631s] -- Up-to-date: /home/urc/new_GUI/install/science_servo_control/include/science_servo_control/science_servo_control/srv/detail/pre_seal_drum__rosidl_typesupport_fastrtps_c.h
[4.631s] -- Up-to-date: /home/urc/new_GUI/install/science_servo_control/include/science_servo_control/science_servo_control/srv/detail/write_gpio__rosidl_typesupport_fastrtps_c.h
[4.631s] -- Up-to-date: /home/urc/new_GUI/install/science_servo_control/include/science_servo_control/science_servo_control/srv/detail/raise_linear_actuator__rosidl_typesupport_fastrtps_c.h
[4.631s] -- Up-to-date: /home/urc/new_GUI/install/science_servo_control/lib/libscience_servo_control__rosidl_typesupport_fastrtps_c.so
[4.631s] -- Up-to-date: /home/urc/new_GUI/install/science_servo_control/include/science_servo_control/science_servo_control
[4.631s] -- Up-to-date: /home/urc/new_GUI/install/science_servo_control/include/science_servo_control/science_servo_control/msg
[4.633s] -- Up-to-date: /home/urc/new_GUI/install/science_servo_control/include/science_servo_control/science_servo_control/msg/rosidl_typesupport_introspection_c__visibility_control.h
[4.633s] -- Up-to-date: /home/urc/new_GUI/install/science_servo_control/include/science_servo_control/science_servo_control/srv
[4.633s] -- Up-to-date: /home/urc/new_GUI/install/science_servo_control/include/science_servo_control/science_servo_control/srv/detail
[4.633s] -- Up-to-date: /home/urc/new_GUI/install/science_servo_control/include/science_servo_control/science_servo_control/srv/detail/scoop_sample__type_support.c
[4.634s] -- Up-to-date: /home/urc/new_GUI/install/science_servo_control/include/science_servo_control/science_servo_control/srv/detail/reboot_drum__rosidl_typesupport_introspection_c.h
[4.634s] -- Up-to-date: /home/urc/new_GUI/install/science_servo_control/include/science_servo_control/science_servo_control/srv/detail/pre_mix_drum__rosidl_typesupport_introspection_c.h
[4.634s] -- Up-to-date: /home/urc/new_GUI/install/science_servo_control/include/science_servo_control/science_servo_control/srv/detail/seal_drum__rosidl_typesupport_introspection_c.h
[4.635s] -- Up-to-date: /home/urc/new_GUI/install/science_servo_control/include/science_servo_control/science_servo_control/srv/detail/reboot_drum__type_support.c
[4.635s] -- Up-to-date: /home/urc/new_GUI/install/science_servo_control/include/science_servo_control/science_servo_control/srv/detail/spin_centrifuge__type_support.c
[4.635s] -- Up-to-date: /home/urc/new_GUI/install/science_servo_control/include/science_servo_control/science_servo_control/srv/detail/mix_sample__rosidl_typesupport_introspection_c.h
[4.635s] -- Up-to-date: /home/urc/new_GUI/install/science_servo_control/include/science_servo_control/science_servo_control/srv/detail/move_cuvette__rosidl_typesupport_introspection_c.h
[4.635s] -- Up-to-date: /home/urc/new_GUI/install/science_servo_control/include/science_servo_control/science_servo_control/srv/detail/move_cuvette__type_support.c
[4.635s] -- Up-to-date: /home/urc/new_GUI/install/science_servo_control/include/science_servo_control/science_servo_control/srv/detail/scoop_sample__rosidl_typesupport_introspection_c.h
[4.635s] -- Up-to-date: /home/urc/new_GUI/install/science_servo_control/include/science_servo_control/science_servo_control/srv/detail/spin_centrifuge__rosidl_typesupport_introspection_c.h
[4.635s] -- Up-to-date: /home/urc/new_GUI/install/science_servo_control/include/science_servo_control/science_servo_control/srv/detail/move_pump__type_support.c
[4.635s] -- Up-to-date: /home/urc/new_GUI/install/science_servo_control/include/science_servo_control/science_servo_control/srv/detail/read_drum_position__type_support.c
[4.636s] -- Up-to-date: /home/urc/new_GUI/install/science_servo_control/include/science_servo_control/science_servo_control/srv/detail/move_pump__rosidl_typesupport_introspection_c.h
[4.636s] -- Up-to-date: /home/urc/new_GUI/install/science_servo_control/include/science_servo_control/science_servo_control/srv/detail/write_gpio__rosidl_typesupport_introspection_c.h
[4.636s] -- Up-to-date: /home/urc/new_GUI/install/science_servo_control/include/science_servo_control/science_servo_control/srv/detail/lower_linear_actuator__type_support.c
[4.651s] -- Up-to-date: /home/urc/new_GUI/install/science_servo_control/include/science_servo_control/science_servo_control/srv/detail/move_linear_actuator__rosidl_typesupport_introspection_c.h
[4.662s] -- Up-to-date: /home/urc/new_GUI/install/science_servo_control/include/science_servo_control/science_servo_control/srv/detail/pre_seal_drum__type_support.c
[4.662s] -- Up-to-date: /home/urc/new_GUI/install/science_servo_control/include/science_servo_control/science_servo_control/srv/detail/raise_linear_actuator__type_support.c
[4.662s] -- Up-to-date: /home/urc/new_GUI/install/science_servo_control/include/science_servo_control/science_servo_control/srv/detail/move_linear_actuator__type_support.c
[4.662s] -- Up-to-date: /home/urc/new_GUI/install/science_servo_control/include/science_servo_control/science_servo_control/srv/detail/seal_drum__type_support.c
[4.662s] -- Up-to-date: /home/urc/new_GUI/install/science_servo_control/include/science_servo_control/science_servo_control/srv/detail/read_drum_position__rosidl_typesupport_introspection_c.h
[4.662s] -- Up-to-date: /home/urc/new_GUI/install/science_servo_control/include/science_servo_control/science_servo_control/srv/detail/free_move_drum__type_support.c
[4.662s] -- Up-to-date: /home/urc/new_GUI/install/science_servo_control/include/science_servo_control/science_servo_control/srv/detail/pre_mix_drum__type_support.c
[4.662s] -- Up-to-date: /home/urc/new_GUI/install/science_servo_control/include/science_servo_control/science_servo_control/srv/detail/write_gpio__type_support.c
[4.662s] -- Up-to-date: /home/urc/new_GUI/install/science_servo_control/include/science_servo_control/science_servo_control/srv/detail/free_move_drum__rosidl_typesupport_introspection_c.h
[4.663s] -- Up-to-date: /home/urc/new_GUI/install/science_servo_control/include/science_servo_control/science_servo_control/srv/detail/pre_seal_drum__rosidl_typesupport_introspection_c.h
[4.663s] -- Up-to-date: /home/urc/new_GUI/install/science_servo_control/include/science_servo_control/science_servo_control/srv/detail/mix_sample__type_support.c
[4.663s] -- Up-to-date: /home/urc/new_GUI/install/science_servo_control/include/science_servo_control/science_servo_control/srv/detail/lower_linear_actuator__rosidl_typesupport_introspection_c.h
[4.663s] -- Up-to-date: /home/urc/new_GUI/install/science_servo_control/include/science_servo_control/science_servo_control/srv/detail/raise_linear_actuator__rosidl_typesupport_introspection_c.h
[4.663s] -- Up-to-date: /home/urc/new_GUI/install/science_servo_control/lib/libscience_servo_control__rosidl_typesupport_introspection_c.so
[4.663s] -- Up-to-date: /home/urc/new_GUI/install/science_servo_control/lib/libscience_servo_control__rosidl_typesupport_c.so
[4.663s] -- Up-to-date: /home/urc/new_GUI/install/science_servo_control/include/science_servo_control/science_servo_control
[4.667s] -- Up-to-date: /home/urc/new_GUI/install/science_servo_control/include/science_servo_control/science_servo_control/srv
[4.667s] -- Up-to-date: /home/urc/new_GUI/install/science_servo_control/include/science_servo_control/science_servo_control/srv/free_move_drum.hpp
[4.667s] -- Up-to-date: /home/urc/new_GUI/install/science_servo_control/include/science_servo_control/science_servo_control/srv/move_cuvette.hpp
[4.667s] -- Up-to-date: /home/urc/new_GUI/install/science_servo_control/include/science_servo_control/science_servo_control/srv/move_pump.hpp
[4.668s] -- Up-to-date: /home/urc/new_GUI/install/science_servo_control/include/science_servo_control/science_servo_control/srv/seal_drum.hpp
[4.668s] -- Up-to-date: /home/urc/new_GUI/install/science_servo_control/include/science_servo_control/science_servo_control/srv/write_gpio.hpp
[4.668s] -- Up-to-date: /home/urc/new_GUI/install/science_servo_control/include/science_servo_control/science_servo_control/srv/read_drum_position.hpp
[4.668s] -- Up-to-date: /home/urc/new_GUI/install/science_servo_control/include/science_servo_control/science_servo_control/srv/scoop_sample.hpp
[4.668s] -- Up-to-date: /home/urc/new_GUI/install/science_servo_control/include/science_servo_control/science_servo_control/srv/mix_sample.hpp
[4.668s] -- Up-to-date: /home/urc/new_GUI/install/science_servo_control/include/science_servo_control/science_servo_control/srv/move_linear_actuator.hpp
[4.668s] -- Up-to-date: /home/urc/new_GUI/install/science_servo_control/include/science_servo_control/science_servo_control/srv/reboot_drum.hpp
[4.668s] -- Up-to-date: /home/urc/new_GUI/install/science_servo_control/include/science_servo_control/science_servo_control/srv/raise_linear_actuator.hpp
[4.668s] -- Up-to-date: /home/urc/new_GUI/install/science_servo_control/include/science_servo_control/science_servo_control/srv/lower_linear_actuator.hpp
[4.668s] -- Up-to-date: /home/urc/new_GUI/install/science_servo_control/include/science_servo_control/science_servo_control/srv/detail
[4.669s] -- Up-to-date: /home/urc/new_GUI/install/science_servo_control/include/science_servo_control/science_servo_control/srv/detail/reboot_drum__struct.hpp
[4.669s] -- Up-to-date: /home/urc/new_GUI/install/science_servo_control/include/science_servo_control/science_servo_control/srv/detail/spin_centrifuge__traits.hpp
[4.669s] -- Up-to-date: /home/urc/new_GUI/install/science_servo_control/include/science_servo_control/science_servo_control/srv/detail/move_pump__struct.hpp
[4.669s] -- Up-to-date: /home/urc/new_GUI/install/science_servo_control/include/science_servo_control/science_servo_control/srv/detail/read_drum_position__struct.hpp
[4.669s] -- Up-to-date: /home/urc/new_GUI/install/science_servo_control/include/science_servo_control/science_servo_control/srv/detail/mix_sample__traits.hpp
[4.669s] -- Up-to-date: /home/urc/new_GUI/install/science_servo_control/include/science_servo_control/science_servo_control/srv/detail/write_gpio__struct.hpp
[4.669s] -- Up-to-date: /home/urc/new_GUI/install/science_servo_control/include/science_servo_control/science_servo_control/srv/detail/pre_seal_drum__builder.hpp
[4.669s] -- Up-to-date: /home/urc/new_GUI/install/science_servo_control/include/science_servo_control/science_servo_control/srv/detail/lower_linear_actuator__struct.hpp
[4.669s] -- Up-to-date: /home/urc/new_GUI/install/science_servo_control/include/science_servo_control/science_servo_control/srv/detail/write_gpio__traits.hpp
[4.669s] -- Up-to-date: /home/urc/new_GUI/install/science_servo_control/include/science_servo_control/science_servo_control/srv/detail/reboot_drum__traits.hpp
[4.669s] -- Up-to-date: /home/urc/new_GUI/install/science_servo_control/include/science_servo_control/science_servo_control/srv/detail/scoop_sample__builder.hpp
[4.670s] -- Up-to-date: /home/urc/new_GUI/install/science_servo_control/include/science_servo_control/science_servo_control/srv/detail/pre_mix_drum__builder.hpp
[4.670s] -- Up-to-date: /home/urc/new_GUI/install/science_servo_control/include/science_servo_control/science_servo_control/srv/detail/pre_seal_drum__struct.hpp
[4.670s] -- Up-to-date: /home/urc/new_GUI/install/science_servo_control/include/science_servo_control/science_servo_control/srv/detail/mix_sample__struct.hpp
[4.672s] -- Up-to-date: /home/urc/new_GUI/install/science_servo_control/include/science_servo_control/science_servo_control/srv/detail/free_move_drum__builder.hpp
[4.673s] -- Up-to-date: /home/urc/new_GUI/install/science_servo_control/include/science_servo_control/science_servo_control/srv/detail/spin_centrifuge__struct.hpp
[4.673s] -- Up-to-date: /home/urc/new_GUI/install/science_servo_control/include/science_servo_control/science_servo_control/srv/detail/pre_seal_drum__traits.hpp
[4.673s] -- Up-to-date: /home/urc/new_GUI/install/science_servo_control/include/science_servo_control/science_servo_control/srv/detail/move_cuvette__builder.hpp
[4.673s] -- Up-to-date: /home/urc/new_GUI/install/science_servo_control/include/science_servo_control/science_servo_control/srv/detail/lower_linear_actuator__traits.hpp
[4.674s] -- Up-to-date: /home/urc/new_GUI/install/science_servo_control/include/science_servo_control/science_servo_control/srv/detail/seal_drum__traits.hpp
[4.674s] -- Up-to-date: /home/urc/new_GUI/install/science_servo_control/include/science_servo_control/science_servo_control/srv/detail/move_cuvette__traits.hpp
[4.674s] -- Up-to-date: /home/urc/new_GUI/install/science_servo_control/include/science_servo_control/science_servo_control/srv/detail/reboot_drum__builder.hpp
[4.674s] -- Up-to-date: /home/urc/new_GUI/install/science_servo_control/include/science_servo_control/science_servo_control/srv/detail/scoop_sample__traits.hpp
[4.674s] -- Up-to-date: /home/urc/new_GUI/install/science_servo_control/include/science_servo_control/science_servo_control/srv/detail/read_drum_position__builder.hpp
[4.674s] -- Up-to-date: /home/urc/new_GUI/install/science_servo_control/include/science_servo_control/science_servo_control/srv/detail/move_pump__builder.hpp
[4.674s] -- Up-to-date: /home/urc/new_GUI/install/science_servo_control/include/science_servo_control/science_servo_control/srv/detail/write_gpio__builder.hpp
[4.674s] -- Up-to-date: /home/urc/new_GUI/install/science_servo_control/include/science_servo_control/science_servo_control/srv/detail/read_drum_position__traits.hpp
[4.675s] -- Up-to-date: /home/urc/new_GUI/install/science_servo_control/include/science_servo_control/science_servo_control/srv/detail/move_cuvette__struct.hpp
[4.675s] -- Up-to-date: /home/urc/new_GUI/install/science_servo_control/include/science_servo_control/science_servo_control/srv/detail/raise_linear_actuator__struct.hpp
[4.675s] -- Up-to-date: /home/urc/new_GUI/install/science_servo_control/include/science_servo_control/science_servo_control/srv/detail/seal_drum__builder.hpp
[4.675s] -- Up-to-date: /home/urc/new_GUI/install/science_servo_control/include/science_servo_control/science_servo_control/srv/detail/mix_sample__builder.hpp
[4.675s] -- Up-to-date: /home/urc/new_GUI/install/science_servo_control/include/science_servo_control/science_servo_control/srv/detail/pre_mix_drum__struct.hpp
[4.675s] -- Up-to-date: /home/urc/new_GUI/install/science_servo_control/include/science_servo_control/science_servo_control/srv/detail/free_move_drum__traits.hpp
[4.689s] -- Up-to-date: /home/urc/new_GUI/install/science_servo_control/include/science_servo_control/science_servo_control/srv/detail/seal_drum__struct.hpp
[4.689s] -- Up-to-date: /home/urc/new_GUI/install/science_servo_control/include/science_servo_control/science_servo_control/srv/detail/spin_centrifuge__builder.hpp
[4.689s] -- Up-to-date: /home/urc/new_GUI/install/science_servo_control/include/science_servo_control/science_servo_control/srv/detail/free_move_drum__struct.hpp
[4.689s] -- Up-to-date: /home/urc/new_GUI/install/science_servo_control/include/science_servo_control/science_servo_control/srv/detail/lower_linear_actuator__builder.hpp
[4.689s] -- Up-to-date: /home/urc/new_GUI/install/science_servo_control/include/science_servo_control/science_servo_control/srv/detail/raise_linear_actuator__traits.hpp
[4.689s] -- Up-to-date: /home/urc/new_GUI/install/science_servo_control/include/science_servo_control/science_servo_control/srv/detail/move_linear_actuator__builder.hpp
[4.689s] -- Up-to-date: /home/urc/new_GUI/install/science_servo_control/include/science_servo_control/science_servo_control/srv/detail/move_linear_actuator__traits.hpp
[4.690s] -- Up-to-date: /home/urc/new_GUI/install/science_servo_control/include/science_servo_control/science_servo_control/srv/detail/raise_linear_actuator__builder.hpp
[4.690s] -- Up-to-date: /home/urc/new_GUI/install/science_servo_control/include/science_servo_control/science_servo_control/srv/detail/scoop_sample__struct.hpp
[4.690s] -- Up-to-date: /home/urc/new_GUI/install/science_servo_control/include/science_servo_control/science_servo_control/srv/detail/move_pump__traits.hpp
[4.690s] -- Up-to-date: /home/urc/new_GUI/install/science_servo_control/include/science_servo_control/science_servo_control/srv/detail/pre_mix_drum__traits.hpp
[4.690s] -- Up-to-date: /home/urc/new_GUI/install/science_servo_control/include/science_servo_control/science_servo_control/srv/detail/move_linear_actuator__struct.hpp
[4.690s] -- Up-to-date: /home/urc/new_GUI/install/science_servo_control/include/science_servo_control/science_servo_control/srv/pre_mix_drum.hpp
[4.690s] -- Up-to-date: /home/urc/new_GUI/install/science_servo_control/include/science_servo_control/science_servo_control/srv/pre_seal_drum.hpp
[4.690s] -- Up-to-date: /home/urc/new_GUI/install/science_servo_control/include/science_servo_control/science_servo_control/srv/spin_centrifuge.hpp
[4.690s] -- Up-to-date: /home/urc/new_GUI/install/science_servo_control/include/science_servo_control/science_servo_control
[4.691s] -- Up-to-date: /home/urc/new_GUI/install/science_servo_control/include/science_servo_control/science_servo_control/msg
[4.691s] -- Up-to-date: /home/urc/new_GUI/install/science_servo_control/include/science_servo_control/science_servo_control/msg/rosidl_typesupport_fastrtps_cpp__visibility_control.h
[4.691s] -- Up-to-date: /home/urc/new_GUI/install/science_servo_control/include/science_servo_control/science_servo_control/srv
[4.691s] -- Up-to-date: /home/urc/new_GUI/install/science_servo_control/include/science_servo_control/science_servo_control/srv/detail
[4.691s] -- Up-to-date: /home/urc/new_GUI/install/science_servo_control/include/science_servo_control/science_servo_control/srv/detail/raise_linear_actuator__rosidl_typesupport_fastrtps_cpp.hpp
[4.691s] -- Up-to-date: /home/urc/new_GUI/install/science_servo_control/include/science_servo_control/science_servo_control/srv/detail/free_move_drum__rosidl_typesupport_fastrtps_cpp.hpp
[4.691s] -- Up-to-date: /home/urc/new_GUI/install/science_servo_control/include/science_servo_control/science_servo_control/srv/detail/read_drum_position__rosidl_typesupport_fastrtps_cpp.hpp
[4.691s] -- Up-to-date: /home/urc/new_GUI/install/science_servo_control/include/science_servo_control/science_servo_control/srv/detail/move_linear_actuator__rosidl_typesupport_fastrtps_cpp.hpp
[4.692s] -- Up-to-date: /home/urc/new_GUI/install/science_servo_control/include/science_servo_control/science_servo_control/srv/detail/seal_drum__rosidl_typesupport_fastrtps_cpp.hpp
[4.692s] -- Up-to-date: /home/urc/new_GUI/install/science_servo_control/include/science_servo_control/science_servo_control/srv/detail/lower_linear_actuator__rosidl_typesupport_fastrtps_cpp.hpp
[4.692s] -- Up-to-date: /home/urc/new_GUI/install/science_servo_control/include/science_servo_control/science_servo_control/srv/detail/pre_mix_drum__rosidl_typesupport_fastrtps_cpp.hpp
[4.692s] -- Up-to-date: /home/urc/new_GUI/install/science_servo_control/include/science_servo_control/science_servo_control/srv/detail/pre_seal_drum__rosidl_typesupport_fastrtps_cpp.hpp
[4.692s] -- Up-to-date: /home/urc/new_GUI/install/science_servo_control/include/science_servo_control/science_servo_control/srv/detail/spin_centrifuge__rosidl_typesupport_fastrtps_cpp.hpp
[4.692s] -- Up-to-date: /home/urc/new_GUI/install/science_servo_control/include/science_servo_control/science_servo_control/srv/detail/write_gpio__rosidl_typesupport_fastrtps_cpp.hpp
[4.692s] -- Up-to-date: /home/urc/new_GUI/install/science_servo_control/include/science_servo_control/science_servo_control/srv/detail/dds_fastrtps
[4.692s] -- Up-to-date: /home/urc/new_GUI/install/science_servo_control/include/science_servo_control/science_servo_control/srv/detail/mix_sample__rosidl_typesupport_fastrtps_cpp.hpp
[4.705s] -- Up-to-date: /home/urc/new_GUI/install/science_servo_control/include/science_servo_control/science_servo_control/srv/detail/scoop_sample__rosidl_typesupport_fastrtps_cpp.hpp
[4.705s] -- Up-to-date: /home/urc/new_GUI/install/science_servo_control/include/science_servo_control/science_servo_control/srv/detail/move_cuvette__rosidl_typesupport_fastrtps_cpp.hpp
[4.705s] -- Up-to-date: /home/urc/new_GUI/install/science_servo_control/include/science_servo_control/science_servo_control/srv/detail/reboot_drum__rosidl_typesupport_fastrtps_cpp.hpp
[4.705s] -- Up-to-date: /home/urc/new_GUI/install/science_servo_control/include/science_servo_control/science_servo_control/srv/detail/move_pump__rosidl_typesupport_fastrtps_cpp.hpp
[4.707s] -- Up-to-date: /home/urc/new_GUI/install/science_servo_control/lib/libscience_servo_control__rosidl_typesupport_fastrtps_cpp.so
[4.718s] -- Up-to-date: /home/urc/new_GUI/install/science_servo_control/include/science_servo_control/science_servo_control
[4.719s] -- Up-to-date: /home/urc/new_GUI/install/science_servo_control/include/science_servo_control/science_servo_control/srv
[4.719s] -- Up-to-date: /home/urc/new_GUI/install/science_servo_control/include/science_servo_control/science_servo_control/srv/detail
[4.719s] -- Up-to-date: /home/urc/new_GUI/install/science_servo_control/include/science_servo_control/science_servo_control/srv/detail/spin_centrifuge__type_support.cpp
[4.719s] -- Up-to-date: /home/urc/new_GUI/install/science_servo_control/include/science_servo_control/science_servo_control/srv/detail/pre_seal_drum__type_support.cpp
[4.720s] -- Up-to-date: /home/urc/new_GUI/install/science_servo_control/include/science_servo_control/science_servo_control/srv/detail/move_linear_actuator__rosidl_typesupport_introspection_cpp.hpp
[4.720s] -- Up-to-date: /home/urc/new_GUI/install/science_servo_control/include/science_servo_control/science_servo_control/srv/detail/move_cuvette__rosidl_typesupport_introspection_cpp.hpp
[4.720s] -- Up-to-date: /home/urc/new_GUI/install/science_servo_control/include/science_servo_control/science_servo_control/srv/detail/move_pump__rosidl_typesupport_introspection_cpp.hpp
[4.720s] -- Up-to-date: /home/urc/new_GUI/install/science_servo_control/include/science_servo_control/science_servo_control/srv/detail/free_move_drum__type_support.cpp
[4.720s] -- Up-to-date: /home/urc/new_GUI/install/science_servo_control/include/science_servo_control/science_servo_control/srv/detail/read_drum_position__rosidl_typesupport_introspection_cpp.hpp
[4.721s] -- Up-to-date: /home/urc/new_GUI/install/science_servo_control/include/science_servo_control/science_servo_control/srv/detail/move_pump__type_support.cpp
[4.721s] -- Up-to-date: /home/urc/new_GUI/install/science_servo_control/include/science_servo_control/science_servo_control/srv/detail/mix_sample__rosidl_typesupport_introspection_cpp.hpp
[4.721s] -- Up-to-date: /home/urc/new_GUI/install/science_servo_control/include/science_servo_control/science_servo_control/srv/detail/pre_seal_drum__rosidl_typesupport_introspection_cpp.hpp
[4.721s] -- Up-to-date: /home/urc/new_GUI/install/science_servo_control/include/science_servo_control/science_servo_control/srv/detail/move_linear_actuator__type_support.cpp
[4.721s] -- Up-to-date: /home/urc/new_GUI/install/science_servo_control/include/science_servo_control/science_servo_control/srv/detail/read_drum_position__type_support.cpp
[4.721s] -- Up-to-date: /home/urc/new_GUI/install/science_servo_control/include/science_servo_control/science_servo_control/srv/detail/reboot_drum__rosidl_typesupport_introspection_cpp.hpp
[4.721s] -- Up-to-date: /home/urc/new_GUI/install/science_servo_control/include/science_servo_control/science_servo_control/srv/detail/scoop_sample__type_support.cpp
[4.722s] -- Up-to-date: /home/urc/new_GUI/install/science_servo_control/include/science_servo_control/science_servo_control/srv/detail/move_cuvette__type_support.cpp
[4.722s] -- Up-to-date: /home/urc/new_GUI/install/science_servo_control/include/science_servo_control/science_servo_control/srv/detail/seal_drum__rosidl_typesupport_introspection_cpp.hpp
[4.722s] -- Up-to-date: /home/urc/new_GUI/install/science_servo_control/include/science_servo_control/science_servo_control/srv/detail/free_move_drum__rosidl_typesupport_introspection_cpp.hpp
[4.722s] -- Up-to-date: /home/urc/new_GUI/install/science_servo_control/include/science_servo_control/science_servo_control/srv/detail/spin_centrifuge__rosidl_typesupport_introspection_cpp.hpp
[4.722s] -- Up-to-date: /home/urc/new_GUI/install/science_servo_control/include/science_servo_control/science_servo_control/srv/detail/scoop_sample__rosidl_typesupport_introspection_cpp.hpp
[4.722s] -- Up-to-date: /home/urc/new_GUI/install/science_servo_control/include/science_servo_control/science_servo_control/srv/detail/pre_mix_drum__rosidl_typesupport_introspection_cpp.hpp
[4.722s] -- Up-to-date: /home/urc/new_GUI/install/science_servo_control/include/science_servo_control/science_servo_control/srv/detail/lower_linear_actuator__rosidl_typesupport_introspection_cpp.hpp
[4.723s] -- Up-to-date: /home/urc/new_GUI/install/science_servo_control/include/science_servo_control/science_servo_control/srv/detail/pre_mix_drum__type_support.cpp
[4.723s] -- Up-to-date: /home/urc/new_GUI/install/science_servo_control/include/science_servo_control/science_servo_control/srv/detail/reboot_drum__type_support.cpp
[4.723s] -- Up-to-date: /home/urc/new_GUI/install/science_servo_control/include/science_servo_control/science_servo_control/srv/detail/seal_drum__type_support.cpp
[4.723s] -- Up-to-date: /home/urc/new_GUI/install/science_servo_control/include/science_servo_control/science_servo_control/srv/detail/write_gpio__type_support.cpp
[4.723s] -- Up-to-date: /home/urc/new_GUI/install/science_servo_control/include/science_servo_control/science_servo_control/srv/detail/lower_linear_actuator__type_support.cpp
[4.723s] -- Up-to-date: /home/urc/new_GUI/install/science_servo_control/include/science_servo_control/science_servo_control/srv/detail/raise_linear_actuator__type_support.cpp
[4.724s] -- Up-to-date: /home/urc/new_GUI/install/science_servo_control/include/science_servo_control/science_servo_control/srv/detail/mix_sample__type_support.cpp
[4.724s] -- Up-to-date: /home/urc/new_GUI/install/science_servo_control/include/science_servo_control/science_servo_control/srv/detail/write_gpio__rosidl_typesupport_introspection_cpp.hpp
[4.724s] -- Up-to-date: /home/urc/new_GUI/install/science_servo_control/include/science_servo_control/science_servo_control/srv/detail/raise_linear_actuator__rosidl_typesupport_introspection_cpp.hpp
[4.724s] -- Up-to-date: /home/urc/new_GUI/install/science_servo_control/lib/libscience_servo_control__rosidl_typesupport_introspection_cpp.so
[4.724s] -- Up-to-date: /home/urc/new_GUI/install/science_servo_control/lib/libscience_servo_control__rosidl_typesupport_cpp.so
[4.724s] -- Up-to-date: /home/urc/new_GUI/install/science_servo_control/share/science_servo_control/environment/pythonpath.sh
[4.725s] -- Up-to-date: /home/urc/new_GUI/install/science_servo_control/share/science_servo_control/environment/pythonpath.dsv
[4.725s] -- Up-to-date: /home/urc/new_GUI/install/science_servo_control/local/lib/python3.10/dist-packages/science_servo_control-0.0.0-py3.10.egg-info
[4.725s] -- Installing: /home/urc/new_GUI/install/science_servo_control/local/lib/python3.10/dist-packages/science_servo_control-0.0.0-py3.10.egg-info/PKG-INFO
[4.725s] -- Installing: /home/urc/new_GUI/install/science_servo_control/local/lib/python3.10/dist-packages/science_servo_control-0.0.0-py3.10.egg-info/dependency_links.txt
[4.725s] -- Installing: /home/urc/new_GUI/install/science_servo_control/local/lib/python3.10/dist-packages/science_servo_control-0.0.0-py3.10.egg-info/top_level.txt
[4.726s] -- Installing: /home/urc/new_GUI/install/science_servo_control/local/lib/python3.10/dist-packages/science_servo_control-0.0.0-py3.10.egg-info/SOURCES.txt
[4.726s] -- Up-to-date: /home/urc/new_GUI/install/science_servo_control/local/lib/python3.10/dist-packages/science_servo_control
[4.726s] -- Up-to-date: /home/urc/new_GUI/install/science_servo_control/local/lib/python3.10/dist-packages/science_servo_control/_science_servo_control_s.ep.rosidl_typesupport_fastrtps_c.c
[4.726s] -- Up-to-date: /home/urc/new_GUI/install/science_servo_control/local/lib/python3.10/dist-packages/science_servo_control/libscience_servo_control__rosidl_generator_py.so
[4.726s] -- Up-to-date: /home/urc/new_GUI/install/science_servo_control/local/lib/python3.10/dist-packages/science_servo_control/science_servo_control_s__rosidl_typesupport_fastrtps_c.cpython-310-x86_64-linux-gnu.so
[4.727s] -- Up-to-date: /home/urc/new_GUI/install/science_servo_control/local/lib/python3.10/dist-packages/science_servo_control/science_servo_control_s__rosidl_typesupport_c.cpython-310-x86_64-linux-gnu.so
[4.727s] -- Up-to-date: /home/urc/new_GUI/install/science_servo_control/local/lib/python3.10/dist-packages/science_servo_control/__init__.py
[4.727s] -- Up-to-date: /home/urc/new_GUI/install/science_servo_control/local/lib/python3.10/dist-packages/science_servo_control/science_servo_control_s__rosidl_typesupport_introspection_c.cpython-310-x86_64-linux-gnu.so
[4.727s] -- Up-to-date: /home/urc/new_GUI/install/science_servo_control/local/lib/python3.10/dist-packages/science_servo_control/srv
[4.734s] -- Up-to-date: /home/urc/new_GUI/install/science_servo_control/local/lib/python3.10/dist-packages/science_servo_control/srv/_write_gpio.py
[4.734s] -- Up-to-date: /home/urc/new_GUI/install/science_servo_control/local/lib/python3.10/dist-packages/science_servo_control/srv/_write_gpio_s.c
[4.734s] -- Up-to-date: /home/urc/new_GUI/install/science_servo_control/local/lib/python3.10/dist-packages/science_servo_control/srv/_spin_centrifuge.py
[4.734s] -- Up-to-date: /home/urc/new_GUI/install/science_servo_control/local/lib/python3.10/dist-packages/science_servo_control/srv/_mix_sample_s.c
[4.735s] -- Up-to-date: /home/urc/new_GUI/install/science_servo_control/local/lib/python3.10/dist-packages/science_servo_control/srv/_move_pump.py
[4.735s] -- Up-to-date: /home/urc/new_GUI/install/science_servo_control/local/lib/python3.10/dist-packages/science_servo_control/srv/_read_drum_position_s.c
[4.735s] -- Up-to-date: /home/urc/new_GUI/install/science_servo_control/local/lib/python3.10/dist-packages/science_servo_control/srv/_raise_linear_actuator.py
[4.735s] -- Up-to-date: /home/urc/new_GUI/install/science_servo_control/local/lib/python3.10/dist-packages/science_servo_control/srv/_scoop_sample_s.c
[4.735s] -- Up-to-date: /home/urc/new_GUI/install/science_servo_control/local/lib/python3.10/dist-packages/science_servo_control/srv/__init__.py
[4.735s] -- Up-to-date: /home/urc/new_GUI/install/science_servo_control/local/lib/python3.10/dist-packages/science_servo_control/srv/_seal_drum.py
[4.736s] -- Up-to-date: /home/urc/new_GUI/install/science_servo_control/local/lib/python3.10/dist-packages/science_servo_control/srv/_pre_seal_drum.py
[4.736s] -- Up-to-date: /home/urc/new_GUI/install/science_servo_control/local/lib/python3.10/dist-packages/science_servo_control/srv/_spin_centrifuge_s.c
[4.736s] -- Up-to-date: /home/urc/new_GUI/install/science_servo_control/local/lib/python3.10/dist-packages/science_servo_control/srv/_seal_drum_s.c
[4.736s] -- Up-to-date: /home/urc/new_GUI/install/science_servo_control/local/lib/python3.10/dist-packages/science_servo_control/srv/_move_linear_actuator.py
[4.736s] -- Up-to-date: /home/urc/new_GUI/install/science_servo_control/local/lib/python3.10/dist-packages/science_servo_control/srv/_lower_linear_actuator.py
[4.737s] -- Up-to-date: /home/urc/new_GUI/install/science_servo_control/local/lib/python3.10/dist-packages/science_servo_control/srv/_mix_sample.py
[4.737s] -- Up-to-date: /home/urc/new_GUI/install/science_servo_control/local/lib/python3.10/dist-packages/science_servo_control/srv/_lower_linear_actuator_s.c
[4.737s] -- Up-to-date: /home/urc/new_GUI/install/science_servo_control/local/lib/python3.10/dist-packages/science_servo_control/srv/_scoop_sample.py
[4.737s] -- Up-to-date: /home/urc/new_GUI/install/science_servo_control/local/lib/python3.10/dist-packages/science_servo_control/srv/_free_move_drum.py
[4.737s] -- Up-to-date: /home/urc/new_GUI/install/science_servo_control/local/lib/python3.10/dist-packages/science_servo_control/srv/_move_pump_s.c
[4.737s] -- Up-to-date: /home/urc/new_GUI/install/science_servo_control/local/lib/python3.10/dist-packages/science_servo_control/srv/_move_cuvette.py
[4.737s] -- Up-to-date: /home/urc/new_GUI/install/science_servo_control/local/lib/python3.10/dist-packages/science_servo_control/srv/_pre_mix_drum_s.c
[4.738s] -- Up-to-date: /home/urc/new_GUI/install/science_servo_control/local/lib/python3.10/dist-packages/science_servo_control/srv/_free_move_drum_s.c
[4.738s] -- Up-to-date: /home/urc/new_GUI/install/science_servo_control/local/lib/python3.10/dist-packages/science_servo_control/srv/_move_cuvette_s.c
[4.738s] -- Up-to-date: /home/urc/new_GUI/install/science_servo_control/local/lib/python3.10/dist-packages/science_servo_control/srv/_reboot_drum.py
[4.738s] -- Up-to-date: /home/urc/new_GUI/install/science_servo_control/local/lib/python3.10/dist-packages/science_servo_control/srv/_pre_mix_drum.py
[4.738s] -- Up-to-date: /home/urc/new_GUI/install/science_servo_control/local/lib/python3.10/dist-packages/science_servo_control/srv/_reboot_drum_s.c
[4.738s] -- Up-to-date: /home/urc/new_GUI/install/science_servo_control/local/lib/python3.10/dist-packages/science_servo_control/srv/_read_drum_position.py
[4.739s] -- Up-to-date: /home/urc/new_GUI/install/science_servo_control/local/lib/python3.10/dist-packages/science_servo_control/srv/_pre_seal_drum_s.c
[4.739s] -- Up-to-date: /home/urc/new_GUI/install/science_servo_control/local/lib/python3.10/dist-packages/science_servo_control/srv/_raise_linear_actuator_s.c
[4.739s] -- Up-to-date: /home/urc/new_GUI/install/science_servo_control/local/lib/python3.10/dist-packages/science_servo_control/srv/_move_linear_actuator_s.c
[4.739s] -- Up-to-date: /home/urc/new_GUI/install/science_servo_control/local/lib/python3.10/dist-packages/science_servo_control/_science_servo_control_s.ep.rosidl_typesupport_introspection_c.c
[4.739s] -- Up-to-date: /home/urc/new_GUI/install/science_servo_control/local/lib/python3.10/dist-packages/science_servo_control/_science_servo_control_s.ep.rosidl_typesupport_c.c
[4.831s] Listing '/home/urc/new_GUI/install/science_servo_control/local/lib/python3.10/dist-packages/science_servo_control'...
[4.831s] Listing '/home/urc/new_GUI/install/science_servo_control/local/lib/python3.10/dist-packages/science_servo_control/srv'...
[4.847s] -- Up-to-date: /home/urc/new_GUI/install/science_servo_control/local/lib/python3.10/dist-packages/science_servo_control/science_servo_control_s__rosidl_typesupport_fastrtps_c.cpython-310-x86_64-linux-gnu.so
[4.861s] -- Up-to-date: /home/urc/new_GUI/install/science_servo_control/local/lib/python3.10/dist-packages/science_servo_control/science_servo_control_s__rosidl_typesupport_introspection_c.cpython-310-x86_64-linux-gnu.so
[4.868s] -- Up-to-date: /home/urc/new_GUI/install/science_servo_control/local/lib/python3.10/dist-packages/science_servo_control/science_servo_control_s__rosidl_typesupport_c.cpython-310-x86_64-linux-gnu.so
[4.871s] -- Up-to-date: /home/urc/new_GUI/install/science_servo_control/lib/libscience_servo_control__rosidl_generator_py.so
[4.871s] -- Up-to-date: /home/urc/new_GUI/install/science_servo_control/share/science_servo_control/srv/LowerLinearActuator.idl
[4.871s] -- Up-to-date: /home/urc/new_GUI/install/science_servo_control/share/science_servo_control/srv/FreeMoveDrum.idl
[4.872s] -- Up-to-date: /home/urc/new_GUI/install/science_servo_control/share/science_servo_control/srv/MixSample.idl
[4.872s] -- Up-to-date: /home/urc/new_GUI/install/science_servo_control/share/science_servo_control/srv/MoveCuvette.idl
[4.872s] -- Up-to-date: /home/urc/new_GUI/install/science_servo_control/share/science_servo_control/srv/MoveLinearActuator.idl
[4.872s] -- Up-to-date: /home/urc/new_GUI/install/science_servo_control/share/science_servo_control/srv/MovePump.idl
[4.875s] -- Up-to-date: /home/urc/new_GUI/install/science_servo_control/share/science_servo_control/srv/PreMixDrum.idl
[4.875s] -- Up-to-date: /home/urc/new_GUI/install/science_servo_control/share/science_servo_control/srv/PreSealDrum.idl
[4.876s] -- Up-to-date: /home/urc/new_GUI/install/science_servo_control/share/science_servo_control/srv/RaiseLinearActuator.idl
[4.876s] -- Up-to-date: /home/urc/new_GUI/install/science_servo_control/share/science_servo_control/srv/ReadDrumPosition.idl
[4.876s] -- Up-to-date: /home/urc/new_GUI/install/science_servo_control/share/science_servo_control/srv/RebootDrum.idl
[4.876s] -- Up-to-date: /home/urc/new_GUI/install/science_servo_control/share/science_servo_control/srv/ScoopSample.idl
[4.879s] -- Up-to-date: /home/urc/new_GUI/install/science_servo_control/share/science_servo_control/srv/SealDrum.idl
[4.879s] -- Up-to-date: /home/urc/new_GUI/install/science_servo_control/share/science_servo_control/srv/SpinCentrifuge.idl
[4.879s] -- Up-to-date: /home/urc/new_GUI/install/science_servo_control/share/science_servo_control/srv/WriteGPIO.idl
[4.880s] -- Up-to-date: /home/urc/new_GUI/install/science_servo_control/share/science_servo_control/srv/LowerLinearActuator.srv
[4.880s] -- Up-to-date: /home/urc/new_GUI/install/science_servo_control/share/science_servo_control/srv/LowerLinearActuator_Request.msg
[4.880s] -- Up-to-date: /home/urc/new_GUI/install/science_servo_control/share/science_servo_control/srv/LowerLinearActuator_Response.msg
[4.880s] -- Up-to-date: /home/urc/new_GUI/install/science_servo_control/share/science_servo_control/srv/FreeMoveDrum.srv
[4.880s] -- Up-to-date: /home/urc/new_GUI/install/science_servo_control/share/science_servo_control/srv/FreeMoveDrum_Request.msg
[4.880s] -- Up-to-date: /home/urc/new_GUI/install/science_servo_control/share/science_servo_control/srv/FreeMoveDrum_Response.msg
[4.880s] -- Up-to-date: /home/urc/new_GUI/install/science_servo_control/share/science_servo_control/srv/MixSample.srv
[4.881s] -- Up-to-date: /home/urc/new_GUI/install/science_servo_control/share/science_servo_control/srv/MixSample_Request.msg
[4.881s] -- Up-to-date: /home/urc/new_GUI/install/science_servo_control/share/science_servo_control/srv/MixSample_Response.msg
[4.881s] -- Up-to-date: /home/urc/new_GUI/install/science_servo_control/share/science_servo_control/srv/MoveCuvette.srv
[4.881s] -- Up-to-date: /home/urc/new_GUI/install/science_servo_control/share/science_servo_control/srv/MoveCuvette_Request.msg
[4.881s] -- Up-to-date: /home/urc/new_GUI/install/science_servo_control/share/science_servo_control/srv/MoveCuvette_Response.msg
[4.881s] -- Up-to-date: /home/urc/new_GUI/install/science_servo_control/share/science_servo_control/srv/MoveLinearActuator.srv
[4.882s] -- Up-to-date: /home/urc/new_GUI/install/science_servo_control/share/science_servo_control/srv/MoveLinearActuator_Request.msg
[4.882s] -- Up-to-date: /home/urc/new_GUI/install/science_servo_control/share/science_servo_control/srv/MoveLinearActuator_Response.msg
[4.882s] -- Up-to-date: /home/urc/new_GUI/install/science_servo_control/share/science_servo_control/srv/MovePump.srv
[4.882s] -- Up-to-date: /home/urc/new_GUI/install/science_servo_control/share/science_servo_control/srv/MovePump_Request.msg
[4.882s] -- Up-to-date: /home/urc/new_GUI/install/science_servo_control/share/science_servo_control/srv/MovePump_Response.msg
[4.882s] -- Up-to-date: /home/urc/new_GUI/install/science_servo_control/share/science_servo_control/srv/PreMixDrum.srv
[4.882s] -- Up-to-date: /home/urc/new_GUI/install/science_servo_control/share/science_servo_control/srv/PreMixDrum_Request.msg
[4.883s] -- Up-to-date: /home/urc/new_GUI/install/science_servo_control/share/science_servo_control/srv/PreMixDrum_Response.msg
[4.883s] -- Up-to-date: /home/urc/new_GUI/install/science_servo_control/share/science_servo_control/srv/PreSealDrum.srv
[4.883s] -- Up-to-date: /home/urc/new_GUI/install/science_servo_control/share/science_servo_control/srv/PreSealDrum_Request.msg
[4.883s] -- Up-to-date: /home/urc/new_GUI/install/science_servo_control/share/science_servo_control/srv/PreSealDrum_Response.msg
[4.883s] -- Up-to-date: /home/urc/new_GUI/install/science_servo_control/share/science_servo_control/srv/RaiseLinearActuator.srv
[4.883s] -- Up-to-date: /home/urc/new_GUI/install/science_servo_control/share/science_servo_control/srv/RaiseLinearActuator_Request.msg
[4.884s] -- Up-to-date: /home/urc/new_GUI/install/science_servo_control/share/science_servo_control/srv/RaiseLinearActuator_Response.msg
[4.884s] -- Up-to-date: /home/urc/new_GUI/install/science_servo_control/share/science_servo_control/srv/ReadDrumPosition.srv
[4.884s] -- Up-to-date: /home/urc/new_GUI/install/science_servo_control/share/science_servo_control/srv/ReadDrumPosition_Request.msg
[4.884s] -- Up-to-date: /home/urc/new_GUI/install/science_servo_control/share/science_servo_control/srv/ReadDrumPosition_Response.msg
[4.884s] -- Up-to-date: /home/urc/new_GUI/install/science_servo_control/share/science_servo_control/srv/RebootDrum.srv
[4.884s] -- Up-to-date: /home/urc/new_GUI/install/science_servo_control/share/science_servo_control/srv/RebootDrum_Request.msg
[4.884s] -- Up-to-date: /home/urc/new_GUI/install/science_servo_control/share/science_servo_control/srv/RebootDrum_Response.msg
[4.885s] -- Up-to-date: /home/urc/new_GUI/install/science_servo_control/share/science_servo_control/srv/ScoopSample.srv
[4.885s] -- Up-to-date: /home/urc/new_GUI/install/science_servo_control/share/science_servo_control/srv/ScoopSample_Request.msg
[4.885s] -- Up-to-date: /home/urc/new_GUI/install/science_servo_control/share/science_servo_control/srv/ScoopSample_Response.msg
[4.885s] -- Up-to-date: /home/urc/new_GUI/install/science_servo_control/share/science_servo_control/srv/SealDrum.srv
[4.885s] -- Up-to-date: /home/urc/new_GUI/install/science_servo_control/share/science_servo_control/srv/SealDrum_Request.msg
[4.885s] -- Up-to-date: /home/urc/new_GUI/install/science_servo_control/share/science_servo_control/srv/SealDrum_Response.msg
[4.885s] -- Up-to-date: /home/urc/new_GUI/install/science_servo_control/share/science_servo_control/srv/SpinCentrifuge.srv
[4.886s] -- Up-to-date: /home/urc/new_GUI/install/science_servo_control/share/science_servo_control/srv/SpinCentrifuge_Request.msg
[4.886s] -- Up-to-date: /home/urc/new_GUI/install/science_servo_control/share/science_servo_control/srv/SpinCentrifuge_Response.msg
[4.886s] -- Up-to-date: /home/urc/new_GUI/install/science_servo_control/share/science_servo_control/srv/WriteGPIO.srv
[4.886s] -- Up-to-date: /home/urc/new_GUI/install/science_servo_control/share/science_servo_control/srv/WriteGPIO_Request.msg
[4.891s] -- Up-to-date: /home/urc/new_GUI/install/science_servo_control/share/science_servo_control/srv/WriteGPIO_Response.msg
[4.891s] -- Up-to-date: /home/urc/new_GUI/install/science_servo_control/share/ament_index/resource_index/package_run_dependencies/science_servo_control
[4.895s] -- Up-to-date: /home/urc/new_GUI/install/science_servo_control/share/ament_index/resource_index/parent_prefix_path/science_servo_control
[4.895s] -- Up-to-date: /home/urc/new_GUI/install/science_servo_control/share/science_servo_control/environment/ament_prefix_path.sh
[4.895s] -- Up-to-date: /home/urc/new_GUI/install/science_servo_control/share/science_servo_control/environment/ament_prefix_path.dsv
[4.896s] -- Up-to-date: /home/urc/new_GUI/install/science_servo_control/share/science_servo_control/environment/path.sh
[4.896s] -- Up-to-date: /home/urc/new_GUI/install/science_servo_control/share/science_servo_control/environment/path.dsv
[4.896s] -- Up-to-date: /home/urc/new_GUI/install/science_servo_control/share/science_servo_control/local_setup.bash
[4.896s] -- Up-to-date: /home/urc/new_GUI/install/science_servo_control/share/science_servo_control/local_setup.sh
[4.896s] -- Up-to-date: /home/urc/new_GUI/install/science_servo_control/share/science_servo_control/local_setup.zsh
[4.896s] -- Up-to-date: /home/urc/new_GUI/install/science_servo_control/share/science_servo_control/local_setup.dsv
[4.896s] -- Installing: /home/urc/new_GUI/install/science_servo_control/share/science_servo_control/package.dsv
[4.896s] -- Up-to-date: /home/urc/new_GUI/install/science_servo_control/share/ament_index/resource_index/packages/science_servo_control
[4.896s] -- Up-to-date: /home/urc/new_GUI/install/science_servo_control/share/science_servo_control/cmake/export_science_servo_control__rosidl_generator_cExport.cmake
[4.897s] -- Up-to-date: /home/urc/new_GUI/install/science_servo_control/share/science_servo_control/cmake/export_science_servo_control__rosidl_generator_cExport-noconfig.cmake
[4.897s] -- Up-to-date: /home/urc/new_GUI/install/science_servo_control/share/science_servo_control/cmake/export_science_servo_control__rosidl_typesupport_fastrtps_cExport.cmake
[4.897s] -- Up-to-date: /home/urc/new_GUI/install/science_servo_control/share/science_servo_control/cmake/export_science_servo_control__rosidl_typesupport_fastrtps_cExport-noconfig.cmake
[4.897s] -- Up-to-date: /home/urc/new_GUI/install/science_servo_control/share/science_servo_control/cmake/science_servo_control__rosidl_typesupport_introspection_cExport.cmake
[4.897s] -- Up-to-date: /home/urc/new_GUI/install/science_servo_control/share/science_servo_control/cmake/science_servo_control__rosidl_typesupport_introspection_cExport-noconfig.cmake
[4.897s] -- Up-to-date: /home/urc/new_GUI/install/science_servo_control/share/science_servo_control/cmake/science_servo_control__rosidl_typesupport_cExport.cmake
[4.897s] -- Up-to-date: /home/urc/new_GUI/install/science_servo_control/share/science_servo_control/cmake/science_servo_control__rosidl_typesupport_cExport-noconfig.cmake
[4.897s] -- Up-to-date: /home/urc/new_GUI/install/science_servo_control/share/science_servo_control/cmake/export_science_servo_control__rosidl_generator_cppExport.cmake
[4.897s] -- Up-to-date: /home/urc/new_GUI/install/science_servo_control/share/science_servo_control/cmake/export_science_servo_control__rosidl_typesupport_fastrtps_cppExport.cmake
[4.898s] -- Up-to-date: /home/urc/new_GUI/install/science_servo_control/share/science_servo_control/cmake/export_science_servo_control__rosidl_typesupport_fastrtps_cppExport-noconfig.cmake
[4.903s] -- Up-to-date: /home/urc/new_GUI/install/science_servo_control/share/science_servo_control/cmake/science_servo_control__rosidl_typesupport_introspection_cppExport.cmake
[4.903s] -- Up-to-date: /home/urc/new_GUI/install/science_servo_control/share/science_servo_control/cmake/science_servo_control__rosidl_typesupport_introspection_cppExport-noconfig.cmake
[4.903s] -- Up-to-date: /home/urc/new_GUI/install/science_servo_control/share/science_servo_control/cmake/science_servo_control__rosidl_typesupport_cppExport.cmake
[4.904s] -- Up-to-date: /home/urc/new_GUI/install/science_servo_control/share/science_servo_control/cmake/science_servo_control__rosidl_typesupport_cppExport-noconfig.cmake
[4.904s] -- Up-to-date: /home/urc/new_GUI/install/science_servo_control/share/science_servo_control/cmake/export_science_servo_control__rosidl_generator_pyExport.cmake
[4.904s] -- Up-to-date: /home/urc/new_GUI/install/science_servo_control/share/science_servo_control/cmake/export_science_servo_control__rosidl_generator_pyExport-noconfig.cmake
[4.904s] -- Up-to-date: /home/urc/new_GUI/install/science_servo_control/share/science_servo_control/cmake/rosidl_cmake-extras.cmake
[4.904s] -- Up-to-date: /home/urc/new_GUI/install/science_servo_control/share/science_servo_control/cmake/ament_cmake_export_dependencies-extras.cmake
[4.904s] -- Up-to-date: /home/urc/new_GUI/install/science_servo_control/share/science_servo_control/cmake/ament_cmake_export_include_directories-extras.cmake
[4.904s] -- Up-to-date: /home/urc/new_GUI/install/science_servo_control/share/science_servo_control/cmake/ament_cmake_export_libraries-extras.cmake
[4.904s] -- Up-to-date: /home/urc/new_GUI/install/science_servo_control/share/science_servo_control/cmake/ament_cmake_export_targets-extras.cmake
[4.904s] -- Up-to-date: /home/urc/new_GUI/install/science_servo_control/share/science_servo_control/cmake/rosidl_cmake_export_typesupport_targets-extras.cmake
[4.904s] -- Up-to-date: /home/urc/new_GUI/install/science_servo_control/share/science_servo_control/cmake/rosidl_cmake_export_typesupport_libraries-extras.cmake
[4.904s] -- Up-to-date: /home/urc/new_GUI/install/science_servo_control/share/science_servo_control/cmake/science_servo_controlConfig.cmake
[4.905s] -- Up-to-date: /home/urc/new_GUI/install/science_servo_control/share/science_servo_control/cmake/science_servo_controlConfig-version.cmake
[4.905s] -- Up-to-date: /home/urc/new_GUI/install/science_servo_control/share/science_servo_control/package.xml
[4.923s] Invoked command in '/home/urc/new_GUI/build/science_servo_control' returned '0': CMAKE_PREFIX_PATH=/home/urc/test_ws/install/turtle_test:/home/urc/test_ws/install/roslink_test:/home/urc/new_GUI/install/gui_window:/opt/ros/humble:${CMAKE_PREFIX_PATH} /usr/bin/cmake --install /home/urc/new_GUI/build/science_servo_control
