[1.575s] Invoking command in '/home/urc/new-GUI/build/theora_webcams': CMAKE_PREFIX_PATH=/home/urc/new-GUI/install/theora_webcams:/home/urc/new-GUI/install/gui_window:/opt/ros/humble:/home/urc/new-GUI/install/geographic_msgs:/home/urc/new-GUI/install/aruco_finder /usr/bin/cmake --build /home/urc/new-GUI/build/theora_webcams -- -j4 -l4
[1.784s] [  1%] [32mBuilding CXX object CMakeFiles/camera_publisher.dir/src/camera_publisher_v4l2.cpp.o[0m
[1.825s] [  1%] Built target ament_cmake_python_copy_theora_webcams
[1.839s] [  2%] Built target theora_webcams__cpp
[1.840s] [ 13%] Built target theora_webcams__rosidl_generator_c
[1.852s] [01m[K/home/urc/new-GUI/src/theora_webcams/src/camera_publisher_v4l2.cpp:6:10:[m[K [01;31m[Kfatal error: [m[Kv4l2_camera.h: No such file or directory
[1.852s]     6 | #include [01;31m[K<v4l2_camera.h>[m[K
[1.857s]       |          [01;31m[K^~~~~~~~~~~~~~~[m[K
[1.857s] compilation terminated.
[1.878s] gmake[2]: *** [CMakeFiles/camera_publisher.dir/build.make:76: CMakeFiles/camera_publisher.dir/src/camera_publisher_v4l2.cpp.o] Error 1
[1.878s] gmake[1]: *** [CMakeFiles/Makefile2:592: CMakeFiles/camera_publisher.dir/all] Error 2
[1.878s] gmake[1]: *** Waiting for unfinished jobs....
[1.968s] [ 24%] Built target theora_webcams__rosidl_typesupport_fastrtps_cpp
[1.982s] [ 36%] Built target theora_webcams__rosidl_typesupport_cpp
[2.534s] running egg_info
[2.535s] writing theora_webcams.egg-info/PKG-INFO
[2.638s] writing dependency_links to theora_webcams.egg-info/dependency_links.txt
[2.638s] writing top-level names to theora_webcams.egg-info/top_level.txt
[2.640s] reading manifest file 'theora_webcams.egg-info/SOURCES.txt'
[2.641s] writing manifest file 'theora_webcams.egg-info/SOURCES.txt'
[2.858s] [ 36%] Built target ament_cmake_python_build_theora_webcams_egg
[2.861s] gmake: *** [Makefile:146: all] Error 2
[3.216s] Invoked command in '/home/urc/new-GUI/build/theora_webcams' returned '2': CMAKE_PREFIX_PATH=/home/urc/new-GUI/install/theora_webcams:/home/urc/new-GUI/install/gui_window:/opt/ros/humble:/home/urc/new-GUI/install/geographic_msgs:/home/urc/new-GUI/install/aruco_finder /usr/bin/cmake --build /home/urc/new-GUI/build/theora_webcams -- -j4 -l4
