[0.422s] Invoking command in '/home/urc/new-GUI/build/aruco_finder': CMAKE_PREFIX_PATH=/home/urc/new-GUI/install/theora_webcams:/home/urc/new-GUI/install/gui_window:/opt/ros/humble:/home/urc/new-GUI/install/geographic_msgs:/home/urc/new-GUI/install/aruco_finder /usr/bin/cmake --build /home/urc/new-GUI/build/aruco_finder -- -j4 -l4
[1.076s] [ 10%] Built target aruco_finder__rosidl_generator_c
[1.076s] [ 12%] Built target aruco_finder__cpp
[1.076s] [ 12%] Built target ament_cmake_python_copy_aruco_finder
[1.076s] [ 23%] Built target aruco_finder__rosidl_typesupport_introspection_c
[1.076s] [ 33%] Built target aruco_finder__rosidl_typesupport_fastrtps_c
[1.077s] [ 43%] Built target aruco_finder__rosidl_typesupport_c
[1.077s] [ 53%] Built target aruco_finder__rosidl_typesupport_fastrtps_cpp
[1.077s] [ 64%] Built target aruco_finder__rosidl_typesupport_introspection_cpp
[1.077s] [ 74%] Built target aruco_finder__rosidl_typesupport_cpp
[1.077s] [ 74%] Built target aruco_finder
[1.077s] [ 76%] Built target aruco_finder__py
[1.077s] [ 84%] Built target aruco_finder__rosidl_generator_py
[1.077s] [ 89%] Built target aruco_finder__rosidl_typesupport_fastrtps_c__pyext
[1.077s] [ 94%] Built target aruco_finder__rosidl_typesupport_c__pyext
[1.077s] [100%] Built target aruco_finder__rosidl_typesupport_introspection_c__pyext
[1.096s] running egg_info
[1.098s] writing aruco_finder.egg-info/PKG-INFO
[1.098s] writing dependency_links to aruco_finder.egg-info/dependency_links.txt
[1.098s] writing top-level names to aruco_finder.egg-info/top_level.txt
[1.102s] reading manifest file 'aruco_finder.egg-info/SOURCES.txt'
[1.102s] writing manifest file 'aruco_finder.egg-info/SOURCES.txt'
[1.155s] [100%] Built target ament_cmake_python_build_aruco_finder_egg
[1.214s] Invoked command in '/home/urc/new-GUI/build/aruco_finder' returned '0': CMAKE_PREFIX_PATH=/home/urc/new-GUI/install/theora_webcams:/home/urc/new-GUI/install/gui_window:/opt/ros/humble:/home/urc/new-GUI/install/geographic_msgs:/home/urc/new-GUI/install/aruco_finder /usr/bin/cmake --build /home/urc/new-GUI/build/aruco_finder -- -j4 -l4
[1.372s] Invoking command in '/home/urc/new-GUI/build/aruco_finder': CMAKE_PREFIX_PATH=/home/urc/new-GUI/install/theora_webcams:/home/urc/new-GUI/install/gui_window:/opt/ros/humble:/home/urc/new-GUI/install/geographic_msgs:/home/urc/new-GUI/install/aruco_finder /usr/bin/cmake --install /home/urc/new-GUI/build/aruco_finder
[1.384s] -- Install configuration: ""
[1.385s] -- Up-to-date: /home/urc/new-GUI/install/aruco_finder/share/ament_index/resource_index/rosidl_interfaces/aruco_finder
[1.385s] -- Up-to-date: /home/urc/new-GUI/install/aruco_finder/include/aruco_finder/aruco_finder
[1.385s] -- Up-to-date: /home/urc/new-GUI/install/aruco_finder/include/aruco_finder/aruco_finder/msg
[1.385s] -- Up-to-date: /home/urc/new-GUI/install/aruco_finder/include/aruco_finder/aruco_finder/msg/found_marker.h
[1.385s] -- Up-to-date: /home/urc/new-GUI/install/aruco_finder/include/aruco_finder/aruco_finder/msg/found_marker_list.h
[1.385s] -- Up-to-date: /home/urc/new-GUI/install/aruco_finder/include/aruco_finder/aruco_finder/msg/rosidl_generator_c__visibility_control.h
[1.385s] -- Up-to-date: /home/urc/new-GUI/install/aruco_finder/include/aruco_finder/aruco_finder/msg/detail
[1.385s] -- Up-to-date: /home/urc/new-GUI/install/aruco_finder/include/aruco_finder/aruco_finder/msg/detail/found_marker__functions.c
[1.385s] -- Up-to-date: /home/urc/new-GUI/install/aruco_finder/include/aruco_finder/aruco_finder/msg/detail/found_marker__functions.h
[1.385s] -- Up-to-date: /home/urc/new-GUI/install/aruco_finder/include/aruco_finder/aruco_finder/msg/detail/found_marker_list__struct.h
[1.386s] -- Up-to-date: /home/urc/new-GUI/install/aruco_finder/include/aruco_finder/aruco_finder/msg/detail/found_marker__struct.h
[1.386s] -- Up-to-date: /home/urc/new-GUI/install/aruco_finder/include/aruco_finder/aruco_finder/msg/detail/found_marker_list__functions.h
[1.386s] -- Up-to-date: /home/urc/new-GUI/install/aruco_finder/include/aruco_finder/aruco_finder/msg/detail/found_marker_list__type_support.h
[1.386s] -- Up-to-date: /home/urc/new-GUI/install/aruco_finder/include/aruco_finder/aruco_finder/msg/detail/found_marker__type_support.h
[1.386s] -- Up-to-date: /home/urc/new-GUI/install/aruco_finder/include/aruco_finder/aruco_finder/msg/detail/found_marker_list__functions.c
[1.386s] -- Up-to-date: /home/urc/new-GUI/install/aruco_finder/share/aruco_finder/environment/library_path.sh
[1.386s] -- Up-to-date: /home/urc/new-GUI/install/aruco_finder/share/aruco_finder/environment/library_path.dsv
[1.386s] -- Up-to-date: /home/urc/new-GUI/install/aruco_finder/lib/libaruco_finder__rosidl_generator_c.so
[1.386s] -- Up-to-date: /home/urc/new-GUI/install/aruco_finder/include/aruco_finder/aruco_finder
[1.386s] -- Up-to-date: /home/urc/new-GUI/install/aruco_finder/include/aruco_finder/aruco_finder/msg
[1.386s] -- Up-to-date: /home/urc/new-GUI/install/aruco_finder/include/aruco_finder/aruco_finder/msg/rosidl_typesupport_fastrtps_c__visibility_control.h
[1.387s] -- Up-to-date: /home/urc/new-GUI/install/aruco_finder/include/aruco_finder/aruco_finder/msg/detail
[1.387s] -- Up-to-date: /home/urc/new-GUI/install/aruco_finder/include/aruco_finder/aruco_finder/msg/detail/found_marker_list__rosidl_typesupport_fastrtps_c.h
[1.387s] -- Up-to-date: /home/urc/new-GUI/install/aruco_finder/include/aruco_finder/aruco_finder/msg/detail/found_marker__rosidl_typesupport_fastrtps_c.h
[1.390s] -- Up-to-date: /home/urc/new-GUI/install/aruco_finder/lib/libaruco_finder__rosidl_typesupport_fastrtps_c.so
[1.390s] -- Up-to-date: /home/urc/new-GUI/install/aruco_finder/include/aruco_finder/aruco_finder
[1.390s] -- Up-to-date: /home/urc/new-GUI/install/aruco_finder/include/aruco_finder/aruco_finder/msg
[1.391s] -- Up-to-date: /home/urc/new-GUI/install/aruco_finder/include/aruco_finder/aruco_finder/msg/rosidl_typesupport_introspection_c__visibility_control.h
[1.391s] -- Up-to-date: /home/urc/new-GUI/install/aruco_finder/include/aruco_finder/aruco_finder/msg/detail
[1.391s] -- Up-to-date: /home/urc/new-GUI/install/aruco_finder/include/aruco_finder/aruco_finder/msg/detail/found_marker__rosidl_typesupport_introspection_c.h
[1.391s] -- Up-to-date: /home/urc/new-GUI/install/aruco_finder/include/aruco_finder/aruco_finder/msg/detail/found_marker_list__type_support.c
[1.391s] -- Up-to-date: /home/urc/new-GUI/install/aruco_finder/include/aruco_finder/aruco_finder/msg/detail/found_marker__type_support.c
[1.391s] -- Up-to-date: /home/urc/new-GUI/install/aruco_finder/include/aruco_finder/aruco_finder/msg/detail/found_marker_list__rosidl_typesupport_introspection_c.h
[1.391s] -- Up-to-date: /home/urc/new-GUI/install/aruco_finder/lib/libaruco_finder__rosidl_typesupport_introspection_c.so
[1.392s] -- Up-to-date: /home/urc/new-GUI/install/aruco_finder/lib/libaruco_finder__rosidl_typesupport_c.so
[1.392s] -- Up-to-date: /home/urc/new-GUI/install/aruco_finder/include/aruco_finder/aruco_finder
[1.392s] -- Up-to-date: /home/urc/new-GUI/install/aruco_finder/include/aruco_finder/aruco_finder/msg
[1.392s] -- Up-to-date: /home/urc/new-GUI/install/aruco_finder/include/aruco_finder/aruco_finder/msg/found_marker.hpp
[1.392s] -- Up-to-date: /home/urc/new-GUI/install/aruco_finder/include/aruco_finder/aruco_finder/msg/found_marker_list.hpp
[1.392s] -- Up-to-date: /home/urc/new-GUI/install/aruco_finder/include/aruco_finder/aruco_finder/msg/detail
[1.392s] -- Up-to-date: /home/urc/new-GUI/install/aruco_finder/include/aruco_finder/aruco_finder/msg/detail/found_marker__builder.hpp
[1.392s] -- Up-to-date: /home/urc/new-GUI/install/aruco_finder/include/aruco_finder/aruco_finder/msg/detail/found_marker_list__struct.hpp
[1.392s] -- Up-to-date: /home/urc/new-GUI/install/aruco_finder/include/aruco_finder/aruco_finder/msg/detail/found_marker__traits.hpp
[1.392s] -- Up-to-date: /home/urc/new-GUI/install/aruco_finder/include/aruco_finder/aruco_finder/msg/detail/found_marker_list__builder.hpp
[1.393s] -- Up-to-date: /home/urc/new-GUI/install/aruco_finder/include/aruco_finder/aruco_finder/msg/detail/found_marker__struct.hpp
[1.393s] -- Up-to-date: /home/urc/new-GUI/install/aruco_finder/include/aruco_finder/aruco_finder/msg/detail/found_marker_list__traits.hpp
[1.393s] -- Up-to-date: /home/urc/new-GUI/install/aruco_finder/include/aruco_finder/aruco_finder
[1.393s] -- Up-to-date: /home/urc/new-GUI/install/aruco_finder/include/aruco_finder/aruco_finder/msg
[1.393s] -- Up-to-date: /home/urc/new-GUI/install/aruco_finder/include/aruco_finder/aruco_finder/msg/rosidl_typesupport_fastrtps_cpp__visibility_control.h
[1.393s] -- Up-to-date: /home/urc/new-GUI/install/aruco_finder/include/aruco_finder/aruco_finder/msg/detail
[1.393s] -- Up-to-date: /home/urc/new-GUI/install/aruco_finder/include/aruco_finder/aruco_finder/msg/detail/found_marker__rosidl_typesupport_fastrtps_cpp.hpp
[1.393s] -- Up-to-date: /home/urc/new-GUI/install/aruco_finder/include/aruco_finder/aruco_finder/msg/detail/found_marker_list__rosidl_typesupport_fastrtps_cpp.hpp
[1.393s] -- Up-to-date: /home/urc/new-GUI/install/aruco_finder/include/aruco_finder/aruco_finder/msg/detail/dds_fastrtps
[1.393s] -- Up-to-date: /home/urc/new-GUI/install/aruco_finder/lib/libaruco_finder__rosidl_typesupport_fastrtps_cpp.so
[1.393s] -- Up-to-date: /home/urc/new-GUI/install/aruco_finder/include/aruco_finder/aruco_finder
[1.394s] -- Up-to-date: /home/urc/new-GUI/install/aruco_finder/include/aruco_finder/aruco_finder/msg
[1.394s] -- Up-to-date: /home/urc/new-GUI/install/aruco_finder/include/aruco_finder/aruco_finder/msg/detail
[1.394s] -- Up-to-date: /home/urc/new-GUI/install/aruco_finder/include/aruco_finder/aruco_finder/msg/detail/found_marker_list__type_support.cpp
[1.394s] -- Up-to-date: /home/urc/new-GUI/install/aruco_finder/include/aruco_finder/aruco_finder/msg/detail/found_marker_list__rosidl_typesupport_introspection_cpp.hpp
[1.394s] -- Up-to-date: /home/urc/new-GUI/install/aruco_finder/include/aruco_finder/aruco_finder/msg/detail/found_marker__type_support.cpp
[1.394s] -- Up-to-date: /home/urc/new-GUI/install/aruco_finder/include/aruco_finder/aruco_finder/msg/detail/found_marker__rosidl_typesupport_introspection_cpp.hpp
[1.394s] -- Up-to-date: /home/urc/new-GUI/install/aruco_finder/lib/libaruco_finder__rosidl_typesupport_introspection_cpp.so
[1.394s] -- Up-to-date: /home/urc/new-GUI/install/aruco_finder/lib/libaruco_finder__rosidl_typesupport_cpp.so
[1.394s] -- Up-to-date: /home/urc/new-GUI/install/aruco_finder/share/aruco_finder/environment/pythonpath.sh
[1.394s] -- Up-to-date: /home/urc/new-GUI/install/aruco_finder/share/aruco_finder/environment/pythonpath.dsv
[1.394s] -- Up-to-date: /home/urc/new-GUI/install/aruco_finder/local/lib/python3.10/dist-packages/aruco_finder-0.0.0-py3.10.egg-info
[1.395s] -- Installing: /home/urc/new-GUI/install/aruco_finder/local/lib/python3.10/dist-packages/aruco_finder-0.0.0-py3.10.egg-info/PKG-INFO
[1.395s] -- Installing: /home/urc/new-GUI/install/aruco_finder/local/lib/python3.10/dist-packages/aruco_finder-0.0.0-py3.10.egg-info/dependency_links.txt
[1.395s] -- Installing: /home/urc/new-GUI/install/aruco_finder/local/lib/python3.10/dist-packages/aruco_finder-0.0.0-py3.10.egg-info/top_level.txt
[1.395s] -- Installing: /home/urc/new-GUI/install/aruco_finder/local/lib/python3.10/dist-packages/aruco_finder-0.0.0-py3.10.egg-info/SOURCES.txt
[1.395s] -- Up-to-date: /home/urc/new-GUI/install/aruco_finder/local/lib/python3.10/dist-packages/aruco_finder
[1.395s] -- Up-to-date: /home/urc/new-GUI/install/aruco_finder/local/lib/python3.10/dist-packages/aruco_finder/msg
[1.395s] -- Up-to-date: /home/urc/new-GUI/install/aruco_finder/local/lib/python3.10/dist-packages/aruco_finder/msg/_found_marker_list.py
[1.395s] -- Up-to-date: /home/urc/new-GUI/install/aruco_finder/local/lib/python3.10/dist-packages/aruco_finder/msg/__init__.py
[1.395s] -- Up-to-date: /home/urc/new-GUI/install/aruco_finder/local/lib/python3.10/dist-packages/aruco_finder/msg/_found_marker_list_s.c
[1.395s] -- Up-to-date: /home/urc/new-GUI/install/aruco_finder/local/lib/python3.10/dist-packages/aruco_finder/msg/_found_marker.py
[1.396s] -- Up-to-date: /home/urc/new-GUI/install/aruco_finder/local/lib/python3.10/dist-packages/aruco_finder/msg/_found_marker_s.c
[1.396s] -- Up-to-date: /home/urc/new-GUI/install/aruco_finder/local/lib/python3.10/dist-packages/aruco_finder/libaruco_finder__rosidl_generator_py.so
[1.396s] -- Up-to-date: /home/urc/new-GUI/install/aruco_finder/local/lib/python3.10/dist-packages/aruco_finder/__init__.py
[1.396s] -- Up-to-date: /home/urc/new-GUI/install/aruco_finder/local/lib/python3.10/dist-packages/aruco_finder/aruco_finder_s__rosidl_typesupport_introspection_c.cpython-310-x86_64-linux-gnu.so
[1.396s] -- Up-to-date: /home/urc/new-GUI/install/aruco_finder/local/lib/python3.10/dist-packages/aruco_finder/aruco_finder_s__rosidl_typesupport_c.cpython-310-x86_64-linux-gnu.so
[1.396s] -- Up-to-date: /home/urc/new-GUI/install/aruco_finder/local/lib/python3.10/dist-packages/aruco_finder/aruco_finder_s__rosidl_typesupport_fastrtps_c.cpython-310-x86_64-linux-gnu.so
[1.396s] -- Up-to-date: /home/urc/new-GUI/install/aruco_finder/local/lib/python3.10/dist-packages/aruco_finder/_aruco_finder_s.ep.rosidl_typesupport_c.c
[1.396s] -- Up-to-date: /home/urc/new-GUI/install/aruco_finder/local/lib/python3.10/dist-packages/aruco_finder/_aruco_finder_s.ep.rosidl_typesupport_fastrtps_c.c
[1.396s] -- Up-to-date: /home/urc/new-GUI/install/aruco_finder/local/lib/python3.10/dist-packages/aruco_finder/_aruco_finder_s.ep.rosidl_typesupport_introspection_c.c
[1.451s] Listing '/home/urc/new-GUI/install/aruco_finder/local/lib/python3.10/dist-packages/aruco_finder'...
[1.451s] Listing '/home/urc/new-GUI/install/aruco_finder/local/lib/python3.10/dist-packages/aruco_finder/msg'...
[1.457s] -- Up-to-date: /home/urc/new-GUI/install/aruco_finder/local/lib/python3.10/dist-packages/aruco_finder/aruco_finder_s__rosidl_typesupport_fastrtps_c.cpython-310-x86_64-linux-gnu.so
[1.457s] -- Up-to-date: /home/urc/new-GUI/install/aruco_finder/local/lib/python3.10/dist-packages/aruco_finder/aruco_finder_s__rosidl_typesupport_introspection_c.cpython-310-x86_64-linux-gnu.so
[1.458s] -- Up-to-date: /home/urc/new-GUI/install/aruco_finder/local/lib/python3.10/dist-packages/aruco_finder/aruco_finder_s__rosidl_typesupport_c.cpython-310-x86_64-linux-gnu.so
[1.459s] -- Up-to-date: /home/urc/new-GUI/install/aruco_finder/lib/libaruco_finder__rosidl_generator_py.so
[1.461s] -- Up-to-date: /home/urc/new-GUI/install/aruco_finder/share/aruco_finder/msg/FoundMarker.idl
[1.462s] -- Up-to-date: /home/urc/new-GUI/install/aruco_finder/share/aruco_finder/msg/FoundMarkerList.idl
[1.463s] -- Up-to-date: /home/urc/new-GUI/install/aruco_finder/share/aruco_finder/msg/FoundMarker.msg
[1.463s] -- Up-to-date: /home/urc/new-GUI/install/aruco_finder/share/aruco_finder/msg/FoundMarkerList.msg
[1.463s] -- Up-to-date: /home/urc/new-GUI/install/aruco_finder/share/ament_index/resource_index/package_run_dependencies/aruco_finder
[1.464s] -- Up-to-date: /home/urc/new-GUI/install/aruco_finder/share/ament_index/resource_index/parent_prefix_path/aruco_finder
[1.464s] -- Up-to-date: /home/urc/new-GUI/install/aruco_finder/share/aruco_finder/environment/ament_prefix_path.sh
[1.464s] -- Up-to-date: /home/urc/new-GUI/install/aruco_finder/share/aruco_finder/environment/ament_prefix_path.dsv
[1.464s] -- Up-to-date: /home/urc/new-GUI/install/aruco_finder/share/aruco_finder/environment/path.sh
[1.465s] -- Up-to-date: /home/urc/new-GUI/install/aruco_finder/share/aruco_finder/environment/path.dsv
[1.465s] -- Up-to-date: /home/urc/new-GUI/install/aruco_finder/share/aruco_finder/local_setup.bash
[1.465s] -- Up-to-date: /home/urc/new-GUI/install/aruco_finder/share/aruco_finder/local_setup.sh
[1.466s] -- Up-to-date: /home/urc/new-GUI/install/aruco_finder/share/aruco_finder/local_setup.zsh
[1.466s] -- Up-to-date: /home/urc/new-GUI/install/aruco_finder/share/aruco_finder/local_setup.dsv
[1.467s] -- Installing: /home/urc/new-GUI/install/aruco_finder/share/aruco_finder/package.dsv
[1.471s] -- Up-to-date: /home/urc/new-GUI/install/aruco_finder/share/ament_index/resource_index/packages/aruco_finder
[1.472s] -- Up-to-date: /home/urc/new-GUI/install/aruco_finder/share/aruco_finder/cmake/export_aruco_finder__rosidl_generator_cExport.cmake
[1.473s] -- Up-to-date: /home/urc/new-GUI/install/aruco_finder/share/aruco_finder/cmake/export_aruco_finder__rosidl_generator_cExport-noconfig.cmake
[1.473s] -- Up-to-date: /home/urc/new-GUI/install/aruco_finder/share/aruco_finder/cmake/export_aruco_finder__rosidl_typesupport_fastrtps_cExport.cmake
[1.473s] -- Up-to-date: /home/urc/new-GUI/install/aruco_finder/share/aruco_finder/cmake/export_aruco_finder__rosidl_typesupport_fastrtps_cExport-noconfig.cmake
[1.473s] -- Up-to-date: /home/urc/new-GUI/install/aruco_finder/share/aruco_finder/cmake/aruco_finder__rosidl_typesupport_introspection_cExport.cmake
[1.473s] -- Up-to-date: /home/urc/new-GUI/install/aruco_finder/share/aruco_finder/cmake/aruco_finder__rosidl_typesupport_introspection_cExport-noconfig.cmake
[1.473s] -- Up-to-date: /home/urc/new-GUI/install/aruco_finder/share/aruco_finder/cmake/aruco_finder__rosidl_typesupport_cExport.cmake
[1.477s] -- Up-to-date: /home/urc/new-GUI/install/aruco_finder/share/aruco_finder/cmake/aruco_finder__rosidl_typesupport_cExport-noconfig.cmake
[1.477s] -- Up-to-date: /home/urc/new-GUI/install/aruco_finder/share/aruco_finder/cmake/export_aruco_finder__rosidl_generator_cppExport.cmake
[1.477s] -- Up-to-date: /home/urc/new-GUI/install/aruco_finder/share/aruco_finder/cmake/export_aruco_finder__rosidl_typesupport_fastrtps_cppExport.cmake
[1.477s] -- Up-to-date: /home/urc/new-GUI/install/aruco_finder/share/aruco_finder/cmake/export_aruco_finder__rosidl_typesupport_fastrtps_cppExport-noconfig.cmake
[1.477s] -- Up-to-date: /home/urc/new-GUI/install/aruco_finder/share/aruco_finder/cmake/aruco_finder__rosidl_typesupport_introspection_cppExport.cmake
[1.477s] -- Up-to-date: /home/urc/new-GUI/install/aruco_finder/share/aruco_finder/cmake/aruco_finder__rosidl_typesupport_introspection_cppExport-noconfig.cmake
[1.477s] -- Up-to-date: /home/urc/new-GUI/install/aruco_finder/share/aruco_finder/cmake/aruco_finder__rosidl_typesupport_cppExport.cmake
[1.477s] -- Up-to-date: /home/urc/new-GUI/install/aruco_finder/share/aruco_finder/cmake/aruco_finder__rosidl_typesupport_cppExport-noconfig.cmake
[1.478s] -- Up-to-date: /home/urc/new-GUI/install/aruco_finder/share/aruco_finder/cmake/export_aruco_finder__rosidl_generator_pyExport.cmake
[1.478s] -- Up-to-date: /home/urc/new-GUI/install/aruco_finder/share/aruco_finder/cmake/export_aruco_finder__rosidl_generator_pyExport-noconfig.cmake
[1.478s] -- Up-to-date: /home/urc/new-GUI/install/aruco_finder/share/aruco_finder/cmake/rosidl_cmake-extras.cmake
[1.478s] -- Up-to-date: /home/urc/new-GUI/install/aruco_finder/share/aruco_finder/cmake/ament_cmake_export_dependencies-extras.cmake
[1.478s] -- Up-to-date: /home/urc/new-GUI/install/aruco_finder/share/aruco_finder/cmake/ament_cmake_export_include_directories-extras.cmake
[1.478s] -- Up-to-date: /home/urc/new-GUI/install/aruco_finder/share/aruco_finder/cmake/ament_cmake_export_libraries-extras.cmake
[1.478s] -- Up-to-date: /home/urc/new-GUI/install/aruco_finder/share/aruco_finder/cmake/ament_cmake_export_targets-extras.cmake
[1.478s] -- Up-to-date: /home/urc/new-GUI/install/aruco_finder/share/aruco_finder/cmake/rosidl_cmake_export_typesupport_targets-extras.cmake
[1.478s] -- Up-to-date: /home/urc/new-GUI/install/aruco_finder/share/aruco_finder/cmake/rosidl_cmake_export_typesupport_libraries-extras.cmake
[1.478s] -- Up-to-date: /home/urc/new-GUI/install/aruco_finder/share/aruco_finder/cmake/aruco_finderConfig.cmake
[1.478s] -- Up-to-date: /home/urc/new-GUI/install/aruco_finder/share/aruco_finder/cmake/aruco_finderConfig-version.cmake
[1.479s] -- Up-to-date: /home/urc/new-GUI/install/aruco_finder/share/aruco_finder/package.xml
[1.505s] Invoked command in '/home/urc/new-GUI/build/aruco_finder' returned '0': CMAKE_PREFIX_PATH=/home/urc/new-GUI/install/theora_webcams:/home/urc/new-GUI/install/gui_window:/opt/ros/humble:/home/urc/new-GUI/install/geographic_msgs:/home/urc/new-GUI/install/aruco_finder /usr/bin/cmake --install /home/urc/new-GUI/build/aruco_finder
