[0.306s] Invoking command in '/home/urc/new_GUI/build/hockey_stick_arm': CMAKE_PREFIX_PATH=/home/urc/new_GUI/install/gui_window:/home/urc/test_ws/install/turtle_test:/home/urc/test_ws/install/roslink_test:/opt/ros/humble:${CMAKE_PREFIX_PATH} /usr/bin/cmake --build /home/urc/new_GUI/build/hockey_stick_arm -- -j4 -l4
[1.286s] [  2%] Built target hockey_stick_arm__cpp
[1.441s] [  2%] Built target ament_cmake_python_copy_hockey_stick_arm
[1.517s] [ 12%] Built target hockey_stick_arm__rosidl_typesupport_fastrtps_cpp
[1.624s] [ 23%] Built target hockey_stick_arm__rosidl_typesupport_introspection_cpp
[3.663s] running egg_info
[3.664s] writing hockey_stick_arm.egg-info/PKG-INFO
[3.664s] writing dependency_links to hockey_stick_arm.egg-info/dependency_links.txt
[3.665s] writing top-level names to hockey_stick_arm.egg-info/top_level.txt
[3.725s] reading manifest file 'hockey_stick_arm.egg-info/SOURCES.txt'
[3.730s] writing manifest file 'hockey_stick_arm.egg-info/SOURCES.txt'
[3.960s] [ 23%] Built target ament_cmake_python_build_hockey_stick_arm_egg
[4.092s] [ 33%] Built target hockey_stick_arm__rosidl_typesupport_cpp
[4.205s] [ 43%] Built target hockey_stick_arm__rosidl_generator_c
[4.291s] [ 53%] Built target hockey_stick_arm__rosidl_typesupport_fastrtps_c
[4.479s] [ 64%] Built target hockey_stick_arm__rosidl_typesupport_c
[4.577s] [ 74%] Built target hockey_stick_arm__rosidl_typesupport_introspection_c
[4.662s] [ 74%] Built target hockey_stick_arm
[4.800s] [ 76%] Built target hockey_stick_arm__py
[4.909s] [ 84%] Built target hockey_stick_arm__rosidl_generator_py
[5.015s] [ 89%] Built target hockey_stick_arm__rosidl_typesupport_fastrtps_c__pyext
[5.115s] [ 94%] Built target hockey_stick_arm__rosidl_typesupport_c__pyext
[5.194s] [100%] Built target hockey_stick_arm__rosidl_typesupport_introspection_c__pyext
[5.214s] Invoked command in '/home/urc/new_GUI/build/hockey_stick_arm' returned '0': CMAKE_PREFIX_PATH=/home/urc/new_GUI/install/gui_window:/home/urc/test_ws/install/turtle_test:/home/urc/test_ws/install/roslink_test:/opt/ros/humble:${CMAKE_PREFIX_PATH} /usr/bin/cmake --build /home/urc/new_GUI/build/hockey_stick_arm -- -j4 -l4
[5.940s] Invoking command in '/home/urc/new_GUI/build/hockey_stick_arm': CMAKE_PREFIX_PATH=/home/urc/new_GUI/install/gui_window:/home/urc/test_ws/install/turtle_test:/home/urc/test_ws/install/roslink_test:/opt/ros/humble:${CMAKE_PREFIX_PATH} /usr/bin/cmake --install /home/urc/new_GUI/build/hockey_stick_arm
[5.984s] -- Install configuration: ""
[5.984s] -- Up-to-date: /home/urc/new_GUI/install/hockey_stick_arm/share/ament_index/resource_index/rosidl_interfaces/hockey_stick_arm
[5.984s] -- Up-to-date: /home/urc/new_GUI/install/hockey_stick_arm/include/hockey_stick_arm/hockey_stick_arm
[5.985s] -- Up-to-date: /home/urc/new_GUI/install/hockey_stick_arm/include/hockey_stick_arm/hockey_stick_arm/msg
[5.986s] -- Up-to-date: /home/urc/new_GUI/install/hockey_stick_arm/include/hockey_stick_arm/hockey_stick_arm/msg/rosidl_generator_c__visibility_control.h
[5.986s] -- Up-to-date: /home/urc/new_GUI/install/hockey_stick_arm/include/hockey_stick_arm/hockey_stick_arm/srv
[5.987s] -- Up-to-date: /home/urc/new_GUI/install/hockey_stick_arm/include/hockey_stick_arm/hockey_stick_arm/srv/calibrate.h
[5.987s] -- Up-to-date: /home/urc/new_GUI/install/hockey_stick_arm/include/hockey_stick_arm/hockey_stick_arm/srv/detail
[5.987s] -- Up-to-date: /home/urc/new_GUI/install/hockey_stick_arm/include/hockey_stick_arm/hockey_stick_arm/srv/detail/calibrate__type_support.h
[5.987s] -- Up-to-date: /home/urc/new_GUI/install/hockey_stick_arm/include/hockey_stick_arm/hockey_stick_arm/srv/detail/set_float__struct.h
[5.987s] -- Up-to-date: /home/urc/new_GUI/install/hockey_stick_arm/include/hockey_stick_arm/hockey_stick_arm/srv/detail/set_float__functions.c
[5.987s] -- Up-to-date: /home/urc/new_GUI/install/hockey_stick_arm/include/hockey_stick_arm/hockey_stick_arm/srv/detail/set_float__type_support.h
[5.987s] -- Up-to-date: /home/urc/new_GUI/install/hockey_stick_arm/include/hockey_stick_arm/hockey_stick_arm/srv/detail/calibrate__functions.c
[6.009s] -- Up-to-date: /home/urc/new_GUI/install/hockey_stick_arm/include/hockey_stick_arm/hockey_stick_arm/srv/detail/set_float__functions.h
[6.009s] -- Up-to-date: /home/urc/new_GUI/install/hockey_stick_arm/include/hockey_stick_arm/hockey_stick_arm/srv/detail/calibrate__struct.h
[6.010s] -- Up-to-date: /home/urc/new_GUI/install/hockey_stick_arm/include/hockey_stick_arm/hockey_stick_arm/srv/detail/calibrate__functions.h
[6.010s] -- Up-to-date: /home/urc/new_GUI/install/hockey_stick_arm/include/hockey_stick_arm/hockey_stick_arm/srv/set_float.h
[6.011s] -- Up-to-date: /home/urc/new_GUI/install/hockey_stick_arm/share/hockey_stick_arm/environment/library_path.sh
[6.012s] -- Up-to-date: /home/urc/new_GUI/install/hockey_stick_arm/share/hockey_stick_arm/environment/library_path.dsv
[6.013s] -- Up-to-date: /home/urc/new_GUI/install/hockey_stick_arm/lib/libhockey_stick_arm__rosidl_generator_c.so
[6.013s] -- Up-to-date: /home/urc/new_GUI/install/hockey_stick_arm/include/hockey_stick_arm/hockey_stick_arm
[6.014s] -- Up-to-date: /home/urc/new_GUI/install/hockey_stick_arm/include/hockey_stick_arm/hockey_stick_arm/msg
[6.014s] -- Up-to-date: /home/urc/new_GUI/install/hockey_stick_arm/include/hockey_stick_arm/hockey_stick_arm/msg/rosidl_typesupport_fastrtps_c__visibility_control.h
[6.015s] -- Up-to-date: /home/urc/new_GUI/install/hockey_stick_arm/include/hockey_stick_arm/hockey_stick_arm/srv
[6.016s] -- Up-to-date: /home/urc/new_GUI/install/hockey_stick_arm/include/hockey_stick_arm/hockey_stick_arm/srv/detail
[6.016s] -- Up-to-date: /home/urc/new_GUI/install/hockey_stick_arm/include/hockey_stick_arm/hockey_stick_arm/srv/detail/set_float__rosidl_typesupport_fastrtps_c.h
[6.016s] -- Up-to-date: /home/urc/new_GUI/install/hockey_stick_arm/include/hockey_stick_arm/hockey_stick_arm/srv/detail/calibrate__rosidl_typesupport_fastrtps_c.h
[6.017s] -- Up-to-date: /home/urc/new_GUI/install/hockey_stick_arm/lib/libhockey_stick_arm__rosidl_typesupport_fastrtps_c.so
[6.018s] -- Up-to-date: /home/urc/new_GUI/install/hockey_stick_arm/include/hockey_stick_arm/hockey_stick_arm
[6.019s] -- Up-to-date: /home/urc/new_GUI/install/hockey_stick_arm/include/hockey_stick_arm/hockey_stick_arm/msg
[6.019s] -- Up-to-date: /home/urc/new_GUI/install/hockey_stick_arm/include/hockey_stick_arm/hockey_stick_arm/msg/rosidl_typesupport_introspection_c__visibility_control.h
[6.019s] -- Up-to-date: /home/urc/new_GUI/install/hockey_stick_arm/include/hockey_stick_arm/hockey_stick_arm/srv
[6.020s] -- Up-to-date: /home/urc/new_GUI/install/hockey_stick_arm/include/hockey_stick_arm/hockey_stick_arm/srv/detail
[6.021s] -- Up-to-date: /home/urc/new_GUI/install/hockey_stick_arm/include/hockey_stick_arm/hockey_stick_arm/srv/detail/set_float__type_support.c
[6.021s] -- Up-to-date: /home/urc/new_GUI/install/hockey_stick_arm/include/hockey_stick_arm/hockey_stick_arm/srv/detail/calibrate__rosidl_typesupport_introspection_c.h
[6.021s] -- Up-to-date: /home/urc/new_GUI/install/hockey_stick_arm/include/hockey_stick_arm/hockey_stick_arm/srv/detail/calibrate__type_support.c
[6.021s] -- Up-to-date: /home/urc/new_GUI/install/hockey_stick_arm/include/hockey_stick_arm/hockey_stick_arm/srv/detail/set_float__rosidl_typesupport_introspection_c.h
[6.026s] -- Up-to-date: /home/urc/new_GUI/install/hockey_stick_arm/lib/libhockey_stick_arm__rosidl_typesupport_introspection_c.so
[6.027s] -- Up-to-date: /home/urc/new_GUI/install/hockey_stick_arm/lib/libhockey_stick_arm__rosidl_typesupport_c.so
[6.027s] -- Up-to-date: /home/urc/new_GUI/install/hockey_stick_arm/include/hockey_stick_arm/hockey_stick_arm
[6.028s] -- Up-to-date: /home/urc/new_GUI/install/hockey_stick_arm/include/hockey_stick_arm/hockey_stick_arm/srv
[6.028s] -- Up-to-date: /home/urc/new_GUI/install/hockey_stick_arm/include/hockey_stick_arm/hockey_stick_arm/srv/set_float.hpp
[6.029s] -- Up-to-date: /home/urc/new_GUI/install/hockey_stick_arm/include/hockey_stick_arm/hockey_stick_arm/srv/calibrate.hpp
[6.029s] -- Up-to-date: /home/urc/new_GUI/install/hockey_stick_arm/include/hockey_stick_arm/hockey_stick_arm/srv/detail
[6.029s] -- Up-to-date: /home/urc/new_GUI/install/hockey_stick_arm/include/hockey_stick_arm/hockey_stick_arm/srv/detail/set_float__traits.hpp
[6.029s] -- Up-to-date: /home/urc/new_GUI/install/hockey_stick_arm/include/hockey_stick_arm/hockey_stick_arm/srv/detail/set_float__struct.hpp
[6.030s] -- Up-to-date: /home/urc/new_GUI/install/hockey_stick_arm/include/hockey_stick_arm/hockey_stick_arm/srv/detail/set_float__builder.hpp
[6.030s] -- Up-to-date: /home/urc/new_GUI/install/hockey_stick_arm/include/hockey_stick_arm/hockey_stick_arm/srv/detail/calibrate__builder.hpp
[6.031s] -- Up-to-date: /home/urc/new_GUI/install/hockey_stick_arm/include/hockey_stick_arm/hockey_stick_arm/srv/detail/calibrate__traits.hpp
[6.031s] -- Up-to-date: /home/urc/new_GUI/install/hockey_stick_arm/include/hockey_stick_arm/hockey_stick_arm/srv/detail/calibrate__struct.hpp
[6.032s] -- Up-to-date: /home/urc/new_GUI/install/hockey_stick_arm/include/hockey_stick_arm/hockey_stick_arm
[6.033s] -- Up-to-date: /home/urc/new_GUI/install/hockey_stick_arm/include/hockey_stick_arm/hockey_stick_arm/msg
[6.033s] -- Up-to-date: /home/urc/new_GUI/install/hockey_stick_arm/include/hockey_stick_arm/hockey_stick_arm/msg/rosidl_typesupport_fastrtps_cpp__visibility_control.h
[6.041s] -- Up-to-date: /home/urc/new_GUI/install/hockey_stick_arm/include/hockey_stick_arm/hockey_stick_arm/srv
[6.041s] -- Up-to-date: /home/urc/new_GUI/install/hockey_stick_arm/include/hockey_stick_arm/hockey_stick_arm/srv/detail
[6.041s] -- Up-to-date: /home/urc/new_GUI/install/hockey_stick_arm/include/hockey_stick_arm/hockey_stick_arm/srv/detail/calibrate__rosidl_typesupport_fastrtps_cpp.hpp
[6.041s] -- Up-to-date: /home/urc/new_GUI/install/hockey_stick_arm/include/hockey_stick_arm/hockey_stick_arm/srv/detail/set_float__rosidl_typesupport_fastrtps_cpp.hpp
[6.041s] -- Up-to-date: /home/urc/new_GUI/install/hockey_stick_arm/include/hockey_stick_arm/hockey_stick_arm/srv/detail/dds_fastrtps
[6.042s] -- Up-to-date: /home/urc/new_GUI/install/hockey_stick_arm/lib/libhockey_stick_arm__rosidl_typesupport_fastrtps_cpp.so
[6.042s] -- Up-to-date: /home/urc/new_GUI/install/hockey_stick_arm/include/hockey_stick_arm/hockey_stick_arm
[6.042s] -- Up-to-date: /home/urc/new_GUI/install/hockey_stick_arm/include/hockey_stick_arm/hockey_stick_arm/srv
[6.042s] -- Up-to-date: /home/urc/new_GUI/install/hockey_stick_arm/include/hockey_stick_arm/hockey_stick_arm/srv/detail
[6.042s] -- Up-to-date: /home/urc/new_GUI/install/hockey_stick_arm/include/hockey_stick_arm/hockey_stick_arm/srv/detail/set_float__rosidl_typesupport_introspection_cpp.hpp
[6.042s] -- Up-to-date: /home/urc/new_GUI/install/hockey_stick_arm/include/hockey_stick_arm/hockey_stick_arm/srv/detail/calibrate__rosidl_typesupport_introspection_cpp.hpp
[6.043s] -- Up-to-date: /home/urc/new_GUI/install/hockey_stick_arm/include/hockey_stick_arm/hockey_stick_arm/srv/detail/calibrate__type_support.cpp
[6.043s] -- Up-to-date: /home/urc/new_GUI/install/hockey_stick_arm/include/hockey_stick_arm/hockey_stick_arm/srv/detail/set_float__type_support.cpp
[6.043s] -- Up-to-date: /home/urc/new_GUI/install/hockey_stick_arm/lib/libhockey_stick_arm__rosidl_typesupport_introspection_cpp.so
[6.043s] -- Up-to-date: /home/urc/new_GUI/install/hockey_stick_arm/lib/libhockey_stick_arm__rosidl_typesupport_cpp.so
[6.043s] -- Up-to-date: /home/urc/new_GUI/install/hockey_stick_arm/share/hockey_stick_arm/environment/pythonpath.sh
[6.043s] -- Up-to-date: /home/urc/new_GUI/install/hockey_stick_arm/share/hockey_stick_arm/environment/pythonpath.dsv
[6.043s] -- Up-to-date: /home/urc/new_GUI/install/hockey_stick_arm/local/lib/python3.10/dist-packages/hockey_stick_arm-0.0.0-py3.10.egg-info
[6.044s] -- Installing: /home/urc/new_GUI/install/hockey_stick_arm/local/lib/python3.10/dist-packages/hockey_stick_arm-0.0.0-py3.10.egg-info/PKG-INFO
[6.044s] -- Installing: /home/urc/new_GUI/install/hockey_stick_arm/local/lib/python3.10/dist-packages/hockey_stick_arm-0.0.0-py3.10.egg-info/dependency_links.txt
[6.044s] -- Installing: /home/urc/new_GUI/install/hockey_stick_arm/local/lib/python3.10/dist-packages/hockey_stick_arm-0.0.0-py3.10.egg-info/top_level.txt
[6.044s] -- Installing: /home/urc/new_GUI/install/hockey_stick_arm/local/lib/python3.10/dist-packages/hockey_stick_arm-0.0.0-py3.10.egg-info/SOURCES.txt
[6.044s] -- Up-to-date: /home/urc/new_GUI/install/hockey_stick_arm/local/lib/python3.10/dist-packages/hockey_stick_arm
[6.044s] -- Up-to-date: /home/urc/new_GUI/install/hockey_stick_arm/local/lib/python3.10/dist-packages/hockey_stick_arm/hockey_stick_arm_s__rosidl_typesupport_c.cpython-310-x86_64-linux-gnu.so
[6.045s] -- Up-to-date: /home/urc/new_GUI/install/hockey_stick_arm/local/lib/python3.10/dist-packages/hockey_stick_arm/__init__.py
[6.045s] -- Up-to-date: /home/urc/new_GUI/install/hockey_stick_arm/local/lib/python3.10/dist-packages/hockey_stick_arm/_hockey_stick_arm_s.ep.rosidl_typesupport_c.c
[6.047s] -- Up-to-date: /home/urc/new_GUI/install/hockey_stick_arm/local/lib/python3.10/dist-packages/hockey_stick_arm/hockey_stick_arm_s__rosidl_typesupport_introspection_c.cpython-310-x86_64-linux-gnu.so
[6.047s] -- Up-to-date: /home/urc/new_GUI/install/hockey_stick_arm/local/lib/python3.10/dist-packages/hockey_stick_arm/libhockey_stick_arm__rosidl_generator_py.so
[6.048s] -- Up-to-date: /home/urc/new_GUI/install/hockey_stick_arm/local/lib/python3.10/dist-packages/hockey_stick_arm/_hockey_stick_arm_s.ep.rosidl_typesupport_introspection_c.c
[6.048s] -- Up-to-date: /home/urc/new_GUI/install/hockey_stick_arm/local/lib/python3.10/dist-packages/hockey_stick_arm/srv
[6.048s] -- Up-to-date: /home/urc/new_GUI/install/hockey_stick_arm/local/lib/python3.10/dist-packages/hockey_stick_arm/srv/__init__.py
[6.048s] -- Up-to-date: /home/urc/new_GUI/install/hockey_stick_arm/local/lib/python3.10/dist-packages/hockey_stick_arm/srv/_set_float_s.c
[6.048s] -- Up-to-date: /home/urc/new_GUI/install/hockey_stick_arm/local/lib/python3.10/dist-packages/hockey_stick_arm/srv/_set_float.py
[6.048s] -- Up-to-date: /home/urc/new_GUI/install/hockey_stick_arm/local/lib/python3.10/dist-packages/hockey_stick_arm/srv/_calibrate.py
[6.049s] -- Up-to-date: /home/urc/new_GUI/install/hockey_stick_arm/local/lib/python3.10/dist-packages/hockey_stick_arm/srv/_calibrate_s.c
[6.049s] -- Up-to-date: /home/urc/new_GUI/install/hockey_stick_arm/local/lib/python3.10/dist-packages/hockey_stick_arm/_hockey_stick_arm_s.ep.rosidl_typesupport_fastrtps_c.c
[6.053s] -- Up-to-date: /home/urc/new_GUI/install/hockey_stick_arm/local/lib/python3.10/dist-packages/hockey_stick_arm/hockey_stick_arm_s__rosidl_typesupport_fastrtps_c.cpython-310-x86_64-linux-gnu.so
[6.154s] Listing '/home/urc/new_GUI/install/hockey_stick_arm/local/lib/python3.10/dist-packages/hockey_stick_arm'...
[6.155s] Listing '/home/urc/new_GUI/install/hockey_stick_arm/local/lib/python3.10/dist-packages/hockey_stick_arm/srv'...
[6.167s] -- Up-to-date: /home/urc/new_GUI/install/hockey_stick_arm/local/lib/python3.10/dist-packages/hockey_stick_arm/hockey_stick_arm_s__rosidl_typesupport_fastrtps_c.cpython-310-x86_64-linux-gnu.so
[6.171s] -- Up-to-date: /home/urc/new_GUI/install/hockey_stick_arm/local/lib/python3.10/dist-packages/hockey_stick_arm/hockey_stick_arm_s__rosidl_typesupport_introspection_c.cpython-310-x86_64-linux-gnu.so
[6.171s] -- Up-to-date: /home/urc/new_GUI/install/hockey_stick_arm/local/lib/python3.10/dist-packages/hockey_stick_arm/hockey_stick_arm_s__rosidl_typesupport_c.cpython-310-x86_64-linux-gnu.so
[6.171s] -- Up-to-date: /home/urc/new_GUI/install/hockey_stick_arm/lib/libhockey_stick_arm__rosidl_generator_py.so
[6.171s] -- Up-to-date: /home/urc/new_GUI/install/hockey_stick_arm/share/hockey_stick_arm/srv/Calibrate.idl
[6.172s] -- Up-to-date: /home/urc/new_GUI/install/hockey_stick_arm/share/hockey_stick_arm/srv/SetFloat.idl
[6.172s] -- Up-to-date: /home/urc/new_GUI/install/hockey_stick_arm/share/hockey_stick_arm/srv/Calibrate.srv
[6.172s] -- Up-to-date: /home/urc/new_GUI/install/hockey_stick_arm/share/hockey_stick_arm/srv/Calibrate_Request.msg
[6.172s] -- Up-to-date: /home/urc/new_GUI/install/hockey_stick_arm/share/hockey_stick_arm/srv/Calibrate_Response.msg
[6.173s] -- Up-to-date: /home/urc/new_GUI/install/hockey_stick_arm/share/hockey_stick_arm/srv/SetFloat.srv
[6.174s] -- Up-to-date: /home/urc/new_GUI/install/hockey_stick_arm/share/hockey_stick_arm/srv/SetFloat_Request.msg
[6.174s] -- Up-to-date: /home/urc/new_GUI/install/hockey_stick_arm/share/hockey_stick_arm/srv/SetFloat_Response.msg
[6.177s] -- Up-to-date: /home/urc/new_GUI/install/hockey_stick_arm/share/ament_index/resource_index/package_run_dependencies/hockey_stick_arm
[6.178s] -- Up-to-date: /home/urc/new_GUI/install/hockey_stick_arm/share/ament_index/resource_index/parent_prefix_path/hockey_stick_arm
[6.179s] -- Up-to-date: /home/urc/new_GUI/install/hockey_stick_arm/share/hockey_stick_arm/environment/ament_prefix_path.sh
[6.180s] -- Up-to-date: /home/urc/new_GUI/install/hockey_stick_arm/share/hockey_stick_arm/environment/ament_prefix_path.dsv
[6.180s] -- Up-to-date: /home/urc/new_GUI/install/hockey_stick_arm/share/hockey_stick_arm/environment/path.sh
[6.180s] -- Up-to-date: /home/urc/new_GUI/install/hockey_stick_arm/share/hockey_stick_arm/environment/path.dsv
[6.180s] -- Up-to-date: /home/urc/new_GUI/install/hockey_stick_arm/share/hockey_stick_arm/local_setup.bash
[6.180s] -- Up-to-date: /home/urc/new_GUI/install/hockey_stick_arm/share/hockey_stick_arm/local_setup.sh
[6.181s] -- Up-to-date: /home/urc/new_GUI/install/hockey_stick_arm/share/hockey_stick_arm/local_setup.zsh
[6.181s] -- Up-to-date: /home/urc/new_GUI/install/hockey_stick_arm/share/hockey_stick_arm/local_setup.dsv
[6.182s] -- Installing: /home/urc/new_GUI/install/hockey_stick_arm/share/hockey_stick_arm/package.dsv
[6.186s] -- Up-to-date: /home/urc/new_GUI/install/hockey_stick_arm/share/ament_index/resource_index/packages/hockey_stick_arm
[6.186s] -- Up-to-date: /home/urc/new_GUI/install/hockey_stick_arm/share/hockey_stick_arm/cmake/export_hockey_stick_arm__rosidl_generator_cExport.cmake
[6.186s] -- Up-to-date: /home/urc/new_GUI/install/hockey_stick_arm/share/hockey_stick_arm/cmake/export_hockey_stick_arm__rosidl_generator_cExport-noconfig.cmake
[6.187s] -- Up-to-date: /home/urc/new_GUI/install/hockey_stick_arm/share/hockey_stick_arm/cmake/export_hockey_stick_arm__rosidl_typesupport_fastrtps_cExport.cmake
[6.187s] -- Up-to-date: /home/urc/new_GUI/install/hockey_stick_arm/share/hockey_stick_arm/cmake/export_hockey_stick_arm__rosidl_typesupport_fastrtps_cExport-noconfig.cmake
[6.189s] -- Up-to-date: /home/urc/new_GUI/install/hockey_stick_arm/share/hockey_stick_arm/cmake/hockey_stick_arm__rosidl_typesupport_introspection_cExport.cmake
[6.189s] -- Up-to-date: /home/urc/new_GUI/install/hockey_stick_arm/share/hockey_stick_arm/cmake/hockey_stick_arm__rosidl_typesupport_introspection_cExport-noconfig.cmake
[6.189s] -- Up-to-date: /home/urc/new_GUI/install/hockey_stick_arm/share/hockey_stick_arm/cmake/hockey_stick_arm__rosidl_typesupport_cExport.cmake
[6.190s] -- Up-to-date: /home/urc/new_GUI/install/hockey_stick_arm/share/hockey_stick_arm/cmake/hockey_stick_arm__rosidl_typesupport_cExport-noconfig.cmake
[6.194s] -- Up-to-date: /home/urc/new_GUI/install/hockey_stick_arm/share/hockey_stick_arm/cmake/export_hockey_stick_arm__rosidl_generator_cppExport.cmake
[6.194s] -- Up-to-date: /home/urc/new_GUI/install/hockey_stick_arm/share/hockey_stick_arm/cmake/export_hockey_stick_arm__rosidl_typesupport_fastrtps_cppExport.cmake
[6.196s] -- Up-to-date: /home/urc/new_GUI/install/hockey_stick_arm/share/hockey_stick_arm/cmake/export_hockey_stick_arm__rosidl_typesupport_fastrtps_cppExport-noconfig.cmake
[6.198s] -- Up-to-date: /home/urc/new_GUI/install/hockey_stick_arm/share/hockey_stick_arm/cmake/hockey_stick_arm__rosidl_typesupport_introspection_cppExport.cmake
[6.199s] -- Up-to-date: /home/urc/new_GUI/install/hockey_stick_arm/share/hockey_stick_arm/cmake/hockey_stick_arm__rosidl_typesupport_introspection_cppExport-noconfig.cmake
[6.199s] -- Up-to-date: /home/urc/new_GUI/install/hockey_stick_arm/share/hockey_stick_arm/cmake/hockey_stick_arm__rosidl_typesupport_cppExport.cmake
[6.200s] -- Up-to-date: /home/urc/new_GUI/install/hockey_stick_arm/share/hockey_stick_arm/cmake/hockey_stick_arm__rosidl_typesupport_cppExport-noconfig.cmake
[6.205s] -- Up-to-date: /home/urc/new_GUI/install/hockey_stick_arm/share/hockey_stick_arm/cmake/export_hockey_stick_arm__rosidl_generator_pyExport.cmake
[6.205s] -- Up-to-date: /home/urc/new_GUI/install/hockey_stick_arm/share/hockey_stick_arm/cmake/export_hockey_stick_arm__rosidl_generator_pyExport-noconfig.cmake
[6.205s] -- Up-to-date: /home/urc/new_GUI/install/hockey_stick_arm/share/hockey_stick_arm/cmake/rosidl_cmake-extras.cmake
[6.206s] -- Up-to-date: /home/urc/new_GUI/install/hockey_stick_arm/share/hockey_stick_arm/cmake/ament_cmake_export_dependencies-extras.cmake
[6.206s] -- Up-to-date: /home/urc/new_GUI/install/hockey_stick_arm/share/hockey_stick_arm/cmake/ament_cmake_export_include_directories-extras.cmake
[6.206s] -- Up-to-date: /home/urc/new_GUI/install/hockey_stick_arm/share/hockey_stick_arm/cmake/ament_cmake_export_libraries-extras.cmake
[6.206s] -- Up-to-date: /home/urc/new_GUI/install/hockey_stick_arm/share/hockey_stick_arm/cmake/ament_cmake_export_targets-extras.cmake
[6.206s] -- Up-to-date: /home/urc/new_GUI/install/hockey_stick_arm/share/hockey_stick_arm/cmake/rosidl_cmake_export_typesupport_targets-extras.cmake
[6.206s] -- Up-to-date: /home/urc/new_GUI/install/hockey_stick_arm/share/hockey_stick_arm/cmake/rosidl_cmake_export_typesupport_libraries-extras.cmake
[6.206s] -- Up-to-date: /home/urc/new_GUI/install/hockey_stick_arm/share/hockey_stick_arm/cmake/hockey_stick_armConfig.cmake
[6.207s] -- Up-to-date: /home/urc/new_GUI/install/hockey_stick_arm/share/hockey_stick_arm/cmake/hockey_stick_armConfig-version.cmake
[6.207s] -- Up-to-date: /home/urc/new_GUI/install/hockey_stick_arm/share/hockey_stick_arm/package.xml
[6.225s] Invoked command in '/home/urc/new_GUI/build/hockey_stick_arm' returned '0': CMAKE_PREFIX_PATH=/home/urc/new_GUI/install/gui_window:/home/urc/test_ws/install/turtle_test:/home/urc/test_ws/install/roslink_test:/opt/ros/humble:${CMAKE_PREFIX_PATH} /usr/bin/cmake --install /home/urc/new_GUI/build/hockey_stick_arm
