[0.131s] Invoking command in '/home/urc/new-GUI/build/marker_interfacing': CMAKE_PREFIX_PATH=${CMAKE_PREFIX_PATH}:/home/urc/new-GUI/install/gui_window:/opt/ros/humble /usr/bin/cmake /home/urc/new-GUI/src/marker_interfacing -DCMAKE_INSTALL_PREFIX=/home/urc/new-GUI/install/marker_interfacing
[0.153s] -- Found ament_cmake: 1.3.5 (/opt/ros/humble/share/ament_cmake/cmake)
[0.373s] -- Found ament_lint_auto: 0.12.8 (/opt/ros/humble/share/ament_lint_auto/cmake)
[0.493s] -- Found rosidl_default_generators: 1.2.0 (/opt/ros/humble/share/rosidl_default_generators/cmake)
[0.501s] -- Using all available rosidl_typesupport_c: rosidl_typesupport_fastrtps_c;rosidl_typesupport_introspection_c
[0.514s] -- Found rosidl_adapter: 3.1.5 (/opt/ros/humble/share/rosidl_adapter/cmake)
[0.596s] -- Using all available rosidl_typesupport_cpp: rosidl_typesupport_fastrtps_cpp;rosidl_typesupport_introspection_cpp
[0.673s] -- Found rclcpp: 16.0.6 (/opt/ros/humble/share/rclcpp/cmake)
[0.879s] -- Found rmw_implementation_cmake: 6.1.1 (/opt/ros/humble/share/rmw_implementation_cmake/cmake)
[0.885s] -- Found rmw_fastrtps_cpp: 6.2.4 (/opt/ros/humble/share/rmw_fastrtps_cpp/cmake)
[1.064s] -- Found OpenSSL: /usr/lib/x86_64-linux-gnu/libcrypto.so (found version "3.0.2")  
[1.104s] -- Found FastRTPS: /opt/ros/humble/include  
[1.183s] -- Using RMW implementation 'rmw_fastrtps_cpp' as default
[1.207s] -- Looking for pthread.h
[1.339s] -- Looking for pthread.h - found
[1.339s] -- Performing Test CMAKE_HAVE_LIBC_PTHREAD
[1.445s] -- Performing Test CMAKE_HAVE_LIBC_PTHREAD - Success
[1.446s] -- Found Threads: TRUE  
[1.813s] -- Found geometry_msgs: 4.2.3 (/opt/ros/humble/share/geometry_msgs/cmake)
[1.922s] -- Found geographic_msgs: 1.0.5 (/opt/ros/humble/share/geographic_msgs/cmake)
[2.655s] [31mCMake Error at /opt/ros/humble/share/rosidl_cmake/cmake/rosidl_generate_interfaces.cmake:162 (message):
[2.655s]   rosidl_generate_interfaces() the passed dependency 'rclpy' has not been
[2.655s]   found before using find_package()
[2.655s] Call Stack (most recent call first):
[2.656s]   CMakeLists.txt:260 (rosidl_generate_interfaces)
[2.656s] 
[2.656s] [0m
[2.656s] -- Configuring incomplete, errors occurred!
[2.656s] See also "/home/urc/new-GUI/build/marker_interfacing/CMakeFiles/CMakeOutput.log".
[2.666s] Invoked command in '/home/urc/new-GUI/build/marker_interfacing' returned '1': CMAKE_PREFIX_PATH=${CMAKE_PREFIX_PATH}:/home/urc/new-GUI/install/gui_window:/opt/ros/humble /usr/bin/cmake /home/urc/new-GUI/src/marker_interfacing -DCMAKE_INSTALL_PREFIX=/home/urc/new-GUI/install/marker_interfacing
