[0.252s] Invoking command in '/home/urc/new-GUI/build/marker_interfacing': CMAKE_PREFIX_PATH=/home/urc/new-GUI/install/gui_window:/opt/ros/humble:${CMAKE_PREFIX_PATH} /usr/bin/cmake --build /home/urc/new-GUI/build/marker_interfacing -- -j4 -l4
[0.498s] [  0%] Built target marker_interfacing__cpp
[0.600s] [  0%] Built target ament_cmake_python_copy_marker_interfacing
[0.604s] [ 12%] Built target marker_interfacing__rosidl_generator_c
[0.686s] [ 24%] Built target marker_interfacing__rosidl_typesupport_cpp
[0.751s] [ 36%] Built target marker_interfacing__rosidl_typesupport_fastrtps_cpp
[0.760s] [ 48%] Built target marker_interfacing__rosidl_typesupport_introspection_cpp
[0.901s] [ 60%] Built target marker_interfacing__rosidl_typesupport_c
[0.928s] [ 72%] Built target marker_interfacing__rosidl_typesupport_fastrtps_c
[0.949s] [ 84%] Built target marker_interfacing__rosidl_typesupport_introspection_c
[1.048s] [ 84%] Built target marker_interfacing
[1.153s] [ 85%] Built target marker_interfacing__py
[1.298s] [ 96%] Built target marker_interfacing__rosidl_generator_py
[1.473s] [ 97%] Built target marker_interfacing__rosidl_typesupport_fastrtps_c__pyext
[1.492s] [ 99%] Built target marker_interfacing__rosidl_typesupport_introspection_c__pyext
[1.496s] [100%] Built target marker_interfacing__rosidl_typesupport_c__pyext
[1.622s] running egg_info
[1.623s] writing marker_interfacing.egg-info/PKG-INFO
[1.625s] writing dependency_links to marker_interfacing.egg-info/dependency_links.txt
[1.625s] writing top-level names to marker_interfacing.egg-info/top_level.txt
[1.639s] reading manifest file 'marker_interfacing.egg-info/SOURCES.txt'
[1.639s] writing manifest file 'marker_interfacing.egg-info/SOURCES.txt'
[1.698s] [100%] Built target ament_cmake_python_build_marker_interfacing_egg
[1.730s] Invoked command in '/home/urc/new-GUI/build/marker_interfacing' returned '0': CMAKE_PREFIX_PATH=/home/urc/new-GUI/install/gui_window:/opt/ros/humble:${CMAKE_PREFIX_PATH} /usr/bin/cmake --build /home/urc/new-GUI/build/marker_interfacing -- -j4 -l4
[3.039s] Invoking command in '/home/urc/new-GUI/build/marker_interfacing': CMAKE_PREFIX_PATH=/home/urc/new-GUI/install/gui_window:/opt/ros/humble:${CMAKE_PREFIX_PATH} /usr/bin/cmake --install /home/urc/new-GUI/build/marker_interfacing
[3.053s] -- Install configuration: ""
[3.062s] -- Up-to-date: /home/urc/new-GUI/install/marker_interfacing/share/ament_index/resource_index/rosidl_interfaces/marker_interfacing
[3.062s] -- Up-to-date: /home/urc/new-GUI/install/marker_interfacing/include/marker_interfacing/marker_interfacing
[3.062s] -- Up-to-date: /home/urc/new-GUI/install/marker_interfacing/include/marker_interfacing/marker_interfacing/msg
[3.063s] -- Up-to-date: /home/urc/new-GUI/install/marker_interfacing/include/marker_interfacing/marker_interfacing/msg/geodetic_marker_list.h
[3.063s] -- Up-to-date: /home/urc/new-GUI/install/marker_interfacing/include/marker_interfacing/marker_interfacing/msg/rosidl_generator_c__visibility_control.h
[3.063s] -- Up-to-date: /home/urc/new-GUI/install/marker_interfacing/include/marker_interfacing/marker_interfacing/msg/detail
[3.065s] -- Up-to-date: /home/urc/new-GUI/install/marker_interfacing/include/marker_interfacing/marker_interfacing/msg/detail/geodetic_marker_list__type_support.h
[3.066s] -- Up-to-date: /home/urc/new-GUI/install/marker_interfacing/include/marker_interfacing/marker_interfacing/msg/detail/enu_marker__functions.h
[3.066s] -- Up-to-date: /home/urc/new-GUI/install/marker_interfacing/include/marker_interfacing/marker_interfacing/msg/detail/enu_marker__type_support.h
[3.071s] -- Up-to-date: /home/urc/new-GUI/install/marker_interfacing/include/marker_interfacing/marker_interfacing/msg/detail/geodetic_marker__type_support.h
[3.072s] -- Up-to-date: /home/urc/new-GUI/install/marker_interfacing/include/marker_interfacing/marker_interfacing/msg/detail/geodetic_marker_list__functions.c
[3.073s] -- Up-to-date: /home/urc/new-GUI/install/marker_interfacing/include/marker_interfacing/marker_interfacing/msg/detail/geodetic_marker__struct.h
[3.073s] -- Up-to-date: /home/urc/new-GUI/install/marker_interfacing/include/marker_interfacing/marker_interfacing/msg/detail/enu_marker__struct.h
[3.080s] -- Up-to-date: /home/urc/new-GUI/install/marker_interfacing/include/marker_interfacing/marker_interfacing/msg/detail/geodetic_marker__functions.c
[3.080s] -- Up-to-date: /home/urc/new-GUI/install/marker_interfacing/include/marker_interfacing/marker_interfacing/msg/detail/geodetic_marker_list__struct.h
[3.080s] -- Up-to-date: /home/urc/new-GUI/install/marker_interfacing/include/marker_interfacing/marker_interfacing/msg/detail/enu_marker__functions.c
[3.080s] -- Up-to-date: /home/urc/new-GUI/install/marker_interfacing/include/marker_interfacing/marker_interfacing/msg/detail/geodetic_marker__functions.h
[3.080s] -- Up-to-date: /home/urc/new-GUI/install/marker_interfacing/include/marker_interfacing/marker_interfacing/msg/detail/geodetic_marker_list__functions.h
[3.080s] -- Up-to-date: /home/urc/new-GUI/install/marker_interfacing/include/marker_interfacing/marker_interfacing/msg/geodetic_marker.h
[3.082s] -- Up-to-date: /home/urc/new-GUI/install/marker_interfacing/include/marker_interfacing/marker_interfacing/msg/enu_marker.h
[3.082s] -- Up-to-date: /home/urc/new-GUI/install/marker_interfacing/include/marker_interfacing/marker_interfacing/srv
[3.085s] -- Up-to-date: /home/urc/new-GUI/install/marker_interfacing/include/marker_interfacing/marker_interfacing/srv/publish_current_marker.h
[3.090s] -- Up-to-date: /home/urc/new-GUI/install/marker_interfacing/include/marker_interfacing/marker_interfacing/srv/reorder_marker.h
[3.091s] -- Up-to-date: /home/urc/new-GUI/install/marker_interfacing/include/marker_interfacing/marker_interfacing/srv/insert_marker.h
[3.091s] -- Up-to-date: /home/urc/new-GUI/install/marker_interfacing/include/marker_interfacing/marker_interfacing/srv/reorder_markers.h
[3.091s] -- Up-to-date: /home/urc/new-GUI/install/marker_interfacing/include/marker_interfacing/marker_interfacing/srv/remove_marker.h
[3.091s] -- Up-to-date: /home/urc/new-GUI/install/marker_interfacing/include/marker_interfacing/marker_interfacing/srv/edit_marker.h
[3.091s] -- Up-to-date: /home/urc/new-GUI/install/marker_interfacing/include/marker_interfacing/marker_interfacing/srv/detail
[3.091s] -- Up-to-date: /home/urc/new-GUI/install/marker_interfacing/include/marker_interfacing/marker_interfacing/srv/detail/insert_marker__struct.h
[3.091s] -- Up-to-date: /home/urc/new-GUI/install/marker_interfacing/include/marker_interfacing/marker_interfacing/srv/detail/remove_current_marker__struct.h
[3.095s] -- Up-to-date: /home/urc/new-GUI/install/marker_interfacing/include/marker_interfacing/marker_interfacing/srv/detail/reorder_marker__type_support.h
[3.097s] -- Up-to-date: /home/urc/new-GUI/install/marker_interfacing/include/marker_interfacing/marker_interfacing/srv/detail/publish_current_marker__struct.h
[3.098s] -- Up-to-date: /home/urc/new-GUI/install/marker_interfacing/include/marker_interfacing/marker_interfacing/srv/detail/reorder_marker__functions.h
[3.098s] -- Up-to-date: /home/urc/new-GUI/install/marker_interfacing/include/marker_interfacing/marker_interfacing/srv/detail/insert_marker__functions.c
[3.098s] -- Up-to-date: /home/urc/new-GUI/install/marker_interfacing/include/marker_interfacing/marker_interfacing/srv/detail/remove_current_marker__functions.c
[3.098s] -- Up-to-date: /home/urc/new-GUI/install/marker_interfacing/include/marker_interfacing/marker_interfacing/srv/detail/clear_markers__functions.c
[3.098s] -- Up-to-date: /home/urc/new-GUI/install/marker_interfacing/include/marker_interfacing/marker_interfacing/srv/detail/plan_home_marker__functions.h
[3.099s] -- Up-to-date: /home/urc/new-GUI/install/marker_interfacing/include/marker_interfacing/marker_interfacing/srv/detail/remove_marker__functions.c
[3.099s] -- Up-to-date: /home/urc/new-GUI/install/marker_interfacing/include/marker_interfacing/marker_interfacing/srv/detail/clear_markers__functions.h
[3.099s] -- Up-to-date: /home/urc/new-GUI/install/marker_interfacing/include/marker_interfacing/marker_interfacing/srv/detail/edit_marker__type_support.h
[3.099s] -- Up-to-date: /home/urc/new-GUI/install/marker_interfacing/include/marker_interfacing/marker_interfacing/srv/detail/reorder_marker__functions.c
[3.099s] -- Up-to-date: /home/urc/new-GUI/install/marker_interfacing/include/marker_interfacing/marker_interfacing/srv/detail/clear_markers__type_support.h
[3.099s] -- Up-to-date: /home/urc/new-GUI/install/marker_interfacing/include/marker_interfacing/marker_interfacing/srv/detail/edit_marker__functions.h
[3.099s] -- Up-to-date: /home/urc/new-GUI/install/marker_interfacing/include/marker_interfacing/marker_interfacing/srv/detail/publish_current_marker__type_support.h
[3.099s] -- Up-to-date: /home/urc/new-GUI/install/marker_interfacing/include/marker_interfacing/marker_interfacing/srv/detail/reorder_marker__struct.h
[3.099s] -- Up-to-date: /home/urc/new-GUI/install/marker_interfacing/include/marker_interfacing/marker_interfacing/srv/detail/reorder_markers__functions.h
[3.100s] -- Up-to-date: /home/urc/new-GUI/install/marker_interfacing/include/marker_interfacing/marker_interfacing/srv/detail/remove_marker__type_support.h
[3.100s] -- Up-to-date: /home/urc/new-GUI/install/marker_interfacing/include/marker_interfacing/marker_interfacing/srv/detail/add_marker__functions.h
[3.108s] -- Up-to-date: /home/urc/new-GUI/install/marker_interfacing/include/marker_interfacing/marker_interfacing/srv/detail/plan_home_marker__struct.h
[3.109s] -- Up-to-date: /home/urc/new-GUI/install/marker_interfacing/include/marker_interfacing/marker_interfacing/srv/detail/insert_marker__type_support.h
[3.109s] -- Up-to-date: /home/urc/new-GUI/install/marker_interfacing/include/marker_interfacing/marker_interfacing/srv/detail/add_marker__struct.h
[3.109s] -- Up-to-date: /home/urc/new-GUI/install/marker_interfacing/include/marker_interfacing/marker_interfacing/srv/detail/reorder_markers__type_support.h
[3.109s] -- Up-to-date: /home/urc/new-GUI/install/marker_interfacing/include/marker_interfacing/marker_interfacing/srv/detail/remove_current_marker__type_support.h
[3.109s] -- Up-to-date: /home/urc/new-GUI/install/marker_interfacing/include/marker_interfacing/marker_interfacing/srv/detail/clear_markers__struct.h
[3.109s] -- Up-to-date: /home/urc/new-GUI/install/marker_interfacing/include/marker_interfacing/marker_interfacing/srv/detail/edit_marker__struct.h
[3.109s] -- Up-to-date: /home/urc/new-GUI/install/marker_interfacing/include/marker_interfacing/marker_interfacing/srv/detail/publish_current_marker__functions.h
[3.110s] -- Up-to-date: /home/urc/new-GUI/install/marker_interfacing/include/marker_interfacing/marker_interfacing/srv/detail/remove_marker__struct.h
[3.110s] -- Up-to-date: /home/urc/new-GUI/install/marker_interfacing/include/marker_interfacing/marker_interfacing/srv/detail/insert_marker__functions.h
[3.110s] -- Up-to-date: /home/urc/new-GUI/install/marker_interfacing/include/marker_interfacing/marker_interfacing/srv/detail/reorder_markers__functions.c
[3.110s] -- Up-to-date: /home/urc/new-GUI/install/marker_interfacing/include/marker_interfacing/marker_interfacing/srv/detail/reorder_markers__struct.h
[3.110s] -- Up-to-date: /home/urc/new-GUI/install/marker_interfacing/include/marker_interfacing/marker_interfacing/srv/detail/add_marker__type_support.h
[3.110s] -- Up-to-date: /home/urc/new-GUI/install/marker_interfacing/include/marker_interfacing/marker_interfacing/srv/detail/plan_home_marker__functions.c
[3.110s] -- Up-to-date: /home/urc/new-GUI/install/marker_interfacing/include/marker_interfacing/marker_interfacing/srv/detail/add_marker__functions.c
[3.110s] -- Up-to-date: /home/urc/new-GUI/install/marker_interfacing/include/marker_interfacing/marker_interfacing/srv/detail/publish_current_marker__functions.c
[3.111s] -- Up-to-date: /home/urc/new-GUI/install/marker_interfacing/include/marker_interfacing/marker_interfacing/srv/detail/remove_current_marker__functions.h
[3.111s] -- Up-to-date: /home/urc/new-GUI/install/marker_interfacing/include/marker_interfacing/marker_interfacing/srv/detail/edit_marker__functions.c
[3.111s] -- Up-to-date: /home/urc/new-GUI/install/marker_interfacing/include/marker_interfacing/marker_interfacing/srv/detail/plan_home_marker__type_support.h
[3.111s] -- Up-to-date: /home/urc/new-GUI/install/marker_interfacing/include/marker_interfacing/marker_interfacing/srv/detail/remove_marker__functions.h
[3.119s] -- Up-to-date: /home/urc/new-GUI/install/marker_interfacing/include/marker_interfacing/marker_interfacing/srv/add_marker.h
[3.119s] -- Up-to-date: /home/urc/new-GUI/install/marker_interfacing/include/marker_interfacing/marker_interfacing/srv/clear_markers.h
[3.119s] -- Up-to-date: /home/urc/new-GUI/install/marker_interfacing/include/marker_interfacing/marker_interfacing/srv/plan_home_marker.h
[3.119s] -- Up-to-date: /home/urc/new-GUI/install/marker_interfacing/include/marker_interfacing/marker_interfacing/srv/remove_current_marker.h
[3.119s] -- Up-to-date: /home/urc/new-GUI/install/marker_interfacing/share/marker_interfacing/environment/library_path.sh
[3.119s] -- Up-to-date: /home/urc/new-GUI/install/marker_interfacing/share/marker_interfacing/environment/library_path.dsv
[3.119s] -- Up-to-date: /home/urc/new-GUI/install/marker_interfacing/lib/libmarker_interfacing__rosidl_generator_c.so
[3.119s] -- Up-to-date: /home/urc/new-GUI/install/marker_interfacing/include/marker_interfacing/marker_interfacing
[3.124s] -- Up-to-date: /home/urc/new-GUI/install/marker_interfacing/include/marker_interfacing/marker_interfacing/msg
[3.125s] -- Up-to-date: /home/urc/new-GUI/install/marker_interfacing/include/marker_interfacing/marker_interfacing/msg/rosidl_typesupport_fastrtps_c__visibility_control.h
[3.125s] -- Up-to-date: /home/urc/new-GUI/install/marker_interfacing/include/marker_interfacing/marker_interfacing/msg/detail
[3.125s] -- Up-to-date: /home/urc/new-GUI/install/marker_interfacing/include/marker_interfacing/marker_interfacing/msg/detail/geodetic_marker_list__rosidl_typesupport_fastrtps_c.h
[3.125s] -- Up-to-date: /home/urc/new-GUI/install/marker_interfacing/include/marker_interfacing/marker_interfacing/msg/detail/enu_marker__rosidl_typesupport_fastrtps_c.h
[3.125s] -- Up-to-date: /home/urc/new-GUI/install/marker_interfacing/include/marker_interfacing/marker_interfacing/msg/detail/geodetic_marker__rosidl_typesupport_fastrtps_c.h
[3.125s] -- Up-to-date: /home/urc/new-GUI/install/marker_interfacing/include/marker_interfacing/marker_interfacing/srv
[3.125s] -- Up-to-date: /home/urc/new-GUI/install/marker_interfacing/include/marker_interfacing/marker_interfacing/srv/detail
[3.125s] -- Up-to-date: /home/urc/new-GUI/install/marker_interfacing/include/marker_interfacing/marker_interfacing/srv/detail/edit_marker__rosidl_typesupport_fastrtps_c.h
[3.125s] -- Up-to-date: /home/urc/new-GUI/install/marker_interfacing/include/marker_interfacing/marker_interfacing/srv/detail/insert_marker__rosidl_typesupport_fastrtps_c.h
[3.125s] -- Up-to-date: /home/urc/new-GUI/install/marker_interfacing/include/marker_interfacing/marker_interfacing/srv/detail/plan_home_marker__rosidl_typesupport_fastrtps_c.h
[3.126s] -- Up-to-date: /home/urc/new-GUI/install/marker_interfacing/include/marker_interfacing/marker_interfacing/srv/detail/publish_current_marker__rosidl_typesupport_fastrtps_c.h
[3.126s] -- Up-to-date: /home/urc/new-GUI/install/marker_interfacing/include/marker_interfacing/marker_interfacing/srv/detail/remove_marker__rosidl_typesupport_fastrtps_c.h
[3.126s] -- Up-to-date: /home/urc/new-GUI/install/marker_interfacing/include/marker_interfacing/marker_interfacing/srv/detail/clear_markers__rosidl_typesupport_fastrtps_c.h
[3.126s] -- Up-to-date: /home/urc/new-GUI/install/marker_interfacing/include/marker_interfacing/marker_interfacing/srv/detail/remove_current_marker__rosidl_typesupport_fastrtps_c.h
[3.126s] -- Up-to-date: /home/urc/new-GUI/install/marker_interfacing/include/marker_interfacing/marker_interfacing/srv/detail/add_marker__rosidl_typesupport_fastrtps_c.h
[3.126s] -- Up-to-date: /home/urc/new-GUI/install/marker_interfacing/include/marker_interfacing/marker_interfacing/srv/detail/reorder_markers__rosidl_typesupport_fastrtps_c.h
[3.126s] -- Up-to-date: /home/urc/new-GUI/install/marker_interfacing/include/marker_interfacing/marker_interfacing/srv/detail/reorder_marker__rosidl_typesupport_fastrtps_c.h
[3.126s] -- Up-to-date: /home/urc/new-GUI/install/marker_interfacing/lib/libmarker_interfacing__rosidl_typesupport_fastrtps_c.so
[3.126s] -- Up-to-date: /home/urc/new-GUI/install/marker_interfacing/include/marker_interfacing/marker_interfacing
[3.127s] -- Up-to-date: /home/urc/new-GUI/install/marker_interfacing/include/marker_interfacing/marker_interfacing/msg
[3.127s] -- Up-to-date: /home/urc/new-GUI/install/marker_interfacing/include/marker_interfacing/marker_interfacing/msg/rosidl_typesupport_introspection_c__visibility_control.h
[3.127s] -- Up-to-date: /home/urc/new-GUI/install/marker_interfacing/include/marker_interfacing/marker_interfacing/msg/detail
[3.127s] -- Up-to-date: /home/urc/new-GUI/install/marker_interfacing/include/marker_interfacing/marker_interfacing/msg/detail/geodetic_marker__type_support.c
[3.127s] -- Up-to-date: /home/urc/new-GUI/install/marker_interfacing/include/marker_interfacing/marker_interfacing/msg/detail/enu_marker__rosidl_typesupport_introspection_c.h
[3.127s] -- Up-to-date: /home/urc/new-GUI/install/marker_interfacing/include/marker_interfacing/marker_interfacing/msg/detail/geodetic_marker__rosidl_typesupport_introspection_c.h
[3.127s] -- Up-to-date: /home/urc/new-GUI/install/marker_interfacing/include/marker_interfacing/marker_interfacing/msg/detail/enu_marker__type_support.c
[3.127s] -- Up-to-date: /home/urc/new-GUI/install/marker_interfacing/include/marker_interfacing/marker_interfacing/msg/detail/geodetic_marker_list__rosidl_typesupport_introspection_c.h
[3.127s] -- Up-to-date: /home/urc/new-GUI/install/marker_interfacing/include/marker_interfacing/marker_interfacing/msg/detail/geodetic_marker_list__type_support.c
[3.127s] -- Up-to-date: /home/urc/new-GUI/install/marker_interfacing/include/marker_interfacing/marker_interfacing/srv
[3.127s] -- Up-to-date: /home/urc/new-GUI/install/marker_interfacing/include/marker_interfacing/marker_interfacing/srv/detail
[3.128s] -- Up-to-date: /home/urc/new-GUI/install/marker_interfacing/include/marker_interfacing/marker_interfacing/srv/detail/reorder_marker__type_support.c
[3.128s] -- Up-to-date: /home/urc/new-GUI/install/marker_interfacing/include/marker_interfacing/marker_interfacing/srv/detail/reorder_markers__type_support.c
[3.128s] -- Up-to-date: /home/urc/new-GUI/install/marker_interfacing/include/marker_interfacing/marker_interfacing/srv/detail/insert_marker__type_support.c
[3.128s] -- Up-to-date: /home/urc/new-GUI/install/marker_interfacing/include/marker_interfacing/marker_interfacing/srv/detail/edit_marker__rosidl_typesupport_introspection_c.h
[3.128s] -- Up-to-date: /home/urc/new-GUI/install/marker_interfacing/include/marker_interfacing/marker_interfacing/srv/detail/reorder_markers__rosidl_typesupport_introspection_c.h
[3.128s] -- Up-to-date: /home/urc/new-GUI/install/marker_interfacing/include/marker_interfacing/marker_interfacing/srv/detail/plan_home_marker__rosidl_typesupport_introspection_c.h
[3.128s] -- Up-to-date: /home/urc/new-GUI/install/marker_interfacing/include/marker_interfacing/marker_interfacing/srv/detail/publish_current_marker__type_support.c
[3.128s] -- Up-to-date: /home/urc/new-GUI/install/marker_interfacing/include/marker_interfacing/marker_interfacing/srv/detail/remove_current_marker__type_support.c
[3.128s] -- Up-to-date: /home/urc/new-GUI/install/marker_interfacing/include/marker_interfacing/marker_interfacing/srv/detail/clear_markers__rosidl_typesupport_introspection_c.h
[3.128s] -- Up-to-date: /home/urc/new-GUI/install/marker_interfacing/include/marker_interfacing/marker_interfacing/srv/detail/publish_current_marker__rosidl_typesupport_introspection_c.h
[3.129s] -- Up-to-date: /home/urc/new-GUI/install/marker_interfacing/include/marker_interfacing/marker_interfacing/srv/detail/reorder_marker__rosidl_typesupport_introspection_c.h
[3.129s] -- Up-to-date: /home/urc/new-GUI/install/marker_interfacing/include/marker_interfacing/marker_interfacing/srv/detail/insert_marker__rosidl_typesupport_introspection_c.h
[3.129s] -- Up-to-date: /home/urc/new-GUI/install/marker_interfacing/include/marker_interfacing/marker_interfacing/srv/detail/add_marker__type_support.c
[3.129s] -- Up-to-date: /home/urc/new-GUI/install/marker_interfacing/include/marker_interfacing/marker_interfacing/srv/detail/edit_marker__type_support.c
[3.129s] -- Up-to-date: /home/urc/new-GUI/install/marker_interfacing/include/marker_interfacing/marker_interfacing/srv/detail/clear_markers__type_support.c
[3.129s] -- Up-to-date: /home/urc/new-GUI/install/marker_interfacing/include/marker_interfacing/marker_interfacing/srv/detail/remove_marker__rosidl_typesupport_introspection_c.h
[3.129s] -- Up-to-date: /home/urc/new-GUI/install/marker_interfacing/include/marker_interfacing/marker_interfacing/srv/detail/plan_home_marker__type_support.c
[3.129s] -- Up-to-date: /home/urc/new-GUI/install/marker_interfacing/include/marker_interfacing/marker_interfacing/srv/detail/add_marker__rosidl_typesupport_introspection_c.h
[3.129s] -- Up-to-date: /home/urc/new-GUI/install/marker_interfacing/include/marker_interfacing/marker_interfacing/srv/detail/remove_marker__type_support.c
[3.129s] -- Up-to-date: /home/urc/new-GUI/install/marker_interfacing/include/marker_interfacing/marker_interfacing/srv/detail/remove_current_marker__rosidl_typesupport_introspection_c.h
[3.129s] -- Up-to-date: /home/urc/new-GUI/install/marker_interfacing/lib/libmarker_interfacing__rosidl_typesupport_introspection_c.so
[3.130s] -- Up-to-date: /home/urc/new-GUI/install/marker_interfacing/lib/libmarker_interfacing__rosidl_typesupport_c.so
[3.130s] -- Up-to-date: /home/urc/new-GUI/install/marker_interfacing/include/marker_interfacing/marker_interfacing
[3.130s] -- Up-to-date: /home/urc/new-GUI/install/marker_interfacing/include/marker_interfacing/marker_interfacing/msg
[3.130s] -- Up-to-date: /home/urc/new-GUI/install/marker_interfacing/include/marker_interfacing/marker_interfacing/msg/enu_marker.hpp
[3.130s] -- Up-to-date: /home/urc/new-GUI/install/marker_interfacing/include/marker_interfacing/marker_interfacing/msg/geodetic_marker_list.hpp
[3.130s] -- Up-to-date: /home/urc/new-GUI/install/marker_interfacing/include/marker_interfacing/marker_interfacing/msg/detail
[3.130s] -- Up-to-date: /home/urc/new-GUI/install/marker_interfacing/include/marker_interfacing/marker_interfacing/msg/detail/geodetic_marker_list__traits.hpp
[3.130s] -- Up-to-date: /home/urc/new-GUI/install/marker_interfacing/include/marker_interfacing/marker_interfacing/msg/detail/geodetic_marker_list__struct.hpp
[3.130s] -- Up-to-date: /home/urc/new-GUI/install/marker_interfacing/include/marker_interfacing/marker_interfacing/msg/detail/enu_marker__traits.hpp
[3.130s] -- Up-to-date: /home/urc/new-GUI/install/marker_interfacing/include/marker_interfacing/marker_interfacing/msg/detail/geodetic_marker__struct.hpp
[3.149s] -- Up-to-date: /home/urc/new-GUI/install/marker_interfacing/include/marker_interfacing/marker_interfacing/msg/detail/enu_marker__builder.hpp
[3.149s] -- Up-to-date: /home/urc/new-GUI/install/marker_interfacing/include/marker_interfacing/marker_interfacing/msg/detail/geodetic_marker__builder.hpp
[3.149s] -- Up-to-date: /home/urc/new-GUI/install/marker_interfacing/include/marker_interfacing/marker_interfacing/msg/detail/geodetic_marker_list__builder.hpp
[3.150s] -- Up-to-date: /home/urc/new-GUI/install/marker_interfacing/include/marker_interfacing/marker_interfacing/msg/detail/enu_marker__struct.hpp
[3.150s] -- Up-to-date: /home/urc/new-GUI/install/marker_interfacing/include/marker_interfacing/marker_interfacing/msg/detail/geodetic_marker__traits.hpp
[3.150s] -- Up-to-date: /home/urc/new-GUI/install/marker_interfacing/include/marker_interfacing/marker_interfacing/msg/geodetic_marker.hpp
[3.150s] -- Up-to-date: /home/urc/new-GUI/install/marker_interfacing/include/marker_interfacing/marker_interfacing/srv
[3.150s] -- Up-to-date: /home/urc/new-GUI/install/marker_interfacing/include/marker_interfacing/marker_interfacing/srv/insert_marker.hpp
[3.150s] -- Up-to-date: /home/urc/new-GUI/install/marker_interfacing/include/marker_interfacing/marker_interfacing/srv/edit_marker.hpp
[3.150s] -- Up-to-date: /home/urc/new-GUI/install/marker_interfacing/include/marker_interfacing/marker_interfacing/srv/remove_marker.hpp
[3.151s] -- Up-to-date: /home/urc/new-GUI/install/marker_interfacing/include/marker_interfacing/marker_interfacing/srv/plan_home_marker.hpp
[3.151s] -- Up-to-date: /home/urc/new-GUI/install/marker_interfacing/include/marker_interfacing/marker_interfacing/srv/reorder_markers.hpp
[3.151s] -- Up-to-date: /home/urc/new-GUI/install/marker_interfacing/include/marker_interfacing/marker_interfacing/srv/publish_current_marker.hpp
[3.151s] -- Up-to-date: /home/urc/new-GUI/install/marker_interfacing/include/marker_interfacing/marker_interfacing/srv/reorder_marker.hpp
[3.151s] -- Up-to-date: /home/urc/new-GUI/install/marker_interfacing/include/marker_interfacing/marker_interfacing/srv/remove_current_marker.hpp
[3.151s] -- Up-to-date: /home/urc/new-GUI/install/marker_interfacing/include/marker_interfacing/marker_interfacing/srv/detail
[3.151s] -- Up-to-date: /home/urc/new-GUI/install/marker_interfacing/include/marker_interfacing/marker_interfacing/srv/detail/insert_marker__traits.hpp
[3.151s] -- Up-to-date: /home/urc/new-GUI/install/marker_interfacing/include/marker_interfacing/marker_interfacing/srv/detail/remove_marker__builder.hpp
[3.151s] -- Up-to-date: /home/urc/new-GUI/install/marker_interfacing/include/marker_interfacing/marker_interfacing/srv/detail/remove_current_marker__traits.hpp
[3.151s] -- Up-to-date: /home/urc/new-GUI/install/marker_interfacing/include/marker_interfacing/marker_interfacing/srv/detail/reorder_marker__struct.hpp
[3.152s] -- Up-to-date: /home/urc/new-GUI/install/marker_interfacing/include/marker_interfacing/marker_interfacing/srv/detail/remove_current_marker__struct.hpp
[3.152s] -- Up-to-date: /home/urc/new-GUI/install/marker_interfacing/include/marker_interfacing/marker_interfacing/srv/detail/remove_marker__struct.hpp
[3.152s] -- Up-to-date: /home/urc/new-GUI/install/marker_interfacing/include/marker_interfacing/marker_interfacing/srv/detail/reorder_markers__builder.hpp
[3.152s] -- Up-to-date: /home/urc/new-GUI/install/marker_interfacing/include/marker_interfacing/marker_interfacing/srv/detail/edit_marker__struct.hpp
[3.152s] -- Up-to-date: /home/urc/new-GUI/install/marker_interfacing/include/marker_interfacing/marker_interfacing/srv/detail/publish_current_marker__struct.hpp
[3.152s] -- Up-to-date: /home/urc/new-GUI/install/marker_interfacing/include/marker_interfacing/marker_interfacing/srv/detail/add_marker__traits.hpp
[3.152s] -- Up-to-date: /home/urc/new-GUI/install/marker_interfacing/include/marker_interfacing/marker_interfacing/srv/detail/add_marker__builder.hpp
[3.152s] -- Up-to-date: /home/urc/new-GUI/install/marker_interfacing/include/marker_interfacing/marker_interfacing/srv/detail/edit_marker__traits.hpp
[3.152s] -- Up-to-date: /home/urc/new-GUI/install/marker_interfacing/include/marker_interfacing/marker_interfacing/srv/detail/edit_marker__builder.hpp
[3.153s] -- Up-to-date: /home/urc/new-GUI/install/marker_interfacing/include/marker_interfacing/marker_interfacing/srv/detail/clear_markers__traits.hpp
[3.153s] -- Up-to-date: /home/urc/new-GUI/install/marker_interfacing/include/marker_interfacing/marker_interfacing/srv/detail/publish_current_marker__traits.hpp
[3.153s] -- Up-to-date: /home/urc/new-GUI/install/marker_interfacing/include/marker_interfacing/marker_interfacing/srv/detail/clear_markers__builder.hpp
[3.153s] -- Up-to-date: /home/urc/new-GUI/install/marker_interfacing/include/marker_interfacing/marker_interfacing/srv/detail/plan_home_marker__builder.hpp
[3.153s] -- Up-to-date: /home/urc/new-GUI/install/marker_interfacing/include/marker_interfacing/marker_interfacing/srv/detail/reorder_markers__struct.hpp
[3.153s] -- Up-to-date: /home/urc/new-GUI/install/marker_interfacing/include/marker_interfacing/marker_interfacing/srv/detail/reorder_markers__traits.hpp
[3.153s] -- Up-to-date: /home/urc/new-GUI/install/marker_interfacing/include/marker_interfacing/marker_interfacing/srv/detail/insert_marker__builder.hpp
[3.153s] -- Up-to-date: /home/urc/new-GUI/install/marker_interfacing/include/marker_interfacing/marker_interfacing/srv/detail/remove_current_marker__builder.hpp
[3.153s] -- Up-to-date: /home/urc/new-GUI/install/marker_interfacing/include/marker_interfacing/marker_interfacing/srv/detail/publish_current_marker__builder.hpp
[3.154s] -- Up-to-date: /home/urc/new-GUI/install/marker_interfacing/include/marker_interfacing/marker_interfacing/srv/detail/insert_marker__struct.hpp
[3.154s] -- Up-to-date: /home/urc/new-GUI/install/marker_interfacing/include/marker_interfacing/marker_interfacing/srv/detail/plan_home_marker__struct.hpp
[3.154s] -- Up-to-date: /home/urc/new-GUI/install/marker_interfacing/include/marker_interfacing/marker_interfacing/srv/detail/clear_markers__struct.hpp
[3.154s] -- Up-to-date: /home/urc/new-GUI/install/marker_interfacing/include/marker_interfacing/marker_interfacing/srv/detail/add_marker__struct.hpp
[3.154s] -- Up-to-date: /home/urc/new-GUI/install/marker_interfacing/include/marker_interfacing/marker_interfacing/srv/detail/plan_home_marker__traits.hpp
[3.154s] -- Up-to-date: /home/urc/new-GUI/install/marker_interfacing/include/marker_interfacing/marker_interfacing/srv/detail/reorder_marker__builder.hpp
[3.154s] -- Up-to-date: /home/urc/new-GUI/install/marker_interfacing/include/marker_interfacing/marker_interfacing/srv/detail/remove_marker__traits.hpp
[3.155s] -- Up-to-date: /home/urc/new-GUI/install/marker_interfacing/include/marker_interfacing/marker_interfacing/srv/detail/reorder_marker__traits.hpp
[3.155s] -- Up-to-date: /home/urc/new-GUI/install/marker_interfacing/include/marker_interfacing/marker_interfacing/srv/add_marker.hpp
[3.155s] -- Up-to-date: /home/urc/new-GUI/install/marker_interfacing/include/marker_interfacing/marker_interfacing/srv/clear_markers.hpp
[3.155s] -- Up-to-date: /home/urc/new-GUI/install/marker_interfacing/include/marker_interfacing/marker_interfacing
[3.155s] -- Up-to-date: /home/urc/new-GUI/install/marker_interfacing/include/marker_interfacing/marker_interfacing/msg
[3.155s] -- Up-to-date: /home/urc/new-GUI/install/marker_interfacing/include/marker_interfacing/marker_interfacing/msg/rosidl_typesupport_fastrtps_cpp__visibility_control.h
[3.156s] -- Up-to-date: /home/urc/new-GUI/install/marker_interfacing/include/marker_interfacing/marker_interfacing/msg/detail
[3.156s] -- Up-to-date: /home/urc/new-GUI/install/marker_interfacing/include/marker_interfacing/marker_interfacing/msg/detail/geodetic_marker__rosidl_typesupport_fastrtps_cpp.hpp
[3.156s] -- Up-to-date: /home/urc/new-GUI/install/marker_interfacing/include/marker_interfacing/marker_interfacing/msg/detail/geodetic_marker_list__rosidl_typesupport_fastrtps_cpp.hpp
[3.156s] -- Up-to-date: /home/urc/new-GUI/install/marker_interfacing/include/marker_interfacing/marker_interfacing/msg/detail/dds_fastrtps
[3.156s] -- Up-to-date: /home/urc/new-GUI/install/marker_interfacing/include/marker_interfacing/marker_interfacing/msg/detail/enu_marker__rosidl_typesupport_fastrtps_cpp.hpp
[3.156s] -- Up-to-date: /home/urc/new-GUI/install/marker_interfacing/include/marker_interfacing/marker_interfacing/srv
[3.157s] -- Up-to-date: /home/urc/new-GUI/install/marker_interfacing/include/marker_interfacing/marker_interfacing/srv/detail
[3.157s] -- Up-to-date: /home/urc/new-GUI/install/marker_interfacing/include/marker_interfacing/marker_interfacing/srv/detail/reorder_marker__rosidl_typesupport_fastrtps_cpp.hpp
[3.157s] -- Up-to-date: /home/urc/new-GUI/install/marker_interfacing/include/marker_interfacing/marker_interfacing/srv/detail/remove_marker__rosidl_typesupport_fastrtps_cpp.hpp
[3.157s] -- Up-to-date: /home/urc/new-GUI/install/marker_interfacing/include/marker_interfacing/marker_interfacing/srv/detail/remove_current_marker__rosidl_typesupport_fastrtps_cpp.hpp
[3.157s] -- Up-to-date: /home/urc/new-GUI/install/marker_interfacing/include/marker_interfacing/marker_interfacing/srv/detail/add_marker__rosidl_typesupport_fastrtps_cpp.hpp
[3.157s] -- Up-to-date: /home/urc/new-GUI/install/marker_interfacing/include/marker_interfacing/marker_interfacing/srv/detail/publish_current_marker__rosidl_typesupport_fastrtps_cpp.hpp
[3.157s] -- Up-to-date: /home/urc/new-GUI/install/marker_interfacing/include/marker_interfacing/marker_interfacing/srv/detail/insert_marker__rosidl_typesupport_fastrtps_cpp.hpp
[3.158s] -- Up-to-date: /home/urc/new-GUI/install/marker_interfacing/include/marker_interfacing/marker_interfacing/srv/detail/reorder_markers__rosidl_typesupport_fastrtps_cpp.hpp
[3.158s] -- Up-to-date: /home/urc/new-GUI/install/marker_interfacing/include/marker_interfacing/marker_interfacing/srv/detail/clear_markers__rosidl_typesupport_fastrtps_cpp.hpp
[3.158s] -- Up-to-date: /home/urc/new-GUI/install/marker_interfacing/include/marker_interfacing/marker_interfacing/srv/detail/dds_fastrtps
[3.158s] -- Up-to-date: /home/urc/new-GUI/install/marker_interfacing/include/marker_interfacing/marker_interfacing/srv/detail/edit_marker__rosidl_typesupport_fastrtps_cpp.hpp
[3.158s] -- Up-to-date: /home/urc/new-GUI/install/marker_interfacing/include/marker_interfacing/marker_interfacing/srv/detail/plan_home_marker__rosidl_typesupport_fastrtps_cpp.hpp
[3.158s] -- Up-to-date: /home/urc/new-GUI/install/marker_interfacing/lib/libmarker_interfacing__rosidl_typesupport_fastrtps_cpp.so
[3.159s] -- Up-to-date: /home/urc/new-GUI/install/marker_interfacing/include/marker_interfacing/marker_interfacing
[3.159s] -- Up-to-date: /home/urc/new-GUI/install/marker_interfacing/include/marker_interfacing/marker_interfacing/msg
[3.159s] -- Up-to-date: /home/urc/new-GUI/install/marker_interfacing/include/marker_interfacing/marker_interfacing/msg/detail
[3.159s] -- Up-to-date: /home/urc/new-GUI/install/marker_interfacing/include/marker_interfacing/marker_interfacing/msg/detail/geodetic_marker_list__type_support.cpp
[3.159s] -- Up-to-date: /home/urc/new-GUI/install/marker_interfacing/include/marker_interfacing/marker_interfacing/msg/detail/geodetic_marker__type_support.cpp
[3.159s] -- Up-to-date: /home/urc/new-GUI/install/marker_interfacing/include/marker_interfacing/marker_interfacing/msg/detail/geodetic_marker__rosidl_typesupport_introspection_cpp.hpp
[3.159s] -- Up-to-date: /home/urc/new-GUI/install/marker_interfacing/include/marker_interfacing/marker_interfacing/msg/detail/enu_marker__rosidl_typesupport_introspection_cpp.hpp
[3.160s] -- Up-to-date: /home/urc/new-GUI/install/marker_interfacing/include/marker_interfacing/marker_interfacing/msg/detail/enu_marker__type_support.cpp
[3.160s] -- Up-to-date: /home/urc/new-GUI/install/marker_interfacing/include/marker_interfacing/marker_interfacing/msg/detail/geodetic_marker_list__rosidl_typesupport_introspection_cpp.hpp
[3.160s] -- Up-to-date: /home/urc/new-GUI/install/marker_interfacing/include/marker_interfacing/marker_interfacing/srv
[3.160s] -- Up-to-date: /home/urc/new-GUI/install/marker_interfacing/include/marker_interfacing/marker_interfacing/srv/detail
[3.160s] -- Up-to-date: /home/urc/new-GUI/install/marker_interfacing/include/marker_interfacing/marker_interfacing/srv/detail/reorder_marker__type_support.cpp
[3.160s] -- Up-to-date: /home/urc/new-GUI/install/marker_interfacing/include/marker_interfacing/marker_interfacing/srv/detail/reorder_marker__rosidl_typesupport_introspection_cpp.hpp
[3.160s] -- Up-to-date: /home/urc/new-GUI/install/marker_interfacing/include/marker_interfacing/marker_interfacing/srv/detail/remove_current_marker__rosidl_typesupport_introspection_cpp.hpp
[3.160s] -- Up-to-date: /home/urc/new-GUI/install/marker_interfacing/include/marker_interfacing/marker_interfacing/srv/detail/reorder_markers__rosidl_typesupport_introspection_cpp.hpp
[3.160s] -- Up-to-date: /home/urc/new-GUI/install/marker_interfacing/include/marker_interfacing/marker_interfacing/srv/detail/clear_markers__rosidl_typesupport_introspection_cpp.hpp
[3.160s] -- Up-to-date: /home/urc/new-GUI/install/marker_interfacing/include/marker_interfacing/marker_interfacing/srv/detail/add_marker__rosidl_typesupport_introspection_cpp.hpp
[3.161s] -- Up-to-date: /home/urc/new-GUI/install/marker_interfacing/include/marker_interfacing/marker_interfacing/srv/detail/insert_marker__rosidl_typesupport_introspection_cpp.hpp
[3.161s] -- Up-to-date: /home/urc/new-GUI/install/marker_interfacing/include/marker_interfacing/marker_interfacing/srv/detail/edit_marker__rosidl_typesupport_introspection_cpp.hpp
[3.161s] -- Up-to-date: /home/urc/new-GUI/install/marker_interfacing/include/marker_interfacing/marker_interfacing/srv/detail/clear_markers__type_support.cpp
[3.161s] -- Up-to-date: /home/urc/new-GUI/install/marker_interfacing/include/marker_interfacing/marker_interfacing/srv/detail/insert_marker__type_support.cpp
[3.161s] -- Up-to-date: /home/urc/new-GUI/install/marker_interfacing/include/marker_interfacing/marker_interfacing/srv/detail/add_marker__type_support.cpp
[3.161s] -- Up-to-date: /home/urc/new-GUI/install/marker_interfacing/include/marker_interfacing/marker_interfacing/srv/detail/publish_current_marker__rosidl_typesupport_introspection_cpp.hpp
[3.161s] -- Up-to-date: /home/urc/new-GUI/install/marker_interfacing/include/marker_interfacing/marker_interfacing/srv/detail/edit_marker__type_support.cpp
[3.161s] -- Up-to-date: /home/urc/new-GUI/install/marker_interfacing/include/marker_interfacing/marker_interfacing/srv/detail/remove_marker__rosidl_typesupport_introspection_cpp.hpp
[3.161s] -- Up-to-date: /home/urc/new-GUI/install/marker_interfacing/include/marker_interfacing/marker_interfacing/srv/detail/reorder_markers__type_support.cpp
[3.161s] -- Up-to-date: /home/urc/new-GUI/install/marker_interfacing/include/marker_interfacing/marker_interfacing/srv/detail/plan_home_marker__type_support.cpp
[3.162s] -- Up-to-date: /home/urc/new-GUI/install/marker_interfacing/include/marker_interfacing/marker_interfacing/srv/detail/publish_current_marker__type_support.cpp
[3.162s] -- Up-to-date: /home/urc/new-GUI/install/marker_interfacing/include/marker_interfacing/marker_interfacing/srv/detail/remove_marker__type_support.cpp
[3.162s] -- Up-to-date: /home/urc/new-GUI/install/marker_interfacing/include/marker_interfacing/marker_interfacing/srv/detail/remove_current_marker__type_support.cpp
[3.162s] -- Up-to-date: /home/urc/new-GUI/install/marker_interfacing/include/marker_interfacing/marker_interfacing/srv/detail/plan_home_marker__rosidl_typesupport_introspection_cpp.hpp
[3.162s] -- Up-to-date: /home/urc/new-GUI/install/marker_interfacing/lib/libmarker_interfacing__rosidl_typesupport_introspection_cpp.so
[3.162s] -- Up-to-date: /home/urc/new-GUI/install/marker_interfacing/lib/libmarker_interfacing__rosidl_typesupport_cpp.so
[3.162s] -- Up-to-date: /home/urc/new-GUI/install/marker_interfacing/share/marker_interfacing/environment/pythonpath.sh
[3.162s] -- Up-to-date: /home/urc/new-GUI/install/marker_interfacing/share/marker_interfacing/environment/pythonpath.dsv
[3.162s] -- Up-to-date: /home/urc/new-GUI/install/marker_interfacing/local/lib/python3.10/dist-packages/marker_interfacing-0.0.0-py3.10.egg-info
[3.165s] -- Installing: /home/urc/new-GUI/install/marker_interfacing/local/lib/python3.10/dist-packages/marker_interfacing-0.0.0-py3.10.egg-info/PKG-INFO
[3.165s] -- Installing: /home/urc/new-GUI/install/marker_interfacing/local/lib/python3.10/dist-packages/marker_interfacing-0.0.0-py3.10.egg-info/dependency_links.txt
[3.165s] -- Installing: /home/urc/new-GUI/install/marker_interfacing/local/lib/python3.10/dist-packages/marker_interfacing-0.0.0-py3.10.egg-info/top_level.txt
[3.166s] -- Installing: /home/urc/new-GUI/install/marker_interfacing/local/lib/python3.10/dist-packages/marker_interfacing-0.0.0-py3.10.egg-info/SOURCES.txt
[3.166s] -- Up-to-date: /home/urc/new-GUI/install/marker_interfacing/local/lib/python3.10/dist-packages/marker_interfacing
[3.166s] -- Up-to-date: /home/urc/new-GUI/install/marker_interfacing/local/lib/python3.10/dist-packages/marker_interfacing/libmarker_interfacing__rosidl_generator_py.so
[3.166s] -- Up-to-date: /home/urc/new-GUI/install/marker_interfacing/local/lib/python3.10/dist-packages/marker_interfacing/marker_interfacing_s__rosidl_typesupport_c.cpython-310-x86_64-linux-gnu.so
[3.166s] -- Up-to-date: /home/urc/new-GUI/install/marker_interfacing/local/lib/python3.10/dist-packages/marker_interfacing/_marker_interfacing_s.ep.rosidl_typesupport_fastrtps_c.c
[3.166s] -- Up-to-date: /home/urc/new-GUI/install/marker_interfacing/local/lib/python3.10/dist-packages/marker_interfacing/msg
[3.166s] -- Up-to-date: /home/urc/new-GUI/install/marker_interfacing/local/lib/python3.10/dist-packages/marker_interfacing/msg/_enu_marker.py
[3.167s] -- Up-to-date: /home/urc/new-GUI/install/marker_interfacing/local/lib/python3.10/dist-packages/marker_interfacing/msg/_enu_marker_s.c
[3.167s] -- Up-to-date: /home/urc/new-GUI/install/marker_interfacing/local/lib/python3.10/dist-packages/marker_interfacing/msg/_geodetic_marker_s.c
[3.167s] -- Up-to-date: /home/urc/new-GUI/install/marker_interfacing/local/lib/python3.10/dist-packages/marker_interfacing/msg/__init__.py
[3.167s] -- Up-to-date: /home/urc/new-GUI/install/marker_interfacing/local/lib/python3.10/dist-packages/marker_interfacing/msg/_geodetic_marker.py
[3.167s] -- Up-to-date: /home/urc/new-GUI/install/marker_interfacing/local/lib/python3.10/dist-packages/marker_interfacing/msg/_geodetic_marker_list_s.c
[3.167s] -- Up-to-date: /home/urc/new-GUI/install/marker_interfacing/local/lib/python3.10/dist-packages/marker_interfacing/msg/_geodetic_marker_list.py
[3.167s] -- Up-to-date: /home/urc/new-GUI/install/marker_interfacing/local/lib/python3.10/dist-packages/marker_interfacing/__init__.py
[3.167s] -- Up-to-date: /home/urc/new-GUI/install/marker_interfacing/local/lib/python3.10/dist-packages/marker_interfacing/_marker_interfacing_s.ep.rosidl_typesupport_introspection_c.c
[3.167s] -- Up-to-date: /home/urc/new-GUI/install/marker_interfacing/local/lib/python3.10/dist-packages/marker_interfacing/marker_interfacing_s__rosidl_typesupport_introspection_c.cpython-310-x86_64-linux-gnu.so
[3.168s] -- Up-to-date: /home/urc/new-GUI/install/marker_interfacing/local/lib/python3.10/dist-packages/marker_interfacing/srv
[3.168s] -- Up-to-date: /home/urc/new-GUI/install/marker_interfacing/local/lib/python3.10/dist-packages/marker_interfacing/srv/_remove_current_marker.py
[3.168s] -- Up-to-date: /home/urc/new-GUI/install/marker_interfacing/local/lib/python3.10/dist-packages/marker_interfacing/srv/_add_marker_s.c
[3.168s] -- Up-to-date: /home/urc/new-GUI/install/marker_interfacing/local/lib/python3.10/dist-packages/marker_interfacing/srv/_plan_home_marker_s.c
[3.168s] -- Up-to-date: /home/urc/new-GUI/install/marker_interfacing/local/lib/python3.10/dist-packages/marker_interfacing/srv/_remove_marker.py
[3.168s] -- Up-to-date: /home/urc/new-GUI/install/marker_interfacing/local/lib/python3.10/dist-packages/marker_interfacing/srv/_insert_marker.py
[3.168s] -- Up-to-date: /home/urc/new-GUI/install/marker_interfacing/local/lib/python3.10/dist-packages/marker_interfacing/srv/_remove_marker_s.c
[3.168s] -- Up-to-date: /home/urc/new-GUI/install/marker_interfacing/local/lib/python3.10/dist-packages/marker_interfacing/srv/__init__.py
[3.168s] -- Up-to-date: /home/urc/new-GUI/install/marker_interfacing/local/lib/python3.10/dist-packages/marker_interfacing/srv/_remove_current_marker_s.c
[3.168s] -- Up-to-date: /home/urc/new-GUI/install/marker_interfacing/local/lib/python3.10/dist-packages/marker_interfacing/srv/_clear_markers.py
[3.169s] -- Up-to-date: /home/urc/new-GUI/install/marker_interfacing/local/lib/python3.10/dist-packages/marker_interfacing/srv/_add_marker.py
[3.169s] -- Up-to-date: /home/urc/new-GUI/install/marker_interfacing/local/lib/python3.10/dist-packages/marker_interfacing/srv/_clear_markers_s.c
[3.169s] -- Up-to-date: /home/urc/new-GUI/install/marker_interfacing/local/lib/python3.10/dist-packages/marker_interfacing/srv/_publish_current_marker.py
[3.169s] -- Up-to-date: /home/urc/new-GUI/install/marker_interfacing/local/lib/python3.10/dist-packages/marker_interfacing/srv/_reorder_markers.py
[3.169s] -- Up-to-date: /home/urc/new-GUI/install/marker_interfacing/local/lib/python3.10/dist-packages/marker_interfacing/srv/_reorder_marker.py
[3.169s] -- Up-to-date: /home/urc/new-GUI/install/marker_interfacing/local/lib/python3.10/dist-packages/marker_interfacing/srv/_publish_current_marker_s.c
[3.169s] -- Up-to-date: /home/urc/new-GUI/install/marker_interfacing/local/lib/python3.10/dist-packages/marker_interfacing/srv/_insert_marker_s.c
[3.169s] -- Up-to-date: /home/urc/new-GUI/install/marker_interfacing/local/lib/python3.10/dist-packages/marker_interfacing/srv/_edit_marker.py
[3.169s] -- Up-to-date: /home/urc/new-GUI/install/marker_interfacing/local/lib/python3.10/dist-packages/marker_interfacing/srv/_plan_home_marker.py
[3.169s] -- Up-to-date: /home/urc/new-GUI/install/marker_interfacing/local/lib/python3.10/dist-packages/marker_interfacing/srv/_reorder_marker_s.c
[3.170s] -- Up-to-date: /home/urc/new-GUI/install/marker_interfacing/local/lib/python3.10/dist-packages/marker_interfacing/srv/_edit_marker_s.c
[3.170s] -- Up-to-date: /home/urc/new-GUI/install/marker_interfacing/local/lib/python3.10/dist-packages/marker_interfacing/srv/_reorder_markers_s.c
[3.170s] -- Up-to-date: /home/urc/new-GUI/install/marker_interfacing/local/lib/python3.10/dist-packages/marker_interfacing/marker_interfacing_s__rosidl_typesupport_fastrtps_c.cpython-310-x86_64-linux-gnu.so
[3.170s] -- Up-to-date: /home/urc/new-GUI/install/marker_interfacing/local/lib/python3.10/dist-packages/marker_interfacing/_marker_interfacing_s.ep.rosidl_typesupport_c.c
[3.243s] Listing '/home/urc/new-GUI/install/marker_interfacing/local/lib/python3.10/dist-packages/marker_interfacing'...
[3.244s] Listing '/home/urc/new-GUI/install/marker_interfacing/local/lib/python3.10/dist-packages/marker_interfacing/msg'...
[3.244s] Listing '/home/urc/new-GUI/install/marker_interfacing/local/lib/python3.10/dist-packages/marker_interfacing/srv'...
[3.260s] -- Up-to-date: /home/urc/new-GUI/install/marker_interfacing/local/lib/python3.10/dist-packages/marker_interfacing/marker_interfacing_s__rosidl_typesupport_fastrtps_c.cpython-310-x86_64-linux-gnu.so
[3.266s] -- Up-to-date: /home/urc/new-GUI/install/marker_interfacing/local/lib/python3.10/dist-packages/marker_interfacing/marker_interfacing_s__rosidl_typesupport_introspection_c.cpython-310-x86_64-linux-gnu.so
[3.267s] -- Up-to-date: /home/urc/new-GUI/install/marker_interfacing/local/lib/python3.10/dist-packages/marker_interfacing/marker_interfacing_s__rosidl_typesupport_c.cpython-310-x86_64-linux-gnu.so
[3.269s] -- Up-to-date: /home/urc/new-GUI/install/marker_interfacing/lib/libmarker_interfacing__rosidl_generator_py.so
[3.270s] -- Up-to-date: /home/urc/new-GUI/install/marker_interfacing/share/marker_interfacing/msg/ENUMarker.idl
[3.270s] -- Up-to-date: /home/urc/new-GUI/install/marker_interfacing/share/marker_interfacing/msg/GeodeticMarker.idl
[3.270s] -- Up-to-date: /home/urc/new-GUI/install/marker_interfacing/share/marker_interfacing/msg/GeodeticMarkerList.idl
[3.270s] -- Up-to-date: /home/urc/new-GUI/install/marker_interfacing/share/marker_interfacing/srv/AddMarker.idl
[3.271s] -- Up-to-date: /home/urc/new-GUI/install/marker_interfacing/share/marker_interfacing/srv/ClearMarkers.idl
[3.271s] -- Up-to-date: /home/urc/new-GUI/install/marker_interfacing/share/marker_interfacing/srv/EditMarker.idl
[3.271s] -- Up-to-date: /home/urc/new-GUI/install/marker_interfacing/share/marker_interfacing/srv/InsertMarker.idl
[3.271s] -- Up-to-date: /home/urc/new-GUI/install/marker_interfacing/share/marker_interfacing/srv/PlanHomeMarker.idl
[3.271s] -- Up-to-date: /home/urc/new-GUI/install/marker_interfacing/share/marker_interfacing/srv/PublishCurrentMarker.idl
[3.272s] -- Up-to-date: /home/urc/new-GUI/install/marker_interfacing/share/marker_interfacing/srv/RemoveCurrentMarker.idl
[3.272s] -- Up-to-date: /home/urc/new-GUI/install/marker_interfacing/share/marker_interfacing/srv/RemoveMarker.idl
[3.273s] -- Up-to-date: /home/urc/new-GUI/install/marker_interfacing/share/marker_interfacing/srv/ReorderMarker.idl
[3.273s] -- Up-to-date: /home/urc/new-GUI/install/marker_interfacing/share/marker_interfacing/srv/ReorderMarkers.idl
[3.273s] -- Up-to-date: /home/urc/new-GUI/install/marker_interfacing/share/marker_interfacing/msg/ENUMarker.msg
[3.273s] -- Up-to-date: /home/urc/new-GUI/install/marker_interfacing/share/marker_interfacing/msg/GeodeticMarker.msg
[3.273s] -- Up-to-date: /home/urc/new-GUI/install/marker_interfacing/share/marker_interfacing/msg/GeodeticMarkerList.msg
[3.273s] -- Up-to-date: /home/urc/new-GUI/install/marker_interfacing/share/marker_interfacing/srv/AddMarker.srv
[3.274s] -- Up-to-date: /home/urc/new-GUI/install/marker_interfacing/share/marker_interfacing/srv/AddMarker_Request.msg
[3.274s] -- Up-to-date: /home/urc/new-GUI/install/marker_interfacing/share/marker_interfacing/srv/AddMarker_Response.msg
[3.274s] -- Up-to-date: /home/urc/new-GUI/install/marker_interfacing/share/marker_interfacing/srv/ClearMarkers.srv
[3.274s] -- Up-to-date: /home/urc/new-GUI/install/marker_interfacing/share/marker_interfacing/srv/ClearMarkers_Request.msg
[3.274s] -- Up-to-date: /home/urc/new-GUI/install/marker_interfacing/share/marker_interfacing/srv/ClearMarkers_Response.msg
[3.275s] -- Up-to-date: /home/urc/new-GUI/install/marker_interfacing/share/marker_interfacing/srv/EditMarker.srv
[3.275s] -- Up-to-date: /home/urc/new-GUI/install/marker_interfacing/share/marker_interfacing/srv/EditMarker_Request.msg
[3.275s] -- Up-to-date: /home/urc/new-GUI/install/marker_interfacing/share/marker_interfacing/srv/EditMarker_Response.msg
[3.275s] -- Up-to-date: /home/urc/new-GUI/install/marker_interfacing/share/marker_interfacing/srv/InsertMarker.srv
[3.275s] -- Up-to-date: /home/urc/new-GUI/install/marker_interfacing/share/marker_interfacing/srv/InsertMarker_Request.msg
[3.275s] -- Up-to-date: /home/urc/new-GUI/install/marker_interfacing/share/marker_interfacing/srv/InsertMarker_Response.msg
[3.275s] -- Up-to-date: /home/urc/new-GUI/install/marker_interfacing/share/marker_interfacing/srv/PlanHomeMarker.srv
[3.276s] -- Up-to-date: /home/urc/new-GUI/install/marker_interfacing/share/marker_interfacing/srv/PlanHomeMarker_Request.msg
[3.276s] -- Up-to-date: /home/urc/new-GUI/install/marker_interfacing/share/marker_interfacing/srv/PlanHomeMarker_Response.msg
[3.276s] -- Up-to-date: /home/urc/new-GUI/install/marker_interfacing/share/marker_interfacing/srv/PublishCurrentMarker.srv
[3.278s] -- Up-to-date: /home/urc/new-GUI/install/marker_interfacing/share/marker_interfacing/srv/PublishCurrentMarker_Request.msg
[3.278s] -- Up-to-date: /home/urc/new-GUI/install/marker_interfacing/share/marker_interfacing/srv/PublishCurrentMarker_Response.msg
[3.278s] -- Up-to-date: /home/urc/new-GUI/install/marker_interfacing/share/marker_interfacing/srv/RemoveCurrentMarker.srv
[3.278s] -- Up-to-date: /home/urc/new-GUI/install/marker_interfacing/share/marker_interfacing/srv/RemoveCurrentMarker_Request.msg
[3.278s] -- Up-to-date: /home/urc/new-GUI/install/marker_interfacing/share/marker_interfacing/srv/RemoveCurrentMarker_Response.msg
[3.279s] -- Up-to-date: /home/urc/new-GUI/install/marker_interfacing/share/marker_interfacing/srv/RemoveMarker.srv
[3.279s] -- Up-to-date: /home/urc/new-GUI/install/marker_interfacing/share/marker_interfacing/srv/RemoveMarker_Request.msg
[3.279s] -- Up-to-date: /home/urc/new-GUI/install/marker_interfacing/share/marker_interfacing/srv/RemoveMarker_Response.msg
[3.279s] -- Up-to-date: /home/urc/new-GUI/install/marker_interfacing/share/marker_interfacing/srv/ReorderMarker.srv
[3.280s] -- Up-to-date: /home/urc/new-GUI/install/marker_interfacing/share/marker_interfacing/srv/ReorderMarker_Request.msg
[3.280s] -- Up-to-date: /home/urc/new-GUI/install/marker_interfacing/share/marker_interfacing/srv/ReorderMarker_Response.msg
[3.280s] -- Up-to-date: /home/urc/new-GUI/install/marker_interfacing/share/marker_interfacing/srv/ReorderMarkers.srv
[3.280s] -- Up-to-date: /home/urc/new-GUI/install/marker_interfacing/share/marker_interfacing/srv/ReorderMarkers_Request.msg
[3.280s] -- Up-to-date: /home/urc/new-GUI/install/marker_interfacing/share/marker_interfacing/srv/ReorderMarkers_Response.msg
[3.280s] -- Up-to-date: /home/urc/new-GUI/install/marker_interfacing/share/ament_index/resource_index/package_run_dependencies/marker_interfacing
[3.281s] -- Up-to-date: /home/urc/new-GUI/install/marker_interfacing/share/ament_index/resource_index/parent_prefix_path/marker_interfacing
[3.281s] -- Up-to-date: /home/urc/new-GUI/install/marker_interfacing/share/marker_interfacing/environment/ament_prefix_path.sh
[3.281s] -- Up-to-date: /home/urc/new-GUI/install/marker_interfacing/share/marker_interfacing/environment/ament_prefix_path.dsv
[3.282s] -- Up-to-date: /home/urc/new-GUI/install/marker_interfacing/share/marker_interfacing/environment/path.sh
[3.282s] -- Up-to-date: /home/urc/new-GUI/install/marker_interfacing/share/marker_interfacing/environment/path.dsv
[3.282s] -- Up-to-date: /home/urc/new-GUI/install/marker_interfacing/share/marker_interfacing/local_setup.bash
[3.282s] -- Up-to-date: /home/urc/new-GUI/install/marker_interfacing/share/marker_interfacing/local_setup.sh
[3.282s] -- Up-to-date: /home/urc/new-GUI/install/marker_interfacing/share/marker_interfacing/local_setup.zsh
[3.282s] -- Up-to-date: /home/urc/new-GUI/install/marker_interfacing/share/marker_interfacing/local_setup.dsv
[3.282s] -- Installing: /home/urc/new-GUI/install/marker_interfacing/share/marker_interfacing/package.dsv
[3.282s] -- Up-to-date: /home/urc/new-GUI/install/marker_interfacing/share/ament_index/resource_index/packages/marker_interfacing
[3.295s] -- Up-to-date: /home/urc/new-GUI/install/marker_interfacing/share/marker_interfacing/cmake/export_marker_interfacing__rosidl_generator_cExport.cmake
[3.295s] -- Up-to-date: /home/urc/new-GUI/install/marker_interfacing/share/marker_interfacing/cmake/export_marker_interfacing__rosidl_generator_cExport-noconfig.cmake
[3.296s] -- Up-to-date: /home/urc/new-GUI/install/marker_interfacing/share/marker_interfacing/cmake/export_marker_interfacing__rosidl_typesupport_fastrtps_cExport.cmake
[3.296s] -- Up-to-date: /home/urc/new-GUI/install/marker_interfacing/share/marker_interfacing/cmake/export_marker_interfacing__rosidl_typesupport_fastrtps_cExport-noconfig.cmake
[3.296s] -- Up-to-date: /home/urc/new-GUI/install/marker_interfacing/share/marker_interfacing/cmake/marker_interfacing__rosidl_typesupport_introspection_cExport.cmake
[3.296s] -- Up-to-date: /home/urc/new-GUI/install/marker_interfacing/share/marker_interfacing/cmake/marker_interfacing__rosidl_typesupport_introspection_cExport-noconfig.cmake
[3.296s] -- Up-to-date: /home/urc/new-GUI/install/marker_interfacing/share/marker_interfacing/cmake/marker_interfacing__rosidl_typesupport_cExport.cmake
[3.296s] -- Up-to-date: /home/urc/new-GUI/install/marker_interfacing/share/marker_interfacing/cmake/marker_interfacing__rosidl_typesupport_cExport-noconfig.cmake
[3.297s] -- Up-to-date: /home/urc/new-GUI/install/marker_interfacing/share/marker_interfacing/cmake/export_marker_interfacing__rosidl_generator_cppExport.cmake
[3.298s] -- Up-to-date: /home/urc/new-GUI/install/marker_interfacing/share/marker_interfacing/cmake/export_marker_interfacing__rosidl_typesupport_fastrtps_cppExport.cmake
[3.298s] -- Up-to-date: /home/urc/new-GUI/install/marker_interfacing/share/marker_interfacing/cmake/export_marker_interfacing__rosidl_typesupport_fastrtps_cppExport-noconfig.cmake
[3.300s] -- Up-to-date: /home/urc/new-GUI/install/marker_interfacing/share/marker_interfacing/cmake/marker_interfacing__rosidl_typesupport_introspection_cppExport.cmake
[3.300s] -- Up-to-date: /home/urc/new-GUI/install/marker_interfacing/share/marker_interfacing/cmake/marker_interfacing__rosidl_typesupport_introspection_cppExport-noconfig.cmake
[3.302s] -- Up-to-date: /home/urc/new-GUI/install/marker_interfacing/share/marker_interfacing/cmake/marker_interfacing__rosidl_typesupport_cppExport.cmake
[3.302s] -- Up-to-date: /home/urc/new-GUI/install/marker_interfacing/share/marker_interfacing/cmake/marker_interfacing__rosidl_typesupport_cppExport-noconfig.cmake
[3.306s] -- Up-to-date: /home/urc/new-GUI/install/marker_interfacing/share/marker_interfacing/cmake/export_marker_interfacing__rosidl_generator_pyExport.cmake
[3.307s] -- Up-to-date: /home/urc/new-GUI/install/marker_interfacing/share/marker_interfacing/cmake/export_marker_interfacing__rosidl_generator_pyExport-noconfig.cmake
[3.307s] -- Up-to-date: /home/urc/new-GUI/install/marker_interfacing/share/marker_interfacing/cmake/rosidl_cmake-extras.cmake
[3.308s] -- Up-to-date: /home/urc/new-GUI/install/marker_interfacing/share/marker_interfacing/cmake/ament_cmake_export_dependencies-extras.cmake
[3.308s] -- Up-to-date: /home/urc/new-GUI/install/marker_interfacing/share/marker_interfacing/cmake/ament_cmake_export_include_directories-extras.cmake
[3.308s] -- Up-to-date: /home/urc/new-GUI/install/marker_interfacing/share/marker_interfacing/cmake/ament_cmake_export_libraries-extras.cmake
[3.308s] -- Up-to-date: /home/urc/new-GUI/install/marker_interfacing/share/marker_interfacing/cmake/ament_cmake_export_targets-extras.cmake
[3.310s] -- Up-to-date: /home/urc/new-GUI/install/marker_interfacing/share/marker_interfacing/cmake/rosidl_cmake_export_typesupport_targets-extras.cmake
[3.310s] -- Up-to-date: /home/urc/new-GUI/install/marker_interfacing/share/marker_interfacing/cmake/rosidl_cmake_export_typesupport_libraries-extras.cmake
[3.310s] -- Up-to-date: /home/urc/new-GUI/install/marker_interfacing/share/marker_interfacing/cmake/marker_interfacingConfig.cmake
[3.310s] -- Up-to-date: /home/urc/new-GUI/install/marker_interfacing/share/marker_interfacing/cmake/marker_interfacingConfig-version.cmake
[3.310s] -- Up-to-date: /home/urc/new-GUI/install/marker_interfacing/share/marker_interfacing/package.xml
[3.317s] Invoked command in '/home/urc/new-GUI/build/marker_interfacing' returned '0': CMAKE_PREFIX_PATH=/home/urc/new-GUI/install/gui_window:/opt/ros/humble:${CMAKE_PREFIX_PATH} /usr/bin/cmake --install /home/urc/new-GUI/build/marker_interfacing
