[1.639s] Invoking command in '/home/urc/new-GUI/src/gui_window': PYTHONPATH=/home/urc/new-GUI/build/gui_window/prefix_override:/home/urc/new-GUI/install/gui_window/lib/python3.10/site-packages:${PYTHONPATH} /usr/bin/python3 setup.py egg_info --egg-base ../../build/gui_window build --build-base /home/urc/new-GUI/build/gui_window/build install --record /home/urc/new-GUI/build/gui_window/install.log --single-version-externally-managed
[2.136s] running egg_info
[2.138s] writing ../../build/gui_window/gui_window.egg-info/PKG-INFO
[2.138s] writing dependency_links to ../../build/gui_window/gui_window.egg-info/dependency_links.txt
[2.138s] writing entry points to ../../build/gui_window/gui_window.egg-info/entry_points.txt
[2.138s] writing requirements to ../../build/gui_window/gui_window.egg-info/requires.txt
[2.138s] writing top-level names to ../../build/gui_window/gui_window.egg-info/top_level.txt
[2.146s] reading manifest file '../../build/gui_window/gui_window.egg-info/SOURCES.txt'
[2.156s] writing manifest file '../../build/gui_window/gui_window.egg-info/SOURCES.txt'
[2.156s] running build
[2.156s] running build_py
[2.163s] running install
[2.163s] running install_lib
[2.168s] running install_data
[2.169s] running install_egg_info
[2.171s] removing '/home/urc/new-GUI/install/gui_window/lib/python3.10/site-packages/gui_window-0.0.0-py3.10.egg-info' (and everything under it)
[2.171s] Copying ../../build/gui_window/gui_window.egg-info to /home/urc/new-GUI/install/gui_window/lib/python3.10/site-packages/gui_window-0.0.0-py3.10.egg-info
[2.172s] running install_scripts
[2.201s] Installing gui script to /home/urc/new-GUI/install/gui_window/lib/gui_window
[2.203s] writing list of installed files to '/home/urc/new-GUI/build/gui_window/install.log'
