[2.888s] Invoking command in '/home/urc/new-GUI/src/gui_window': AMENT_PREFIX_PATH=/home/urc/new-GUI/install/theora_webcams:/home/urc/new-GUI/install/marker_interfacing:/home/urc/new-GUI/install/aruco_finder:${AMENT_PREFIX_PATH} CMAKE_PREFIX_PATH=/home/urc/new-GUI/install/theora_webcams:/home/urc/new-GUI/install/marker_interfacing:/home/urc/new-GUI/install/aruco_finder LD_LIBRARY_PATH=/home/urc/new-GUI/install/theora_webcams/lib:/home/urc/new-GUI/install/marker_interfacing/lib:/home/urc/new-GUI/install/aruco_finder/lib:${LD_LIBRARY_PATH} PYTHONPATH=/home/urc/new-GUI/build/gui_window/prefix_override:/home/urc/new-GUI/install/gui_window/lib/python3.10/site-packages:/home/urc/new-GUI/install/theora_webcams/local/lib/python3.10/dist-packages:/home/urc/new-GUI/install/marker_interfacing/local/lib/python3.10/dist-packages:/home/urc/new-GUI/install/aruco_finder/local/lib/python3.10/dist-packages:${PYTHONPATH} /usr/bin/python3 setup.py egg_info --egg-base ../../build/gui_window build --build-base /home/urc/new-GUI/build/gui_window/build install --record /home/urc/new-GUI/build/gui_window/install.log --single-version-externally-managed
[3.615s] running egg_info
[3.616s] writing ../../build/gui_window/gui_window.egg-info/PKG-INFO
[3.616s] writing dependency_links to ../../build/gui_window/gui_window.egg-info/dependency_links.txt
[3.616s] writing entry points to ../../build/gui_window/gui_window.egg-info/entry_points.txt
[3.619s] writing requirements to ../../build/gui_window/gui_window.egg-info/requires.txt
[3.619s] writing top-level names to ../../build/gui_window/gui_window.egg-info/top_level.txt
[3.633s] reading manifest file '../../build/gui_window/gui_window.egg-info/SOURCES.txt'
[3.636s] writing manifest file '../../build/gui_window/gui_window.egg-info/SOURCES.txt'
[3.637s] running build
[3.637s] running build_py
[3.665s] running install
[3.665s] running install_lib
[3.681s] running install_data
[3.685s] running install_egg_info
[3.685s] removing '/home/urc/new-GUI/install/gui_window/lib/python3.10/site-packages/gui_window-0.0.0-py3.10.egg-info' (and everything under it)
[3.686s] Copying ../../build/gui_window/gui_window.egg-info to /home/urc/new-GUI/install/gui_window/lib/python3.10/site-packages/gui_window-0.0.0-py3.10.egg-info
[3.700s] running install_scripts
[3.769s] Installing gui script to /home/urc/new-GUI/install/gui_window/lib/gui_window
[3.775s] writing list of installed files to '/home/urc/new-GUI/build/gui_window/install.log'
[3.867s] Invoked command in '/home/urc/new-GUI/src/gui_window' returned '0': AMENT_PREFIX_PATH=/home/urc/new-GUI/install/theora_webcams:/home/urc/new-GUI/install/marker_interfacing:/home/urc/new-GUI/install/aruco_finder:${AMENT_PREFIX_PATH} CMAKE_PREFIX_PATH=/home/urc/new-GUI/install/theora_webcams:/home/urc/new-GUI/install/marker_interfacing:/home/urc/new-GUI/install/aruco_finder LD_LIBRARY_PATH=/home/urc/new-GUI/install/theora_webcams/lib:/home/urc/new-GUI/install/marker_interfacing/lib:/home/urc/new-GUI/install/aruco_finder/lib:${LD_LIBRARY_PATH} PYTHONPATH=/home/urc/new-GUI/build/gui_window/prefix_override:/home/urc/new-GUI/install/gui_window/lib/python3.10/site-packages:/home/urc/new-GUI/install/theora_webcams/local/lib/python3.10/dist-packages:/home/urc/new-GUI/install/marker_interfacing/local/lib/python3.10/dist-packages:/home/urc/new-GUI/install/aruco_finder/local/lib/python3.10/dist-packages:${PYTHONPATH} /usr/bin/python3 setup.py egg_info --egg-base ../../build/gui_window build --build-base /home/urc/new-GUI/build/gui_window/build install --record /home/urc/new-GUI/build/gui_window/install.log --single-version-externally-managed
