[0.277s] Invoking command in '/home/urc/new-GUI/build/geographic_msgs': CMAKE_PREFIX_PATH=/opt/ros/humble /usr/bin/cmake --build /home/urc/new-GUI/build/geographic_msgs -- -j4 -l4
[0.911s] [  3%] Built target geographic_msgs__cpp
[0.912s] [ 12%] Built target geographic_msgs__rosidl_generator_c
[0.913s] [ 12%] Built target ament_cmake_python_symlink_geographic_msgs
[0.914s] [ 22%] Built target geographic_msgs__rosidl_typesupport_introspection_cpp
[0.915s] [ 32%] Built target geographic_msgs__rosidl_typesupport_cpp
[0.915s] [ 41%] Built target geographic_msgs__rosidl_typesupport_fastrtps_cpp
[0.917s] [ 51%] Built target geographic_msgs__rosidl_typesupport_fastrtps_c
[0.918s] [ 61%] Built target geographic_msgs__rosidl_typesupport_introspection_c
[0.919s] [ 70%] Built target geographic_msgs__rosidl_typesupport_c
[0.920s] [ 70%] Built target geographic_msgs
[0.921s] [ 74%] Built target geographic_msgs__py
[0.922s] [ 80%] Built target geographic_msgs__rosidl_generator_py
[0.923s] [ 87%] Built target geographic_msgs__rosidl_typesupport_fastrtps_c__pyext
[0.924s] [ 93%] Built target geographic_msgs__rosidl_typesupport_introspection_c__pyext
[0.925s] [100%] Built target geographic_msgs__rosidl_typesupport_c__pyext
[0.926s] running egg_info
[0.927s] writing geographic_msgs.egg-info/PKG-INFO
[0.929s] writing dependency_links to geographic_msgs.egg-info/dependency_links.txt
[0.930s] writing top-level names to geographic_msgs.egg-info/top_level.txt
[0.930s] reading manifest file 'geographic_msgs.egg-info/SOURCES.txt'
[0.931s] writing manifest file 'geographic_msgs.egg-info/SOURCES.txt'
[0.937s] [100%] Built target ament_cmake_python_build_geographic_msgs_egg
