[2.414s] Invoking command in '/home/urc/new-GUI/src/gui_window': PYTHONPATH=/home/urc/new-GUI/build/gui_window/prefix_override:/home/urc/new-GUI/install/gui_window/lib/python3.10/site-packages:${PYTHONPATH} /usr/bin/python3 setup.py egg_info --egg-base ../../build/gui_window build --build-base /home/urc/new-GUI/build/gui_window/build install --record /home/urc/new-GUI/build/gui_window/install.log --single-version-externally-managed
[3.071s] running egg_info
[3.071s] writing ../../build/gui_window/gui_window.egg-info/PKG-INFO
[3.071s] writing dependency_links to ../../build/gui_window/gui_window.egg-info/dependency_links.txt
[3.071s] writing entry points to ../../build/gui_window/gui_window.egg-info/entry_points.txt
[3.071s] writing requirements to ../../build/gui_window/gui_window.egg-info/requires.txt
[3.071s] writing top-level names to ../../build/gui_window/gui_window.egg-info/top_level.txt
[3.082s] reading manifest file '../../build/gui_window/gui_window.egg-info/SOURCES.txt'
[3.083s] writing manifest file '../../build/gui_window/gui_window.egg-info/SOURCES.txt'
[3.083s] running build
[3.083s] running build_py
[3.091s] running install
[3.092s] running install_lib
[3.117s] running install_data
[3.119s] running install_egg_info
[3.123s] removing '/home/urc/new-GUI/install/gui_window/lib/python3.10/site-packages/gui_window-0.0.0-py3.10.egg-info' (and everything under it)
[3.129s] Copying ../../build/gui_window/gui_window.egg-info to /home/urc/new-GUI/install/gui_window/lib/python3.10/site-packages/gui_window-0.0.0-py3.10.egg-info
[3.131s] running install_scripts
[3.183s] Installing gui script to /home/urc/new-GUI/install/gui_window/lib/gui_window
[3.189s] writing list of installed files to '/home/urc/new-GUI/build/gui_window/install.log'
[3.268s] Invoked command in '/home/urc/new-GUI/src/gui_window' returned '0': PYTHONPATH=/home/urc/new-GUI/build/gui_window/prefix_override:/home/urc/new-GUI/install/gui_window/lib/python3.10/site-packages:${PYTHONPATH} /usr/bin/python3 setup.py egg_info --egg-base ../../build/gui_window build --build-base /home/urc/new-GUI/build/gui_window/build install --record /home/urc/new-GUI/build/gui_window/install.log --single-version-externally-managed
