[  2%] [34m[1mGenerating C code for ROS interfaces[0m
[  5%] [34m[1mGenerating C++ code for ROS interfaces[0m
[  5%] Built target ament_cmake_python_copy_aruco_finder
running egg_info
creating aruco_finder.egg-info
writing aruco_finder.egg-info/PKG-INFO
writing dependency_links to aruco_finder.egg-info/dependency_links.txt
writing top-level names to aruco_finder.egg-info/top_level.txt
writing manifest file 'aruco_finder.egg-info/SOURCES.txt'
reading manifest file 'aruco_finder.egg-info/SOURCES.txt'
writing manifest file 'aruco_finder.egg-info/SOURCES.txt'
[  5%] Built target aruco_finder__cpp
[  5%] Built target ament_cmake_python_build_aruco_finder_egg
[  7%] [34m[1mGenerating C++ type support dispatch for ROS interfaces[0m
[ 10%] [34m[1mGenerating C++ introspection for ROS interfaces[0m
[ 12%] [34m[1mGenerating C++ type support for eProsima Fast-RTPS[0m
[ 15%] [32mBuilding C object CMakeFiles/aruco_finder__rosidl_generator_c.dir/rosidl_generator_c/aruco_finder/msg/detail/found_marker__functions.c.o[0m
[ 17%] [32mBuilding C object CMakeFiles/aruco_finder__rosidl_generator_c.dir/rosidl_generator_c/aruco_finder/msg/detail/found_marker_list__functions.c.o[0m
[ 20%] [32m[1mLinking C shared library libaruco_finder__rosidl_generator_c.so[0m
[ 23%] [32mBuilding CXX object CMakeFiles/aruco_finder__rosidl_typesupport_cpp.dir/rosidl_typesupport_cpp/aruco_finder/msg/found_marker__type_support.cpp.o[0m
[ 23%] Built target aruco_finder__rosidl_generator_c
[ 25%] [32mBuilding CXX object CMakeFiles/aruco_finder__rosidl_typesupport_fastrtps_cpp.dir/rosidl_typesupport_fastrtps_cpp/aruco_finder/msg/detail/dds_fastrtps/found_marker__type_support.cpp.o[0m
[ 28%] [32mBuilding CXX object CMakeFiles/aruco_finder__rosidl_typesupport_introspection_cpp.dir/rosidl_typesupport_introspection_cpp/aruco_finder/msg/detail/found_marker__type_support.cpp.o[0m
[ 30%] [34m[1mGenerating C type support for eProsima Fast-RTPS[0m
[ 33%] [32mBuilding CXX object CMakeFiles/aruco_finder__rosidl_typesupport_cpp.dir/rosidl_typesupport_cpp/aruco_finder/msg/found_marker_list__type_support.cpp.o[0m
[ 35%] [32mBuilding CXX object CMakeFiles/aruco_finder__rosidl_typesupport_introspection_cpp.dir/rosidl_typesupport_introspection_cpp/aruco_finder/msg/detail/found_marker_list__type_support.cpp.o[0m
[ 38%] [32m[1mLinking CXX shared library libaruco_finder__rosidl_typesupport_cpp.so[0m
[ 41%] [32mBuilding CXX object CMakeFiles/aruco_finder__rosidl_typesupport_fastrtps_c.dir/rosidl_typesupport_fastrtps_c/aruco_finder/msg/detail/found_marker__type_support_c.cpp.o[0m
[ 43%] [32mBuilding CXX object CMakeFiles/aruco_finder__rosidl_typesupport_fastrtps_cpp.dir/rosidl_typesupport_fastrtps_cpp/aruco_finder/msg/detail/dds_fastrtps/found_marker_list__type_support.cpp.o[0m
[ 43%] Built target aruco_finder__rosidl_typesupport_cpp
[ 46%] [34m[1mGenerating C introspection for ROS interfaces[0m
[ 48%] [32m[1mLinking CXX shared library libaruco_finder__rosidl_typesupport_introspection_cpp.so[0m
[ 51%] [32mBuilding CXX object CMakeFiles/aruco_finder__rosidl_typesupport_fastrtps_c.dir/rosidl_typesupport_fastrtps_c/aruco_finder/msg/detail/found_marker_list__type_support_c.cpp.o[0m
[ 51%] Built target aruco_finder__rosidl_typesupport_introspection_cpp
[ 53%] [34m[1mGenerating C type support dispatch for ROS interfaces[0m
[ 56%] [32m[1mLinking CXX shared library libaruco_finder__rosidl_typesupport_fastrtps_cpp.so[0m
[ 58%] [32mBuilding C object CMakeFiles/aruco_finder__rosidl_typesupport_introspection_c.dir/rosidl_typesupport_introspection_c/aruco_finder/msg/detail/found_marker__type_support.c.o[0m
[ 61%] [32mBuilding C object CMakeFiles/aruco_finder__rosidl_typesupport_introspection_c.dir/rosidl_typesupport_introspection_c/aruco_finder/msg/detail/found_marker_list__type_support.c.o[0m
[ 64%] [32m[1mLinking C shared library libaruco_finder__rosidl_typesupport_introspection_c.so[0m
[ 64%] Built target aruco_finder__rosidl_typesupport_fastrtps_cpp
[ 66%] [32m[1mLinking CXX shared library libaruco_finder__rosidl_typesupport_fastrtps_c.so[0m
[ 66%] Built target aruco_finder__rosidl_typesupport_introspection_c
[ 66%] Built target aruco_finder__rosidl_typesupport_fastrtps_c
[ 69%] [32mBuilding CXX object CMakeFiles/aruco_finder__rosidl_typesupport_c.dir/rosidl_typesupport_c/aruco_finder/msg/found_marker__type_support.cpp.o[0m
[ 71%] [32mBuilding CXX object CMakeFiles/aruco_finder__rosidl_typesupport_c.dir/rosidl_typesupport_c/aruco_finder/msg/found_marker_list__type_support.cpp.o[0m
[ 74%] [32m[1mLinking CXX shared library libaruco_finder__rosidl_typesupport_c.so[0m
[ 74%] Built target aruco_finder__rosidl_typesupport_c
[ 74%] Built target aruco_finder
[ 76%] [34m[1mGenerating Python code for ROS interfaces[0m
[ 76%] Built target aruco_finder__py
[ 79%] [32mBuilding C object CMakeFiles/aruco_finder__rosidl_generator_py.dir/rosidl_generator_py/aruco_finder/msg/_found_marker_list_s.c.o[0m
[ 82%] [32mBuilding C object CMakeFiles/aruco_finder__rosidl_generator_py.dir/rosidl_generator_py/aruco_finder/msg/_found_marker_s.c.o[0m
[ 84%] [32m[1mLinking C shared library rosidl_generator_py/aruco_finder/libaruco_finder__rosidl_generator_py.so[0m
[ 84%] Built target aruco_finder__rosidl_generator_py
[ 89%] [32mBuilding C object CMakeFiles/aruco_finder__rosidl_typesupport_introspection_c__pyext.dir/rosidl_generator_py/aruco_finder/_aruco_finder_s.ep.rosidl_typesupport_introspection_c.c.o[0m
[ 89%] [32mBuilding C object CMakeFiles/aruco_finder__rosidl_typesupport_c__pyext.dir/rosidl_generator_py/aruco_finder/_aruco_finder_s.ep.rosidl_typesupport_c.c.o[0m
[ 92%] [32mBuilding C object CMakeFiles/aruco_finder__rosidl_typesupport_fastrtps_c__pyext.dir/rosidl_generator_py/aruco_finder/_aruco_finder_s.ep.rosidl_typesupport_fastrtps_c.c.o[0m
[ 94%] [32m[1mLinking C shared library rosidl_generator_py/aruco_finder/aruco_finder_s__rosidl_typesupport_fastrtps_c.cpython-310-x86_64-linux-gnu.so[0m
[ 97%] [32m[1mLinking C shared library rosidl_generator_py/aruco_finder/aruco_finder_s__rosidl_typesupport_introspection_c.cpython-310-x86_64-linux-gnu.so[0m
[100%] [32m[1mLinking C shared library rosidl_generator_py/aruco_finder/aruco_finder_s__rosidl_typesupport_c.cpython-310-x86_64-linux-gnu.so[0m
[100%] Built target aruco_finder__rosidl_typesupport_c__pyext
[100%] Built target aruco_finder__rosidl_typesupport_fastrtps_c__pyext
[100%] Built target aruco_finder__rosidl_typesupport_introspection_c__pyext
-- Install configuration: ""
-- Installing: /home/urc/new-GUI/install/aruco_finder/share/ament_index/resource_index/rosidl_interfaces/aruco_finder
-- Installing: /home/urc/new-GUI/install/aruco_finder/include/aruco_finder/aruco_finder
-- Installing: /home/urc/new-GUI/install/aruco_finder/include/aruco_finder/aruco_finder/msg
-- Installing: /home/urc/new-GUI/install/aruco_finder/include/aruco_finder/aruco_finder/msg/found_marker.h
-- Installing: /home/urc/new-GUI/install/aruco_finder/include/aruco_finder/aruco_finder/msg/found_marker_list.h
-- Installing: /home/urc/new-GUI/install/aruco_finder/include/aruco_finder/aruco_finder/msg/rosidl_generator_c__visibility_control.h
-- Installing: /home/urc/new-GUI/install/aruco_finder/include/aruco_finder/aruco_finder/msg/detail
-- Installing: /home/urc/new-GUI/install/aruco_finder/include/aruco_finder/aruco_finder/msg/detail/found_marker__functions.c
-- Installing: /home/urc/new-GUI/install/aruco_finder/include/aruco_finder/aruco_finder/msg/detail/found_marker__functions.h
-- Installing: /home/urc/new-GUI/install/aruco_finder/include/aruco_finder/aruco_finder/msg/detail/found_marker_list__struct.h
-- Installing: /home/urc/new-GUI/install/aruco_finder/include/aruco_finder/aruco_finder/msg/detail/found_marker__struct.h
-- Installing: /home/urc/new-GUI/install/aruco_finder/include/aruco_finder/aruco_finder/msg/detail/found_marker_list__functions.h
-- Installing: /home/urc/new-GUI/install/aruco_finder/include/aruco_finder/aruco_finder/msg/detail/found_marker_list__type_support.h
-- Installing: /home/urc/new-GUI/install/aruco_finder/include/aruco_finder/aruco_finder/msg/detail/found_marker__type_support.h
-- Installing: /home/urc/new-GUI/install/aruco_finder/include/aruco_finder/aruco_finder/msg/detail/found_marker_list__functions.c
-- Installing: /home/urc/new-GUI/install/aruco_finder/share/aruco_finder/environment/library_path.sh
-- Installing: /home/urc/new-GUI/install/aruco_finder/share/aruco_finder/environment/library_path.dsv
-- Installing: /home/urc/new-GUI/install/aruco_finder/lib/libaruco_finder__rosidl_generator_c.so
-- Set runtime path of "/home/urc/new-GUI/install/aruco_finder/lib/libaruco_finder__rosidl_generator_c.so" to ""
-- Up-to-date: /home/urc/new-GUI/install/aruco_finder/include/aruco_finder/aruco_finder
-- Up-to-date: /home/urc/new-GUI/install/aruco_finder/include/aruco_finder/aruco_finder/msg
-- Installing: /home/urc/new-GUI/install/aruco_finder/include/aruco_finder/aruco_finder/msg/rosidl_typesupport_fastrtps_c__visibility_control.h
-- Up-to-date: /home/urc/new-GUI/install/aruco_finder/include/aruco_finder/aruco_finder/msg/detail
-- Installing: /home/urc/new-GUI/install/aruco_finder/include/aruco_finder/aruco_finder/msg/detail/found_marker_list__rosidl_typesupport_fastrtps_c.h
-- Installing: /home/urc/new-GUI/install/aruco_finder/include/aruco_finder/aruco_finder/msg/detail/found_marker__rosidl_typesupport_fastrtps_c.h
-- Installing: /home/urc/new-GUI/install/aruco_finder/lib/libaruco_finder__rosidl_typesupport_fastrtps_c.so
-- Set runtime path of "/home/urc/new-GUI/install/aruco_finder/lib/libaruco_finder__rosidl_typesupport_fastrtps_c.so" to ""
-- Up-to-date: /home/urc/new-GUI/install/aruco_finder/include/aruco_finder/aruco_finder
-- Up-to-date: /home/urc/new-GUI/install/aruco_finder/include/aruco_finder/aruco_finder/msg
-- Installing: /home/urc/new-GUI/install/aruco_finder/include/aruco_finder/aruco_finder/msg/rosidl_typesupport_introspection_c__visibility_control.h
-- Up-to-date: /home/urc/new-GUI/install/aruco_finder/include/aruco_finder/aruco_finder/msg/detail
-- Installing: /home/urc/new-GUI/install/aruco_finder/include/aruco_finder/aruco_finder/msg/detail/found_marker__rosidl_typesupport_introspection_c.h
-- Installing: /home/urc/new-GUI/install/aruco_finder/include/aruco_finder/aruco_finder/msg/detail/found_marker_list__type_support.c
-- Installing: /home/urc/new-GUI/install/aruco_finder/include/aruco_finder/aruco_finder/msg/detail/found_marker__type_support.c
-- Installing: /home/urc/new-GUI/install/aruco_finder/include/aruco_finder/aruco_finder/msg/detail/found_marker_list__rosidl_typesupport_introspection_c.h
-- Installing: /home/urc/new-GUI/install/aruco_finder/lib/libaruco_finder__rosidl_typesupport_introspection_c.so
-- Set runtime path of "/home/urc/new-GUI/install/aruco_finder/lib/libaruco_finder__rosidl_typesupport_introspection_c.so" to ""
-- Installing: /home/urc/new-GUI/install/aruco_finder/lib/libaruco_finder__rosidl_typesupport_c.so
-- Set runtime path of "/home/urc/new-GUI/install/aruco_finder/lib/libaruco_finder__rosidl_typesupport_c.so" to ""
-- Up-to-date: /home/urc/new-GUI/install/aruco_finder/include/aruco_finder/aruco_finder
-- Up-to-date: /home/urc/new-GUI/install/aruco_finder/include/aruco_finder/aruco_finder/msg
-- Installing: /home/urc/new-GUI/install/aruco_finder/include/aruco_finder/aruco_finder/msg/found_marker.hpp
-- Installing: /home/urc/new-GUI/install/aruco_finder/include/aruco_finder/aruco_finder/msg/found_marker_list.hpp
-- Up-to-date: /home/urc/new-GUI/install/aruco_finder/include/aruco_finder/aruco_finder/msg/detail
-- Installing: /home/urc/new-GUI/install/aruco_finder/include/aruco_finder/aruco_finder/msg/detail/found_marker__builder.hpp
-- Installing: /home/urc/new-GUI/install/aruco_finder/include/aruco_finder/aruco_finder/msg/detail/found_marker_list__struct.hpp
-- Installing: /home/urc/new-GUI/install/aruco_finder/include/aruco_finder/aruco_finder/msg/detail/found_marker__traits.hpp
-- Installing: /home/urc/new-GUI/install/aruco_finder/include/aruco_finder/aruco_finder/msg/detail/found_marker_list__builder.hpp
-- Installing: /home/urc/new-GUI/install/aruco_finder/include/aruco_finder/aruco_finder/msg/detail/found_marker__struct.hpp
-- Installing: /home/urc/new-GUI/install/aruco_finder/include/aruco_finder/aruco_finder/msg/detail/found_marker_list__traits.hpp
-- Up-to-date: /home/urc/new-GUI/install/aruco_finder/include/aruco_finder/aruco_finder
-- Up-to-date: /home/urc/new-GUI/install/aruco_finder/include/aruco_finder/aruco_finder/msg
-- Installing: /home/urc/new-GUI/install/aruco_finder/include/aruco_finder/aruco_finder/msg/rosidl_typesupport_fastrtps_cpp__visibility_control.h
-- Up-to-date: /home/urc/new-GUI/install/aruco_finder/include/aruco_finder/aruco_finder/msg/detail
-- Installing: /home/urc/new-GUI/install/aruco_finder/include/aruco_finder/aruco_finder/msg/detail/found_marker__rosidl_typesupport_fastrtps_cpp.hpp
-- Installing: /home/urc/new-GUI/install/aruco_finder/include/aruco_finder/aruco_finder/msg/detail/found_marker_list__rosidl_typesupport_fastrtps_cpp.hpp
-- Installing: /home/urc/new-GUI/install/aruco_finder/include/aruco_finder/aruco_finder/msg/detail/dds_fastrtps
-- Installing: /home/urc/new-GUI/install/aruco_finder/lib/libaruco_finder__rosidl_typesupport_fastrtps_cpp.so
-- Set runtime path of "/home/urc/new-GUI/install/aruco_finder/lib/libaruco_finder__rosidl_typesupport_fastrtps_cpp.so" to ""
-- Up-to-date: /home/urc/new-GUI/install/aruco_finder/include/aruco_finder/aruco_finder
-- Up-to-date: /home/urc/new-GUI/install/aruco_finder/include/aruco_finder/aruco_finder/msg
-- Up-to-date: /home/urc/new-GUI/install/aruco_finder/include/aruco_finder/aruco_finder/msg/detail
-- Installing: /home/urc/new-GUI/install/aruco_finder/include/aruco_finder/aruco_finder/msg/detail/found_marker_list__type_support.cpp
-- Installing: /home/urc/new-GUI/install/aruco_finder/include/aruco_finder/aruco_finder/msg/detail/found_marker_list__rosidl_typesupport_introspection_cpp.hpp
-- Installing: /home/urc/new-GUI/install/aruco_finder/include/aruco_finder/aruco_finder/msg/detail/found_marker__type_support.cpp
-- Installing: /home/urc/new-GUI/install/aruco_finder/include/aruco_finder/aruco_finder/msg/detail/found_marker__rosidl_typesupport_introspection_cpp.hpp
-- Installing: /home/urc/new-GUI/install/aruco_finder/lib/libaruco_finder__rosidl_typesupport_introspection_cpp.so
-- Set runtime path of "/home/urc/new-GUI/install/aruco_finder/lib/libaruco_finder__rosidl_typesupport_introspection_cpp.so" to ""
-- Installing: /home/urc/new-GUI/install/aruco_finder/lib/libaruco_finder__rosidl_typesupport_cpp.so
-- Set runtime path of "/home/urc/new-GUI/install/aruco_finder/lib/libaruco_finder__rosidl_typesupport_cpp.so" to ""
-- Installing: /home/urc/new-GUI/install/aruco_finder/share/aruco_finder/environment/pythonpath.sh
-- Installing: /home/urc/new-GUI/install/aruco_finder/share/aruco_finder/environment/pythonpath.dsv
-- Installing: /home/urc/new-GUI/install/aruco_finder/local/lib/python3.10/dist-packages/aruco_finder-0.0.0-py3.10.egg-info
-- Installing: /home/urc/new-GUI/install/aruco_finder/local/lib/python3.10/dist-packages/aruco_finder-0.0.0-py3.10.egg-info/PKG-INFO
-- Installing: /home/urc/new-GUI/install/aruco_finder/local/lib/python3.10/dist-packages/aruco_finder-0.0.0-py3.10.egg-info/dependency_links.txt
-- Installing: /home/urc/new-GUI/install/aruco_finder/local/lib/python3.10/dist-packages/aruco_finder-0.0.0-py3.10.egg-info/top_level.txt
-- Installing: /home/urc/new-GUI/install/aruco_finder/local/lib/python3.10/dist-packages/aruco_finder-0.0.0-py3.10.egg-info/SOURCES.txt
-- Installing: /home/urc/new-GUI/install/aruco_finder/local/lib/python3.10/dist-packages/aruco_finder
-- Installing: /home/urc/new-GUI/install/aruco_finder/local/lib/python3.10/dist-packages/aruco_finder/msg
-- Installing: /home/urc/new-GUI/install/aruco_finder/local/lib/python3.10/dist-packages/aruco_finder/msg/_found_marker_list.py
-- Installing: /home/urc/new-GUI/install/aruco_finder/local/lib/python3.10/dist-packages/aruco_finder/msg/__init__.py
-- Installing: /home/urc/new-GUI/install/aruco_finder/local/lib/python3.10/dist-packages/aruco_finder/msg/_found_marker_list_s.c
-- Installing: /home/urc/new-GUI/install/aruco_finder/local/lib/python3.10/dist-packages/aruco_finder/msg/_found_marker.py
-- Installing: /home/urc/new-GUI/install/aruco_finder/local/lib/python3.10/dist-packages/aruco_finder/msg/_found_marker_s.c
-- Installing: /home/urc/new-GUI/install/aruco_finder/local/lib/python3.10/dist-packages/aruco_finder/libaruco_finder__rosidl_generator_py.so
-- Installing: /home/urc/new-GUI/install/aruco_finder/local/lib/python3.10/dist-packages/aruco_finder/__init__.py
-- Installing: /home/urc/new-GUI/install/aruco_finder/local/lib/python3.10/dist-packages/aruco_finder/aruco_finder_s__rosidl_typesupport_introspection_c.cpython-310-x86_64-linux-gnu.so
-- Installing: /home/urc/new-GUI/install/aruco_finder/local/lib/python3.10/dist-packages/aruco_finder/aruco_finder_s__rosidl_typesupport_c.cpython-310-x86_64-linux-gnu.so
-- Installing: /home/urc/new-GUI/install/aruco_finder/local/lib/python3.10/dist-packages/aruco_finder/aruco_finder_s__rosidl_typesupport_fastrtps_c.cpython-310-x86_64-linux-gnu.so
-- Installing: /home/urc/new-GUI/install/aruco_finder/local/lib/python3.10/dist-packages/aruco_finder/_aruco_finder_s.ep.rosidl_typesupport_c.c
-- Installing: /home/urc/new-GUI/install/aruco_finder/local/lib/python3.10/dist-packages/aruco_finder/_aruco_finder_s.ep.rosidl_typesupport_fastrtps_c.c
-- Installing: /home/urc/new-GUI/install/aruco_finder/local/lib/python3.10/dist-packages/aruco_finder/_aruco_finder_s.ep.rosidl_typesupport_introspection_c.c
Listing '/home/urc/new-GUI/install/aruco_finder/local/lib/python3.10/dist-packages/aruco_finder'...
Compiling '/home/urc/new-GUI/install/aruco_finder/local/lib/python3.10/dist-packages/aruco_finder/__init__.py'...
Listing '/home/urc/new-GUI/install/aruco_finder/local/lib/python3.10/dist-packages/aruco_finder/msg'...
Compiling '/home/urc/new-GUI/install/aruco_finder/local/lib/python3.10/dist-packages/aruco_finder/msg/__init__.py'...
Compiling '/home/urc/new-GUI/install/aruco_finder/local/lib/python3.10/dist-packages/aruco_finder/msg/_found_marker.py'...
Compiling '/home/urc/new-GUI/install/aruco_finder/local/lib/python3.10/dist-packages/aruco_finder/msg/_found_marker_list.py'...
-- Installing: /home/urc/new-GUI/install/aruco_finder/local/lib/python3.10/dist-packages/aruco_finder/aruco_finder_s__rosidl_typesupport_fastrtps_c.cpython-310-x86_64-linux-gnu.so
-- Set runtime path of "/home/urc/new-GUI/install/aruco_finder/local/lib/python3.10/dist-packages/aruco_finder/aruco_finder_s__rosidl_typesupport_fastrtps_c.cpython-310-x86_64-linux-gnu.so" to ""
-- Installing: /home/urc/new-GUI/install/aruco_finder/local/lib/python3.10/dist-packages/aruco_finder/aruco_finder_s__rosidl_typesupport_introspection_c.cpython-310-x86_64-linux-gnu.so
-- Set runtime path of "/home/urc/new-GUI/install/aruco_finder/local/lib/python3.10/dist-packages/aruco_finder/aruco_finder_s__rosidl_typesupport_introspection_c.cpython-310-x86_64-linux-gnu.so" to ""
-- Installing: /home/urc/new-GUI/install/aruco_finder/local/lib/python3.10/dist-packages/aruco_finder/aruco_finder_s__rosidl_typesupport_c.cpython-310-x86_64-linux-gnu.so
-- Set runtime path of "/home/urc/new-GUI/install/aruco_finder/local/lib/python3.10/dist-packages/aruco_finder/aruco_finder_s__rosidl_typesupport_c.cpython-310-x86_64-linux-gnu.so" to ""
-- Installing: /home/urc/new-GUI/install/aruco_finder/lib/libaruco_finder__rosidl_generator_py.so
-- Set runtime path of "/home/urc/new-GUI/install/aruco_finder/lib/libaruco_finder__rosidl_generator_py.so" to ""
-- Installing: /home/urc/new-GUI/install/aruco_finder/share/aruco_finder/msg/FoundMarker.idl
-- Installing: /home/urc/new-GUI/install/aruco_finder/share/aruco_finder/msg/FoundMarkerList.idl
-- Installing: /home/urc/new-GUI/install/aruco_finder/share/aruco_finder/msg/FoundMarker.msg
-- Installing: /home/urc/new-GUI/install/aruco_finder/share/aruco_finder/msg/FoundMarkerList.msg
-- Installing: /home/urc/new-GUI/install/aruco_finder/share/ament_index/resource_index/package_run_dependencies/aruco_finder
-- Installing: /home/urc/new-GUI/install/aruco_finder/share/ament_index/resource_index/parent_prefix_path/aruco_finder
-- Installing: /home/urc/new-GUI/install/aruco_finder/share/aruco_finder/environment/ament_prefix_path.sh
-- Installing: /home/urc/new-GUI/install/aruco_finder/share/aruco_finder/environment/ament_prefix_path.dsv
-- Installing: /home/urc/new-GUI/install/aruco_finder/share/aruco_finder/environment/path.sh
-- Installing: /home/urc/new-GUI/install/aruco_finder/share/aruco_finder/environment/path.dsv
-- Installing: /home/urc/new-GUI/install/aruco_finder/share/aruco_finder/local_setup.bash
-- Installing: /home/urc/new-GUI/install/aruco_finder/share/aruco_finder/local_setup.sh
-- Installing: /home/urc/new-GUI/install/aruco_finder/share/aruco_finder/local_setup.zsh
-- Installing: /home/urc/new-GUI/install/aruco_finder/share/aruco_finder/local_setup.dsv
-- Installing: /home/urc/new-GUI/install/aruco_finder/share/aruco_finder/package.dsv
-- Installing: /home/urc/new-GUI/install/aruco_finder/share/ament_index/resource_index/packages/aruco_finder
-- Installing: /home/urc/new-GUI/install/aruco_finder/share/aruco_finder/cmake/export_aruco_finder__rosidl_generator_cExport.cmake
-- Installing: /home/urc/new-GUI/install/aruco_finder/share/aruco_finder/cmake/export_aruco_finder__rosidl_generator_cExport-noconfig.cmake
-- Installing: /home/urc/new-GUI/install/aruco_finder/share/aruco_finder/cmake/export_aruco_finder__rosidl_typesupport_fastrtps_cExport.cmake
-- Installing: /home/urc/new-GUI/install/aruco_finder/share/aruco_finder/cmake/export_aruco_finder__rosidl_typesupport_fastrtps_cExport-noconfig.cmake
-- Installing: /home/urc/new-GUI/install/aruco_finder/share/aruco_finder/cmake/aruco_finder__rosidl_typesupport_introspection_cExport.cmake
-- Installing: /home/urc/new-GUI/install/aruco_finder/share/aruco_finder/cmake/aruco_finder__rosidl_typesupport_introspection_cExport-noconfig.cmake
-- Installing: /home/urc/new-GUI/install/aruco_finder/share/aruco_finder/cmake/aruco_finder__rosidl_typesupport_cExport.cmake
-- Installing: /home/urc/new-GUI/install/aruco_finder/share/aruco_finder/cmake/aruco_finder__rosidl_typesupport_cExport-noconfig.cmake
-- Installing: /home/urc/new-GUI/install/aruco_finder/share/aruco_finder/cmake/export_aruco_finder__rosidl_generator_cppExport.cmake
-- Installing: /home/urc/new-GUI/install/aruco_finder/share/aruco_finder/cmake/export_aruco_finder__rosidl_typesupport_fastrtps_cppExport.cmake
-- Installing: /home/urc/new-GUI/install/aruco_finder/share/aruco_finder/cmake/export_aruco_finder__rosidl_typesupport_fastrtps_cppExport-noconfig.cmake
-- Installing: /home/urc/new-GUI/install/aruco_finder/share/aruco_finder/cmake/aruco_finder__rosidl_typesupport_introspection_cppExport.cmake
-- Installing: /home/urc/new-GUI/install/aruco_finder/share/aruco_finder/cmake/aruco_finder__rosidl_typesupport_introspection_cppExport-noconfig.cmake
-- Installing: /home/urc/new-GUI/install/aruco_finder/share/aruco_finder/cmake/aruco_finder__rosidl_typesupport_cppExport.cmake
-- Installing: /home/urc/new-GUI/install/aruco_finder/share/aruco_finder/cmake/aruco_finder__rosidl_typesupport_cppExport-noconfig.cmake
-- Installing: /home/urc/new-GUI/install/aruco_finder/share/aruco_finder/cmake/export_aruco_finder__rosidl_generator_pyExport.cmake
-- Installing: /home/urc/new-GUI/install/aruco_finder/share/aruco_finder/cmake/export_aruco_finder__rosidl_generator_pyExport-noconfig.cmake
-- Installing: /home/urc/new-GUI/install/aruco_finder/share/aruco_finder/cmake/rosidl_cmake-extras.cmake
-- Installing: /home/urc/new-GUI/install/aruco_finder/share/aruco_finder/cmake/ament_cmake_export_dependencies-extras.cmake
-- Installing: /home/urc/new-GUI/install/aruco_finder/share/aruco_finder/cmake/ament_cmake_export_include_directories-extras.cmake
-- Installing: /home/urc/new-GUI/install/aruco_finder/share/aruco_finder/cmake/ament_cmake_export_libraries-extras.cmake
-- Installing: /home/urc/new-GUI/install/aruco_finder/share/aruco_finder/cmake/ament_cmake_export_targets-extras.cmake
-- Installing: /home/urc/new-GUI/install/aruco_finder/share/aruco_finder/cmake/rosidl_cmake_export_typesupport_targets-extras.cmake
-- Installing: /home/urc/new-GUI/install/aruco_finder/share/aruco_finder/cmake/rosidl_cmake_export_typesupport_libraries-extras.cmake
-- Installing: /home/urc/new-GUI/install/aruco_finder/share/aruco_finder/cmake/aruco_finderConfig.cmake
-- Installing: /home/urc/new-GUI/install/aruco_finder/share/aruco_finder/cmake/aruco_finderConfig-version.cmake
-- Installing: /home/urc/new-GUI/install/aruco_finder/share/aruco_finder/package.xml
