[0.755s] Invoking command in '/home/urc/new-GUI/build/theora_webcams': CMAKE_PREFIX_PATH=/opt/ros/humble /usr/bin/cmake /home/urc/new-GUI/src/theora_webcams -DCMAKE_INSTALL_PREFIX=/home/urc/new-GUI/install/theora_webcams
[0.777s] -- Found ament_cmake: 1.3.5 (/opt/ros/humble/share/ament_cmake/cmake)
[1.047s] -- Found ament_lint_auto: 0.12.8 (/opt/ros/humble/share/ament_lint_auto/cmake)
[1.143s] -- Found rosidl_default_generators: 1.2.0 (/opt/ros/humble/share/rosidl_default_generators/cmake)
[1.147s] -- Using all available rosidl_typesupport_c: rosidl_typesupport_fastrtps_c;rosidl_typesupport_introspection_c
[1.156s] -- Found rosidl_adapter: 3.1.5 (/opt/ros/humble/share/rosidl_adapter/cmake)
[1.219s] -- Using all available rosidl_typesupport_cpp: rosidl_typesupport_fastrtps_cpp;rosidl_typesupport_introspection_cpp
[1.291s] [33mCMake Warning at CMakeLists.txt:244 (find_package):
[1.291s]   By not providing "Findroscpp.cmake" in CMAKE_MODULE_PATH this project has
[1.291s]   asked CMake to find a package configuration file provided by "roscpp", but
[1.291s]   CMake did not find one.
[1.291s] 
[1.292s]   Could not find a package configuration file provided by "roscpp" with any
[1.292s]   of the following names:
[1.292s] 
[1.292s]     roscppConfig.cmake
[1.292s]     roscpp-config.cmake
[1.292s] 
[1.293s]   Add the installation prefix of "roscpp" to CMAKE_PREFIX_PATH or set
[1.293s]   "roscpp_DIR" to a directory containing one of the above files.  If "roscpp"
[1.293s]   provides a separate development package or SDK, be sure it has been
[1.293s]   installed.
[1.293s] 
[1.293s] [0m
[1.294s] -- Found sensor_msgs: 4.2.3 (/opt/ros/humble/share/sensor_msgs/cmake)
[1.781s] -- Found cv_bridge: 3.2.1 (/opt/ros/humble/share/cv_bridge/cmake)
[1.809s] -- Found image_transport: 3.1.7 (/opt/ros/humble/share/image_transport/cmake)
[1.921s] -- Found rmw_implementation_cmake: 6.1.1 (/opt/ros/humble/share/rmw_implementation_cmake/cmake)
[1.923s] -- Found rmw_fastrtps_cpp: 6.2.4 (/opt/ros/humble/share/rmw_fastrtps_cpp/cmake)
[2.120s] -- Using RMW implementation 'rmw_fastrtps_cpp' as default
[2.518s] [33mCMake Warning at CMakeLists.txt:249 (find_package):
[2.518s]   By not providing "Findcamera_info_manager.cmake" in CMAKE_MODULE_PATH this
[2.518s]   project has asked CMake to find a package configuration file provided by
[2.518s]   "camera_info_manager", but CMake did not find one.
[2.518s] 
[2.518s]   Could not find a package configuration file provided by
[2.519s]   "camera_info_manager" with any of the following names:
[2.519s] 
[2.519s]     camera_info_managerConfig.cmake
[2.519s]     camera_info_manager-config.cmake
[2.519s] 
[2.519s]   Add the installation prefix of "camera_info_manager" to CMAKE_PREFIX_PATH
[2.519s]   or set "camera_info_manager_DIR" to a directory containing one of the above
[2.519s]   files.  If "camera_info_manager" provides a separate development package or
[2.519s]   SDK, be sure it has been installed.
[2.519s] 
[2.520s] [0m
[2.532s] [33mCMake Warning at CMakeLists.txt:250 (find_package):
[2.532s]   By not providing "Findmessage_runtime.cmake" in CMAKE_MODULE_PATH this
[2.533s]   project has asked CMake to find a package configuration file provided by
[2.533s]   "message_runtime", but CMake did not find one.
[2.533s] 
[2.533s]   Could not find a package configuration file provided by "message_runtime"
[2.533s]   with any of the following names:
[2.533s] 
[2.533s]     message_runtimeConfig.cmake
[2.533s]     message_runtime-config.cmake
[2.533s] 
[2.534s]   Add the installation prefix of "message_runtime" to CMAKE_PREFIX_PATH or
[2.534s]   set "message_runtime_DIR" to a directory containing one of the above files.
[2.534s]   If "message_runtime" provides a separate development package or SDK, be
[2.534s]   sure it has been installed.
[2.534s] 
[2.534s] [0m
[2.915s] [31mCMake Error at /opt/ros/humble/share/rosidl_cmake/cmake/rosidl_generate_interfaces.cmake:162 (message):
[2.915s]   rosidl_generate_interfaces() the passed dependency 'camera_info_manager'
[2.915s]   has not been found before using find_package()
[2.915s] Call Stack (most recent call first):
[2.915s]   CMakeLists.txt:252 (rosidl_generate_interfaces)
[2.915s] 
[2.915s] [0m
[2.916s] -- Configuring incomplete, errors occurred!
[2.916s] See also "/home/urc/new-GUI/build/theora_webcams/CMakeFiles/CMakeOutput.log".
