-- Found ament_cmake: 1.3.5 (/opt/ros/humble/share/ament_cmake/cmake)
-- Found ament_lint_auto: 0.12.8 (/opt/ros/humble/share/ament_lint_auto/cmake)
-- Found rosidl_default_generators: 1.2.0 (/opt/ros/humble/share/rosidl_default_generators/cmake)
-- Using all available rosidl_typesupport_c: rosidl_typesupport_fastrtps_c;rosidl_typesupport_introspection_c
-- Found rosidl_adapter: 3.1.5 (/opt/ros/humble/share/rosidl_adapter/cmake)
-- Using all available rosidl_typesupport_cpp: rosidl_typesupport_fastrtps_cpp;rosidl_typesupport_introspection_cpp
-- Found rclcpp: 16.0.6 (/opt/ros/humble/share/rclcpp/cmake)
-- Found rmw_implementation_cmake: 6.1.1 (/opt/ros/humble/share/rmw_implementation_cmake/cmake)
-- Found rmw_fastrtps_cpp: 6.2.4 (/opt/ros/humble/share/rmw_fastrtps_cpp/cmake)
-- Using RMW implementation 'rmw_fastrtps_cpp' as default
-- Found rclpy: 3.3.10 (/opt/ros/humble/share/rclpy/cmake)
-- Found geometry_msgs: 4.2.3 (/opt/ros/humble/share/geometry_msgs/cmake)
-- Found geographic_msgs: 1.0.5 (/opt/ros/humble/share/geographic_msgs/cmake)
-- Found ament_cmake_ros: 0.10.0 (/opt/ros/humble/share/ament_cmake_ros/cmake)
-- Using all available rosidl_typesupport_c: rosidl_typesupport_fastrtps_c;rosidl_typesupport_introspection_c
-- Using all available rosidl_typesupport_cpp: rosidl_typesupport_fastrtps_cpp;rosidl_typesupport_introspection_cpp
-- Found PythonInterp: /usr/bin/python3 (found suitable version "3.10.12", minimum required is "3.6") 
-- Found python_cmake_module: 0.10.0 (/opt/ros/humble/share/python_cmake_module/cmake)
-- Found PythonLibs: /usr/lib/x86_64-linux-gnu/libpython3.10.so (found suitable version "3.10.12", minimum required is "3.5") 
-- Using PYTHON_EXECUTABLE: /usr/bin/python3
-- Using PYTHON_INCLUDE_DIRS: /usr/include/python3.10
-- Using PYTHON_LIBRARIES: /usr/lib/x86_64-linux-gnu/libpython3.10.so
-- Found PythonExtra: .so  
-- Added test 'lint_cmake' to check CMake code style
-- Added test 'xmllint' to check XML markup files
-- Configuring done
-- Generating done
-- Build files have been written to: /home/urc/new-GUI/build/marker_interfacing
[  1%] [34m[1mGenerating C code for ROS interfaces[0m
[  1%] [34m[1mGenerating C++ code for ROS interfaces[0m
[  1%] Built target ament_cmake_python_copy_marker_interfacing
running egg_info
creating marker_interfacing.egg-info
writing marker_interfacing.egg-info/PKG-INFO
writing dependency_links to marker_interfacing.egg-info/dependency_links.txt
writing top-level names to marker_interfacing.egg-info/top_level.txt
writing manifest file 'marker_interfacing.egg-info/SOURCES.txt'
reading manifest file 'marker_interfacing.egg-info/SOURCES.txt'
writing manifest file 'marker_interfacing.egg-info/SOURCES.txt'
[  1%] Built target ament_cmake_python_build_marker_interfacing_egg
[  1%] Built target marker_interfacing__cpp
[  2%] [34m[1mGenerating C++ type support dispatch for ROS interfaces[0m
[  3%] [34m[1mGenerating C++ type support for eProsima Fast-RTPS[0m
[  3%] [34m[1mGenerating C++ introspection for ROS interfaces[0m
[  4%] [32mBuilding C object CMakeFiles/marker_interfacing__rosidl_generator_c.dir/rosidl_generator_c/marker_interfacing/msg/detail/enu_marker__functions.c.o[0m
[  4%] [32mBuilding C object CMakeFiles/marker_interfacing__rosidl_generator_c.dir/rosidl_generator_c/marker_interfacing/msg/detail/geodetic_marker__functions.c.o[0m
[  5%] [32mBuilding C object CMakeFiles/marker_interfacing__rosidl_generator_c.dir/rosidl_generator_c/marker_interfacing/msg/detail/geodetic_marker_list__functions.c.o[0m
[  6%] [32mBuilding C object CMakeFiles/marker_interfacing__rosidl_generator_c.dir/rosidl_generator_c/marker_interfacing/srv/detail/add_marker__functions.c.o[0m
[  7%] [32mBuilding C object CMakeFiles/marker_interfacing__rosidl_generator_c.dir/rosidl_generator_c/marker_interfacing/srv/detail/clear_markers__functions.c.o[0m
[  8%] [32mBuilding C object CMakeFiles/marker_interfacing__rosidl_generator_c.dir/rosidl_generator_c/marker_interfacing/srv/detail/edit_marker__functions.c.o[0m
[  8%] [32mBuilding C object CMakeFiles/marker_interfacing__rosidl_generator_c.dir/rosidl_generator_c/marker_interfacing/srv/detail/insert_marker__functions.c.o[0m
[  9%] [32mBuilding C object CMakeFiles/marker_interfacing__rosidl_generator_c.dir/rosidl_generator_c/marker_interfacing/srv/detail/plan_home_marker__functions.c.o[0m
[ 10%] [32mBuilding C object CMakeFiles/marker_interfacing__rosidl_generator_c.dir/rosidl_generator_c/marker_interfacing/srv/detail/publish_current_marker__functions.c.o[0m
[ 11%] [32mBuilding C object CMakeFiles/marker_interfacing__rosidl_generator_c.dir/rosidl_generator_c/marker_interfacing/srv/detail/remove_current_marker__functions.c.o[0m
[ 12%] [32mBuilding C object CMakeFiles/marker_interfacing__rosidl_generator_c.dir/rosidl_generator_c/marker_interfacing/srv/detail/remove_marker__functions.c.o[0m
[ 12%] [32mBuilding C object CMakeFiles/marker_interfacing__rosidl_generator_c.dir/rosidl_generator_c/marker_interfacing/srv/detail/reorder_marker__functions.c.o[0m
[ 13%] [32mBuilding C object CMakeFiles/marker_interfacing__rosidl_generator_c.dir/rosidl_generator_c/marker_interfacing/srv/detail/reorder_markers__functions.c.o[0m
[ 14%] [32mBuilding CXX object CMakeFiles/marker_interfacing__rosidl_typesupport_cpp.dir/rosidl_typesupport_cpp/marker_interfacing/msg/enu_marker__type_support.cpp.o[0m
[ 15%] [32m[1mLinking C shared library libmarker_interfacing__rosidl_generator_c.so[0m
[ 15%] Built target marker_interfacing__rosidl_generator_c
[ 16%] [34m[1mGenerating C type support for eProsima Fast-RTPS[0m
[ 17%] [32mBuilding CXX object CMakeFiles/marker_interfacing__rosidl_typesupport_cpp.dir/rosidl_typesupport_cpp/marker_interfacing/msg/geodetic_marker__type_support.cpp.o[0m
[ 18%] [32mBuilding CXX object CMakeFiles/marker_interfacing__rosidl_typesupport_introspection_cpp.dir/rosidl_typesupport_introspection_cpp/marker_interfacing/msg/detail/enu_marker__type_support.cpp.o[0m
[ 19%] [32mBuilding CXX object CMakeFiles/marker_interfacing__rosidl_typesupport_fastrtps_cpp.dir/rosidl_typesupport_fastrtps_cpp/marker_interfacing/msg/detail/dds_fastrtps/enu_marker__type_support.cpp.o[0m
[ 19%] [32mBuilding CXX object CMakeFiles/marker_interfacing__rosidl_typesupport_cpp.dir/rosidl_typesupport_cpp/marker_interfacing/msg/geodetic_marker_list__type_support.cpp.o[0m
[ 20%] [32mBuilding CXX object CMakeFiles/marker_interfacing__rosidl_typesupport_introspection_cpp.dir/rosidl_typesupport_introspection_cpp/marker_interfacing/msg/detail/geodetic_marker__type_support.cpp.o[0m
[ 21%] [32mBuilding CXX object CMakeFiles/marker_interfacing__rosidl_typesupport_cpp.dir/rosidl_typesupport_cpp/marker_interfacing/srv/add_marker__type_support.cpp.o[0m
[ 22%] [32mBuilding CXX object CMakeFiles/marker_interfacing__rosidl_typesupport_fastrtps_cpp.dir/rosidl_typesupport_fastrtps_cpp/marker_interfacing/msg/detail/dds_fastrtps/geodetic_marker__type_support.cpp.o[0m
[ 23%] [32mBuilding CXX object CMakeFiles/marker_interfacing__rosidl_typesupport_introspection_cpp.dir/rosidl_typesupport_introspection_cpp/marker_interfacing/msg/detail/geodetic_marker_list__type_support.cpp.o[0m
[ 24%] [32mBuilding CXX object CMakeFiles/marker_interfacing__rosidl_typesupport_cpp.dir/rosidl_typesupport_cpp/marker_interfacing/srv/clear_markers__type_support.cpp.o[0m
[ 25%] [32mBuilding CXX object CMakeFiles/marker_interfacing__rosidl_typesupport_cpp.dir/rosidl_typesupport_cpp/marker_interfacing/srv/edit_marker__type_support.cpp.o[0m
[ 26%] [32mBuilding CXX object CMakeFiles/marker_interfacing__rosidl_typesupport_fastrtps_cpp.dir/rosidl_typesupport_fastrtps_cpp/marker_interfacing/msg/detail/dds_fastrtps/geodetic_marker_list__type_support.cpp.o[0m
[ 27%] [32mBuilding CXX object CMakeFiles/marker_interfacing__rosidl_typesupport_introspection_cpp.dir/rosidl_typesupport_introspection_cpp/marker_interfacing/srv/detail/add_marker__type_support.cpp.o[0m
[ 28%] [32mBuilding CXX object CMakeFiles/marker_interfacing__rosidl_typesupport_cpp.dir/rosidl_typesupport_cpp/marker_interfacing/srv/insert_marker__type_support.cpp.o[0m
[ 28%] [32mBuilding CXX object CMakeFiles/marker_interfacing__rosidl_typesupport_introspection_cpp.dir/rosidl_typesupport_introspection_cpp/marker_interfacing/srv/detail/clear_markers__type_support.cpp.o[0m
[ 28%] [32mBuilding CXX object CMakeFiles/marker_interfacing__rosidl_typesupport_cpp.dir/rosidl_typesupport_cpp/marker_interfacing/srv/plan_home_marker__type_support.cpp.o[0m
[ 28%] [32mBuilding CXX object CMakeFiles/marker_interfacing__rosidl_typesupport_fastrtps_cpp.dir/rosidl_typesupport_fastrtps_cpp/marker_interfacing/srv/detail/dds_fastrtps/add_marker__type_support.cpp.o[0m
[ 29%] [32mBuilding CXX object CMakeFiles/marker_interfacing__rosidl_typesupport_fastrtps_c.dir/rosidl_typesupport_fastrtps_c/marker_interfacing/msg/detail/enu_marker__type_support_c.cpp.o[0m
[ 30%] [32mBuilding CXX object CMakeFiles/marker_interfacing__rosidl_typesupport_cpp.dir/rosidl_typesupport_cpp/marker_interfacing/srv/publish_current_marker__type_support.cpp.o[0m
[ 31%] [32mBuilding CXX object CMakeFiles/marker_interfacing__rosidl_typesupport_introspection_cpp.dir/rosidl_typesupport_introspection_cpp/marker_interfacing/srv/detail/edit_marker__type_support.cpp.o[0m
[ 32%] [32mBuilding CXX object CMakeFiles/marker_interfacing__rosidl_typesupport_fastrtps_cpp.dir/rosidl_typesupport_fastrtps_cpp/marker_interfacing/srv/detail/dds_fastrtps/clear_markers__type_support.cpp.o[0m
[ 33%] [32mBuilding CXX object CMakeFiles/marker_interfacing__rosidl_typesupport_cpp.dir/rosidl_typesupport_cpp/marker_interfacing/srv/remove_current_marker__type_support.cpp.o[0m
[ 33%] [32mBuilding CXX object CMakeFiles/marker_interfacing__rosidl_typesupport_fastrtps_c.dir/rosidl_typesupport_fastrtps_c/marker_interfacing/msg/detail/geodetic_marker__type_support_c.cpp.o[0m
[ 34%] [32mBuilding CXX object CMakeFiles/marker_interfacing__rosidl_typesupport_introspection_cpp.dir/rosidl_typesupport_introspection_cpp/marker_interfacing/srv/detail/insert_marker__type_support.cpp.o[0m
[ 35%] [32mBuilding CXX object CMakeFiles/marker_interfacing__rosidl_typesupport_fastrtps_cpp.dir/rosidl_typesupport_fastrtps_cpp/marker_interfacing/srv/detail/dds_fastrtps/edit_marker__type_support.cpp.o[0m
[ 36%] [32mBuilding CXX object CMakeFiles/marker_interfacing__rosidl_typesupport_cpp.dir/rosidl_typesupport_cpp/marker_interfacing/srv/remove_marker__type_support.cpp.o[0m
[ 37%] [32mBuilding CXX object CMakeFiles/marker_interfacing__rosidl_typesupport_fastrtps_c.dir/rosidl_typesupport_fastrtps_c/marker_interfacing/msg/detail/geodetic_marker_list__type_support_c.cpp.o[0m
[ 38%] [32mBuilding CXX object CMakeFiles/marker_interfacing__rosidl_typesupport_cpp.dir/rosidl_typesupport_cpp/marker_interfacing/srv/reorder_marker__type_support.cpp.o[0m
[ 39%] [32mBuilding CXX object CMakeFiles/marker_interfacing__rosidl_typesupport_fastrtps_cpp.dir/rosidl_typesupport_fastrtps_cpp/marker_interfacing/srv/detail/dds_fastrtps/insert_marker__type_support.cpp.o[0m
[ 40%] [32mBuilding CXX object CMakeFiles/marker_interfacing__rosidl_typesupport_introspection_cpp.dir/rosidl_typesupport_introspection_cpp/marker_interfacing/srv/detail/plan_home_marker__type_support.cpp.o[0m
[ 41%] [32mBuilding CXX object CMakeFiles/marker_interfacing__rosidl_typesupport_fastrtps_c.dir/rosidl_typesupport_fastrtps_c/marker_interfacing/srv/detail/add_marker__type_support_c.cpp.o[0m
[ 41%] [32mBuilding CXX object CMakeFiles/marker_interfacing__rosidl_typesupport_cpp.dir/rosidl_typesupport_cpp/marker_interfacing/srv/reorder_markers__type_support.cpp.o[0m
[ 42%] [32mBuilding CXX object CMakeFiles/marker_interfacing__rosidl_typesupport_fastrtps_cpp.dir/rosidl_typesupport_fastrtps_cpp/marker_interfacing/srv/detail/dds_fastrtps/plan_home_marker__type_support.cpp.o[0m
[ 43%] [32m[1mLinking CXX shared library libmarker_interfacing__rosidl_typesupport_cpp.so[0m
[ 44%] [32mBuilding CXX object CMakeFiles/marker_interfacing__rosidl_typesupport_introspection_cpp.dir/rosidl_typesupport_introspection_cpp/marker_interfacing/srv/detail/publish_current_marker__type_support.cpp.o[0m
[ 44%] Built target marker_interfacing__rosidl_typesupport_cpp
[ 45%] [34m[1mGenerating C introspection for ROS interfaces[0m
[ 46%] [32mBuilding CXX object CMakeFiles/marker_interfacing__rosidl_typesupport_fastrtps_c.dir/rosidl_typesupport_fastrtps_c/marker_interfacing/srv/detail/clear_markers__type_support_c.cpp.o[0m
[ 46%] [32mBuilding CXX object CMakeFiles/marker_interfacing__rosidl_typesupport_fastrtps_cpp.dir/rosidl_typesupport_fastrtps_cpp/marker_interfacing/srv/detail/dds_fastrtps/publish_current_marker__type_support.cpp.o[0m
[ 46%] [32mBuilding CXX object CMakeFiles/marker_interfacing__rosidl_typesupport_introspection_cpp.dir/rosidl_typesupport_introspection_cpp/marker_interfacing/srv/detail/remove_current_marker__type_support.cpp.o[0m
[ 47%] [32mBuilding CXX object CMakeFiles/marker_interfacing__rosidl_typesupport_fastrtps_c.dir/rosidl_typesupport_fastrtps_c/marker_interfacing/srv/detail/edit_marker__type_support_c.cpp.o[0m
[ 48%] [32mBuilding CXX object CMakeFiles/marker_interfacing__rosidl_typesupport_fastrtps_cpp.dir/rosidl_typesupport_fastrtps_cpp/marker_interfacing/srv/detail/dds_fastrtps/remove_current_marker__type_support.cpp.o[0m
[ 49%] [32mBuilding CXX object CMakeFiles/marker_interfacing__rosidl_typesupport_introspection_cpp.dir/rosidl_typesupport_introspection_cpp/marker_interfacing/srv/detail/remove_marker__type_support.cpp.o[0m
[ 49%] [32mBuilding CXX object CMakeFiles/marker_interfacing__rosidl_typesupport_fastrtps_c.dir/rosidl_typesupport_fastrtps_c/marker_interfacing/srv/detail/insert_marker__type_support_c.cpp.o[0m
[ 50%] [32mBuilding CXX object CMakeFiles/marker_interfacing__rosidl_typesupport_fastrtps_cpp.dir/rosidl_typesupport_fastrtps_cpp/marker_interfacing/srv/detail/dds_fastrtps/remove_marker__type_support.cpp.o[0m
[ 51%] [32mBuilding CXX object CMakeFiles/marker_interfacing__rosidl_typesupport_introspection_cpp.dir/rosidl_typesupport_introspection_cpp/marker_interfacing/srv/detail/reorder_marker__type_support.cpp.o[0m
[ 52%] [32mBuilding CXX object CMakeFiles/marker_interfacing__rosidl_typesupport_fastrtps_c.dir/rosidl_typesupport_fastrtps_c/marker_interfacing/srv/detail/plan_home_marker__type_support_c.cpp.o[0m
[ 53%] [32mBuilding CXX object CMakeFiles/marker_interfacing__rosidl_typesupport_fastrtps_cpp.dir/rosidl_typesupport_fastrtps_cpp/marker_interfacing/srv/detail/dds_fastrtps/reorder_marker__type_support.cpp.o[0m
[ 54%] [32mBuilding C object CMakeFiles/marker_interfacing__rosidl_typesupport_introspection_c.dir/rosidl_typesupport_introspection_c/marker_interfacing/msg/detail/enu_marker__type_support.c.o[0m
[ 55%] [32mBuilding C object CMakeFiles/marker_interfacing__rosidl_typesupport_introspection_c.dir/rosidl_typesupport_introspection_c/marker_interfacing/msg/detail/geodetic_marker__type_support.c.o[0m
[ 56%] [32mBuilding CXX object CMakeFiles/marker_interfacing__rosidl_typesupport_fastrtps_c.dir/rosidl_typesupport_fastrtps_c/marker_interfacing/srv/detail/publish_current_marker__type_support_c.cpp.o[0m
[ 56%] [32mBuilding C object CMakeFiles/marker_interfacing__rosidl_typesupport_introspection_c.dir/rosidl_typesupport_introspection_c/marker_interfacing/msg/detail/geodetic_marker_list__type_support.c.o[0m
[ 57%] [32mBuilding CXX object CMakeFiles/marker_interfacing__rosidl_typesupport_introspection_cpp.dir/rosidl_typesupport_introspection_cpp/marker_interfacing/srv/detail/reorder_markers__type_support.cpp.o[0m
[ 58%] [32mBuilding C object CMakeFiles/marker_interfacing__rosidl_typesupport_introspection_c.dir/rosidl_typesupport_introspection_c/marker_interfacing/srv/detail/add_marker__type_support.c.o[0m
[ 59%] [32mBuilding C object CMakeFiles/marker_interfacing__rosidl_typesupport_introspection_c.dir/rosidl_typesupport_introspection_c/marker_interfacing/srv/detail/clear_markers__type_support.c.o[0m
[ 60%] [32mBuilding C object CMakeFiles/marker_interfacing__rosidl_typesupport_introspection_c.dir/rosidl_typesupport_introspection_c/marker_interfacing/srv/detail/edit_marker__type_support.c.o[0m
[ 61%] [32mBuilding C object CMakeFiles/marker_interfacing__rosidl_typesupport_introspection_c.dir/rosidl_typesupport_introspection_c/marker_interfacing/srv/detail/insert_marker__type_support.c.o[0m
[ 62%] [32mBuilding CXX object CMakeFiles/marker_interfacing__rosidl_typesupport_fastrtps_cpp.dir/rosidl_typesupport_fastrtps_cpp/marker_interfacing/srv/detail/dds_fastrtps/reorder_markers__type_support.cpp.o[0m
[ 62%] [32mBuilding C object CMakeFiles/marker_interfacing__rosidl_typesupport_introspection_c.dir/rosidl_typesupport_introspection_c/marker_interfacing/srv/detail/plan_home_marker__type_support.c.o[0m
[ 63%] [32mBuilding CXX object CMakeFiles/marker_interfacing__rosidl_typesupport_fastrtps_c.dir/rosidl_typesupport_fastrtps_c/marker_interfacing/srv/detail/remove_current_marker__type_support_c.cpp.o[0m
[ 64%] [32mBuilding C object CMakeFiles/marker_interfacing__rosidl_typesupport_introspection_c.dir/rosidl_typesupport_introspection_c/marker_interfacing/srv/detail/publish_current_marker__type_support.c.o[0m
[ 65%] [32m[1mLinking CXX shared library libmarker_interfacing__rosidl_typesupport_introspection_cpp.so[0m
[ 66%] [32mBuilding C object CMakeFiles/marker_interfacing__rosidl_typesupport_introspection_c.dir/rosidl_typesupport_introspection_c/marker_interfacing/srv/detail/remove_current_marker__type_support.c.o[0m
[ 67%] [32mBuilding C object CMakeFiles/marker_interfacing__rosidl_typesupport_introspection_c.dir/rosidl_typesupport_introspection_c/marker_interfacing/srv/detail/remove_marker__type_support.c.o[0m
[ 67%] Built target marker_interfacing__rosidl_typesupport_introspection_cpp
[ 68%] [34m[1mGenerating C type support dispatch for ROS interfaces[0m
[ 69%] [32mBuilding C object CMakeFiles/marker_interfacing__rosidl_typesupport_introspection_c.dir/rosidl_typesupport_introspection_c/marker_interfacing/srv/detail/reorder_marker__type_support.c.o[0m
[ 69%] [32mBuilding C object CMakeFiles/marker_interfacing__rosidl_typesupport_introspection_c.dir/rosidl_typesupport_introspection_c/marker_interfacing/srv/detail/reorder_markers__type_support.c.o[0m
[ 70%] [32mBuilding CXX object CMakeFiles/marker_interfacing__rosidl_typesupport_fastrtps_c.dir/rosidl_typesupport_fastrtps_c/marker_interfacing/srv/detail/remove_marker__type_support_c.cpp.o[0m
[ 71%] [32m[1mLinking C shared library libmarker_interfacing__rosidl_typesupport_introspection_c.so[0m
[ 71%] [32m[1mLinking CXX shared library libmarker_interfacing__rosidl_typesupport_fastrtps_cpp.so[0m
[ 71%] Built target marker_interfacing__rosidl_typesupport_introspection_c
[ 71%] [32mBuilding CXX object CMakeFiles/marker_interfacing__rosidl_typesupport_fastrtps_c.dir/rosidl_typesupport_fastrtps_c/marker_interfacing/srv/detail/reorder_marker__type_support_c.cpp.o[0m
[ 71%] Built target marker_interfacing__rosidl_typesupport_fastrtps_cpp
[ 72%] [32mBuilding CXX object CMakeFiles/marker_interfacing__rosidl_typesupport_fastrtps_c.dir/rosidl_typesupport_fastrtps_c/marker_interfacing/srv/detail/reorder_markers__type_support_c.cpp.o[0m
[ 73%] [32m[1mLinking CXX shared library libmarker_interfacing__rosidl_typesupport_fastrtps_c.so[0m
[ 73%] Built target marker_interfacing__rosidl_typesupport_fastrtps_c
[ 74%] [32mBuilding CXX object CMakeFiles/marker_interfacing__rosidl_typesupport_c.dir/rosidl_typesupport_c/marker_interfacing/msg/geodetic_marker__type_support.cpp.o[0m
[ 74%] [32mBuilding CXX object CMakeFiles/marker_interfacing__rosidl_typesupport_c.dir/rosidl_typesupport_c/marker_interfacing/msg/enu_marker__type_support.cpp.o[0m
[ 75%] [32mBuilding CXX object CMakeFiles/marker_interfacing__rosidl_typesupport_c.dir/rosidl_typesupport_c/marker_interfacing/srv/add_marker__type_support.cpp.o[0m
[ 76%] [32mBuilding CXX object CMakeFiles/marker_interfacing__rosidl_typesupport_c.dir/rosidl_typesupport_c/marker_interfacing/msg/geodetic_marker_list__type_support.cpp.o[0m
[ 77%] [32mBuilding CXX object CMakeFiles/marker_interfacing__rosidl_typesupport_c.dir/rosidl_typesupport_c/marker_interfacing/srv/clear_markers__type_support.cpp.o[0m
[ 77%] [32mBuilding CXX object CMakeFiles/marker_interfacing__rosidl_typesupport_c.dir/rosidl_typesupport_c/marker_interfacing/srv/edit_marker__type_support.cpp.o[0m
[ 78%] [32mBuilding CXX object CMakeFiles/marker_interfacing__rosidl_typesupport_c.dir/rosidl_typesupport_c/marker_interfacing/srv/insert_marker__type_support.cpp.o[0m
[ 79%] [32mBuilding CXX object CMakeFiles/marker_interfacing__rosidl_typesupport_c.dir/rosidl_typesupport_c/marker_interfacing/srv/plan_home_marker__type_support.cpp.o[0m
[ 80%] [32mBuilding CXX object CMakeFiles/marker_interfacing__rosidl_typesupport_c.dir/rosidl_typesupport_c/marker_interfacing/srv/publish_current_marker__type_support.cpp.o[0m
[ 81%] [32mBuilding CXX object CMakeFiles/marker_interfacing__rosidl_typesupport_c.dir/rosidl_typesupport_c/marker_interfacing/srv/remove_current_marker__type_support.cpp.o[0m
[ 82%] [32mBuilding CXX object CMakeFiles/marker_interfacing__rosidl_typesupport_c.dir/rosidl_typesupport_c/marker_interfacing/srv/remove_marker__type_support.cpp.o[0m
[ 82%] [32mBuilding CXX object CMakeFiles/marker_interfacing__rosidl_typesupport_c.dir/rosidl_typesupport_c/marker_interfacing/srv/reorder_marker__type_support.cpp.o[0m
[ 83%] [32mBuilding CXX object CMakeFiles/marker_interfacing__rosidl_typesupport_c.dir/rosidl_typesupport_c/marker_interfacing/srv/reorder_markers__type_support.cpp.o[0m
[ 84%] [32m[1mLinking CXX shared library libmarker_interfacing__rosidl_typesupport_c.so[0m
[ 84%] Built target marker_interfacing__rosidl_typesupport_c
[ 84%] Built target marker_interfacing
[ 85%] [34m[1mGenerating Python code for ROS interfaces[0m
[ 85%] Built target marker_interfacing__py
[ 85%] [32mBuilding C object CMakeFiles/marker_interfacing__rosidl_generator_py.dir/rosidl_generator_py/marker_interfacing/msg/_geodetic_marker_s.c.o[0m
[ 86%] [32mBuilding C object CMakeFiles/marker_interfacing__rosidl_generator_py.dir/rosidl_generator_py/marker_interfacing/msg/_enu_marker_s.c.o[0m
[ 87%] [32mBuilding C object CMakeFiles/marker_interfacing__rosidl_generator_py.dir/rosidl_generator_py/marker_interfacing/msg/_geodetic_marker_list_s.c.o[0m
[ 88%] [32mBuilding C object CMakeFiles/marker_interfacing__rosidl_generator_py.dir/rosidl_generator_py/marker_interfacing/srv/_add_marker_s.c.o[0m
[ 89%] [32mBuilding C object CMakeFiles/marker_interfacing__rosidl_generator_py.dir/rosidl_generator_py/marker_interfacing/srv/_clear_markers_s.c.o[0m
[ 89%] [32mBuilding C object CMakeFiles/marker_interfacing__rosidl_generator_py.dir/rosidl_generator_py/marker_interfacing/srv/_insert_marker_s.c.o[0m
[ 90%] [32mBuilding C object CMakeFiles/marker_interfacing__rosidl_generator_py.dir/rosidl_generator_py/marker_interfacing/srv/_edit_marker_s.c.o[0m
[ 91%] [32mBuilding C object CMakeFiles/marker_interfacing__rosidl_generator_py.dir/rosidl_generator_py/marker_interfacing/srv/_plan_home_marker_s.c.o[0m
[ 92%] [32mBuilding C object CMakeFiles/marker_interfacing__rosidl_generator_py.dir/rosidl_generator_py/marker_interfacing/srv/_publish_current_marker_s.c.o[0m
[ 93%] [32mBuilding C object CMakeFiles/marker_interfacing__rosidl_generator_py.dir/rosidl_generator_py/marker_interfacing/srv/_remove_current_marker_s.c.o[0m
[ 94%] [32mBuilding C object CMakeFiles/marker_interfacing__rosidl_generator_py.dir/rosidl_generator_py/marker_interfacing/srv/_remove_marker_s.c.o[0m
[ 94%] [32mBuilding C object CMakeFiles/marker_interfacing__rosidl_generator_py.dir/rosidl_generator_py/marker_interfacing/srv/_reorder_marker_s.c.o[0m
[ 95%] [32mBuilding C object CMakeFiles/marker_interfacing__rosidl_generator_py.dir/rosidl_generator_py/marker_interfacing/srv/_reorder_markers_s.c.o[0m
[ 96%] [32m[1mLinking C shared library rosidl_generator_py/marker_interfacing/libmarker_interfacing__rosidl_generator_py.so[0m
[ 96%] Built target marker_interfacing__rosidl_generator_py
[ 97%] [32mBuilding C object CMakeFiles/marker_interfacing__rosidl_typesupport_c__pyext.dir/rosidl_generator_py/marker_interfacing/_marker_interfacing_s.ep.rosidl_typesupport_c.c.o[0m
[ 98%] [32mBuilding C object CMakeFiles/marker_interfacing__rosidl_typesupport_introspection_c__pyext.dir/rosidl_generator_py/marker_interfacing/_marker_interfacing_s.ep.rosidl_typesupport_introspection_c.c.o[0m
[ 99%] [32mBuilding C object CMakeFiles/marker_interfacing__rosidl_typesupport_fastrtps_c__pyext.dir/rosidl_generator_py/marker_interfacing/_marker_interfacing_s.ep.rosidl_typesupport_fastrtps_c.c.o[0m
[ 99%] [32m[1mLinking C shared library rosidl_generator_py/marker_interfacing/marker_interfacing_s__rosidl_typesupport_fastrtps_c.cpython-310-x86_64-linux-gnu.so[0m
[ 99%] [32m[1mLinking C shared library rosidl_generator_py/marker_interfacing/marker_interfacing_s__rosidl_typesupport_c.cpython-310-x86_64-linux-gnu.so[0m
[100%] [32m[1mLinking C shared library rosidl_generator_py/marker_interfacing/marker_interfacing_s__rosidl_typesupport_introspection_c.cpython-310-x86_64-linux-gnu.so[0m
[100%] Built target marker_interfacing__rosidl_typesupport_introspection_c__pyext
[100%] Built target marker_interfacing__rosidl_typesupport_fastrtps_c__pyext
[100%] Built target marker_interfacing__rosidl_typesupport_c__pyext
-- Install configuration: ""
-- Installing: /home/urc/new-GUI/install/marker_interfacing/share/ament_index/resource_index/rosidl_interfaces/marker_interfacing
-- Installing: /home/urc/new-GUI/install/marker_interfacing/include/marker_interfacing/marker_interfacing
-- Installing: /home/urc/new-GUI/install/marker_interfacing/include/marker_interfacing/marker_interfacing/msg
-- Installing: /home/urc/new-GUI/install/marker_interfacing/include/marker_interfacing/marker_interfacing/msg/geodetic_marker_list.h
-- Installing: /home/urc/new-GUI/install/marker_interfacing/include/marker_interfacing/marker_interfacing/msg/rosidl_generator_c__visibility_control.h
-- Installing: /home/urc/new-GUI/install/marker_interfacing/include/marker_interfacing/marker_interfacing/msg/detail
-- Installing: /home/urc/new-GUI/install/marker_interfacing/include/marker_interfacing/marker_interfacing/msg/detail/geodetic_marker_list__type_support.h
-- Installing: /home/urc/new-GUI/install/marker_interfacing/include/marker_interfacing/marker_interfacing/msg/detail/enu_marker__functions.h
-- Installing: /home/urc/new-GUI/install/marker_interfacing/include/marker_interfacing/marker_interfacing/msg/detail/enu_marker__type_support.h
-- Installing: /home/urc/new-GUI/install/marker_interfacing/include/marker_interfacing/marker_interfacing/msg/detail/geodetic_marker__type_support.h
-- Installing: /home/urc/new-GUI/install/marker_interfacing/include/marker_interfacing/marker_interfacing/msg/detail/geodetic_marker_list__functions.c
-- Installing: /home/urc/new-GUI/install/marker_interfacing/include/marker_interfacing/marker_interfacing/msg/detail/geodetic_marker__struct.h
-- Installing: /home/urc/new-GUI/install/marker_interfacing/include/marker_interfacing/marker_interfacing/msg/detail/enu_marker__struct.h
-- Installing: /home/urc/new-GUI/install/marker_interfacing/include/marker_interfacing/marker_interfacing/msg/detail/geodetic_marker__functions.c
-- Installing: /home/urc/new-GUI/install/marker_interfacing/include/marker_interfacing/marker_interfacing/msg/detail/geodetic_marker_list__struct.h
-- Installing: /home/urc/new-GUI/install/marker_interfacing/include/marker_interfacing/marker_interfacing/msg/detail/enu_marker__functions.c
-- Installing: /home/urc/new-GUI/install/marker_interfacing/include/marker_interfacing/marker_interfacing/msg/detail/geodetic_marker__functions.h
-- Installing: /home/urc/new-GUI/install/marker_interfacing/include/marker_interfacing/marker_interfacing/msg/detail/geodetic_marker_list__functions.h
-- Installing: /home/urc/new-GUI/install/marker_interfacing/include/marker_interfacing/marker_interfacing/msg/geodetic_marker.h
-- Installing: /home/urc/new-GUI/install/marker_interfacing/include/marker_interfacing/marker_interfacing/msg/enu_marker.h
-- Installing: /home/urc/new-GUI/install/marker_interfacing/include/marker_interfacing/marker_interfacing/srv
-- Installing: /home/urc/new-GUI/install/marker_interfacing/include/marker_interfacing/marker_interfacing/srv/publish_current_marker.h
-- Installing: /home/urc/new-GUI/install/marker_interfacing/include/marker_interfacing/marker_interfacing/srv/reorder_marker.h
-- Installing: /home/urc/new-GUI/install/marker_interfacing/include/marker_interfacing/marker_interfacing/srv/insert_marker.h
-- Installing: /home/urc/new-GUI/install/marker_interfacing/include/marker_interfacing/marker_interfacing/srv/reorder_markers.h
-- Installing: /home/urc/new-GUI/install/marker_interfacing/include/marker_interfacing/marker_interfacing/srv/remove_marker.h
-- Installing: /home/urc/new-GUI/install/marker_interfacing/include/marker_interfacing/marker_interfacing/srv/edit_marker.h
-- Installing: /home/urc/new-GUI/install/marker_interfacing/include/marker_interfacing/marker_interfacing/srv/detail
-- Installing: /home/urc/new-GUI/install/marker_interfacing/include/marker_interfacing/marker_interfacing/srv/detail/insert_marker__struct.h
-- Installing: /home/urc/new-GUI/install/marker_interfacing/include/marker_interfacing/marker_interfacing/srv/detail/remove_current_marker__struct.h
-- Installing: /home/urc/new-GUI/install/marker_interfacing/include/marker_interfacing/marker_interfacing/srv/detail/reorder_marker__type_support.h
-- Installing: /home/urc/new-GUI/install/marker_interfacing/include/marker_interfacing/marker_interfacing/srv/detail/publish_current_marker__struct.h
-- Installing: /home/urc/new-GUI/install/marker_interfacing/include/marker_interfacing/marker_interfacing/srv/detail/reorder_marker__functions.h
-- Installing: /home/urc/new-GUI/install/marker_interfacing/include/marker_interfacing/marker_interfacing/srv/detail/insert_marker__functions.c
-- Installing: /home/urc/new-GUI/install/marker_interfacing/include/marker_interfacing/marker_interfacing/srv/detail/remove_current_marker__functions.c
-- Installing: /home/urc/new-GUI/install/marker_interfacing/include/marker_interfacing/marker_interfacing/srv/detail/clear_markers__functions.c
-- Installing: /home/urc/new-GUI/install/marker_interfacing/include/marker_interfacing/marker_interfacing/srv/detail/plan_home_marker__functions.h
-- Installing: /home/urc/new-GUI/install/marker_interfacing/include/marker_interfacing/marker_interfacing/srv/detail/remove_marker__functions.c
-- Installing: /home/urc/new-GUI/install/marker_interfacing/include/marker_interfacing/marker_interfacing/srv/detail/clear_markers__functions.h
-- Installing: /home/urc/new-GUI/install/marker_interfacing/include/marker_interfacing/marker_interfacing/srv/detail/edit_marker__type_support.h
-- Installing: /home/urc/new-GUI/install/marker_interfacing/include/marker_interfacing/marker_interfacing/srv/detail/reorder_marker__functions.c
-- Installing: /home/urc/new-GUI/install/marker_interfacing/include/marker_interfacing/marker_interfacing/srv/detail/clear_markers__type_support.h
-- Installing: /home/urc/new-GUI/install/marker_interfacing/include/marker_interfacing/marker_interfacing/srv/detail/edit_marker__functions.h
-- Installing: /home/urc/new-GUI/install/marker_interfacing/include/marker_interfacing/marker_interfacing/srv/detail/publish_current_marker__type_support.h
-- Installing: /home/urc/new-GUI/install/marker_interfacing/include/marker_interfacing/marker_interfacing/srv/detail/reorder_marker__struct.h
-- Installing: /home/urc/new-GUI/install/marker_interfacing/include/marker_interfacing/marker_interfacing/srv/detail/reorder_markers__functions.h
-- Installing: /home/urc/new-GUI/install/marker_interfacing/include/marker_interfacing/marker_interfacing/srv/detail/remove_marker__type_support.h
-- Installing: /home/urc/new-GUI/install/marker_interfacing/include/marker_interfacing/marker_interfacing/srv/detail/add_marker__functions.h
-- Installing: /home/urc/new-GUI/install/marker_interfacing/include/marker_interfacing/marker_interfacing/srv/detail/plan_home_marker__struct.h
-- Installing: /home/urc/new-GUI/install/marker_interfacing/include/marker_interfacing/marker_interfacing/srv/detail/insert_marker__type_support.h
-- Installing: /home/urc/new-GUI/install/marker_interfacing/include/marker_interfacing/marker_interfacing/srv/detail/add_marker__struct.h
-- Installing: /home/urc/new-GUI/install/marker_interfacing/include/marker_interfacing/marker_interfacing/srv/detail/reorder_markers__type_support.h
-- Installing: /home/urc/new-GUI/install/marker_interfacing/include/marker_interfacing/marker_interfacing/srv/detail/remove_current_marker__type_support.h
-- Installing: /home/urc/new-GUI/install/marker_interfacing/include/marker_interfacing/marker_interfacing/srv/detail/clear_markers__struct.h
-- Installing: /home/urc/new-GUI/install/marker_interfacing/include/marker_interfacing/marker_interfacing/srv/detail/edit_marker__struct.h
-- Installing: /home/urc/new-GUI/install/marker_interfacing/include/marker_interfacing/marker_interfacing/srv/detail/publish_current_marker__functions.h
-- Installing: /home/urc/new-GUI/install/marker_interfacing/include/marker_interfacing/marker_interfacing/srv/detail/remove_marker__struct.h
-- Installing: /home/urc/new-GUI/install/marker_interfacing/include/marker_interfacing/marker_interfacing/srv/detail/insert_marker__functions.h
-- Installing: /home/urc/new-GUI/install/marker_interfacing/include/marker_interfacing/marker_interfacing/srv/detail/reorder_markers__functions.c
-- Installing: /home/urc/new-GUI/install/marker_interfacing/include/marker_interfacing/marker_interfacing/srv/detail/reorder_markers__struct.h
-- Installing: /home/urc/new-GUI/install/marker_interfacing/include/marker_interfacing/marker_interfacing/srv/detail/add_marker__type_support.h
-- Installing: /home/urc/new-GUI/install/marker_interfacing/include/marker_interfacing/marker_interfacing/srv/detail/plan_home_marker__functions.c
-- Installing: /home/urc/new-GUI/install/marker_interfacing/include/marker_interfacing/marker_interfacing/srv/detail/add_marker__functions.c
-- Installing: /home/urc/new-GUI/install/marker_interfacing/include/marker_interfacing/marker_interfacing/srv/detail/publish_current_marker__functions.c
-- Installing: /home/urc/new-GUI/install/marker_interfacing/include/marker_interfacing/marker_interfacing/srv/detail/remove_current_marker__functions.h
-- Installing: /home/urc/new-GUI/install/marker_interfacing/include/marker_interfacing/marker_interfacing/srv/detail/edit_marker__functions.c
-- Installing: /home/urc/new-GUI/install/marker_interfacing/include/marker_interfacing/marker_interfacing/srv/detail/plan_home_marker__type_support.h
-- Installing: /home/urc/new-GUI/install/marker_interfacing/include/marker_interfacing/marker_interfacing/srv/detail/remove_marker__functions.h
-- Installing: /home/urc/new-GUI/install/marker_interfacing/include/marker_interfacing/marker_interfacing/srv/add_marker.h
-- Installing: /home/urc/new-GUI/install/marker_interfacing/include/marker_interfacing/marker_interfacing/srv/clear_markers.h
-- Installing: /home/urc/new-GUI/install/marker_interfacing/include/marker_interfacing/marker_interfacing/srv/plan_home_marker.h
-- Installing: /home/urc/new-GUI/install/marker_interfacing/include/marker_interfacing/marker_interfacing/srv/remove_current_marker.h
-- Installing: /home/urc/new-GUI/install/marker_interfacing/share/marker_interfacing/environment/library_path.sh
-- Installing: /home/urc/new-GUI/install/marker_interfacing/share/marker_interfacing/environment/library_path.dsv
-- Installing: /home/urc/new-GUI/install/marker_interfacing/lib/libmarker_interfacing__rosidl_generator_c.so
-- Set runtime path of "/home/urc/new-GUI/install/marker_interfacing/lib/libmarker_interfacing__rosidl_generator_c.so" to ""
-- Up-to-date: /home/urc/new-GUI/install/marker_interfacing/include/marker_interfacing/marker_interfacing
-- Up-to-date: /home/urc/new-GUI/install/marker_interfacing/include/marker_interfacing/marker_interfacing/msg
-- Installing: /home/urc/new-GUI/install/marker_interfacing/include/marker_interfacing/marker_interfacing/msg/rosidl_typesupport_fastrtps_c__visibility_control.h
-- Up-to-date: /home/urc/new-GUI/install/marker_interfacing/include/marker_interfacing/marker_interfacing/msg/detail
-- Installing: /home/urc/new-GUI/install/marker_interfacing/include/marker_interfacing/marker_interfacing/msg/detail/geodetic_marker_list__rosidl_typesupport_fastrtps_c.h
-- Installing: /home/urc/new-GUI/install/marker_interfacing/include/marker_interfacing/marker_interfacing/msg/detail/enu_marker__rosidl_typesupport_fastrtps_c.h
-- Installing: /home/urc/new-GUI/install/marker_interfacing/include/marker_interfacing/marker_interfacing/msg/detail/geodetic_marker__rosidl_typesupport_fastrtps_c.h
-- Up-to-date: /home/urc/new-GUI/install/marker_interfacing/include/marker_interfacing/marker_interfacing/srv
-- Up-to-date: /home/urc/new-GUI/install/marker_interfacing/include/marker_interfacing/marker_interfacing/srv/detail
-- Installing: /home/urc/new-GUI/install/marker_interfacing/include/marker_interfacing/marker_interfacing/srv/detail/edit_marker__rosidl_typesupport_fastrtps_c.h
-- Installing: /home/urc/new-GUI/install/marker_interfacing/include/marker_interfacing/marker_interfacing/srv/detail/insert_marker__rosidl_typesupport_fastrtps_c.h
-- Installing: /home/urc/new-GUI/install/marker_interfacing/include/marker_interfacing/marker_interfacing/srv/detail/plan_home_marker__rosidl_typesupport_fastrtps_c.h
-- Installing: /home/urc/new-GUI/install/marker_interfacing/include/marker_interfacing/marker_interfacing/srv/detail/publish_current_marker__rosidl_typesupport_fastrtps_c.h
-- Installing: /home/urc/new-GUI/install/marker_interfacing/include/marker_interfacing/marker_interfacing/srv/detail/remove_marker__rosidl_typesupport_fastrtps_c.h
-- Installing: /home/urc/new-GUI/install/marker_interfacing/include/marker_interfacing/marker_interfacing/srv/detail/clear_markers__rosidl_typesupport_fastrtps_c.h
-- Installing: /home/urc/new-GUI/install/marker_interfacing/include/marker_interfacing/marker_interfacing/srv/detail/remove_current_marker__rosidl_typesupport_fastrtps_c.h
-- Installing: /home/urc/new-GUI/install/marker_interfacing/include/marker_interfacing/marker_interfacing/srv/detail/add_marker__rosidl_typesupport_fastrtps_c.h
-- Installing: /home/urc/new-GUI/install/marker_interfacing/include/marker_interfacing/marker_interfacing/srv/detail/reorder_markers__rosidl_typesupport_fastrtps_c.h
-- Installing: /home/urc/new-GUI/install/marker_interfacing/include/marker_interfacing/marker_interfacing/srv/detail/reorder_marker__rosidl_typesupport_fastrtps_c.h
-- Installing: /home/urc/new-GUI/install/marker_interfacing/lib/libmarker_interfacing__rosidl_typesupport_fastrtps_c.so
-- Set runtime path of "/home/urc/new-GUI/install/marker_interfacing/lib/libmarker_interfacing__rosidl_typesupport_fastrtps_c.so" to ""
-- Up-to-date: /home/urc/new-GUI/install/marker_interfacing/include/marker_interfacing/marker_interfacing
-- Up-to-date: /home/urc/new-GUI/install/marker_interfacing/include/marker_interfacing/marker_interfacing/msg
-- Installing: /home/urc/new-GUI/install/marker_interfacing/include/marker_interfacing/marker_interfacing/msg/rosidl_typesupport_introspection_c__visibility_control.h
-- Up-to-date: /home/urc/new-GUI/install/marker_interfacing/include/marker_interfacing/marker_interfacing/msg/detail
-- Installing: /home/urc/new-GUI/install/marker_interfacing/include/marker_interfacing/marker_interfacing/msg/detail/geodetic_marker__type_support.c
-- Installing: /home/urc/new-GUI/install/marker_interfacing/include/marker_interfacing/marker_interfacing/msg/detail/enu_marker__rosidl_typesupport_introspection_c.h
-- Installing: /home/urc/new-GUI/install/marker_interfacing/include/marker_interfacing/marker_interfacing/msg/detail/geodetic_marker__rosidl_typesupport_introspection_c.h
-- Installing: /home/urc/new-GUI/install/marker_interfacing/include/marker_interfacing/marker_interfacing/msg/detail/enu_marker__type_support.c
-- Installing: /home/urc/new-GUI/install/marker_interfacing/include/marker_interfacing/marker_interfacing/msg/detail/geodetic_marker_list__rosidl_typesupport_introspection_c.h
-- Installing: /home/urc/new-GUI/install/marker_interfacing/include/marker_interfacing/marker_interfacing/msg/detail/geodetic_marker_list__type_support.c
-- Up-to-date: /home/urc/new-GUI/install/marker_interfacing/include/marker_interfacing/marker_interfacing/srv
-- Up-to-date: /home/urc/new-GUI/install/marker_interfacing/include/marker_interfacing/marker_interfacing/srv/detail
-- Installing: /home/urc/new-GUI/install/marker_interfacing/include/marker_interfacing/marker_interfacing/srv/detail/reorder_marker__type_support.c
-- Installing: /home/urc/new-GUI/install/marker_interfacing/include/marker_interfacing/marker_interfacing/srv/detail/reorder_markers__type_support.c
-- Installing: /home/urc/new-GUI/install/marker_interfacing/include/marker_interfacing/marker_interfacing/srv/detail/insert_marker__type_support.c
-- Installing: /home/urc/new-GUI/install/marker_interfacing/include/marker_interfacing/marker_interfacing/srv/detail/edit_marker__rosidl_typesupport_introspection_c.h
-- Installing: /home/urc/new-GUI/install/marker_interfacing/include/marker_interfacing/marker_interfacing/srv/detail/reorder_markers__rosidl_typesupport_introspection_c.h
-- Installing: /home/urc/new-GUI/install/marker_interfacing/include/marker_interfacing/marker_interfacing/srv/detail/plan_home_marker__rosidl_typesupport_introspection_c.h
-- Installing: /home/urc/new-GUI/install/marker_interfacing/include/marker_interfacing/marker_interfacing/srv/detail/publish_current_marker__type_support.c
-- Installing: /home/urc/new-GUI/install/marker_interfacing/include/marker_interfacing/marker_interfacing/srv/detail/remove_current_marker__type_support.c
-- Installing: /home/urc/new-GUI/install/marker_interfacing/include/marker_interfacing/marker_interfacing/srv/detail/clear_markers__rosidl_typesupport_introspection_c.h
-- Installing: /home/urc/new-GUI/install/marker_interfacing/include/marker_interfacing/marker_interfacing/srv/detail/publish_current_marker__rosidl_typesupport_introspection_c.h
-- Installing: /home/urc/new-GUI/install/marker_interfacing/include/marker_interfacing/marker_interfacing/srv/detail/reorder_marker__rosidl_typesupport_introspection_c.h
-- Installing: /home/urc/new-GUI/install/marker_interfacing/include/marker_interfacing/marker_interfacing/srv/detail/insert_marker__rosidl_typesupport_introspection_c.h
-- Installing: /home/urc/new-GUI/install/marker_interfacing/include/marker_interfacing/marker_interfacing/srv/detail/add_marker__type_support.c
-- Installing: /home/urc/new-GUI/install/marker_interfacing/include/marker_interfacing/marker_interfacing/srv/detail/edit_marker__type_support.c
-- Installing: /home/urc/new-GUI/install/marker_interfacing/include/marker_interfacing/marker_interfacing/srv/detail/clear_markers__type_support.c
-- Installing: /home/urc/new-GUI/install/marker_interfacing/include/marker_interfacing/marker_interfacing/srv/detail/remove_marker__rosidl_typesupport_introspection_c.h
-- Installing: /home/urc/new-GUI/install/marker_interfacing/include/marker_interfacing/marker_interfacing/srv/detail/plan_home_marker__type_support.c
-- Installing: /home/urc/new-GUI/install/marker_interfacing/include/marker_interfacing/marker_interfacing/srv/detail/add_marker__rosidl_typesupport_introspection_c.h
-- Installing: /home/urc/new-GUI/install/marker_interfacing/include/marker_interfacing/marker_interfacing/srv/detail/remove_marker__type_support.c
-- Installing: /home/urc/new-GUI/install/marker_interfacing/include/marker_interfacing/marker_interfacing/srv/detail/remove_current_marker__rosidl_typesupport_introspection_c.h
-- Installing: /home/urc/new-GUI/install/marker_interfacing/lib/libmarker_interfacing__rosidl_typesupport_introspection_c.so
-- Set runtime path of "/home/urc/new-GUI/install/marker_interfacing/lib/libmarker_interfacing__rosidl_typesupport_introspection_c.so" to ""
-- Installing: /home/urc/new-GUI/install/marker_interfacing/lib/libmarker_interfacing__rosidl_typesupport_c.so
-- Set runtime path of "/home/urc/new-GUI/install/marker_interfacing/lib/libmarker_interfacing__rosidl_typesupport_c.so" to ""
-- Up-to-date: /home/urc/new-GUI/install/marker_interfacing/include/marker_interfacing/marker_interfacing
-- Up-to-date: /home/urc/new-GUI/install/marker_interfacing/include/marker_interfacing/marker_interfacing/msg
-- Installing: /home/urc/new-GUI/install/marker_interfacing/include/marker_interfacing/marker_interfacing/msg/enu_marker.hpp
-- Installing: /home/urc/new-GUI/install/marker_interfacing/include/marker_interfacing/marker_interfacing/msg/geodetic_marker_list.hpp
-- Up-to-date: /home/urc/new-GUI/install/marker_interfacing/include/marker_interfacing/marker_interfacing/msg/detail
-- Installing: /home/urc/new-GUI/install/marker_interfacing/include/marker_interfacing/marker_interfacing/msg/detail/geodetic_marker_list__traits.hpp
-- Installing: /home/urc/new-GUI/install/marker_interfacing/include/marker_interfacing/marker_interfacing/msg/detail/geodetic_marker_list__struct.hpp
-- Installing: /home/urc/new-GUI/install/marker_interfacing/include/marker_interfacing/marker_interfacing/msg/detail/enu_marker__traits.hpp
-- Installing: /home/urc/new-GUI/install/marker_interfacing/include/marker_interfacing/marker_interfacing/msg/detail/geodetic_marker__struct.hpp
-- Installing: /home/urc/new-GUI/install/marker_interfacing/include/marker_interfacing/marker_interfacing/msg/detail/enu_marker__builder.hpp
-- Installing: /home/urc/new-GUI/install/marker_interfacing/include/marker_interfacing/marker_interfacing/msg/detail/geodetic_marker__builder.hpp
-- Installing: /home/urc/new-GUI/install/marker_interfacing/include/marker_interfacing/marker_interfacing/msg/detail/geodetic_marker_list__builder.hpp
-- Installing: /home/urc/new-GUI/install/marker_interfacing/include/marker_interfacing/marker_interfacing/msg/detail/enu_marker__struct.hpp
-- Installing: /home/urc/new-GUI/install/marker_interfacing/include/marker_interfacing/marker_interfacing/msg/detail/geodetic_marker__traits.hpp
-- Installing: /home/urc/new-GUI/install/marker_interfacing/include/marker_interfacing/marker_interfacing/msg/geodetic_marker.hpp
-- Up-to-date: /home/urc/new-GUI/install/marker_interfacing/include/marker_interfacing/marker_interfacing/srv
-- Installing: /home/urc/new-GUI/install/marker_interfacing/include/marker_interfacing/marker_interfacing/srv/insert_marker.hpp
-- Installing: /home/urc/new-GUI/install/marker_interfacing/include/marker_interfacing/marker_interfacing/srv/edit_marker.hpp
-- Installing: /home/urc/new-GUI/install/marker_interfacing/include/marker_interfacing/marker_interfacing/srv/remove_marker.hpp
-- Installing: /home/urc/new-GUI/install/marker_interfacing/include/marker_interfacing/marker_interfacing/srv/plan_home_marker.hpp
-- Installing: /home/urc/new-GUI/install/marker_interfacing/include/marker_interfacing/marker_interfacing/srv/reorder_markers.hpp
-- Installing: /home/urc/new-GUI/install/marker_interfacing/include/marker_interfacing/marker_interfacing/srv/publish_current_marker.hpp
-- Installing: /home/urc/new-GUI/install/marker_interfacing/include/marker_interfacing/marker_interfacing/srv/reorder_marker.hpp
-- Installing: /home/urc/new-GUI/install/marker_interfacing/include/marker_interfacing/marker_interfacing/srv/remove_current_marker.hpp
-- Up-to-date: /home/urc/new-GUI/install/marker_interfacing/include/marker_interfacing/marker_interfacing/srv/detail
-- Installing: /home/urc/new-GUI/install/marker_interfacing/include/marker_interfacing/marker_interfacing/srv/detail/insert_marker__traits.hpp
-- Installing: /home/urc/new-GUI/install/marker_interfacing/include/marker_interfacing/marker_interfacing/srv/detail/remove_marker__builder.hpp
-- Installing: /home/urc/new-GUI/install/marker_interfacing/include/marker_interfacing/marker_interfacing/srv/detail/remove_current_marker__traits.hpp
-- Installing: /home/urc/new-GUI/install/marker_interfacing/include/marker_interfacing/marker_interfacing/srv/detail/reorder_marker__struct.hpp
-- Installing: /home/urc/new-GUI/install/marker_interfacing/include/marker_interfacing/marker_interfacing/srv/detail/remove_current_marker__struct.hpp
-- Installing: /home/urc/new-GUI/install/marker_interfacing/include/marker_interfacing/marker_interfacing/srv/detail/remove_marker__struct.hpp
-- Installing: /home/urc/new-GUI/install/marker_interfacing/include/marker_interfacing/marker_interfacing/srv/detail/reorder_markers__builder.hpp
-- Installing: /home/urc/new-GUI/install/marker_interfacing/include/marker_interfacing/marker_interfacing/srv/detail/edit_marker__struct.hpp
-- Installing: /home/urc/new-GUI/install/marker_interfacing/include/marker_interfacing/marker_interfacing/srv/detail/publish_current_marker__struct.hpp
-- Installing: /home/urc/new-GUI/install/marker_interfacing/include/marker_interfacing/marker_interfacing/srv/detail/add_marker__traits.hpp
-- Installing: /home/urc/new-GUI/install/marker_interfacing/include/marker_interfacing/marker_interfacing/srv/detail/add_marker__builder.hpp
-- Installing: /home/urc/new-GUI/install/marker_interfacing/include/marker_interfacing/marker_interfacing/srv/detail/edit_marker__traits.hpp
-- Installing: /home/urc/new-GUI/install/marker_interfacing/include/marker_interfacing/marker_interfacing/srv/detail/edit_marker__builder.hpp
-- Installing: /home/urc/new-GUI/install/marker_interfacing/include/marker_interfacing/marker_interfacing/srv/detail/clear_markers__traits.hpp
-- Installing: /home/urc/new-GUI/install/marker_interfacing/include/marker_interfacing/marker_interfacing/srv/detail/publish_current_marker__traits.hpp
-- Installing: /home/urc/new-GUI/install/marker_interfacing/include/marker_interfacing/marker_interfacing/srv/detail/clear_markers__builder.hpp
-- Installing: /home/urc/new-GUI/install/marker_interfacing/include/marker_interfacing/marker_interfacing/srv/detail/plan_home_marker__builder.hpp
-- Installing: /home/urc/new-GUI/install/marker_interfacing/include/marker_interfacing/marker_interfacing/srv/detail/reorder_markers__struct.hpp
-- Installing: /home/urc/new-GUI/install/marker_interfacing/include/marker_interfacing/marker_interfacing/srv/detail/reorder_markers__traits.hpp
-- Installing: /home/urc/new-GUI/install/marker_interfacing/include/marker_interfacing/marker_interfacing/srv/detail/insert_marker__builder.hpp
-- Installing: /home/urc/new-GUI/install/marker_interfacing/include/marker_interfacing/marker_interfacing/srv/detail/remove_current_marker__builder.hpp
-- Installing: /home/urc/new-GUI/install/marker_interfacing/include/marker_interfacing/marker_interfacing/srv/detail/publish_current_marker__builder.hpp
-- Installing: /home/urc/new-GUI/install/marker_interfacing/include/marker_interfacing/marker_interfacing/srv/detail/insert_marker__struct.hpp
-- Installing: /home/urc/new-GUI/install/marker_interfacing/include/marker_interfacing/marker_interfacing/srv/detail/plan_home_marker__struct.hpp
-- Installing: /home/urc/new-GUI/install/marker_interfacing/include/marker_interfacing/marker_interfacing/srv/detail/clear_markers__struct.hpp
-- Installing: /home/urc/new-GUI/install/marker_interfacing/include/marker_interfacing/marker_interfacing/srv/detail/add_marker__struct.hpp
-- Installing: /home/urc/new-GUI/install/marker_interfacing/include/marker_interfacing/marker_interfacing/srv/detail/plan_home_marker__traits.hpp
-- Installing: /home/urc/new-GUI/install/marker_interfacing/include/marker_interfacing/marker_interfacing/srv/detail/reorder_marker__builder.hpp
-- Installing: /home/urc/new-GUI/install/marker_interfacing/include/marker_interfacing/marker_interfacing/srv/detail/remove_marker__traits.hpp
-- Installing: /home/urc/new-GUI/install/marker_interfacing/include/marker_interfacing/marker_interfacing/srv/detail/reorder_marker__traits.hpp
-- Installing: /home/urc/new-GUI/install/marker_interfacing/include/marker_interfacing/marker_interfacing/srv/add_marker.hpp
-- Installing: /home/urc/new-GUI/install/marker_interfacing/include/marker_interfacing/marker_interfacing/srv/clear_markers.hpp
-- Up-to-date: /home/urc/new-GUI/install/marker_interfacing/include/marker_interfacing/marker_interfacing
-- Up-to-date: /home/urc/new-GUI/install/marker_interfacing/include/marker_interfacing/marker_interfacing/msg
-- Installing: /home/urc/new-GUI/install/marker_interfacing/include/marker_interfacing/marker_interfacing/msg/rosidl_typesupport_fastrtps_cpp__visibility_control.h
-- Up-to-date: /home/urc/new-GUI/install/marker_interfacing/include/marker_interfacing/marker_interfacing/msg/detail
-- Installing: /home/urc/new-GUI/install/marker_interfacing/include/marker_interfacing/marker_interfacing/msg/detail/geodetic_marker__rosidl_typesupport_fastrtps_cpp.hpp
-- Installing: /home/urc/new-GUI/install/marker_interfacing/include/marker_interfacing/marker_interfacing/msg/detail/geodetic_marker_list__rosidl_typesupport_fastrtps_cpp.hpp
-- Installing: /home/urc/new-GUI/install/marker_interfacing/include/marker_interfacing/marker_interfacing/msg/detail/dds_fastrtps
-- Installing: /home/urc/new-GUI/install/marker_interfacing/include/marker_interfacing/marker_interfacing/msg/detail/enu_marker__rosidl_typesupport_fastrtps_cpp.hpp
-- Up-to-date: /home/urc/new-GUI/install/marker_interfacing/include/marker_interfacing/marker_interfacing/srv
-- Up-to-date: /home/urc/new-GUI/install/marker_interfacing/include/marker_interfacing/marker_interfacing/srv/detail
-- Installing: /home/urc/new-GUI/install/marker_interfacing/include/marker_interfacing/marker_interfacing/srv/detail/reorder_marker__rosidl_typesupport_fastrtps_cpp.hpp
-- Installing: /home/urc/new-GUI/install/marker_interfacing/include/marker_interfacing/marker_interfacing/srv/detail/remove_marker__rosidl_typesupport_fastrtps_cpp.hpp
-- Installing: /home/urc/new-GUI/install/marker_interfacing/include/marker_interfacing/marker_interfacing/srv/detail/remove_current_marker__rosidl_typesupport_fastrtps_cpp.hpp
-- Installing: /home/urc/new-GUI/install/marker_interfacing/include/marker_interfacing/marker_interfacing/srv/detail/add_marker__rosidl_typesupport_fastrtps_cpp.hpp
-- Installing: /home/urc/new-GUI/install/marker_interfacing/include/marker_interfacing/marker_interfacing/srv/detail/publish_current_marker__rosidl_typesupport_fastrtps_cpp.hpp
-- Installing: /home/urc/new-GUI/install/marker_interfacing/include/marker_interfacing/marker_interfacing/srv/detail/insert_marker__rosidl_typesupport_fastrtps_cpp.hpp
-- Installing: /home/urc/new-GUI/install/marker_interfacing/include/marker_interfacing/marker_interfacing/srv/detail/reorder_markers__rosidl_typesupport_fastrtps_cpp.hpp
-- Installing: /home/urc/new-GUI/install/marker_interfacing/include/marker_interfacing/marker_interfacing/srv/detail/clear_markers__rosidl_typesupport_fastrtps_cpp.hpp
-- Installing: /home/urc/new-GUI/install/marker_interfacing/include/marker_interfacing/marker_interfacing/srv/detail/dds_fastrtps
-- Installing: /home/urc/new-GUI/install/marker_interfacing/include/marker_interfacing/marker_interfacing/srv/detail/edit_marker__rosidl_typesupport_fastrtps_cpp.hpp
-- Installing: /home/urc/new-GUI/install/marker_interfacing/include/marker_interfacing/marker_interfacing/srv/detail/plan_home_marker__rosidl_typesupport_fastrtps_cpp.hpp
-- Installing: /home/urc/new-GUI/install/marker_interfacing/lib/libmarker_interfacing__rosidl_typesupport_fastrtps_cpp.so
-- Set runtime path of "/home/urc/new-GUI/install/marker_interfacing/lib/libmarker_interfacing__rosidl_typesupport_fastrtps_cpp.so" to ""
-- Up-to-date: /home/urc/new-GUI/install/marker_interfacing/include/marker_interfacing/marker_interfacing
-- Up-to-date: /home/urc/new-GUI/install/marker_interfacing/include/marker_interfacing/marker_interfacing/msg
-- Up-to-date: /home/urc/new-GUI/install/marker_interfacing/include/marker_interfacing/marker_interfacing/msg/detail
-- Installing: /home/urc/new-GUI/install/marker_interfacing/include/marker_interfacing/marker_interfacing/msg/detail/geodetic_marker_list__type_support.cpp
-- Installing: /home/urc/new-GUI/install/marker_interfacing/include/marker_interfacing/marker_interfacing/msg/detail/geodetic_marker__type_support.cpp
-- Installing: /home/urc/new-GUI/install/marker_interfacing/include/marker_interfacing/marker_interfacing/msg/detail/geodetic_marker__rosidl_typesupport_introspection_cpp.hpp
-- Installing: /home/urc/new-GUI/install/marker_interfacing/include/marker_interfacing/marker_interfacing/msg/detail/enu_marker__rosidl_typesupport_introspection_cpp.hpp
-- Installing: /home/urc/new-GUI/install/marker_interfacing/include/marker_interfacing/marker_interfacing/msg/detail/enu_marker__type_support.cpp
-- Installing: /home/urc/new-GUI/install/marker_interfacing/include/marker_interfacing/marker_interfacing/msg/detail/geodetic_marker_list__rosidl_typesupport_introspection_cpp.hpp
-- Up-to-date: /home/urc/new-GUI/install/marker_interfacing/include/marker_interfacing/marker_interfacing/srv
-- Up-to-date: /home/urc/new-GUI/install/marker_interfacing/include/marker_interfacing/marker_interfacing/srv/detail
-- Installing: /home/urc/new-GUI/install/marker_interfacing/include/marker_interfacing/marker_interfacing/srv/detail/reorder_marker__type_support.cpp
-- Installing: /home/urc/new-GUI/install/marker_interfacing/include/marker_interfacing/marker_interfacing/srv/detail/reorder_marker__rosidl_typesupport_introspection_cpp.hpp
-- Installing: /home/urc/new-GUI/install/marker_interfacing/include/marker_interfacing/marker_interfacing/srv/detail/remove_current_marker__rosidl_typesupport_introspection_cpp.hpp
-- Installing: /home/urc/new-GUI/install/marker_interfacing/include/marker_interfacing/marker_interfacing/srv/detail/reorder_markers__rosidl_typesupport_introspection_cpp.hpp
-- Installing: /home/urc/new-GUI/install/marker_interfacing/include/marker_interfacing/marker_interfacing/srv/detail/clear_markers__rosidl_typesupport_introspection_cpp.hpp
-- Installing: /home/urc/new-GUI/install/marker_interfacing/include/marker_interfacing/marker_interfacing/srv/detail/add_marker__rosidl_typesupport_introspection_cpp.hpp
-- Installing: /home/urc/new-GUI/install/marker_interfacing/include/marker_interfacing/marker_interfacing/srv/detail/insert_marker__rosidl_typesupport_introspection_cpp.hpp
-- Installing: /home/urc/new-GUI/install/marker_interfacing/include/marker_interfacing/marker_interfacing/srv/detail/edit_marker__rosidl_typesupport_introspection_cpp.hpp
-- Installing: /home/urc/new-GUI/install/marker_interfacing/include/marker_interfacing/marker_interfacing/srv/detail/clear_markers__type_support.cpp
-- Installing: /home/urc/new-GUI/install/marker_interfacing/include/marker_interfacing/marker_interfacing/srv/detail/insert_marker__type_support.cpp
-- Installing: /home/urc/new-GUI/install/marker_interfacing/include/marker_interfacing/marker_interfacing/srv/detail/add_marker__type_support.cpp
-- Installing: /home/urc/new-GUI/install/marker_interfacing/include/marker_interfacing/marker_interfacing/srv/detail/publish_current_marker__rosidl_typesupport_introspection_cpp.hpp
-- Installing: /home/urc/new-GUI/install/marker_interfacing/include/marker_interfacing/marker_interfacing/srv/detail/edit_marker__type_support.cpp
-- Installing: /home/urc/new-GUI/install/marker_interfacing/include/marker_interfacing/marker_interfacing/srv/detail/remove_marker__rosidl_typesupport_introspection_cpp.hpp
-- Installing: /home/urc/new-GUI/install/marker_interfacing/include/marker_interfacing/marker_interfacing/srv/detail/reorder_markers__type_support.cpp
-- Installing: /home/urc/new-GUI/install/marker_interfacing/include/marker_interfacing/marker_interfacing/srv/detail/plan_home_marker__type_support.cpp
-- Installing: /home/urc/new-GUI/install/marker_interfacing/include/marker_interfacing/marker_interfacing/srv/detail/publish_current_marker__type_support.cpp
-- Installing: /home/urc/new-GUI/install/marker_interfacing/include/marker_interfacing/marker_interfacing/srv/detail/remove_marker__type_support.cpp
-- Installing: /home/urc/new-GUI/install/marker_interfacing/include/marker_interfacing/marker_interfacing/srv/detail/remove_current_marker__type_support.cpp
-- Installing: /home/urc/new-GUI/install/marker_interfacing/include/marker_interfacing/marker_interfacing/srv/detail/plan_home_marker__rosidl_typesupport_introspection_cpp.hpp
-- Installing: /home/urc/new-GUI/install/marker_interfacing/lib/libmarker_interfacing__rosidl_typesupport_introspection_cpp.so
-- Set runtime path of "/home/urc/new-GUI/install/marker_interfacing/lib/libmarker_interfacing__rosidl_typesupport_introspection_cpp.so" to ""
-- Installing: /home/urc/new-GUI/install/marker_interfacing/lib/libmarker_interfacing__rosidl_typesupport_cpp.so
-- Set runtime path of "/home/urc/new-GUI/install/marker_interfacing/lib/libmarker_interfacing__rosidl_typesupport_cpp.so" to ""
-- Installing: /home/urc/new-GUI/install/marker_interfacing/share/marker_interfacing/environment/pythonpath.sh
-- Installing: /home/urc/new-GUI/install/marker_interfacing/share/marker_interfacing/environment/pythonpath.dsv
-- Installing: /home/urc/new-GUI/install/marker_interfacing/local/lib/python3.10/dist-packages/marker_interfacing-0.0.0-py3.10.egg-info
-- Installing: /home/urc/new-GUI/install/marker_interfacing/local/lib/python3.10/dist-packages/marker_interfacing-0.0.0-py3.10.egg-info/PKG-INFO
-- Installing: /home/urc/new-GUI/install/marker_interfacing/local/lib/python3.10/dist-packages/marker_interfacing-0.0.0-py3.10.egg-info/dependency_links.txt
-- Installing: /home/urc/new-GUI/install/marker_interfacing/local/lib/python3.10/dist-packages/marker_interfacing-0.0.0-py3.10.egg-info/top_level.txt
-- Installing: /home/urc/new-GUI/install/marker_interfacing/local/lib/python3.10/dist-packages/marker_interfacing-0.0.0-py3.10.egg-info/SOURCES.txt
-- Installing: /home/urc/new-GUI/install/marker_interfacing/local/lib/python3.10/dist-packages/marker_interfacing
-- Installing: /home/urc/new-GUI/install/marker_interfacing/local/lib/python3.10/dist-packages/marker_interfacing/libmarker_interfacing__rosidl_generator_py.so
-- Installing: /home/urc/new-GUI/install/marker_interfacing/local/lib/python3.10/dist-packages/marker_interfacing/marker_interfacing_s__rosidl_typesupport_c.cpython-310-x86_64-linux-gnu.so
-- Installing: /home/urc/new-GUI/install/marker_interfacing/local/lib/python3.10/dist-packages/marker_interfacing/_marker_interfacing_s.ep.rosidl_typesupport_fastrtps_c.c
-- Installing: /home/urc/new-GUI/install/marker_interfacing/local/lib/python3.10/dist-packages/marker_interfacing/msg
-- Installing: /home/urc/new-GUI/install/marker_interfacing/local/lib/python3.10/dist-packages/marker_interfacing/msg/_enu_marker.py
-- Installing: /home/urc/new-GUI/install/marker_interfacing/local/lib/python3.10/dist-packages/marker_interfacing/msg/_enu_marker_s.c
-- Installing: /home/urc/new-GUI/install/marker_interfacing/local/lib/python3.10/dist-packages/marker_interfacing/msg/_geodetic_marker_s.c
-- Installing: /home/urc/new-GUI/install/marker_interfacing/local/lib/python3.10/dist-packages/marker_interfacing/msg/__init__.py
-- Installing: /home/urc/new-GUI/install/marker_interfacing/local/lib/python3.10/dist-packages/marker_interfacing/msg/_geodetic_marker.py
-- Installing: /home/urc/new-GUI/install/marker_interfacing/local/lib/python3.10/dist-packages/marker_interfacing/msg/_geodetic_marker_list_s.c
-- Installing: /home/urc/new-GUI/install/marker_interfacing/local/lib/python3.10/dist-packages/marker_interfacing/msg/_geodetic_marker_list.py
-- Installing: /home/urc/new-GUI/install/marker_interfacing/local/lib/python3.10/dist-packages/marker_interfacing/__init__.py
-- Installing: /home/urc/new-GUI/install/marker_interfacing/local/lib/python3.10/dist-packages/marker_interfacing/_marker_interfacing_s.ep.rosidl_typesupport_introspection_c.c
-- Installing: /home/urc/new-GUI/install/marker_interfacing/local/lib/python3.10/dist-packages/marker_interfacing/marker_interfacing_s__rosidl_typesupport_introspection_c.cpython-310-x86_64-linux-gnu.so
-- Installing: /home/urc/new-GUI/install/marker_interfacing/local/lib/python3.10/dist-packages/marker_interfacing/srv
-- Installing: /home/urc/new-GUI/install/marker_interfacing/local/lib/python3.10/dist-packages/marker_interfacing/srv/_remove_current_marker.py
-- Installing: /home/urc/new-GUI/install/marker_interfacing/local/lib/python3.10/dist-packages/marker_interfacing/srv/_add_marker_s.c
-- Installing: /home/urc/new-GUI/install/marker_interfacing/local/lib/python3.10/dist-packages/marker_interfacing/srv/_plan_home_marker_s.c
-- Installing: /home/urc/new-GUI/install/marker_interfacing/local/lib/python3.10/dist-packages/marker_interfacing/srv/_remove_marker.py
-- Installing: /home/urc/new-GUI/install/marker_interfacing/local/lib/python3.10/dist-packages/marker_interfacing/srv/_insert_marker.py
-- Installing: /home/urc/new-GUI/install/marker_interfacing/local/lib/python3.10/dist-packages/marker_interfacing/srv/_remove_marker_s.c
-- Installing: /home/urc/new-GUI/install/marker_interfacing/local/lib/python3.10/dist-packages/marker_interfacing/srv/__init__.py
-- Installing: /home/urc/new-GUI/install/marker_interfacing/local/lib/python3.10/dist-packages/marker_interfacing/srv/_remove_current_marker_s.c
-- Installing: /home/urc/new-GUI/install/marker_interfacing/local/lib/python3.10/dist-packages/marker_interfacing/srv/_clear_markers.py
-- Installing: /home/urc/new-GUI/install/marker_interfacing/local/lib/python3.10/dist-packages/marker_interfacing/srv/_add_marker.py
-- Installing: /home/urc/new-GUI/install/marker_interfacing/local/lib/python3.10/dist-packages/marker_interfacing/srv/_clear_markers_s.c
-- Installing: /home/urc/new-GUI/install/marker_interfacing/local/lib/python3.10/dist-packages/marker_interfacing/srv/_publish_current_marker.py
-- Installing: /home/urc/new-GUI/install/marker_interfacing/local/lib/python3.10/dist-packages/marker_interfacing/srv/_reorder_markers.py
-- Installing: /home/urc/new-GUI/install/marker_interfacing/local/lib/python3.10/dist-packages/marker_interfacing/srv/_reorder_marker.py
-- Installing: /home/urc/new-GUI/install/marker_interfacing/local/lib/python3.10/dist-packages/marker_interfacing/srv/_publish_current_marker_s.c
-- Installing: /home/urc/new-GUI/install/marker_interfacing/local/lib/python3.10/dist-packages/marker_interfacing/srv/_insert_marker_s.c
-- Installing: /home/urc/new-GUI/install/marker_interfacing/local/lib/python3.10/dist-packages/marker_interfacing/srv/_edit_marker.py
-- Installing: /home/urc/new-GUI/install/marker_interfacing/local/lib/python3.10/dist-packages/marker_interfacing/srv/_plan_home_marker.py
-- Installing: /home/urc/new-GUI/install/marker_interfacing/local/lib/python3.10/dist-packages/marker_interfacing/srv/_reorder_marker_s.c
-- Installing: /home/urc/new-GUI/install/marker_interfacing/local/lib/python3.10/dist-packages/marker_interfacing/srv/_edit_marker_s.c
-- Installing: /home/urc/new-GUI/install/marker_interfacing/local/lib/python3.10/dist-packages/marker_interfacing/srv/_reorder_markers_s.c
-- Installing: /home/urc/new-GUI/install/marker_interfacing/local/lib/python3.10/dist-packages/marker_interfacing/marker_interfacing_s__rosidl_typesupport_fastrtps_c.cpython-310-x86_64-linux-gnu.so
-- Installing: /home/urc/new-GUI/install/marker_interfacing/local/lib/python3.10/dist-packages/marker_interfacing/_marker_interfacing_s.ep.rosidl_typesupport_c.c
Listing '/home/urc/new-GUI/install/marker_interfacing/local/lib/python3.10/dist-packages/marker_interfacing'...
Compiling '/home/urc/new-GUI/install/marker_interfacing/local/lib/python3.10/dist-packages/marker_interfacing/__init__.py'...
Listing '/home/urc/new-GUI/install/marker_interfacing/local/lib/python3.10/dist-packages/marker_interfacing/msg'...
Compiling '/home/urc/new-GUI/install/marker_interfacing/local/lib/python3.10/dist-packages/marker_interfacing/msg/__init__.py'...
Compiling '/home/urc/new-GUI/install/marker_interfacing/local/lib/python3.10/dist-packages/marker_interfacing/msg/_enu_marker.py'...
Compiling '/home/urc/new-GUI/install/marker_interfacing/local/lib/python3.10/dist-packages/marker_interfacing/msg/_geodetic_marker.py'...
Compiling '/home/urc/new-GUI/install/marker_interfacing/local/lib/python3.10/dist-packages/marker_interfacing/msg/_geodetic_marker_list.py'...
Listing '/home/urc/new-GUI/install/marker_interfacing/local/lib/python3.10/dist-packages/marker_interfacing/srv'...
Compiling '/home/urc/new-GUI/install/marker_interfacing/local/lib/python3.10/dist-packages/marker_interfacing/srv/__init__.py'...
Compiling '/home/urc/new-GUI/install/marker_interfacing/local/lib/python3.10/dist-packages/marker_interfacing/srv/_add_marker.py'...
Compiling '/home/urc/new-GUI/install/marker_interfacing/local/lib/python3.10/dist-packages/marker_interfacing/srv/_clear_markers.py'...
Compiling '/home/urc/new-GUI/install/marker_interfacing/local/lib/python3.10/dist-packages/marker_interfacing/srv/_edit_marker.py'...
Compiling '/home/urc/new-GUI/install/marker_interfacing/local/lib/python3.10/dist-packages/marker_interfacing/srv/_insert_marker.py'...
Compiling '/home/urc/new-GUI/install/marker_interfacing/local/lib/python3.10/dist-packages/marker_interfacing/srv/_plan_home_marker.py'...
Compiling '/home/urc/new-GUI/install/marker_interfacing/local/lib/python3.10/dist-packages/marker_interfacing/srv/_publish_current_marker.py'...
Compiling '/home/urc/new-GUI/install/marker_interfacing/local/lib/python3.10/dist-packages/marker_interfacing/srv/_remove_current_marker.py'...
Compiling '/home/urc/new-GUI/install/marker_interfacing/local/lib/python3.10/dist-packages/marker_interfacing/srv/_remove_marker.py'...
Compiling '/home/urc/new-GUI/install/marker_interfacing/local/lib/python3.10/dist-packages/marker_interfacing/srv/_reorder_marker.py'...
Compiling '/home/urc/new-GUI/install/marker_interfacing/local/lib/python3.10/dist-packages/marker_interfacing/srv/_reorder_markers.py'...
-- Installing: /home/urc/new-GUI/install/marker_interfacing/local/lib/python3.10/dist-packages/marker_interfacing/marker_interfacing_s__rosidl_typesupport_fastrtps_c.cpython-310-x86_64-linux-gnu.so
-- Set runtime path of "/home/urc/new-GUI/install/marker_interfacing/local/lib/python3.10/dist-packages/marker_interfacing/marker_interfacing_s__rosidl_typesupport_fastrtps_c.cpython-310-x86_64-linux-gnu.so" to ""
-- Installing: /home/urc/new-GUI/install/marker_interfacing/local/lib/python3.10/dist-packages/marker_interfacing/marker_interfacing_s__rosidl_typesupport_introspection_c.cpython-310-x86_64-linux-gnu.so
-- Set runtime path of "/home/urc/new-GUI/install/marker_interfacing/local/lib/python3.10/dist-packages/marker_interfacing/marker_interfacing_s__rosidl_typesupport_introspection_c.cpython-310-x86_64-linux-gnu.so" to ""
-- Installing: /home/urc/new-GUI/install/marker_interfacing/local/lib/python3.10/dist-packages/marker_interfacing/marker_interfacing_s__rosidl_typesupport_c.cpython-310-x86_64-linux-gnu.so
-- Set runtime path of "/home/urc/new-GUI/install/marker_interfacing/local/lib/python3.10/dist-packages/marker_interfacing/marker_interfacing_s__rosidl_typesupport_c.cpython-310-x86_64-linux-gnu.so" to ""
-- Installing: /home/urc/new-GUI/install/marker_interfacing/lib/libmarker_interfacing__rosidl_generator_py.so
-- Set runtime path of "/home/urc/new-GUI/install/marker_interfacing/lib/libmarker_interfacing__rosidl_generator_py.so" to ""
-- Installing: /home/urc/new-GUI/install/marker_interfacing/share/marker_interfacing/msg/ENUMarker.idl
-- Installing: /home/urc/new-GUI/install/marker_interfacing/share/marker_interfacing/msg/GeodeticMarker.idl
-- Installing: /home/urc/new-GUI/install/marker_interfacing/share/marker_interfacing/msg/GeodeticMarkerList.idl
-- Installing: /home/urc/new-GUI/install/marker_interfacing/share/marker_interfacing/srv/AddMarker.idl
-- Installing: /home/urc/new-GUI/install/marker_interfacing/share/marker_interfacing/srv/ClearMarkers.idl
-- Installing: /home/urc/new-GUI/install/marker_interfacing/share/marker_interfacing/srv/EditMarker.idl
-- Installing: /home/urc/new-GUI/install/marker_interfacing/share/marker_interfacing/srv/InsertMarker.idl
-- Installing: /home/urc/new-GUI/install/marker_interfacing/share/marker_interfacing/srv/PlanHomeMarker.idl
-- Installing: /home/urc/new-GUI/install/marker_interfacing/share/marker_interfacing/srv/PublishCurrentMarker.idl
-- Installing: /home/urc/new-GUI/install/marker_interfacing/share/marker_interfacing/srv/RemoveCurrentMarker.idl
-- Installing: /home/urc/new-GUI/install/marker_interfacing/share/marker_interfacing/srv/RemoveMarker.idl
-- Installing: /home/urc/new-GUI/install/marker_interfacing/share/marker_interfacing/srv/ReorderMarker.idl
-- Installing: /home/urc/new-GUI/install/marker_interfacing/share/marker_interfacing/srv/ReorderMarkers.idl
-- Installing: /home/urc/new-GUI/install/marker_interfacing/share/marker_interfacing/msg/ENUMarker.msg
-- Installing: /home/urc/new-GUI/install/marker_interfacing/share/marker_interfacing/msg/GeodeticMarker.msg
-- Installing: /home/urc/new-GUI/install/marker_interfacing/share/marker_interfacing/msg/GeodeticMarkerList.msg
-- Installing: /home/urc/new-GUI/install/marker_interfacing/share/marker_interfacing/srv/AddMarker.srv
-- Installing: /home/urc/new-GUI/install/marker_interfacing/share/marker_interfacing/srv/AddMarker_Request.msg
-- Installing: /home/urc/new-GUI/install/marker_interfacing/share/marker_interfacing/srv/AddMarker_Response.msg
-- Installing: /home/urc/new-GUI/install/marker_interfacing/share/marker_interfacing/srv/ClearMarkers.srv
-- Installing: /home/urc/new-GUI/install/marker_interfacing/share/marker_interfacing/srv/ClearMarkers_Request.msg
-- Installing: /home/urc/new-GUI/install/marker_interfacing/share/marker_interfacing/srv/ClearMarkers_Response.msg
-- Installing: /home/urc/new-GUI/install/marker_interfacing/share/marker_interfacing/srv/EditMarker.srv
-- Installing: /home/urc/new-GUI/install/marker_interfacing/share/marker_interfacing/srv/EditMarker_Request.msg
-- Installing: /home/urc/new-GUI/install/marker_interfacing/share/marker_interfacing/srv/EditMarker_Response.msg
-- Installing: /home/urc/new-GUI/install/marker_interfacing/share/marker_interfacing/srv/InsertMarker.srv
-- Installing: /home/urc/new-GUI/install/marker_interfacing/share/marker_interfacing/srv/InsertMarker_Request.msg
-- Installing: /home/urc/new-GUI/install/marker_interfacing/share/marker_interfacing/srv/InsertMarker_Response.msg
-- Installing: /home/urc/new-GUI/install/marker_interfacing/share/marker_interfacing/srv/PlanHomeMarker.srv
-- Installing: /home/urc/new-GUI/install/marker_interfacing/share/marker_interfacing/srv/PlanHomeMarker_Request.msg
-- Installing: /home/urc/new-GUI/install/marker_interfacing/share/marker_interfacing/srv/PlanHomeMarker_Response.msg
-- Installing: /home/urc/new-GUI/install/marker_interfacing/share/marker_interfacing/srv/PublishCurrentMarker.srv
-- Installing: /home/urc/new-GUI/install/marker_interfacing/share/marker_interfacing/srv/PublishCurrentMarker_Request.msg
-- Installing: /home/urc/new-GUI/install/marker_interfacing/share/marker_interfacing/srv/PublishCurrentMarker_Response.msg
-- Installing: /home/urc/new-GUI/install/marker_interfacing/share/marker_interfacing/srv/RemoveCurrentMarker.srv
-- Installing: /home/urc/new-GUI/install/marker_interfacing/share/marker_interfacing/srv/RemoveCurrentMarker_Request.msg
-- Installing: /home/urc/new-GUI/install/marker_interfacing/share/marker_interfacing/srv/RemoveCurrentMarker_Response.msg
-- Installing: /home/urc/new-GUI/install/marker_interfacing/share/marker_interfacing/srv/RemoveMarker.srv
-- Installing: /home/urc/new-GUI/install/marker_interfacing/share/marker_interfacing/srv/RemoveMarker_Request.msg
-- Installing: /home/urc/new-GUI/install/marker_interfacing/share/marker_interfacing/srv/RemoveMarker_Response.msg
-- Installing: /home/urc/new-GUI/install/marker_interfacing/share/marker_interfacing/srv/ReorderMarker.srv
-- Installing: /home/urc/new-GUI/install/marker_interfacing/share/marker_interfacing/srv/ReorderMarker_Request.msg
-- Installing: /home/urc/new-GUI/install/marker_interfacing/share/marker_interfacing/srv/ReorderMarker_Response.msg
-- Installing: /home/urc/new-GUI/install/marker_interfacing/share/marker_interfacing/srv/ReorderMarkers.srv
-- Installing: /home/urc/new-GUI/install/marker_interfacing/share/marker_interfacing/srv/ReorderMarkers_Request.msg
-- Installing: /home/urc/new-GUI/install/marker_interfacing/share/marker_interfacing/srv/ReorderMarkers_Response.msg
-- Installing: /home/urc/new-GUI/install/marker_interfacing/share/ament_index/resource_index/package_run_dependencies/marker_interfacing
-- Installing: /home/urc/new-GUI/install/marker_interfacing/share/ament_index/resource_index/parent_prefix_path/marker_interfacing
-- Installing: /home/urc/new-GUI/install/marker_interfacing/share/marker_interfacing/environment/ament_prefix_path.sh
-- Installing: /home/urc/new-GUI/install/marker_interfacing/share/marker_interfacing/environment/ament_prefix_path.dsv
-- Installing: /home/urc/new-GUI/install/marker_interfacing/share/marker_interfacing/environment/path.sh
-- Installing: /home/urc/new-GUI/install/marker_interfacing/share/marker_interfacing/environment/path.dsv
-- Installing: /home/urc/new-GUI/install/marker_interfacing/share/marker_interfacing/local_setup.bash
-- Installing: /home/urc/new-GUI/install/marker_interfacing/share/marker_interfacing/local_setup.sh
-- Installing: /home/urc/new-GUI/install/marker_interfacing/share/marker_interfacing/local_setup.zsh
-- Installing: /home/urc/new-GUI/install/marker_interfacing/share/marker_interfacing/local_setup.dsv
-- Installing: /home/urc/new-GUI/install/marker_interfacing/share/marker_interfacing/package.dsv
-- Installing: /home/urc/new-GUI/install/marker_interfacing/share/ament_index/resource_index/packages/marker_interfacing
-- Installing: /home/urc/new-GUI/install/marker_interfacing/share/marker_interfacing/cmake/export_marker_interfacing__rosidl_generator_cExport.cmake
-- Installing: /home/urc/new-GUI/install/marker_interfacing/share/marker_interfacing/cmake/export_marker_interfacing__rosidl_generator_cExport-noconfig.cmake
-- Installing: /home/urc/new-GUI/install/marker_interfacing/share/marker_interfacing/cmake/export_marker_interfacing__rosidl_typesupport_fastrtps_cExport.cmake
-- Installing: /home/urc/new-GUI/install/marker_interfacing/share/marker_interfacing/cmake/export_marker_interfacing__rosidl_typesupport_fastrtps_cExport-noconfig.cmake
-- Installing: /home/urc/new-GUI/install/marker_interfacing/share/marker_interfacing/cmake/marker_interfacing__rosidl_typesupport_introspection_cExport.cmake
-- Installing: /home/urc/new-GUI/install/marker_interfacing/share/marker_interfacing/cmake/marker_interfacing__rosidl_typesupport_introspection_cExport-noconfig.cmake
-- Installing: /home/urc/new-GUI/install/marker_interfacing/share/marker_interfacing/cmake/marker_interfacing__rosidl_typesupport_cExport.cmake
-- Installing: /home/urc/new-GUI/install/marker_interfacing/share/marker_interfacing/cmake/marker_interfacing__rosidl_typesupport_cExport-noconfig.cmake
-- Installing: /home/urc/new-GUI/install/marker_interfacing/share/marker_interfacing/cmake/export_marker_interfacing__rosidl_generator_cppExport.cmake
-- Installing: /home/urc/new-GUI/install/marker_interfacing/share/marker_interfacing/cmake/export_marker_interfacing__rosidl_typesupport_fastrtps_cppExport.cmake
-- Installing: /home/urc/new-GUI/install/marker_interfacing/share/marker_interfacing/cmake/export_marker_interfacing__rosidl_typesupport_fastrtps_cppExport-noconfig.cmake
-- Installing: /home/urc/new-GUI/install/marker_interfacing/share/marker_interfacing/cmake/marker_interfacing__rosidl_typesupport_introspection_cppExport.cmake
-- Installing: /home/urc/new-GUI/install/marker_interfacing/share/marker_interfacing/cmake/marker_interfacing__rosidl_typesupport_introspection_cppExport-noconfig.cmake
-- Installing: /home/urc/new-GUI/install/marker_interfacing/share/marker_interfacing/cmake/marker_interfacing__rosidl_typesupport_cppExport.cmake
-- Installing: /home/urc/new-GUI/install/marker_interfacing/share/marker_interfacing/cmake/marker_interfacing__rosidl_typesupport_cppExport-noconfig.cmake
-- Installing: /home/urc/new-GUI/install/marker_interfacing/share/marker_interfacing/cmake/export_marker_interfacing__rosidl_generator_pyExport.cmake
-- Installing: /home/urc/new-GUI/install/marker_interfacing/share/marker_interfacing/cmake/export_marker_interfacing__rosidl_generator_pyExport-noconfig.cmake
-- Installing: /home/urc/new-GUI/install/marker_interfacing/share/marker_interfacing/cmake/rosidl_cmake-extras.cmake
-- Installing: /home/urc/new-GUI/install/marker_interfacing/share/marker_interfacing/cmake/ament_cmake_export_dependencies-extras.cmake
-- Installing: /home/urc/new-GUI/install/marker_interfacing/share/marker_interfacing/cmake/ament_cmake_export_include_directories-extras.cmake
-- Installing: /home/urc/new-GUI/install/marker_interfacing/share/marker_interfacing/cmake/ament_cmake_export_libraries-extras.cmake
-- Installing: /home/urc/new-GUI/install/marker_interfacing/share/marker_interfacing/cmake/ament_cmake_export_targets-extras.cmake
-- Installing: /home/urc/new-GUI/install/marker_interfacing/share/marker_interfacing/cmake/rosidl_cmake_export_typesupport_targets-extras.cmake
-- Installing: /home/urc/new-GUI/install/marker_interfacing/share/marker_interfacing/cmake/rosidl_cmake_export_typesupport_libraries-extras.cmake
-- Installing: /home/urc/new-GUI/install/marker_interfacing/share/marker_interfacing/cmake/marker_interfacingConfig.cmake
-- Installing: /home/urc/new-GUI/install/marker_interfacing/share/marker_interfacing/cmake/marker_interfacingConfig-version.cmake
-- Installing: /home/urc/new-GUI/install/marker_interfacing/share/marker_interfacing/package.xml
