[0.296s] Invoking command in '/home/urc/new_GUI/build/marker_interfacing': CMAKE_PREFIX_PATH=/opt/ros/humble /usr/bin/cmake /home/urc/new_GUI/src/marker_interfacing -DCMAKE_INSTALL_PREFIX=/home/urc/new_GUI/install/marker_interfacing
[1.520s] -- The C compiler identification is GNU 11.4.0
[2.013s] -- The CXX compiler identification is GNU 11.4.0
[2.035s] -- Detecting C compiler ABI info
[2.201s] -- Detecting C compiler ABI info - done
[2.232s] -- Check for working C compiler: /usr/bin/cc - skipped
[2.232s] -- Detecting C compile features
[2.234s] -- Detecting C compile features - done
[2.258s] -- Detecting CXX compiler ABI info
[2.423s] -- Detecting CXX compiler ABI info - done
[2.474s] -- Check for working CXX compiler: /usr/bin/c++ - skipped
[2.475s] -- Detecting CXX compile features
[2.484s] -- Detecting CXX compile features - done
[2.487s] -- Found ament_cmake: 1.3.5 (/opt/ros/humble/share/ament_cmake/cmake)
[2.885s] -- Found Python3: /usr/bin/python3.10 (found version "3.10.12") found components: Interpreter 
[3.138s] -- Found ament_lint_auto: 0.12.8 (/opt/ros/humble/share/ament_lint_auto/cmake)
[3.303s] -- Found rosidl_default_generators: 1.2.0 (/opt/ros/humble/share/rosidl_default_generators/cmake)
[3.315s] -- Using all available rosidl_typesupport_c: rosidl_typesupport_fastrtps_c;rosidl_typesupport_introspection_c
[3.327s] -- Found rosidl_adapter: 3.1.5 (/opt/ros/humble/share/rosidl_adapter/cmake)
[3.422s] -- Using all available rosidl_typesupport_cpp: rosidl_typesupport_fastrtps_cpp;rosidl_typesupport_introspection_cpp
[3.499s] -- Found rclcpp: 16.0.6 (/opt/ros/humble/share/rclcpp/cmake)
[3.698s] -- Found rmw_implementation_cmake: 6.1.1 (/opt/ros/humble/share/rmw_implementation_cmake/cmake)
[3.709s] -- Found rmw_fastrtps_cpp: 6.2.4 (/opt/ros/humble/share/rmw_fastrtps_cpp/cmake)
[3.890s] -- Found OpenSSL: /usr/lib/x86_64-linux-gnu/libcrypto.so (found version "3.0.2")  
[3.925s] -- Found FastRTPS: /opt/ros/humble/include  
[3.997s] -- Using RMW implementation 'rmw_fastrtps_cpp' as default
[4.117s] -- Looking for pthread.h
[4.276s] -- Looking for pthread.h - found
[4.277s] -- Performing Test CMAKE_HAVE_LIBC_PTHREAD
[4.432s] -- Performing Test CMAKE_HAVE_LIBC_PTHREAD - Success
[4.434s] -- Found Threads: TRUE  
[4.869s] -- Found rclpy: 3.3.10 (/opt/ros/humble/share/rclpy/cmake)
[4.874s] -- Found geometry_msgs: 4.2.3 (/opt/ros/humble/share/geometry_msgs/cmake)
[4.999s] -- Found geographic_msgs: 1.0.5 (/opt/ros/humble/share/geographic_msgs/cmake)
[6.318s] -- Found ament_cmake_ros: 0.10.0 (/opt/ros/humble/share/ament_cmake_ros/cmake)
[7.018s] -- Using all available rosidl_typesupport_c: rosidl_typesupport_fastrtps_c;rosidl_typesupport_introspection_c
[8.263s] -- Using all available rosidl_typesupport_cpp: rosidl_typesupport_fastrtps_cpp;rosidl_typesupport_introspection_cpp
[8.305s] -- Found PythonInterp: /usr/bin/python3 (found suitable version "3.10.12", minimum required is "3.6") 
[8.308s] -- Found python_cmake_module: 0.10.0 (/opt/ros/humble/share/python_cmake_module/cmake)
[8.353s] -- Found PythonLibs: /usr/lib/x86_64-linux-gnu/libpython3.10.so (found suitable version "3.10.12", minimum required is "3.5") 
[8.353s] -- Using PYTHON_EXECUTABLE: /usr/bin/python3
[8.353s] -- Using PYTHON_INCLUDE_DIRS: /usr/include/python3.10
[8.353s] -- Using PYTHON_LIBRARIES: /usr/lib/x86_64-linux-gnu/libpython3.10.so
[8.386s] -- Found PythonExtra: .so  
[8.548s] -- Added test 'lint_cmake' to check CMake code style
[8.548s] -- Added test 'xmllint' to check XML markup files
[8.555s] -- Configuring done
[8.709s] -- Generating done
[8.714s] -- Build files have been written to: /home/urc/new_GUI/build/marker_interfacing
[8.748s] Invoked command in '/home/urc/new_GUI/build/marker_interfacing' returned '0': CMAKE_PREFIX_PATH=/opt/ros/humble /usr/bin/cmake /home/urc/new_GUI/src/marker_interfacing -DCMAKE_INSTALL_PREFIX=/home/urc/new_GUI/install/marker_interfacing
[8.751s] Invoking command in '/home/urc/new_GUI/build/marker_interfacing': CMAKE_PREFIX_PATH=/opt/ros/humble /usr/bin/cmake --build /home/urc/new_GUI/build/marker_interfacing -- -j4 -l4
[9.079s] [  1%] [34m[1mGenerating C code for ROS interfaces[0m
[9.202s] [  1%] [34m[1mGenerating C++ code for ROS interfaces[0m
[9.220s] [  1%] Built target ament_cmake_python_copy_marker_interfacing
[11.090s] running egg_info
[11.101s] creating marker_interfacing.egg-info
[11.109s] writing marker_interfacing.egg-info/PKG-INFO
[11.109s] writing dependency_links to marker_interfacing.egg-info/dependency_links.txt
[11.109s] writing top-level names to marker_interfacing.egg-info/top_level.txt
[11.110s] writing manifest file 'marker_interfacing.egg-info/SOURCES.txt'
[11.113s] reading manifest file 'marker_interfacing.egg-info/SOURCES.txt'
[11.121s] writing manifest file 'marker_interfacing.egg-info/SOURCES.txt'
[11.269s] [  1%] Built target ament_cmake_python_build_marker_interfacing_egg
[21.898s] [  1%] Built target marker_interfacing__cpp
[22.953s] [  2%] [32mBuilding C object CMakeFiles/marker_interfacing__rosidl_generator_c.dir/rosidl_generator_c/marker_interfacing/msg/detail/enu_marker__functions.c.o[0m
[23.140s] [  2%] [32mBuilding C object CMakeFiles/marker_interfacing__rosidl_generator_c.dir/rosidl_generator_c/marker_interfacing/msg/detail/geodetic_marker__functions.c.o[0m
[23.263s] [  3%] [32mBuilding C object CMakeFiles/marker_interfacing__rosidl_generator_c.dir/rosidl_generator_c/marker_interfacing/msg/detail/geodetic_marker_list__functions.c.o[0m
[23.465s] [  4%] [32mBuilding C object CMakeFiles/marker_interfacing__rosidl_generator_c.dir/rosidl_generator_c/marker_interfacing/srv/detail/add_marker__functions.c.o[0m
[23.581s] [  5%] [32mBuilding C object CMakeFiles/marker_interfacing__rosidl_generator_c.dir/rosidl_generator_c/marker_interfacing/srv/detail/clear_markers__functions.c.o[0m
[23.676s] [  6%] [32mBuilding C object CMakeFiles/marker_interfacing__rosidl_generator_c.dir/rosidl_generator_c/marker_interfacing/srv/detail/edit_marker__functions.c.o[0m
[23.798s] [  6%] [32mBuilding C object CMakeFiles/marker_interfacing__rosidl_generator_c.dir/rosidl_generator_c/marker_interfacing/srv/detail/insert_marker__functions.c.o[0m
[23.948s] [  7%] [32mBuilding C object CMakeFiles/marker_interfacing__rosidl_generator_c.dir/rosidl_generator_c/marker_interfacing/srv/detail/plan_home_marker__functions.c.o[0m
[24.044s] [  8%] [32mBuilding C object CMakeFiles/marker_interfacing__rosidl_generator_c.dir/rosidl_generator_c/marker_interfacing/srv/detail/publish_current_marker__functions.c.o[0m
[24.159s] [  9%] [32mBuilding C object CMakeFiles/marker_interfacing__rosidl_generator_c.dir/rosidl_generator_c/marker_interfacing/srv/detail/remove_current_marker__functions.c.o[0m
[24.256s] [ 10%] [32mBuilding C object CMakeFiles/marker_interfacing__rosidl_generator_c.dir/rosidl_generator_c/marker_interfacing/srv/detail/remove_marker__functions.c.o[0m
[24.385s] [ 10%] [32mBuilding C object CMakeFiles/marker_interfacing__rosidl_generator_c.dir/rosidl_generator_c/marker_interfacing/srv/detail/reorder_marker__functions.c.o[0m
[24.497s] [ 11%] [32mBuilding C object CMakeFiles/marker_interfacing__rosidl_generator_c.dir/rosidl_generator_c/marker_interfacing/srv/detail/reorder_markers__functions.c.o[0m
[24.649s] [ 12%] [32m[1mLinking C shared library libmarker_interfacing__rosidl_generator_c.so[0m
[24.785s] [ 12%] Built target marker_interfacing__rosidl_generator_c
[24.817s] [ 12%] [34m[1mGenerating C++ introspection for ROS interfaces[0m
[28.437s] [ 13%] [32mBuilding CXX object CMakeFiles/marker_interfacing__rosidl_typesupport_introspection_cpp.dir/rosidl_typesupport_introspection_cpp/marker_interfacing/msg/detail/enu_marker__type_support.cpp.o[0m
[29.334s] [ 14%] [32mBuilding CXX object CMakeFiles/marker_interfacing__rosidl_typesupport_introspection_cpp.dir/rosidl_typesupport_introspection_cpp/marker_interfacing/msg/detail/geodetic_marker__type_support.cpp.o[0m
[30.137s] [ 15%] [32mBuilding CXX object CMakeFiles/marker_interfacing__rosidl_typesupport_introspection_cpp.dir/rosidl_typesupport_introspection_cpp/marker_interfacing/msg/detail/geodetic_marker_list__type_support.cpp.o[0m
[31.118s] [ 16%] [32mBuilding CXX object CMakeFiles/marker_interfacing__rosidl_typesupport_introspection_cpp.dir/rosidl_typesupport_introspection_cpp/marker_interfacing/srv/detail/add_marker__type_support.cpp.o[0m
[31.844s] [ 16%] [32mBuilding CXX object CMakeFiles/marker_interfacing__rosidl_typesupport_introspection_cpp.dir/rosidl_typesupport_introspection_cpp/marker_interfacing/srv/detail/clear_markers__type_support.cpp.o[0m
[32.664s] [ 17%] [32mBuilding CXX object CMakeFiles/marker_interfacing__rosidl_typesupport_introspection_cpp.dir/rosidl_typesupport_introspection_cpp/marker_interfacing/srv/detail/edit_marker__type_support.cpp.o[0m
[33.384s] [ 18%] [32mBuilding CXX object CMakeFiles/marker_interfacing__rosidl_typesupport_introspection_cpp.dir/rosidl_typesupport_introspection_cpp/marker_interfacing/srv/detail/insert_marker__type_support.cpp.o[0m
[34.335s] [ 19%] [32mBuilding CXX object CMakeFiles/marker_interfacing__rosidl_typesupport_introspection_cpp.dir/rosidl_typesupport_introspection_cpp/marker_interfacing/srv/detail/plan_home_marker__type_support.cpp.o[0m
[35.406s] [ 20%] [32mBuilding CXX object CMakeFiles/marker_interfacing__rosidl_typesupport_introspection_cpp.dir/rosidl_typesupport_introspection_cpp/marker_interfacing/srv/detail/publish_current_marker__type_support.cpp.o[0m
[36.865s] [ 20%] [32mBuilding CXX object CMakeFiles/marker_interfacing__rosidl_typesupport_introspection_cpp.dir/rosidl_typesupport_introspection_cpp/marker_interfacing/srv/detail/remove_current_marker__type_support.cpp.o[0m
[38.453s] [ 21%] [32mBuilding CXX object CMakeFiles/marker_interfacing__rosidl_typesupport_introspection_cpp.dir/rosidl_typesupport_introspection_cpp/marker_interfacing/srv/detail/remove_marker__type_support.cpp.o[0m
[39.735s] [ 22%] [32mBuilding CXX object CMakeFiles/marker_interfacing__rosidl_typesupport_introspection_cpp.dir/rosidl_typesupport_introspection_cpp/marker_interfacing/srv/detail/reorder_marker__type_support.cpp.o[0m
[41.051s] [ 23%] [32mBuilding CXX object CMakeFiles/marker_interfacing__rosidl_typesupport_introspection_cpp.dir/rosidl_typesupport_introspection_cpp/marker_interfacing/srv/detail/reorder_markers__type_support.cpp.o[0m
[42.312s] [ 24%] [32m[1mLinking CXX shared library libmarker_interfacing__rosidl_typesupport_introspection_cpp.so[0m
[42.721s] [ 24%] Built target marker_interfacing__rosidl_typesupport_introspection_cpp
[42.757s] [ 25%] [34m[1mGenerating C type support for eProsima Fast-RTPS[0m
[48.650s] [ 26%] [32mBuilding CXX object CMakeFiles/marker_interfacing__rosidl_typesupport_fastrtps_c.dir/rosidl_typesupport_fastrtps_c/marker_interfacing/msg/detail/enu_marker__type_support_c.cpp.o[0m
[49.691s] [ 26%] [32mBuilding CXX object CMakeFiles/marker_interfacing__rosidl_typesupport_fastrtps_c.dir/rosidl_typesupport_fastrtps_c/marker_interfacing/msg/detail/geodetic_marker__type_support_c.cpp.o[0m
[50.840s] [ 27%] [32mBuilding CXX object CMakeFiles/marker_interfacing__rosidl_typesupport_fastrtps_c.dir/rosidl_typesupport_fastrtps_c/marker_interfacing/msg/detail/geodetic_marker_list__type_support_c.cpp.o[0m
[51.856s] [ 28%] [32mBuilding CXX object CMakeFiles/marker_interfacing__rosidl_typesupport_fastrtps_c.dir/rosidl_typesupport_fastrtps_c/marker_interfacing/srv/detail/add_marker__type_support_c.cpp.o[0m
[52.799s] [ 29%] [32mBuilding CXX object CMakeFiles/marker_interfacing__rosidl_typesupport_fastrtps_c.dir/rosidl_typesupport_fastrtps_c/marker_interfacing/srv/detail/clear_markers__type_support_c.cpp.o[0m
[53.619s] [ 30%] [32mBuilding CXX object CMakeFiles/marker_interfacing__rosidl_typesupport_fastrtps_c.dir/rosidl_typesupport_fastrtps_c/marker_interfacing/srv/detail/edit_marker__type_support_c.cpp.o[0m
[55.108s] [ 30%] [32mBuilding CXX object CMakeFiles/marker_interfacing__rosidl_typesupport_fastrtps_c.dir/rosidl_typesupport_fastrtps_c/marker_interfacing/srv/detail/insert_marker__type_support_c.cpp.o[0m
[56.121s] [ 31%] [32mBuilding CXX object CMakeFiles/marker_interfacing__rosidl_typesupport_fastrtps_c.dir/rosidl_typesupport_fastrtps_c/marker_interfacing/srv/detail/plan_home_marker__type_support_c.cpp.o[0m
[57.145s] [ 32%] [32mBuilding CXX object CMakeFiles/marker_interfacing__rosidl_typesupport_fastrtps_c.dir/rosidl_typesupport_fastrtps_c/marker_interfacing/srv/detail/publish_current_marker__type_support_c.cpp.o[0m
[58.603s] [ 33%] [32mBuilding CXX object CMakeFiles/marker_interfacing__rosidl_typesupport_fastrtps_c.dir/rosidl_typesupport_fastrtps_c/marker_interfacing/srv/detail/remove_current_marker__type_support_c.cpp.o[0m
[59.260s] [ 34%] [32mBuilding CXX object CMakeFiles/marker_interfacing__rosidl_typesupport_fastrtps_c.dir/rosidl_typesupport_fastrtps_c/marker_interfacing/srv/detail/remove_marker__type_support_c.cpp.o[0m
[60.047s] [ 34%] [32mBuilding CXX object CMakeFiles/marker_interfacing__rosidl_typesupport_fastrtps_c.dir/rosidl_typesupport_fastrtps_c/marker_interfacing/srv/detail/reorder_marker__type_support_c.cpp.o[0m
[61.111s] [ 35%] [32mBuilding CXX object CMakeFiles/marker_interfacing__rosidl_typesupport_fastrtps_c.dir/rosidl_typesupport_fastrtps_c/marker_interfacing/srv/detail/reorder_markers__type_support_c.cpp.o[0m
[62.054s] [ 36%] [32m[1mLinking CXX shared library libmarker_interfacing__rosidl_typesupport_fastrtps_c.so[0m
[62.324s] [ 36%] Built target marker_interfacing__rosidl_typesupport_fastrtps_c
[62.350s] [ 37%] [34m[1mGenerating C introspection for ROS interfaces[0m
[66.780s] [ 38%] [32mBuilding C object CMakeFiles/marker_interfacing__rosidl_typesupport_introspection_c.dir/rosidl_typesupport_introspection_c/marker_interfacing/msg/detail/enu_marker__type_support.c.o[0m
[66.960s] [ 39%] [32mBuilding C object CMakeFiles/marker_interfacing__rosidl_typesupport_introspection_c.dir/rosidl_typesupport_introspection_c/marker_interfacing/msg/detail/geodetic_marker__type_support.c.o[0m
[67.046s] [ 39%] [32mBuilding C object CMakeFiles/marker_interfacing__rosidl_typesupport_introspection_c.dir/rosidl_typesupport_introspection_c/marker_interfacing/msg/detail/geodetic_marker_list__type_support.c.o[0m
[67.179s] [ 40%] [32mBuilding C object CMakeFiles/marker_interfacing__rosidl_typesupport_introspection_c.dir/rosidl_typesupport_introspection_c/marker_interfacing/srv/detail/add_marker__type_support.c.o[0m
[67.316s] [ 41%] [32mBuilding C object CMakeFiles/marker_interfacing__rosidl_typesupport_introspection_c.dir/rosidl_typesupport_introspection_c/marker_interfacing/srv/detail/clear_markers__type_support.c.o[0m
[67.395s] [ 42%] [32mBuilding C object CMakeFiles/marker_interfacing__rosidl_typesupport_introspection_c.dir/rosidl_typesupport_introspection_c/marker_interfacing/srv/detail/edit_marker__type_support.c.o[0m
[67.471s] [ 43%] [32mBuilding C object CMakeFiles/marker_interfacing__rosidl_typesupport_introspection_c.dir/rosidl_typesupport_introspection_c/marker_interfacing/srv/detail/insert_marker__type_support.c.o[0m
[67.547s] [ 43%] [32mBuilding C object CMakeFiles/marker_interfacing__rosidl_typesupport_introspection_c.dir/rosidl_typesupport_introspection_c/marker_interfacing/srv/detail/plan_home_marker__type_support.c.o[0m
[67.611s] [ 44%] [32mBuilding C object CMakeFiles/marker_interfacing__rosidl_typesupport_introspection_c.dir/rosidl_typesupport_introspection_c/marker_interfacing/srv/detail/publish_current_marker__type_support.c.o[0m
[67.680s] [ 45%] [32mBuilding C object CMakeFiles/marker_interfacing__rosidl_typesupport_introspection_c.dir/rosidl_typesupport_introspection_c/marker_interfacing/srv/detail/remove_current_marker__type_support.c.o[0m
[67.756s] [ 46%] [32mBuilding C object CMakeFiles/marker_interfacing__rosidl_typesupport_introspection_c.dir/rosidl_typesupport_introspection_c/marker_interfacing/srv/detail/remove_marker__type_support.c.o[0m
[67.830s] [ 47%] [32mBuilding C object CMakeFiles/marker_interfacing__rosidl_typesupport_introspection_c.dir/rosidl_typesupport_introspection_c/marker_interfacing/srv/detail/reorder_marker__type_support.c.o[0m
[67.903s] [ 47%] [32mBuilding C object CMakeFiles/marker_interfacing__rosidl_typesupport_introspection_c.dir/rosidl_typesupport_introspection_c/marker_interfacing/srv/detail/reorder_markers__type_support.c.o[0m
[67.975s] [ 48%] [32m[1mLinking C shared library libmarker_interfacing__rosidl_typesupport_introspection_c.so[0m
[68.033s] [ 48%] Built target marker_interfacing__rosidl_typesupport_introspection_c
[68.060s] [ 49%] [34m[1mGenerating C type support dispatch for ROS interfaces[0m
[70.109s] [ 49%] [32mBuilding CXX object CMakeFiles/marker_interfacing__rosidl_typesupport_c.dir/rosidl_typesupport_c/marker_interfacing/msg/enu_marker__type_support.cpp.o[0m
[70.154s] [ 50%] [32mBuilding CXX object CMakeFiles/marker_interfacing__rosidl_typesupport_c.dir/rosidl_typesupport_c/marker_interfacing/msg/geodetic_marker__type_support.cpp.o[0m
[70.197s] [ 51%] [32mBuilding CXX object CMakeFiles/marker_interfacing__rosidl_typesupport_c.dir/rosidl_typesupport_c/marker_interfacing/msg/geodetic_marker_list__type_support.cpp.o[0m
[70.241s] [ 52%] [32mBuilding CXX object CMakeFiles/marker_interfacing__rosidl_typesupport_c.dir/rosidl_typesupport_c/marker_interfacing/srv/add_marker__type_support.cpp.o[0m
[70.307s] [ 53%] [32mBuilding CXX object CMakeFiles/marker_interfacing__rosidl_typesupport_c.dir/rosidl_typesupport_c/marker_interfacing/srv/clear_markers__type_support.cpp.o[0m
[70.366s] [ 53%] [32mBuilding CXX object CMakeFiles/marker_interfacing__rosidl_typesupport_c.dir/rosidl_typesupport_c/marker_interfacing/srv/edit_marker__type_support.cpp.o[0m
[70.425s] [ 54%] [32mBuilding CXX object CMakeFiles/marker_interfacing__rosidl_typesupport_c.dir/rosidl_typesupport_c/marker_interfacing/srv/insert_marker__type_support.cpp.o[0m
[70.477s] [ 55%] [32mBuilding CXX object CMakeFiles/marker_interfacing__rosidl_typesupport_c.dir/rosidl_typesupport_c/marker_interfacing/srv/plan_home_marker__type_support.cpp.o[0m
[70.524s] [ 56%] [32mBuilding CXX object CMakeFiles/marker_interfacing__rosidl_typesupport_c.dir/rosidl_typesupport_c/marker_interfacing/srv/publish_current_marker__type_support.cpp.o[0m
[70.569s] [ 57%] [32mBuilding CXX object CMakeFiles/marker_interfacing__rosidl_typesupport_c.dir/rosidl_typesupport_c/marker_interfacing/srv/remove_current_marker__type_support.cpp.o[0m
[70.626s] [ 57%] [32mBuilding CXX object CMakeFiles/marker_interfacing__rosidl_typesupport_c.dir/rosidl_typesupport_c/marker_interfacing/srv/remove_marker__type_support.cpp.o[0m
[70.687s] [ 58%] [32mBuilding CXX object CMakeFiles/marker_interfacing__rosidl_typesupport_c.dir/rosidl_typesupport_c/marker_interfacing/srv/reorder_marker__type_support.cpp.o[0m
[70.735s] [ 59%] [32mBuilding CXX object CMakeFiles/marker_interfacing__rosidl_typesupport_c.dir/rosidl_typesupport_c/marker_interfacing/srv/reorder_markers__type_support.cpp.o[0m
[70.803s] [ 60%] [32m[1mLinking CXX shared library libmarker_interfacing__rosidl_typesupport_c.so[0m
[70.892s] [ 60%] Built target marker_interfacing__rosidl_typesupport_c
[70.915s] [ 61%] [34m[1mGenerating C++ type support for eProsima Fast-RTPS[0m
[74.128s] [ 62%] [32mBuilding CXX object CMakeFiles/marker_interfacing__rosidl_typesupport_fastrtps_cpp.dir/rosidl_typesupport_fastrtps_cpp/marker_interfacing/msg/detail/dds_fastrtps/enu_marker__type_support.cpp.o[0m
[74.801s] [ 63%] [32mBuilding CXX object CMakeFiles/marker_interfacing__rosidl_typesupport_fastrtps_cpp.dir/rosidl_typesupport_fastrtps_cpp/marker_interfacing/msg/detail/dds_fastrtps/geodetic_marker_list__type_support.cpp.o[0m
[75.544s] [ 63%] [32mBuilding CXX object CMakeFiles/marker_interfacing__rosidl_typesupport_fastrtps_cpp.dir/rosidl_typesupport_fastrtps_cpp/marker_interfacing/srv/detail/dds_fastrtps/add_marker__type_support.cpp.o[0m
[76.223s] [ 64%] [32mBuilding CXX object CMakeFiles/marker_interfacing__rosidl_typesupport_fastrtps_cpp.dir/rosidl_typesupport_fastrtps_cpp/marker_interfacing/srv/detail/dds_fastrtps/clear_markers__type_support.cpp.o[0m
[76.908s] [ 65%] [32mBuilding CXX object CMakeFiles/marker_interfacing__rosidl_typesupport_fastrtps_cpp.dir/rosidl_typesupport_fastrtps_cpp/marker_interfacing/srv/detail/dds_fastrtps/edit_marker__type_support.cpp.o[0m
[77.664s] [ 66%] [32mBuilding CXX object CMakeFiles/marker_interfacing__rosidl_typesupport_fastrtps_cpp.dir/rosidl_typesupport_fastrtps_cpp/marker_interfacing/srv/detail/dds_fastrtps/insert_marker__type_support.cpp.o[0m
[78.333s] [ 67%] [32mBuilding CXX object CMakeFiles/marker_interfacing__rosidl_typesupport_fastrtps_cpp.dir/rosidl_typesupport_fastrtps_cpp/marker_interfacing/srv/detail/dds_fastrtps/plan_home_marker__type_support.cpp.o[0m
[79.071s] [ 67%] [32mBuilding CXX object CMakeFiles/marker_interfacing__rosidl_typesupport_fastrtps_cpp.dir/rosidl_typesupport_fastrtps_cpp/marker_interfacing/srv/detail/dds_fastrtps/publish_current_marker__type_support.cpp.o[0m
[79.905s] [ 68%] [32mBuilding CXX object CMakeFiles/marker_interfacing__rosidl_typesupport_fastrtps_cpp.dir/rosidl_typesupport_fastrtps_cpp/marker_interfacing/srv/detail/dds_fastrtps/remove_current_marker__type_support.cpp.o[0m
[80.790s] [ 69%] [32mBuilding CXX object CMakeFiles/marker_interfacing__rosidl_typesupport_fastrtps_cpp.dir/rosidl_typesupport_fastrtps_cpp/marker_interfacing/srv/detail/dds_fastrtps/remove_marker__type_support.cpp.o[0m
[81.405s] [ 70%] [32mBuilding CXX object CMakeFiles/marker_interfacing__rosidl_typesupport_fastrtps_cpp.dir/rosidl_typesupport_fastrtps_cpp/marker_interfacing/srv/detail/dds_fastrtps/reorder_marker__type_support.cpp.o[0m
[82.064s] [ 71%] [32mBuilding CXX object CMakeFiles/marker_interfacing__rosidl_typesupport_fastrtps_cpp.dir/rosidl_typesupport_fastrtps_cpp/marker_interfacing/srv/detail/dds_fastrtps/reorder_markers__type_support.cpp.o[0m
[82.759s] [ 72%] [32mBuilding CXX object CMakeFiles/marker_interfacing__rosidl_typesupport_fastrtps_cpp.dir/rosidl_typesupport_fastrtps_cpp/marker_interfacing/msg/detail/dds_fastrtps/geodetic_marker__type_support.cpp.o[0m
[83.346s] [ 72%] [32m[1mLinking CXX shared library libmarker_interfacing__rosidl_typesupport_fastrtps_cpp.so[0m
[83.488s] [ 72%] Built target marker_interfacing__rosidl_typesupport_fastrtps_cpp
[83.516s] [ 73%] [34m[1mGenerating C++ type support dispatch for ROS interfaces[0m
[85.416s] [ 74%] [32mBuilding CXX object CMakeFiles/marker_interfacing__rosidl_typesupport_cpp.dir/rosidl_typesupport_cpp/marker_interfacing/msg/enu_marker__type_support.cpp.o[0m
[85.825s] [ 75%] [32mBuilding CXX object CMakeFiles/marker_interfacing__rosidl_typesupport_cpp.dir/rosidl_typesupport_cpp/marker_interfacing/srv/add_marker__type_support.cpp.o[0m
[86.229s] [ 76%] [32mBuilding CXX object CMakeFiles/marker_interfacing__rosidl_typesupport_cpp.dir/rosidl_typesupport_cpp/marker_interfacing/srv/clear_markers__type_support.cpp.o[0m
[86.637s] [ 77%] [32mBuilding CXX object CMakeFiles/marker_interfacing__rosidl_typesupport_cpp.dir/rosidl_typesupport_cpp/marker_interfacing/srv/edit_marker__type_support.cpp.o[0m
[87.033s] [ 78%] [32mBuilding CXX object CMakeFiles/marker_interfacing__rosidl_typesupport_cpp.dir/rosidl_typesupport_cpp/marker_interfacing/srv/insert_marker__type_support.cpp.o[0m
[87.415s] [ 78%] [32mBuilding CXX object CMakeFiles/marker_interfacing__rosidl_typesupport_cpp.dir/rosidl_typesupport_cpp/marker_interfacing/srv/plan_home_marker__type_support.cpp.o[0m
[87.815s] [ 79%] [32mBuilding CXX object CMakeFiles/marker_interfacing__rosidl_typesupport_cpp.dir/rosidl_typesupport_cpp/marker_interfacing/srv/publish_current_marker__type_support.cpp.o[0m
[88.217s] [ 80%] [32mBuilding CXX object CMakeFiles/marker_interfacing__rosidl_typesupport_cpp.dir/rosidl_typesupport_cpp/marker_interfacing/srv/remove_current_marker__type_support.cpp.o[0m
[88.651s] [ 81%] [32mBuilding CXX object CMakeFiles/marker_interfacing__rosidl_typesupport_cpp.dir/rosidl_typesupport_cpp/marker_interfacing/srv/remove_marker__type_support.cpp.o[0m
[89.077s] [ 82%] [32mBuilding CXX object CMakeFiles/marker_interfacing__rosidl_typesupport_cpp.dir/rosidl_typesupport_cpp/marker_interfacing/srv/reorder_marker__type_support.cpp.o[0m
[89.464s] [ 82%] [32mBuilding CXX object CMakeFiles/marker_interfacing__rosidl_typesupport_cpp.dir/rosidl_typesupport_cpp/marker_interfacing/srv/reorder_markers__type_support.cpp.o[0m
[89.866s] [ 82%] [32mBuilding CXX object CMakeFiles/marker_interfacing__rosidl_typesupport_cpp.dir/rosidl_typesupport_cpp/marker_interfacing/msg/geodetic_marker_list__type_support.cpp.o[0m
[90.265s] [ 83%] [32mBuilding CXX object CMakeFiles/marker_interfacing__rosidl_typesupport_cpp.dir/rosidl_typesupport_cpp/marker_interfacing/msg/geodetic_marker__type_support.cpp.o[0m
[90.702s] [ 84%] [32m[1mLinking CXX shared library libmarker_interfacing__rosidl_typesupport_cpp.so[0m
[90.769s] [ 84%] Built target marker_interfacing__rosidl_typesupport_cpp
[90.798s] [ 84%] Built target marker_interfacing
[90.831s] [ 85%] [34m[1mGenerating Python code for ROS interfaces[0m
[96.581s] [ 85%] Built target marker_interfacing__py
[96.611s] [ 86%] [32mBuilding C object CMakeFiles/marker_interfacing__rosidl_generator_py.dir/rosidl_generator_py/marker_interfacing/msg/_enu_marker_s.c.o[0m
[96.779s] [ 87%] [32mBuilding C object CMakeFiles/marker_interfacing__rosidl_generator_py.dir/rosidl_generator_py/marker_interfacing/srv/_add_marker_s.c.o[0m
[96.955s] [ 88%] [32mBuilding C object CMakeFiles/marker_interfacing__rosidl_generator_py.dir/rosidl_generator_py/marker_interfacing/srv/_clear_markers_s.c.o[0m
[97.123s] [ 89%] [32mBuilding C object CMakeFiles/marker_interfacing__rosidl_generator_py.dir/rosidl_generator_py/marker_interfacing/srv/_edit_marker_s.c.o[0m
[97.293s] [ 89%] [32mBuilding C object CMakeFiles/marker_interfacing__rosidl_generator_py.dir/rosidl_generator_py/marker_interfacing/srv/_insert_marker_s.c.o[0m
[97.459s] [ 90%] [32mBuilding C object CMakeFiles/marker_interfacing__rosidl_generator_py.dir/rosidl_generator_py/marker_interfacing/srv/_plan_home_marker_s.c.o[0m
[97.620s] [ 91%] [32mBuilding C object CMakeFiles/marker_interfacing__rosidl_generator_py.dir/rosidl_generator_py/marker_interfacing/srv/_publish_current_marker_s.c.o[0m
[97.789s] [ 92%] [32mBuilding C object CMakeFiles/marker_interfacing__rosidl_generator_py.dir/rosidl_generator_py/marker_interfacing/srv/_remove_current_marker_s.c.o[0m
[97.944s] [ 93%] [32mBuilding C object CMakeFiles/marker_interfacing__rosidl_generator_py.dir/rosidl_generator_py/marker_interfacing/srv/_remove_marker_s.c.o[0m
[98.105s] [ 93%] [32mBuilding C object CMakeFiles/marker_interfacing__rosidl_generator_py.dir/rosidl_generator_py/marker_interfacing/srv/_reorder_marker_s.c.o[0m
[98.273s] [ 94%] [32mBuilding C object CMakeFiles/marker_interfacing__rosidl_generator_py.dir/rosidl_generator_py/marker_interfacing/srv/_reorder_markers_s.c.o[0m
[98.435s] [ 95%] [32mBuilding C object CMakeFiles/marker_interfacing__rosidl_generator_py.dir/rosidl_generator_py/marker_interfacing/msg/_geodetic_marker_list_s.c.o[0m
[98.592s] [ 95%] [32mBuilding C object CMakeFiles/marker_interfacing__rosidl_generator_py.dir/rosidl_generator_py/marker_interfacing/msg/_geodetic_marker_s.c.o[0m
[98.765s] [ 96%] [32m[1mLinking C shared library rosidl_generator_py/marker_interfacing/libmarker_interfacing__rosidl_generator_py.so[0m
[98.845s] [ 96%] Built target marker_interfacing__rosidl_generator_py
[98.875s] [ 97%] [32mBuilding C object CMakeFiles/marker_interfacing__rosidl_typesupport_fastrtps_c__pyext.dir/rosidl_generator_py/marker_interfacing/_marker_interfacing_s.ep.rosidl_typesupport_fastrtps_c.c.o[0m
[99.153s] [ 97%] [32m[1mLinking C shared library rosidl_generator_py/marker_interfacing/marker_interfacing_s__rosidl_typesupport_fastrtps_c.cpython-310-x86_64-linux-gnu.so[0m
[99.255s] [ 97%] Built target marker_interfacing__rosidl_typesupport_fastrtps_c__pyext
[99.291s] [ 98%] [32mBuilding C object CMakeFiles/marker_interfacing__rosidl_typesupport_c__pyext.dir/rosidl_generator_py/marker_interfacing/_marker_interfacing_s.ep.rosidl_typesupport_c.c.o[0m
[99.665s] [ 98%] [32m[1mLinking C shared library rosidl_generator_py/marker_interfacing/marker_interfacing_s__rosidl_typesupport_c.cpython-310-x86_64-linux-gnu.so[0m
[99.752s] [ 98%] Built target marker_interfacing__rosidl_typesupport_c__pyext
[99.785s] [ 99%] [32mBuilding C object CMakeFiles/marker_interfacing__rosidl_typesupport_introspection_c__pyext.dir/rosidl_generator_py/marker_interfacing/_marker_interfacing_s.ep.rosidl_typesupport_introspection_c.c.o[0m
[100.055s] [100%] [32m[1mLinking C shared library rosidl_generator_py/marker_interfacing/marker_interfacing_s__rosidl_typesupport_introspection_c.cpython-310-x86_64-linux-gnu.so[0m
[100.143s] [100%] Built target marker_interfacing__rosidl_typesupport_introspection_c__pyext
[100.181s] Invoked command in '/home/urc/new_GUI/build/marker_interfacing' returned '0': CMAKE_PREFIX_PATH=/opt/ros/humble /usr/bin/cmake --build /home/urc/new_GUI/build/marker_interfacing -- -j4 -l4
[100.620s] Invoking command in '/home/urc/new_GUI/build/marker_interfacing': CMAKE_PREFIX_PATH=/opt/ros/humble /usr/bin/cmake --install /home/urc/new_GUI/build/marker_interfacing
[100.631s] -- Install configuration: ""
[100.634s] -- Installing: /home/urc/new_GUI/install/marker_interfacing/share/ament_index/resource_index/rosidl_interfaces/marker_interfacing
[100.636s] -- Installing: /home/urc/new_GUI/install/marker_interfacing/include/marker_interfacing/marker_interfacing
[100.636s] -- Installing: /home/urc/new_GUI/install/marker_interfacing/include/marker_interfacing/marker_interfacing/msg
[100.637s] -- Installing: /home/urc/new_GUI/install/marker_interfacing/include/marker_interfacing/marker_interfacing/msg/geodetic_marker_list.h
[100.637s] -- Installing: /home/urc/new_GUI/install/marker_interfacing/include/marker_interfacing/marker_interfacing/msg/rosidl_generator_c__visibility_control.h
[100.637s] -- Installing: /home/urc/new_GUI/install/marker_interfacing/include/marker_interfacing/marker_interfacing/msg/detail
[100.637s] -- Installing: /home/urc/new_GUI/install/marker_interfacing/include/marker_interfacing/marker_interfacing/msg/detail/geodetic_marker_list__type_support.h
[100.637s] -- Installing: /home/urc/new_GUI/install/marker_interfacing/include/marker_interfacing/marker_interfacing/msg/detail/enu_marker__functions.h
[100.637s] -- Installing: /home/urc/new_GUI/install/marker_interfacing/include/marker_interfacing/marker_interfacing/msg/detail/enu_marker__type_support.h
[100.638s] -- Installing: /home/urc/new_GUI/install/marker_interfacing/include/marker_interfacing/marker_interfacing/msg/detail/geodetic_marker__type_support.h
[100.638s] -- Installing: /home/urc/new_GUI/install/marker_interfacing/include/marker_interfacing/marker_interfacing/msg/detail/geodetic_marker_list__functions.c
[100.638s] -- Installing: /home/urc/new_GUI/install/marker_interfacing/include/marker_interfacing/marker_interfacing/msg/detail/geodetic_marker__struct.h
[100.638s] -- Installing: /home/urc/new_GUI/install/marker_interfacing/include/marker_interfacing/marker_interfacing/msg/detail/enu_marker__struct.h
[100.638s] -- Installing: /home/urc/new_GUI/install/marker_interfacing/include/marker_interfacing/marker_interfacing/msg/detail/geodetic_marker__functions.c
[100.638s] -- Installing: /home/urc/new_GUI/install/marker_interfacing/include/marker_interfacing/marker_interfacing/msg/detail/geodetic_marker_list__struct.h
[100.639s] -- Installing: /home/urc/new_GUI/install/marker_interfacing/include/marker_interfacing/marker_interfacing/msg/detail/enu_marker__functions.c
[100.639s] -- Installing: /home/urc/new_GUI/install/marker_interfacing/include/marker_interfacing/marker_interfacing/msg/detail/geodetic_marker__functions.h
[100.639s] -- Installing: /home/urc/new_GUI/install/marker_interfacing/include/marker_interfacing/marker_interfacing/msg/detail/geodetic_marker_list__functions.h
[100.639s] -- Installing: /home/urc/new_GUI/install/marker_interfacing/include/marker_interfacing/marker_interfacing/msg/geodetic_marker.h
[100.639s] -- Installing: /home/urc/new_GUI/install/marker_interfacing/include/marker_interfacing/marker_interfacing/msg/enu_marker.h
[100.652s] -- Installing: /home/urc/new_GUI/install/marker_interfacing/include/marker_interfacing/marker_interfacing/srv
[100.652s] -- Installing: /home/urc/new_GUI/install/marker_interfacing/include/marker_interfacing/marker_interfacing/srv/publish_current_marker.h
[100.653s] -- Installing: /home/urc/new_GUI/install/marker_interfacing/include/marker_interfacing/marker_interfacing/srv/reorder_marker.h
[100.653s] -- Installing: /home/urc/new_GUI/install/marker_interfacing/include/marker_interfacing/marker_interfacing/srv/insert_marker.h
[100.653s] -- Installing: /home/urc/new_GUI/install/marker_interfacing/include/marker_interfacing/marker_interfacing/srv/reorder_markers.h
[100.653s] -- Installing: /home/urc/new_GUI/install/marker_interfacing/include/marker_interfacing/marker_interfacing/srv/remove_marker.h
[100.654s] -- Installing: /home/urc/new_GUI/install/marker_interfacing/include/marker_interfacing/marker_interfacing/srv/edit_marker.h
[100.654s] -- Installing: /home/urc/new_GUI/install/marker_interfacing/include/marker_interfacing/marker_interfacing/srv/detail
[100.654s] -- Installing: /home/urc/new_GUI/install/marker_interfacing/include/marker_interfacing/marker_interfacing/srv/detail/insert_marker__struct.h
[100.654s] -- Installing: /home/urc/new_GUI/install/marker_interfacing/include/marker_interfacing/marker_interfacing/srv/detail/remove_current_marker__struct.h
[100.655s] -- Installing: /home/urc/new_GUI/install/marker_interfacing/include/marker_interfacing/marker_interfacing/srv/detail/reorder_marker__type_support.h
[100.655s] -- Installing: /home/urc/new_GUI/install/marker_interfacing/include/marker_interfacing/marker_interfacing/srv/detail/publish_current_marker__struct.h
[100.655s] -- Installing: /home/urc/new_GUI/install/marker_interfacing/include/marker_interfacing/marker_interfacing/srv/detail/reorder_marker__functions.h
[100.656s] -- Installing: /home/urc/new_GUI/install/marker_interfacing/include/marker_interfacing/marker_interfacing/srv/detail/insert_marker__functions.c
[100.656s] -- Installing: /home/urc/new_GUI/install/marker_interfacing/include/marker_interfacing/marker_interfacing/srv/detail/remove_current_marker__functions.c
[100.656s] -- Installing: /home/urc/new_GUI/install/marker_interfacing/include/marker_interfacing/marker_interfacing/srv/detail/clear_markers__functions.c
[100.656s] -- Installing: /home/urc/new_GUI/install/marker_interfacing/include/marker_interfacing/marker_interfacing/srv/detail/plan_home_marker__functions.h
[100.657s] -- Installing: /home/urc/new_GUI/install/marker_interfacing/include/marker_interfacing/marker_interfacing/srv/detail/remove_marker__functions.c
[100.657s] -- Installing: /home/urc/new_GUI/install/marker_interfacing/include/marker_interfacing/marker_interfacing/srv/detail/clear_markers__functions.h
[100.657s] -- Installing: /home/urc/new_GUI/install/marker_interfacing/include/marker_interfacing/marker_interfacing/srv/detail/edit_marker__type_support.h
[100.658s] -- Installing: /home/urc/new_GUI/install/marker_interfacing/include/marker_interfacing/marker_interfacing/srv/detail/reorder_marker__functions.c
[100.658s] -- Installing: /home/urc/new_GUI/install/marker_interfacing/include/marker_interfacing/marker_interfacing/srv/detail/clear_markers__type_support.h
[100.658s] -- Installing: /home/urc/new_GUI/install/marker_interfacing/include/marker_interfacing/marker_interfacing/srv/detail/edit_marker__functions.h
[100.658s] -- Installing: /home/urc/new_GUI/install/marker_interfacing/include/marker_interfacing/marker_interfacing/srv/detail/publish_current_marker__type_support.h
[100.658s] -- Installing: /home/urc/new_GUI/install/marker_interfacing/include/marker_interfacing/marker_interfacing/srv/detail/reorder_marker__struct.h
[100.659s] -- Installing: /home/urc/new_GUI/install/marker_interfacing/include/marker_interfacing/marker_interfacing/srv/detail/reorder_markers__functions.h
[100.659s] -- Installing: /home/urc/new_GUI/install/marker_interfacing/include/marker_interfacing/marker_interfacing/srv/detail/remove_marker__type_support.h
[100.659s] -- Installing: /home/urc/new_GUI/install/marker_interfacing/include/marker_interfacing/marker_interfacing/srv/detail/add_marker__functions.h
[100.660s] -- Installing: /home/urc/new_GUI/install/marker_interfacing/include/marker_interfacing/marker_interfacing/srv/detail/plan_home_marker__struct.h
[100.660s] -- Installing: /home/urc/new_GUI/install/marker_interfacing/include/marker_interfacing/marker_interfacing/srv/detail/insert_marker__type_support.h
[100.660s] -- Installing: /home/urc/new_GUI/install/marker_interfacing/include/marker_interfacing/marker_interfacing/srv/detail/add_marker__struct.h
[100.660s] -- Installing: /home/urc/new_GUI/install/marker_interfacing/include/marker_interfacing/marker_interfacing/srv/detail/reorder_markers__type_support.h
[100.661s] -- Installing: /home/urc/new_GUI/install/marker_interfacing/include/marker_interfacing/marker_interfacing/srv/detail/remove_current_marker__type_support.h
[100.661s] -- Installing: /home/urc/new_GUI/install/marker_interfacing/include/marker_interfacing/marker_interfacing/srv/detail/clear_markers__struct.h
[100.661s] -- Installing: /home/urc/new_GUI/install/marker_interfacing/include/marker_interfacing/marker_interfacing/srv/detail/edit_marker__struct.h
[100.661s] -- Installing: /home/urc/new_GUI/install/marker_interfacing/include/marker_interfacing/marker_interfacing/srv/detail/publish_current_marker__functions.h
[100.661s] -- Installing: /home/urc/new_GUI/install/marker_interfacing/include/marker_interfacing/marker_interfacing/srv/detail/remove_marker__struct.h
[100.662s] -- Installing: /home/urc/new_GUI/install/marker_interfacing/include/marker_interfacing/marker_interfacing/srv/detail/insert_marker__functions.h
[100.662s] -- Installing: /home/urc/new_GUI/install/marker_interfacing/include/marker_interfacing/marker_interfacing/srv/detail/reorder_markers__functions.c
[100.662s] -- Installing: /home/urc/new_GUI/install/marker_interfacing/include/marker_interfacing/marker_interfacing/srv/detail/reorder_markers__struct.h
[100.662s] -- Installing: /home/urc/new_GUI/install/marker_interfacing/include/marker_interfacing/marker_interfacing/srv/detail/add_marker__type_support.h
[100.662s] -- Installing: /home/urc/new_GUI/install/marker_interfacing/include/marker_interfacing/marker_interfacing/srv/detail/plan_home_marker__functions.c
[100.663s] -- Installing: /home/urc/new_GUI/install/marker_interfacing/include/marker_interfacing/marker_interfacing/srv/detail/add_marker__functions.c
[100.663s] -- Installing: /home/urc/new_GUI/install/marker_interfacing/include/marker_interfacing/marker_interfacing/srv/detail/publish_current_marker__functions.c
[100.664s] -- Installing: /home/urc/new_GUI/install/marker_interfacing/include/marker_interfacing/marker_interfacing/srv/detail/remove_current_marker__functions.h
[100.665s] -- Installing: /home/urc/new_GUI/install/marker_interfacing/include/marker_interfacing/marker_interfacing/srv/detail/edit_marker__functions.c
[100.665s] -- Installing: /home/urc/new_GUI/install/marker_interfacing/include/marker_interfacing/marker_interfacing/srv/detail/plan_home_marker__type_support.h
[100.666s] -- Installing: /home/urc/new_GUI/install/marker_interfacing/include/marker_interfacing/marker_interfacing/srv/detail/remove_marker__functions.h
[100.667s] -- Installing: /home/urc/new_GUI/install/marker_interfacing/include/marker_interfacing/marker_interfacing/srv/add_marker.h
[100.668s] -- Installing: /home/urc/new_GUI/install/marker_interfacing/include/marker_interfacing/marker_interfacing/srv/clear_markers.h
[100.668s] -- Installing: /home/urc/new_GUI/install/marker_interfacing/include/marker_interfacing/marker_interfacing/srv/plan_home_marker.h
[100.668s] -- Installing: /home/urc/new_GUI/install/marker_interfacing/include/marker_interfacing/marker_interfacing/srv/remove_current_marker.h
[100.668s] -- Installing: /home/urc/new_GUI/install/marker_interfacing/share/marker_interfacing/environment/library_path.sh
[100.668s] -- Installing: /home/urc/new_GUI/install/marker_interfacing/share/marker_interfacing/environment/library_path.dsv
[100.668s] -- Installing: /home/urc/new_GUI/install/marker_interfacing/lib/libmarker_interfacing__rosidl_generator_c.so
[100.669s] -- Set runtime path of "/home/urc/new_GUI/install/marker_interfacing/lib/libmarker_interfacing__rosidl_generator_c.so" to ""
[100.669s] -- Up-to-date: /home/urc/new_GUI/install/marker_interfacing/include/marker_interfacing/marker_interfacing
[100.669s] -- Up-to-date: /home/urc/new_GUI/install/marker_interfacing/include/marker_interfacing/marker_interfacing/msg
[100.669s] -- Installing: /home/urc/new_GUI/install/marker_interfacing/include/marker_interfacing/marker_interfacing/msg/rosidl_typesupport_fastrtps_c__visibility_control.h
[100.669s] -- Up-to-date: /home/urc/new_GUI/install/marker_interfacing/include/marker_interfacing/marker_interfacing/msg/detail
[100.669s] -- Installing: /home/urc/new_GUI/install/marker_interfacing/include/marker_interfacing/marker_interfacing/msg/detail/geodetic_marker_list__rosidl_typesupport_fastrtps_c.h
[100.669s] -- Installing: /home/urc/new_GUI/install/marker_interfacing/include/marker_interfacing/marker_interfacing/msg/detail/enu_marker__rosidl_typesupport_fastrtps_c.h
[100.670s] -- Installing: /home/urc/new_GUI/install/marker_interfacing/include/marker_interfacing/marker_interfacing/msg/detail/geodetic_marker__rosidl_typesupport_fastrtps_c.h
[100.670s] -- Up-to-date: /home/urc/new_GUI/install/marker_interfacing/include/marker_interfacing/marker_interfacing/srv
[100.670s] -- Up-to-date: /home/urc/new_GUI/install/marker_interfacing/include/marker_interfacing/marker_interfacing/srv/detail
[100.673s] -- Installing: /home/urc/new_GUI/install/marker_interfacing/include/marker_interfacing/marker_interfacing/srv/detail/edit_marker__rosidl_typesupport_fastrtps_c.h
[100.674s] -- Installing: /home/urc/new_GUI/install/marker_interfacing/include/marker_interfacing/marker_interfacing/srv/detail/insert_marker__rosidl_typesupport_fastrtps_c.h
[100.675s] -- Installing: /home/urc/new_GUI/install/marker_interfacing/include/marker_interfacing/marker_interfacing/srv/detail/plan_home_marker__rosidl_typesupport_fastrtps_c.h
[100.676s] -- Installing: /home/urc/new_GUI/install/marker_interfacing/include/marker_interfacing/marker_interfacing/srv/detail/publish_current_marker__rosidl_typesupport_fastrtps_c.h
[100.676s] -- Installing: /home/urc/new_GUI/install/marker_interfacing/include/marker_interfacing/marker_interfacing/srv/detail/remove_marker__rosidl_typesupport_fastrtps_c.h
[100.676s] -- Installing: /home/urc/new_GUI/install/marker_interfacing/include/marker_interfacing/marker_interfacing/srv/detail/clear_markers__rosidl_typesupport_fastrtps_c.h
[100.676s] -- Installing: /home/urc/new_GUI/install/marker_interfacing/include/marker_interfacing/marker_interfacing/srv/detail/remove_current_marker__rosidl_typesupport_fastrtps_c.h
[100.677s] -- Installing: /home/urc/new_GUI/install/marker_interfacing/include/marker_interfacing/marker_interfacing/srv/detail/add_marker__rosidl_typesupport_fastrtps_c.h
[100.677s] -- Installing: /home/urc/new_GUI/install/marker_interfacing/include/marker_interfacing/marker_interfacing/srv/detail/reorder_markers__rosidl_typesupport_fastrtps_c.h
[100.678s] -- Installing: /home/urc/new_GUI/install/marker_interfacing/include/marker_interfacing/marker_interfacing/srv/detail/reorder_marker__rosidl_typesupport_fastrtps_c.h
[100.679s] -- Installing: /home/urc/new_GUI/install/marker_interfacing/lib/libmarker_interfacing__rosidl_typesupport_fastrtps_c.so
[100.684s] -- Set runtime path of "/home/urc/new_GUI/install/marker_interfacing/lib/libmarker_interfacing__rosidl_typesupport_fastrtps_c.so" to ""
[100.684s] -- Up-to-date: /home/urc/new_GUI/install/marker_interfacing/include/marker_interfacing/marker_interfacing
[100.684s] -- Up-to-date: /home/urc/new_GUI/install/marker_interfacing/include/marker_interfacing/marker_interfacing/msg
[100.684s] -- Installing: /home/urc/new_GUI/install/marker_interfacing/include/marker_interfacing/marker_interfacing/msg/rosidl_typesupport_introspection_c__visibility_control.h
[100.685s] -- Up-to-date: /home/urc/new_GUI/install/marker_interfacing/include/marker_interfacing/marker_interfacing/msg/detail
[100.685s] -- Installing: /home/urc/new_GUI/install/marker_interfacing/include/marker_interfacing/marker_interfacing/msg/detail/geodetic_marker__type_support.c
[100.685s] -- Installing: /home/urc/new_GUI/install/marker_interfacing/include/marker_interfacing/marker_interfacing/msg/detail/enu_marker__rosidl_typesupport_introspection_c.h
[100.685s] -- Installing: /home/urc/new_GUI/install/marker_interfacing/include/marker_interfacing/marker_interfacing/msg/detail/geodetic_marker__rosidl_typesupport_introspection_c.h
[100.685s] -- Installing: /home/urc/new_GUI/install/marker_interfacing/include/marker_interfacing/marker_interfacing/msg/detail/enu_marker__type_support.c
[100.685s] -- Installing: /home/urc/new_GUI/install/marker_interfacing/include/marker_interfacing/marker_interfacing/msg/detail/geodetic_marker_list__rosidl_typesupport_introspection_c.h
[100.685s] -- Installing: /home/urc/new_GUI/install/marker_interfacing/include/marker_interfacing/marker_interfacing/msg/detail/geodetic_marker_list__type_support.c
[100.685s] -- Up-to-date: /home/urc/new_GUI/install/marker_interfacing/include/marker_interfacing/marker_interfacing/srv
[100.686s] -- Up-to-date: /home/urc/new_GUI/install/marker_interfacing/include/marker_interfacing/marker_interfacing/srv/detail
[100.687s] -- Installing: /home/urc/new_GUI/install/marker_interfacing/include/marker_interfacing/marker_interfacing/srv/detail/reorder_marker__type_support.c
[100.687s] -- Installing: /home/urc/new_GUI/install/marker_interfacing/include/marker_interfacing/marker_interfacing/srv/detail/reorder_markers__type_support.c
[100.687s] -- Installing: /home/urc/new_GUI/install/marker_interfacing/include/marker_interfacing/marker_interfacing/srv/detail/insert_marker__type_support.c
[100.687s] -- Installing: /home/urc/new_GUI/install/marker_interfacing/include/marker_interfacing/marker_interfacing/srv/detail/edit_marker__rosidl_typesupport_introspection_c.h
[100.687s] -- Installing: /home/urc/new_GUI/install/marker_interfacing/include/marker_interfacing/marker_interfacing/srv/detail/reorder_markers__rosidl_typesupport_introspection_c.h
[100.687s] -- Installing: /home/urc/new_GUI/install/marker_interfacing/include/marker_interfacing/marker_interfacing/srv/detail/plan_home_marker__rosidl_typesupport_introspection_c.h
[100.688s] -- Installing: /home/urc/new_GUI/install/marker_interfacing/include/marker_interfacing/marker_interfacing/srv/detail/publish_current_marker__type_support.c
[100.688s] -- Installing: /home/urc/new_GUI/install/marker_interfacing/include/marker_interfacing/marker_interfacing/srv/detail/remove_current_marker__type_support.c
[100.688s] -- Installing: /home/urc/new_GUI/install/marker_interfacing/include/marker_interfacing/marker_interfacing/srv/detail/clear_markers__rosidl_typesupport_introspection_c.h
[100.688s] -- Installing: /home/urc/new_GUI/install/marker_interfacing/include/marker_interfacing/marker_interfacing/srv/detail/publish_current_marker__rosidl_typesupport_introspection_c.h
[100.688s] -- Installing: /home/urc/new_GUI/install/marker_interfacing/include/marker_interfacing/marker_interfacing/srv/detail/reorder_marker__rosidl_typesupport_introspection_c.h
[100.688s] -- Installing: /home/urc/new_GUI/install/marker_interfacing/include/marker_interfacing/marker_interfacing/srv/detail/insert_marker__rosidl_typesupport_introspection_c.h
[100.688s] -- Installing: /home/urc/new_GUI/install/marker_interfacing/include/marker_interfacing/marker_interfacing/srv/detail/add_marker__type_support.c
[100.688s] -- Installing: /home/urc/new_GUI/install/marker_interfacing/include/marker_interfacing/marker_interfacing/srv/detail/edit_marker__type_support.c
[100.688s] -- Installing: /home/urc/new_GUI/install/marker_interfacing/include/marker_interfacing/marker_interfacing/srv/detail/clear_markers__type_support.c
[100.689s] -- Installing: /home/urc/new_GUI/install/marker_interfacing/include/marker_interfacing/marker_interfacing/srv/detail/remove_marker__rosidl_typesupport_introspection_c.h
[100.689s] -- Installing: /home/urc/new_GUI/install/marker_interfacing/include/marker_interfacing/marker_interfacing/srv/detail/plan_home_marker__type_support.c
[100.689s] -- Installing: /home/urc/new_GUI/install/marker_interfacing/include/marker_interfacing/marker_interfacing/srv/detail/add_marker__rosidl_typesupport_introspection_c.h
[100.689s] -- Installing: /home/urc/new_GUI/install/marker_interfacing/include/marker_interfacing/marker_interfacing/srv/detail/remove_marker__type_support.c
[100.689s] -- Installing: /home/urc/new_GUI/install/marker_interfacing/include/marker_interfacing/marker_interfacing/srv/detail/remove_current_marker__rosidl_typesupport_introspection_c.h
[100.689s] -- Installing: /home/urc/new_GUI/install/marker_interfacing/lib/libmarker_interfacing__rosidl_typesupport_introspection_c.so
[100.689s] -- Set runtime path of "/home/urc/new_GUI/install/marker_interfacing/lib/libmarker_interfacing__rosidl_typesupport_introspection_c.so" to ""
[100.689s] -- Installing: /home/urc/new_GUI/install/marker_interfacing/lib/libmarker_interfacing__rosidl_typesupport_c.so
[100.689s] -- Set runtime path of "/home/urc/new_GUI/install/marker_interfacing/lib/libmarker_interfacing__rosidl_typesupport_c.so" to ""
[100.689s] -- Up-to-date: /home/urc/new_GUI/install/marker_interfacing/include/marker_interfacing/marker_interfacing
[100.690s] -- Up-to-date: /home/urc/new_GUI/install/marker_interfacing/include/marker_interfacing/marker_interfacing/msg
[100.690s] -- Installing: /home/urc/new_GUI/install/marker_interfacing/include/marker_interfacing/marker_interfacing/msg/enu_marker.hpp
[100.690s] -- Installing: /home/urc/new_GUI/install/marker_interfacing/include/marker_interfacing/marker_interfacing/msg/geodetic_marker_list.hpp
[100.690s] -- Up-to-date: /home/urc/new_GUI/install/marker_interfacing/include/marker_interfacing/marker_interfacing/msg/detail
[100.690s] -- Installing: /home/urc/new_GUI/install/marker_interfacing/include/marker_interfacing/marker_interfacing/msg/detail/geodetic_marker_list__traits.hpp
[100.690s] -- Installing: /home/urc/new_GUI/install/marker_interfacing/include/marker_interfacing/marker_interfacing/msg/detail/geodetic_marker_list__struct.hpp
[100.690s] -- Installing: /home/urc/new_GUI/install/marker_interfacing/include/marker_interfacing/marker_interfacing/msg/detail/enu_marker__traits.hpp
[100.690s] -- Installing: /home/urc/new_GUI/install/marker_interfacing/include/marker_interfacing/marker_interfacing/msg/detail/geodetic_marker__struct.hpp
[100.690s] -- Installing: /home/urc/new_GUI/install/marker_interfacing/include/marker_interfacing/marker_interfacing/msg/detail/enu_marker__builder.hpp
[100.690s] -- Installing: /home/urc/new_GUI/install/marker_interfacing/include/marker_interfacing/marker_interfacing/msg/detail/geodetic_marker__builder.hpp
[100.691s] -- Installing: /home/urc/new_GUI/install/marker_interfacing/include/marker_interfacing/marker_interfacing/msg/detail/geodetic_marker_list__builder.hpp
[100.691s] -- Installing: /home/urc/new_GUI/install/marker_interfacing/include/marker_interfacing/marker_interfacing/msg/detail/enu_marker__struct.hpp
[100.691s] -- Installing: /home/urc/new_GUI/install/marker_interfacing/include/marker_interfacing/marker_interfacing/msg/detail/geodetic_marker__traits.hpp
[100.691s] -- Installing: /home/urc/new_GUI/install/marker_interfacing/include/marker_interfacing/marker_interfacing/msg/geodetic_marker.hpp
[100.704s] -- Up-to-date: /home/urc/new_GUI/install/marker_interfacing/include/marker_interfacing/marker_interfacing/srv
[100.704s] -- Installing: /home/urc/new_GUI/install/marker_interfacing/include/marker_interfacing/marker_interfacing/srv/insert_marker.hpp
[100.704s] -- Installing: /home/urc/new_GUI/install/marker_interfacing/include/marker_interfacing/marker_interfacing/srv/edit_marker.hpp
[100.704s] -- Installing: /home/urc/new_GUI/install/marker_interfacing/include/marker_interfacing/marker_interfacing/srv/remove_marker.hpp
[100.704s] -- Installing: /home/urc/new_GUI/install/marker_interfacing/include/marker_interfacing/marker_interfacing/srv/plan_home_marker.hpp
[100.704s] -- Installing: /home/urc/new_GUI/install/marker_interfacing/include/marker_interfacing/marker_interfacing/srv/reorder_markers.hpp
[100.704s] -- Installing: /home/urc/new_GUI/install/marker_interfacing/include/marker_interfacing/marker_interfacing/srv/publish_current_marker.hpp
[100.705s] -- Installing: /home/urc/new_GUI/install/marker_interfacing/include/marker_interfacing/marker_interfacing/srv/reorder_marker.hpp
[100.705s] -- Installing: /home/urc/new_GUI/install/marker_interfacing/include/marker_interfacing/marker_interfacing/srv/remove_current_marker.hpp
[100.705s] -- Up-to-date: /home/urc/new_GUI/install/marker_interfacing/include/marker_interfacing/marker_interfacing/srv/detail
[100.705s] -- Installing: /home/urc/new_GUI/install/marker_interfacing/include/marker_interfacing/marker_interfacing/srv/detail/insert_marker__traits.hpp
[100.705s] -- Installing: /home/urc/new_GUI/install/marker_interfacing/include/marker_interfacing/marker_interfacing/srv/detail/remove_marker__builder.hpp
[100.706s] -- Installing: /home/urc/new_GUI/install/marker_interfacing/include/marker_interfacing/marker_interfacing/srv/detail/remove_current_marker__traits.hpp
[100.706s] -- Installing: /home/urc/new_GUI/install/marker_interfacing/include/marker_interfacing/marker_interfacing/srv/detail/reorder_marker__struct.hpp
[100.706s] -- Installing: /home/urc/new_GUI/install/marker_interfacing/include/marker_interfacing/marker_interfacing/srv/detail/remove_current_marker__struct.hpp
[100.706s] -- Installing: /home/urc/new_GUI/install/marker_interfacing/include/marker_interfacing/marker_interfacing/srv/detail/remove_marker__struct.hpp
[100.706s] -- Installing: /home/urc/new_GUI/install/marker_interfacing/include/marker_interfacing/marker_interfacing/srv/detail/reorder_markers__builder.hpp
[100.706s] -- Installing: /home/urc/new_GUI/install/marker_interfacing/include/marker_interfacing/marker_interfacing/srv/detail/edit_marker__struct.hpp
[100.706s] -- Installing: /home/urc/new_GUI/install/marker_interfacing/include/marker_interfacing/marker_interfacing/srv/detail/publish_current_marker__struct.hpp
[100.707s] -- Installing: /home/urc/new_GUI/install/marker_interfacing/include/marker_interfacing/marker_interfacing/srv/detail/add_marker__traits.hpp
[100.707s] -- Installing: /home/urc/new_GUI/install/marker_interfacing/include/marker_interfacing/marker_interfacing/srv/detail/add_marker__builder.hpp
[100.707s] -- Installing: /home/urc/new_GUI/install/marker_interfacing/include/marker_interfacing/marker_interfacing/srv/detail/edit_marker__traits.hpp
[100.707s] -- Installing: /home/urc/new_GUI/install/marker_interfacing/include/marker_interfacing/marker_interfacing/srv/detail/edit_marker__builder.hpp
[100.707s] -- Installing: /home/urc/new_GUI/install/marker_interfacing/include/marker_interfacing/marker_interfacing/srv/detail/clear_markers__traits.hpp
[100.707s] -- Installing: /home/urc/new_GUI/install/marker_interfacing/include/marker_interfacing/marker_interfacing/srv/detail/publish_current_marker__traits.hpp
[100.708s] -- Installing: /home/urc/new_GUI/install/marker_interfacing/include/marker_interfacing/marker_interfacing/srv/detail/clear_markers__builder.hpp
[100.708s] -- Installing: /home/urc/new_GUI/install/marker_interfacing/include/marker_interfacing/marker_interfacing/srv/detail/plan_home_marker__builder.hpp
[100.708s] -- Installing: /home/urc/new_GUI/install/marker_interfacing/include/marker_interfacing/marker_interfacing/srv/detail/reorder_markers__struct.hpp
[100.708s] -- Installing: /home/urc/new_GUI/install/marker_interfacing/include/marker_interfacing/marker_interfacing/srv/detail/reorder_markers__traits.hpp
[100.708s] -- Installing: /home/urc/new_GUI/install/marker_interfacing/include/marker_interfacing/marker_interfacing/srv/detail/insert_marker__builder.hpp
[100.708s] -- Installing: /home/urc/new_GUI/install/marker_interfacing/include/marker_interfacing/marker_interfacing/srv/detail/remove_current_marker__builder.hpp
[100.708s] -- Installing: /home/urc/new_GUI/install/marker_interfacing/include/marker_interfacing/marker_interfacing/srv/detail/publish_current_marker__builder.hpp
[100.709s] -- Installing: /home/urc/new_GUI/install/marker_interfacing/include/marker_interfacing/marker_interfacing/srv/detail/insert_marker__struct.hpp
[100.709s] -- Installing: /home/urc/new_GUI/install/marker_interfacing/include/marker_interfacing/marker_interfacing/srv/detail/plan_home_marker__struct.hpp
[100.709s] -- Installing: /home/urc/new_GUI/install/marker_interfacing/include/marker_interfacing/marker_interfacing/srv/detail/clear_markers__struct.hpp
[100.709s] -- Installing: /home/urc/new_GUI/install/marker_interfacing/include/marker_interfacing/marker_interfacing/srv/detail/add_marker__struct.hpp
[100.709s] -- Installing: /home/urc/new_GUI/install/marker_interfacing/include/marker_interfacing/marker_interfacing/srv/detail/plan_home_marker__traits.hpp
[100.709s] -- Installing: /home/urc/new_GUI/install/marker_interfacing/include/marker_interfacing/marker_interfacing/srv/detail/reorder_marker__builder.hpp
[100.709s] -- Installing: /home/urc/new_GUI/install/marker_interfacing/include/marker_interfacing/marker_interfacing/srv/detail/remove_marker__traits.hpp
[100.710s] -- Installing: /home/urc/new_GUI/install/marker_interfacing/include/marker_interfacing/marker_interfacing/srv/detail/reorder_marker__traits.hpp
[100.710s] -- Installing: /home/urc/new_GUI/install/marker_interfacing/include/marker_interfacing/marker_interfacing/srv/add_marker.hpp
[100.710s] -- Installing: /home/urc/new_GUI/install/marker_interfacing/include/marker_interfacing/marker_interfacing/srv/clear_markers.hpp
[100.710s] -- Up-to-date: /home/urc/new_GUI/install/marker_interfacing/include/marker_interfacing/marker_interfacing
[100.710s] -- Up-to-date: /home/urc/new_GUI/install/marker_interfacing/include/marker_interfacing/marker_interfacing/msg
[100.710s] -- Installing: /home/urc/new_GUI/install/marker_interfacing/include/marker_interfacing/marker_interfacing/msg/rosidl_typesupport_fastrtps_cpp__visibility_control.h
[100.710s] -- Up-to-date: /home/urc/new_GUI/install/marker_interfacing/include/marker_interfacing/marker_interfacing/msg/detail
[100.711s] -- Installing: /home/urc/new_GUI/install/marker_interfacing/include/marker_interfacing/marker_interfacing/msg/detail/geodetic_marker__rosidl_typesupport_fastrtps_cpp.hpp
[100.711s] -- Installing: /home/urc/new_GUI/install/marker_interfacing/include/marker_interfacing/marker_interfacing/msg/detail/geodetic_marker_list__rosidl_typesupport_fastrtps_cpp.hpp
[100.711s] -- Installing: /home/urc/new_GUI/install/marker_interfacing/include/marker_interfacing/marker_interfacing/msg/detail/dds_fastrtps
[100.711s] -- Installing: /home/urc/new_GUI/install/marker_interfacing/include/marker_interfacing/marker_interfacing/msg/detail/enu_marker__rosidl_typesupport_fastrtps_cpp.hpp
[100.711s] -- Up-to-date: /home/urc/new_GUI/install/marker_interfacing/include/marker_interfacing/marker_interfacing/srv
[100.711s] -- Up-to-date: /home/urc/new_GUI/install/marker_interfacing/include/marker_interfacing/marker_interfacing/srv/detail
[100.711s] -- Installing: /home/urc/new_GUI/install/marker_interfacing/include/marker_interfacing/marker_interfacing/srv/detail/reorder_marker__rosidl_typesupport_fastrtps_cpp.hpp
[100.712s] -- Installing: /home/urc/new_GUI/install/marker_interfacing/include/marker_interfacing/marker_interfacing/srv/detail/remove_marker__rosidl_typesupport_fastrtps_cpp.hpp
[100.712s] -- Installing: /home/urc/new_GUI/install/marker_interfacing/include/marker_interfacing/marker_interfacing/srv/detail/remove_current_marker__rosidl_typesupport_fastrtps_cpp.hpp
[100.712s] -- Installing: /home/urc/new_GUI/install/marker_interfacing/include/marker_interfacing/marker_interfacing/srv/detail/add_marker__rosidl_typesupport_fastrtps_cpp.hpp
[100.712s] -- Installing: /home/urc/new_GUI/install/marker_interfacing/include/marker_interfacing/marker_interfacing/srv/detail/publish_current_marker__rosidl_typesupport_fastrtps_cpp.hpp
[100.712s] -- Installing: /home/urc/new_GUI/install/marker_interfacing/include/marker_interfacing/marker_interfacing/srv/detail/insert_marker__rosidl_typesupport_fastrtps_cpp.hpp
[100.712s] -- Installing: /home/urc/new_GUI/install/marker_interfacing/include/marker_interfacing/marker_interfacing/srv/detail/reorder_markers__rosidl_typesupport_fastrtps_cpp.hpp
[100.712s] -- Installing: /home/urc/new_GUI/install/marker_interfacing/include/marker_interfacing/marker_interfacing/srv/detail/clear_markers__rosidl_typesupport_fastrtps_cpp.hpp
[100.713s] -- Installing: /home/urc/new_GUI/install/marker_interfacing/include/marker_interfacing/marker_interfacing/srv/detail/dds_fastrtps
[100.713s] -- Installing: /home/urc/new_GUI/install/marker_interfacing/include/marker_interfacing/marker_interfacing/srv/detail/edit_marker__rosidl_typesupport_fastrtps_cpp.hpp
[100.713s] -- Installing: /home/urc/new_GUI/install/marker_interfacing/include/marker_interfacing/marker_interfacing/srv/detail/plan_home_marker__rosidl_typesupport_fastrtps_cpp.hpp
[100.713s] -- Installing: /home/urc/new_GUI/install/marker_interfacing/lib/libmarker_interfacing__rosidl_typesupport_fastrtps_cpp.so
[100.713s] -- Set runtime path of "/home/urc/new_GUI/install/marker_interfacing/lib/libmarker_interfacing__rosidl_typesupport_fastrtps_cpp.so" to ""
[100.713s] -- Up-to-date: /home/urc/new_GUI/install/marker_interfacing/include/marker_interfacing/marker_interfacing
[100.713s] -- Up-to-date: /home/urc/new_GUI/install/marker_interfacing/include/marker_interfacing/marker_interfacing/msg
[100.714s] -- Up-to-date: /home/urc/new_GUI/install/marker_interfacing/include/marker_interfacing/marker_interfacing/msg/detail
[100.714s] -- Installing: /home/urc/new_GUI/install/marker_interfacing/include/marker_interfacing/marker_interfacing/msg/detail/geodetic_marker_list__type_support.cpp
[100.714s] -- Installing: /home/urc/new_GUI/install/marker_interfacing/include/marker_interfacing/marker_interfacing/msg/detail/geodetic_marker__type_support.cpp
[100.714s] -- Installing: /home/urc/new_GUI/install/marker_interfacing/include/marker_interfacing/marker_interfacing/msg/detail/geodetic_marker__rosidl_typesupport_introspection_cpp.hpp
[100.714s] -- Installing: /home/urc/new_GUI/install/marker_interfacing/include/marker_interfacing/marker_interfacing/msg/detail/enu_marker__rosidl_typesupport_introspection_cpp.hpp
[100.714s] -- Installing: /home/urc/new_GUI/install/marker_interfacing/include/marker_interfacing/marker_interfacing/msg/detail/enu_marker__type_support.cpp
[100.714s] -- Installing: /home/urc/new_GUI/install/marker_interfacing/include/marker_interfacing/marker_interfacing/msg/detail/geodetic_marker_list__rosidl_typesupport_introspection_cpp.hpp
[100.715s] -- Up-to-date: /home/urc/new_GUI/install/marker_interfacing/include/marker_interfacing/marker_interfacing/srv
[100.715s] -- Up-to-date: /home/urc/new_GUI/install/marker_interfacing/include/marker_interfacing/marker_interfacing/srv/detail
[100.715s] -- Installing: /home/urc/new_GUI/install/marker_interfacing/include/marker_interfacing/marker_interfacing/srv/detail/reorder_marker__type_support.cpp
[100.715s] -- Installing: /home/urc/new_GUI/install/marker_interfacing/include/marker_interfacing/marker_interfacing/srv/detail/reorder_marker__rosidl_typesupport_introspection_cpp.hpp
[100.715s] -- Installing: /home/urc/new_GUI/install/marker_interfacing/include/marker_interfacing/marker_interfacing/srv/detail/remove_current_marker__rosidl_typesupport_introspection_cpp.hpp
[100.721s] -- Installing: /home/urc/new_GUI/install/marker_interfacing/include/marker_interfacing/marker_interfacing/srv/detail/reorder_markers__rosidl_typesupport_introspection_cpp.hpp
[100.725s] -- Installing: /home/urc/new_GUI/install/marker_interfacing/include/marker_interfacing/marker_interfacing/srv/detail/clear_markers__rosidl_typesupport_introspection_cpp.hpp
[100.725s] -- Installing: /home/urc/new_GUI/install/marker_interfacing/include/marker_interfacing/marker_interfacing/srv/detail/add_marker__rosidl_typesupport_introspection_cpp.hpp
[100.725s] -- Installing: /home/urc/new_GUI/install/marker_interfacing/include/marker_interfacing/marker_interfacing/srv/detail/insert_marker__rosidl_typesupport_introspection_cpp.hpp
[100.725s] -- Installing: /home/urc/new_GUI/install/marker_interfacing/include/marker_interfacing/marker_interfacing/srv/detail/edit_marker__rosidl_typesupport_introspection_cpp.hpp
[100.725s] -- Installing: /home/urc/new_GUI/install/marker_interfacing/include/marker_interfacing/marker_interfacing/srv/detail/clear_markers__type_support.cpp
[100.726s] -- Installing: /home/urc/new_GUI/install/marker_interfacing/include/marker_interfacing/marker_interfacing/srv/detail/insert_marker__type_support.cpp
[100.726s] -- Installing: /home/urc/new_GUI/install/marker_interfacing/include/marker_interfacing/marker_interfacing/srv/detail/add_marker__type_support.cpp
[100.726s] -- Installing: /home/urc/new_GUI/install/marker_interfacing/include/marker_interfacing/marker_interfacing/srv/detail/publish_current_marker__rosidl_typesupport_introspection_cpp.hpp
[100.726s] -- Installing: /home/urc/new_GUI/install/marker_interfacing/include/marker_interfacing/marker_interfacing/srv/detail/edit_marker__type_support.cpp
[100.726s] -- Installing: /home/urc/new_GUI/install/marker_interfacing/include/marker_interfacing/marker_interfacing/srv/detail/remove_marker__rosidl_typesupport_introspection_cpp.hpp
[100.726s] -- Installing: /home/urc/new_GUI/install/marker_interfacing/include/marker_interfacing/marker_interfacing/srv/detail/reorder_markers__type_support.cpp
[100.726s] -- Installing: /home/urc/new_GUI/install/marker_interfacing/include/marker_interfacing/marker_interfacing/srv/detail/plan_home_marker__type_support.cpp
[100.726s] -- Installing: /home/urc/new_GUI/install/marker_interfacing/include/marker_interfacing/marker_interfacing/srv/detail/publish_current_marker__type_support.cpp
[100.726s] -- Installing: /home/urc/new_GUI/install/marker_interfacing/include/marker_interfacing/marker_interfacing/srv/detail/remove_marker__type_support.cpp
[100.726s] -- Installing: /home/urc/new_GUI/install/marker_interfacing/include/marker_interfacing/marker_interfacing/srv/detail/remove_current_marker__type_support.cpp
[100.727s] -- Installing: /home/urc/new_GUI/install/marker_interfacing/include/marker_interfacing/marker_interfacing/srv/detail/plan_home_marker__rosidl_typesupport_introspection_cpp.hpp
[100.727s] -- Installing: /home/urc/new_GUI/install/marker_interfacing/lib/libmarker_interfacing__rosidl_typesupport_introspection_cpp.so
[100.727s] -- Set runtime path of "/home/urc/new_GUI/install/marker_interfacing/lib/libmarker_interfacing__rosidl_typesupport_introspection_cpp.so" to ""
[100.727s] -- Installing: /home/urc/new_GUI/install/marker_interfacing/lib/libmarker_interfacing__rosidl_typesupport_cpp.so
[100.727s] -- Set runtime path of "/home/urc/new_GUI/install/marker_interfacing/lib/libmarker_interfacing__rosidl_typesupport_cpp.so" to ""
[100.727s] -- Installing: /home/urc/new_GUI/install/marker_interfacing/share/marker_interfacing/environment/pythonpath.sh
[100.728s] -- Installing: /home/urc/new_GUI/install/marker_interfacing/share/marker_interfacing/environment/pythonpath.dsv
[100.729s] -- Installing: /home/urc/new_GUI/install/marker_interfacing/local/lib/python3.10/dist-packages/marker_interfacing-0.0.0-py3.10.egg-info
[100.734s] -- Installing: /home/urc/new_GUI/install/marker_interfacing/local/lib/python3.10/dist-packages/marker_interfacing-0.0.0-py3.10.egg-info/PKG-INFO
[100.735s] -- Installing: /home/urc/new_GUI/install/marker_interfacing/local/lib/python3.10/dist-packages/marker_interfacing-0.0.0-py3.10.egg-info/dependency_links.txt
[100.740s] -- Installing: /home/urc/new_GUI/install/marker_interfacing/local/lib/python3.10/dist-packages/marker_interfacing-0.0.0-py3.10.egg-info/top_level.txt
[100.744s] -- Installing: /home/urc/new_GUI/install/marker_interfacing/local/lib/python3.10/dist-packages/marker_interfacing-0.0.0-py3.10.egg-info/SOURCES.txt
[100.744s] -- Installing: /home/urc/new_GUI/install/marker_interfacing/local/lib/python3.10/dist-packages/marker_interfacing
[100.744s] -- Installing: /home/urc/new_GUI/install/marker_interfacing/local/lib/python3.10/dist-packages/marker_interfacing/libmarker_interfacing__rosidl_generator_py.so
[100.744s] -- Installing: /home/urc/new_GUI/install/marker_interfacing/local/lib/python3.10/dist-packages/marker_interfacing/marker_interfacing_s__rosidl_typesupport_c.cpython-310-x86_64-linux-gnu.so
[100.744s] -- Installing: /home/urc/new_GUI/install/marker_interfacing/local/lib/python3.10/dist-packages/marker_interfacing/_marker_interfacing_s.ep.rosidl_typesupport_fastrtps_c.c
[100.744s] -- Installing: /home/urc/new_GUI/install/marker_interfacing/local/lib/python3.10/dist-packages/marker_interfacing/msg
[100.744s] -- Installing: /home/urc/new_GUI/install/marker_interfacing/local/lib/python3.10/dist-packages/marker_interfacing/msg/_enu_marker.py
[100.744s] -- Installing: /home/urc/new_GUI/install/marker_interfacing/local/lib/python3.10/dist-packages/marker_interfacing/msg/_enu_marker_s.c
[100.744s] -- Installing: /home/urc/new_GUI/install/marker_interfacing/local/lib/python3.10/dist-packages/marker_interfacing/msg/_geodetic_marker_s.c
[100.745s] -- Installing: /home/urc/new_GUI/install/marker_interfacing/local/lib/python3.10/dist-packages/marker_interfacing/msg/__init__.py
[100.745s] -- Installing: /home/urc/new_GUI/install/marker_interfacing/local/lib/python3.10/dist-packages/marker_interfacing/msg/_geodetic_marker.py
[100.745s] -- Installing: /home/urc/new_GUI/install/marker_interfacing/local/lib/python3.10/dist-packages/marker_interfacing/msg/_geodetic_marker_list_s.c
[100.745s] -- Installing: /home/urc/new_GUI/install/marker_interfacing/local/lib/python3.10/dist-packages/marker_interfacing/msg/_geodetic_marker_list.py
[100.745s] -- Installing: /home/urc/new_GUI/install/marker_interfacing/local/lib/python3.10/dist-packages/marker_interfacing/__init__.py
[100.745s] -- Installing: /home/urc/new_GUI/install/marker_interfacing/local/lib/python3.10/dist-packages/marker_interfacing/_marker_interfacing_s.ep.rosidl_typesupport_introspection_c.c
[100.745s] -- Installing: /home/urc/new_GUI/install/marker_interfacing/local/lib/python3.10/dist-packages/marker_interfacing/marker_interfacing_s__rosidl_typesupport_introspection_c.cpython-310-x86_64-linux-gnu.so
[100.745s] -- Installing: /home/urc/new_GUI/install/marker_interfacing/local/lib/python3.10/dist-packages/marker_interfacing/srv
[100.745s] -- Installing: /home/urc/new_GUI/install/marker_interfacing/local/lib/python3.10/dist-packages/marker_interfacing/srv/_remove_current_marker.py
[100.745s] -- Installing: /home/urc/new_GUI/install/marker_interfacing/local/lib/python3.10/dist-packages/marker_interfacing/srv/_add_marker_s.c
[100.745s] -- Installing: /home/urc/new_GUI/install/marker_interfacing/local/lib/python3.10/dist-packages/marker_interfacing/srv/_plan_home_marker_s.c
[100.746s] -- Installing: /home/urc/new_GUI/install/marker_interfacing/local/lib/python3.10/dist-packages/marker_interfacing/srv/_remove_marker.py
[100.746s] -- Installing: /home/urc/new_GUI/install/marker_interfacing/local/lib/python3.10/dist-packages/marker_interfacing/srv/_insert_marker.py
[100.746s] -- Installing: /home/urc/new_GUI/install/marker_interfacing/local/lib/python3.10/dist-packages/marker_interfacing/srv/_remove_marker_s.c
[100.746s] -- Installing: /home/urc/new_GUI/install/marker_interfacing/local/lib/python3.10/dist-packages/marker_interfacing/srv/__init__.py
[100.746s] -- Installing: /home/urc/new_GUI/install/marker_interfacing/local/lib/python3.10/dist-packages/marker_interfacing/srv/_remove_current_marker_s.c
[100.746s] -- Installing: /home/urc/new_GUI/install/marker_interfacing/local/lib/python3.10/dist-packages/marker_interfacing/srv/_clear_markers.py
[100.746s] -- Installing: /home/urc/new_GUI/install/marker_interfacing/local/lib/python3.10/dist-packages/marker_interfacing/srv/_add_marker.py
[100.746s] -- Installing: /home/urc/new_GUI/install/marker_interfacing/local/lib/python3.10/dist-packages/marker_interfacing/srv/_clear_markers_s.c
[100.746s] -- Installing: /home/urc/new_GUI/install/marker_interfacing/local/lib/python3.10/dist-packages/marker_interfacing/srv/_publish_current_marker.py
[100.746s] -- Installing: /home/urc/new_GUI/install/marker_interfacing/local/lib/python3.10/dist-packages/marker_interfacing/srv/_reorder_markers.py
[100.747s] -- Installing: /home/urc/new_GUI/install/marker_interfacing/local/lib/python3.10/dist-packages/marker_interfacing/srv/_reorder_marker.py
[100.747s] -- Installing: /home/urc/new_GUI/install/marker_interfacing/local/lib/python3.10/dist-packages/marker_interfacing/srv/_publish_current_marker_s.c
[100.747s] -- Installing: /home/urc/new_GUI/install/marker_interfacing/local/lib/python3.10/dist-packages/marker_interfacing/srv/_insert_marker_s.c
[100.747s] -- Installing: /home/urc/new_GUI/install/marker_interfacing/local/lib/python3.10/dist-packages/marker_interfacing/srv/_edit_marker.py
[100.747s] -- Installing: /home/urc/new_GUI/install/marker_interfacing/local/lib/python3.10/dist-packages/marker_interfacing/srv/_plan_home_marker.py
[100.747s] -- Installing: /home/urc/new_GUI/install/marker_interfacing/local/lib/python3.10/dist-packages/marker_interfacing/srv/_reorder_marker_s.c
[100.747s] -- Installing: /home/urc/new_GUI/install/marker_interfacing/local/lib/python3.10/dist-packages/marker_interfacing/srv/_edit_marker_s.c
[100.747s] -- Installing: /home/urc/new_GUI/install/marker_interfacing/local/lib/python3.10/dist-packages/marker_interfacing/srv/_reorder_markers_s.c
[100.747s] -- Installing: /home/urc/new_GUI/install/marker_interfacing/local/lib/python3.10/dist-packages/marker_interfacing/marker_interfacing_s__rosidl_typesupport_fastrtps_c.cpython-310-x86_64-linux-gnu.so
[100.747s] -- Installing: /home/urc/new_GUI/install/marker_interfacing/local/lib/python3.10/dist-packages/marker_interfacing/_marker_interfacing_s.ep.rosidl_typesupport_c.c
[100.850s] Listing '/home/urc/new_GUI/install/marker_interfacing/local/lib/python3.10/dist-packages/marker_interfacing'...
[100.850s] Compiling '/home/urc/new_GUI/install/marker_interfacing/local/lib/python3.10/dist-packages/marker_interfacing/__init__.py'...
[100.850s] Listing '/home/urc/new_GUI/install/marker_interfacing/local/lib/python3.10/dist-packages/marker_interfacing/msg'...
[100.850s] Compiling '/home/urc/new_GUI/install/marker_interfacing/local/lib/python3.10/dist-packages/marker_interfacing/msg/__init__.py'...
[100.850s] Compiling '/home/urc/new_GUI/install/marker_interfacing/local/lib/python3.10/dist-packages/marker_interfacing/msg/_enu_marker.py'...
[100.851s] Compiling '/home/urc/new_GUI/install/marker_interfacing/local/lib/python3.10/dist-packages/marker_interfacing/msg/_geodetic_marker.py'...
[100.851s] Compiling '/home/urc/new_GUI/install/marker_interfacing/local/lib/python3.10/dist-packages/marker_interfacing/msg/_geodetic_marker_list.py'...
[100.851s] Listing '/home/urc/new_GUI/install/marker_interfacing/local/lib/python3.10/dist-packages/marker_interfacing/srv'...
[100.852s] Compiling '/home/urc/new_GUI/install/marker_interfacing/local/lib/python3.10/dist-packages/marker_interfacing/srv/__init__.py'...
[100.852s] Compiling '/home/urc/new_GUI/install/marker_interfacing/local/lib/python3.10/dist-packages/marker_interfacing/srv/_add_marker.py'...
[100.852s] Compiling '/home/urc/new_GUI/install/marker_interfacing/local/lib/python3.10/dist-packages/marker_interfacing/srv/_clear_markers.py'...
[100.852s] Compiling '/home/urc/new_GUI/install/marker_interfacing/local/lib/python3.10/dist-packages/marker_interfacing/srv/_edit_marker.py'...
[100.852s] Compiling '/home/urc/new_GUI/install/marker_interfacing/local/lib/python3.10/dist-packages/marker_interfacing/srv/_insert_marker.py'...
[100.852s] Compiling '/home/urc/new_GUI/install/marker_interfacing/local/lib/python3.10/dist-packages/marker_interfacing/srv/_plan_home_marker.py'...
[100.852s] Compiling '/home/urc/new_GUI/install/marker_interfacing/local/lib/python3.10/dist-packages/marker_interfacing/srv/_publish_current_marker.py'...
[100.853s] Compiling '/home/urc/new_GUI/install/marker_interfacing/local/lib/python3.10/dist-packages/marker_interfacing/srv/_remove_current_marker.py'...
[100.853s] Compiling '/home/urc/new_GUI/install/marker_interfacing/local/lib/python3.10/dist-packages/marker_interfacing/srv/_remove_marker.py'...
[100.853s] Compiling '/home/urc/new_GUI/install/marker_interfacing/local/lib/python3.10/dist-packages/marker_interfacing/srv/_reorder_marker.py'...
[100.853s] Compiling '/home/urc/new_GUI/install/marker_interfacing/local/lib/python3.10/dist-packages/marker_interfacing/srv/_reorder_markers.py'...
[100.865s] -- Installing: /home/urc/new_GUI/install/marker_interfacing/local/lib/python3.10/dist-packages/marker_interfacing/marker_interfacing_s__rosidl_typesupport_fastrtps_c.cpython-310-x86_64-linux-gnu.so
[100.865s] -- Set runtime path of "/home/urc/new_GUI/install/marker_interfacing/local/lib/python3.10/dist-packages/marker_interfacing/marker_interfacing_s__rosidl_typesupport_fastrtps_c.cpython-310-x86_64-linux-gnu.so" to ""
[100.865s] -- Installing: /home/urc/new_GUI/install/marker_interfacing/local/lib/python3.10/dist-packages/marker_interfacing/marker_interfacing_s__rosidl_typesupport_introspection_c.cpython-310-x86_64-linux-gnu.so
[100.865s] -- Set runtime path of "/home/urc/new_GUI/install/marker_interfacing/local/lib/python3.10/dist-packages/marker_interfacing/marker_interfacing_s__rosidl_typesupport_introspection_c.cpython-310-x86_64-linux-gnu.so" to ""
[100.865s] -- Installing: /home/urc/new_GUI/install/marker_interfacing/local/lib/python3.10/dist-packages/marker_interfacing/marker_interfacing_s__rosidl_typesupport_c.cpython-310-x86_64-linux-gnu.so
[100.866s] -- Set runtime path of "/home/urc/new_GUI/install/marker_interfacing/local/lib/python3.10/dist-packages/marker_interfacing/marker_interfacing_s__rosidl_typesupport_c.cpython-310-x86_64-linux-gnu.so" to ""
[100.866s] -- Installing: /home/urc/new_GUI/install/marker_interfacing/lib/libmarker_interfacing__rosidl_generator_py.so
[100.866s] -- Set runtime path of "/home/urc/new_GUI/install/marker_interfacing/lib/libmarker_interfacing__rosidl_generator_py.so" to ""
[100.866s] -- Installing: /home/urc/new_GUI/install/marker_interfacing/share/marker_interfacing/msg/ENUMarker.idl
[100.866s] -- Installing: /home/urc/new_GUI/install/marker_interfacing/share/marker_interfacing/msg/GeodeticMarker.idl
[100.866s] -- Installing: /home/urc/new_GUI/install/marker_interfacing/share/marker_interfacing/msg/GeodeticMarkerList.idl
[100.866s] -- Installing: /home/urc/new_GUI/install/marker_interfacing/share/marker_interfacing/srv/AddMarker.idl
[100.866s] -- Installing: /home/urc/new_GUI/install/marker_interfacing/share/marker_interfacing/srv/ClearMarkers.idl
[100.867s] -- Installing: /home/urc/new_GUI/install/marker_interfacing/share/marker_interfacing/srv/EditMarker.idl
[100.867s] -- Installing: /home/urc/new_GUI/install/marker_interfacing/share/marker_interfacing/srv/InsertMarker.idl
[100.869s] -- Installing: /home/urc/new_GUI/install/marker_interfacing/share/marker_interfacing/srv/PlanHomeMarker.idl
[100.869s] -- Installing: /home/urc/new_GUI/install/marker_interfacing/share/marker_interfacing/srv/PublishCurrentMarker.idl
[100.869s] -- Installing: /home/urc/new_GUI/install/marker_interfacing/share/marker_interfacing/srv/RemoveCurrentMarker.idl
[100.869s] -- Installing: /home/urc/new_GUI/install/marker_interfacing/share/marker_interfacing/srv/RemoveMarker.idl
[100.869s] -- Installing: /home/urc/new_GUI/install/marker_interfacing/share/marker_interfacing/srv/ReorderMarker.idl
[100.869s] -- Installing: /home/urc/new_GUI/install/marker_interfacing/share/marker_interfacing/srv/ReorderMarkers.idl
[100.870s] -- Installing: /home/urc/new_GUI/install/marker_interfacing/share/marker_interfacing/msg/ENUMarker.msg
[100.871s] -- Installing: /home/urc/new_GUI/install/marker_interfacing/share/marker_interfacing/msg/GeodeticMarker.msg
[100.871s] -- Installing: /home/urc/new_GUI/install/marker_interfacing/share/marker_interfacing/msg/GeodeticMarkerList.msg
[100.871s] -- Installing: /home/urc/new_GUI/install/marker_interfacing/share/marker_interfacing/srv/AddMarker.srv
[100.871s] -- Installing: /home/urc/new_GUI/install/marker_interfacing/share/marker_interfacing/srv/AddMarker_Request.msg
[100.877s] -- Installing: /home/urc/new_GUI/install/marker_interfacing/share/marker_interfacing/srv/AddMarker_Response.msg
[100.878s] -- Installing: /home/urc/new_GUI/install/marker_interfacing/share/marker_interfacing/srv/ClearMarkers.srv
[100.879s] -- Installing: /home/urc/new_GUI/install/marker_interfacing/share/marker_interfacing/srv/ClearMarkers_Request.msg
[100.880s] -- Installing: /home/urc/new_GUI/install/marker_interfacing/share/marker_interfacing/srv/ClearMarkers_Response.msg
[100.881s] -- Installing: /home/urc/new_GUI/install/marker_interfacing/share/marker_interfacing/srv/EditMarker.srv
[100.882s] -- Installing: /home/urc/new_GUI/install/marker_interfacing/share/marker_interfacing/srv/EditMarker_Request.msg
[100.883s] -- Installing: /home/urc/new_GUI/install/marker_interfacing/share/marker_interfacing/srv/EditMarker_Response.msg
[100.885s] -- Installing: /home/urc/new_GUI/install/marker_interfacing/share/marker_interfacing/srv/InsertMarker.srv
[100.885s] -- Installing: /home/urc/new_GUI/install/marker_interfacing/share/marker_interfacing/srv/InsertMarker_Request.msg
[100.888s] -- Installing: /home/urc/new_GUI/install/marker_interfacing/share/marker_interfacing/srv/InsertMarker_Response.msg
[100.889s] -- Installing: /home/urc/new_GUI/install/marker_interfacing/share/marker_interfacing/srv/PlanHomeMarker.srv
[100.889s] -- Installing: /home/urc/new_GUI/install/marker_interfacing/share/marker_interfacing/srv/PlanHomeMarker_Request.msg
[100.891s] -- Installing: /home/urc/new_GUI/install/marker_interfacing/share/marker_interfacing/srv/PlanHomeMarker_Response.msg
[100.893s] -- Installing: /home/urc/new_GUI/install/marker_interfacing/share/marker_interfacing/srv/PublishCurrentMarker.srv
[100.893s] -- Installing: /home/urc/new_GUI/install/marker_interfacing/share/marker_interfacing/srv/PublishCurrentMarker_Request.msg
[100.894s] -- Installing: /home/urc/new_GUI/install/marker_interfacing/share/marker_interfacing/srv/PublishCurrentMarker_Response.msg
[100.896s] -- Installing: /home/urc/new_GUI/install/marker_interfacing/share/marker_interfacing/srv/RemoveCurrentMarker.srv
[100.896s] -- Installing: /home/urc/new_GUI/install/marker_interfacing/share/marker_interfacing/srv/RemoveCurrentMarker_Request.msg
[100.898s] -- Installing: /home/urc/new_GUI/install/marker_interfacing/share/marker_interfacing/srv/RemoveCurrentMarker_Response.msg
[100.899s] -- Installing: /home/urc/new_GUI/install/marker_interfacing/share/marker_interfacing/srv/RemoveMarker.srv
[100.900s] -- Installing: /home/urc/new_GUI/install/marker_interfacing/share/marker_interfacing/srv/RemoveMarker_Request.msg
[100.906s] -- Installing: /home/urc/new_GUI/install/marker_interfacing/share/marker_interfacing/srv/RemoveMarker_Response.msg
[100.906s] -- Installing: /home/urc/new_GUI/install/marker_interfacing/share/marker_interfacing/srv/ReorderMarker.srv
[100.906s] -- Installing: /home/urc/new_GUI/install/marker_interfacing/share/marker_interfacing/srv/ReorderMarker_Request.msg
[100.906s] -- Installing: /home/urc/new_GUI/install/marker_interfacing/share/marker_interfacing/srv/ReorderMarker_Response.msg
[100.907s] -- Installing: /home/urc/new_GUI/install/marker_interfacing/share/marker_interfacing/srv/ReorderMarkers.srv
[100.907s] -- Installing: /home/urc/new_GUI/install/marker_interfacing/share/marker_interfacing/srv/ReorderMarkers_Request.msg
[100.913s] -- Installing: /home/urc/new_GUI/install/marker_interfacing/share/marker_interfacing/srv/ReorderMarkers_Response.msg
[100.913s] -- Installing: /home/urc/new_GUI/install/marker_interfacing/share/ament_index/resource_index/package_run_dependencies/marker_interfacing
[100.916s] -- Installing: /home/urc/new_GUI/install/marker_interfacing/share/ament_index/resource_index/parent_prefix_path/marker_interfacing
[100.916s] -- Installing: /home/urc/new_GUI/install/marker_interfacing/share/marker_interfacing/environment/ament_prefix_path.sh
[100.916s] -- Installing: /home/urc/new_GUI/install/marker_interfacing/share/marker_interfacing/environment/ament_prefix_path.dsv
[100.916s] -- Installing: /home/urc/new_GUI/install/marker_interfacing/share/marker_interfacing/environment/path.sh
[100.916s] -- Installing: /home/urc/new_GUI/install/marker_interfacing/share/marker_interfacing/environment/path.dsv
[100.917s] -- Installing: /home/urc/new_GUI/install/marker_interfacing/share/marker_interfacing/local_setup.bash
[100.917s] -- Installing: /home/urc/new_GUI/install/marker_interfacing/share/marker_interfacing/local_setup.sh
[100.935s] -- Installing: /home/urc/new_GUI/install/marker_interfacing/share/marker_interfacing/local_setup.zsh
[100.942s] -- Installing: /home/urc/new_GUI/install/marker_interfacing/share/marker_interfacing/local_setup.dsv
[100.942s] -- Installing: /home/urc/new_GUI/install/marker_interfacing/share/marker_interfacing/package.dsv
[100.945s] -- Installing: /home/urc/new_GUI/install/marker_interfacing/share/ament_index/resource_index/packages/marker_interfacing
[100.946s] -- Installing: /home/urc/new_GUI/install/marker_interfacing/share/marker_interfacing/cmake/export_marker_interfacing__rosidl_generator_cExport.cmake
[100.949s] -- Installing: /home/urc/new_GUI/install/marker_interfacing/share/marker_interfacing/cmake/export_marker_interfacing__rosidl_generator_cExport-noconfig.cmake
[100.951s] -- Installing: /home/urc/new_GUI/install/marker_interfacing/share/marker_interfacing/cmake/export_marker_interfacing__rosidl_typesupport_fastrtps_cExport.cmake
[100.952s] -- Installing: /home/urc/new_GUI/install/marker_interfacing/share/marker_interfacing/cmake/export_marker_interfacing__rosidl_typesupport_fastrtps_cExport-noconfig.cmake
[100.953s] -- Installing: /home/urc/new_GUI/install/marker_interfacing/share/marker_interfacing/cmake/marker_interfacing__rosidl_typesupport_introspection_cExport.cmake
[100.954s] -- Installing: /home/urc/new_GUI/install/marker_interfacing/share/marker_interfacing/cmake/marker_interfacing__rosidl_typesupport_introspection_cExport-noconfig.cmake
[100.954s] -- Installing: /home/urc/new_GUI/install/marker_interfacing/share/marker_interfacing/cmake/marker_interfacing__rosidl_typesupport_cExport.cmake
[100.963s] -- Installing: /home/urc/new_GUI/install/marker_interfacing/share/marker_interfacing/cmake/marker_interfacing__rosidl_typesupport_cExport-noconfig.cmake
[100.964s] -- Installing: /home/urc/new_GUI/install/marker_interfacing/share/marker_interfacing/cmake/export_marker_interfacing__rosidl_generator_cppExport.cmake
[100.964s] -- Installing: /home/urc/new_GUI/install/marker_interfacing/share/marker_interfacing/cmake/export_marker_interfacing__rosidl_typesupport_fastrtps_cppExport.cmake
[100.965s] -- Installing: /home/urc/new_GUI/install/marker_interfacing/share/marker_interfacing/cmake/export_marker_interfacing__rosidl_typesupport_fastrtps_cppExport-noconfig.cmake
[100.966s] -- Installing: /home/urc/new_GUI/install/marker_interfacing/share/marker_interfacing/cmake/marker_interfacing__rosidl_typesupport_introspection_cppExport.cmake
[100.968s] -- Installing: /home/urc/new_GUI/install/marker_interfacing/share/marker_interfacing/cmake/marker_interfacing__rosidl_typesupport_introspection_cppExport-noconfig.cmake
[100.971s] -- Installing: /home/urc/new_GUI/install/marker_interfacing/share/marker_interfacing/cmake/marker_interfacing__rosidl_typesupport_cppExport.cmake
[100.972s] -- Installing: /home/urc/new_GUI/install/marker_interfacing/share/marker_interfacing/cmake/marker_interfacing__rosidl_typesupport_cppExport-noconfig.cmake
[100.972s] -- Installing: /home/urc/new_GUI/install/marker_interfacing/share/marker_interfacing/cmake/export_marker_interfacing__rosidl_generator_pyExport.cmake
[100.973s] -- Installing: /home/urc/new_GUI/install/marker_interfacing/share/marker_interfacing/cmake/export_marker_interfacing__rosidl_generator_pyExport-noconfig.cmake
[100.974s] -- Installing: /home/urc/new_GUI/install/marker_interfacing/share/marker_interfacing/cmake/rosidl_cmake-extras.cmake
[100.975s] -- Installing: /home/urc/new_GUI/install/marker_interfacing/share/marker_interfacing/cmake/ament_cmake_export_dependencies-extras.cmake
[100.975s] -- Installing: /home/urc/new_GUI/install/marker_interfacing/share/marker_interfacing/cmake/ament_cmake_export_include_directories-extras.cmake
[100.976s] -- Installing: /home/urc/new_GUI/install/marker_interfacing/share/marker_interfacing/cmake/ament_cmake_export_libraries-extras.cmake
[100.977s] -- Installing: /home/urc/new_GUI/install/marker_interfacing/share/marker_interfacing/cmake/ament_cmake_export_targets-extras.cmake
[100.978s] -- Installing: /home/urc/new_GUI/install/marker_interfacing/share/marker_interfacing/cmake/rosidl_cmake_export_typesupport_targets-extras.cmake
[100.978s] -- Installing: /home/urc/new_GUI/install/marker_interfacing/share/marker_interfacing/cmake/rosidl_cmake_export_typesupport_libraries-extras.cmake
[100.979s] -- Installing: /home/urc/new_GUI/install/marker_interfacing/share/marker_interfacing/cmake/marker_interfacingConfig.cmake
[100.981s] -- Installing: /home/urc/new_GUI/install/marker_interfacing/share/marker_interfacing/cmake/marker_interfacingConfig-version.cmake
[100.982s] -- Installing: /home/urc/new_GUI/install/marker_interfacing/share/marker_interfacing/package.xml
[101.004s] Invoked command in '/home/urc/new_GUI/build/marker_interfacing' returned '0': CMAKE_PREFIX_PATH=/opt/ros/humble /usr/bin/cmake --install /home/urc/new_GUI/build/marker_interfacing
