[1.727s] DEBUG:colcon:Command line arguments: ['/usr/bin/colcon', 'build']
[1.727s] DEBUG:colcon:Parsed command line arguments: Namespace(log_base=None, log_level=None, verb_name='build', build_base='build', install_base='install', merge_install=False, symlink_install=False, test_result_base=None, continue_on_error=False, executor='parallel', parallel_workers=4, event_handlers=None, ignore_user_meta=False, metas=['./colcon.meta'], base_paths=['.'], packages_ignore=None, packages_ignore_regex=None, paths=None, packages_up_to=None, packages_up_to_regex=None, packages_above=None, packages_above_and_dependencies=None, packages_above_depth=None, packages_select_by_dep=None, packages_skip_by_dep=None, packages_skip_up_to=None, packages_select_build_failed=False, packages_skip_build_finished=False, packages_select_test_failures=False, packages_skip_test_passed=False, packages_select=None, packages_skip=None, packages_select_regex=None, packages_skip_regex=None, packages_start=None, packages_end=None, allow_overriding=[], cmake_args=None, cmake_target=None, cmake_target_skip_unavailable=False, cmake_clean_cache=False, cmake_clean_first=False, cmake_force_configure=False, ament_cmake_args=None, catkin_cmake_args=None, catkin_skip_building_tests=False, verb_parser=<colcon_defaults.argument_parser.defaults.DefaultArgumentsDecorator object at 0x7f85fac25840>, verb_extension=<colcon_core.verb.build.BuildVerb object at 0x7f85fb05d600>, main=<bound method BuildVerb.main of <colcon_core.verb.build.BuildVerb object at 0x7f85fb05d600>>)
[1.795s] Level 1:colcon.colcon_core.package_discovery:discover_packages(colcon_meta) check parameters
[1.795s] Level 1:colcon.colcon_core.package_discovery:discover_packages(recursive) check parameters
[1.795s] Level 1:colcon.colcon_core.package_discovery:discover_packages(ignore) check parameters
[1.795s] Level 1:colcon.colcon_core.package_discovery:discover_packages(path) check parameters
[1.795s] Level 1:colcon.colcon_core.package_discovery:discover_packages(colcon_meta) discover
[1.795s] Level 1:colcon.colcon_core.package_discovery:discover_packages(recursive) discover
[1.795s] INFO:colcon.colcon_core.package_discovery:Crawling recursively for packages in '/home/urc/new-GUI'
[1.795s] Level 1:colcon.colcon_core.package_identification:_identify(.) by extensions ['ignore', 'ignore_ament_install']
[1.796s] Level 1:colcon.colcon_core.package_identification:_identify(.) by extension 'ignore'
[1.796s] Level 1:colcon.colcon_core.package_identification:_identify(.) by extension 'ignore_ament_install'
[1.796s] Level 1:colcon.colcon_core.package_identification:_identify(.) by extensions ['colcon_pkg']
[1.796s] Level 1:colcon.colcon_core.package_identification:_identify(.) by extension 'colcon_pkg'
[1.796s] Level 1:colcon.colcon_core.package_identification:_identify(.) by extensions ['colcon_meta']
[1.796s] Level 1:colcon.colcon_core.package_identification:_identify(.) by extension 'colcon_meta'
[1.796s] Level 1:colcon.colcon_core.package_identification:_identify(.) by extensions ['ros']
[1.796s] Level 1:colcon.colcon_core.package_identification:_identify(.) by extension 'ros'
[1.812s] Level 1:colcon.colcon_core.package_identification:_identify(.) by extensions ['cmake', 'python']
[1.812s] Level 1:colcon.colcon_core.package_identification:_identify(.) by extension 'cmake'
[1.812s] Level 1:colcon.colcon_core.package_identification:_identify(.) by extension 'python'
[1.812s] Level 1:colcon.colcon_core.package_identification:_identify(.) by extensions ['python_setup_py']
[1.812s] Level 1:colcon.colcon_core.package_identification:_identify(.) by extension 'python_setup_py'
[1.812s] Level 1:colcon.colcon_core.package_identification:_identify(build) by extensions ['ignore', 'ignore_ament_install']
[1.812s] Level 1:colcon.colcon_core.package_identification:_identify(build) by extension 'ignore'
[1.812s] Level 1:colcon.colcon_core.package_identification:_identify(build) ignored
[1.812s] Level 1:colcon.colcon_core.package_identification:_identify(install) by extensions ['ignore', 'ignore_ament_install']
[1.813s] Level 1:colcon.colcon_core.package_identification:_identify(install) by extension 'ignore'
[1.813s] Level 1:colcon.colcon_core.package_identification:_identify(install) ignored
[1.813s] Level 1:colcon.colcon_core.package_identification:_identify(log) by extensions ['ignore', 'ignore_ament_install']
[1.813s] Level 1:colcon.colcon_core.package_identification:_identify(log) by extension 'ignore'
[1.813s] Level 1:colcon.colcon_core.package_identification:_identify(log) ignored
[1.813s] Level 1:colcon.colcon_core.package_identification:_identify(src) by extensions ['ignore', 'ignore_ament_install']
[1.813s] Level 1:colcon.colcon_core.package_identification:_identify(src) by extension 'ignore'
[1.813s] Level 1:colcon.colcon_core.package_identification:_identify(src) by extension 'ignore_ament_install'
[1.813s] Level 1:colcon.colcon_core.package_identification:_identify(src) by extensions ['colcon_pkg']
[1.813s] Level 1:colcon.colcon_core.package_identification:_identify(src) by extension 'colcon_pkg'
[1.813s] Level 1:colcon.colcon_core.package_identification:_identify(src) by extensions ['colcon_meta']
[1.813s] Level 1:colcon.colcon_core.package_identification:_identify(src) by extension 'colcon_meta'
[1.814s] Level 1:colcon.colcon_core.package_identification:_identify(src) by extensions ['ros']
[1.814s] Level 1:colcon.colcon_core.package_identification:_identify(src) by extension 'ros'
[1.814s] Level 1:colcon.colcon_core.package_identification:_identify(src) by extensions ['cmake', 'python']
[1.814s] Level 1:colcon.colcon_core.package_identification:_identify(src) by extension 'cmake'
[1.814s] Level 1:colcon.colcon_core.package_identification:_identify(src) by extension 'python'
[1.814s] Level 1:colcon.colcon_core.package_identification:_identify(src) by extensions ['python_setup_py']
[1.814s] Level 1:colcon.colcon_core.package_identification:_identify(src) by extension 'python_setup_py'
[1.814s] Level 1:colcon.colcon_core.package_identification:_identify(src/aruco_finder) by extensions ['ignore', 'ignore_ament_install']
[1.814s] Level 1:colcon.colcon_core.package_identification:_identify(src/aruco_finder) by extension 'ignore'
[1.814s] Level 1:colcon.colcon_core.package_identification:_identify(src/aruco_finder) by extension 'ignore_ament_install'
[1.814s] Level 1:colcon.colcon_core.package_identification:_identify(src/aruco_finder) by extensions ['colcon_pkg']
[1.814s] Level 1:colcon.colcon_core.package_identification:_identify(src/aruco_finder) by extension 'colcon_pkg'
[1.814s] Level 1:colcon.colcon_core.package_identification:_identify(src/aruco_finder) by extensions ['colcon_meta']
[1.814s] Level 1:colcon.colcon_core.package_identification:_identify(src/aruco_finder) by extension 'colcon_meta'
[1.814s] Level 1:colcon.colcon_core.package_identification:_identify(src/aruco_finder) by extensions ['ros']
[1.815s] Level 1:colcon.colcon_core.package_identification:_identify(src/aruco_finder) by extension 'ros'
[1.819s] DEBUG:colcon.colcon_core.package_identification:Package 'src/aruco_finder' with type 'ros.ament_cmake' and name 'aruco_finder'
[1.819s] Level 1:colcon.colcon_core.package_identification:_identify(src/geographic_info-master) by extensions ['ignore', 'ignore_ament_install']
[1.819s] Level 1:colcon.colcon_core.package_identification:_identify(src/geographic_info-master) by extension 'ignore'
[1.819s] Level 1:colcon.colcon_core.package_identification:_identify(src/geographic_info-master) by extension 'ignore_ament_install'
[1.819s] Level 1:colcon.colcon_core.package_identification:_identify(src/geographic_info-master) by extensions ['colcon_pkg']
[1.819s] Level 1:colcon.colcon_core.package_identification:_identify(src/geographic_info-master) by extension 'colcon_pkg'
[1.819s] Level 1:colcon.colcon_core.package_identification:_identify(src/geographic_info-master) by extensions ['colcon_meta']
[1.819s] Level 1:colcon.colcon_core.package_identification:_identify(src/geographic_info-master) by extension 'colcon_meta'
[1.819s] Level 1:colcon.colcon_core.package_identification:_identify(src/geographic_info-master) by extensions ['ros']
[1.819s] Level 1:colcon.colcon_core.package_identification:_identify(src/geographic_info-master) by extension 'ros'
[1.819s] Level 1:colcon.colcon_core.package_identification:_identify(src/geographic_info-master) by extensions ['cmake', 'python']
[1.819s] Level 1:colcon.colcon_core.package_identification:_identify(src/geographic_info-master) by extension 'cmake'
[1.819s] Level 1:colcon.colcon_core.package_identification:_identify(src/geographic_info-master) by extension 'python'
[1.820s] Level 1:colcon.colcon_core.package_identification:_identify(src/geographic_info-master) by extensions ['python_setup_py']
[1.820s] Level 1:colcon.colcon_core.package_identification:_identify(src/geographic_info-master) by extension 'python_setup_py'
[1.820s] Level 1:colcon.colcon_core.package_identification:_identify(src/geographic_info-master/geographic_msgs) by extensions ['ignore', 'ignore_ament_install']
[1.820s] Level 1:colcon.colcon_core.package_identification:_identify(src/geographic_info-master/geographic_msgs) by extension 'ignore'
[1.820s] Level 1:colcon.colcon_core.package_identification:_identify(src/geographic_info-master/geographic_msgs) by extension 'ignore_ament_install'
[1.820s] Level 1:colcon.colcon_core.package_identification:_identify(src/geographic_info-master/geographic_msgs) by extensions ['colcon_pkg']
[1.820s] Level 1:colcon.colcon_core.package_identification:_identify(src/geographic_info-master/geographic_msgs) by extension 'colcon_pkg'
[1.820s] Level 1:colcon.colcon_core.package_identification:_identify(src/geographic_info-master/geographic_msgs) by extensions ['colcon_meta']
[1.820s] Level 1:colcon.colcon_core.package_identification:_identify(src/geographic_info-master/geographic_msgs) by extension 'colcon_meta'
[1.820s] Level 1:colcon.colcon_core.package_identification:_identify(src/geographic_info-master/geographic_msgs) by extensions ['ros']
[1.820s] Level 1:colcon.colcon_core.package_identification:_identify(src/geographic_info-master/geographic_msgs) by extension 'ros'
[1.821s] DEBUG:colcon.colcon_core.package_identification:Package 'src/geographic_info-master/geographic_msgs' with type 'ros.ament_cmake' and name 'geographic_msgs'
[1.822s] Level 1:colcon.colcon_core.package_identification:_identify(src/gui_window) by extensions ['ignore', 'ignore_ament_install']
[1.822s] Level 1:colcon.colcon_core.package_identification:_identify(src/gui_window) by extension 'ignore'
[1.822s] Level 1:colcon.colcon_core.package_identification:_identify(src/gui_window) by extension 'ignore_ament_install'
[1.822s] Level 1:colcon.colcon_core.package_identification:_identify(src/gui_window) by extensions ['colcon_pkg']
[1.822s] Level 1:colcon.colcon_core.package_identification:_identify(src/gui_window) by extension 'colcon_pkg'
[1.822s] Level 1:colcon.colcon_core.package_identification:_identify(src/gui_window) by extensions ['colcon_meta']
[1.822s] Level 1:colcon.colcon_core.package_identification:_identify(src/gui_window) by extension 'colcon_meta'
[1.822s] Level 1:colcon.colcon_core.package_identification:_identify(src/gui_window) by extensions ['ros']
[1.822s] Level 1:colcon.colcon_core.package_identification:_identify(src/gui_window) by extension 'ros'
[1.823s] DEBUG:colcon.colcon_core.package_identification:Package 'src/gui_window' with type 'ros.ament_python' and name 'gui_window'
[1.823s] Level 1:colcon.colcon_core.package_identification:_identify(src/theora_webcams) by extensions ['ignore', 'ignore_ament_install']
[1.823s] Level 1:colcon.colcon_core.package_identification:_identify(src/theora_webcams) by extension 'ignore'
[1.823s] Level 1:colcon.colcon_core.package_identification:_identify(src/theora_webcams) by extension 'ignore_ament_install'
[1.823s] Level 1:colcon.colcon_core.package_identification:_identify(src/theora_webcams) by extensions ['colcon_pkg']
[1.823s] Level 1:colcon.colcon_core.package_identification:_identify(src/theora_webcams) by extension 'colcon_pkg'
[1.823s] Level 1:colcon.colcon_core.package_identification:_identify(src/theora_webcams) by extensions ['colcon_meta']
[1.823s] Level 1:colcon.colcon_core.package_identification:_identify(src/theora_webcams) by extension 'colcon_meta'
[1.823s] Level 1:colcon.colcon_core.package_identification:_identify(src/theora_webcams) by extensions ['ros']
[1.823s] Level 1:colcon.colcon_core.package_identification:_identify(src/theora_webcams) by extension 'ros'
[1.826s] DEBUG:colcon.colcon_core.package_identification:Package 'src/theora_webcams' with type 'ros.ament_cmake' and name 'theora_webcams'
[1.826s] Level 1:colcon.colcon_core.package_discovery:discover_packages(recursive) using defaults
[1.827s] Level 1:colcon.colcon_core.package_discovery:discover_packages(ignore) discover
[1.827s] Level 1:colcon.colcon_core.package_discovery:discover_packages(ignore) using defaults
[1.827s] Level 1:colcon.colcon_core.package_discovery:discover_packages(path) discover
[1.827s] Level 1:colcon.colcon_core.package_discovery:discover_packages(path) using defaults
[1.968s] Level 1:colcon.colcon_core.package_discovery:discover_packages(prefix_path) check parameters
[1.968s] Level 1:colcon.colcon_core.package_discovery:discover_packages(prefix_path) discover
[2.017s] DEBUG:colcon.colcon_installed_package_information.package_discovery:Found 284 installed packages in /opt/ros/humble
[2.020s] Level 1:colcon.colcon_core.package_discovery:discover_packages(prefix_path) using defaults
[2.198s] Level 5:colcon.colcon_core.verb:set package 'aruco_finder' build argument 'cmake_args' from command line to 'None'
[2.198s] Level 5:colcon.colcon_core.verb:set package 'aruco_finder' build argument 'cmake_target' from command line to 'None'
[2.198s] Level 5:colcon.colcon_core.verb:set package 'aruco_finder' build argument 'cmake_target_skip_unavailable' from command line to 'False'
[2.198s] Level 5:colcon.colcon_core.verb:set package 'aruco_finder' build argument 'cmake_clean_cache' from command line to 'False'
[2.198s] Level 5:colcon.colcon_core.verb:set package 'aruco_finder' build argument 'cmake_clean_first' from command line to 'False'
[2.199s] Level 5:colcon.colcon_core.verb:set package 'aruco_finder' build argument 'cmake_force_configure' from command line to 'False'
[2.199s] Level 5:colcon.colcon_core.verb:set package 'aruco_finder' build argument 'ament_cmake_args' from command line to 'None'
[2.199s] Level 5:colcon.colcon_core.verb:set package 'aruco_finder' build argument 'catkin_cmake_args' from command line to 'None'
[2.199s] Level 5:colcon.colcon_core.verb:set package 'aruco_finder' build argument 'catkin_skip_building_tests' from command line to 'False'
[2.199s] DEBUG:colcon.colcon_core.verb:Building package 'aruco_finder' with the following arguments: {'ament_cmake_args': None, 'build_base': '/home/urc/new-GUI/build/aruco_finder', 'catkin_cmake_args': None, 'catkin_skip_building_tests': False, 'cmake_args': None, 'cmake_clean_cache': False, 'cmake_clean_first': False, 'cmake_force_configure': False, 'cmake_target': None, 'cmake_target_skip_unavailable': False, 'install_base': '/home/urc/new-GUI/install/aruco_finder', 'merge_install': False, 'path': '/home/urc/new-GUI/src/aruco_finder', 'symlink_install': False, 'test_result_base': None}
[2.222s] Level 5:colcon.colcon_core.verb:set package 'geographic_msgs' build argument 'cmake_args' from command line to 'None'
[2.222s] Level 5:colcon.colcon_core.verb:set package 'geographic_msgs' build argument 'cmake_target' from command line to 'None'
[2.222s] Level 5:colcon.colcon_core.verb:set package 'geographic_msgs' build argument 'cmake_target_skip_unavailable' from command line to 'False'
[2.222s] Level 5:colcon.colcon_core.verb:set package 'geographic_msgs' build argument 'cmake_clean_cache' from command line to 'False'
[2.222s] Level 5:colcon.colcon_core.verb:set package 'geographic_msgs' build argument 'cmake_clean_first' from command line to 'False'
[2.222s] Level 5:colcon.colcon_core.verb:set package 'geographic_msgs' build argument 'cmake_force_configure' from command line to 'False'
[2.222s] Level 5:colcon.colcon_core.verb:set package 'geographic_msgs' build argument 'ament_cmake_args' from command line to 'None'
[2.222s] Level 5:colcon.colcon_core.verb:set package 'geographic_msgs' build argument 'catkin_cmake_args' from command line to 'None'
[2.223s] Level 5:colcon.colcon_core.verb:set package 'geographic_msgs' build argument 'catkin_skip_building_tests' from command line to 'False'
[2.223s] DEBUG:colcon.colcon_core.verb:Building package 'geographic_msgs' with the following arguments: {'ament_cmake_args': None, 'build_base': '/home/urc/new-GUI/build/geographic_msgs', 'catkin_cmake_args': None, 'catkin_skip_building_tests': False, 'cmake_args': None, 'cmake_clean_cache': False, 'cmake_clean_first': False, 'cmake_force_configure': False, 'cmake_target': None, 'cmake_target_skip_unavailable': False, 'install_base': '/home/urc/new-GUI/install/geographic_msgs', 'merge_install': False, 'path': '/home/urc/new-GUI/src/geographic_info-master/geographic_msgs', 'symlink_install': False, 'test_result_base': None}
[2.246s] Level 5:colcon.colcon_core.verb:set package 'gui_window' build argument 'cmake_args' from command line to 'None'
[2.246s] Level 5:colcon.colcon_core.verb:set package 'gui_window' build argument 'cmake_target' from command line to 'None'
[2.246s] Level 5:colcon.colcon_core.verb:set package 'gui_window' build argument 'cmake_target_skip_unavailable' from command line to 'False'
[2.246s] Level 5:colcon.colcon_core.verb:set package 'gui_window' build argument 'cmake_clean_cache' from command line to 'False'
[2.246s] Level 5:colcon.colcon_core.verb:set package 'gui_window' build argument 'cmake_clean_first' from command line to 'False'
[2.246s] Level 5:colcon.colcon_core.verb:set package 'gui_window' build argument 'cmake_force_configure' from command line to 'False'
[2.246s] Level 5:colcon.colcon_core.verb:set package 'gui_window' build argument 'ament_cmake_args' from command line to 'None'
[2.246s] Level 5:colcon.colcon_core.verb:set package 'gui_window' build argument 'catkin_cmake_args' from command line to 'None'
[2.246s] Level 5:colcon.colcon_core.verb:set package 'gui_window' build argument 'catkin_skip_building_tests' from command line to 'False'
[2.246s] DEBUG:colcon.colcon_core.verb:Building package 'gui_window' with the following arguments: {'ament_cmake_args': None, 'build_base': '/home/urc/new-GUI/build/gui_window', 'catkin_cmake_args': None, 'catkin_skip_building_tests': False, 'cmake_args': None, 'cmake_clean_cache': False, 'cmake_clean_first': False, 'cmake_force_configure': False, 'cmake_target': None, 'cmake_target_skip_unavailable': False, 'install_base': '/home/urc/new-GUI/install/gui_window', 'merge_install': False, 'path': '/home/urc/new-GUI/src/gui_window', 'symlink_install': False, 'test_result_base': None}
[2.269s] Level 5:colcon.colcon_core.verb:set package 'theora_webcams' build argument 'cmake_args' from command line to 'None'
[2.269s] Level 5:colcon.colcon_core.verb:set package 'theora_webcams' build argument 'cmake_target' from command line to 'None'
[2.269s] Level 5:colcon.colcon_core.verb:set package 'theora_webcams' build argument 'cmake_target_skip_unavailable' from command line to 'False'
[2.269s] Level 5:colcon.colcon_core.verb:set package 'theora_webcams' build argument 'cmake_clean_cache' from command line to 'False'
[2.269s] Level 5:colcon.colcon_core.verb:set package 'theora_webcams' build argument 'cmake_clean_first' from command line to 'False'
[2.269s] Level 5:colcon.colcon_core.verb:set package 'theora_webcams' build argument 'cmake_force_configure' from command line to 'False'
[2.269s] Level 5:colcon.colcon_core.verb:set package 'theora_webcams' build argument 'ament_cmake_args' from command line to 'None'
[2.269s] Level 5:colcon.colcon_core.verb:set package 'theora_webcams' build argument 'catkin_cmake_args' from command line to 'None'
[2.269s] Level 5:colcon.colcon_core.verb:set package 'theora_webcams' build argument 'catkin_skip_building_tests' from command line to 'False'
[2.269s] DEBUG:colcon.colcon_core.verb:Building package 'theora_webcams' with the following arguments: {'ament_cmake_args': None, 'build_base': '/home/urc/new-GUI/build/theora_webcams', 'catkin_cmake_args': None, 'catkin_skip_building_tests': False, 'cmake_args': None, 'cmake_clean_cache': False, 'cmake_clean_first': False, 'cmake_force_configure': False, 'cmake_target': None, 'cmake_target_skip_unavailable': False, 'install_base': '/home/urc/new-GUI/install/theora_webcams', 'merge_install': False, 'path': '/home/urc/new-GUI/src/theora_webcams', 'symlink_install': False, 'test_result_base': None}
[2.292s] INFO:colcon.colcon_core.executor:Executing jobs using 'parallel' executor
[2.318s] DEBUG:colcon.colcon_parallel_executor.executor.parallel:run_until_complete
[2.319s] INFO:colcon.colcon_ros.task.ament_cmake.build:Building ROS package in '/home/urc/new-GUI/src/aruco_finder' with build type 'ament_cmake'
[2.320s] INFO:colcon.colcon_cmake.task.cmake.build:Building CMake package in '/home/urc/new-GUI/src/aruco_finder'
[2.351s] INFO:colcon.colcon_core.plugin_system:Skipping extension 'colcon_core.shell.bat': Not used on non-Windows systems
[2.352s] INFO:colcon.colcon_core.shell:Skip shell extension 'powershell' for command environment: Not usable outside of PowerShell
[2.354s] DEBUG:colcon.colcon_core.shell:Skip shell extension 'dsv' for command environment
[2.430s] INFO:colcon.colcon_ros.task.ament_cmake.build:Building ROS package in '/home/urc/new-GUI/src/geographic_info-master/geographic_msgs' with build type 'ament_cmake'
[2.430s] INFO:colcon.colcon_cmake.task.cmake.build:Building CMake package in '/home/urc/new-GUI/src/geographic_info-master/geographic_msgs'
[2.455s] INFO:colcon.colcon_core.shell:Skip shell extension 'powershell' for command environment: Not usable outside of PowerShell
[2.456s] DEBUG:colcon.colcon_core.shell:Skip shell extension 'dsv' for command environment
[2.513s] INFO:colcon.colcon_ros.task.ament_python.build:Building ROS package in '/home/urc/new-GUI/src/gui_window' with build type 'ament_python'
[2.513s] Level 1:colcon.colcon_core.shell:create_environment_hook('gui_window', 'ament_prefix_path')
[2.537s] INFO:colcon.colcon_core.shell:Creating environment hook '/home/urc/new-GUI/install/gui_window/share/gui_window/hook/ament_prefix_path.ps1'
[2.539s] INFO:colcon.colcon_core.shell:Creating environment descriptor '/home/urc/new-GUI/install/gui_window/share/gui_window/hook/ament_prefix_path.dsv'
[2.539s] INFO:colcon.colcon_core.shell:Creating environment hook '/home/urc/new-GUI/install/gui_window/share/gui_window/hook/ament_prefix_path.sh'
[2.565s] INFO:colcon.colcon_core.shell:Skip shell extension 'powershell' for command environment: Not usable outside of PowerShell
[2.565s] DEBUG:colcon.colcon_core.shell:Skip shell extension 'dsv' for command environment
[2.615s] INFO:colcon.colcon_ros.task.ament_cmake.build:Building ROS package in '/home/urc/new-GUI/src/theora_webcams' with build type 'ament_cmake'
[2.616s] INFO:colcon.colcon_cmake.task.cmake.build:Building CMake package in '/home/urc/new-GUI/src/theora_webcams'
[2.638s] INFO:colcon.colcon_core.shell:Skip shell extension 'powershell' for command environment: Not usable outside of PowerShell
[2.638s] DEBUG:colcon.colcon_core.shell:Skip shell extension 'dsv' for command environment
[2.696s] DEBUG:colcon.colcon_core.event_handler.log_command:Invoking command in '/home/urc/new-GUI/build/aruco_finder': CMAKE_PREFIX_PATH=/opt/ros/humble /usr/bin/cmake /home/urc/new-GUI/src/aruco_finder -DCMAKE_INSTALL_PREFIX=/home/urc/new-GUI/install/aruco_finder
[2.700s] DEBUG:colcon.colcon_core.event_handler.log_command:Invoking command in '/home/urc/new-GUI/build/geographic_msgs': CMAKE_PREFIX_PATH=/opt/ros/humble /usr/bin/cmake --build /home/urc/new-GUI/build/geographic_msgs -- -j4 -l4
[3.247s] INFO:colcon.colcon_core.task.python.build:Building Python package in '/home/urc/new-GUI/src/gui_window'
[3.275s] INFO:colcon.colcon_core.shell:Skip shell extension 'powershell' for command environment: Not usable outside of PowerShell
[3.275s] DEBUG:colcon.colcon_core.shell:Skip shell extension 'dsv' for command environment
[3.354s] DEBUG:colcon.colcon_core.event_handler.log_command:Invoking command in '/home/urc/new-GUI/build/theora_webcams': CMAKE_PREFIX_PATH=/opt/ros/humble /usr/bin/cmake /home/urc/new-GUI/src/theora_webcams -DCMAKE_INSTALL_PREFIX=/home/urc/new-GUI/install/theora_webcams
[3.405s] DEBUG:colcon.colcon_core.event_handler.log_command:Invoked command in '/home/urc/new-GUI/build/geographic_msgs' returned '0': CMAKE_PREFIX_PATH=/opt/ros/humble /usr/bin/cmake --build /home/urc/new-GUI/build/geographic_msgs -- -j4 -l4
[3.506s] DEBUG:colcon.colcon_core.event_handler.log_command:Invoking command in '/home/urc/new-GUI/build/geographic_msgs': CMAKE_PREFIX_PATH=/opt/ros/humble /usr/bin/cmake --install /home/urc/new-GUI/build/geographic_msgs
[3.679s] Level 1:colcon.colcon_core.environment:create_environment_scripts_only(geographic_msgs)
[3.694s] DEBUG:colcon.colcon_core.event_handler.log_command:Invoked command in '/home/urc/new-GUI/build/geographic_msgs' returned '0': CMAKE_PREFIX_PATH=/opt/ros/humble /usr/bin/cmake --install /home/urc/new-GUI/build/geographic_msgs
[3.728s] Level 1:colcon.colcon_core.environment:checking '/home/urc/new-GUI/install/geographic_msgs' for CMake module files
[3.729s] Level 1:colcon.colcon_core.environment:checking '/home/urc/new-GUI/install/geographic_msgs' for CMake config files
[3.730s] Level 1:colcon.colcon_core.shell:create_environment_hook('geographic_msgs', 'cmake_prefix_path')
[3.798s] INFO:colcon.colcon_core.shell:Creating environment hook '/home/urc/new-GUI/install/geographic_msgs/share/geographic_msgs/hook/cmake_prefix_path.ps1'
[3.799s] INFO:colcon.colcon_core.shell:Creating environment descriptor '/home/urc/new-GUI/install/geographic_msgs/share/geographic_msgs/hook/cmake_prefix_path.dsv'
[3.799s] INFO:colcon.colcon_core.shell:Creating environment hook '/home/urc/new-GUI/install/geographic_msgs/share/geographic_msgs/hook/cmake_prefix_path.sh'
[3.800s] Level 1:colcon.colcon_core.environment:checking '/home/urc/new-GUI/install/geographic_msgs/lib'
[3.800s] Level 1:colcon.colcon_core.shell:create_environment_hook('geographic_msgs', 'ld_library_path_lib')
[3.840s] INFO:colcon.colcon_core.shell:Creating environment hook '/home/urc/new-GUI/install/geographic_msgs/share/geographic_msgs/hook/ld_library_path_lib.ps1'
[3.847s] INFO:colcon.colcon_core.shell:Creating environment descriptor '/home/urc/new-GUI/install/geographic_msgs/share/geographic_msgs/hook/ld_library_path_lib.dsv'
[3.848s] INFO:colcon.colcon_core.shell:Creating environment hook '/home/urc/new-GUI/install/geographic_msgs/share/geographic_msgs/hook/ld_library_path_lib.sh'
[3.848s] Level 1:colcon.colcon_core.environment:checking '/home/urc/new-GUI/install/geographic_msgs/bin'
[3.848s] Level 1:colcon.colcon_core.environment:checking '/home/urc/new-GUI/install/geographic_msgs/lib/pkgconfig/geographic_msgs.pc'
[3.848s] Level 1:colcon.colcon_core.environment:checking '/home/urc/new-GUI/install/geographic_msgs/lib/python3.10/site-packages'
[3.849s] Level 1:colcon.colcon_core.environment:checking '/home/urc/new-GUI/install/geographic_msgs/bin'
[3.891s] INFO:colcon.colcon_core.shell:Creating package script '/home/urc/new-GUI/install/geographic_msgs/share/geographic_msgs/package.ps1'
[3.892s] INFO:colcon.colcon_core.shell:Creating package descriptor '/home/urc/new-GUI/install/geographic_msgs/share/geographic_msgs/package.dsv'
[3.893s] INFO:colcon.colcon_core.shell:Creating package script '/home/urc/new-GUI/install/geographic_msgs/share/geographic_msgs/package.sh'
[3.894s] INFO:colcon.colcon_core.shell:Creating package script '/home/urc/new-GUI/install/geographic_msgs/share/geographic_msgs/package.bash'
[3.896s] INFO:colcon.colcon_core.shell:Creating package script '/home/urc/new-GUI/install/geographic_msgs/share/geographic_msgs/package.zsh'
[3.897s] Level 1:colcon.colcon_core.environment:create_file_with_runtime_dependencies(/home/urc/new-GUI/install/geographic_msgs/share/colcon-core/packages/geographic_msgs)
[4.192s] DEBUG:colcon.colcon_core.event_handler.log_command:Invoking command in '/home/urc/new-GUI/src/gui_window': PYTHONPATH=/home/urc/new-GUI/build/gui_window/prefix_override:/home/urc/new-GUI/install/gui_window/lib/python3.10/site-packages:${PYTHONPATH} /usr/bin/python3 setup.py egg_info --egg-base ../../build/gui_window build --build-base /home/urc/new-GUI/build/gui_window/build install --record /home/urc/new-GUI/build/gui_window/install.log --single-version-externally-managed
[4.548s] Level 1:colcon.colcon_core.environment:create_environment_scripts_only(geographic_msgs)
[4.616s] Level 1:colcon.colcon_core.environment:checking '/home/urc/new-GUI/install/geographic_msgs' for CMake module files
[4.620s] Level 1:colcon.colcon_core.environment:checking '/home/urc/new-GUI/install/geographic_msgs' for CMake config files
[4.622s] Level 1:colcon.colcon_core.shell:create_environment_hook('geographic_msgs', 'cmake_prefix_path')
[4.680s] INFO:colcon.colcon_core.shell:Creating environment hook '/home/urc/new-GUI/install/geographic_msgs/share/geographic_msgs/hook/cmake_prefix_path.ps1'
[4.687s] INFO:colcon.colcon_core.shell:Creating environment descriptor '/home/urc/new-GUI/install/geographic_msgs/share/geographic_msgs/hook/cmake_prefix_path.dsv'
[4.690s] INFO:colcon.colcon_core.shell:Creating environment hook '/home/urc/new-GUI/install/geographic_msgs/share/geographic_msgs/hook/cmake_prefix_path.sh'
[4.691s] Level 1:colcon.colcon_core.environment:checking '/home/urc/new-GUI/install/geographic_msgs/lib'
[4.691s] Level 1:colcon.colcon_core.shell:create_environment_hook('geographic_msgs', 'ld_library_path_lib')
[4.751s] INFO:colcon.colcon_core.shell:Creating environment hook '/home/urc/new-GUI/install/geographic_msgs/share/geographic_msgs/hook/ld_library_path_lib.ps1'
[4.752s] INFO:colcon.colcon_core.shell:Creating environment descriptor '/home/urc/new-GUI/install/geographic_msgs/share/geographic_msgs/hook/ld_library_path_lib.dsv'
[4.752s] INFO:colcon.colcon_core.shell:Creating environment hook '/home/urc/new-GUI/install/geographic_msgs/share/geographic_msgs/hook/ld_library_path_lib.sh'
[4.753s] Level 1:colcon.colcon_core.environment:checking '/home/urc/new-GUI/install/geographic_msgs/bin'
[4.753s] Level 1:colcon.colcon_core.environment:checking '/home/urc/new-GUI/install/geographic_msgs/lib/pkgconfig/geographic_msgs.pc'
[4.754s] Level 1:colcon.colcon_core.environment:checking '/home/urc/new-GUI/install/geographic_msgs/lib/python3.10/site-packages'
[4.754s] Level 1:colcon.colcon_core.environment:checking '/home/urc/new-GUI/install/geographic_msgs/bin'
[4.837s] INFO:colcon.colcon_core.shell:Creating package script '/home/urc/new-GUI/install/geographic_msgs/share/geographic_msgs/package.ps1'
[4.838s] INFO:colcon.colcon_core.shell:Creating package descriptor '/home/urc/new-GUI/install/geographic_msgs/share/geographic_msgs/package.dsv'
[4.839s] INFO:colcon.colcon_core.shell:Creating package script '/home/urc/new-GUI/install/geographic_msgs/share/geographic_msgs/package.sh'
[4.839s] INFO:colcon.colcon_core.shell:Creating package script '/home/urc/new-GUI/install/geographic_msgs/share/geographic_msgs/package.bash'
[4.840s] INFO:colcon.colcon_core.shell:Creating package script '/home/urc/new-GUI/install/geographic_msgs/share/geographic_msgs/package.zsh'
[4.840s] Level 1:colcon.colcon_core.environment:create_file_with_runtime_dependencies(/home/urc/new-GUI/install/geographic_msgs/share/colcon-core/packages/geographic_msgs)
[5.047s] DEBUG:colcon.colcon_core.event_handler.log_command:Invoked command in '/home/urc/new-GUI/src/gui_window' returned '0': PYTHONPATH=/home/urc/new-GUI/build/gui_window/prefix_override:/home/urc/new-GUI/install/gui_window/lib/python3.10/site-packages:${PYTHONPATH} /usr/bin/python3 setup.py egg_info --egg-base ../../build/gui_window build --build-base /home/urc/new-GUI/build/gui_window/build install --record /home/urc/new-GUI/build/gui_window/install.log --single-version-externally-managed
[5.085s] Level 1:colcon.colcon_core.environment:checking '/home/urc/new-GUI/install/gui_window' for CMake module files
[5.086s] Level 1:colcon.colcon_core.environment:checking '/home/urc/new-GUI/install/gui_window' for CMake config files
[5.087s] Level 1:colcon.colcon_core.environment:checking '/home/urc/new-GUI/install/gui_window/lib'
[5.087s] Level 1:colcon.colcon_core.environment:checking '/home/urc/new-GUI/install/gui_window/bin'
[5.087s] Level 1:colcon.colcon_core.environment:checking '/home/urc/new-GUI/install/gui_window/lib/pkgconfig/gui_window.pc'
[5.088s] Level 1:colcon.colcon_core.environment:checking '/home/urc/new-GUI/install/gui_window/lib/python3.10/site-packages'
[5.088s] Level 1:colcon.colcon_core.shell:create_environment_hook('gui_window', 'pythonpath')
[5.121s] INFO:colcon.colcon_core.shell:Creating environment hook '/home/urc/new-GUI/install/gui_window/share/gui_window/hook/pythonpath.ps1'
[5.121s] INFO:colcon.colcon_core.shell:Creating environment descriptor '/home/urc/new-GUI/install/gui_window/share/gui_window/hook/pythonpath.dsv'
[5.122s] INFO:colcon.colcon_core.shell:Creating environment hook '/home/urc/new-GUI/install/gui_window/share/gui_window/hook/pythonpath.sh'
[5.123s] Level 1:colcon.colcon_core.environment:checking '/home/urc/new-GUI/install/gui_window/bin'
[5.123s] Level 1:colcon.colcon_core.environment:create_environment_scripts_only(gui_window)
[5.155s] INFO:colcon.colcon_core.shell:Creating package script '/home/urc/new-GUI/install/gui_window/share/gui_window/package.ps1'
[5.156s] INFO:colcon.colcon_core.shell:Creating package descriptor '/home/urc/new-GUI/install/gui_window/share/gui_window/package.dsv'
[5.157s] INFO:colcon.colcon_core.shell:Creating package script '/home/urc/new-GUI/install/gui_window/share/gui_window/package.sh'
[5.158s] INFO:colcon.colcon_core.shell:Creating package script '/home/urc/new-GUI/install/gui_window/share/gui_window/package.bash'
[5.159s] INFO:colcon.colcon_core.shell:Creating package script '/home/urc/new-GUI/install/gui_window/share/gui_window/package.zsh'
[5.159s] Level 1:colcon.colcon_core.environment:create_file_with_runtime_dependencies(/home/urc/new-GUI/install/gui_window/share/colcon-core/packages/gui_window)
[6.255s] DEBUG:colcon.colcon_core.event_handler.log_command:Invoked command in '/home/urc/new-GUI/build/aruco_finder' returned '0': CMAKE_PREFIX_PATH=/opt/ros/humble /usr/bin/cmake /home/urc/new-GUI/src/aruco_finder -DCMAKE_INSTALL_PREFIX=/home/urc/new-GUI/install/aruco_finder
[6.256s] DEBUG:colcon.colcon_core.event_handler.log_command:Invoking command in '/home/urc/new-GUI/build/aruco_finder': CMAKE_PREFIX_PATH=/opt/ros/humble /usr/bin/cmake --build /home/urc/new-GUI/build/aruco_finder -- -j4 -l4
[6.313s] DEBUG:colcon.colcon_core.event_handler.log_command:Invoked command in '/home/urc/new-GUI/build/theora_webcams' returned '1': CMAKE_PREFIX_PATH=/opt/ros/humble /usr/bin/cmake /home/urc/new-GUI/src/theora_webcams -DCMAKE_INSTALL_PREFIX=/home/urc/new-GUI/install/theora_webcams
[6.341s] Level 1:colcon.colcon_core.environment:create_environment_scripts_only(theora_webcams)
[6.391s] Level 1:colcon.colcon_core.environment:checking '/home/urc/new-GUI/install/theora_webcams' for CMake module files
[6.392s] Level 1:colcon.colcon_core.environment:checking '/home/urc/new-GUI/install/theora_webcams' for CMake config files
[6.392s] Level 1:colcon.colcon_core.environment:checking '/home/urc/new-GUI/install/theora_webcams/bin'
[6.392s] Level 1:colcon.colcon_core.environment:checking '/home/urc/new-GUI/install/theora_webcams/lib/pkgconfig/theora_webcams.pc'
[6.392s] Level 1:colcon.colcon_core.environment:checking '/home/urc/new-GUI/install/theora_webcams/lib/python3.10/site-packages'
[6.393s] Level 1:colcon.colcon_core.environment:checking '/home/urc/new-GUI/install/theora_webcams/bin'
[6.461s] INFO:colcon.colcon_core.shell:Creating package script '/home/urc/new-GUI/install/theora_webcams/share/theora_webcams/package.ps1'
[6.466s] INFO:colcon.colcon_core.shell:Creating package descriptor '/home/urc/new-GUI/install/theora_webcams/share/theora_webcams/package.dsv'
[6.466s] INFO:colcon.colcon_core.shell:Creating package script '/home/urc/new-GUI/install/theora_webcams/share/theora_webcams/package.sh'
[6.466s] INFO:colcon.colcon_core.shell:Creating package script '/home/urc/new-GUI/install/theora_webcams/share/theora_webcams/package.bash'
[6.467s] INFO:colcon.colcon_core.shell:Creating package script '/home/urc/new-GUI/install/theora_webcams/share/theora_webcams/package.zsh'
[6.467s] Level 1:colcon.colcon_core.environment:create_file_with_runtime_dependencies(/home/urc/new-GUI/install/theora_webcams/share/colcon-core/packages/theora_webcams)
[12.882s] DEBUG:colcon.colcon_parallel_executor.executor.parallel:closing loop
[12.883s] DEBUG:colcon.colcon_parallel_executor.executor.parallel:loop closed
[12.883s] DEBUG:colcon.colcon_parallel_executor.executor.parallel:run_until_complete finished with '1'
[12.883s] DEBUG:colcon.colcon_core.event_reactor:joining thread
[12.914s] INFO:colcon.colcon_core.plugin_system:Skipping extension 'colcon_notification.desktop_notification.terminal_notifier': Not used on non-Darwin systems
[12.915s] INFO:colcon.colcon_core.plugin_system:Skipping extension 'colcon_notification.desktop_notification.win32': Not used on non-Windows systems
[12.915s] INFO:colcon.colcon_notification.desktop_notification:Sending desktop notification using 'notify2'
[12.936s] DEBUG:colcon.colcon_core.event_reactor:joined thread
[12.967s] INFO:colcon.colcon_core.shell:Creating prefix script '/home/urc/new-GUI/install/local_setup.ps1'
[12.969s] INFO:colcon.colcon_core.shell:Creating prefix util module '/home/urc/new-GUI/install/_local_setup_util_ps1.py'
[12.974s] INFO:colcon.colcon_core.shell:Creating prefix chain script '/home/urc/new-GUI/install/setup.ps1'
[12.998s] INFO:colcon.colcon_core.shell:Creating prefix script '/home/urc/new-GUI/install/local_setup.sh'
[13.000s] INFO:colcon.colcon_core.shell:Creating prefix util module '/home/urc/new-GUI/install/_local_setup_util_sh.py'
[13.001s] INFO:colcon.colcon_core.shell:Creating prefix chain script '/home/urc/new-GUI/install/setup.sh'
[13.024s] INFO:colcon.colcon_core.shell:Creating prefix script '/home/urc/new-GUI/install/local_setup.bash'
[13.026s] INFO:colcon.colcon_core.shell:Creating prefix chain script '/home/urc/new-GUI/install/setup.bash'
[13.066s] INFO:colcon.colcon_core.shell:Creating prefix script '/home/urc/new-GUI/install/local_setup.zsh'
[13.067s] INFO:colcon.colcon_core.shell:Creating prefix chain script '/home/urc/new-GUI/install/setup.zsh'
