[0.188s] Invoking command in '/home/urc/new_GUI/build/hockey_stick_arm': CMAKE_PREFIX_PATH=/home/urc/test_ws/install/turtle_test:/home/urc/test_ws/install/roslink_test:/home/urc/new_GUI/install/gui_window:/opt/ros/humble:${CMAKE_PREFIX_PATH} /usr/bin/cmake --build /home/urc/new_GUI/build/hockey_stick_arm -- -j4 -l4
[0.430s] [35m[1mConsolidate compiler generated dependencies of target hockey_stick_arm__rosidl_generator_c[0m
[0.515s] [  2%] Built target hockey_stick_arm__cpp
[0.545s] [  2%] Built target ament_cmake_python_copy_hockey_stick_arm
[0.555s] [ 12%] Built target hockey_stick_arm__rosidl_generator_c
[0.582s] [35m[1mConsolidate compiler generated dependencies of target hockey_stick_arm__rosidl_typesupport_fastrtps_cpp[0m
[0.604s] [35m[1mConsolidate compiler generated dependencies of target hockey_stick_arm__rosidl_typesupport_introspection_cpp[0m
[0.656s] [ 23%] Built target hockey_stick_arm__rosidl_typesupport_fastrtps_cpp
[0.725s] [ 33%] Built target hockey_stick_arm__rosidl_typesupport_introspection_cpp
[0.789s] [35m[1mConsolidate compiler generated dependencies of target hockey_stick_arm__rosidl_typesupport_cpp[0m
[0.825s] [35m[1mConsolidate compiler generated dependencies of target hockey_stick_arm__rosidl_typesupport_fastrtps_c[0m
[0.854s] [35m[1mConsolidate compiler generated dependencies of target hockey_stick_arm__rosidl_typesupport_introspection_c[0m
[0.917s] [ 43%] Built target hockey_stick_arm__rosidl_typesupport_cpp
[0.953s] [ 53%] Built target hockey_stick_arm__rosidl_typesupport_fastrtps_c
[0.957s] [ 64%] Built target hockey_stick_arm__rosidl_typesupport_introspection_c
[1.037s] [35m[1mConsolidate compiler generated dependencies of target hockey_stick_arm__rosidl_typesupport_c[0m
[1.114s] [ 74%] Built target hockey_stick_arm__rosidl_typesupport_c
[1.253s] [ 74%] Built target hockey_stick_arm
[1.332s] [ 76%] Built target hockey_stick_arm__py
[1.453s] [35m[1mConsolidate compiler generated dependencies of target hockey_stick_arm__rosidl_generator_py[0m
[1.620s] [ 84%] Built target hockey_stick_arm__rosidl_generator_py
[1.723s] [35m[1mConsolidate compiler generated dependencies of target hockey_stick_arm__rosidl_typesupport_fastrtps_c__pyext[0m
[1.726s] [35m[1mConsolidate compiler generated dependencies of target hockey_stick_arm__rosidl_typesupport_introspection_c__pyext[0m
[1.813s] [35m[1mConsolidate compiler generated dependencies of target hockey_stick_arm__rosidl_typesupport_c__pyext[0m
[1.847s] [ 89%] Built target hockey_stick_arm__rosidl_typesupport_introspection_c__pyext
[1.850s] [ 94%] Built target hockey_stick_arm__rosidl_typesupport_fastrtps_c__pyext
[1.896s] [100%] Built target hockey_stick_arm__rosidl_typesupport_c__pyext
[2.430s] running egg_info
[2.431s] writing hockey_stick_arm.egg-info/PKG-INFO
[2.433s] writing dependency_links to hockey_stick_arm.egg-info/dependency_links.txt
[2.433s] writing top-level names to hockey_stick_arm.egg-info/top_level.txt
[2.458s] reading manifest file 'hockey_stick_arm.egg-info/SOURCES.txt'
[2.471s] writing manifest file 'hockey_stick_arm.egg-info/SOURCES.txt'
[2.569s] [100%] Built target ament_cmake_python_build_hockey_stick_arm_egg
[2.625s] Invoked command in '/home/urc/new_GUI/build/hockey_stick_arm' returned '0': CMAKE_PREFIX_PATH=/home/urc/test_ws/install/turtle_test:/home/urc/test_ws/install/roslink_test:/home/urc/new_GUI/install/gui_window:/opt/ros/humble:${CMAKE_PREFIX_PATH} /usr/bin/cmake --build /home/urc/new_GUI/build/hockey_stick_arm -- -j4 -l4
[2.897s] Invoking command in '/home/urc/new_GUI/build/hockey_stick_arm': CMAKE_PREFIX_PATH=/home/urc/test_ws/install/turtle_test:/home/urc/test_ws/install/roslink_test:/home/urc/new_GUI/install/gui_window:/opt/ros/humble:${CMAKE_PREFIX_PATH} /usr/bin/cmake --install /home/urc/new_GUI/build/hockey_stick_arm
[2.914s] -- Install configuration: ""
[2.916s] -- Up-to-date: /home/urc/new_GUI/install/hockey_stick_arm/share/ament_index/resource_index/rosidl_interfaces/hockey_stick_arm
[2.919s] -- Up-to-date: /home/urc/new_GUI/install/hockey_stick_arm/include/hockey_stick_arm/hockey_stick_arm
[2.923s] -- Up-to-date: /home/urc/new_GUI/install/hockey_stick_arm/include/hockey_stick_arm/hockey_stick_arm/msg
[2.925s] -- Up-to-date: /home/urc/new_GUI/install/hockey_stick_arm/include/hockey_stick_arm/hockey_stick_arm/msg/rosidl_generator_c__visibility_control.h
[2.926s] -- Up-to-date: /home/urc/new_GUI/install/hockey_stick_arm/include/hockey_stick_arm/hockey_stick_arm/srv
[2.929s] -- Up-to-date: /home/urc/new_GUI/install/hockey_stick_arm/include/hockey_stick_arm/hockey_stick_arm/srv/calibrate.h
[2.929s] -- Up-to-date: /home/urc/new_GUI/install/hockey_stick_arm/include/hockey_stick_arm/hockey_stick_arm/srv/detail
[2.930s] -- Up-to-date: /home/urc/new_GUI/install/hockey_stick_arm/include/hockey_stick_arm/hockey_stick_arm/srv/detail/calibrate__type_support.h
[2.930s] -- Up-to-date: /home/urc/new_GUI/install/hockey_stick_arm/include/hockey_stick_arm/hockey_stick_arm/srv/detail/set_float__struct.h
[2.930s] -- Up-to-date: /home/urc/new_GUI/install/hockey_stick_arm/include/hockey_stick_arm/hockey_stick_arm/srv/detail/set_float__functions.c
[2.931s] -- Up-to-date: /home/urc/new_GUI/install/hockey_stick_arm/include/hockey_stick_arm/hockey_stick_arm/srv/detail/set_float__type_support.h
[2.932s] -- Up-to-date: /home/urc/new_GUI/install/hockey_stick_arm/include/hockey_stick_arm/hockey_stick_arm/srv/detail/calibrate__functions.c
[2.935s] -- Up-to-date: /home/urc/new_GUI/install/hockey_stick_arm/include/hockey_stick_arm/hockey_stick_arm/srv/detail/set_float__functions.h
[2.935s] -- Up-to-date: /home/urc/new_GUI/install/hockey_stick_arm/include/hockey_stick_arm/hockey_stick_arm/srv/detail/calibrate__struct.h
[2.935s] -- Up-to-date: /home/urc/new_GUI/install/hockey_stick_arm/include/hockey_stick_arm/hockey_stick_arm/srv/detail/calibrate__functions.h
[2.935s] -- Up-to-date: /home/urc/new_GUI/install/hockey_stick_arm/include/hockey_stick_arm/hockey_stick_arm/srv/set_float.h
[2.935s] -- Up-to-date: /home/urc/new_GUI/install/hockey_stick_arm/share/hockey_stick_arm/environment/library_path.sh
[2.935s] -- Up-to-date: /home/urc/new_GUI/install/hockey_stick_arm/share/hockey_stick_arm/environment/library_path.dsv
[2.935s] -- Up-to-date: /home/urc/new_GUI/install/hockey_stick_arm/lib/libhockey_stick_arm__rosidl_generator_c.so
[2.936s] -- Up-to-date: /home/urc/new_GUI/install/hockey_stick_arm/include/hockey_stick_arm/hockey_stick_arm
[2.936s] -- Up-to-date: /home/urc/new_GUI/install/hockey_stick_arm/include/hockey_stick_arm/hockey_stick_arm/msg
[2.936s] -- Up-to-date: /home/urc/new_GUI/install/hockey_stick_arm/include/hockey_stick_arm/hockey_stick_arm/msg/rosidl_typesupport_fastrtps_c__visibility_control.h
[2.938s] -- Up-to-date: /home/urc/new_GUI/install/hockey_stick_arm/include/hockey_stick_arm/hockey_stick_arm/srv
[2.939s] -- Up-to-date: /home/urc/new_GUI/install/hockey_stick_arm/include/hockey_stick_arm/hockey_stick_arm/srv/detail
[2.939s] -- Up-to-date: /home/urc/new_GUI/install/hockey_stick_arm/include/hockey_stick_arm/hockey_stick_arm/srv/detail/set_float__rosidl_typesupport_fastrtps_c.h
[2.941s] -- Up-to-date: /home/urc/new_GUI/install/hockey_stick_arm/include/hockey_stick_arm/hockey_stick_arm/srv/detail/calibrate__rosidl_typesupport_fastrtps_c.h
[2.941s] -- Up-to-date: /home/urc/new_GUI/install/hockey_stick_arm/lib/libhockey_stick_arm__rosidl_typesupport_fastrtps_c.so
[2.942s] -- Up-to-date: /home/urc/new_GUI/install/hockey_stick_arm/include/hockey_stick_arm/hockey_stick_arm
[2.942s] -- Up-to-date: /home/urc/new_GUI/install/hockey_stick_arm/include/hockey_stick_arm/hockey_stick_arm/msg
[2.949s] -- Up-to-date: /home/urc/new_GUI/install/hockey_stick_arm/include/hockey_stick_arm/hockey_stick_arm/msg/rosidl_typesupport_introspection_c__visibility_control.h
[2.949s] -- Up-to-date: /home/urc/new_GUI/install/hockey_stick_arm/include/hockey_stick_arm/hockey_stick_arm/srv
[2.950s] -- Up-to-date: /home/urc/new_GUI/install/hockey_stick_arm/include/hockey_stick_arm/hockey_stick_arm/srv/detail
[2.950s] -- Up-to-date: /home/urc/new_GUI/install/hockey_stick_arm/include/hockey_stick_arm/hockey_stick_arm/srv/detail/set_float__type_support.c
[2.950s] -- Up-to-date: /home/urc/new_GUI/install/hockey_stick_arm/include/hockey_stick_arm/hockey_stick_arm/srv/detail/calibrate__rosidl_typesupport_introspection_c.h
[2.950s] -- Up-to-date: /home/urc/new_GUI/install/hockey_stick_arm/include/hockey_stick_arm/hockey_stick_arm/srv/detail/calibrate__type_support.c
[2.950s] -- Up-to-date: /home/urc/new_GUI/install/hockey_stick_arm/include/hockey_stick_arm/hockey_stick_arm/srv/detail/set_float__rosidl_typesupport_introspection_c.h
[2.950s] -- Up-to-date: /home/urc/new_GUI/install/hockey_stick_arm/lib/libhockey_stick_arm__rosidl_typesupport_introspection_c.so
[2.950s] -- Up-to-date: /home/urc/new_GUI/install/hockey_stick_arm/lib/libhockey_stick_arm__rosidl_typesupport_c.so
[2.950s] -- Up-to-date: /home/urc/new_GUI/install/hockey_stick_arm/include/hockey_stick_arm/hockey_stick_arm
[2.951s] -- Up-to-date: /home/urc/new_GUI/install/hockey_stick_arm/include/hockey_stick_arm/hockey_stick_arm/srv
[2.951s] -- Up-to-date: /home/urc/new_GUI/install/hockey_stick_arm/include/hockey_stick_arm/hockey_stick_arm/srv/set_float.hpp
[2.951s] -- Up-to-date: /home/urc/new_GUI/install/hockey_stick_arm/include/hockey_stick_arm/hockey_stick_arm/srv/calibrate.hpp
[2.951s] -- Up-to-date: /home/urc/new_GUI/install/hockey_stick_arm/include/hockey_stick_arm/hockey_stick_arm/srv/detail
[2.951s] -- Up-to-date: /home/urc/new_GUI/install/hockey_stick_arm/include/hockey_stick_arm/hockey_stick_arm/srv/detail/set_float__traits.hpp
[2.951s] -- Up-to-date: /home/urc/new_GUI/install/hockey_stick_arm/include/hockey_stick_arm/hockey_stick_arm/srv/detail/set_float__struct.hpp
[2.951s] -- Up-to-date: /home/urc/new_GUI/install/hockey_stick_arm/include/hockey_stick_arm/hockey_stick_arm/srv/detail/set_float__builder.hpp
[2.952s] -- Up-to-date: /home/urc/new_GUI/install/hockey_stick_arm/include/hockey_stick_arm/hockey_stick_arm/srv/detail/calibrate__builder.hpp
[2.957s] -- Up-to-date: /home/urc/new_GUI/install/hockey_stick_arm/include/hockey_stick_arm/hockey_stick_arm/srv/detail/calibrate__traits.hpp
[2.959s] -- Up-to-date: /home/urc/new_GUI/install/hockey_stick_arm/include/hockey_stick_arm/hockey_stick_arm/srv/detail/calibrate__struct.hpp
[2.961s] -- Up-to-date: /home/urc/new_GUI/install/hockey_stick_arm/include/hockey_stick_arm/hockey_stick_arm
[2.961s] -- Up-to-date: /home/urc/new_GUI/install/hockey_stick_arm/include/hockey_stick_arm/hockey_stick_arm/msg
[2.961s] -- Up-to-date: /home/urc/new_GUI/install/hockey_stick_arm/include/hockey_stick_arm/hockey_stick_arm/msg/rosidl_typesupport_fastrtps_cpp__visibility_control.h
[2.961s] -- Up-to-date: /home/urc/new_GUI/install/hockey_stick_arm/include/hockey_stick_arm/hockey_stick_arm/srv
[2.962s] -- Up-to-date: /home/urc/new_GUI/install/hockey_stick_arm/include/hockey_stick_arm/hockey_stick_arm/srv/detail
[2.962s] -- Up-to-date: /home/urc/new_GUI/install/hockey_stick_arm/include/hockey_stick_arm/hockey_stick_arm/srv/detail/calibrate__rosidl_typesupport_fastrtps_cpp.hpp
[2.962s] -- Up-to-date: /home/urc/new_GUI/install/hockey_stick_arm/include/hockey_stick_arm/hockey_stick_arm/srv/detail/set_float__rosidl_typesupport_fastrtps_cpp.hpp
[2.962s] -- Up-to-date: /home/urc/new_GUI/install/hockey_stick_arm/include/hockey_stick_arm/hockey_stick_arm/srv/detail/dds_fastrtps
[2.963s] -- Up-to-date: /home/urc/new_GUI/install/hockey_stick_arm/lib/libhockey_stick_arm__rosidl_typesupport_fastrtps_cpp.so
[2.963s] -- Up-to-date: /home/urc/new_GUI/install/hockey_stick_arm/include/hockey_stick_arm/hockey_stick_arm
[2.968s] -- Up-to-date: /home/urc/new_GUI/install/hockey_stick_arm/include/hockey_stick_arm/hockey_stick_arm/srv
[2.969s] -- Up-to-date: /home/urc/new_GUI/install/hockey_stick_arm/include/hockey_stick_arm/hockey_stick_arm/srv/detail
[2.970s] -- Up-to-date: /home/urc/new_GUI/install/hockey_stick_arm/include/hockey_stick_arm/hockey_stick_arm/srv/detail/set_float__rosidl_typesupport_introspection_cpp.hpp
[2.971s] -- Up-to-date: /home/urc/new_GUI/install/hockey_stick_arm/include/hockey_stick_arm/hockey_stick_arm/srv/detail/calibrate__rosidl_typesupport_introspection_cpp.hpp
[2.974s] -- Up-to-date: /home/urc/new_GUI/install/hockey_stick_arm/include/hockey_stick_arm/hockey_stick_arm/srv/detail/calibrate__type_support.cpp
[2.978s] -- Up-to-date: /home/urc/new_GUI/install/hockey_stick_arm/include/hockey_stick_arm/hockey_stick_arm/srv/detail/set_float__type_support.cpp
[2.979s] -- Up-to-date: /home/urc/new_GUI/install/hockey_stick_arm/lib/libhockey_stick_arm__rosidl_typesupport_introspection_cpp.so
[2.983s] -- Up-to-date: /home/urc/new_GUI/install/hockey_stick_arm/lib/libhockey_stick_arm__rosidl_typesupport_cpp.so
[2.983s] -- Up-to-date: /home/urc/new_GUI/install/hockey_stick_arm/share/hockey_stick_arm/environment/pythonpath.sh
[2.983s] -- Up-to-date: /home/urc/new_GUI/install/hockey_stick_arm/share/hockey_stick_arm/environment/pythonpath.dsv
[2.984s] -- Up-to-date: /home/urc/new_GUI/install/hockey_stick_arm/local/lib/python3.10/dist-packages/hockey_stick_arm-0.0.0-py3.10.egg-info
[2.984s] -- Installing: /home/urc/new_GUI/install/hockey_stick_arm/local/lib/python3.10/dist-packages/hockey_stick_arm-0.0.0-py3.10.egg-info/PKG-INFO
[2.985s] -- Installing: /home/urc/new_GUI/install/hockey_stick_arm/local/lib/python3.10/dist-packages/hockey_stick_arm-0.0.0-py3.10.egg-info/dependency_links.txt
[2.985s] -- Installing: /home/urc/new_GUI/install/hockey_stick_arm/local/lib/python3.10/dist-packages/hockey_stick_arm-0.0.0-py3.10.egg-info/top_level.txt
[2.986s] -- Installing: /home/urc/new_GUI/install/hockey_stick_arm/local/lib/python3.10/dist-packages/hockey_stick_arm-0.0.0-py3.10.egg-info/SOURCES.txt
[2.986s] -- Up-to-date: /home/urc/new_GUI/install/hockey_stick_arm/local/lib/python3.10/dist-packages/hockey_stick_arm
[2.987s] -- Up-to-date: /home/urc/new_GUI/install/hockey_stick_arm/local/lib/python3.10/dist-packages/hockey_stick_arm/hockey_stick_arm_s__rosidl_typesupport_c.cpython-310-x86_64-linux-gnu.so
[2.988s] -- Up-to-date: /home/urc/new_GUI/install/hockey_stick_arm/local/lib/python3.10/dist-packages/hockey_stick_arm/__init__.py
[2.989s] -- Up-to-date: /home/urc/new_GUI/install/hockey_stick_arm/local/lib/python3.10/dist-packages/hockey_stick_arm/_hockey_stick_arm_s.ep.rosidl_typesupport_c.c
[2.990s] -- Up-to-date: /home/urc/new_GUI/install/hockey_stick_arm/local/lib/python3.10/dist-packages/hockey_stick_arm/hockey_stick_arm_s__rosidl_typesupport_introspection_c.cpython-310-x86_64-linux-gnu.so
[2.990s] -- Up-to-date: /home/urc/new_GUI/install/hockey_stick_arm/local/lib/python3.10/dist-packages/hockey_stick_arm/libhockey_stick_arm__rosidl_generator_py.so
[2.991s] -- Up-to-date: /home/urc/new_GUI/install/hockey_stick_arm/local/lib/python3.10/dist-packages/hockey_stick_arm/_hockey_stick_arm_s.ep.rosidl_typesupport_introspection_c.c
[2.991s] -- Up-to-date: /home/urc/new_GUI/install/hockey_stick_arm/local/lib/python3.10/dist-packages/hockey_stick_arm/srv
[2.992s] -- Up-to-date: /home/urc/new_GUI/install/hockey_stick_arm/local/lib/python3.10/dist-packages/hockey_stick_arm/srv/__init__.py
[2.992s] -- Up-to-date: /home/urc/new_GUI/install/hockey_stick_arm/local/lib/python3.10/dist-packages/hockey_stick_arm/srv/_set_float_s.c
[2.993s] -- Up-to-date: /home/urc/new_GUI/install/hockey_stick_arm/local/lib/python3.10/dist-packages/hockey_stick_arm/srv/_set_float.py
[2.993s] -- Up-to-date: /home/urc/new_GUI/install/hockey_stick_arm/local/lib/python3.10/dist-packages/hockey_stick_arm/srv/_calibrate.py
[2.994s] -- Up-to-date: /home/urc/new_GUI/install/hockey_stick_arm/local/lib/python3.10/dist-packages/hockey_stick_arm/srv/_calibrate_s.c
[2.995s] -- Up-to-date: /home/urc/new_GUI/install/hockey_stick_arm/local/lib/python3.10/dist-packages/hockey_stick_arm/_hockey_stick_arm_s.ep.rosidl_typesupport_fastrtps_c.c
[2.995s] -- Up-to-date: /home/urc/new_GUI/install/hockey_stick_arm/local/lib/python3.10/dist-packages/hockey_stick_arm/hockey_stick_arm_s__rosidl_typesupport_fastrtps_c.cpython-310-x86_64-linux-gnu.so
[3.029s] Listing '/home/urc/new_GUI/install/hockey_stick_arm/local/lib/python3.10/dist-packages/hockey_stick_arm'...
[3.029s] Listing '/home/urc/new_GUI/install/hockey_stick_arm/local/lib/python3.10/dist-packages/hockey_stick_arm/srv'...
[3.034s] -- Up-to-date: /home/urc/new_GUI/install/hockey_stick_arm/local/lib/python3.10/dist-packages/hockey_stick_arm/hockey_stick_arm_s__rosidl_typesupport_fastrtps_c.cpython-310-x86_64-linux-gnu.so
[3.037s] -- Up-to-date: /home/urc/new_GUI/install/hockey_stick_arm/local/lib/python3.10/dist-packages/hockey_stick_arm/hockey_stick_arm_s__rosidl_typesupport_introspection_c.cpython-310-x86_64-linux-gnu.so
[3.038s] -- Up-to-date: /home/urc/new_GUI/install/hockey_stick_arm/local/lib/python3.10/dist-packages/hockey_stick_arm/hockey_stick_arm_s__rosidl_typesupport_c.cpython-310-x86_64-linux-gnu.so
[3.040s] -- Up-to-date: /home/urc/new_GUI/install/hockey_stick_arm/lib/libhockey_stick_arm__rosidl_generator_py.so
[3.041s] -- Up-to-date: /home/urc/new_GUI/install/hockey_stick_arm/share/hockey_stick_arm/srv/Calibrate.idl
[3.042s] -- Up-to-date: /home/urc/new_GUI/install/hockey_stick_arm/share/hockey_stick_arm/srv/SetFloat.idl
[3.042s] -- Up-to-date: /home/urc/new_GUI/install/hockey_stick_arm/share/hockey_stick_arm/srv/Calibrate.srv
[3.044s] -- Up-to-date: /home/urc/new_GUI/install/hockey_stick_arm/share/hockey_stick_arm/srv/Calibrate_Request.msg
[3.044s] -- Up-to-date: /home/urc/new_GUI/install/hockey_stick_arm/share/hockey_stick_arm/srv/Calibrate_Response.msg
[3.045s] -- Up-to-date: /home/urc/new_GUI/install/hockey_stick_arm/share/hockey_stick_arm/srv/SetFloat.srv
[3.045s] -- Up-to-date: /home/urc/new_GUI/install/hockey_stick_arm/share/hockey_stick_arm/srv/SetFloat_Request.msg
[3.045s] -- Up-to-date: /home/urc/new_GUI/install/hockey_stick_arm/share/hockey_stick_arm/srv/SetFloat_Response.msg
[3.045s] -- Up-to-date: /home/urc/new_GUI/install/hockey_stick_arm/share/ament_index/resource_index/package_run_dependencies/hockey_stick_arm
[3.046s] -- Up-to-date: /home/urc/new_GUI/install/hockey_stick_arm/share/ament_index/resource_index/parent_prefix_path/hockey_stick_arm
[3.046s] -- Up-to-date: /home/urc/new_GUI/install/hockey_stick_arm/share/hockey_stick_arm/environment/ament_prefix_path.sh
[3.050s] -- Up-to-date: /home/urc/new_GUI/install/hockey_stick_arm/share/hockey_stick_arm/environment/ament_prefix_path.dsv
[3.050s] -- Up-to-date: /home/urc/new_GUI/install/hockey_stick_arm/share/hockey_stick_arm/environment/path.sh
[3.050s] -- Up-to-date: /home/urc/new_GUI/install/hockey_stick_arm/share/hockey_stick_arm/environment/path.dsv
[3.050s] -- Up-to-date: /home/urc/new_GUI/install/hockey_stick_arm/share/hockey_stick_arm/local_setup.bash
[3.051s] -- Up-to-date: /home/urc/new_GUI/install/hockey_stick_arm/share/hockey_stick_arm/local_setup.sh
[3.051s] -- Up-to-date: /home/urc/new_GUI/install/hockey_stick_arm/share/hockey_stick_arm/local_setup.zsh
[3.052s] -- Up-to-date: /home/urc/new_GUI/install/hockey_stick_arm/share/hockey_stick_arm/local_setup.dsv
[3.052s] -- Installing: /home/urc/new_GUI/install/hockey_stick_arm/share/hockey_stick_arm/package.dsv
[3.052s] -- Up-to-date: /home/urc/new_GUI/install/hockey_stick_arm/share/ament_index/resource_index/packages/hockey_stick_arm
[3.052s] -- Up-to-date: /home/urc/new_GUI/install/hockey_stick_arm/share/hockey_stick_arm/cmake/export_hockey_stick_arm__rosidl_generator_cExport.cmake
[3.054s] -- Up-to-date: /home/urc/new_GUI/install/hockey_stick_arm/share/hockey_stick_arm/cmake/export_hockey_stick_arm__rosidl_generator_cExport-noconfig.cmake
[3.055s] -- Up-to-date: /home/urc/new_GUI/install/hockey_stick_arm/share/hockey_stick_arm/cmake/export_hockey_stick_arm__rosidl_typesupport_fastrtps_cExport.cmake
[3.055s] -- Up-to-date: /home/urc/new_GUI/install/hockey_stick_arm/share/hockey_stick_arm/cmake/export_hockey_stick_arm__rosidl_typesupport_fastrtps_cExport-noconfig.cmake
[3.055s] -- Up-to-date: /home/urc/new_GUI/install/hockey_stick_arm/share/hockey_stick_arm/cmake/hockey_stick_arm__rosidl_typesupport_introspection_cExport.cmake
[3.055s] -- Up-to-date: /home/urc/new_GUI/install/hockey_stick_arm/share/hockey_stick_arm/cmake/hockey_stick_arm__rosidl_typesupport_introspection_cExport-noconfig.cmake
[3.058s] -- Up-to-date: /home/urc/new_GUI/install/hockey_stick_arm/share/hockey_stick_arm/cmake/hockey_stick_arm__rosidl_typesupport_cExport.cmake
[3.058s] -- Up-to-date: /home/urc/new_GUI/install/hockey_stick_arm/share/hockey_stick_arm/cmake/hockey_stick_arm__rosidl_typesupport_cExport-noconfig.cmake
[3.058s] -- Up-to-date: /home/urc/new_GUI/install/hockey_stick_arm/share/hockey_stick_arm/cmake/export_hockey_stick_arm__rosidl_generator_cppExport.cmake
[3.058s] -- Up-to-date: /home/urc/new_GUI/install/hockey_stick_arm/share/hockey_stick_arm/cmake/export_hockey_stick_arm__rosidl_typesupport_fastrtps_cppExport.cmake
[3.059s] -- Up-to-date: /home/urc/new_GUI/install/hockey_stick_arm/share/hockey_stick_arm/cmake/export_hockey_stick_arm__rosidl_typesupport_fastrtps_cppExport-noconfig.cmake
[3.060s] -- Up-to-date: /home/urc/new_GUI/install/hockey_stick_arm/share/hockey_stick_arm/cmake/hockey_stick_arm__rosidl_typesupport_introspection_cppExport.cmake
[3.061s] -- Up-to-date: /home/urc/new_GUI/install/hockey_stick_arm/share/hockey_stick_arm/cmake/hockey_stick_arm__rosidl_typesupport_introspection_cppExport-noconfig.cmake
[3.061s] -- Up-to-date: /home/urc/new_GUI/install/hockey_stick_arm/share/hockey_stick_arm/cmake/hockey_stick_arm__rosidl_typesupport_cppExport.cmake
[3.061s] -- Up-to-date: /home/urc/new_GUI/install/hockey_stick_arm/share/hockey_stick_arm/cmake/hockey_stick_arm__rosidl_typesupport_cppExport-noconfig.cmake
[3.061s] -- Up-to-date: /home/urc/new_GUI/install/hockey_stick_arm/share/hockey_stick_arm/cmake/export_hockey_stick_arm__rosidl_generator_pyExport.cmake
[3.061s] -- Up-to-date: /home/urc/new_GUI/install/hockey_stick_arm/share/hockey_stick_arm/cmake/export_hockey_stick_arm__rosidl_generator_pyExport-noconfig.cmake
[3.063s] -- Up-to-date: /home/urc/new_GUI/install/hockey_stick_arm/share/hockey_stick_arm/cmake/rosidl_cmake-extras.cmake
[3.065s] -- Up-to-date: /home/urc/new_GUI/install/hockey_stick_arm/share/hockey_stick_arm/cmake/ament_cmake_export_dependencies-extras.cmake
[3.065s] -- Up-to-date: /home/urc/new_GUI/install/hockey_stick_arm/share/hockey_stick_arm/cmake/ament_cmake_export_include_directories-extras.cmake
[3.065s] -- Up-to-date: /home/urc/new_GUI/install/hockey_stick_arm/share/hockey_stick_arm/cmake/ament_cmake_export_libraries-extras.cmake
[3.066s] -- Up-to-date: /home/urc/new_GUI/install/hockey_stick_arm/share/hockey_stick_arm/cmake/ament_cmake_export_targets-extras.cmake
[3.072s] -- Up-to-date: /home/urc/new_GUI/install/hockey_stick_arm/share/hockey_stick_arm/cmake/rosidl_cmake_export_typesupport_targets-extras.cmake
[3.073s] -- Up-to-date: /home/urc/new_GUI/install/hockey_stick_arm/share/hockey_stick_arm/cmake/rosidl_cmake_export_typesupport_libraries-extras.cmake
[3.073s] -- Up-to-date: /home/urc/new_GUI/install/hockey_stick_arm/share/hockey_stick_arm/cmake/hockey_stick_armConfig.cmake
[3.073s] -- Up-to-date: /home/urc/new_GUI/install/hockey_stick_arm/share/hockey_stick_arm/cmake/hockey_stick_armConfig-version.cmake
[3.074s] -- Up-to-date: /home/urc/new_GUI/install/hockey_stick_arm/share/hockey_stick_arm/package.xml
[3.074s] Invoked command in '/home/urc/new_GUI/build/hockey_stick_arm' returned '0': CMAKE_PREFIX_PATH=/home/urc/test_ws/install/turtle_test:/home/urc/test_ws/install/roslink_test:/home/urc/new_GUI/install/gui_window:/opt/ros/humble:${CMAKE_PREFIX_PATH} /usr/bin/cmake --install /home/urc/new_GUI/build/hockey_stick_arm
