[35m[1mConsolidate compiler generated dependencies of target geographic_msgs__rosidl_generator_c[0m
[  3%] Built target geographic_msgs__cpp
[ 12%] Built target geographic_msgs__rosidl_generator_c
[ 12%] Built target ament_cmake_python_symlink_geographic_msgs
[35m[1mConsolidate compiler generated dependencies of target geographic_msgs__rosidl_typesupport_introspection_c[0m
[35m[1mConsolidate compiler generated dependencies of target geographic_msgs__rosidl_typesupport_fastrtps_c[0m
[35m[1mConsolidate compiler generated dependencies of target geographic_msgs__rosidl_typesupport_c[0m
[35m[1mConsolidate compiler generated dependencies of target geographic_msgs__rosidl_typesupport_fastrtps_cpp[0m
[ 22%] Built target geographic_msgs__rosidl_typesupport_fastrtps_c
[ 32%] Built target geographic_msgs__rosidl_typesupport_introspection_c
[ 41%] Built target geographic_msgs__rosidl_typesupport_fastrtps_cpp
[ 51%] Built target geographic_msgs__rosidl_typesupport_c
[35m[1mConsolidate compiler generated dependencies of target geographic_msgs__rosidl_typesupport_cpp[0m
[35m[1mConsolidate compiler generated dependencies of target geographic_msgs__rosidl_typesupport_introspection_cpp[0m
[ 61%] Built target geographic_msgs__rosidl_typesupport_introspection_cpp
[ 70%] Built target geographic_msgs__rosidl_typesupport_cpp
[ 70%] Built target geographic_msgs
[ 74%] Built target geographic_msgs__py
[35m[1mConsolidate compiler generated dependencies of target geographic_msgs__rosidl_generator_py[0m
[ 80%] Built target geographic_msgs__rosidl_generator_py
[35m[1mConsolidate compiler generated dependencies of target geographic_msgs__rosidl_typesupport_introspection_c__pyext[0m
[35m[1mConsolidate compiler generated dependencies of target geographic_msgs__rosidl_typesupport_fastrtps_c__pyext[0m
[35m[1mConsolidate compiler generated dependencies of target geographic_msgs__rosidl_typesupport_c__pyext[0m
[ 87%] Built target geographic_msgs__rosidl_typesupport_fastrtps_c__pyext
[ 93%] Built target geographic_msgs__rosidl_typesupport_introspection_c__pyext
[100%] Built target geographic_msgs__rosidl_typesupport_c__pyext
running egg_info
writing geographic_msgs.egg-info/PKG-INFO
writing dependency_links to geographic_msgs.egg-info/dependency_links.txt
writing top-level names to geographic_msgs.egg-info/top_level.txt
reading manifest file 'geographic_msgs.egg-info/SOURCES.txt'
writing manifest file 'geographic_msgs.egg-info/SOURCES.txt'
[100%] Built target ament_cmake_python_build_geographic_msgs_egg
-- Install configuration: ""
-- Execute custom install script
-- Up-to-date symlink: /home/urc/new-GUI/install/geographic_msgs/share/ament_index/resource_index/rosidl_interfaces/geographic_msgs
-- Up-to-date symlink: /home/urc/new-GUI/install/geographic_msgs/include/geographic_msgs/geographic_msgs/msg/detail/geo_point__functions.h
-- Up-to-date symlink: /home/urc/new-GUI/install/geographic_msgs/include/geographic_msgs/geographic_msgs/msg/detail/geo_point__struct.h
-- Up-to-date symlink: /home/urc/new-GUI/install/geographic_msgs/include/geographic_msgs/geographic_msgs/msg/detail/geo_point__type_support.h
-- Up-to-date symlink: /home/urc/new-GUI/install/geographic_msgs/include/geographic_msgs/geographic_msgs/msg/geo_point.h
-- Up-to-date symlink: /home/urc/new-GUI/install/geographic_msgs/include/geographic_msgs/geographic_msgs/msg/rosidl_generator_c__visibility_control.h
-- Up-to-date symlink: /home/urc/new-GUI/install/geographic_msgs/share/geographic_msgs/environment/library_path.sh
-- Up-to-date symlink: /home/urc/new-GUI/install/geographic_msgs/share/geographic_msgs/environment/library_path.dsv
-- Up-to-date symlink: /home/urc/new-GUI/install/geographic_msgs/include/geographic_msgs/geographic_msgs/msg/detail/geo_point__rosidl_typesupport_fastrtps_c.h
-- Up-to-date symlink: /home/urc/new-GUI/install/geographic_msgs/include/geographic_msgs/geographic_msgs/msg/rosidl_typesupport_fastrtps_c__visibility_control.h
-- Up-to-date symlink: /home/urc/new-GUI/install/geographic_msgs/include/geographic_msgs/geographic_msgs/msg/detail/geo_point__rosidl_typesupport_introspection_c.h
-- Up-to-date symlink: /home/urc/new-GUI/install/geographic_msgs/include/geographic_msgs/geographic_msgs/msg/rosidl_typesupport_introspection_c__visibility_control.h
-- Up-to-date symlink: /home/urc/new-GUI/install/geographic_msgs/include/geographic_msgs/geographic_msgs/msg/detail/geo_point__builder.hpp
-- Up-to-date symlink: /home/urc/new-GUI/install/geographic_msgs/include/geographic_msgs/geographic_msgs/msg/detail/geo_point__struct.hpp
-- Up-to-date symlink: /home/urc/new-GUI/install/geographic_msgs/include/geographic_msgs/geographic_msgs/msg/detail/geo_point__traits.hpp
-- Up-to-date symlink: /home/urc/new-GUI/install/geographic_msgs/include/geographic_msgs/geographic_msgs/msg/geo_point.hpp
-- Up-to-date symlink: /home/urc/new-GUI/install/geographic_msgs/include/geographic_msgs/geographic_msgs/msg/detail/geo_point__rosidl_typesupport_fastrtps_cpp.hpp
-- Up-to-date symlink: /home/urc/new-GUI/install/geographic_msgs/include/geographic_msgs/geographic_msgs/msg/rosidl_typesupport_fastrtps_cpp__visibility_control.h
-- Up-to-date symlink: /home/urc/new-GUI/install/geographic_msgs/include/geographic_msgs/geographic_msgs/msg/detail/geo_point__rosidl_typesupport_introspection_cpp.hpp
-- Up-to-date symlink: /home/urc/new-GUI/install/geographic_msgs/share/geographic_msgs/environment/pythonpath.sh
-- Up-to-date symlink: /home/urc/new-GUI/install/geographic_msgs/share/geographic_msgs/environment/pythonpath.dsv
-- Up-to-date symlink: /home/urc/new-GUI/install/geographic_msgs/local/lib/python3.10/dist-packages/geographic_msgs-0.5.6-py3.10.egg-info/PKG-INFO
-- Up-to-date symlink: /home/urc/new-GUI/install/geographic_msgs/local/lib/python3.10/dist-packages/geographic_msgs-0.5.6-py3.10.egg-info/SOURCES.txt
-- Up-to-date symlink: /home/urc/new-GUI/install/geographic_msgs/local/lib/python3.10/dist-packages/geographic_msgs-0.5.6-py3.10.egg-info/dependency_links.txt
-- Up-to-date symlink: /home/urc/new-GUI/install/geographic_msgs/local/lib/python3.10/dist-packages/geographic_msgs-0.5.6-py3.10.egg-info/top_level.txt
-- Up-to-date symlink: /home/urc/new-GUI/install/geographic_msgs/local/lib/python3.10/dist-packages/geographic_msgs/__init__.py
-- Up-to-date symlink: /home/urc/new-GUI/install/geographic_msgs/local/lib/python3.10/dist-packages/geographic_msgs/_geographic_msgs_s.ep.rosidl_typesupport_c.c
-- Up-to-date symlink: /home/urc/new-GUI/install/geographic_msgs/local/lib/python3.10/dist-packages/geographic_msgs/_geographic_msgs_s.ep.rosidl_typesupport_fastrtps_c.c
-- Up-to-date symlink: /home/urc/new-GUI/install/geographic_msgs/local/lib/python3.10/dist-packages/geographic_msgs/_geographic_msgs_s.ep.rosidl_typesupport_introspection_c.c
-- Up-to-date symlink: /home/urc/new-GUI/install/geographic_msgs/local/lib/python3.10/dist-packages/geographic_msgs/geographic_msgs_s__rosidl_typesupport_c.cpython-310-x86_64-linux-gnu.so
-- Up-to-date symlink: /home/urc/new-GUI/install/geographic_msgs/local/lib/python3.10/dist-packages/geographic_msgs/geographic_msgs_s__rosidl_typesupport_fastrtps_c.cpython-310-x86_64-linux-gnu.so
-- Up-to-date symlink: /home/urc/new-GUI/install/geographic_msgs/local/lib/python3.10/dist-packages/geographic_msgs/geographic_msgs_s__rosidl_typesupport_introspection_c.cpython-310-x86_64-linux-gnu.so
-- Up-to-date symlink: /home/urc/new-GUI/install/geographic_msgs/local/lib/python3.10/dist-packages/geographic_msgs/libgeographic_msgs__rosidl_generator_py.so
-- Up-to-date symlink: /home/urc/new-GUI/install/geographic_msgs/local/lib/python3.10/dist-packages/geographic_msgs/msg/__init__.py
-- Up-to-date symlink: /home/urc/new-GUI/install/geographic_msgs/local/lib/python3.10/dist-packages/geographic_msgs/msg/_geo_point.py
-- Up-to-date symlink: /home/urc/new-GUI/install/geographic_msgs/local/lib/python3.10/dist-packages/geographic_msgs/msg/_geo_point_s.c
-- Up-to-date symlink: /home/urc/new-GUI/install/geographic_msgs/local/lib/python3.10/dist-packages/geographic_msgs/geographic_msgs_s__rosidl_typesupport_fastrtps_c.cpython-310-x86_64-linux-gnu.so
-- Up-to-date symlink: /home/urc/new-GUI/install/geographic_msgs/local/lib/python3.10/dist-packages/geographic_msgs/geographic_msgs_s__rosidl_typesupport_introspection_c.cpython-310-x86_64-linux-gnu.so
-- Up-to-date symlink: /home/urc/new-GUI/install/geographic_msgs/local/lib/python3.10/dist-packages/geographic_msgs/geographic_msgs_s__rosidl_typesupport_c.cpython-310-x86_64-linux-gnu.so
-- Up-to-date symlink: /home/urc/new-GUI/install/geographic_msgs/share/geographic_msgs/msg/GeoPoint.idl
-- Up-to-date symlink: /home/urc/new-GUI/install/geographic_msgs/share/geographic_msgs/msg/GeoPoint.msg
-- Up-to-date symlink: /home/urc/new-GUI/install/geographic_msgs/share/ament_index/resource_index/package_run_dependencies/geographic_msgs
-- Up-to-date symlink: /home/urc/new-GUI/install/geographic_msgs/share/ament_index/resource_index/parent_prefix_path/geographic_msgs
-- Up-to-date symlink: /home/urc/new-GUI/install/geographic_msgs/share/geographic_msgs/environment/ament_prefix_path.sh
-- Up-to-date symlink: /home/urc/new-GUI/install/geographic_msgs/share/geographic_msgs/environment/ament_prefix_path.dsv
-- Up-to-date symlink: /home/urc/new-GUI/install/geographic_msgs/share/geographic_msgs/environment/path.sh
-- Up-to-date symlink: /home/urc/new-GUI/install/geographic_msgs/share/geographic_msgs/environment/path.dsv
-- Up-to-date symlink: /home/urc/new-GUI/install/geographic_msgs/share/geographic_msgs/local_setup.bash
-- Up-to-date symlink: /home/urc/new-GUI/install/geographic_msgs/share/geographic_msgs/local_setup.sh
-- Up-to-date symlink: /home/urc/new-GUI/install/geographic_msgs/share/geographic_msgs/local_setup.zsh
-- Up-to-date symlink: /home/urc/new-GUI/install/geographic_msgs/share/geographic_msgs/local_setup.dsv
-- Symlinking: /home/urc/new-GUI/install/geographic_msgs/share/geographic_msgs/package.dsv
-- Up-to-date symlink: /home/urc/new-GUI/install/geographic_msgs/share/ament_index/resource_index/packages/geographic_msgs
-- Up-to-date symlink: /home/urc/new-GUI/install/geographic_msgs/share/geographic_msgs/cmake/rosidl_cmake-extras.cmake
-- Up-to-date symlink: /home/urc/new-GUI/install/geographic_msgs/share/geographic_msgs/cmake/ament_cmake_export_dependencies-extras.cmake
-- Up-to-date symlink: /home/urc/new-GUI/install/geographic_msgs/share/geographic_msgs/cmake/ament_cmake_export_include_directories-extras.cmake
-- Up-to-date symlink: /home/urc/new-GUI/install/geographic_msgs/share/geographic_msgs/cmake/ament_cmake_export_libraries-extras.cmake
-- Up-to-date symlink: /home/urc/new-GUI/install/geographic_msgs/share/geographic_msgs/cmake/ament_cmake_export_targets-extras.cmake
-- Up-to-date symlink: /home/urc/new-GUI/install/geographic_msgs/share/geographic_msgs/cmake/rosidl_cmake_export_typesupport_targets-extras.cmake
-- Up-to-date symlink: /home/urc/new-GUI/install/geographic_msgs/share/geographic_msgs/cmake/rosidl_cmake_export_typesupport_libraries-extras.cmake
-- Up-to-date symlink: /home/urc/new-GUI/install/geographic_msgs/share/geographic_msgs/cmake/geographic_msgsConfig.cmake
-- Up-to-date symlink: /home/urc/new-GUI/install/geographic_msgs/share/geographic_msgs/cmake/geographic_msgsConfig-version.cmake
-- Up-to-date symlink: /home/urc/new-GUI/install/geographic_msgs/share/geographic_msgs/package.xml
-- Up-to-date: /home/urc/new-GUI/install/geographic_msgs/lib/libgeographic_msgs__rosidl_generator_c.so
-- Up-to-date: /home/urc/new-GUI/install/geographic_msgs/lib/libgeographic_msgs__rosidl_typesupport_fastrtps_c.so
-- Up-to-date: /home/urc/new-GUI/install/geographic_msgs/lib/libgeographic_msgs__rosidl_typesupport_introspection_c.so
-- Up-to-date: /home/urc/new-GUI/install/geographic_msgs/lib/libgeographic_msgs__rosidl_typesupport_c.so
-- Up-to-date: /home/urc/new-GUI/install/geographic_msgs/lib/libgeographic_msgs__rosidl_typesupport_fastrtps_cpp.so
-- Up-to-date: /home/urc/new-GUI/install/geographic_msgs/lib/libgeographic_msgs__rosidl_typesupport_introspection_cpp.so
-- Up-to-date: /home/urc/new-GUI/install/geographic_msgs/lib/libgeographic_msgs__rosidl_typesupport_cpp.so
Listing '/home/urc/new-GUI/install/geographic_msgs/local/lib/python3.10/dist-packages/geographic_msgs'...
Listing '/home/urc/new-GUI/install/geographic_msgs/local/lib/python3.10/dist-packages/geographic_msgs/msg'...
-- Up-to-date: /home/urc/new-GUI/install/geographic_msgs/lib/libgeographic_msgs__rosidl_generator_py.so
-- Up-to-date: /home/urc/new-GUI/install/geographic_msgs/share/geographic_msgs/cmake/export_geographic_msgs__rosidl_generator_cExport.cmake
-- Up-to-date: /home/urc/new-GUI/install/geographic_msgs/share/geographic_msgs/cmake/export_geographic_msgs__rosidl_generator_cExport-noconfig.cmake
-- Up-to-date: /home/urc/new-GUI/install/geographic_msgs/share/geographic_msgs/cmake/export_geographic_msgs__rosidl_typesupport_fastrtps_cExport.cmake
-- Up-to-date: /home/urc/new-GUI/install/geographic_msgs/share/geographic_msgs/cmake/export_geographic_msgs__rosidl_typesupport_fastrtps_cExport-noconfig.cmake
-- Up-to-date: /home/urc/new-GUI/install/geographic_msgs/share/geographic_msgs/cmake/geographic_msgs__rosidl_typesupport_introspection_cExport.cmake
-- Up-to-date: /home/urc/new-GUI/install/geographic_msgs/share/geographic_msgs/cmake/geographic_msgs__rosidl_typesupport_introspection_cExport-noconfig.cmake
-- Up-to-date: /home/urc/new-GUI/install/geographic_msgs/share/geographic_msgs/cmake/geographic_msgs__rosidl_typesupport_cExport.cmake
-- Up-to-date: /home/urc/new-GUI/install/geographic_msgs/share/geographic_msgs/cmake/geographic_msgs__rosidl_typesupport_cExport-noconfig.cmake
-- Up-to-date: /home/urc/new-GUI/install/geographic_msgs/share/geographic_msgs/cmake/export_geographic_msgs__rosidl_generator_cppExport.cmake
-- Up-to-date: /home/urc/new-GUI/install/geographic_msgs/share/geographic_msgs/cmake/export_geographic_msgs__rosidl_typesupport_fastrtps_cppExport.cmake
-- Up-to-date: /home/urc/new-GUI/install/geographic_msgs/share/geographic_msgs/cmake/export_geographic_msgs__rosidl_typesupport_fastrtps_cppExport-noconfig.cmake
-- Up-to-date: /home/urc/new-GUI/install/geographic_msgs/share/geographic_msgs/cmake/geographic_msgs__rosidl_typesupport_introspection_cppExport.cmake
-- Up-to-date: /home/urc/new-GUI/install/geographic_msgs/share/geographic_msgs/cmake/geographic_msgs__rosidl_typesupport_introspection_cppExport-noconfig.cmake
-- Up-to-date: /home/urc/new-GUI/install/geographic_msgs/share/geographic_msgs/cmake/geographic_msgs__rosidl_typesupport_cppExport.cmake
-- Up-to-date: /home/urc/new-GUI/install/geographic_msgs/share/geographic_msgs/cmake/geographic_msgs__rosidl_typesupport_cppExport-noconfig.cmake
-- Up-to-date: /home/urc/new-GUI/install/geographic_msgs/share/geographic_msgs/cmake/export_geographic_msgs__rosidl_generator_pyExport.cmake
-- Up-to-date: /home/urc/new-GUI/install/geographic_msgs/share/geographic_msgs/cmake/export_geographic_msgs__rosidl_generator_pyExport-noconfig.cmake
