[0.204s] Invoking command in '/home/urc/new-GUI/build/geographic_msgs': CMAKE_PREFIX_PATH=/opt/ros/humble /usr/bin/cmake --build /home/urc/new-GUI/build/geographic_msgs -- -j4 -l4
[0.280s] [35m[1mConsolidate compiler generated dependencies of target geographic_msgs__rosidl_generator_c[0m
[0.306s] [  3%] Built target geographic_msgs__cpp
[0.306s] [ 12%] Built target geographic_msgs__rosidl_generator_c
[0.315s] [ 12%] Built target ament_cmake_python_symlink_geographic_msgs
[0.322s] [35m[1mConsolidate compiler generated dependencies of target geographic_msgs__rosidl_typesupport_introspection_c[0m
[0.326s] [35m[1mConsolidate compiler generated dependencies of target geographic_msgs__rosidl_typesupport_fastrtps_c[0m
[0.332s] [35m[1mConsolidate compiler generated dependencies of target geographic_msgs__rosidl_typesupport_c[0m
[0.341s] [35m[1mConsolidate compiler generated dependencies of target geographic_msgs__rosidl_typesupport_fastrtps_cpp[0m
[0.344s] [ 22%] Built target geographic_msgs__rosidl_typesupport_fastrtps_c
[0.350s] [ 32%] Built target geographic_msgs__rosidl_typesupport_introspection_c
[0.369s] [ 41%] Built target geographic_msgs__rosidl_typesupport_fastrtps_cpp
[0.372s] [ 51%] Built target geographic_msgs__rosidl_typesupport_c
[0.378s] [35m[1mConsolidate compiler generated dependencies of target geographic_msgs__rosidl_typesupport_cpp[0m
[0.381s] [35m[1mConsolidate compiler generated dependencies of target geographic_msgs__rosidl_typesupport_introspection_cpp[0m
[0.401s] [ 61%] Built target geographic_msgs__rosidl_typesupport_introspection_cpp
[0.402s] [ 70%] Built target geographic_msgs__rosidl_typesupport_cpp
[0.435s] [ 70%] Built target geographic_msgs
[0.465s] [ 74%] Built target geographic_msgs__py
[0.477s] [35m[1mConsolidate compiler generated dependencies of target geographic_msgs__rosidl_generator_py[0m
[0.500s] [ 80%] Built target geographic_msgs__rosidl_generator_py
[0.514s] [35m[1mConsolidate compiler generated dependencies of target geographic_msgs__rosidl_typesupport_introspection_c__pyext[0m
[0.514s] [35m[1mConsolidate compiler generated dependencies of target geographic_msgs__rosidl_typesupport_fastrtps_c__pyext[0m
[0.550s] [35m[1mConsolidate compiler generated dependencies of target geographic_msgs__rosidl_typesupport_c__pyext[0m
[0.556s] [ 87%] Built target geographic_msgs__rosidl_typesupport_fastrtps_c__pyext
[0.577s] [ 93%] Built target geographic_msgs__rosidl_typesupport_introspection_c__pyext
[0.589s] [100%] Built target geographic_msgs__rosidl_typesupport_c__pyext
[0.867s] running egg_info
[0.867s] writing geographic_msgs.egg-info/PKG-INFO
[0.868s] writing dependency_links to geographic_msgs.egg-info/dependency_links.txt
[0.868s] writing top-level names to geographic_msgs.egg-info/top_level.txt
[0.871s] reading manifest file 'geographic_msgs.egg-info/SOURCES.txt'
[0.872s] writing manifest file 'geographic_msgs.egg-info/SOURCES.txt'
[0.903s] [100%] Built target ament_cmake_python_build_geographic_msgs_egg
[0.923s] Invoked command in '/home/urc/new-GUI/build/geographic_msgs' returned '0': CMAKE_PREFIX_PATH=/opt/ros/humble /usr/bin/cmake --build /home/urc/new-GUI/build/geographic_msgs -- -j4 -l4
[1.004s] Invoking command in '/home/urc/new-GUI/build/geographic_msgs': CMAKE_PREFIX_PATH=/opt/ros/humble /usr/bin/cmake --install /home/urc/new-GUI/build/geographic_msgs
[1.013s] -- Install configuration: ""
[1.014s] -- Execute custom install script
[1.017s] -- Up-to-date symlink: /home/urc/new-GUI/install/geographic_msgs/share/ament_index/resource_index/rosidl_interfaces/geographic_msgs
[1.019s] -- Up-to-date symlink: /home/urc/new-GUI/install/geographic_msgs/include/geographic_msgs/geographic_msgs/msg/detail/geo_point__functions.h
[1.023s] -- Up-to-date symlink: /home/urc/new-GUI/install/geographic_msgs/include/geographic_msgs/geographic_msgs/msg/detail/geo_point__struct.h
[1.025s] -- Up-to-date symlink: /home/urc/new-GUI/install/geographic_msgs/include/geographic_msgs/geographic_msgs/msg/detail/geo_point__type_support.h
[1.025s] -- Up-to-date symlink: /home/urc/new-GUI/install/geographic_msgs/include/geographic_msgs/geographic_msgs/msg/geo_point.h
[1.033s] -- Up-to-date symlink: /home/urc/new-GUI/install/geographic_msgs/include/geographic_msgs/geographic_msgs/msg/rosidl_generator_c__visibility_control.h
[1.034s] -- Up-to-date symlink: /home/urc/new-GUI/install/geographic_msgs/share/geographic_msgs/environment/library_path.sh
[1.035s] -- Up-to-date symlink: /home/urc/new-GUI/install/geographic_msgs/share/geographic_msgs/environment/library_path.dsv
[1.035s] -- Up-to-date symlink: /home/urc/new-GUI/install/geographic_msgs/include/geographic_msgs/geographic_msgs/msg/detail/geo_point__rosidl_typesupport_fastrtps_c.h
[1.036s] -- Up-to-date symlink: /home/urc/new-GUI/install/geographic_msgs/include/geographic_msgs/geographic_msgs/msg/rosidl_typesupport_fastrtps_c__visibility_control.h
[1.039s] -- Up-to-date symlink: /home/urc/new-GUI/install/geographic_msgs/include/geographic_msgs/geographic_msgs/msg/detail/geo_point__rosidl_typesupport_introspection_c.h
[1.045s] -- Up-to-date symlink: /home/urc/new-GUI/install/geographic_msgs/include/geographic_msgs/geographic_msgs/msg/rosidl_typesupport_introspection_c__visibility_control.h
[1.045s] -- Up-to-date symlink: /home/urc/new-GUI/install/geographic_msgs/include/geographic_msgs/geographic_msgs/msg/detail/geo_point__builder.hpp
[1.046s] -- Up-to-date symlink: /home/urc/new-GUI/install/geographic_msgs/include/geographic_msgs/geographic_msgs/msg/detail/geo_point__struct.hpp
[1.046s] -- Up-to-date symlink: /home/urc/new-GUI/install/geographic_msgs/include/geographic_msgs/geographic_msgs/msg/detail/geo_point__traits.hpp
[1.046s] -- Up-to-date symlink: /home/urc/new-GUI/install/geographic_msgs/include/geographic_msgs/geographic_msgs/msg/geo_point.hpp
[1.046s] -- Up-to-date symlink: /home/urc/new-GUI/install/geographic_msgs/include/geographic_msgs/geographic_msgs/msg/detail/geo_point__rosidl_typesupport_fastrtps_cpp.hpp
[1.046s] -- Up-to-date symlink: /home/urc/new-GUI/install/geographic_msgs/include/geographic_msgs/geographic_msgs/msg/rosidl_typesupport_fastrtps_cpp__visibility_control.h
[1.047s] -- Up-to-date symlink: /home/urc/new-GUI/install/geographic_msgs/include/geographic_msgs/geographic_msgs/msg/detail/geo_point__rosidl_typesupport_introspection_cpp.hpp
[1.047s] -- Up-to-date symlink: /home/urc/new-GUI/install/geographic_msgs/share/geographic_msgs/environment/pythonpath.sh
[1.048s] -- Up-to-date symlink: /home/urc/new-GUI/install/geographic_msgs/share/geographic_msgs/environment/pythonpath.dsv
[1.048s] -- Up-to-date symlink: /home/urc/new-GUI/install/geographic_msgs/local/lib/python3.10/dist-packages/geographic_msgs-0.5.6-py3.10.egg-info/PKG-INFO
[1.048s] -- Up-to-date symlink: /home/urc/new-GUI/install/geographic_msgs/local/lib/python3.10/dist-packages/geographic_msgs-0.5.6-py3.10.egg-info/SOURCES.txt
[1.049s] -- Up-to-date symlink: /home/urc/new-GUI/install/geographic_msgs/local/lib/python3.10/dist-packages/geographic_msgs-0.5.6-py3.10.egg-info/dependency_links.txt
[1.049s] -- Up-to-date symlink: /home/urc/new-GUI/install/geographic_msgs/local/lib/python3.10/dist-packages/geographic_msgs-0.5.6-py3.10.egg-info/top_level.txt
[1.049s] -- Up-to-date symlink: /home/urc/new-GUI/install/geographic_msgs/local/lib/python3.10/dist-packages/geographic_msgs/__init__.py
[1.049s] -- Up-to-date symlink: /home/urc/new-GUI/install/geographic_msgs/local/lib/python3.10/dist-packages/geographic_msgs/_geographic_msgs_s.ep.rosidl_typesupport_c.c
[1.049s] -- Up-to-date symlink: /home/urc/new-GUI/install/geographic_msgs/local/lib/python3.10/dist-packages/geographic_msgs/_geographic_msgs_s.ep.rosidl_typesupport_fastrtps_c.c
[1.051s] -- Up-to-date symlink: /home/urc/new-GUI/install/geographic_msgs/local/lib/python3.10/dist-packages/geographic_msgs/_geographic_msgs_s.ep.rosidl_typesupport_introspection_c.c
[1.051s] -- Up-to-date symlink: /home/urc/new-GUI/install/geographic_msgs/local/lib/python3.10/dist-packages/geographic_msgs/geographic_msgs_s__rosidl_typesupport_c.cpython-310-x86_64-linux-gnu.so
[1.052s] -- Up-to-date symlink: /home/urc/new-GUI/install/geographic_msgs/local/lib/python3.10/dist-packages/geographic_msgs/geographic_msgs_s__rosidl_typesupport_fastrtps_c.cpython-310-x86_64-linux-gnu.so
[1.052s] -- Up-to-date symlink: /home/urc/new-GUI/install/geographic_msgs/local/lib/python3.10/dist-packages/geographic_msgs/geographic_msgs_s__rosidl_typesupport_introspection_c.cpython-310-x86_64-linux-gnu.so
[1.052s] -- Up-to-date symlink: /home/urc/new-GUI/install/geographic_msgs/local/lib/python3.10/dist-packages/geographic_msgs/libgeographic_msgs__rosidl_generator_py.so
[1.052s] -- Up-to-date symlink: /home/urc/new-GUI/install/geographic_msgs/local/lib/python3.10/dist-packages/geographic_msgs/msg/__init__.py
[1.052s] -- Up-to-date symlink: /home/urc/new-GUI/install/geographic_msgs/local/lib/python3.10/dist-packages/geographic_msgs/msg/_geo_point.py
[1.052s] -- Up-to-date symlink: /home/urc/new-GUI/install/geographic_msgs/local/lib/python3.10/dist-packages/geographic_msgs/msg/_geo_point_s.c
[1.052s] -- Up-to-date symlink: /home/urc/new-GUI/install/geographic_msgs/local/lib/python3.10/dist-packages/geographic_msgs/geographic_msgs_s__rosidl_typesupport_fastrtps_c.cpython-310-x86_64-linux-gnu.so
[1.052s] -- Up-to-date symlink: /home/urc/new-GUI/install/geographic_msgs/local/lib/python3.10/dist-packages/geographic_msgs/geographic_msgs_s__rosidl_typesupport_introspection_c.cpython-310-x86_64-linux-gnu.so
[1.053s] -- Up-to-date symlink: /home/urc/new-GUI/install/geographic_msgs/local/lib/python3.10/dist-packages/geographic_msgs/geographic_msgs_s__rosidl_typesupport_c.cpython-310-x86_64-linux-gnu.so
[1.053s] -- Up-to-date symlink: /home/urc/new-GUI/install/geographic_msgs/share/geographic_msgs/msg/GeoPoint.idl
[1.053s] -- Up-to-date symlink: /home/urc/new-GUI/install/geographic_msgs/share/geographic_msgs/msg/GeoPoint.msg
[1.053s] -- Up-to-date symlink: /home/urc/new-GUI/install/geographic_msgs/share/ament_index/resource_index/package_run_dependencies/geographic_msgs
[1.053s] -- Up-to-date symlink: /home/urc/new-GUI/install/geographic_msgs/share/ament_index/resource_index/parent_prefix_path/geographic_msgs
[1.053s] -- Up-to-date symlink: /home/urc/new-GUI/install/geographic_msgs/share/geographic_msgs/environment/ament_prefix_path.sh
[1.053s] -- Up-to-date symlink: /home/urc/new-GUI/install/geographic_msgs/share/geographic_msgs/environment/ament_prefix_path.dsv
[1.053s] -- Up-to-date symlink: /home/urc/new-GUI/install/geographic_msgs/share/geographic_msgs/environment/path.sh
[1.054s] -- Up-to-date symlink: /home/urc/new-GUI/install/geographic_msgs/share/geographic_msgs/environment/path.dsv
[1.054s] -- Up-to-date symlink: /home/urc/new-GUI/install/geographic_msgs/share/geographic_msgs/local_setup.bash
[1.054s] -- Up-to-date symlink: /home/urc/new-GUI/install/geographic_msgs/share/geographic_msgs/local_setup.sh
[1.054s] -- Up-to-date symlink: /home/urc/new-GUI/install/geographic_msgs/share/geographic_msgs/local_setup.zsh
[1.054s] -- Up-to-date symlink: /home/urc/new-GUI/install/geographic_msgs/share/geographic_msgs/local_setup.dsv
[1.054s] -- Symlinking: /home/urc/new-GUI/install/geographic_msgs/share/geographic_msgs/package.dsv
[1.055s] -- Up-to-date symlink: /home/urc/new-GUI/install/geographic_msgs/share/ament_index/resource_index/packages/geographic_msgs
[1.055s] -- Up-to-date symlink: /home/urc/new-GUI/install/geographic_msgs/share/geographic_msgs/cmake/rosidl_cmake-extras.cmake
[1.055s] -- Up-to-date symlink: /home/urc/new-GUI/install/geographic_msgs/share/geographic_msgs/cmake/ament_cmake_export_dependencies-extras.cmake
[1.055s] -- Up-to-date symlink: /home/urc/new-GUI/install/geographic_msgs/share/geographic_msgs/cmake/ament_cmake_export_include_directories-extras.cmake
[1.055s] -- Up-to-date symlink: /home/urc/new-GUI/install/geographic_msgs/share/geographic_msgs/cmake/ament_cmake_export_libraries-extras.cmake
[1.055s] -- Up-to-date symlink: /home/urc/new-GUI/install/geographic_msgs/share/geographic_msgs/cmake/ament_cmake_export_targets-extras.cmake
[1.055s] -- Up-to-date symlink: /home/urc/new-GUI/install/geographic_msgs/share/geographic_msgs/cmake/rosidl_cmake_export_typesupport_targets-extras.cmake
[1.056s] -- Up-to-date symlink: /home/urc/new-GUI/install/geographic_msgs/share/geographic_msgs/cmake/rosidl_cmake_export_typesupport_libraries-extras.cmake
[1.056s] -- Up-to-date symlink: /home/urc/new-GUI/install/geographic_msgs/share/geographic_msgs/cmake/geographic_msgsConfig.cmake
[1.056s] -- Up-to-date symlink: /home/urc/new-GUI/install/geographic_msgs/share/geographic_msgs/cmake/geographic_msgsConfig-version.cmake
[1.056s] -- Up-to-date symlink: /home/urc/new-GUI/install/geographic_msgs/share/geographic_msgs/package.xml
[1.057s] -- Up-to-date: /home/urc/new-GUI/install/geographic_msgs/lib/libgeographic_msgs__rosidl_generator_c.so
[1.057s] -- Up-to-date: /home/urc/new-GUI/install/geographic_msgs/lib/libgeographic_msgs__rosidl_typesupport_fastrtps_c.so
[1.057s] -- Up-to-date: /home/urc/new-GUI/install/geographic_msgs/lib/libgeographic_msgs__rosidl_typesupport_introspection_c.so
[1.057s] -- Up-to-date: /home/urc/new-GUI/install/geographic_msgs/lib/libgeographic_msgs__rosidl_typesupport_c.so
[1.057s] -- Up-to-date: /home/urc/new-GUI/install/geographic_msgs/lib/libgeographic_msgs__rosidl_typesupport_fastrtps_cpp.so
[1.057s] -- Up-to-date: /home/urc/new-GUI/install/geographic_msgs/lib/libgeographic_msgs__rosidl_typesupport_introspection_cpp.so
[1.058s] -- Up-to-date: /home/urc/new-GUI/install/geographic_msgs/lib/libgeographic_msgs__rosidl_typesupport_cpp.so
[1.088s] Listing '/home/urc/new-GUI/install/geographic_msgs/local/lib/python3.10/dist-packages/geographic_msgs'...
[1.088s] Listing '/home/urc/new-GUI/install/geographic_msgs/local/lib/python3.10/dist-packages/geographic_msgs/msg'...
[1.099s] -- Up-to-date: /home/urc/new-GUI/install/geographic_msgs/lib/libgeographic_msgs__rosidl_generator_py.so
[1.099s] -- Up-to-date: /home/urc/new-GUI/install/geographic_msgs/share/geographic_msgs/cmake/export_geographic_msgs__rosidl_generator_cExport.cmake
[1.099s] -- Up-to-date: /home/urc/new-GUI/install/geographic_msgs/share/geographic_msgs/cmake/export_geographic_msgs__rosidl_generator_cExport-noconfig.cmake
[1.100s] -- Up-to-date: /home/urc/new-GUI/install/geographic_msgs/share/geographic_msgs/cmake/export_geographic_msgs__rosidl_typesupport_fastrtps_cExport.cmake
[1.100s] -- Up-to-date: /home/urc/new-GUI/install/geographic_msgs/share/geographic_msgs/cmake/export_geographic_msgs__rosidl_typesupport_fastrtps_cExport-noconfig.cmake
[1.100s] -- Up-to-date: /home/urc/new-GUI/install/geographic_msgs/share/geographic_msgs/cmake/geographic_msgs__rosidl_typesupport_introspection_cExport.cmake
[1.100s] -- Up-to-date: /home/urc/new-GUI/install/geographic_msgs/share/geographic_msgs/cmake/geographic_msgs__rosidl_typesupport_introspection_cExport-noconfig.cmake
[1.101s] -- Up-to-date: /home/urc/new-GUI/install/geographic_msgs/share/geographic_msgs/cmake/geographic_msgs__rosidl_typesupport_cExport.cmake
[1.101s] -- Up-to-date: /home/urc/new-GUI/install/geographic_msgs/share/geographic_msgs/cmake/geographic_msgs__rosidl_typesupport_cExport-noconfig.cmake
[1.101s] -- Up-to-date: /home/urc/new-GUI/install/geographic_msgs/share/geographic_msgs/cmake/export_geographic_msgs__rosidl_generator_cppExport.cmake
[1.101s] -- Up-to-date: /home/urc/new-GUI/install/geographic_msgs/share/geographic_msgs/cmake/export_geographic_msgs__rosidl_typesupport_fastrtps_cppExport.cmake
[1.101s] -- Up-to-date: /home/urc/new-GUI/install/geographic_msgs/share/geographic_msgs/cmake/export_geographic_msgs__rosidl_typesupport_fastrtps_cppExport-noconfig.cmake
[1.102s] -- Up-to-date: /home/urc/new-GUI/install/geographic_msgs/share/geographic_msgs/cmake/geographic_msgs__rosidl_typesupport_introspection_cppExport.cmake
[1.102s] -- Up-to-date: /home/urc/new-GUI/install/geographic_msgs/share/geographic_msgs/cmake/geographic_msgs__rosidl_typesupport_introspection_cppExport-noconfig.cmake
[1.102s] -- Up-to-date: /home/urc/new-GUI/install/geographic_msgs/share/geographic_msgs/cmake/geographic_msgs__rosidl_typesupport_cppExport.cmake
[1.102s] -- Up-to-date: /home/urc/new-GUI/install/geographic_msgs/share/geographic_msgs/cmake/geographic_msgs__rosidl_typesupport_cppExport-noconfig.cmake
[1.103s] -- Up-to-date: /home/urc/new-GUI/install/geographic_msgs/share/geographic_msgs/cmake/export_geographic_msgs__rosidl_generator_pyExport.cmake
[1.103s] -- Up-to-date: /home/urc/new-GUI/install/geographic_msgs/share/geographic_msgs/cmake/export_geographic_msgs__rosidl_generator_pyExport-noconfig.cmake
[1.103s] Invoked command in '/home/urc/new-GUI/build/geographic_msgs' returned '0': CMAKE_PREFIX_PATH=/opt/ros/humble /usr/bin/cmake --install /home/urc/new-GUI/build/geographic_msgs
