[1.682s] DEBUG:colcon:Command line arguments: ['/usr/bin/colcon', 'build', '--symlink-install']
[1.683s] DEBUG:colcon:Parsed command line arguments: Namespace(log_base=None, log_level=None, verb_name='build', build_base='build', install_base='install', merge_install=False, symlink_install=True, test_result_base=None, continue_on_error=False, executor='parallel', parallel_workers=4, event_handlers=None, ignore_user_meta=False, metas=['./colcon.meta'], base_paths=['.'], packages_ignore=None, packages_ignore_regex=None, paths=None, packages_up_to=None, packages_up_to_regex=None, packages_above=None, packages_above_and_dependencies=None, packages_above_depth=None, packages_select_by_dep=None, packages_skip_by_dep=None, packages_skip_up_to=None, packages_select_build_failed=False, packages_skip_build_finished=False, packages_select_test_failures=False, packages_skip_test_passed=False, packages_select=None, packages_skip=None, packages_select_regex=None, packages_skip_regex=None, packages_start=None, packages_end=None, allow_overriding=[], cmake_args=None, cmake_target=None, cmake_target_skip_unavailable=False, cmake_clean_cache=False, cmake_clean_first=False, cmake_force_configure=False, ament_cmake_args=None, catkin_cmake_args=None, catkin_skip_building_tests=False, verb_parser=<colcon_defaults.argument_parser.defaults.DefaultArgumentsDecorator object at 0x7f9d3ab1d7e0>, verb_extension=<colcon_core.verb.build.BuildVerb object at 0x7f9d3af32c20>, main=<bound method BuildVerb.main of <colcon_core.verb.build.BuildVerb object at 0x7f9d3af32c20>>)
[1.777s] Level 1:colcon.colcon_core.package_discovery:discover_packages(colcon_meta) check parameters
[1.778s] Level 1:colcon.colcon_core.package_discovery:discover_packages(recursive) check parameters
[1.778s] Level 1:colcon.colcon_core.package_discovery:discover_packages(ignore) check parameters
[1.778s] Level 1:colcon.colcon_core.package_discovery:discover_packages(path) check parameters
[1.778s] Level 1:colcon.colcon_core.package_discovery:discover_packages(colcon_meta) discover
[1.778s] Level 1:colcon.colcon_core.package_discovery:discover_packages(recursive) discover
[1.778s] INFO:colcon.colcon_core.package_discovery:Crawling recursively for packages in '/home/urc/new-GUI'
[1.778s] Level 1:colcon.colcon_core.package_identification:_identify(.) by extensions ['ignore', 'ignore_ament_install']
[1.778s] Level 1:colcon.colcon_core.package_identification:_identify(.) by extension 'ignore'
[1.778s] Level 1:colcon.colcon_core.package_identification:_identify(.) by extension 'ignore_ament_install'
[1.778s] Level 1:colcon.colcon_core.package_identification:_identify(.) by extensions ['colcon_pkg']
[1.778s] Level 1:colcon.colcon_core.package_identification:_identify(.) by extension 'colcon_pkg'
[1.779s] Level 1:colcon.colcon_core.package_identification:_identify(.) by extensions ['colcon_meta']
[1.779s] Level 1:colcon.colcon_core.package_identification:_identify(.) by extension 'colcon_meta'
[1.779s] Level 1:colcon.colcon_core.package_identification:_identify(.) by extensions ['ros']
[1.779s] Level 1:colcon.colcon_core.package_identification:_identify(.) by extension 'ros'
[1.794s] Level 1:colcon.colcon_core.package_identification:_identify(.) by extensions ['cmake', 'python']
[1.794s] Level 1:colcon.colcon_core.package_identification:_identify(.) by extension 'cmake'
[1.794s] Level 1:colcon.colcon_core.package_identification:_identify(.) by extension 'python'
[1.794s] Level 1:colcon.colcon_core.package_identification:_identify(.) by extensions ['python_setup_py']
[1.794s] Level 1:colcon.colcon_core.package_identification:_identify(.) by extension 'python_setup_py'
[1.794s] Level 1:colcon.colcon_core.package_identification:_identify(build) by extensions ['ignore', 'ignore_ament_install']
[1.795s] Level 1:colcon.colcon_core.package_identification:_identify(build) by extension 'ignore'
[1.795s] Level 1:colcon.colcon_core.package_identification:_identify(build) ignored
[1.795s] Level 1:colcon.colcon_core.package_identification:_identify(install) by extensions ['ignore', 'ignore_ament_install']
[1.795s] Level 1:colcon.colcon_core.package_identification:_identify(install) by extension 'ignore'
[1.795s] Level 1:colcon.colcon_core.package_identification:_identify(install) ignored
[1.795s] Level 1:colcon.colcon_core.package_identification:_identify(log) by extensions ['ignore', 'ignore_ament_install']
[1.795s] Level 1:colcon.colcon_core.package_identification:_identify(log) by extension 'ignore'
[1.795s] Level 1:colcon.colcon_core.package_identification:_identify(log) ignored
[1.795s] Level 1:colcon.colcon_core.package_identification:_identify(src) by extensions ['ignore', 'ignore_ament_install']
[1.796s] Level 1:colcon.colcon_core.package_identification:_identify(src) by extension 'ignore'
[1.796s] Level 1:colcon.colcon_core.package_identification:_identify(src) by extension 'ignore_ament_install'
[1.796s] Level 1:colcon.colcon_core.package_identification:_identify(src) by extensions ['colcon_pkg']
[1.796s] Level 1:colcon.colcon_core.package_identification:_identify(src) by extension 'colcon_pkg'
[1.796s] Level 1:colcon.colcon_core.package_identification:_identify(src) by extensions ['colcon_meta']
[1.796s] Level 1:colcon.colcon_core.package_identification:_identify(src) by extension 'colcon_meta'
[1.796s] Level 1:colcon.colcon_core.package_identification:_identify(src) by extensions ['ros']
[1.796s] Level 1:colcon.colcon_core.package_identification:_identify(src) by extension 'ros'
[1.796s] Level 1:colcon.colcon_core.package_identification:_identify(src) by extensions ['cmake', 'python']
[1.796s] Level 1:colcon.colcon_core.package_identification:_identify(src) by extension 'cmake'
[1.796s] Level 1:colcon.colcon_core.package_identification:_identify(src) by extension 'python'
[1.796s] Level 1:colcon.colcon_core.package_identification:_identify(src) by extensions ['python_setup_py']
[1.796s] Level 1:colcon.colcon_core.package_identification:_identify(src) by extension 'python_setup_py'
[1.796s] Level 1:colcon.colcon_core.package_identification:_identify(src/aruco_finder) by extensions ['ignore', 'ignore_ament_install']
[1.796s] Level 1:colcon.colcon_core.package_identification:_identify(src/aruco_finder) by extension 'ignore'
[1.797s] Level 1:colcon.colcon_core.package_identification:_identify(src/aruco_finder) by extension 'ignore_ament_install'
[1.797s] Level 1:colcon.colcon_core.package_identification:_identify(src/aruco_finder) by extensions ['colcon_pkg']
[1.797s] Level 1:colcon.colcon_core.package_identification:_identify(src/aruco_finder) by extension 'colcon_pkg'
[1.797s] Level 1:colcon.colcon_core.package_identification:_identify(src/aruco_finder) by extensions ['colcon_meta']
[1.797s] Level 1:colcon.colcon_core.package_identification:_identify(src/aruco_finder) by extension 'colcon_meta'
[1.797s] Level 1:colcon.colcon_core.package_identification:_identify(src/aruco_finder) by extensions ['ros']
[1.797s] Level 1:colcon.colcon_core.package_identification:_identify(src/aruco_finder) by extension 'ros'
[1.801s] DEBUG:colcon.colcon_core.package_identification:Package 'src/aruco_finder' with type 'ros.ament_cmake' and name 'aruco_finder'
[1.801s] Level 1:colcon.colcon_core.package_identification:_identify(src/gui_window) by extensions ['ignore', 'ignore_ament_install']
[1.801s] Level 1:colcon.colcon_core.package_identification:_identify(src/gui_window) by extension 'ignore'
[1.801s] Level 1:colcon.colcon_core.package_identification:_identify(src/gui_window) by extension 'ignore_ament_install'
[1.801s] Level 1:colcon.colcon_core.package_identification:_identify(src/gui_window) by extensions ['colcon_pkg']
[1.801s] Level 1:colcon.colcon_core.package_identification:_identify(src/gui_window) by extension 'colcon_pkg'
[1.801s] Level 1:colcon.colcon_core.package_identification:_identify(src/gui_window) by extensions ['colcon_meta']
[1.801s] Level 1:colcon.colcon_core.package_identification:_identify(src/gui_window) by extension 'colcon_meta'
[1.802s] Level 1:colcon.colcon_core.package_identification:_identify(src/gui_window) by extensions ['ros']
[1.802s] Level 1:colcon.colcon_core.package_identification:_identify(src/gui_window) by extension 'ros'
[1.802s] DEBUG:colcon.colcon_core.package_identification:Package 'src/gui_window' with type 'ros.ament_python' and name 'gui_window'
[1.802s] Level 1:colcon.colcon_core.package_identification:_identify(src/theora_webcams) by extensions ['ignore', 'ignore_ament_install']
[1.802s] Level 1:colcon.colcon_core.package_identification:_identify(src/theora_webcams) by extension 'ignore'
[1.803s] Level 1:colcon.colcon_core.package_identification:_identify(src/theora_webcams) by extension 'ignore_ament_install'
[1.803s] Level 1:colcon.colcon_core.package_identification:_identify(src/theora_webcams) by extensions ['colcon_pkg']
[1.803s] Level 1:colcon.colcon_core.package_identification:_identify(src/theora_webcams) by extension 'colcon_pkg'
[1.803s] Level 1:colcon.colcon_core.package_identification:_identify(src/theora_webcams) by extensions ['colcon_meta']
[1.803s] Level 1:colcon.colcon_core.package_identification:_identify(src/theora_webcams) by extension 'colcon_meta'
[1.803s] Level 1:colcon.colcon_core.package_identification:_identify(src/theora_webcams) by extensions ['ros']
[1.803s] Level 1:colcon.colcon_core.package_identification:_identify(src/theora_webcams) by extension 'ros'
[1.805s] DEBUG:colcon.colcon_core.package_identification:Package 'src/theora_webcams' with type 'ros.ament_cmake' and name 'theora_webcams'
[1.805s] Level 1:colcon.colcon_core.package_discovery:discover_packages(recursive) using defaults
[1.805s] Level 1:colcon.colcon_core.package_discovery:discover_packages(ignore) discover
[1.805s] Level 1:colcon.colcon_core.package_discovery:discover_packages(ignore) using defaults
[1.805s] Level 1:colcon.colcon_core.package_discovery:discover_packages(path) discover
[1.805s] Level 1:colcon.colcon_core.package_discovery:discover_packages(path) using defaults
[1.946s] Level 1:colcon.colcon_core.package_discovery:discover_packages(prefix_path) check parameters
[1.946s] Level 1:colcon.colcon_core.package_discovery:discover_packages(prefix_path) discover
[1.994s] DEBUG:colcon.colcon_installed_package_information.package_discovery:Found 289 installed packages in /opt/ros/humble
[1.999s] Level 1:colcon.colcon_core.package_discovery:discover_packages(prefix_path) using defaults
[2.172s] Level 5:colcon.colcon_core.verb:set package 'aruco_finder' build argument 'cmake_args' from command line to 'None'
[2.172s] Level 5:colcon.colcon_core.verb:set package 'aruco_finder' build argument 'cmake_target' from command line to 'None'
[2.172s] Level 5:colcon.colcon_core.verb:set package 'aruco_finder' build argument 'cmake_target_skip_unavailable' from command line to 'False'
[2.172s] Level 5:colcon.colcon_core.verb:set package 'aruco_finder' build argument 'cmake_clean_cache' from command line to 'False'
[2.172s] Level 5:colcon.colcon_core.verb:set package 'aruco_finder' build argument 'cmake_clean_first' from command line to 'False'
[2.172s] Level 5:colcon.colcon_core.verb:set package 'aruco_finder' build argument 'cmake_force_configure' from command line to 'False'
[2.172s] Level 5:colcon.colcon_core.verb:set package 'aruco_finder' build argument 'ament_cmake_args' from command line to 'None'
[2.172s] Level 5:colcon.colcon_core.verb:set package 'aruco_finder' build argument 'catkin_cmake_args' from command line to 'None'
[2.172s] Level 5:colcon.colcon_core.verb:set package 'aruco_finder' build argument 'catkin_skip_building_tests' from command line to 'False'
[2.172s] DEBUG:colcon.colcon_core.verb:Building package 'aruco_finder' with the following arguments: {'ament_cmake_args': None, 'build_base': '/home/urc/new-GUI/build/aruco_finder', 'catkin_cmake_args': None, 'catkin_skip_building_tests': False, 'cmake_args': None, 'cmake_clean_cache': False, 'cmake_clean_first': False, 'cmake_force_configure': False, 'cmake_target': None, 'cmake_target_skip_unavailable': False, 'install_base': '/home/urc/new-GUI/install/aruco_finder', 'merge_install': False, 'path': '/home/urc/new-GUI/src/aruco_finder', 'symlink_install': True, 'test_result_base': None}
[2.195s] Level 5:colcon.colcon_core.verb:set package 'gui_window' build argument 'cmake_args' from command line to 'None'
[2.196s] Level 5:colcon.colcon_core.verb:set package 'gui_window' build argument 'cmake_target' from command line to 'None'
[2.196s] Level 5:colcon.colcon_core.verb:set package 'gui_window' build argument 'cmake_target_skip_unavailable' from command line to 'False'
[2.196s] Level 5:colcon.colcon_core.verb:set package 'gui_window' build argument 'cmake_clean_cache' from command line to 'False'
[2.196s] Level 5:colcon.colcon_core.verb:set package 'gui_window' build argument 'cmake_clean_first' from command line to 'False'
[2.196s] Level 5:colcon.colcon_core.verb:set package 'gui_window' build argument 'cmake_force_configure' from command line to 'False'
[2.196s] Level 5:colcon.colcon_core.verb:set package 'gui_window' build argument 'ament_cmake_args' from command line to 'None'
[2.196s] Level 5:colcon.colcon_core.verb:set package 'gui_window' build argument 'catkin_cmake_args' from command line to 'None'
[2.196s] Level 5:colcon.colcon_core.verb:set package 'gui_window' build argument 'catkin_skip_building_tests' from command line to 'False'
[2.196s] DEBUG:colcon.colcon_core.verb:Building package 'gui_window' with the following arguments: {'ament_cmake_args': None, 'build_base': '/home/urc/new-GUI/build/gui_window', 'catkin_cmake_args': None, 'catkin_skip_building_tests': False, 'cmake_args': None, 'cmake_clean_cache': False, 'cmake_clean_first': False, 'cmake_force_configure': False, 'cmake_target': None, 'cmake_target_skip_unavailable': False, 'install_base': '/home/urc/new-GUI/install/gui_window', 'merge_install': False, 'path': '/home/urc/new-GUI/src/gui_window', 'symlink_install': True, 'test_result_base': None}
[2.218s] Level 5:colcon.colcon_core.verb:set package 'theora_webcams' build argument 'cmake_args' from command line to 'None'
[2.219s] Level 5:colcon.colcon_core.verb:set package 'theora_webcams' build argument 'cmake_target' from command line to 'None'
[2.219s] Level 5:colcon.colcon_core.verb:set package 'theora_webcams' build argument 'cmake_target_skip_unavailable' from command line to 'False'
[2.219s] Level 5:colcon.colcon_core.verb:set package 'theora_webcams' build argument 'cmake_clean_cache' from command line to 'False'
[2.219s] Level 5:colcon.colcon_core.verb:set package 'theora_webcams' build argument 'cmake_clean_first' from command line to 'False'
[2.219s] Level 5:colcon.colcon_core.verb:set package 'theora_webcams' build argument 'cmake_force_configure' from command line to 'False'
[2.219s] Level 5:colcon.colcon_core.verb:set package 'theora_webcams' build argument 'ament_cmake_args' from command line to 'None'
[2.219s] Level 5:colcon.colcon_core.verb:set package 'theora_webcams' build argument 'catkin_cmake_args' from command line to 'None'
[2.219s] Level 5:colcon.colcon_core.verb:set package 'theora_webcams' build argument 'catkin_skip_building_tests' from command line to 'False'
[2.219s] DEBUG:colcon.colcon_core.verb:Building package 'theora_webcams' with the following arguments: {'ament_cmake_args': None, 'build_base': '/home/urc/new-GUI/build/theora_webcams', 'catkin_cmake_args': None, 'catkin_skip_building_tests': False, 'cmake_args': None, 'cmake_clean_cache': False, 'cmake_clean_first': False, 'cmake_force_configure': False, 'cmake_target': None, 'cmake_target_skip_unavailable': False, 'install_base': '/home/urc/new-GUI/install/theora_webcams', 'merge_install': False, 'path': '/home/urc/new-GUI/src/theora_webcams', 'symlink_install': True, 'test_result_base': None}
[2.241s] INFO:colcon.colcon_core.executor:Executing jobs using 'parallel' executor
[2.267s] DEBUG:colcon.colcon_parallel_executor.executor.parallel:run_until_complete
[2.267s] INFO:colcon.colcon_ros.task.ament_cmake.build:Building ROS package in '/home/urc/new-GUI/src/aruco_finder' with build type 'ament_cmake'
[2.267s] INFO:colcon.colcon_cmake.task.cmake.build:Building CMake package in '/home/urc/new-GUI/src/aruco_finder'
[2.301s] INFO:colcon.colcon_core.plugin_system:Skipping extension 'colcon_core.shell.bat': Not used on non-Windows systems
[2.302s] INFO:colcon.colcon_core.shell:Skip shell extension 'powershell' for command environment: Not usable outside of PowerShell
[2.302s] DEBUG:colcon.colcon_core.shell:Skip shell extension 'dsv' for command environment
[2.367s] INFO:colcon.colcon_ros.task.ament_python.build:Building ROS package in '/home/urc/new-GUI/src/gui_window' with build type 'ament_python'
[2.369s] Level 1:colcon.colcon_core.shell:create_environment_hook('gui_window', 'ament_prefix_path')
[2.396s] INFO:colcon.colcon_core.shell:Creating environment hook '/home/urc/new-GUI/install/gui_window/share/gui_window/hook/ament_prefix_path.ps1'
[2.397s] INFO:colcon.colcon_core.shell:Creating environment descriptor '/home/urc/new-GUI/install/gui_window/share/gui_window/hook/ament_prefix_path.dsv'
[2.399s] INFO:colcon.colcon_core.shell:Creating environment hook '/home/urc/new-GUI/install/gui_window/share/gui_window/hook/ament_prefix_path.sh'
[2.428s] INFO:colcon.colcon_core.shell:Skip shell extension 'powershell' for command environment: Not usable outside of PowerShell
[2.428s] DEBUG:colcon.colcon_core.shell:Skip shell extension 'dsv' for command environment
[2.488s] INFO:colcon.colcon_ros.task.ament_cmake.build:Building ROS package in '/home/urc/new-GUI/src/theora_webcams' with build type 'ament_cmake'
[2.489s] INFO:colcon.colcon_cmake.task.cmake.build:Building CMake package in '/home/urc/new-GUI/src/theora_webcams'
[2.521s] INFO:colcon.colcon_core.shell:Skip shell extension 'powershell' for command environment: Not usable outside of PowerShell
[2.521s] DEBUG:colcon.colcon_core.shell:Skip shell extension 'dsv' for command environment
[2.575s] DEBUG:colcon.colcon_core.event_handler.log_command:Invoking command in '/home/urc/new-GUI/build/aruco_finder': CMAKE_PREFIX_PATH=/opt/ros/humble /usr/bin/cmake /home/urc/new-GUI/src/aruco_finder -DAMENT_CMAKE_SYMLINK_INSTALL=1 -DCMAKE_INSTALL_PREFIX=/home/urc/new-GUI/install/aruco_finder
[3.024s] INFO:colcon.colcon_core.task.python.build:Building Python package in '/home/urc/new-GUI/src/gui_window'
[3.047s] INFO:colcon.colcon_core.shell:Skip shell extension 'powershell' for command environment: Not usable outside of PowerShell
[3.047s] DEBUG:colcon.colcon_core.shell:Skip shell extension 'dsv' for command environment
[3.110s] DEBUG:colcon.colcon_core.event_handler.log_command:Invoking command in '/home/urc/new-GUI/build/theora_webcams': CMAKE_PREFIX_PATH=/opt/ros/humble /usr/bin/cmake /home/urc/new-GUI/src/theora_webcams -DAMENT_CMAKE_SYMLINK_INSTALL=1 -DCMAKE_INSTALL_PREFIX=/home/urc/new-GUI/install/theora_webcams
[3.713s] DEBUG:colcon.colcon_core.task.python.build:While undoing a previous installation files outside the Python library path are being ignored: /home/urc/new-GUI/install/gui_window/share/ament_index/resource_index/packages/gui_window
[3.713s] DEBUG:colcon.colcon_core.task.python.build:While undoing a previous installation files outside the Python library path are being ignored: /home/urc/new-GUI/install/gui_window/share/gui_window/package.xml
[3.714s] DEBUG:colcon.colcon_core.task.python.build:While undoing a previous installation files outside the Python library path are being ignored: /home/urc/new-GUI/install/gui_window/lib/gui_window/gui
[3.722s] DEBUG:colcon.colcon_core.event_handler.log_command:Invoking command in '/home/urc/new-GUI/build/gui_window': PYTHONPATH=/home/urc/new-GUI/build/gui_window/prefix_override:/home/urc/new-GUI/install/gui_window/lib/python3.10/site-packages:${PYTHONPATH} /usr/bin/python3 setup.py develop --editable --build-directory /home/urc/new-GUI/build/gui_window/build --no-deps install_data
[4.699s] Level 1:colcon.colcon_core.shell:create_environment_hook('gui_window', 'pythonpath_develop')
[4.700s] DEBUG:colcon.colcon_core.event_handler.log_command:Invoked command in '/home/urc/new-GUI/build/gui_window' returned '0': PYTHONPATH=/home/urc/new-GUI/build/gui_window/prefix_override:/home/urc/new-GUI/install/gui_window/lib/python3.10/site-packages:${PYTHONPATH} /usr/bin/python3 setup.py develop --editable --build-directory /home/urc/new-GUI/build/gui_window/build --no-deps install_data
[4.729s] INFO:colcon.colcon_core.shell:Creating environment hook '/home/urc/new-GUI/build/gui_window/share/gui_window/hook/pythonpath_develop.ps1'
[4.731s] INFO:colcon.colcon_core.shell:Creating environment descriptor '/home/urc/new-GUI/build/gui_window/share/gui_window/hook/pythonpath_develop.dsv'
[4.732s] INFO:colcon.colcon_core.shell:Creating environment hook '/home/urc/new-GUI/build/gui_window/share/gui_window/hook/pythonpath_develop.sh'
[4.773s] Level 1:colcon.colcon_core.environment:checking '/home/urc/new-GUI/install/gui_window' for CMake module files
[4.773s] Level 1:colcon.colcon_core.environment:checking '/home/urc/new-GUI/install/gui_window' for CMake config files
[4.774s] Level 1:colcon.colcon_core.environment:checking '/home/urc/new-GUI/install/gui_window/lib'
[4.774s] Level 1:colcon.colcon_core.environment:checking '/home/urc/new-GUI/install/gui_window/bin'
[4.774s] Level 1:colcon.colcon_core.environment:checking '/home/urc/new-GUI/install/gui_window/lib/pkgconfig/gui_window.pc'
[4.775s] Level 1:colcon.colcon_core.environment:checking '/home/urc/new-GUI/install/gui_window/lib/python3.10/site-packages'
[4.775s] Level 1:colcon.colcon_core.shell:create_environment_hook('gui_window', 'pythonpath')
[4.798s] INFO:colcon.colcon_core.shell:Creating environment hook '/home/urc/new-GUI/install/gui_window/share/gui_window/hook/pythonpath.ps1'
[4.799s] INFO:colcon.colcon_core.shell:Creating environment descriptor '/home/urc/new-GUI/install/gui_window/share/gui_window/hook/pythonpath.dsv'
[4.799s] INFO:colcon.colcon_core.shell:Creating environment hook '/home/urc/new-GUI/install/gui_window/share/gui_window/hook/pythonpath.sh'
[4.800s] Level 1:colcon.colcon_core.environment:checking '/home/urc/new-GUI/install/gui_window/bin'
[4.800s] Level 1:colcon.colcon_core.environment:create_environment_scripts_only(gui_window)
[4.828s] INFO:colcon.colcon_core.shell:Creating package script '/home/urc/new-GUI/install/gui_window/share/gui_window/package.ps1'
[4.829s] INFO:colcon.colcon_core.shell:Creating package descriptor '/home/urc/new-GUI/install/gui_window/share/gui_window/package.dsv'
[4.830s] INFO:colcon.colcon_core.shell:Creating package script '/home/urc/new-GUI/install/gui_window/share/gui_window/package.sh'
[4.832s] INFO:colcon.colcon_core.shell:Creating package script '/home/urc/new-GUI/install/gui_window/share/gui_window/package.bash'
[4.833s] INFO:colcon.colcon_core.shell:Creating package script '/home/urc/new-GUI/install/gui_window/share/gui_window/package.zsh'
[4.834s] Level 1:colcon.colcon_core.environment:create_file_with_runtime_dependencies(/home/urc/new-GUI/install/gui_window/share/colcon-core/packages/gui_window)
[5.863s] DEBUG:colcon.colcon_core.event_handler.log_command:Invoked command in '/home/urc/new-GUI/build/aruco_finder' returned '0': CMAKE_PREFIX_PATH=/opt/ros/humble /usr/bin/cmake /home/urc/new-GUI/src/aruco_finder -DAMENT_CMAKE_SYMLINK_INSTALL=1 -DCMAKE_INSTALL_PREFIX=/home/urc/new-GUI/install/aruco_finder
[5.866s] DEBUG:colcon.colcon_core.event_handler.log_command:Invoking command in '/home/urc/new-GUI/build/aruco_finder': CMAKE_PREFIX_PATH=/opt/ros/humble /usr/bin/cmake --build /home/urc/new-GUI/build/aruco_finder -- -j4 -l4
[6.078s] DEBUG:colcon.colcon_core.event_handler.log_command:Invoked command in '/home/urc/new-GUI/build/aruco_finder' returned '2': CMAKE_PREFIX_PATH=/opt/ros/humble /usr/bin/cmake --build /home/urc/new-GUI/build/aruco_finder -- -j4 -l4
[6.373s] Level 1:colcon.colcon_core.environment:create_environment_scripts_only(aruco_finder)
[6.409s] Level 1:colcon.colcon_core.environment:checking '/home/urc/new-GUI/install/aruco_finder' for CMake module files
[6.411s] Level 1:colcon.colcon_core.environment:checking '/home/urc/new-GUI/install/aruco_finder' for CMake config files
[6.413s] Level 1:colcon.colcon_core.shell:create_environment_hook('aruco_finder', 'cmake_prefix_path')
[6.437s] INFO:colcon.colcon_core.shell:Creating environment hook '/home/urc/new-GUI/install/aruco_finder/share/aruco_finder/hook/cmake_prefix_path.ps1'
[6.438s] INFO:colcon.colcon_core.shell:Creating environment descriptor '/home/urc/new-GUI/install/aruco_finder/share/aruco_finder/hook/cmake_prefix_path.dsv'
[6.440s] INFO:colcon.colcon_core.shell:Creating environment hook '/home/urc/new-GUI/install/aruco_finder/share/aruco_finder/hook/cmake_prefix_path.sh'
[6.441s] Level 1:colcon.colcon_core.environment:checking '/home/urc/new-GUI/install/aruco_finder/lib'
[6.441s] Level 1:colcon.colcon_core.shell:create_environment_hook('aruco_finder', 'ld_library_path_lib')
[6.468s] INFO:colcon.colcon_core.shell:Creating environment hook '/home/urc/new-GUI/install/aruco_finder/share/aruco_finder/hook/ld_library_path_lib.ps1'
[6.469s] INFO:colcon.colcon_core.shell:Creating environment descriptor '/home/urc/new-GUI/install/aruco_finder/share/aruco_finder/hook/ld_library_path_lib.dsv'
[6.469s] INFO:colcon.colcon_core.shell:Creating environment hook '/home/urc/new-GUI/install/aruco_finder/share/aruco_finder/hook/ld_library_path_lib.sh'
[6.470s] Level 1:colcon.colcon_core.environment:checking '/home/urc/new-GUI/install/aruco_finder/bin'
[6.470s] Level 1:colcon.colcon_core.environment:checking '/home/urc/new-GUI/install/aruco_finder/lib/pkgconfig/aruco_finder.pc'
[6.470s] Level 1:colcon.colcon_core.environment:checking '/home/urc/new-GUI/install/aruco_finder/lib/python3.10/site-packages'
[6.471s] Level 1:colcon.colcon_core.environment:checking '/home/urc/new-GUI/install/aruco_finder/bin'
[6.497s] INFO:colcon.colcon_core.shell:Creating package script '/home/urc/new-GUI/install/aruco_finder/share/aruco_finder/package.ps1'
[6.497s] INFO:colcon.colcon_core.shell:Creating package descriptor '/home/urc/new-GUI/install/aruco_finder/share/aruco_finder/package.dsv'
[6.500s] INFO:colcon.colcon_core.shell:Creating package script '/home/urc/new-GUI/install/aruco_finder/share/aruco_finder/package.sh'
[6.501s] INFO:colcon.colcon_core.shell:Creating package script '/home/urc/new-GUI/install/aruco_finder/share/aruco_finder/package.bash'
[6.502s] INFO:colcon.colcon_core.shell:Creating package script '/home/urc/new-GUI/install/aruco_finder/share/aruco_finder/package.zsh'
[6.504s] Level 1:colcon.colcon_core.environment:create_file_with_runtime_dependencies(/home/urc/new-GUI/install/aruco_finder/share/colcon-core/packages/aruco_finder)
[7.455s] DEBUG:colcon.colcon_parallel_executor.executor.parallel:closing loop
[7.456s] DEBUG:colcon.colcon_parallel_executor.executor.parallel:loop closed
[7.456s] DEBUG:colcon.colcon_parallel_executor.executor.parallel:run_until_complete finished with '2'
[7.456s] DEBUG:colcon.colcon_core.event_reactor:joining thread
[7.511s] INFO:colcon.colcon_core.plugin_system:Skipping extension 'colcon_notification.desktop_notification.terminal_notifier': Not used on non-Darwin systems
[7.511s] INFO:colcon.colcon_core.plugin_system:Skipping extension 'colcon_notification.desktop_notification.win32': Not used on non-Windows systems
[7.512s] INFO:colcon.colcon_notification.desktop_notification:Sending desktop notification using 'notify2'
[7.536s] DEBUG:colcon.colcon_core.event_reactor:joined thread
[7.579s] INFO:colcon.colcon_core.shell:Creating prefix script '/home/urc/new-GUI/install/local_setup.ps1'
[7.581s] INFO:colcon.colcon_core.shell:Creating prefix util module '/home/urc/new-GUI/install/_local_setup_util_ps1.py'
[7.585s] INFO:colcon.colcon_core.shell:Creating prefix chain script '/home/urc/new-GUI/install/setup.ps1'
[7.624s] INFO:colcon.colcon_core.shell:Creating prefix script '/home/urc/new-GUI/install/local_setup.sh'
[7.625s] INFO:colcon.colcon_core.shell:Creating prefix util module '/home/urc/new-GUI/install/_local_setup_util_sh.py'
[7.626s] INFO:colcon.colcon_core.shell:Creating prefix chain script '/home/urc/new-GUI/install/setup.sh'
[7.659s] INFO:colcon.colcon_core.shell:Creating prefix script '/home/urc/new-GUI/install/local_setup.bash'
[7.660s] INFO:colcon.colcon_core.shell:Creating prefix chain script '/home/urc/new-GUI/install/setup.bash'
[7.685s] INFO:colcon.colcon_core.shell:Creating prefix script '/home/urc/new-GUI/install/local_setup.zsh'
[7.687s] INFO:colcon.colcon_core.shell:Creating prefix chain script '/home/urc/new-GUI/install/setup.zsh'
