[0.132s] Invoking command in '/home/urc/new-GUI/build/hockey_stick_arm': CMAKE_PREFIX_PATH=/opt/ros/humble /usr/bin/cmake --build /home/urc/new-GUI/build/hockey_stick_arm -- -j4 -l4
[0.263s] [  2%] Built target hockey_stick_arm__cpp
[0.351s] [ 12%] Built target hockey_stick_arm__rosidl_generator_c
[0.352s] [ 12%] Built target ament_cmake_python_copy_hockey_stick_arm
[0.500s] [ 23%] Built target hockey_stick_arm__rosidl_typesupport_cpp
[0.542s] [ 33%] Built target hockey_stick_arm__rosidl_typesupport_introspection_cpp
[0.550s] [ 43%] Built target hockey_stick_arm__rosidl_typesupport_fastrtps_cpp
[0.602s] [ 53%] Built target hockey_stick_arm__rosidl_typesupport_fastrtps_c
[0.754s] [ 64%] Built target hockey_stick_arm__rosidl_typesupport_c
[0.762s] [ 74%] Built target hockey_stick_arm__rosidl_typesupport_introspection_c
[0.946s] [ 74%] Built target hockey_stick_arm
[1.041s] [ 76%] Built target hockey_stick_arm__py
[1.170s] [ 84%] Built target hockey_stick_arm__rosidl_generator_py
[1.321s] [ 89%] Built target hockey_stick_arm__rosidl_typesupport_c__pyext
[1.331s] [ 94%] Built target hockey_stick_arm__rosidl_typesupport_fastrtps_c__pyext
[1.359s] [100%] Built target hockey_stick_arm__rosidl_typesupport_introspection_c__pyext
[1.784s] running egg_info
[1.784s] writing hockey_stick_arm.egg-info/PKG-INFO
[1.784s] writing dependency_links to hockey_stick_arm.egg-info/dependency_links.txt
[1.784s] writing top-level names to hockey_stick_arm.egg-info/top_level.txt
[1.787s] reading manifest file 'hockey_stick_arm.egg-info/SOURCES.txt'
[1.789s] writing manifest file 'hockey_stick_arm.egg-info/SOURCES.txt'
[1.851s] [100%] Built target ament_cmake_python_build_hockey_stick_arm_egg
[1.893s] Invoked command in '/home/urc/new-GUI/build/hockey_stick_arm' returned '0': CMAKE_PREFIX_PATH=/opt/ros/humble /usr/bin/cmake --build /home/urc/new-GUI/build/hockey_stick_arm -- -j4 -l4
[2.220s] Invoking command in '/home/urc/new-GUI/build/hockey_stick_arm': CMAKE_PREFIX_PATH=/opt/ros/humble /usr/bin/cmake --install /home/urc/new-GUI/build/hockey_stick_arm
[2.266s] -- Install configuration: ""
[2.269s] -- Up-to-date: /home/urc/new-GUI/install/hockey_stick_arm/share/ament_index/resource_index/rosidl_interfaces/hockey_stick_arm
[2.269s] -- Up-to-date: /home/urc/new-GUI/install/hockey_stick_arm/include/hockey_stick_arm/hockey_stick_arm
[2.270s] -- Up-to-date: /home/urc/new-GUI/install/hockey_stick_arm/include/hockey_stick_arm/hockey_stick_arm/msg
[2.270s] -- Up-to-date: /home/urc/new-GUI/install/hockey_stick_arm/include/hockey_stick_arm/hockey_stick_arm/msg/rosidl_generator_c__visibility_control.h
[2.272s] -- Up-to-date: /home/urc/new-GUI/install/hockey_stick_arm/include/hockey_stick_arm/hockey_stick_arm/srv
[2.273s] -- Up-to-date: /home/urc/new-GUI/install/hockey_stick_arm/include/hockey_stick_arm/hockey_stick_arm/srv/calibrate.h
[2.273s] -- Up-to-date: /home/urc/new-GUI/install/hockey_stick_arm/include/hockey_stick_arm/hockey_stick_arm/srv/detail
[2.273s] -- Up-to-date: /home/urc/new-GUI/install/hockey_stick_arm/include/hockey_stick_arm/hockey_stick_arm/srv/detail/calibrate__type_support.h
[2.273s] -- Up-to-date: /home/urc/new-GUI/install/hockey_stick_arm/include/hockey_stick_arm/hockey_stick_arm/srv/detail/set_float__struct.h
[2.273s] -- Up-to-date: /home/urc/new-GUI/install/hockey_stick_arm/include/hockey_stick_arm/hockey_stick_arm/srv/detail/set_float__functions.c
[2.273s] -- Up-to-date: /home/urc/new-GUI/install/hockey_stick_arm/include/hockey_stick_arm/hockey_stick_arm/srv/detail/set_float__type_support.h
[2.273s] -- Up-to-date: /home/urc/new-GUI/install/hockey_stick_arm/include/hockey_stick_arm/hockey_stick_arm/srv/detail/calibrate__functions.c
[2.282s] -- Up-to-date: /home/urc/new-GUI/install/hockey_stick_arm/include/hockey_stick_arm/hockey_stick_arm/srv/detail/set_float__functions.h
[2.282s] -- Up-to-date: /home/urc/new-GUI/install/hockey_stick_arm/include/hockey_stick_arm/hockey_stick_arm/srv/detail/calibrate__struct.h
[2.282s] -- Up-to-date: /home/urc/new-GUI/install/hockey_stick_arm/include/hockey_stick_arm/hockey_stick_arm/srv/detail/calibrate__functions.h
[2.282s] -- Up-to-date: /home/urc/new-GUI/install/hockey_stick_arm/include/hockey_stick_arm/hockey_stick_arm/srv/set_float.h
[2.282s] -- Up-to-date: /home/urc/new-GUI/install/hockey_stick_arm/share/hockey_stick_arm/environment/library_path.sh
[2.282s] -- Up-to-date: /home/urc/new-GUI/install/hockey_stick_arm/share/hockey_stick_arm/environment/library_path.dsv
[2.282s] -- Up-to-date: /home/urc/new-GUI/install/hockey_stick_arm/lib/libhockey_stick_arm__rosidl_generator_c.so
[2.287s] -- Up-to-date: /home/urc/new-GUI/install/hockey_stick_arm/include/hockey_stick_arm/hockey_stick_arm
[2.288s] -- Up-to-date: /home/urc/new-GUI/install/hockey_stick_arm/include/hockey_stick_arm/hockey_stick_arm/msg
[2.288s] -- Up-to-date: /home/urc/new-GUI/install/hockey_stick_arm/include/hockey_stick_arm/hockey_stick_arm/msg/rosidl_typesupport_fastrtps_c__visibility_control.h
[2.288s] -- Up-to-date: /home/urc/new-GUI/install/hockey_stick_arm/include/hockey_stick_arm/hockey_stick_arm/srv
[2.288s] -- Up-to-date: /home/urc/new-GUI/install/hockey_stick_arm/include/hockey_stick_arm/hockey_stick_arm/srv/detail
[2.289s] -- Up-to-date: /home/urc/new-GUI/install/hockey_stick_arm/include/hockey_stick_arm/hockey_stick_arm/srv/detail/set_float__rosidl_typesupport_fastrtps_c.h
[2.289s] -- Up-to-date: /home/urc/new-GUI/install/hockey_stick_arm/include/hockey_stick_arm/hockey_stick_arm/srv/detail/calibrate__rosidl_typesupport_fastrtps_c.h
[2.289s] -- Up-to-date: /home/urc/new-GUI/install/hockey_stick_arm/lib/libhockey_stick_arm__rosidl_typesupport_fastrtps_c.so
[2.290s] -- Up-to-date: /home/urc/new-GUI/install/hockey_stick_arm/include/hockey_stick_arm/hockey_stick_arm
[2.290s] -- Up-to-date: /home/urc/new-GUI/install/hockey_stick_arm/include/hockey_stick_arm/hockey_stick_arm/msg
[2.290s] -- Up-to-date: /home/urc/new-GUI/install/hockey_stick_arm/include/hockey_stick_arm/hockey_stick_arm/msg/rosidl_typesupport_introspection_c__visibility_control.h
[2.291s] -- Up-to-date: /home/urc/new-GUI/install/hockey_stick_arm/include/hockey_stick_arm/hockey_stick_arm/srv
[2.291s] -- Up-to-date: /home/urc/new-GUI/install/hockey_stick_arm/include/hockey_stick_arm/hockey_stick_arm/srv/detail
[2.291s] -- Up-to-date: /home/urc/new-GUI/install/hockey_stick_arm/include/hockey_stick_arm/hockey_stick_arm/srv/detail/set_float__type_support.c
[2.291s] -- Up-to-date: /home/urc/new-GUI/install/hockey_stick_arm/include/hockey_stick_arm/hockey_stick_arm/srv/detail/calibrate__rosidl_typesupport_introspection_c.h
[2.292s] -- Up-to-date: /home/urc/new-GUI/install/hockey_stick_arm/include/hockey_stick_arm/hockey_stick_arm/srv/detail/calibrate__type_support.c
[2.292s] -- Up-to-date: /home/urc/new-GUI/install/hockey_stick_arm/include/hockey_stick_arm/hockey_stick_arm/srv/detail/set_float__rosidl_typesupport_introspection_c.h
[2.292s] -- Up-to-date: /home/urc/new-GUI/install/hockey_stick_arm/lib/libhockey_stick_arm__rosidl_typesupport_introspection_c.so
[2.293s] -- Up-to-date: /home/urc/new-GUI/install/hockey_stick_arm/lib/libhockey_stick_arm__rosidl_typesupport_c.so
[2.293s] -- Up-to-date: /home/urc/new-GUI/install/hockey_stick_arm/include/hockey_stick_arm/hockey_stick_arm
[2.293s] -- Up-to-date: /home/urc/new-GUI/install/hockey_stick_arm/include/hockey_stick_arm/hockey_stick_arm/srv
[2.293s] -- Up-to-date: /home/urc/new-GUI/install/hockey_stick_arm/include/hockey_stick_arm/hockey_stick_arm/srv/set_float.hpp
[2.295s] -- Up-to-date: /home/urc/new-GUI/install/hockey_stick_arm/include/hockey_stick_arm/hockey_stick_arm/srv/calibrate.hpp
[2.295s] -- Up-to-date: /home/urc/new-GUI/install/hockey_stick_arm/include/hockey_stick_arm/hockey_stick_arm/srv/detail
[2.295s] -- Up-to-date: /home/urc/new-GUI/install/hockey_stick_arm/include/hockey_stick_arm/hockey_stick_arm/srv/detail/set_float__traits.hpp
[2.295s] -- Up-to-date: /home/urc/new-GUI/install/hockey_stick_arm/include/hockey_stick_arm/hockey_stick_arm/srv/detail/set_float__struct.hpp
[2.296s] -- Up-to-date: /home/urc/new-GUI/install/hockey_stick_arm/include/hockey_stick_arm/hockey_stick_arm/srv/detail/set_float__builder.hpp
[2.296s] -- Up-to-date: /home/urc/new-GUI/install/hockey_stick_arm/include/hockey_stick_arm/hockey_stick_arm/srv/detail/calibrate__builder.hpp
[2.296s] -- Up-to-date: /home/urc/new-GUI/install/hockey_stick_arm/include/hockey_stick_arm/hockey_stick_arm/srv/detail/calibrate__traits.hpp
[2.296s] -- Up-to-date: /home/urc/new-GUI/install/hockey_stick_arm/include/hockey_stick_arm/hockey_stick_arm/srv/detail/calibrate__struct.hpp
[2.296s] -- Up-to-date: /home/urc/new-GUI/install/hockey_stick_arm/include/hockey_stick_arm/hockey_stick_arm
[2.296s] -- Up-to-date: /home/urc/new-GUI/install/hockey_stick_arm/include/hockey_stick_arm/hockey_stick_arm/msg
[2.297s] -- Up-to-date: /home/urc/new-GUI/install/hockey_stick_arm/include/hockey_stick_arm/hockey_stick_arm/msg/rosidl_typesupport_fastrtps_cpp__visibility_control.h
[2.297s] -- Up-to-date: /home/urc/new-GUI/install/hockey_stick_arm/include/hockey_stick_arm/hockey_stick_arm/srv
[2.297s] -- Up-to-date: /home/urc/new-GUI/install/hockey_stick_arm/include/hockey_stick_arm/hockey_stick_arm/srv/detail
[2.297s] -- Up-to-date: /home/urc/new-GUI/install/hockey_stick_arm/include/hockey_stick_arm/hockey_stick_arm/srv/detail/calibrate__rosidl_typesupport_fastrtps_cpp.hpp
[2.297s] -- Up-to-date: /home/urc/new-GUI/install/hockey_stick_arm/include/hockey_stick_arm/hockey_stick_arm/srv/detail/set_float__rosidl_typesupport_fastrtps_cpp.hpp
[2.297s] -- Up-to-date: /home/urc/new-GUI/install/hockey_stick_arm/include/hockey_stick_arm/hockey_stick_arm/srv/detail/dds_fastrtps
[2.297s] -- Up-to-date: /home/urc/new-GUI/install/hockey_stick_arm/lib/libhockey_stick_arm__rosidl_typesupport_fastrtps_cpp.so
[2.300s] -- Up-to-date: /home/urc/new-GUI/install/hockey_stick_arm/include/hockey_stick_arm/hockey_stick_arm
[2.300s] -- Up-to-date: /home/urc/new-GUI/install/hockey_stick_arm/include/hockey_stick_arm/hockey_stick_arm/srv
[2.300s] -- Up-to-date: /home/urc/new-GUI/install/hockey_stick_arm/include/hockey_stick_arm/hockey_stick_arm/srv/detail
[2.300s] -- Up-to-date: /home/urc/new-GUI/install/hockey_stick_arm/include/hockey_stick_arm/hockey_stick_arm/srv/detail/set_float__rosidl_typesupport_introspection_cpp.hpp
[2.300s] -- Up-to-date: /home/urc/new-GUI/install/hockey_stick_arm/include/hockey_stick_arm/hockey_stick_arm/srv/detail/calibrate__rosidl_typesupport_introspection_cpp.hpp
[2.300s] -- Up-to-date: /home/urc/new-GUI/install/hockey_stick_arm/include/hockey_stick_arm/hockey_stick_arm/srv/detail/calibrate__type_support.cpp
[2.300s] -- Up-to-date: /home/urc/new-GUI/install/hockey_stick_arm/include/hockey_stick_arm/hockey_stick_arm/srv/detail/set_float__type_support.cpp
[2.301s] -- Up-to-date: /home/urc/new-GUI/install/hockey_stick_arm/lib/libhockey_stick_arm__rosidl_typesupport_introspection_cpp.so
[2.301s] -- Up-to-date: /home/urc/new-GUI/install/hockey_stick_arm/lib/libhockey_stick_arm__rosidl_typesupport_cpp.so
[2.301s] -- Up-to-date: /home/urc/new-GUI/install/hockey_stick_arm/share/hockey_stick_arm/environment/pythonpath.sh
[2.301s] -- Up-to-date: /home/urc/new-GUI/install/hockey_stick_arm/share/hockey_stick_arm/environment/pythonpath.dsv
[2.301s] -- Up-to-date: /home/urc/new-GUI/install/hockey_stick_arm/local/lib/python3.10/dist-packages/hockey_stick_arm-0.0.0-py3.10.egg-info
[2.301s] -- Installing: /home/urc/new-GUI/install/hockey_stick_arm/local/lib/python3.10/dist-packages/hockey_stick_arm-0.0.0-py3.10.egg-info/PKG-INFO
[2.302s] -- Installing: /home/urc/new-GUI/install/hockey_stick_arm/local/lib/python3.10/dist-packages/hockey_stick_arm-0.0.0-py3.10.egg-info/dependency_links.txt
[2.303s] -- Installing: /home/urc/new-GUI/install/hockey_stick_arm/local/lib/python3.10/dist-packages/hockey_stick_arm-0.0.0-py3.10.egg-info/top_level.txt
[2.309s] -- Installing: /home/urc/new-GUI/install/hockey_stick_arm/local/lib/python3.10/dist-packages/hockey_stick_arm-0.0.0-py3.10.egg-info/SOURCES.txt
[2.310s] -- Up-to-date: /home/urc/new-GUI/install/hockey_stick_arm/local/lib/python3.10/dist-packages/hockey_stick_arm
[2.310s] -- Up-to-date: /home/urc/new-GUI/install/hockey_stick_arm/local/lib/python3.10/dist-packages/hockey_stick_arm/hockey_stick_arm_s__rosidl_typesupport_c.cpython-310-x86_64-linux-gnu.so
[2.310s] -- Up-to-date: /home/urc/new-GUI/install/hockey_stick_arm/local/lib/python3.10/dist-packages/hockey_stick_arm/__init__.py
[2.310s] -- Up-to-date: /home/urc/new-GUI/install/hockey_stick_arm/local/lib/python3.10/dist-packages/hockey_stick_arm/_hockey_stick_arm_s.ep.rosidl_typesupport_c.c
[2.310s] -- Up-to-date: /home/urc/new-GUI/install/hockey_stick_arm/local/lib/python3.10/dist-packages/hockey_stick_arm/hockey_stick_arm_s__rosidl_typesupport_introspection_c.cpython-310-x86_64-linux-gnu.so
[2.310s] -- Up-to-date: /home/urc/new-GUI/install/hockey_stick_arm/local/lib/python3.10/dist-packages/hockey_stick_arm/libhockey_stick_arm__rosidl_generator_py.so
[2.310s] -- Up-to-date: /home/urc/new-GUI/install/hockey_stick_arm/local/lib/python3.10/dist-packages/hockey_stick_arm/_hockey_stick_arm_s.ep.rosidl_typesupport_introspection_c.c
[2.310s] -- Up-to-date: /home/urc/new-GUI/install/hockey_stick_arm/local/lib/python3.10/dist-packages/hockey_stick_arm/srv
[2.311s] -- Up-to-date: /home/urc/new-GUI/install/hockey_stick_arm/local/lib/python3.10/dist-packages/hockey_stick_arm/srv/__init__.py
[2.311s] -- Up-to-date: /home/urc/new-GUI/install/hockey_stick_arm/local/lib/python3.10/dist-packages/hockey_stick_arm/srv/_set_float_s.c
[2.311s] -- Up-to-date: /home/urc/new-GUI/install/hockey_stick_arm/local/lib/python3.10/dist-packages/hockey_stick_arm/srv/_set_float.py
[2.311s] -- Up-to-date: /home/urc/new-GUI/install/hockey_stick_arm/local/lib/python3.10/dist-packages/hockey_stick_arm/srv/_calibrate.py
[2.311s] -- Up-to-date: /home/urc/new-GUI/install/hockey_stick_arm/local/lib/python3.10/dist-packages/hockey_stick_arm/srv/_calibrate_s.c
[2.311s] -- Up-to-date: /home/urc/new-GUI/install/hockey_stick_arm/local/lib/python3.10/dist-packages/hockey_stick_arm/_hockey_stick_arm_s.ep.rosidl_typesupport_fastrtps_c.c
[2.311s] -- Up-to-date: /home/urc/new-GUI/install/hockey_stick_arm/local/lib/python3.10/dist-packages/hockey_stick_arm/hockey_stick_arm_s__rosidl_typesupport_fastrtps_c.cpython-310-x86_64-linux-gnu.so
[2.374s] Listing '/home/urc/new-GUI/install/hockey_stick_arm/local/lib/python3.10/dist-packages/hockey_stick_arm'...
[2.375s] Listing '/home/urc/new-GUI/install/hockey_stick_arm/local/lib/python3.10/dist-packages/hockey_stick_arm/srv'...
[2.388s] -- Up-to-date: /home/urc/new-GUI/install/hockey_stick_arm/local/lib/python3.10/dist-packages/hockey_stick_arm/hockey_stick_arm_s__rosidl_typesupport_fastrtps_c.cpython-310-x86_64-linux-gnu.so
[2.388s] -- Up-to-date: /home/urc/new-GUI/install/hockey_stick_arm/local/lib/python3.10/dist-packages/hockey_stick_arm/hockey_stick_arm_s__rosidl_typesupport_introspection_c.cpython-310-x86_64-linux-gnu.so
[2.408s] -- Up-to-date: /home/urc/new-GUI/install/hockey_stick_arm/local/lib/python3.10/dist-packages/hockey_stick_arm/hockey_stick_arm_s__rosidl_typesupport_c.cpython-310-x86_64-linux-gnu.so
[2.409s] -- Up-to-date: /home/urc/new-GUI/install/hockey_stick_arm/lib/libhockey_stick_arm__rosidl_generator_py.so
[2.414s] -- Up-to-date: /home/urc/new-GUI/install/hockey_stick_arm/share/hockey_stick_arm/srv/Calibrate.idl
[2.414s] -- Up-to-date: /home/urc/new-GUI/install/hockey_stick_arm/share/hockey_stick_arm/srv/SetFloat.idl
[2.416s] -- Up-to-date: /home/urc/new-GUI/install/hockey_stick_arm/share/hockey_stick_arm/srv/Calibrate.srv
[2.417s] -- Up-to-date: /home/urc/new-GUI/install/hockey_stick_arm/share/hockey_stick_arm/srv/Calibrate_Request.msg
[2.417s] -- Up-to-date: /home/urc/new-GUI/install/hockey_stick_arm/share/hockey_stick_arm/srv/Calibrate_Response.msg
[2.433s] -- Up-to-date: /home/urc/new-GUI/install/hockey_stick_arm/share/hockey_stick_arm/srv/SetFloat.srv
[2.433s] -- Up-to-date: /home/urc/new-GUI/install/hockey_stick_arm/share/hockey_stick_arm/srv/SetFloat_Request.msg
[2.433s] -- Up-to-date: /home/urc/new-GUI/install/hockey_stick_arm/share/hockey_stick_arm/srv/SetFloat_Response.msg
[2.433s] -- Up-to-date: /home/urc/new-GUI/install/hockey_stick_arm/share/ament_index/resource_index/package_run_dependencies/hockey_stick_arm
[2.434s] -- Up-to-date: /home/urc/new-GUI/install/hockey_stick_arm/share/ament_index/resource_index/parent_prefix_path/hockey_stick_arm
[2.434s] -- Up-to-date: /home/urc/new-GUI/install/hockey_stick_arm/share/hockey_stick_arm/environment/ament_prefix_path.sh
[2.434s] -- Up-to-date: /home/urc/new-GUI/install/hockey_stick_arm/share/hockey_stick_arm/environment/ament_prefix_path.dsv
[2.434s] -- Up-to-date: /home/urc/new-GUI/install/hockey_stick_arm/share/hockey_stick_arm/environment/path.sh
[2.434s] -- Up-to-date: /home/urc/new-GUI/install/hockey_stick_arm/share/hockey_stick_arm/environment/path.dsv
[2.434s] -- Up-to-date: /home/urc/new-GUI/install/hockey_stick_arm/share/hockey_stick_arm/local_setup.bash
[2.434s] -- Up-to-date: /home/urc/new-GUI/install/hockey_stick_arm/share/hockey_stick_arm/local_setup.sh
[2.435s] -- Up-to-date: /home/urc/new-GUI/install/hockey_stick_arm/share/hockey_stick_arm/local_setup.zsh
[2.435s] -- Up-to-date: /home/urc/new-GUI/install/hockey_stick_arm/share/hockey_stick_arm/local_setup.dsv
[2.435s] -- Installing: /home/urc/new-GUI/install/hockey_stick_arm/share/hockey_stick_arm/package.dsv
[2.436s] -- Up-to-date: /home/urc/new-GUI/install/hockey_stick_arm/share/ament_index/resource_index/packages/hockey_stick_arm
[2.437s] -- Up-to-date: /home/urc/new-GUI/install/hockey_stick_arm/share/hockey_stick_arm/cmake/export_hockey_stick_arm__rosidl_generator_cExport.cmake
[2.437s] -- Up-to-date: /home/urc/new-GUI/install/hockey_stick_arm/share/hockey_stick_arm/cmake/export_hockey_stick_arm__rosidl_generator_cExport-noconfig.cmake
[2.438s] -- Up-to-date: /home/urc/new-GUI/install/hockey_stick_arm/share/hockey_stick_arm/cmake/export_hockey_stick_arm__rosidl_typesupport_fastrtps_cExport.cmake
[2.438s] -- Up-to-date: /home/urc/new-GUI/install/hockey_stick_arm/share/hockey_stick_arm/cmake/export_hockey_stick_arm__rosidl_typesupport_fastrtps_cExport-noconfig.cmake
[2.439s] -- Up-to-date: /home/urc/new-GUI/install/hockey_stick_arm/share/hockey_stick_arm/cmake/hockey_stick_arm__rosidl_typesupport_introspection_cExport.cmake
[2.439s] -- Up-to-date: /home/urc/new-GUI/install/hockey_stick_arm/share/hockey_stick_arm/cmake/hockey_stick_arm__rosidl_typesupport_introspection_cExport-noconfig.cmake
[2.439s] -- Up-to-date: /home/urc/new-GUI/install/hockey_stick_arm/share/hockey_stick_arm/cmake/hockey_stick_arm__rosidl_typesupport_cExport.cmake
[2.439s] -- Up-to-date: /home/urc/new-GUI/install/hockey_stick_arm/share/hockey_stick_arm/cmake/hockey_stick_arm__rosidl_typesupport_cExport-noconfig.cmake
[2.439s] -- Up-to-date: /home/urc/new-GUI/install/hockey_stick_arm/share/hockey_stick_arm/cmake/export_hockey_stick_arm__rosidl_generator_cppExport.cmake
[2.439s] -- Up-to-date: /home/urc/new-GUI/install/hockey_stick_arm/share/hockey_stick_arm/cmake/export_hockey_stick_arm__rosidl_typesupport_fastrtps_cppExport.cmake
[2.439s] -- Up-to-date: /home/urc/new-GUI/install/hockey_stick_arm/share/hockey_stick_arm/cmake/export_hockey_stick_arm__rosidl_typesupport_fastrtps_cppExport-noconfig.cmake
[2.440s] -- Up-to-date: /home/urc/new-GUI/install/hockey_stick_arm/share/hockey_stick_arm/cmake/hockey_stick_arm__rosidl_typesupport_introspection_cppExport.cmake
[2.440s] -- Up-to-date: /home/urc/new-GUI/install/hockey_stick_arm/share/hockey_stick_arm/cmake/hockey_stick_arm__rosidl_typesupport_introspection_cppExport-noconfig.cmake
[2.440s] -- Up-to-date: /home/urc/new-GUI/install/hockey_stick_arm/share/hockey_stick_arm/cmake/hockey_stick_arm__rosidl_typesupport_cppExport.cmake
[2.440s] -- Up-to-date: /home/urc/new-GUI/install/hockey_stick_arm/share/hockey_stick_arm/cmake/hockey_stick_arm__rosidl_typesupport_cppExport-noconfig.cmake
[2.440s] -- Up-to-date: /home/urc/new-GUI/install/hockey_stick_arm/share/hockey_stick_arm/cmake/export_hockey_stick_arm__rosidl_generator_pyExport.cmake
[2.440s] -- Up-to-date: /home/urc/new-GUI/install/hockey_stick_arm/share/hockey_stick_arm/cmake/export_hockey_stick_arm__rosidl_generator_pyExport-noconfig.cmake
[2.440s] -- Up-to-date: /home/urc/new-GUI/install/hockey_stick_arm/share/hockey_stick_arm/cmake/rosidl_cmake-extras.cmake
[2.441s] -- Up-to-date: /home/urc/new-GUI/install/hockey_stick_arm/share/hockey_stick_arm/cmake/ament_cmake_export_dependencies-extras.cmake
[2.441s] -- Up-to-date: /home/urc/new-GUI/install/hockey_stick_arm/share/hockey_stick_arm/cmake/ament_cmake_export_include_directories-extras.cmake
[2.441s] -- Up-to-date: /home/urc/new-GUI/install/hockey_stick_arm/share/hockey_stick_arm/cmake/ament_cmake_export_libraries-extras.cmake
[2.441s] -- Up-to-date: /home/urc/new-GUI/install/hockey_stick_arm/share/hockey_stick_arm/cmake/ament_cmake_export_targets-extras.cmake
[2.441s] -- Up-to-date: /home/urc/new-GUI/install/hockey_stick_arm/share/hockey_stick_arm/cmake/rosidl_cmake_export_typesupport_targets-extras.cmake
[2.441s] -- Up-to-date: /home/urc/new-GUI/install/hockey_stick_arm/share/hockey_stick_arm/cmake/rosidl_cmake_export_typesupport_libraries-extras.cmake
[2.441s] -- Up-to-date: /home/urc/new-GUI/install/hockey_stick_arm/share/hockey_stick_arm/cmake/hockey_stick_armConfig.cmake
[2.466s] -- Up-to-date: /home/urc/new-GUI/install/hockey_stick_arm/share/hockey_stick_arm/cmake/hockey_stick_armConfig-version.cmake
[2.466s] -- Up-to-date: /home/urc/new-GUI/install/hockey_stick_arm/share/hockey_stick_arm/package.xml
[2.699s] Invoked command in '/home/urc/new-GUI/build/hockey_stick_arm' returned '0': CMAKE_PREFIX_PATH=/opt/ros/humble /usr/bin/cmake --install /home/urc/new-GUI/build/hockey_stick_arm
