[0.332s] Invoking command in '/home/urc/new_GUI/build/urc_gui_lib': CMAKE_PREFIX_PATH=/home/urc/new_GUI/install/theora_webcams:/home/urc/new_GUI/install/marker_interfacing:/home/urc/new_GUI/install/aruco_finder:/home/urc/new_GUI/install/rover_gui_lib:/home/urc/new_GUI/install/urc_gui_lib:/home/urc/new_GUI/install/science_servo_control:/home/urc/new_GUI/install/ocean_optics_spectrometer:/home/urc/new_GUI/install/hockey_stick_arm LD_LIBRARY_PATH=/home/urc/new_GUI/install/theora_webcams/lib:/home/urc/new_GUI/install/marker_interfacing/lib:/home/urc/new_GUI/install/aruco_finder/lib:/home/urc/new_GUI/install/rover_gui_lib/lib:/home/urc/new_GUI/install/science_servo_control/lib:/home/urc/new_GUI/install/ocean_optics_spectrometer/lib:/home/urc/new_GUI/install/hockey_stick_arm/lib:/opt/ros/humble/opt/rviz_ogre_vendor/lib:/opt/ros/humble/lib/x86_64-linux-gnu:/opt/ros/humble/lib /usr/bin/cmake --build /home/urc/new_GUI/build/urc_gui_lib -- -j4 -l4
[0.504s] Invoked command in '/home/urc/new_GUI/build/urc_gui_lib' returned '0': CMAKE_PREFIX_PATH=/home/urc/new_GUI/install/theora_webcams:/home/urc/new_GUI/install/marker_interfacing:/home/urc/new_GUI/install/aruco_finder:/home/urc/new_GUI/install/rover_gui_lib:/home/urc/new_GUI/install/urc_gui_lib:/home/urc/new_GUI/install/science_servo_control:/home/urc/new_GUI/install/ocean_optics_spectrometer:/home/urc/new_GUI/install/hockey_stick_arm LD_LIBRARY_PATH=/home/urc/new_GUI/install/theora_webcams/lib:/home/urc/new_GUI/install/marker_interfacing/lib:/home/urc/new_GUI/install/aruco_finder/lib:/home/urc/new_GUI/install/rover_gui_lib/lib:/home/urc/new_GUI/install/science_servo_control/lib:/home/urc/new_GUI/install/ocean_optics_spectrometer/lib:/home/urc/new_GUI/install/hockey_stick_arm/lib:/opt/ros/humble/opt/rviz_ogre_vendor/lib:/opt/ros/humble/lib/x86_64-linux-gnu:/opt/ros/humble/lib /usr/bin/cmake --build /home/urc/new_GUI/build/urc_gui_lib -- -j4 -l4
[0.664s] Invoking command in '/home/urc/new_GUI/build/urc_gui_lib': CMAKE_PREFIX_PATH=/home/urc/new_GUI/install/theora_webcams:/home/urc/new_GUI/install/marker_interfacing:/home/urc/new_GUI/install/aruco_finder:/home/urc/new_GUI/install/rover_gui_lib:/home/urc/new_GUI/install/urc_gui_lib:/home/urc/new_GUI/install/science_servo_control:/home/urc/new_GUI/install/ocean_optics_spectrometer:/home/urc/new_GUI/install/hockey_stick_arm LD_LIBRARY_PATH=/home/urc/new_GUI/install/theora_webcams/lib:/home/urc/new_GUI/install/marker_interfacing/lib:/home/urc/new_GUI/install/aruco_finder/lib:/home/urc/new_GUI/install/rover_gui_lib/lib:/home/urc/new_GUI/install/science_servo_control/lib:/home/urc/new_GUI/install/ocean_optics_spectrometer/lib:/home/urc/new_GUI/install/hockey_stick_arm/lib:/opt/ros/humble/opt/rviz_ogre_vendor/lib:/opt/ros/humble/lib/x86_64-linux-gnu:/opt/ros/humble/lib /usr/bin/cmake --install /home/urc/new_GUI/build/urc_gui_lib
[0.679s] -- Install configuration: ""
[0.680s] -- Up-to-date: /home/urc/new_GUI/install/urc_gui_lib/share/ament_index/resource_index/package_run_dependencies/urc_gui_lib
[0.680s] -- Up-to-date: /home/urc/new_GUI/install/urc_gui_lib/share/ament_index/resource_index/parent_prefix_path/urc_gui_lib
[0.680s] -- Up-to-date: /home/urc/new_GUI/install/urc_gui_lib/share/urc_gui_lib/environment/ament_prefix_path.sh
[0.683s] -- Up-to-date: /home/urc/new_GUI/install/urc_gui_lib/share/urc_gui_lib/environment/ament_prefix_path.dsv
[0.683s] -- Up-to-date: /home/urc/new_GUI/install/urc_gui_lib/share/urc_gui_lib/environment/path.sh
[0.683s] -- Up-to-date: /home/urc/new_GUI/install/urc_gui_lib/share/urc_gui_lib/environment/path.dsv
[0.683s] -- Up-to-date: /home/urc/new_GUI/install/urc_gui_lib/share/urc_gui_lib/local_setup.bash
[0.684s] -- Up-to-date: /home/urc/new_GUI/install/urc_gui_lib/share/urc_gui_lib/local_setup.sh
[0.684s] -- Up-to-date: /home/urc/new_GUI/install/urc_gui_lib/share/urc_gui_lib/local_setup.zsh
[0.684s] -- Up-to-date: /home/urc/new_GUI/install/urc_gui_lib/share/urc_gui_lib/local_setup.dsv
[0.684s] -- Installing: /home/urc/new_GUI/install/urc_gui_lib/share/urc_gui_lib/package.dsv
[0.684s] -- Up-to-date: /home/urc/new_GUI/install/urc_gui_lib/share/ament_index/resource_index/packages/urc_gui_lib
[0.684s] -- Up-to-date: /home/urc/new_GUI/install/urc_gui_lib/share/urc_gui_lib/cmake/urc_gui_libConfig.cmake
[0.686s] -- Up-to-date: /home/urc/new_GUI/install/urc_gui_lib/share/urc_gui_lib/cmake/urc_gui_libConfig-version.cmake
[0.686s] -- Up-to-date: /home/urc/new_GUI/install/urc_gui_lib/share/urc_gui_lib/package.xml
[0.689s] Invoked command in '/home/urc/new_GUI/build/urc_gui_lib' returned '0': CMAKE_PREFIX_PATH=/home/urc/new_GUI/install/theora_webcams:/home/urc/new_GUI/install/marker_interfacing:/home/urc/new_GUI/install/aruco_finder:/home/urc/new_GUI/install/rover_gui_lib:/home/urc/new_GUI/install/urc_gui_lib:/home/urc/new_GUI/install/science_servo_control:/home/urc/new_GUI/install/ocean_optics_spectrometer:/home/urc/new_GUI/install/hockey_stick_arm LD_LIBRARY_PATH=/home/urc/new_GUI/install/theora_webcams/lib:/home/urc/new_GUI/install/marker_interfacing/lib:/home/urc/new_GUI/install/aruco_finder/lib:/home/urc/new_GUI/install/rover_gui_lib/lib:/home/urc/new_GUI/install/science_servo_control/lib:/home/urc/new_GUI/install/ocean_optics_spectrometer/lib:/home/urc/new_GUI/install/hockey_stick_arm/lib:/opt/ros/humble/opt/rviz_ogre_vendor/lib:/opt/ros/humble/lib/x86_64-linux-gnu:/opt/ros/humble/lib /usr/bin/cmake --install /home/urc/new_GUI/build/urc_gui_lib
