[0.461s] Invoking command in '/home/urc/new-GUI/build/aruco_finder': /usr/bin/cmake /home/urc/new-GUI/src/aruco_finder -DCATKIN_INSTALL_INTO_PREFIX_ROOT=0 -DCMAKE_INSTALL_PREFIX=/home/urc/new-GUI/install/aruco_finder
[1.224s] -- The C compiler identification is GNU 11.4.0
[1.224s] -- The CXX compiler identification is GNU 11.4.0
[1.224s] -- Detecting C compiler ABI info
[1.225s] -- Detecting C compiler ABI info - done
[1.225s] -- Check for working C compiler: /usr/bin/cc - skipped
[1.225s] -- Detecting C compile features
[1.225s] -- Detecting C compile features - done
[1.225s] -- Detecting CXX compiler ABI info
[1.330s] -- Detecting CXX compiler ABI info - done
[1.352s] -- Check for working CXX compiler: /usr/bin/c++ - skipped
[1.353s] -- Detecting CXX compile features
[1.356s] -- Detecting CXX compile features - done
[1.378s] [31mCMake Error at CMakeLists.txt:10 (find_package):
[1.379s]   By not providing "Findcatkin.cmake" in CMAKE_MODULE_PATH this project has
[1.380s]   asked CMake to find a package configuration file provided by "catkin", but
[1.380s]   CMake did not find one.
[1.380s] 
[1.381s]   Could not find a package configuration file provided by "catkin" with any
[1.381s]   of the following names:
[1.381s] 
[1.381s]     catkinConfig.cmake
[1.381s]     catkin-config.cmake
[1.381s] 
[1.381s]   Add the installation prefix of "catkin" to CMAKE_PREFIX_PATH or set
[1.381s]   "catkin_DIR" to a directory containing one of the above files.  If "catkin"
[1.381s]   provides a separate development package or SDK, be sure it has been
[1.381s]   installed.
[1.382s] 
[1.382s] [0m
[1.382s] -- Configuring incomplete, errors occurred!
[1.382s] See also "/home/urc/new-GUI/build/aruco_finder/CMakeFiles/CMakeOutput.log".
[1.406s] Invoked command in '/home/urc/new-GUI/build/aruco_finder' returned '1': /usr/bin/cmake /home/urc/new-GUI/src/aruco_finder -DCATKIN_INSTALL_INTO_PREFIX_ROOT=0 -DCMAKE_INSTALL_PREFIX=/home/urc/new-GUI/install/aruco_finder
