[1.248s] Invoking command in '/home/urc/new-GUI/src/gui_window': PYTHONPATH=/home/urc/new-GUI/build/gui_window/prefix_override:/home/urc/new-GUI/install/gui_window/lib/python3.10/site-packages:${PYTHONPATH} /usr/bin/python3 setup.py egg_info --egg-base ../../build/gui_window build --build-base /home/urc/new-GUI/build/gui_window/build install --record /home/urc/new-GUI/build/gui_window/install.log --single-version-externally-managed
[1.638s] running egg_info
[1.639s] writing ../../build/gui_window/gui_window.egg-info/PKG-INFO
[1.639s] writing dependency_links to ../../build/gui_window/gui_window.egg-info/dependency_links.txt
[1.639s] writing entry points to ../../build/gui_window/gui_window.egg-info/entry_points.txt
[1.639s] writing requirements to ../../build/gui_window/gui_window.egg-info/requires.txt
[1.640s] writing top-level names to ../../build/gui_window/gui_window.egg-info/top_level.txt
[1.644s] reading manifest file '../../build/gui_window/gui_window.egg-info/SOURCES.txt'
[1.648s] writing manifest file '../../build/gui_window/gui_window.egg-info/SOURCES.txt'
[1.649s] running build
[1.649s] running build_py
[1.650s] copying gui_window/__init__.py -> /home/urc/new-GUI/build/gui_window/build/lib/gui_window
[1.652s] copying gui_window/main.py -> /home/urc/new-GUI/build/gui_window/build/lib/gui_window
[1.653s] copying gui_window/urc_gui_common/status_bar.py -> /home/urc/new-GUI/build/gui_window/build/lib/gui_window/urc_gui_common
[1.654s] copying gui_window/urc_gui_common/__init__.py -> /home/urc/new-GUI/build/gui_window/build/lib/gui_window/urc_gui_common
[1.654s] copying gui_window/urc_gui_common/app.py -> /home/urc/new-GUI/build/gui_window/build/lib/gui_window/urc_gui_common
[1.655s] creating /home/urc/new-GUI/build/gui_window/build/lib/gui_window/urc_gui_common/widgets
[1.655s] copying gui_window/urc_gui_common/widgets/timer.py -> /home/urc/new-GUI/build/gui_window/build/lib/gui_window/urc_gui_common/widgets
[1.655s] copying gui_window/urc_gui_common/widgets/ros_console.py -> /home/urc/new-GUI/build/gui_window/build/lib/gui_window/urc_gui_common/widgets
[1.655s] copying gui_window/urc_gui_common/widgets/current_widget.py -> /home/urc/new-GUI/build/gui_window/build/lib/gui_window/urc_gui_common/widgets
[1.656s] copying gui_window/urc_gui_common/widgets/map_viewer.py -> /home/urc/new-GUI/build/gui_window/build/lib/gui_window/urc_gui_common/widgets
[1.656s] copying gui_window/urc_gui_common/widgets/__init__.py -> /home/urc/new-GUI/build/gui_window/build/lib/gui_window/urc_gui_common/widgets
[1.656s] copying gui_window/urc_gui_common/widgets/graph_widget.py -> /home/urc/new-GUI/build/gui_window/build/lib/gui_window/urc_gui_common/widgets
[1.658s] copying gui_window/urc_gui_common/widgets/checklist.py -> /home/urc/new-GUI/build/gui_window/build/lib/gui_window/urc_gui_common/widgets
[1.658s] copying gui_window/urc_gui_common/widgets/super_camera_widget.py -> /home/urc/new-GUI/build/gui_window/build/lib/gui_window/urc_gui_common/widgets
[1.658s] copying gui_window/urc_gui_common/widgets/compass.py -> /home/urc/new-GUI/build/gui_window/build/lib/gui_window/urc_gui_common/widgets
[1.659s] copying gui_window/urc_gui_common/widgets/antenna_control.py -> /home/urc/new-GUI/build/gui_window/build/lib/gui_window/urc_gui_common/widgets
[1.659s] copying gui_window/urc_gui_common/widgets/slider_compass.py -> /home/urc/new-GUI/build/gui_window/build/lib/gui_window/urc_gui_common/widgets
[1.659s] copying gui_window/urc_gui_common/widgets/lines.py -> /home/urc/new-GUI/build/gui_window/build/lib/gui_window/urc_gui_common/widgets
[1.659s] creating /home/urc/new-GUI/build/gui_window/build/lib/gui_window/urc_gui_common/ui_python
[1.660s] copying gui_window/urc_gui_common/ui_python/tools_tab.py -> /home/urc/new-GUI/build/gui_window/build/lib/gui_window/urc_gui_common/ui_python
[1.660s] copying gui_window/urc_gui_common/ui_python/optimization_dialog.py -> /home/urc/new-GUI/build/gui_window/build/lib/gui_window/urc_gui_common/ui_python
[1.660s] copying gui_window/urc_gui_common/ui_python/current_widget.py -> /home/urc/new-GUI/build/gui_window/build/lib/gui_window/urc_gui_common/ui_python
[1.660s] copying gui_window/urc_gui_common/ui_python/__init__.py -> /home/urc/new-GUI/build/gui_window/build/lib/gui_window/urc_gui_common/ui_python
[1.660s] copying gui_window/urc_gui_common/ui_python/ros_console_widget.py -> /home/urc/new-GUI/build/gui_window/build/lib/gui_window/urc_gui_common/ui_python
[1.660s] copying gui_window/urc_gui_common/ui_python/science_tab.py -> /home/urc/new-GUI/build/gui_window/build/lib/gui_window/urc_gui_common/ui_python
[1.660s] copying gui_window/urc_gui_common/ui_python/timer_widget.py -> /home/urc/new-GUI/build/gui_window/build/lib/gui_window/urc_gui_common/ui_python
[1.660s] copying gui_window/urc_gui_common/ui_python/antenna_control_widget.py -> /home/urc/new-GUI/build/gui_window/build/lib/gui_window/urc_gui_common/ui_python
[1.660s] copying gui_window/urc_gui_common/ui_python/set_time_dialog.py -> /home/urc/new-GUI/build/gui_window/build/lib/gui_window/urc_gui_common/ui_python
[1.660s] copying gui_window/urc_gui_common/ui_python/autonomy_edit_dialog.py -> /home/urc/new-GUI/build/gui_window/build/lib/gui_window/urc_gui_common/ui_python
[1.660s] copying gui_window/urc_gui_common/ui_python/checklist_widget.py -> /home/urc/new-GUI/build/gui_window/build/lib/gui_window/urc_gui_common/ui_python
[1.661s] copying gui_window/urc_gui_common/ui_python/graph.py -> /home/urc/new-GUI/build/gui_window/build/lib/gui_window/urc_gui_common/ui_python
[1.661s] creating /home/urc/new-GUI/build/gui_window/build/lib/gui_window/urc_gui_common/widgets/ui_python
[1.661s] copying gui_window/urc_gui_common/widgets/ui_python/tools_tab.py -> /home/urc/new-GUI/build/gui_window/build/lib/gui_window/urc_gui_common/widgets/ui_python
[1.661s] copying gui_window/urc_gui_common/widgets/ui_python/optimization_dialog.py -> /home/urc/new-GUI/build/gui_window/build/lib/gui_window/urc_gui_common/widgets/ui_python
[1.661s] copying gui_window/urc_gui_common/widgets/ui_python/current_widget.py -> /home/urc/new-GUI/build/gui_window/build/lib/gui_window/urc_gui_common/widgets/ui_python
[1.661s] copying gui_window/urc_gui_common/widgets/ui_python/__init__.py -> /home/urc/new-GUI/build/gui_window/build/lib/gui_window/urc_gui_common/widgets/ui_python
[1.661s] copying gui_window/urc_gui_common/widgets/ui_python/ros_console_widget.py -> /home/urc/new-GUI/build/gui_window/build/lib/gui_window/urc_gui_common/widgets/ui_python
[1.661s] copying gui_window/urc_gui_common/widgets/ui_python/science_tab.py -> /home/urc/new-GUI/build/gui_window/build/lib/gui_window/urc_gui_common/widgets/ui_python
[1.661s] copying gui_window/urc_gui_common/widgets/ui_python/timer_widget.py -> /home/urc/new-GUI/build/gui_window/build/lib/gui_window/urc_gui_common/widgets/ui_python
[1.662s] copying gui_window/urc_gui_common/widgets/ui_python/antenna_control_widget.py -> /home/urc/new-GUI/build/gui_window/build/lib/gui_window/urc_gui_common/widgets/ui_python
[1.662s] copying gui_window/urc_gui_common/widgets/ui_python/set_time_dialog.py -> /home/urc/new-GUI/build/gui_window/build/lib/gui_window/urc_gui_common/widgets/ui_python
[1.662s] copying gui_window/urc_gui_common/widgets/ui_python/autonomy_edit_dialog.py -> /home/urc/new-GUI/build/gui_window/build/lib/gui_window/urc_gui_common/widgets/ui_python
[1.662s] copying gui_window/urc_gui_common/widgets/ui_python/checklist_widget.py -> /home/urc/new-GUI/build/gui_window/build/lib/gui_window/urc_gui_common/widgets/ui_python
[1.662s] copying gui_window/urc_gui_common/widgets/ui_python/graph.py -> /home/urc/new-GUI/build/gui_window/build/lib/gui_window/urc_gui_common/widgets/ui_python
[1.662s] running install
[1.663s] running install_lib
[1.664s] copying /home/urc/new-GUI/build/gui_window/build/lib/gui_window/urc_gui_common/status_bar.py -> /home/urc/new-GUI/install/gui_window/lib/python3.10/site-packages/gui_window/urc_gui_common
[1.665s] copying /home/urc/new-GUI/build/gui_window/build/lib/gui_window/urc_gui_common/__init__.py -> /home/urc/new-GUI/install/gui_window/lib/python3.10/site-packages/gui_window/urc_gui_common
[1.665s] creating /home/urc/new-GUI/install/gui_window/lib/python3.10/site-packages/gui_window/urc_gui_common/widgets
[1.665s] copying /home/urc/new-GUI/build/gui_window/build/lib/gui_window/urc_gui_common/widgets/timer.py -> /home/urc/new-GUI/install/gui_window/lib/python3.10/site-packages/gui_window/urc_gui_common/widgets
[1.665s] copying /home/urc/new-GUI/build/gui_window/build/lib/gui_window/urc_gui_common/widgets/ros_console.py -> /home/urc/new-GUI/install/gui_window/lib/python3.10/site-packages/gui_window/urc_gui_common/widgets
[1.665s] copying /home/urc/new-GUI/build/gui_window/build/lib/gui_window/urc_gui_common/widgets/current_widget.py -> /home/urc/new-GUI/install/gui_window/lib/python3.10/site-packages/gui_window/urc_gui_common/widgets
[1.665s] copying /home/urc/new-GUI/build/gui_window/build/lib/gui_window/urc_gui_common/widgets/map_viewer.py -> /home/urc/new-GUI/install/gui_window/lib/python3.10/site-packages/gui_window/urc_gui_common/widgets
[1.666s] copying /home/urc/new-GUI/build/gui_window/build/lib/gui_window/urc_gui_common/widgets/__init__.py -> /home/urc/new-GUI/install/gui_window/lib/python3.10/site-packages/gui_window/urc_gui_common/widgets
[1.666s] copying /home/urc/new-GUI/build/gui_window/build/lib/gui_window/urc_gui_common/widgets/graph_widget.py -> /home/urc/new-GUI/install/gui_window/lib/python3.10/site-packages/gui_window/urc_gui_common/widgets
[1.666s] copying /home/urc/new-GUI/build/gui_window/build/lib/gui_window/urc_gui_common/widgets/checklist.py -> /home/urc/new-GUI/install/gui_window/lib/python3.10/site-packages/gui_window/urc_gui_common/widgets
[1.666s] copying /home/urc/new-GUI/build/gui_window/build/lib/gui_window/urc_gui_common/widgets/super_camera_widget.py -> /home/urc/new-GUI/install/gui_window/lib/python3.10/site-packages/gui_window/urc_gui_common/widgets
[1.666s] copying /home/urc/new-GUI/build/gui_window/build/lib/gui_window/urc_gui_common/widgets/compass.py -> /home/urc/new-GUI/install/gui_window/lib/python3.10/site-packages/gui_window/urc_gui_common/widgets
[1.666s] creating /home/urc/new-GUI/install/gui_window/lib/python3.10/site-packages/gui_window/urc_gui_common/widgets/ui_python
[1.666s] copying /home/urc/new-GUI/build/gui_window/build/lib/gui_window/urc_gui_common/widgets/ui_python/tools_tab.py -> /home/urc/new-GUI/install/gui_window/lib/python3.10/site-packages/gui_window/urc_gui_common/widgets/ui_python
[1.666s] copying /home/urc/new-GUI/build/gui_window/build/lib/gui_window/urc_gui_common/widgets/ui_python/optimization_dialog.py -> /home/urc/new-GUI/install/gui_window/lib/python3.10/site-packages/gui_window/urc_gui_common/widgets/ui_python
[1.667s] copying /home/urc/new-GUI/build/gui_window/build/lib/gui_window/urc_gui_common/widgets/ui_python/current_widget.py -> /home/urc/new-GUI/install/gui_window/lib/python3.10/site-packages/gui_window/urc_gui_common/widgets/ui_python
[1.667s] copying /home/urc/new-GUI/build/gui_window/build/lib/gui_window/urc_gui_common/widgets/ui_python/__init__.py -> /home/urc/new-GUI/install/gui_window/lib/python3.10/site-packages/gui_window/urc_gui_common/widgets/ui_python
[1.667s] copying /home/urc/new-GUI/build/gui_window/build/lib/gui_window/urc_gui_common/widgets/ui_python/ros_console_widget.py -> /home/urc/new-GUI/install/gui_window/lib/python3.10/site-packages/gui_window/urc_gui_common/widgets/ui_python
[1.667s] copying /home/urc/new-GUI/build/gui_window/build/lib/gui_window/urc_gui_common/widgets/ui_python/science_tab.py -> /home/urc/new-GUI/install/gui_window/lib/python3.10/site-packages/gui_window/urc_gui_common/widgets/ui_python
[1.667s] copying /home/urc/new-GUI/build/gui_window/build/lib/gui_window/urc_gui_common/widgets/ui_python/timer_widget.py -> /home/urc/new-GUI/install/gui_window/lib/python3.10/site-packages/gui_window/urc_gui_common/widgets/ui_python
[1.667s] copying /home/urc/new-GUI/build/gui_window/build/lib/gui_window/urc_gui_common/widgets/ui_python/antenna_control_widget.py -> /home/urc/new-GUI/install/gui_window/lib/python3.10/site-packages/gui_window/urc_gui_common/widgets/ui_python
[1.667s] copying /home/urc/new-GUI/build/gui_window/build/lib/gui_window/urc_gui_common/widgets/ui_python/set_time_dialog.py -> /home/urc/new-GUI/install/gui_window/lib/python3.10/site-packages/gui_window/urc_gui_common/widgets/ui_python
[1.667s] copying /home/urc/new-GUI/build/gui_window/build/lib/gui_window/urc_gui_common/widgets/ui_python/autonomy_edit_dialog.py -> /home/urc/new-GUI/install/gui_window/lib/python3.10/site-packages/gui_window/urc_gui_common/widgets/ui_python
[1.667s] copying /home/urc/new-GUI/build/gui_window/build/lib/gui_window/urc_gui_common/widgets/ui_python/checklist_widget.py -> /home/urc/new-GUI/install/gui_window/lib/python3.10/site-packages/gui_window/urc_gui_common/widgets/ui_python
[1.667s] copying /home/urc/new-GUI/build/gui_window/build/lib/gui_window/urc_gui_common/widgets/ui_python/graph.py -> /home/urc/new-GUI/install/gui_window/lib/python3.10/site-packages/gui_window/urc_gui_common/widgets/ui_python
[1.668s] copying /home/urc/new-GUI/build/gui_window/build/lib/gui_window/urc_gui_common/widgets/antenna_control.py -> /home/urc/new-GUI/install/gui_window/lib/python3.10/site-packages/gui_window/urc_gui_common/widgets
[1.668s] copying /home/urc/new-GUI/build/gui_window/build/lib/gui_window/urc_gui_common/widgets/slider_compass.py -> /home/urc/new-GUI/install/gui_window/lib/python3.10/site-packages/gui_window/urc_gui_common/widgets
[1.668s] copying /home/urc/new-GUI/build/gui_window/build/lib/gui_window/urc_gui_common/widgets/lines.py -> /home/urc/new-GUI/install/gui_window/lib/python3.10/site-packages/gui_window/urc_gui_common/widgets
[1.668s] copying /home/urc/new-GUI/build/gui_window/build/lib/gui_window/urc_gui_common/app.py -> /home/urc/new-GUI/install/gui_window/lib/python3.10/site-packages/gui_window/urc_gui_common
[1.668s] creating /home/urc/new-GUI/install/gui_window/lib/python3.10/site-packages/gui_window/urc_gui_common/ui_python
[1.668s] copying /home/urc/new-GUI/build/gui_window/build/lib/gui_window/urc_gui_common/ui_python/tools_tab.py -> /home/urc/new-GUI/install/gui_window/lib/python3.10/site-packages/gui_window/urc_gui_common/ui_python
[1.669s] copying /home/urc/new-GUI/build/gui_window/build/lib/gui_window/urc_gui_common/ui_python/optimization_dialog.py -> /home/urc/new-GUI/install/gui_window/lib/python3.10/site-packages/gui_window/urc_gui_common/ui_python
[1.669s] copying /home/urc/new-GUI/build/gui_window/build/lib/gui_window/urc_gui_common/ui_python/current_widget.py -> /home/urc/new-GUI/install/gui_window/lib/python3.10/site-packages/gui_window/urc_gui_common/ui_python
[1.669s] copying /home/urc/new-GUI/build/gui_window/build/lib/gui_window/urc_gui_common/ui_python/__init__.py -> /home/urc/new-GUI/install/gui_window/lib/python3.10/site-packages/gui_window/urc_gui_common/ui_python
[1.669s] copying /home/urc/new-GUI/build/gui_window/build/lib/gui_window/urc_gui_common/ui_python/ros_console_widget.py -> /home/urc/new-GUI/install/gui_window/lib/python3.10/site-packages/gui_window/urc_gui_common/ui_python
[1.669s] copying /home/urc/new-GUI/build/gui_window/build/lib/gui_window/urc_gui_common/ui_python/science_tab.py -> /home/urc/new-GUI/install/gui_window/lib/python3.10/site-packages/gui_window/urc_gui_common/ui_python
[1.669s] copying /home/urc/new-GUI/build/gui_window/build/lib/gui_window/urc_gui_common/ui_python/timer_widget.py -> /home/urc/new-GUI/install/gui_window/lib/python3.10/site-packages/gui_window/urc_gui_common/ui_python
[1.669s] copying /home/urc/new-GUI/build/gui_window/build/lib/gui_window/urc_gui_common/ui_python/antenna_control_widget.py -> /home/urc/new-GUI/install/gui_window/lib/python3.10/site-packages/gui_window/urc_gui_common/ui_python
[1.670s] copying /home/urc/new-GUI/build/gui_window/build/lib/gui_window/urc_gui_common/ui_python/set_time_dialog.py -> /home/urc/new-GUI/install/gui_window/lib/python3.10/site-packages/gui_window/urc_gui_common/ui_python
[1.670s] copying /home/urc/new-GUI/build/gui_window/build/lib/gui_window/urc_gui_common/ui_python/autonomy_edit_dialog.py -> /home/urc/new-GUI/install/gui_window/lib/python3.10/site-packages/gui_window/urc_gui_common/ui_python
[1.670s] copying /home/urc/new-GUI/build/gui_window/build/lib/gui_window/urc_gui_common/ui_python/checklist_widget.py -> /home/urc/new-GUI/install/gui_window/lib/python3.10/site-packages/gui_window/urc_gui_common/ui_python
[1.670s] copying /home/urc/new-GUI/build/gui_window/build/lib/gui_window/urc_gui_common/ui_python/graph.py -> /home/urc/new-GUI/install/gui_window/lib/python3.10/site-packages/gui_window/urc_gui_common/ui_python
[1.670s] copying /home/urc/new-GUI/build/gui_window/build/lib/gui_window/__init__.py -> /home/urc/new-GUI/install/gui_window/lib/python3.10/site-packages/gui_window
[1.670s] copying /home/urc/new-GUI/build/gui_window/build/lib/gui_window/main.py -> /home/urc/new-GUI/install/gui_window/lib/python3.10/site-packages/gui_window
[1.670s] byte-compiling /home/urc/new-GUI/install/gui_window/lib/python3.10/site-packages/gui_window/urc_gui_common/status_bar.py to status_bar.cpython-310.pyc
[1.671s] byte-compiling /home/urc/new-GUI/install/gui_window/lib/python3.10/site-packages/gui_window/urc_gui_common/__init__.py to __init__.cpython-310.pyc
[1.671s] byte-compiling /home/urc/new-GUI/install/gui_window/lib/python3.10/site-packages/gui_window/urc_gui_common/widgets/timer.py to timer.cpython-310.pyc
[1.673s] byte-compiling /home/urc/new-GUI/install/gui_window/lib/python3.10/site-packages/gui_window/urc_gui_common/widgets/ros_console.py to ros_console.cpython-310.pyc
[1.673s] byte-compiling /home/urc/new-GUI/install/gui_window/lib/python3.10/site-packages/gui_window/urc_gui_common/widgets/current_widget.py to current_widget.cpython-310.pyc
[1.674s] byte-compiling /home/urc/new-GUI/install/gui_window/lib/python3.10/site-packages/gui_window/urc_gui_common/widgets/map_viewer.py to map_viewer.cpython-310.pyc
[1.675s] byte-compiling /home/urc/new-GUI/install/gui_window/lib/python3.10/site-packages/gui_window/urc_gui_common/widgets/__init__.py to __init__.cpython-310.pyc
[1.676s] byte-compiling /home/urc/new-GUI/install/gui_window/lib/python3.10/site-packages/gui_window/urc_gui_common/widgets/graph_widget.py to graph_widget.cpython-310.pyc
[1.676s] byte-compiling /home/urc/new-GUI/install/gui_window/lib/python3.10/site-packages/gui_window/urc_gui_common/widgets/checklist.py to checklist.cpython-310.pyc
[1.677s] byte-compiling /home/urc/new-GUI/install/gui_window/lib/python3.10/site-packages/gui_window/urc_gui_common/widgets/super_camera_widget.py to super_camera_widget.cpython-310.pyc
[1.678s] byte-compiling /home/urc/new-GUI/install/gui_window/lib/python3.10/site-packages/gui_window/urc_gui_common/widgets/compass.py to compass.cpython-310.pyc
[1.679s] byte-compiling /home/urc/new-GUI/install/gui_window/lib/python3.10/site-packages/gui_window/urc_gui_common/widgets/ui_python/tools_tab.py to tools_tab.cpython-310.pyc
[1.680s] byte-compiling /home/urc/new-GUI/install/gui_window/lib/python3.10/site-packages/gui_window/urc_gui_common/widgets/ui_python/optimization_dialog.py to optimization_dialog.cpython-310.pyc
[1.682s] byte-compiling /home/urc/new-GUI/install/gui_window/lib/python3.10/site-packages/gui_window/urc_gui_common/widgets/ui_python/current_widget.py to current_widget.cpython-310.pyc
[1.682s] byte-compiling /home/urc/new-GUI/install/gui_window/lib/python3.10/site-packages/gui_window/urc_gui_common/widgets/ui_python/__init__.py to __init__.cpython-310.pyc
[1.682s] byte-compiling /home/urc/new-GUI/install/gui_window/lib/python3.10/site-packages/gui_window/urc_gui_common/widgets/ui_python/ros_console_widget.py to ros_console_widget.cpython-310.pyc
[1.683s] byte-compiling /home/urc/new-GUI/install/gui_window/lib/python3.10/site-packages/gui_window/urc_gui_common/widgets/ui_python/science_tab.py to science_tab.cpython-310.pyc
[1.684s] byte-compiling /home/urc/new-GUI/install/gui_window/lib/python3.10/site-packages/gui_window/urc_gui_common/widgets/ui_python/timer_widget.py to timer_widget.cpython-310.pyc
[1.685s] byte-compiling /home/urc/new-GUI/install/gui_window/lib/python3.10/site-packages/gui_window/urc_gui_common/widgets/ui_python/antenna_control_widget.py to antenna_control_widget.cpython-310.pyc
[1.686s] byte-compiling /home/urc/new-GUI/install/gui_window/lib/python3.10/site-packages/gui_window/urc_gui_common/widgets/ui_python/set_time_dialog.py to set_time_dialog.cpython-310.pyc
[1.686s] byte-compiling /home/urc/new-GUI/install/gui_window/lib/python3.10/site-packages/gui_window/urc_gui_common/widgets/ui_python/autonomy_edit_dialog.py to autonomy_edit_dialog.cpython-310.pyc
[1.688s] byte-compiling /home/urc/new-GUI/install/gui_window/lib/python3.10/site-packages/gui_window/urc_gui_common/widgets/ui_python/checklist_widget.py to checklist_widget.cpython-310.pyc
[1.688s] byte-compiling /home/urc/new-GUI/install/gui_window/lib/python3.10/site-packages/gui_window/urc_gui_common/widgets/ui_python/graph.py to graph.cpython-310.pyc
[1.689s] byte-compiling /home/urc/new-GUI/install/gui_window/lib/python3.10/site-packages/gui_window/urc_gui_common/widgets/antenna_control.py to antenna_control.cpython-310.pyc
[1.689s] byte-compiling /home/urc/new-GUI/install/gui_window/lib/python3.10/site-packages/gui_window/urc_gui_common/widgets/slider_compass.py to slider_compass.cpython-310.pyc
[1.690s] byte-compiling /home/urc/new-GUI/install/gui_window/lib/python3.10/site-packages/gui_window/urc_gui_common/widgets/lines.py to lines.cpython-310.pyc
[1.690s] byte-compiling /home/urc/new-GUI/install/gui_window/lib/python3.10/site-packages/gui_window/urc_gui_common/app.py to app.cpython-310.pyc
[1.691s] byte-compiling /home/urc/new-GUI/install/gui_window/lib/python3.10/site-packages/gui_window/urc_gui_common/ui_python/tools_tab.py to tools_tab.cpython-310.pyc
[1.692s] byte-compiling /home/urc/new-GUI/install/gui_window/lib/python3.10/site-packages/gui_window/urc_gui_common/ui_python/optimization_dialog.py to optimization_dialog.cpython-310.pyc
[1.692s] byte-compiling /home/urc/new-GUI/install/gui_window/lib/python3.10/site-packages/gui_window/urc_gui_common/ui_python/current_widget.py to current_widget.cpython-310.pyc
[1.693s] byte-compiling /home/urc/new-GUI/install/gui_window/lib/python3.10/site-packages/gui_window/urc_gui_common/ui_python/__init__.py to __init__.cpython-310.pyc
[1.693s] byte-compiling /home/urc/new-GUI/install/gui_window/lib/python3.10/site-packages/gui_window/urc_gui_common/ui_python/ros_console_widget.py to ros_console_widget.cpython-310.pyc
[1.694s] byte-compiling /home/urc/new-GUI/install/gui_window/lib/python3.10/site-packages/gui_window/urc_gui_common/ui_python/science_tab.py to science_tab.cpython-310.pyc
[1.695s] byte-compiling /home/urc/new-GUI/install/gui_window/lib/python3.10/site-packages/gui_window/urc_gui_common/ui_python/timer_widget.py to timer_widget.cpython-310.pyc
[1.695s] byte-compiling /home/urc/new-GUI/install/gui_window/lib/python3.10/site-packages/gui_window/urc_gui_common/ui_python/antenna_control_widget.py to antenna_control_widget.cpython-310.pyc
[1.696s] byte-compiling /home/urc/new-GUI/install/gui_window/lib/python3.10/site-packages/gui_window/urc_gui_common/ui_python/set_time_dialog.py to set_time_dialog.cpython-310.pyc
[1.696s] byte-compiling /home/urc/new-GUI/install/gui_window/lib/python3.10/site-packages/gui_window/urc_gui_common/ui_python/autonomy_edit_dialog.py to autonomy_edit_dialog.cpython-310.pyc
[1.698s] byte-compiling /home/urc/new-GUI/install/gui_window/lib/python3.10/site-packages/gui_window/urc_gui_common/ui_python/checklist_widget.py to checklist_widget.cpython-310.pyc
[1.698s] byte-compiling /home/urc/new-GUI/install/gui_window/lib/python3.10/site-packages/gui_window/urc_gui_common/ui_python/graph.py to graph.cpython-310.pyc
[1.699s] byte-compiling /home/urc/new-GUI/install/gui_window/lib/python3.10/site-packages/gui_window/__init__.py to __init__.cpython-310.pyc
[1.699s] byte-compiling /home/urc/new-GUI/install/gui_window/lib/python3.10/site-packages/gui_window/main.py to main.cpython-310.pyc
[1.700s] running install_data
[1.701s] running install_egg_info
[1.703s] removing '/home/urc/new-GUI/install/gui_window/lib/python3.10/site-packages/gui_window-0.0.0-py3.10.egg-info' (and everything under it)
[1.703s] Copying ../../build/gui_window/gui_window.egg-info to /home/urc/new-GUI/install/gui_window/lib/python3.10/site-packages/gui_window-0.0.0-py3.10.egg-info
[1.705s] running install_scripts
[1.731s] Installing gui script to /home/urc/new-GUI/install/gui_window/lib/gui_window
[1.733s] writing list of installed files to '/home/urc/new-GUI/build/gui_window/install.log'
[1.768s] Invoked command in '/home/urc/new-GUI/src/gui_window' returned '0': PYTHONPATH=/home/urc/new-GUI/build/gui_window/prefix_override:/home/urc/new-GUI/install/gui_window/lib/python3.10/site-packages:${PYTHONPATH} /usr/bin/python3 setup.py egg_info --egg-base ../../build/gui_window build --build-base /home/urc/new-GUI/build/gui_window/build install --record /home/urc/new-GUI/build/gui_window/install.log --single-version-externally-managed
