[0.924s] Invoking command in '/home/urc/new-GUI/build/theora_webcams': CMAKE_PREFIX_PATH=/home/urc/new-GUI/install/theora_webcams:/home/urc/new-GUI/install/gui_window:/opt/ros/humble:/home/urc/new-GUI/install/geographic_msgs:/home/urc/new-GUI/install/aruco_finder /usr/bin/cmake --build /home/urc/new-GUI/build/theora_webcams -- -j4 -l4
[1.043s] -- Found ament_cmake: 1.3.5 (/opt/ros/humble/share/ament_cmake/cmake)
[1.339s] -- Found ament_lint_auto: 0.12.8 (/opt/ros/humble/share/ament_lint_auto/cmake)
[1.446s] -- Found rosidl_default_generators: 1.2.0 (/opt/ros/humble/share/rosidl_default_generators/cmake)
[1.451s] -- Using all available rosidl_typesupport_c: rosidl_typesupport_fastrtps_c;rosidl_typesupport_introspection_c
[1.457s] -- Found rosidl_adapter: 3.1.5 (/opt/ros/humble/share/rosidl_adapter/cmake)
[1.531s] -- Using all available rosidl_typesupport_cpp: rosidl_typesupport_fastrtps_cpp;rosidl_typesupport_introspection_cpp
[1.633s] [33mCMake Warning at CMakeLists.txt:244 (find_package):
[1.633s]   By not providing "Findroscpp.cmake" in CMAKE_MODULE_PATH this project has
[1.633s]   asked CMake to find a package configuration file provided by "roscpp", but
[1.633s]   CMake did not find one.
[1.633s] 
[1.633s]   Could not find a package configuration file provided by "roscpp" with any
[1.633s]   of the following names:
[1.634s] 
[1.634s]     roscppConfig.cmake
[1.634s]     roscpp-config.cmake
[1.634s] 
[1.634s]   Add the installation prefix of "roscpp" to CMAKE_PREFIX_PATH or set
[1.635s]   "roscpp_DIR" to a directory containing one of the above files.  If "roscpp"
[1.635s]   provides a separate development package or SDK, be sure it has been
[1.635s]   installed.
[1.635s] 
[1.635s] [0m
[1.636s] -- Found sensor_msgs: 4.2.3 (/opt/ros/humble/share/sensor_msgs/cmake)
[2.148s] -- Found cv_bridge: 3.2.1 (/opt/ros/humble/share/cv_bridge/cmake)
[2.179s] -- Found image_transport: 3.1.7 (/opt/ros/humble/share/image_transport/cmake)
[2.302s] -- Found rmw_implementation_cmake: 6.1.1 (/opt/ros/humble/share/rmw_implementation_cmake/cmake)
[2.305s] -- Found rmw_fastrtps_cpp: 6.2.4 (/opt/ros/humble/share/rmw_fastrtps_cpp/cmake)
[2.486s] -- Using RMW implementation 'rmw_fastrtps_cpp' as default
[2.841s] -- Found camera_info_manager: 3.1.7 (/opt/ros/humble/share/camera_info_manager/cmake)
[3.492s] -- Found ament_cmake_ros: 0.10.0 (/opt/ros/humble/share/ament_cmake_ros/cmake)
[3.985s] -- Using all available rosidl_typesupport_c: rosidl_typesupport_fastrtps_c;rosidl_typesupport_introspection_c
[4.651s] -- Using all available rosidl_typesupport_cpp: rosidl_typesupport_fastrtps_cpp;rosidl_typesupport_introspection_cpp
[4.684s] -- Found python_cmake_module: 0.10.0 (/opt/ros/humble/share/python_cmake_module/cmake)
[4.714s] -- Using PYTHON_EXECUTABLE: /usr/bin/python3
[4.715s] -- Using PYTHON_INCLUDE_DIRS: /usr/include/python3.10
[4.715s] -- Using PYTHON_LIBRARIES: /usr/lib/x86_64-linux-gnu/libpython3.10.so
[4.839s] -- Added test 'cppcheck' to perform static code analysis on C / C++ code
[4.840s] -- Configured cppcheck include dirs: 
[4.841s] -- Configured cppcheck exclude dirs and/or files: 
[4.842s] -- Added test 'lint_cmake' to check CMake code style
[4.849s] -- Added test 'uncrustify' to check C / C++ code style
[4.850s] -- Configured uncrustify additional arguments: 
[4.851s] -- Added test 'xmllint' to check XML markup files
[4.860s] -- Configuring done
[4.977s] -- Generating done
[4.984s] -- Build files have been written to: /home/urc/new-GUI/build/theora_webcams
[5.065s] [35m[1mConsolidate compiler generated dependencies of target theora_webcams__rosidl_generator_c[0m
[5.066s] [  1%] [32mBuilding CXX object CMakeFiles/camera_publisher.dir/src/camera_publisher_v4l2.cpp.o[0m
[5.079s] [  2%] Built target theora_webcams__cpp
[5.096s] [  2%] Built target ament_cmake_python_copy_theora_webcams
[5.097s] [ 13%] Built target theora_webcams__rosidl_generator_c
[5.104s] [35m[1mConsolidate compiler generated dependencies of target theora_webcams__rosidl_typesupport_cpp[0m
[5.128s] [35m[1mConsolidate compiler generated dependencies of target theora_webcams__rosidl_typesupport_fastrtps_cpp[0m
[5.134s] [ 24%] Built target theora_webcams__rosidl_typesupport_cpp
[5.140s] [35m[1mConsolidate compiler generated dependencies of target theora_webcams__rosidl_typesupport_introspection_cpp[0m
[5.175s] [ 36%] Built target theora_webcams__rosidl_typesupport_fastrtps_cpp
[5.178s] [01m[K/home/urc/new-GUI/src/theora_webcams/src/camera_publisher_v4l2.cpp:6:10:[m[K [01;31m[Kfatal error: [m[Klibv4l2.h: No such file or directory
[5.178s]     6 | #include [01;31m[K<libv4l2.h>[m[K
[5.179s]       |          [01;31m[K^~~~~~~~~~~[m[K
[5.179s] compilation terminated.
[5.184s] gmake[2]: *** [CMakeFiles/camera_publisher.dir/build.make:76: CMakeFiles/camera_publisher.dir/src/camera_publisher_v4l2.cpp.o] Error 1
[5.184s] gmake[1]: *** [CMakeFiles/Makefile2:592: CMakeFiles/camera_publisher.dir/all] Error 2
[5.184s] gmake[1]: *** Waiting for unfinished jobs....
[5.209s] [ 47%] Built target theora_webcams__rosidl_typesupport_introspection_cpp
[5.221s] [35m[1mConsolidate compiler generated dependencies of target theora_webcams__rosidl_typesupport_fastrtps_c[0m
[5.255s] [ 58%] Built target theora_webcams__rosidl_typesupport_fastrtps_c
[5.597s] running egg_info
[5.598s] writing theora_webcams.egg-info/PKG-INFO
[5.599s] writing dependency_links to theora_webcams.egg-info/dependency_links.txt
[5.599s] writing top-level names to theora_webcams.egg-info/top_level.txt
[5.604s] reading manifest file 'theora_webcams.egg-info/SOURCES.txt'
[5.606s] writing manifest file 'theora_webcams.egg-info/SOURCES.txt'
[5.641s] [ 58%] Built target ament_cmake_python_build_theora_webcams_egg
[5.643s] gmake: *** [Makefile:146: all] Error 2
[5.645s] Invoked command in '/home/urc/new-GUI/build/theora_webcams' returned '2': CMAKE_PREFIX_PATH=/home/urc/new-GUI/install/theora_webcams:/home/urc/new-GUI/install/gui_window:/opt/ros/humble:/home/urc/new-GUI/install/geographic_msgs:/home/urc/new-GUI/install/aruco_finder /usr/bin/cmake --build /home/urc/new-GUI/build/theora_webcams -- -j4 -l4
