[1.761s] DEBUG:colcon:Command line arguments: ['/usr/bin/colcon', 'build', '--packages-select', 'marker_interfacing']
[1.761s] DEBUG:colcon:Parsed command line arguments: Namespace(log_base=None, log_level=None, verb_name='build', build_base='build', install_base='install', merge_install=False, symlink_install=False, test_result_base=None, continue_on_error=False, executor='parallel', parallel_workers=4, event_handlers=None, ignore_user_meta=False, metas=['./colcon.meta'], base_paths=['.'], packages_ignore=None, packages_ignore_regex=None, paths=None, packages_up_to=None, packages_up_to_regex=None, packages_above=None, packages_above_and_dependencies=None, packages_above_depth=None, packages_select_by_dep=None, packages_skip_by_dep=None, packages_skip_up_to=None, packages_select_build_failed=False, packages_skip_build_finished=False, packages_select_test_failures=False, packages_skip_test_passed=False, packages_select=['marker_interfacing'], packages_skip=None, packages_select_regex=None, packages_skip_regex=None, packages_start=None, packages_end=None, allow_overriding=[], cmake_args=None, cmake_target=None, cmake_target_skip_unavailable=False, cmake_clean_cache=False, cmake_clean_first=False, cmake_force_configure=False, ament_cmake_args=None, catkin_cmake_args=None, catkin_skip_building_tests=False, verb_parser=<colcon_defaults.argument_parser.defaults.DefaultArgumentsDecorator object at 0x7f11234b8940>, verb_extension=<colcon_core.verb.build.BuildVerb object at 0x7f11238dab90>, main=<bound method BuildVerb.main of <colcon_core.verb.build.BuildVerb object at 0x7f11238dab90>>)
[1.840s] Level 1:colcon.colcon_core.package_discovery:discover_packages(colcon_meta) check parameters
[1.840s] Level 1:colcon.colcon_core.package_discovery:discover_packages(recursive) check parameters
[1.840s] Level 1:colcon.colcon_core.package_discovery:discover_packages(ignore) check parameters
[1.840s] Level 1:colcon.colcon_core.package_discovery:discover_packages(path) check parameters
[1.840s] Level 1:colcon.colcon_core.package_discovery:discover_packages(colcon_meta) discover
[1.840s] Level 1:colcon.colcon_core.package_discovery:discover_packages(recursive) discover
[1.841s] INFO:colcon.colcon_core.package_discovery:Crawling recursively for packages in '/home/urc/new-GUI'
[1.841s] Level 1:colcon.colcon_core.package_identification:_identify(.) by extensions ['ignore', 'ignore_ament_install']
[1.841s] Level 1:colcon.colcon_core.package_identification:_identify(.) by extension 'ignore'
[1.842s] Level 1:colcon.colcon_core.package_identification:_identify(.) by extension 'ignore_ament_install'
[1.842s] Level 1:colcon.colcon_core.package_identification:_identify(.) by extensions ['colcon_pkg']
[1.842s] Level 1:colcon.colcon_core.package_identification:_identify(.) by extension 'colcon_pkg'
[1.842s] Level 1:colcon.colcon_core.package_identification:_identify(.) by extensions ['colcon_meta']
[1.842s] Level 1:colcon.colcon_core.package_identification:_identify(.) by extension 'colcon_meta'
[1.842s] Level 1:colcon.colcon_core.package_identification:_identify(.) by extensions ['ros']
[1.842s] Level 1:colcon.colcon_core.package_identification:_identify(.) by extension 'ros'
[1.862s] Level 1:colcon.colcon_core.package_identification:_identify(.) by extensions ['cmake', 'python']
[1.862s] Level 1:colcon.colcon_core.package_identification:_identify(.) by extension 'cmake'
[1.863s] Level 1:colcon.colcon_core.package_identification:_identify(.) by extension 'python'
[1.863s] Level 1:colcon.colcon_core.package_identification:_identify(.) by extensions ['python_setup_py']
[1.863s] Level 1:colcon.colcon_core.package_identification:_identify(.) by extension 'python_setup_py'
[1.863s] Level 1:colcon.colcon_core.package_identification:_identify(build) by extensions ['ignore', 'ignore_ament_install']
[1.863s] Level 1:colcon.colcon_core.package_identification:_identify(build) by extension 'ignore'
[1.863s] Level 1:colcon.colcon_core.package_identification:_identify(build) ignored
[1.863s] Level 1:colcon.colcon_core.package_identification:_identify(install) by extensions ['ignore', 'ignore_ament_install']
[1.863s] Level 1:colcon.colcon_core.package_identification:_identify(install) by extension 'ignore'
[1.863s] Level 1:colcon.colcon_core.package_identification:_identify(install) ignored
[1.864s] Level 1:colcon.colcon_core.package_identification:_identify(log) by extensions ['ignore', 'ignore_ament_install']
[1.864s] Level 1:colcon.colcon_core.package_identification:_identify(log) by extension 'ignore'
[1.864s] Level 1:colcon.colcon_core.package_identification:_identify(log) ignored
[1.864s] Level 1:colcon.colcon_core.package_identification:_identify(src) by extensions ['ignore', 'ignore_ament_install']
[1.864s] Level 1:colcon.colcon_core.package_identification:_identify(src) by extension 'ignore'
[1.864s] Level 1:colcon.colcon_core.package_identification:_identify(src) by extension 'ignore_ament_install'
[1.864s] Level 1:colcon.colcon_core.package_identification:_identify(src) by extensions ['colcon_pkg']
[1.864s] Level 1:colcon.colcon_core.package_identification:_identify(src) by extension 'colcon_pkg'
[1.864s] Level 1:colcon.colcon_core.package_identification:_identify(src) by extensions ['colcon_meta']
[1.864s] Level 1:colcon.colcon_core.package_identification:_identify(src) by extension 'colcon_meta'
[1.864s] Level 1:colcon.colcon_core.package_identification:_identify(src) by extensions ['ros']
[1.864s] Level 1:colcon.colcon_core.package_identification:_identify(src) by extension 'ros'
[1.865s] Level 1:colcon.colcon_core.package_identification:_identify(src) by extensions ['cmake', 'python']
[1.865s] Level 1:colcon.colcon_core.package_identification:_identify(src) by extension 'cmake'
[1.865s] Level 1:colcon.colcon_core.package_identification:_identify(src) by extension 'python'
[1.865s] Level 1:colcon.colcon_core.package_identification:_identify(src) by extensions ['python_setup_py']
[1.865s] Level 1:colcon.colcon_core.package_identification:_identify(src) by extension 'python_setup_py'
[1.865s] Level 1:colcon.colcon_core.package_identification:_identify(src/aruco_finder) by extensions ['ignore', 'ignore_ament_install']
[1.865s] Level 1:colcon.colcon_core.package_identification:_identify(src/aruco_finder) by extension 'ignore'
[1.865s] Level 1:colcon.colcon_core.package_identification:_identify(src/aruco_finder) by extension 'ignore_ament_install'
[1.865s] Level 1:colcon.colcon_core.package_identification:_identify(src/aruco_finder) by extensions ['colcon_pkg']
[1.865s] Level 1:colcon.colcon_core.package_identification:_identify(src/aruco_finder) by extension 'colcon_pkg'
[1.865s] Level 1:colcon.colcon_core.package_identification:_identify(src/aruco_finder) by extensions ['colcon_meta']
[1.865s] Level 1:colcon.colcon_core.package_identification:_identify(src/aruco_finder) by extension 'colcon_meta'
[1.865s] Level 1:colcon.colcon_core.package_identification:_identify(src/aruco_finder) by extensions ['ros']
[1.865s] Level 1:colcon.colcon_core.package_identification:_identify(src/aruco_finder) by extension 'ros'
[1.869s] DEBUG:colcon.colcon_core.package_identification:Package 'src/aruco_finder' with type 'ros.ament_cmake' and name 'aruco_finder'
[1.869s] Level 1:colcon.colcon_core.package_identification:_identify(src/gui_window) by extensions ['ignore', 'ignore_ament_install']
[1.870s] Level 1:colcon.colcon_core.package_identification:_identify(src/gui_window) by extension 'ignore'
[1.870s] Level 1:colcon.colcon_core.package_identification:_identify(src/gui_window) by extension 'ignore_ament_install'
[1.870s] Level 1:colcon.colcon_core.package_identification:_identify(src/gui_window) by extensions ['colcon_pkg']
[1.870s] Level 1:colcon.colcon_core.package_identification:_identify(src/gui_window) by extension 'colcon_pkg'
[1.870s] Level 1:colcon.colcon_core.package_identification:_identify(src/gui_window) by extensions ['colcon_meta']
[1.870s] Level 1:colcon.colcon_core.package_identification:_identify(src/gui_window) by extension 'colcon_meta'
[1.870s] Level 1:colcon.colcon_core.package_identification:_identify(src/gui_window) by extensions ['ros']
[1.870s] Level 1:colcon.colcon_core.package_identification:_identify(src/gui_window) by extension 'ros'
[1.871s] DEBUG:colcon.colcon_core.package_identification:Package 'src/gui_window' with type 'ros.ament_python' and name 'gui_window'
[1.871s] Level 1:colcon.colcon_core.package_identification:_identify(src/marker_interfacing) by extensions ['ignore', 'ignore_ament_install']
[1.871s] Level 1:colcon.colcon_core.package_identification:_identify(src/marker_interfacing) by extension 'ignore'
[1.871s] Level 1:colcon.colcon_core.package_identification:_identify(src/marker_interfacing) by extension 'ignore_ament_install'
[1.871s] Level 1:colcon.colcon_core.package_identification:_identify(src/marker_interfacing) by extensions ['colcon_pkg']
[1.871s] Level 1:colcon.colcon_core.package_identification:_identify(src/marker_interfacing) by extension 'colcon_pkg'
[1.871s] Level 1:colcon.colcon_core.package_identification:_identify(src/marker_interfacing) by extensions ['colcon_meta']
[1.871s] Level 1:colcon.colcon_core.package_identification:_identify(src/marker_interfacing) by extension 'colcon_meta'
[1.871s] Level 1:colcon.colcon_core.package_identification:_identify(src/marker_interfacing) by extensions ['ros']
[1.871s] Level 1:colcon.colcon_core.package_identification:_identify(src/marker_interfacing) by extension 'ros'
[1.874s] DEBUG:colcon.colcon_core.package_identification:Package 'src/marker_interfacing' with type 'ros.ament_cmake' and name 'marker_interfacing'
[1.875s] Level 1:colcon.colcon_core.package_identification:_identify(src/theora_webcams) by extensions ['ignore', 'ignore_ament_install']
[1.875s] Level 1:colcon.colcon_core.package_identification:_identify(src/theora_webcams) by extension 'ignore'
[1.875s] Level 1:colcon.colcon_core.package_identification:_identify(src/theora_webcams) by extension 'ignore_ament_install'
[1.875s] Level 1:colcon.colcon_core.package_identification:_identify(src/theora_webcams) by extensions ['colcon_pkg']
[1.875s] Level 1:colcon.colcon_core.package_identification:_identify(src/theora_webcams) by extension 'colcon_pkg'
[1.875s] Level 1:colcon.colcon_core.package_identification:_identify(src/theora_webcams) by extensions ['colcon_meta']
[1.875s] Level 1:colcon.colcon_core.package_identification:_identify(src/theora_webcams) by extension 'colcon_meta'
[1.875s] Level 1:colcon.colcon_core.package_identification:_identify(src/theora_webcams) by extensions ['ros']
[1.875s] Level 1:colcon.colcon_core.package_identification:_identify(src/theora_webcams) by extension 'ros'
[1.879s] DEBUG:colcon.colcon_core.package_identification:Package 'src/theora_webcams' with type 'ros.ament_cmake' and name 'theora_webcams'
[1.879s] Level 1:colcon.colcon_core.package_discovery:discover_packages(recursive) using defaults
[1.879s] Level 1:colcon.colcon_core.package_discovery:discover_packages(ignore) discover
[1.879s] Level 1:colcon.colcon_core.package_discovery:discover_packages(ignore) using defaults
[1.879s] Level 1:colcon.colcon_core.package_discovery:discover_packages(path) discover
[1.879s] Level 1:colcon.colcon_core.package_discovery:discover_packages(path) using defaults
[1.985s] INFO:colcon.colcon_core.package_selection:Skipping not selected package 'aruco_finder' in 'src/aruco_finder'
[1.985s] INFO:colcon.colcon_core.package_selection:Skipping not selected package 'gui_window' in 'src/gui_window'
[1.985s] INFO:colcon.colcon_core.package_selection:Skipping not selected package 'theora_webcams' in 'src/theora_webcams'
[2.037s] Level 1:colcon.colcon_core.package_discovery:discover_packages(prefix_path) check parameters
[2.037s] Level 1:colcon.colcon_core.package_discovery:discover_packages(prefix_path) discover
[2.086s] DEBUG:colcon.colcon_installed_package_information.package_discovery:Found 3 installed packages in /home/urc/new-GUI/install
[2.113s] DEBUG:colcon.colcon_installed_package_information.package_discovery:Found 289 installed packages in /opt/ros/humble
[2.128s] Level 1:colcon.colcon_core.package_discovery:discover_packages(prefix_path) using defaults
[2.295s] Level 5:colcon.colcon_core.verb:set package 'marker_interfacing' build argument 'cmake_args' from command line to 'None'
[2.295s] Level 5:colcon.colcon_core.verb:set package 'marker_interfacing' build argument 'cmake_target' from command line to 'None'
[2.295s] Level 5:colcon.colcon_core.verb:set package 'marker_interfacing' build argument 'cmake_target_skip_unavailable' from command line to 'False'
[2.295s] Level 5:colcon.colcon_core.verb:set package 'marker_interfacing' build argument 'cmake_clean_cache' from command line to 'False'
[2.295s] Level 5:colcon.colcon_core.verb:set package 'marker_interfacing' build argument 'cmake_clean_first' from command line to 'False'
[2.295s] Level 5:colcon.colcon_core.verb:set package 'marker_interfacing' build argument 'cmake_force_configure' from command line to 'False'
[2.295s] Level 5:colcon.colcon_core.verb:set package 'marker_interfacing' build argument 'ament_cmake_args' from command line to 'None'
[2.295s] Level 5:colcon.colcon_core.verb:set package 'marker_interfacing' build argument 'catkin_cmake_args' from command line to 'None'
[2.295s] Level 5:colcon.colcon_core.verb:set package 'marker_interfacing' build argument 'catkin_skip_building_tests' from command line to 'False'
[2.295s] DEBUG:colcon.colcon_core.verb:Building package 'marker_interfacing' with the following arguments: {'ament_cmake_args': None, 'build_base': '/home/urc/new-GUI/build/marker_interfacing', 'catkin_cmake_args': None, 'catkin_skip_building_tests': False, 'cmake_args': None, 'cmake_clean_cache': False, 'cmake_clean_first': False, 'cmake_force_configure': False, 'cmake_target': None, 'cmake_target_skip_unavailable': False, 'install_base': '/home/urc/new-GUI/install/marker_interfacing', 'merge_install': False, 'path': '/home/urc/new-GUI/src/marker_interfacing', 'symlink_install': False, 'test_result_base': None}
[2.320s] INFO:colcon.colcon_core.executor:Executing jobs using 'parallel' executor
[2.352s] DEBUG:colcon.colcon_parallel_executor.executor.parallel:run_until_complete
[2.352s] INFO:colcon.colcon_ros.task.ament_cmake.build:Building ROS package in '/home/urc/new-GUI/src/marker_interfacing' with build type 'ament_cmake'
[2.353s] INFO:colcon.colcon_cmake.task.cmake.build:Building CMake package in '/home/urc/new-GUI/src/marker_interfacing'
[2.396s] INFO:colcon.colcon_core.plugin_system:Skipping extension 'colcon_core.shell.bat': Not used on non-Windows systems
[2.396s] INFO:colcon.colcon_core.shell:Skip shell extension 'powershell' for command environment: Not usable outside of PowerShell
[2.396s] DEBUG:colcon.colcon_core.shell:Skip shell extension 'dsv' for command environment
[2.484s] DEBUG:colcon.colcon_core.event_handler.log_command:Invoking command in '/home/urc/new-GUI/build/marker_interfacing': CMAKE_PREFIX_PATH=${CMAKE_PREFIX_PATH}:/home/urc/new-GUI/install/gui_window:/opt/ros/humble /usr/bin/cmake /home/urc/new-GUI/src/marker_interfacing -DCMAKE_INSTALL_PREFIX=/home/urc/new-GUI/install/marker_interfacing
[5.019s] DEBUG:colcon.colcon_core.event_handler.log_command:Invoked command in '/home/urc/new-GUI/build/marker_interfacing' returned '1': CMAKE_PREFIX_PATH=${CMAKE_PREFIX_PATH}:/home/urc/new-GUI/install/gui_window:/opt/ros/humble /usr/bin/cmake /home/urc/new-GUI/src/marker_interfacing -DCMAKE_INSTALL_PREFIX=/home/urc/new-GUI/install/marker_interfacing
[5.038s] Level 1:colcon.colcon_core.environment:create_environment_scripts_only(marker_interfacing)
[5.070s] Level 1:colcon.colcon_core.environment:checking '/home/urc/new-GUI/install/marker_interfacing' for CMake module files
[5.070s] Level 1:colcon.colcon_core.environment:checking '/home/urc/new-GUI/install/marker_interfacing' for CMake config files
[5.071s] Level 1:colcon.colcon_core.environment:checking '/home/urc/new-GUI/install/marker_interfacing/bin'
[5.071s] Level 1:colcon.colcon_core.environment:checking '/home/urc/new-GUI/install/marker_interfacing/lib/pkgconfig/marker_interfacing.pc'
[5.071s] Level 1:colcon.colcon_core.environment:checking '/home/urc/new-GUI/install/marker_interfacing/lib/python3.10/site-packages'
[5.071s] Level 1:colcon.colcon_core.environment:checking '/home/urc/new-GUI/install/marker_interfacing/bin'
[5.094s] INFO:colcon.colcon_core.shell:Creating package script '/home/urc/new-GUI/install/marker_interfacing/share/marker_interfacing/package.ps1'
[5.096s] INFO:colcon.colcon_core.shell:Creating package descriptor '/home/urc/new-GUI/install/marker_interfacing/share/marker_interfacing/package.dsv'
[5.097s] INFO:colcon.colcon_core.shell:Creating package script '/home/urc/new-GUI/install/marker_interfacing/share/marker_interfacing/package.sh'
[5.098s] INFO:colcon.colcon_core.shell:Creating package script '/home/urc/new-GUI/install/marker_interfacing/share/marker_interfacing/package.bash'
[5.099s] INFO:colcon.colcon_core.shell:Creating package script '/home/urc/new-GUI/install/marker_interfacing/share/marker_interfacing/package.zsh'
[5.100s] Level 1:colcon.colcon_core.environment:create_file_with_runtime_dependencies(/home/urc/new-GUI/install/marker_interfacing/share/colcon-core/packages/marker_interfacing)
[5.111s] DEBUG:colcon.colcon_parallel_executor.executor.parallel:closing loop
[5.112s] DEBUG:colcon.colcon_parallel_executor.executor.parallel:loop closed
[5.112s] DEBUG:colcon.colcon_parallel_executor.executor.parallel:run_until_complete finished with '1'
[5.112s] DEBUG:colcon.colcon_core.event_reactor:joining thread
[5.153s] INFO:colcon.colcon_core.plugin_system:Skipping extension 'colcon_notification.desktop_notification.terminal_notifier': Not used on non-Darwin systems
[5.153s] INFO:colcon.colcon_core.plugin_system:Skipping extension 'colcon_notification.desktop_notification.win32': Not used on non-Windows systems
[5.153s] INFO:colcon.colcon_notification.desktop_notification:Sending desktop notification using 'notify2'
[5.170s] DEBUG:colcon.colcon_core.event_reactor:joined thread
[5.201s] INFO:colcon.colcon_core.shell:Creating prefix script '/home/urc/new-GUI/install/local_setup.ps1'
[5.204s] INFO:colcon.colcon_core.shell:Creating prefix util module '/home/urc/new-GUI/install/_local_setup_util_ps1.py'
[5.208s] INFO:colcon.colcon_core.shell:Creating prefix chain script '/home/urc/new-GUI/install/setup.ps1'
[5.235s] INFO:colcon.colcon_core.shell:Creating prefix script '/home/urc/new-GUI/install/local_setup.sh'
[5.236s] INFO:colcon.colcon_core.shell:Creating prefix util module '/home/urc/new-GUI/install/_local_setup_util_sh.py'
[5.237s] INFO:colcon.colcon_core.shell:Creating prefix chain script '/home/urc/new-GUI/install/setup.sh'
[5.264s] INFO:colcon.colcon_core.shell:Creating prefix script '/home/urc/new-GUI/install/local_setup.bash'
[5.266s] INFO:colcon.colcon_core.shell:Creating prefix chain script '/home/urc/new-GUI/install/setup.bash'
[5.301s] INFO:colcon.colcon_core.shell:Creating prefix script '/home/urc/new-GUI/install/local_setup.zsh'
[5.302s] INFO:colcon.colcon_core.shell:Creating prefix chain script '/home/urc/new-GUI/install/setup.zsh'
