-- Found ament_cmake: 1.3.5 (/opt/ros/humble/share/ament_cmake/cmake)
-- Found ament_lint_auto: 0.12.8 (/opt/ros/humble/share/ament_lint_auto/cmake)
-- Found rosidl_default_generators: 1.2.0 (/opt/ros/humble/share/rosidl_default_generators/cmake)
-- Using all available rosidl_typesupport_c: rosidl_typesupport_fastrtps_c;rosidl_typesupport_introspection_c
-- Found rosidl_adapter: 3.1.5 (/opt/ros/humble/share/rosidl_adapter/cmake)
-- Using all available rosidl_typesupport_cpp: rosidl_typesupport_fastrtps_cpp;rosidl_typesupport_introspection_cpp
-- Found rclcpp: 16.0.6 (/opt/ros/humble/share/rclcpp/cmake)
-- Found rmw_implementation_cmake: 6.1.1 (/opt/ros/humble/share/rmw_implementation_cmake/cmake)
-- Found rmw_fastrtps_cpp: 6.2.4 (/opt/ros/humble/share/rmw_fastrtps_cpp/cmake)
-- Using RMW implementation 'rmw_fastrtps_cpp' as default
-- Found sensor_msgs: 4.2.3 (/opt/ros/humble/share/sensor_msgs/cmake)
-- Found cv_bridge: 3.2.1 (/opt/ros/humble/share/cv_bridge/cmake)
-- Found image_transport: 3.1.7 (/opt/ros/humble/share/image_transport/cmake)
-- Found camera_info_manager: 3.1.7 (/opt/ros/humble/share/camera_info_manager/cmake)
-- Found ament_cmake_ros: 0.10.0 (/opt/ros/humble/share/ament_cmake_ros/cmake)
-- Using all available rosidl_typesupport_c: rosidl_typesupport_fastrtps_c;rosidl_typesupport_introspection_c
-- Using all available rosidl_typesupport_cpp: rosidl_typesupport_fastrtps_cpp;rosidl_typesupport_introspection_cpp
-- Found python_cmake_module: 0.10.0 (/opt/ros/humble/share/python_cmake_module/cmake)
-- Using PYTHON_EXECUTABLE: /usr/bin/python3
-- Using PYTHON_INCLUDE_DIRS: /usr/include/python3.10
-- Using PYTHON_LIBRARIES: /usr/lib/x86_64-linux-gnu/libpython3.10.so
-- Added test 'cppcheck' to perform static code analysis on C / C++ code
-- Configured cppcheck include dirs: 
-- Configured cppcheck exclude dirs and/or files: 
-- Added test 'lint_cmake' to check CMake code style
-- Added test 'uncrustify' to check C / C++ code style
-- Configured uncrustify additional arguments: 
-- Added test 'xmllint' to check XML markup files
-- Configuring done
-- Generating done
-- Build files have been written to: /home/urc/new-GUI/build/theora_webcams
[35m[1mConsolidate compiler generated dependencies of target theora_webcams__rosidl_generator_c[0m
[  1%] [32mBuilding CXX object CMakeFiles/camera_publisher.dir/src/camera_publisher_v4l2.cpp.o[0m
[  2%] Built target theora_webcams__cpp
[  2%] Built target ament_cmake_python_copy_theora_webcams
[  3%] [32mBuilding C object CMakeFiles/theora_webcams__rosidl_generator_c.dir/rosidl_generator_c/theora_webcams/msg/detail/framerate__functions.c.o[0m
[35m[1mConsolidate compiler generated dependencies of target theora_webcams__rosidl_typesupport_cpp[0m
[35m[1mConsolidate compiler generated dependencies of target theora_webcams__rosidl_typesupport_fastrtps_cpp[0m
[  4%] [32mBuilding CXX object CMakeFiles/theora_webcams__rosidl_typesupport_cpp.dir/rosidl_typesupport_cpp/theora_webcams/msg/framerate__type_support.cpp.o[0m
[  5%] [32mBuilding CXX object CMakeFiles/theora_webcams__rosidl_typesupport_fastrtps_cpp.dir/rosidl_typesupport_fastrtps_cpp/theora_webcams/msg/detail/dds_fastrtps/framerate__type_support.cpp.o[0m
[01m[K/home/urc/new-GUI/src/theora_webcams/src/camera_publisher_v4l2.cpp:14:10:[m[K [01;31m[Kfatal error: [m[Krclcpp/rclcpp.hpp: No such file or directory
   14 | #include [01;31m[K<rclcpp/rclcpp.hpp>[m[K
      |          [01;31m[K^~~~~~~~~~~~~~~~~~~[m[K
compilation terminated.
gmake[2]: *** [CMakeFiles/camera_publisher.dir/build.make:76: CMakeFiles/camera_publisher.dir/src/camera_publisher_v4l2.cpp.o] Error 1
gmake[1]: *** [CMakeFiles/Makefile2:592: CMakeFiles/camera_publisher.dir/all] Error 2
gmake[1]: *** Waiting for unfinished jobs....
[  6%] [32mBuilding CXX object CMakeFiles/theora_webcams__rosidl_typesupport_fastrtps_cpp.dir/rosidl_typesupport_fastrtps_cpp/theora_webcams/msg/detail/dds_fastrtps/resolution__type_support.cpp.o[0m
[  7%] [32mBuilding C object CMakeFiles/theora_webcams__rosidl_generator_c.dir/rosidl_generator_c/theora_webcams/msg/detail/resolution__functions.c.o[0m
[  8%] [32mBuilding C object CMakeFiles/theora_webcams__rosidl_generator_c.dir/rosidl_generator_c/theora_webcams/msg/detail/status__functions.c.o[0m
[  9%] [32mBuilding C object CMakeFiles/theora_webcams__rosidl_generator_c.dir/rosidl_generator_c/theora_webcams/msg/detail/video_format__functions.c.o[0m
[ 10%] [32mBuilding C object CMakeFiles/theora_webcams__rosidl_generator_c.dir/rosidl_generator_c/theora_webcams/msg/detail/video_format_list__functions.c.o[0m
[ 11%] [32mBuilding CXX object CMakeFiles/theora_webcams__rosidl_typesupport_cpp.dir/rosidl_typesupport_cpp/theora_webcams/msg/resolution__type_support.cpp.o[0m
[ 12%] [32mBuilding C object CMakeFiles/theora_webcams__rosidl_generator_c.dir/rosidl_generator_c/theora_webcams/srv/detail/change_video__functions.c.o[0m
[ 13%] [32mBuilding C object CMakeFiles/theora_webcams__rosidl_generator_c.dir/rosidl_generator_c/theora_webcams/srv/detail/get_exposure_bounds__functions.c.o[0m
[ 14%] [32mBuilding CXX object CMakeFiles/theora_webcams__rosidl_typesupport_fastrtps_cpp.dir/rosidl_typesupport_fastrtps_cpp/theora_webcams/msg/detail/dds_fastrtps/status__type_support.cpp.o[0m
[ 15%] [32mBuilding CXX object CMakeFiles/theora_webcams__rosidl_typesupport_fastrtps_cpp.dir/rosidl_typesupport_fastrtps_cpp/theora_webcams/msg/detail/dds_fastrtps/video_format__type_support.cpp.o[0m
[ 16%] [32mBuilding C object CMakeFiles/theora_webcams__rosidl_generator_c.dir/rosidl_generator_c/theora_webcams/srv/detail/get_resolutions__functions.c.o[0m
[ 17%] [32mBuilding CXX object CMakeFiles/theora_webcams__rosidl_typesupport_cpp.dir/rosidl_typesupport_cpp/theora_webcams/msg/status__type_support.cpp.o[0m
[ 18%] [32mBuilding C object CMakeFiles/theora_webcams__rosidl_generator_c.dir/rosidl_generator_c/theora_webcams/srv/detail/set_exposure__functions.c.o[0m
[ 19%] [32m[1mLinking C shared library libtheora_webcams__rosidl_generator_c.so[0m
[ 20%] [32mBuilding CXX object CMakeFiles/theora_webcams__rosidl_typesupport_fastrtps_cpp.dir/rosidl_typesupport_fastrtps_cpp/theora_webcams/msg/detail/dds_fastrtps/video_format_list__type_support.cpp.o[0m
[ 21%] Built target theora_webcams__rosidl_generator_c
[ 22%] [32mBuilding CXX object CMakeFiles/theora_webcams__rosidl_typesupport_cpp.dir/rosidl_typesupport_cpp/theora_webcams/msg/video_format__type_support.cpp.o[0m
[ 23%] [32mBuilding CXX object CMakeFiles/theora_webcams__rosidl_typesupport_cpp.dir/rosidl_typesupport_cpp/theora_webcams/msg/video_format_list__type_support.cpp.o[0m
[ 24%] [32mBuilding CXX object CMakeFiles/theora_webcams__rosidl_typesupport_fastrtps_cpp.dir/rosidl_typesupport_fastrtps_cpp/theora_webcams/srv/detail/dds_fastrtps/change_video__type_support.cpp.o[0m
[ 25%] [32mBuilding CXX object CMakeFiles/theora_webcams__rosidl_typesupport_cpp.dir/rosidl_typesupport_cpp/theora_webcams/srv/change_video__type_support.cpp.o[0m
[ 26%] [32mBuilding CXX object CMakeFiles/theora_webcams__rosidl_typesupport_cpp.dir/rosidl_typesupport_cpp/theora_webcams/srv/get_exposure_bounds__type_support.cpp.o[0m
[ 27%] [32mBuilding CXX object CMakeFiles/theora_webcams__rosidl_typesupport_fastrtps_cpp.dir/rosidl_typesupport_fastrtps_cpp/theora_webcams/srv/detail/dds_fastrtps/get_exposure_bounds__type_support.cpp.o[0m
[ 28%] [32mBuilding CXX object CMakeFiles/theora_webcams__rosidl_typesupport_cpp.dir/rosidl_typesupport_cpp/theora_webcams/srv/get_resolutions__type_support.cpp.o[0m
[ 29%] [32mBuilding CXX object CMakeFiles/theora_webcams__rosidl_typesupport_fastrtps_cpp.dir/rosidl_typesupport_fastrtps_cpp/theora_webcams/srv/detail/dds_fastrtps/get_resolutions__type_support.cpp.o[0m
[ 30%] [32mBuilding CXX object CMakeFiles/theora_webcams__rosidl_typesupport_cpp.dir/rosidl_typesupport_cpp/theora_webcams/srv/set_exposure__type_support.cpp.o[0m
[ 31%] [32mBuilding CXX object CMakeFiles/theora_webcams__rosidl_typesupport_fastrtps_cpp.dir/rosidl_typesupport_fastrtps_cpp/theora_webcams/srv/detail/dds_fastrtps/set_exposure__type_support.cpp.o[0m
[ 32%] [32m[1mLinking CXX shared library libtheora_webcams__rosidl_typesupport_cpp.so[0m
[ 34%] Built target theora_webcams__rosidl_typesupport_cpp
[ 35%] [32m[1mLinking CXX shared library libtheora_webcams__rosidl_typesupport_fastrtps_cpp.so[0m
[ 36%] Built target theora_webcams__rosidl_typesupport_fastrtps_cpp
gmake: *** [Makefile:146: all] Error 2
