[0.287s] Invoking command in '/home/urc/new-GUI/build/aruco_finder': CMAKE_PREFIX_PATH=/opt/ros/humble /usr/bin/cmake /home/urc/new-GUI/src/aruco_finder -DCMAKE_INSTALL_PREFIX=/home/urc/new-GUI/install/aruco_finder
[0.832s] -- Found ament_cmake: 1.3.5 (/opt/ros/humble/share/ament_cmake/cmake)
[0.832s] -- Override CMake install command with custom implementation using symlinks instead of copying resources
[0.832s] -- Found ament_lint_auto: 0.12.8 (/opt/ros/humble/share/ament_lint_auto/cmake)
[0.832s] -- Found rosidl_default_generators: 1.2.0 (/opt/ros/humble/share/rosidl_default_generators/cmake)
[0.833s] -- Using all available rosidl_typesupport_c: rosidl_typesupport_fastrtps_c;rosidl_typesupport_introspection_c
[0.834s] -- Found rosidl_adapter: 3.1.5 (/opt/ros/humble/share/rosidl_adapter/cmake)
[0.834s] -- Using all available rosidl_typesupport_cpp: rosidl_typesupport_fastrtps_cpp;rosidl_typesupport_introspection_cpp
[0.834s] -- Found rclcpp: 16.0.6 (/opt/ros/humble/share/rclcpp/cmake)
[0.864s] -- Found rmw_implementation_cmake: 6.1.1 (/opt/ros/humble/share/rmw_implementation_cmake/cmake)
[0.866s] -- Found rmw_fastrtps_cpp: 6.2.4 (/opt/ros/humble/share/rmw_fastrtps_cpp/cmake)
[1.065s] -- Using RMW implementation 'rmw_fastrtps_cpp' as default
[1.385s] -- Found geometry_msgs: 4.2.3 (/opt/ros/humble/share/geometry_msgs/cmake)
[1.846s] -- Found ament_cmake_ros: 0.10.0 (/opt/ros/humble/share/ament_cmake_ros/cmake)
[2.236s] -- Using all available rosidl_typesupport_c: rosidl_typesupport_fastrtps_c;rosidl_typesupport_introspection_c
[2.753s] -- Using all available rosidl_typesupport_cpp: rosidl_typesupport_fastrtps_cpp;rosidl_typesupport_introspection_cpp
[2.782s] -- Found python_cmake_module: 0.10.0 (/opt/ros/humble/share/python_cmake_module/cmake)
[2.812s] -- Using PYTHON_EXECUTABLE: /usr/bin/python3
[2.812s] -- Using PYTHON_INCLUDE_DIRS: /usr/include/python3.10
[2.812s] -- Using PYTHON_LIBRARIES: /usr/lib/x86_64-linux-gnu/libpython3.10.so
[2.911s] -- Added test 'flake8' to check Python code syntax and style conventions
[2.911s] -- Added test 'lint_cmake' to check CMake code style
[2.912s] -- Added test 'pep257' to check Python code against some of the docstring style conventions in PEP 257
[2.916s] -- Added test 'xmllint' to check XML markup files
[2.924s] -- Configuring done
[3.022s] -- Generating done
[3.028s] -- Build files have been written to: /home/urc/new-GUI/build/aruco_finder
