[2.651s] Invoking command in '/home/urc/new-GUI/src/gui_window': PYTHONPATH=/home/urc/new-GUI/build/gui_window/prefix_override:/home/urc/new-GUI/install/gui_window/lib/python3.10/site-packages:${PYTHONPATH} /usr/bin/python3 setup.py egg_info --egg-base ../../build/gui_window build --build-base /home/urc/new-GUI/build/gui_window/build install --record /home/urc/new-GUI/build/gui_window/install.log --single-version-externally-managed
[3.296s] running egg_info
[3.300s] writing ../../build/gui_window/gui_window.egg-info/PKG-INFO
[3.302s] writing dependency_links to ../../build/gui_window/gui_window.egg-info/dependency_links.txt
[3.302s] writing entry points to ../../build/gui_window/gui_window.egg-info/entry_points.txt
[3.303s] writing requirements to ../../build/gui_window/gui_window.egg-info/requires.txt
[3.303s] writing top-level names to ../../build/gui_window/gui_window.egg-info/top_level.txt
[3.316s] reading manifest file '../../build/gui_window/gui_window.egg-info/SOURCES.txt'
[3.323s] writing manifest file '../../build/gui_window/gui_window.egg-info/SOURCES.txt'
[3.324s] running build
[3.324s] running build_py
[3.330s] running install
[3.331s] running install_lib
[3.339s] running install_data
[3.340s] running install_egg_info
[3.343s] removing '/home/urc/new-GUI/install/gui_window/lib/python3.10/site-packages/gui_window-0.0.0-py3.10.egg-info' (and everything under it)
[3.345s] Copying ../../build/gui_window/gui_window.egg-info to /home/urc/new-GUI/install/gui_window/lib/python3.10/site-packages/gui_window-0.0.0-py3.10.egg-info
[3.345s] running install_scripts
[3.378s] Installing gui script to /home/urc/new-GUI/install/gui_window/lib/gui_window
[3.383s] writing list of installed files to '/home/urc/new-GUI/build/gui_window/install.log'
[3.441s] Invoked command in '/home/urc/new-GUI/src/gui_window' returned '0': PYTHONPATH=/home/urc/new-GUI/build/gui_window/prefix_override:/home/urc/new-GUI/install/gui_window/lib/python3.10/site-packages:${PYTHONPATH} /usr/bin/python3 setup.py egg_info --egg-base ../../build/gui_window build --build-base /home/urc/new-GUI/build/gui_window/build install --record /home/urc/new-GUI/build/gui_window/install.log --single-version-externally-managed
