[1.651s] DEBUG:colcon:Command line arguments: ['/usr/bin/colcon', 'build']
[1.651s] DEBUG:colcon:Parsed command line arguments: Namespace(log_base=None, log_level=None, verb_name='build', build_base='build', install_base='install', merge_install=False, symlink_install=False, test_result_base=None, continue_on_error=False, executor='parallel', parallel_workers=4, event_handlers=None, ignore_user_meta=False, metas=['./colcon.meta'], base_paths=['.'], packages_ignore=None, packages_ignore_regex=None, paths=None, packages_up_to=None, packages_up_to_regex=None, packages_above=None, packages_above_and_dependencies=None, packages_above_depth=None, packages_select_by_dep=None, packages_skip_by_dep=None, packages_skip_up_to=None, packages_select_build_failed=False, packages_skip_build_finished=False, packages_select_test_failures=False, packages_skip_test_passed=False, packages_select=None, packages_skip=None, packages_select_regex=None, packages_skip_regex=None, packages_start=None, packages_end=None, allow_overriding=[], cmake_args=None, cmake_target=None, cmake_target_skip_unavailable=False, cmake_clean_cache=False, cmake_clean_first=False, cmake_force_configure=False, ament_cmake_args=None, catkin_cmake_args=None, catkin_skip_building_tests=False, verb_parser=<colcon_defaults.argument_parser.defaults.DefaultArgumentsDecorator object at 0x7ff627d10c10>, verb_extension=<colcon_core.verb.build.BuildVerb object at 0x7ff62811bcd0>, main=<bound method BuildVerb.main of <colcon_core.verb.build.BuildVerb object at 0x7ff62811bcd0>>)
[1.740s] Level 1:colcon.colcon_core.package_discovery:discover_packages(colcon_meta) check parameters
[1.741s] Level 1:colcon.colcon_core.package_discovery:discover_packages(recursive) check parameters
[1.741s] Level 1:colcon.colcon_core.package_discovery:discover_packages(ignore) check parameters
[1.741s] Level 1:colcon.colcon_core.package_discovery:discover_packages(path) check parameters
[1.741s] Level 1:colcon.colcon_core.package_discovery:discover_packages(colcon_meta) discover
[1.741s] Level 1:colcon.colcon_core.package_discovery:discover_packages(recursive) discover
[1.741s] INFO:colcon.colcon_core.package_discovery:Crawling recursively for packages in '/home/urc/new-GUI'
[1.741s] Level 1:colcon.colcon_core.package_identification:_identify(.) by extensions ['ignore', 'ignore_ament_install']
[1.741s] Level 1:colcon.colcon_core.package_identification:_identify(.) by extension 'ignore'
[1.742s] Level 1:colcon.colcon_core.package_identification:_identify(.) by extension 'ignore_ament_install'
[1.742s] Level 1:colcon.colcon_core.package_identification:_identify(.) by extensions ['colcon_pkg']
[1.742s] Level 1:colcon.colcon_core.package_identification:_identify(.) by extension 'colcon_pkg'
[1.742s] Level 1:colcon.colcon_core.package_identification:_identify(.) by extensions ['colcon_meta']
[1.742s] Level 1:colcon.colcon_core.package_identification:_identify(.) by extension 'colcon_meta'
[1.742s] Level 1:colcon.colcon_core.package_identification:_identify(.) by extensions ['ros']
[1.742s] Level 1:colcon.colcon_core.package_identification:_identify(.) by extension 'ros'
[1.758s] Level 1:colcon.colcon_core.package_identification:_identify(.) by extensions ['cmake', 'python']
[1.759s] Level 1:colcon.colcon_core.package_identification:_identify(.) by extension 'cmake'
[1.759s] Level 1:colcon.colcon_core.package_identification:_identify(.) by extension 'python'
[1.759s] Level 1:colcon.colcon_core.package_identification:_identify(.) by extensions ['python_setup_py']
[1.759s] Level 1:colcon.colcon_core.package_identification:_identify(.) by extension 'python_setup_py'
[1.759s] Level 1:colcon.colcon_core.package_identification:_identify(build) by extensions ['ignore', 'ignore_ament_install']
[1.759s] Level 1:colcon.colcon_core.package_identification:_identify(build) by extension 'ignore'
[1.759s] Level 1:colcon.colcon_core.package_identification:_identify(build) ignored
[1.759s] Level 1:colcon.colcon_core.package_identification:_identify(install) by extensions ['ignore', 'ignore_ament_install']
[1.759s] Level 1:colcon.colcon_core.package_identification:_identify(install) by extension 'ignore'
[1.759s] Level 1:colcon.colcon_core.package_identification:_identify(install) ignored
[1.760s] Level 1:colcon.colcon_core.package_identification:_identify(log) by extensions ['ignore', 'ignore_ament_install']
[1.760s] Level 1:colcon.colcon_core.package_identification:_identify(log) by extension 'ignore'
[1.760s] Level 1:colcon.colcon_core.package_identification:_identify(log) ignored
[1.760s] Level 1:colcon.colcon_core.package_identification:_identify(src) by extensions ['ignore', 'ignore_ament_install']
[1.760s] Level 1:colcon.colcon_core.package_identification:_identify(src) by extension 'ignore'
[1.760s] Level 1:colcon.colcon_core.package_identification:_identify(src) by extension 'ignore_ament_install'
[1.760s] Level 1:colcon.colcon_core.package_identification:_identify(src) by extensions ['colcon_pkg']
[1.760s] Level 1:colcon.colcon_core.package_identification:_identify(src) by extension 'colcon_pkg'
[1.760s] Level 1:colcon.colcon_core.package_identification:_identify(src) by extensions ['colcon_meta']
[1.760s] Level 1:colcon.colcon_core.package_identification:_identify(src) by extension 'colcon_meta'
[1.761s] Level 1:colcon.colcon_core.package_identification:_identify(src) by extensions ['ros']
[1.761s] Level 1:colcon.colcon_core.package_identification:_identify(src) by extension 'ros'
[1.761s] Level 1:colcon.colcon_core.package_identification:_identify(src) by extensions ['cmake', 'python']
[1.761s] Level 1:colcon.colcon_core.package_identification:_identify(src) by extension 'cmake'
[1.761s] Level 1:colcon.colcon_core.package_identification:_identify(src) by extension 'python'
[1.761s] Level 1:colcon.colcon_core.package_identification:_identify(src) by extensions ['python_setup_py']
[1.761s] Level 1:colcon.colcon_core.package_identification:_identify(src) by extension 'python_setup_py'
[1.761s] Level 1:colcon.colcon_core.package_identification:_identify(src/aruco_finder) by extensions ['ignore', 'ignore_ament_install']
[1.761s] Level 1:colcon.colcon_core.package_identification:_identify(src/aruco_finder) by extension 'ignore'
[1.761s] Level 1:colcon.colcon_core.package_identification:_identify(src/aruco_finder) by extension 'ignore_ament_install'
[1.761s] Level 1:colcon.colcon_core.package_identification:_identify(src/aruco_finder) by extensions ['colcon_pkg']
[1.761s] Level 1:colcon.colcon_core.package_identification:_identify(src/aruco_finder) by extension 'colcon_pkg'
[1.761s] Level 1:colcon.colcon_core.package_identification:_identify(src/aruco_finder) by extensions ['colcon_meta']
[1.762s] Level 1:colcon.colcon_core.package_identification:_identify(src/aruco_finder) by extension 'colcon_meta'
[1.762s] Level 1:colcon.colcon_core.package_identification:_identify(src/aruco_finder) by extensions ['ros']
[1.762s] Level 1:colcon.colcon_core.package_identification:_identify(src/aruco_finder) by extension 'ros'
[1.766s] DEBUG:colcon.colcon_core.package_identification:Package 'src/aruco_finder' with type 'ros.ament_cmake' and name 'aruco_finder'
[1.766s] Level 1:colcon.colcon_core.package_identification:_identify(src/gui_window) by extensions ['ignore', 'ignore_ament_install']
[1.766s] Level 1:colcon.colcon_core.package_identification:_identify(src/gui_window) by extension 'ignore'
[1.766s] Level 1:colcon.colcon_core.package_identification:_identify(src/gui_window) by extension 'ignore_ament_install'
[1.766s] Level 1:colcon.colcon_core.package_identification:_identify(src/gui_window) by extensions ['colcon_pkg']
[1.766s] Level 1:colcon.colcon_core.package_identification:_identify(src/gui_window) by extension 'colcon_pkg'
[1.766s] Level 1:colcon.colcon_core.package_identification:_identify(src/gui_window) by extensions ['colcon_meta']
[1.766s] Level 1:colcon.colcon_core.package_identification:_identify(src/gui_window) by extension 'colcon_meta'
[1.766s] Level 1:colcon.colcon_core.package_identification:_identify(src/gui_window) by extensions ['ros']
[1.766s] Level 1:colcon.colcon_core.package_identification:_identify(src/gui_window) by extension 'ros'
[1.768s] DEBUG:colcon.colcon_core.package_identification:Package 'src/gui_window' with type 'ros.ament_python' and name 'gui_window'
[1.768s] Level 1:colcon.colcon_core.package_identification:_identify(src/marker_interfacing) by extensions ['ignore', 'ignore_ament_install']
[1.768s] Level 1:colcon.colcon_core.package_identification:_identify(src/marker_interfacing) by extension 'ignore'
[1.768s] Level 1:colcon.colcon_core.package_identification:_identify(src/marker_interfacing) by extension 'ignore_ament_install'
[1.768s] Level 1:colcon.colcon_core.package_identification:_identify(src/marker_interfacing) by extensions ['colcon_pkg']
[1.768s] Level 1:colcon.colcon_core.package_identification:_identify(src/marker_interfacing) by extension 'colcon_pkg'
[1.768s] Level 1:colcon.colcon_core.package_identification:_identify(src/marker_interfacing) by extensions ['colcon_meta']
[1.768s] Level 1:colcon.colcon_core.package_identification:_identify(src/marker_interfacing) by extension 'colcon_meta'
[1.768s] Level 1:colcon.colcon_core.package_identification:_identify(src/marker_interfacing) by extensions ['ros']
[1.768s] Level 1:colcon.colcon_core.package_identification:_identify(src/marker_interfacing) by extension 'ros'
[1.770s] DEBUG:colcon.colcon_core.package_identification:Package 'src/marker_interfacing' with type 'ros.ament_cmake' and name 'marker_interfacing'
[1.771s] Level 1:colcon.colcon_core.package_identification:_identify(src/rover_gui_lib) by extensions ['ignore', 'ignore_ament_install']
[1.771s] Level 1:colcon.colcon_core.package_identification:_identify(src/rover_gui_lib) by extension 'ignore'
[1.771s] Level 1:colcon.colcon_core.package_identification:_identify(src/rover_gui_lib) by extension 'ignore_ament_install'
[1.771s] Level 1:colcon.colcon_core.package_identification:_identify(src/rover_gui_lib) by extensions ['colcon_pkg']
[1.771s] Level 1:colcon.colcon_core.package_identification:_identify(src/rover_gui_lib) by extension 'colcon_pkg'
[1.771s] Level 1:colcon.colcon_core.package_identification:_identify(src/rover_gui_lib) by extensions ['colcon_meta']
[1.771s] Level 1:colcon.colcon_core.package_identification:_identify(src/rover_gui_lib) by extension 'colcon_meta'
[1.771s] Level 1:colcon.colcon_core.package_identification:_identify(src/rover_gui_lib) by extensions ['ros']
[1.771s] Level 1:colcon.colcon_core.package_identification:_identify(src/rover_gui_lib) by extension 'ros'
[1.772s] DEBUG:colcon.colcon_core.package_identification:Package 'src/rover_gui_lib' with type 'ros.catkin' and name 'rover_gui_lib'
[1.773s] Level 1:colcon.colcon_core.package_identification:_identify(src/theora_webcams) by extensions ['ignore', 'ignore_ament_install']
[1.773s] Level 1:colcon.colcon_core.package_identification:_identify(src/theora_webcams) by extension 'ignore'
[1.773s] Level 1:colcon.colcon_core.package_identification:_identify(src/theora_webcams) by extension 'ignore_ament_install'
[1.773s] Level 1:colcon.colcon_core.package_identification:_identify(src/theora_webcams) by extensions ['colcon_pkg']
[1.773s] Level 1:colcon.colcon_core.package_identification:_identify(src/theora_webcams) by extension 'colcon_pkg'
[1.773s] Level 1:colcon.colcon_core.package_identification:_identify(src/theora_webcams) by extensions ['colcon_meta']
[1.773s] Level 1:colcon.colcon_core.package_identification:_identify(src/theora_webcams) by extension 'colcon_meta'
[1.773s] Level 1:colcon.colcon_core.package_identification:_identify(src/theora_webcams) by extensions ['ros']
[1.773s] Level 1:colcon.colcon_core.package_identification:_identify(src/theora_webcams) by extension 'ros'
[1.776s] DEBUG:colcon.colcon_core.package_identification:Package 'src/theora_webcams' with type 'ros.ament_cmake' and name 'theora_webcams'
[1.777s] Level 1:colcon.colcon_core.package_identification:_identify(src/urc_gui_lib) by extensions ['ignore', 'ignore_ament_install']
[1.777s] Level 1:colcon.colcon_core.package_identification:_identify(src/urc_gui_lib) by extension 'ignore'
[1.777s] Level 1:colcon.colcon_core.package_identification:_identify(src/urc_gui_lib) by extension 'ignore_ament_install'
[1.777s] Level 1:colcon.colcon_core.package_identification:_identify(src/urc_gui_lib) by extensions ['colcon_pkg']
[1.777s] Level 1:colcon.colcon_core.package_identification:_identify(src/urc_gui_lib) by extension 'colcon_pkg'
[1.777s] Level 1:colcon.colcon_core.package_identification:_identify(src/urc_gui_lib) by extensions ['colcon_meta']
[1.777s] Level 1:colcon.colcon_core.package_identification:_identify(src/urc_gui_lib) by extension 'colcon_meta'
[1.777s] Level 1:colcon.colcon_core.package_identification:_identify(src/urc_gui_lib) by extensions ['ros']
[1.777s] Level 1:colcon.colcon_core.package_identification:_identify(src/urc_gui_lib) by extension 'ros'
[1.780s] DEBUG:colcon.colcon_core.package_identification:Package 'src/urc_gui_lib' with type 'ros.catkin' and name 'urc_gui_lib'
[1.780s] Level 1:colcon.colcon_core.package_discovery:discover_packages(recursive) using defaults
[1.780s] Level 1:colcon.colcon_core.package_discovery:discover_packages(ignore) discover
[1.780s] Level 1:colcon.colcon_core.package_discovery:discover_packages(ignore) using defaults
[1.780s] Level 1:colcon.colcon_core.package_discovery:discover_packages(path) discover
[1.780s] Level 1:colcon.colcon_core.package_discovery:discover_packages(path) using defaults
[1.926s] Level 1:colcon.colcon_core.package_discovery:discover_packages(prefix_path) check parameters
[1.926s] Level 1:colcon.colcon_core.package_discovery:discover_packages(prefix_path) discover
[1.973s] DEBUG:colcon.colcon_installed_package_information.package_discovery:Found 5 installed packages in /home/urc/new-GUI/install
[1.998s] DEBUG:colcon.colcon_installed_package_information.package_discovery:Found 290 installed packages in /opt/ros/humble
[2.011s] Level 1:colcon.colcon_core.package_discovery:discover_packages(prefix_path) using defaults
[2.167s] Level 5:colcon.colcon_core.verb:set package 'aruco_finder' build argument 'cmake_args' from command line to 'None'
[2.167s] Level 5:colcon.colcon_core.verb:set package 'aruco_finder' build argument 'cmake_target' from command line to 'None'
[2.167s] Level 5:colcon.colcon_core.verb:set package 'aruco_finder' build argument 'cmake_target_skip_unavailable' from command line to 'False'
[2.167s] Level 5:colcon.colcon_core.verb:set package 'aruco_finder' build argument 'cmake_clean_cache' from command line to 'False'
[2.167s] Level 5:colcon.colcon_core.verb:set package 'aruco_finder' build argument 'cmake_clean_first' from command line to 'False'
[2.167s] Level 5:colcon.colcon_core.verb:set package 'aruco_finder' build argument 'cmake_force_configure' from command line to 'False'
[2.167s] Level 5:colcon.colcon_core.verb:set package 'aruco_finder' build argument 'ament_cmake_args' from command line to 'None'
[2.167s] Level 5:colcon.colcon_core.verb:set package 'aruco_finder' build argument 'catkin_cmake_args' from command line to 'None'
[2.167s] Level 5:colcon.colcon_core.verb:set package 'aruco_finder' build argument 'catkin_skip_building_tests' from command line to 'False'
[2.167s] DEBUG:colcon.colcon_core.verb:Building package 'aruco_finder' with the following arguments: {'ament_cmake_args': None, 'build_base': '/home/urc/new-GUI/build/aruco_finder', 'catkin_cmake_args': None, 'catkin_skip_building_tests': False, 'cmake_args': None, 'cmake_clean_cache': False, 'cmake_clean_first': False, 'cmake_force_configure': False, 'cmake_target': None, 'cmake_target_skip_unavailable': False, 'install_base': '/home/urc/new-GUI/install/aruco_finder', 'merge_install': False, 'path': '/home/urc/new-GUI/src/aruco_finder', 'symlink_install': False, 'test_result_base': None}
[2.191s] Level 5:colcon.colcon_core.verb:set package 'marker_interfacing' build argument 'cmake_args' from command line to 'None'
[2.191s] Level 5:colcon.colcon_core.verb:set package 'marker_interfacing' build argument 'cmake_target' from command line to 'None'
[2.191s] Level 5:colcon.colcon_core.verb:set package 'marker_interfacing' build argument 'cmake_target_skip_unavailable' from command line to 'False'
[2.191s] Level 5:colcon.colcon_core.verb:set package 'marker_interfacing' build argument 'cmake_clean_cache' from command line to 'False'
[2.191s] Level 5:colcon.colcon_core.verb:set package 'marker_interfacing' build argument 'cmake_clean_first' from command line to 'False'
[2.191s] Level 5:colcon.colcon_core.verb:set package 'marker_interfacing' build argument 'cmake_force_configure' from command line to 'False'
[2.191s] Level 5:colcon.colcon_core.verb:set package 'marker_interfacing' build argument 'ament_cmake_args' from command line to 'None'
[2.191s] Level 5:colcon.colcon_core.verb:set package 'marker_interfacing' build argument 'catkin_cmake_args' from command line to 'None'
[2.191s] Level 5:colcon.colcon_core.verb:set package 'marker_interfacing' build argument 'catkin_skip_building_tests' from command line to 'False'
[2.191s] DEBUG:colcon.colcon_core.verb:Building package 'marker_interfacing' with the following arguments: {'ament_cmake_args': None, 'build_base': '/home/urc/new-GUI/build/marker_interfacing', 'catkin_cmake_args': None, 'catkin_skip_building_tests': False, 'cmake_args': None, 'cmake_clean_cache': False, 'cmake_clean_first': False, 'cmake_force_configure': False, 'cmake_target': None, 'cmake_target_skip_unavailable': False, 'install_base': '/home/urc/new-GUI/install/marker_interfacing', 'merge_install': False, 'path': '/home/urc/new-GUI/src/marker_interfacing', 'symlink_install': False, 'test_result_base': None}
[2.215s] Level 5:colcon.colcon_core.verb:set package 'theora_webcams' build argument 'cmake_args' from command line to 'None'
[2.215s] Level 5:colcon.colcon_core.verb:set package 'theora_webcams' build argument 'cmake_target' from command line to 'None'
[2.215s] Level 5:colcon.colcon_core.verb:set package 'theora_webcams' build argument 'cmake_target_skip_unavailable' from command line to 'False'
[2.215s] Level 5:colcon.colcon_core.verb:set package 'theora_webcams' build argument 'cmake_clean_cache' from command line to 'False'
[2.215s] Level 5:colcon.colcon_core.verb:set package 'theora_webcams' build argument 'cmake_clean_first' from command line to 'False'
[2.215s] Level 5:colcon.colcon_core.verb:set package 'theora_webcams' build argument 'cmake_force_configure' from command line to 'False'
[2.215s] Level 5:colcon.colcon_core.verb:set package 'theora_webcams' build argument 'ament_cmake_args' from command line to 'None'
[2.215s] Level 5:colcon.colcon_core.verb:set package 'theora_webcams' build argument 'catkin_cmake_args' from command line to 'None'
[2.215s] Level 5:colcon.colcon_core.verb:set package 'theora_webcams' build argument 'catkin_skip_building_tests' from command line to 'False'
[2.215s] DEBUG:colcon.colcon_core.verb:Building package 'theora_webcams' with the following arguments: {'ament_cmake_args': None, 'build_base': '/home/urc/new-GUI/build/theora_webcams', 'catkin_cmake_args': None, 'catkin_skip_building_tests': False, 'cmake_args': None, 'cmake_clean_cache': False, 'cmake_clean_first': False, 'cmake_force_configure': False, 'cmake_target': None, 'cmake_target_skip_unavailable': False, 'install_base': '/home/urc/new-GUI/install/theora_webcams', 'merge_install': False, 'path': '/home/urc/new-GUI/src/theora_webcams', 'symlink_install': False, 'test_result_base': None}
[2.251s] Level 5:colcon.colcon_core.verb:set package 'gui_window' build argument 'cmake_args' from command line to 'None'
[2.252s] Level 5:colcon.colcon_core.verb:set package 'gui_window' build argument 'cmake_target' from command line to 'None'
[2.252s] Level 5:colcon.colcon_core.verb:set package 'gui_window' build argument 'cmake_target_skip_unavailable' from command line to 'False'
[2.252s] Level 5:colcon.colcon_core.verb:set package 'gui_window' build argument 'cmake_clean_cache' from command line to 'False'
[2.252s] Level 5:colcon.colcon_core.verb:set package 'gui_window' build argument 'cmake_clean_first' from command line to 'False'
[2.252s] Level 5:colcon.colcon_core.verb:set package 'gui_window' build argument 'cmake_force_configure' from command line to 'False'
[2.252s] Level 5:colcon.colcon_core.verb:set package 'gui_window' build argument 'ament_cmake_args' from command line to 'None'
[2.252s] Level 5:colcon.colcon_core.verb:set package 'gui_window' build argument 'catkin_cmake_args' from command line to 'None'
[2.252s] Level 5:colcon.colcon_core.verb:set package 'gui_window' build argument 'catkin_skip_building_tests' from command line to 'False'
[2.252s] DEBUG:colcon.colcon_core.verb:Building package 'gui_window' with the following arguments: {'ament_cmake_args': None, 'build_base': '/home/urc/new-GUI/build/gui_window', 'catkin_cmake_args': None, 'catkin_skip_building_tests': False, 'cmake_args': None, 'cmake_clean_cache': False, 'cmake_clean_first': False, 'cmake_force_configure': False, 'cmake_target': None, 'cmake_target_skip_unavailable': False, 'install_base': '/home/urc/new-GUI/install/gui_window', 'merge_install': False, 'path': '/home/urc/new-GUI/src/gui_window', 'symlink_install': False, 'test_result_base': None}
[2.280s] Level 5:colcon.colcon_core.verb:set package 'urc_gui_lib' build argument 'cmake_args' from command line to 'None'
[2.280s] Level 5:colcon.colcon_core.verb:set package 'urc_gui_lib' build argument 'cmake_target' from command line to 'None'
[2.280s] Level 5:colcon.colcon_core.verb:set package 'urc_gui_lib' build argument 'cmake_target_skip_unavailable' from command line to 'False'
[2.280s] Level 5:colcon.colcon_core.verb:set package 'urc_gui_lib' build argument 'cmake_clean_cache' from command line to 'False'
[2.280s] Level 5:colcon.colcon_core.verb:set package 'urc_gui_lib' build argument 'cmake_clean_first' from command line to 'False'
[2.280s] Level 5:colcon.colcon_core.verb:set package 'urc_gui_lib' build argument 'cmake_force_configure' from command line to 'False'
[2.280s] Level 5:colcon.colcon_core.verb:set package 'urc_gui_lib' build argument 'ament_cmake_args' from command line to 'None'
[2.280s] Level 5:colcon.colcon_core.verb:set package 'urc_gui_lib' build argument 'catkin_cmake_args' from command line to 'None'
[2.280s] Level 5:colcon.colcon_core.verb:set package 'urc_gui_lib' build argument 'catkin_skip_building_tests' from command line to 'False'
[2.280s] DEBUG:colcon.colcon_core.verb:Building package 'urc_gui_lib' with the following arguments: {'ament_cmake_args': None, 'build_base': '/home/urc/new-GUI/build/urc_gui_lib', 'catkin_cmake_args': None, 'catkin_skip_building_tests': False, 'cmake_args': None, 'cmake_clean_cache': False, 'cmake_clean_first': False, 'cmake_force_configure': False, 'cmake_target': None, 'cmake_target_skip_unavailable': False, 'install_base': '/home/urc/new-GUI/install/urc_gui_lib', 'merge_install': False, 'path': '/home/urc/new-GUI/src/urc_gui_lib', 'symlink_install': False, 'test_result_base': None}
[2.305s] Level 5:colcon.colcon_core.verb:set package 'rover_gui_lib' build argument 'cmake_args' from command line to 'None'
[2.305s] Level 5:colcon.colcon_core.verb:set package 'rover_gui_lib' build argument 'cmake_target' from command line to 'None'
[2.305s] Level 5:colcon.colcon_core.verb:set package 'rover_gui_lib' build argument 'cmake_target_skip_unavailable' from command line to 'False'
[2.305s] Level 5:colcon.colcon_core.verb:set package 'rover_gui_lib' build argument 'cmake_clean_cache' from command line to 'False'
[2.305s] Level 5:colcon.colcon_core.verb:set package 'rover_gui_lib' build argument 'cmake_clean_first' from command line to 'False'
[2.305s] Level 5:colcon.colcon_core.verb:set package 'rover_gui_lib' build argument 'cmake_force_configure' from command line to 'False'
[2.305s] Level 5:colcon.colcon_core.verb:set package 'rover_gui_lib' build argument 'ament_cmake_args' from command line to 'None'
[2.305s] Level 5:colcon.colcon_core.verb:set package 'rover_gui_lib' build argument 'catkin_cmake_args' from command line to 'None'
[2.305s] Level 5:colcon.colcon_core.verb:set package 'rover_gui_lib' build argument 'catkin_skip_building_tests' from command line to 'False'
[2.305s] DEBUG:colcon.colcon_core.verb:Building package 'rover_gui_lib' with the following arguments: {'ament_cmake_args': None, 'build_base': '/home/urc/new-GUI/build/rover_gui_lib', 'catkin_cmake_args': None, 'catkin_skip_building_tests': False, 'cmake_args': None, 'cmake_clean_cache': False, 'cmake_clean_first': False, 'cmake_force_configure': False, 'cmake_target': None, 'cmake_target_skip_unavailable': False, 'install_base': '/home/urc/new-GUI/install/rover_gui_lib', 'merge_install': False, 'path': '/home/urc/new-GUI/src/rover_gui_lib', 'symlink_install': False, 'test_result_base': None}
[2.333s] INFO:colcon.colcon_core.executor:Executing jobs using 'parallel' executor
[2.364s] DEBUG:colcon.colcon_parallel_executor.executor.parallel:run_until_complete
[2.365s] INFO:colcon.colcon_ros.task.ament_cmake.build:Building ROS package in '/home/urc/new-GUI/src/aruco_finder' with build type 'ament_cmake'
[2.365s] INFO:colcon.colcon_cmake.task.cmake.build:Building CMake package in '/home/urc/new-GUI/src/aruco_finder'
[2.393s] INFO:colcon.colcon_core.plugin_system:Skipping extension 'colcon_core.shell.bat': Not used on non-Windows systems
[2.394s] INFO:colcon.colcon_core.shell:Skip shell extension 'powershell' for command environment: Not usable outside of PowerShell
[2.394s] DEBUG:colcon.colcon_core.shell:Skip shell extension 'dsv' for command environment
[2.471s] INFO:colcon.colcon_ros.task.ament_cmake.build:Building ROS package in '/home/urc/new-GUI/src/marker_interfacing' with build type 'ament_cmake'
[2.471s] INFO:colcon.colcon_cmake.task.cmake.build:Building CMake package in '/home/urc/new-GUI/src/marker_interfacing'
[2.495s] INFO:colcon.colcon_core.shell:Skip shell extension 'powershell' for command environment: Not usable outside of PowerShell
[2.495s] DEBUG:colcon.colcon_core.shell:Skip shell extension 'dsv' for command environment
[2.568s] INFO:colcon.colcon_ros.task.ament_cmake.build:Building ROS package in '/home/urc/new-GUI/src/theora_webcams' with build type 'ament_cmake'
[2.568s] INFO:colcon.colcon_cmake.task.cmake.build:Building CMake package in '/home/urc/new-GUI/src/theora_webcams'
[2.592s] INFO:colcon.colcon_core.shell:Skip shell extension 'powershell' for command environment: Not usable outside of PowerShell
[2.592s] DEBUG:colcon.colcon_core.shell:Skip shell extension 'dsv' for command environment
[2.678s] DEBUG:colcon.colcon_core.event_handler.log_command:Invoking command in '/home/urc/new-GUI/build/aruco_finder': CMAKE_PREFIX_PATH=${CMAKE_PREFIX_PATH}:/home/urc/new-GUI/install/gui_window:/opt/ros/humble /usr/bin/cmake --build /home/urc/new-GUI/build/aruco_finder -- -j4 -l4
[2.681s] DEBUG:colcon.colcon_core.event_handler.log_command:Invoking command in '/home/urc/new-GUI/build/marker_interfacing': CMAKE_PREFIX_PATH=${CMAKE_PREFIX_PATH}:/home/urc/new-GUI/install/gui_window:/opt/ros/humble /usr/bin/cmake --build /home/urc/new-GUI/build/marker_interfacing -- -j4 -l4
[2.696s] DEBUG:colcon.colcon_core.event_handler.log_command:Invoking command in '/home/urc/new-GUI/build/theora_webcams': CMAKE_PREFIX_PATH=${CMAKE_PREFIX_PATH}:/home/urc/new-GUI/install/gui_window:/opt/ros/humble /usr/bin/cmake --build /home/urc/new-GUI/build/theora_webcams -- -j4 -l4
[3.719s] DEBUG:colcon.colcon_core.event_handler.log_command:Invoked command in '/home/urc/new-GUI/build/aruco_finder' returned '0': CMAKE_PREFIX_PATH=${CMAKE_PREFIX_PATH}:/home/urc/new-GUI/install/gui_window:/opt/ros/humble /usr/bin/cmake --build /home/urc/new-GUI/build/aruco_finder -- -j4 -l4
[3.719s] DEBUG:colcon.colcon_core.event_handler.log_command:Invoked command in '/home/urc/new-GUI/build/theora_webcams' returned '0': CMAKE_PREFIX_PATH=${CMAKE_PREFIX_PATH}:/home/urc/new-GUI/install/gui_window:/opt/ros/humble /usr/bin/cmake --build /home/urc/new-GUI/build/theora_webcams -- -j4 -l4
[3.743s] DEBUG:colcon.colcon_core.event_handler.log_command:Invoked command in '/home/urc/new-GUI/build/marker_interfacing' returned '0': CMAKE_PREFIX_PATH=${CMAKE_PREFIX_PATH}:/home/urc/new-GUI/install/gui_window:/opt/ros/humble /usr/bin/cmake --build /home/urc/new-GUI/build/marker_interfacing -- -j4 -l4
[3.855s] DEBUG:colcon.colcon_core.event_handler.log_command:Invoking command in '/home/urc/new-GUI/build/aruco_finder': CMAKE_PREFIX_PATH=${CMAKE_PREFIX_PATH}:/home/urc/new-GUI/install/gui_window:/opt/ros/humble /usr/bin/cmake --install /home/urc/new-GUI/build/aruco_finder
[3.969s] Level 1:colcon.colcon_core.environment:create_environment_scripts_only(aruco_finder)
[3.969s] DEBUG:colcon.colcon_core.event_handler.log_command:Invoked command in '/home/urc/new-GUI/build/aruco_finder' returned '0': CMAKE_PREFIX_PATH=${CMAKE_PREFIX_PATH}:/home/urc/new-GUI/install/gui_window:/opt/ros/humble /usr/bin/cmake --install /home/urc/new-GUI/build/aruco_finder
[3.997s] Level 1:colcon.colcon_core.environment:checking '/home/urc/new-GUI/install/aruco_finder' for CMake module files
[3.998s] Level 1:colcon.colcon_core.environment:checking '/home/urc/new-GUI/install/aruco_finder' for CMake config files
[3.999s] Level 1:colcon.colcon_core.shell:create_environment_hook('aruco_finder', 'cmake_prefix_path')
[4.025s] INFO:colcon.colcon_core.shell:Creating environment hook '/home/urc/new-GUI/install/aruco_finder/share/aruco_finder/hook/cmake_prefix_path.ps1'
[4.026s] INFO:colcon.colcon_core.shell:Creating environment descriptor '/home/urc/new-GUI/install/aruco_finder/share/aruco_finder/hook/cmake_prefix_path.dsv'
[4.027s] INFO:colcon.colcon_core.shell:Creating environment hook '/home/urc/new-GUI/install/aruco_finder/share/aruco_finder/hook/cmake_prefix_path.sh'
[4.028s] Level 1:colcon.colcon_core.environment:checking '/home/urc/new-GUI/install/aruco_finder/lib'
[4.029s] Level 1:colcon.colcon_core.shell:create_environment_hook('aruco_finder', 'ld_library_path_lib')
[4.053s] INFO:colcon.colcon_core.shell:Creating environment hook '/home/urc/new-GUI/install/aruco_finder/share/aruco_finder/hook/ld_library_path_lib.ps1'
[4.054s] INFO:colcon.colcon_core.shell:Creating environment descriptor '/home/urc/new-GUI/install/aruco_finder/share/aruco_finder/hook/ld_library_path_lib.dsv'
[4.054s] INFO:colcon.colcon_core.shell:Creating environment hook '/home/urc/new-GUI/install/aruco_finder/share/aruco_finder/hook/ld_library_path_lib.sh'
[4.055s] Level 1:colcon.colcon_core.environment:checking '/home/urc/new-GUI/install/aruco_finder/bin'
[4.055s] Level 1:colcon.colcon_core.environment:checking '/home/urc/new-GUI/install/aruco_finder/lib/pkgconfig/aruco_finder.pc'
[4.055s] Level 1:colcon.colcon_core.environment:checking '/home/urc/new-GUI/install/aruco_finder/lib/python3.10/site-packages'
[4.056s] Level 1:colcon.colcon_core.environment:checking '/home/urc/new-GUI/install/aruco_finder/bin'
[4.084s] INFO:colcon.colcon_core.shell:Creating package script '/home/urc/new-GUI/install/aruco_finder/share/aruco_finder/package.ps1'
[4.085s] INFO:colcon.colcon_core.shell:Creating package descriptor '/home/urc/new-GUI/install/aruco_finder/share/aruco_finder/package.dsv'
[4.086s] INFO:colcon.colcon_core.shell:Creating package script '/home/urc/new-GUI/install/aruco_finder/share/aruco_finder/package.sh'
[4.087s] INFO:colcon.colcon_core.shell:Creating package script '/home/urc/new-GUI/install/aruco_finder/share/aruco_finder/package.bash'
[4.089s] INFO:colcon.colcon_core.shell:Creating package script '/home/urc/new-GUI/install/aruco_finder/share/aruco_finder/package.zsh'
[4.090s] Level 1:colcon.colcon_core.environment:create_file_with_runtime_dependencies(/home/urc/new-GUI/install/aruco_finder/share/colcon-core/packages/aruco_finder)
[4.094s] DEBUG:colcon.colcon_core.event_handler.log_command:Invoking command in '/home/urc/new-GUI/build/theora_webcams': CMAKE_PREFIX_PATH=${CMAKE_PREFIX_PATH}:/home/urc/new-GUI/install/gui_window:/opt/ros/humble /usr/bin/cmake --install /home/urc/new-GUI/build/theora_webcams
[4.173s] DEBUG:colcon.colcon_core.event_handler.log_command:Invoking command in '/home/urc/new-GUI/build/marker_interfacing': CMAKE_PREFIX_PATH=${CMAKE_PREFIX_PATH}:/home/urc/new-GUI/install/gui_window:/opt/ros/humble /usr/bin/cmake --install /home/urc/new-GUI/build/marker_interfacing
[4.319s] Level 1:colcon.colcon_core.environment:create_environment_scripts_only(aruco_finder)
[4.348s] Level 1:colcon.colcon_core.environment:checking '/home/urc/new-GUI/install/aruco_finder' for CMake module files
[4.349s] Level 1:colcon.colcon_core.environment:checking '/home/urc/new-GUI/install/aruco_finder' for CMake config files
[4.351s] Level 1:colcon.colcon_core.shell:create_environment_hook('aruco_finder', 'cmake_prefix_path')
[4.375s] INFO:colcon.colcon_core.shell:Creating environment hook '/home/urc/new-GUI/install/aruco_finder/share/aruco_finder/hook/cmake_prefix_path.ps1'
[4.375s] INFO:colcon.colcon_core.shell:Creating environment descriptor '/home/urc/new-GUI/install/aruco_finder/share/aruco_finder/hook/cmake_prefix_path.dsv'
[4.376s] INFO:colcon.colcon_core.shell:Creating environment hook '/home/urc/new-GUI/install/aruco_finder/share/aruco_finder/hook/cmake_prefix_path.sh'
[4.376s] Level 1:colcon.colcon_core.environment:checking '/home/urc/new-GUI/install/aruco_finder/lib'
[4.377s] Level 1:colcon.colcon_core.shell:create_environment_hook('aruco_finder', 'ld_library_path_lib')
[4.399s] INFO:colcon.colcon_core.shell:Creating environment hook '/home/urc/new-GUI/install/aruco_finder/share/aruco_finder/hook/ld_library_path_lib.ps1'
[4.400s] INFO:colcon.colcon_core.shell:Creating environment descriptor '/home/urc/new-GUI/install/aruco_finder/share/aruco_finder/hook/ld_library_path_lib.dsv'
[4.400s] INFO:colcon.colcon_core.shell:Creating environment hook '/home/urc/new-GUI/install/aruco_finder/share/aruco_finder/hook/ld_library_path_lib.sh'
[4.401s] Level 1:colcon.colcon_core.environment:checking '/home/urc/new-GUI/install/aruco_finder/bin'
[4.401s] Level 1:colcon.colcon_core.environment:checking '/home/urc/new-GUI/install/aruco_finder/lib/pkgconfig/aruco_finder.pc'
[4.401s] Level 1:colcon.colcon_core.environment:checking '/home/urc/new-GUI/install/aruco_finder/lib/python3.10/site-packages'
[4.402s] Level 1:colcon.colcon_core.environment:checking '/home/urc/new-GUI/install/aruco_finder/bin'
[4.427s] INFO:colcon.colcon_core.shell:Creating package script '/home/urc/new-GUI/install/aruco_finder/share/aruco_finder/package.ps1'
[4.428s] INFO:colcon.colcon_core.shell:Creating package descriptor '/home/urc/new-GUI/install/aruco_finder/share/aruco_finder/package.dsv'
[4.429s] INFO:colcon.colcon_core.shell:Creating package script '/home/urc/new-GUI/install/aruco_finder/share/aruco_finder/package.sh'
[4.429s] INFO:colcon.colcon_core.shell:Creating package script '/home/urc/new-GUI/install/aruco_finder/share/aruco_finder/package.bash'
[4.430s] INFO:colcon.colcon_core.shell:Creating package script '/home/urc/new-GUI/install/aruco_finder/share/aruco_finder/package.zsh'
[4.430s] Level 1:colcon.colcon_core.environment:create_file_with_runtime_dependencies(/home/urc/new-GUI/install/aruco_finder/share/colcon-core/packages/aruco_finder)
[4.432s] Level 1:colcon.colcon_core.environment:create_environment_scripts_only(theora_webcams)
[4.433s] DEBUG:colcon.colcon_core.event_handler.log_command:Invoked command in '/home/urc/new-GUI/build/theora_webcams' returned '0': CMAKE_PREFIX_PATH=${CMAKE_PREFIX_PATH}:/home/urc/new-GUI/install/gui_window:/opt/ros/humble /usr/bin/cmake --install /home/urc/new-GUI/build/theora_webcams
[4.455s] Level 1:colcon.colcon_core.environment:checking '/home/urc/new-GUI/install/theora_webcams' for CMake module files
[4.457s] Level 1:colcon.colcon_core.environment:checking '/home/urc/new-GUI/install/theora_webcams' for CMake config files
[4.459s] Level 1:colcon.colcon_core.shell:create_environment_hook('theora_webcams', 'cmake_prefix_path')
[4.487s] INFO:colcon.colcon_core.shell:Creating environment hook '/home/urc/new-GUI/install/theora_webcams/share/theora_webcams/hook/cmake_prefix_path.ps1'
[4.488s] INFO:colcon.colcon_core.shell:Creating environment descriptor '/home/urc/new-GUI/install/theora_webcams/share/theora_webcams/hook/cmake_prefix_path.dsv'
[4.488s] INFO:colcon.colcon_core.shell:Creating environment hook '/home/urc/new-GUI/install/theora_webcams/share/theora_webcams/hook/cmake_prefix_path.sh'
[4.489s] Level 1:colcon.colcon_core.environment:checking '/home/urc/new-GUI/install/theora_webcams/lib'
[4.489s] Level 1:colcon.colcon_core.shell:create_environment_hook('theora_webcams', 'ld_library_path_lib')
[4.513s] INFO:colcon.colcon_core.shell:Creating environment hook '/home/urc/new-GUI/install/theora_webcams/share/theora_webcams/hook/ld_library_path_lib.ps1'
[4.514s] INFO:colcon.colcon_core.shell:Creating environment descriptor '/home/urc/new-GUI/install/theora_webcams/share/theora_webcams/hook/ld_library_path_lib.dsv'
[4.515s] INFO:colcon.colcon_core.shell:Creating environment hook '/home/urc/new-GUI/install/theora_webcams/share/theora_webcams/hook/ld_library_path_lib.sh'
[4.515s] Level 1:colcon.colcon_core.environment:checking '/home/urc/new-GUI/install/theora_webcams/bin'
[4.516s] Level 1:colcon.colcon_core.environment:checking '/home/urc/new-GUI/install/theora_webcams/lib/pkgconfig/theora_webcams.pc'
[4.516s] Level 1:colcon.colcon_core.environment:checking '/home/urc/new-GUI/install/theora_webcams/lib/python3.10/site-packages'
[4.516s] Level 1:colcon.colcon_core.environment:checking '/home/urc/new-GUI/install/theora_webcams/bin'
[4.547s] INFO:colcon.colcon_core.shell:Creating package script '/home/urc/new-GUI/install/theora_webcams/share/theora_webcams/package.ps1'
[4.547s] INFO:colcon.colcon_core.shell:Creating package descriptor '/home/urc/new-GUI/install/theora_webcams/share/theora_webcams/package.dsv'
[4.548s] INFO:colcon.colcon_core.shell:Creating package script '/home/urc/new-GUI/install/theora_webcams/share/theora_webcams/package.sh'
[4.550s] INFO:colcon.colcon_core.shell:Creating package script '/home/urc/new-GUI/install/theora_webcams/share/theora_webcams/package.bash'
[4.550s] INFO:colcon.colcon_core.shell:Creating package script '/home/urc/new-GUI/install/theora_webcams/share/theora_webcams/package.zsh'
[4.551s] Level 1:colcon.colcon_core.environment:create_file_with_runtime_dependencies(/home/urc/new-GUI/install/theora_webcams/share/colcon-core/packages/theora_webcams)
[4.553s] Level 1:colcon.colcon_core.environment:create_environment_scripts_only(marker_interfacing)
[4.553s] DEBUG:colcon.colcon_core.event_handler.log_command:Invoked command in '/home/urc/new-GUI/build/marker_interfacing' returned '0': CMAKE_PREFIX_PATH=${CMAKE_PREFIX_PATH}:/home/urc/new-GUI/install/gui_window:/opt/ros/humble /usr/bin/cmake --install /home/urc/new-GUI/build/marker_interfacing
[4.577s] Level 1:colcon.colcon_core.environment:checking '/home/urc/new-GUI/install/marker_interfacing' for CMake module files
[4.578s] Level 1:colcon.colcon_core.environment:checking '/home/urc/new-GUI/install/marker_interfacing' for CMake config files
[4.579s] Level 1:colcon.colcon_core.shell:create_environment_hook('marker_interfacing', 'cmake_prefix_path')
[4.602s] INFO:colcon.colcon_core.shell:Creating environment hook '/home/urc/new-GUI/install/marker_interfacing/share/marker_interfacing/hook/cmake_prefix_path.ps1'
[4.603s] INFO:colcon.colcon_core.shell:Creating environment descriptor '/home/urc/new-GUI/install/marker_interfacing/share/marker_interfacing/hook/cmake_prefix_path.dsv'
[4.603s] INFO:colcon.colcon_core.shell:Creating environment hook '/home/urc/new-GUI/install/marker_interfacing/share/marker_interfacing/hook/cmake_prefix_path.sh'
[4.604s] Level 1:colcon.colcon_core.environment:checking '/home/urc/new-GUI/install/marker_interfacing/lib'
[4.604s] Level 1:colcon.colcon_core.shell:create_environment_hook('marker_interfacing', 'ld_library_path_lib')
[4.631s] INFO:colcon.colcon_core.shell:Creating environment hook '/home/urc/new-GUI/install/marker_interfacing/share/marker_interfacing/hook/ld_library_path_lib.ps1'
[4.632s] INFO:colcon.colcon_core.shell:Creating environment descriptor '/home/urc/new-GUI/install/marker_interfacing/share/marker_interfacing/hook/ld_library_path_lib.dsv'
[4.632s] INFO:colcon.colcon_core.shell:Creating environment hook '/home/urc/new-GUI/install/marker_interfacing/share/marker_interfacing/hook/ld_library_path_lib.sh'
[4.632s] Level 1:colcon.colcon_core.environment:checking '/home/urc/new-GUI/install/marker_interfacing/bin'
[4.632s] Level 1:colcon.colcon_core.environment:checking '/home/urc/new-GUI/install/marker_interfacing/lib/pkgconfig/marker_interfacing.pc'
[4.633s] Level 1:colcon.colcon_core.environment:checking '/home/urc/new-GUI/install/marker_interfacing/lib/python3.10/site-packages'
[4.633s] Level 1:colcon.colcon_core.environment:checking '/home/urc/new-GUI/install/marker_interfacing/bin'
[4.657s] INFO:colcon.colcon_core.shell:Creating package script '/home/urc/new-GUI/install/marker_interfacing/share/marker_interfacing/package.ps1'
[4.658s] INFO:colcon.colcon_core.shell:Creating package descriptor '/home/urc/new-GUI/install/marker_interfacing/share/marker_interfacing/package.dsv'
[4.659s] INFO:colcon.colcon_core.shell:Creating package script '/home/urc/new-GUI/install/marker_interfacing/share/marker_interfacing/package.sh'
[4.659s] INFO:colcon.colcon_core.shell:Creating package script '/home/urc/new-GUI/install/marker_interfacing/share/marker_interfacing/package.bash'
[4.660s] INFO:colcon.colcon_core.shell:Creating package script '/home/urc/new-GUI/install/marker_interfacing/share/marker_interfacing/package.zsh'
[4.660s] Level 1:colcon.colcon_core.environment:create_file_with_runtime_dependencies(/home/urc/new-GUI/install/marker_interfacing/share/colcon-core/packages/marker_interfacing)
[4.864s] Level 1:colcon.colcon_core.environment:create_environment_scripts_only(theora_webcams)
[4.889s] Level 1:colcon.colcon_core.environment:checking '/home/urc/new-GUI/install/theora_webcams' for CMake module files
[4.890s] Level 1:colcon.colcon_core.environment:checking '/home/urc/new-GUI/install/theora_webcams' for CMake config files
[4.891s] Level 1:colcon.colcon_core.shell:create_environment_hook('theora_webcams', 'cmake_prefix_path')
[4.923s] INFO:colcon.colcon_core.shell:Creating environment hook '/home/urc/new-GUI/install/theora_webcams/share/theora_webcams/hook/cmake_prefix_path.ps1'
[4.923s] INFO:colcon.colcon_core.shell:Creating environment descriptor '/home/urc/new-GUI/install/theora_webcams/share/theora_webcams/hook/cmake_prefix_path.dsv'
[4.924s] INFO:colcon.colcon_core.shell:Creating environment hook '/home/urc/new-GUI/install/theora_webcams/share/theora_webcams/hook/cmake_prefix_path.sh'
[4.924s] Level 1:colcon.colcon_core.environment:checking '/home/urc/new-GUI/install/theora_webcams/lib'
[4.925s] Level 1:colcon.colcon_core.shell:create_environment_hook('theora_webcams', 'ld_library_path_lib')
[4.949s] INFO:colcon.colcon_core.shell:Creating environment hook '/home/urc/new-GUI/install/theora_webcams/share/theora_webcams/hook/ld_library_path_lib.ps1'
[4.950s] INFO:colcon.colcon_core.shell:Creating environment descriptor '/home/urc/new-GUI/install/theora_webcams/share/theora_webcams/hook/ld_library_path_lib.dsv'
[4.951s] INFO:colcon.colcon_core.shell:Creating environment hook '/home/urc/new-GUI/install/theora_webcams/share/theora_webcams/hook/ld_library_path_lib.sh'
[4.951s] Level 1:colcon.colcon_core.environment:checking '/home/urc/new-GUI/install/theora_webcams/bin'
[4.951s] Level 1:colcon.colcon_core.environment:checking '/home/urc/new-GUI/install/theora_webcams/lib/pkgconfig/theora_webcams.pc'
[4.952s] Level 1:colcon.colcon_core.environment:checking '/home/urc/new-GUI/install/theora_webcams/lib/python3.10/site-packages'
[4.952s] Level 1:colcon.colcon_core.environment:checking '/home/urc/new-GUI/install/theora_webcams/bin'
[4.981s] INFO:colcon.colcon_core.shell:Creating package script '/home/urc/new-GUI/install/theora_webcams/share/theora_webcams/package.ps1'
[4.982s] INFO:colcon.colcon_core.shell:Creating package descriptor '/home/urc/new-GUI/install/theora_webcams/share/theora_webcams/package.dsv'
[4.982s] INFO:colcon.colcon_core.shell:Creating package script '/home/urc/new-GUI/install/theora_webcams/share/theora_webcams/package.sh'
[4.983s] INFO:colcon.colcon_core.shell:Creating package script '/home/urc/new-GUI/install/theora_webcams/share/theora_webcams/package.bash'
[4.983s] INFO:colcon.colcon_core.shell:Creating package script '/home/urc/new-GUI/install/theora_webcams/share/theora_webcams/package.zsh'
[4.984s] Level 1:colcon.colcon_core.environment:create_file_with_runtime_dependencies(/home/urc/new-GUI/install/theora_webcams/share/colcon-core/packages/theora_webcams)
[5.055s] Level 1:colcon.colcon_core.environment:create_environment_scripts_only(marker_interfacing)
[5.079s] Level 1:colcon.colcon_core.environment:checking '/home/urc/new-GUI/install/marker_interfacing' for CMake module files
[5.080s] Level 1:colcon.colcon_core.environment:checking '/home/urc/new-GUI/install/marker_interfacing' for CMake config files
[5.081s] Level 1:colcon.colcon_core.shell:create_environment_hook('marker_interfacing', 'cmake_prefix_path')
[5.106s] INFO:colcon.colcon_core.shell:Creating environment hook '/home/urc/new-GUI/install/marker_interfacing/share/marker_interfacing/hook/cmake_prefix_path.ps1'
[5.107s] INFO:colcon.colcon_core.shell:Creating environment descriptor '/home/urc/new-GUI/install/marker_interfacing/share/marker_interfacing/hook/cmake_prefix_path.dsv'
[5.107s] INFO:colcon.colcon_core.shell:Creating environment hook '/home/urc/new-GUI/install/marker_interfacing/share/marker_interfacing/hook/cmake_prefix_path.sh'
[5.108s] Level 1:colcon.colcon_core.environment:checking '/home/urc/new-GUI/install/marker_interfacing/lib'
[5.108s] Level 1:colcon.colcon_core.shell:create_environment_hook('marker_interfacing', 'ld_library_path_lib')
[5.133s] INFO:colcon.colcon_core.shell:Creating environment hook '/home/urc/new-GUI/install/marker_interfacing/share/marker_interfacing/hook/ld_library_path_lib.ps1'
[5.134s] INFO:colcon.colcon_core.shell:Creating environment descriptor '/home/urc/new-GUI/install/marker_interfacing/share/marker_interfacing/hook/ld_library_path_lib.dsv'
[5.135s] INFO:colcon.colcon_core.shell:Creating environment hook '/home/urc/new-GUI/install/marker_interfacing/share/marker_interfacing/hook/ld_library_path_lib.sh'
[5.136s] Level 1:colcon.colcon_core.environment:checking '/home/urc/new-GUI/install/marker_interfacing/bin'
[5.136s] Level 1:colcon.colcon_core.environment:checking '/home/urc/new-GUI/install/marker_interfacing/lib/pkgconfig/marker_interfacing.pc'
[5.136s] Level 1:colcon.colcon_core.environment:checking '/home/urc/new-GUI/install/marker_interfacing/lib/python3.10/site-packages'
[5.137s] Level 1:colcon.colcon_core.environment:checking '/home/urc/new-GUI/install/marker_interfacing/bin'
[5.164s] INFO:colcon.colcon_core.shell:Creating package script '/home/urc/new-GUI/install/marker_interfacing/share/marker_interfacing/package.ps1'
[5.164s] INFO:colcon.colcon_core.shell:Creating package descriptor '/home/urc/new-GUI/install/marker_interfacing/share/marker_interfacing/package.dsv'
[5.165s] INFO:colcon.colcon_core.shell:Creating package script '/home/urc/new-GUI/install/marker_interfacing/share/marker_interfacing/package.sh'
[5.166s] INFO:colcon.colcon_core.shell:Creating package script '/home/urc/new-GUI/install/marker_interfacing/share/marker_interfacing/package.bash'
[5.166s] INFO:colcon.colcon_core.shell:Creating package script '/home/urc/new-GUI/install/marker_interfacing/share/marker_interfacing/package.zsh'
[5.167s] Level 1:colcon.colcon_core.environment:create_file_with_runtime_dependencies(/home/urc/new-GUI/install/marker_interfacing/share/colcon-core/packages/marker_interfacing)
[5.167s] INFO:colcon.colcon_ros.task.catkin.build:Building ROS package in '/home/urc/new-GUI/src/urc_gui_lib' with build type 'catkin'
[5.168s] INFO:colcon.colcon_cmake.task.cmake.build:Building CMake package in '/home/urc/new-GUI/src/urc_gui_lib'
[5.195s] INFO:colcon.colcon_core.shell:Skip shell extension 'powershell' for command environment: Not usable outside of PowerShell
[5.195s] DEBUG:colcon.colcon_core.shell:Skip shell extension 'dsv' for command environment
[5.285s] INFO:colcon.colcon_ros.task.ament_python.build:Building ROS package in '/home/urc/new-GUI/src/gui_window' with build type 'ament_python'
[5.286s] Level 1:colcon.colcon_core.shell:create_environment_hook('gui_window', 'ament_prefix_path')
[5.326s] INFO:colcon.colcon_core.shell:Creating environment hook '/home/urc/new-GUI/install/gui_window/share/gui_window/hook/ament_prefix_path.ps1'
[5.327s] INFO:colcon.colcon_core.shell:Creating environment descriptor '/home/urc/new-GUI/install/gui_window/share/gui_window/hook/ament_prefix_path.dsv'
[5.327s] INFO:colcon.colcon_core.shell:Creating environment hook '/home/urc/new-GUI/install/gui_window/share/gui_window/hook/ament_prefix_path.sh'
[5.353s] INFO:colcon.colcon_core.shell:Skip shell extension 'powershell' for command environment: Not usable outside of PowerShell
[5.353s] DEBUG:colcon.colcon_core.shell:Skip shell extension 'dsv' for command environment
[5.436s] DEBUG:colcon.colcon_core.event_handler.log_command:Invoking command in '/home/urc/new-GUI/build/urc_gui_lib': CMAKE_PREFIX_PATH=/home/urc/new-GUI/install/theora_webcams:/home/urc/new-GUI/install/marker_interfacing:/home/urc/new-GUI/install/aruco_finder LD_LIBRARY_PATH=/home/urc/new-GUI/install/theora_webcams/lib:/home/urc/new-GUI/install/marker_interfacing/lib:/home/urc/new-GUI/install/aruco_finder/lib:/opt/ros/humble/opt/rviz_ogre_vendor/lib:/opt/ros/humble/lib/x86_64-linux-gnu:/opt/ros/humble/lib /usr/bin/cmake /home/urc/new-GUI/src/urc_gui_lib -DCATKIN_INSTALL_INTO_PREFIX_ROOT=0 -DCMAKE_INSTALL_PREFIX=/home/urc/new-GUI/install/urc_gui_lib
[5.907s] INFO:colcon.colcon_core.task.python.build:Building Python package in '/home/urc/new-GUI/src/gui_window'
[5.933s] INFO:colcon.colcon_core.shell:Skip shell extension 'powershell' for command environment: Not usable outside of PowerShell
[5.933s] DEBUG:colcon.colcon_core.shell:Skip shell extension 'dsv' for command environment
[6.595s] DEBUG:colcon.colcon_core.event_handler.log_command:Invoking command in '/home/urc/new-GUI/src/gui_window': CMAKE_PREFIX_PATH=/home/urc/new-GUI/install/theora_webcams:/home/urc/new-GUI/install/marker_interfacing:/home/urc/new-GUI/install/aruco_finder LD_LIBRARY_PATH=/home/urc/new-GUI/install/theora_webcams/lib:/home/urc/new-GUI/install/marker_interfacing/lib:/home/urc/new-GUI/install/aruco_finder/lib:/opt/ros/humble/opt/rviz_ogre_vendor/lib:/opt/ros/humble/lib/x86_64-linux-gnu:/opt/ros/humble/lib PYTHONPATH=/home/urc/new-GUI/build/gui_window/prefix_override:/home/urc/new-GUI/install/gui_window/lib/python3.10/site-packages:${PYTHONPATH} /usr/bin/python3 setup.py egg_info --egg-base ../../build/gui_window build --build-base /home/urc/new-GUI/build/gui_window/build install --record /home/urc/new-GUI/build/gui_window/install.log --single-version-externally-managed
[7.121s] DEBUG:colcon.colcon_core.event_handler.log_command:Invoked command in '/home/urc/new-GUI/src/gui_window' returned '0': CMAKE_PREFIX_PATH=/home/urc/new-GUI/install/theora_webcams:/home/urc/new-GUI/install/marker_interfacing:/home/urc/new-GUI/install/aruco_finder LD_LIBRARY_PATH=/home/urc/new-GUI/install/theora_webcams/lib:/home/urc/new-GUI/install/marker_interfacing/lib:/home/urc/new-GUI/install/aruco_finder/lib:/opt/ros/humble/opt/rviz_ogre_vendor/lib:/opt/ros/humble/lib/x86_64-linux-gnu:/opt/ros/humble/lib PYTHONPATH=/home/urc/new-GUI/build/gui_window/prefix_override:/home/urc/new-GUI/install/gui_window/lib/python3.10/site-packages:${PYTHONPATH} /usr/bin/python3 setup.py egg_info --egg-base ../../build/gui_window build --build-base /home/urc/new-GUI/build/gui_window/build install --record /home/urc/new-GUI/build/gui_window/install.log --single-version-externally-managed
[7.147s] Level 1:colcon.colcon_core.environment:checking '/home/urc/new-GUI/install/gui_window' for CMake module files
[7.148s] Level 1:colcon.colcon_core.environment:checking '/home/urc/new-GUI/install/gui_window' for CMake config files
[7.149s] Level 1:colcon.colcon_core.environment:checking '/home/urc/new-GUI/install/gui_window/lib'
[7.149s] Level 1:colcon.colcon_core.environment:checking '/home/urc/new-GUI/install/gui_window/bin'
[7.150s] Level 1:colcon.colcon_core.environment:checking '/home/urc/new-GUI/install/gui_window/lib/pkgconfig/gui_window.pc'
[7.150s] Level 1:colcon.colcon_core.environment:checking '/home/urc/new-GUI/install/gui_window/lib/python3.10/site-packages'
[7.150s] Level 1:colcon.colcon_core.shell:create_environment_hook('gui_window', 'pythonpath')
[7.180s] INFO:colcon.colcon_core.shell:Creating environment hook '/home/urc/new-GUI/install/gui_window/share/gui_window/hook/pythonpath.ps1'
[7.182s] INFO:colcon.colcon_core.shell:Creating environment descriptor '/home/urc/new-GUI/install/gui_window/share/gui_window/hook/pythonpath.dsv'
[7.182s] INFO:colcon.colcon_core.shell:Creating environment hook '/home/urc/new-GUI/install/gui_window/share/gui_window/hook/pythonpath.sh'
[7.183s] Level 1:colcon.colcon_core.environment:checking '/home/urc/new-GUI/install/gui_window/bin'
[7.184s] Level 1:colcon.colcon_core.environment:create_environment_scripts_only(gui_window)
[7.208s] INFO:colcon.colcon_core.shell:Creating package script '/home/urc/new-GUI/install/gui_window/share/gui_window/package.ps1'
[7.208s] INFO:colcon.colcon_core.shell:Creating package descriptor '/home/urc/new-GUI/install/gui_window/share/gui_window/package.dsv'
[7.209s] INFO:colcon.colcon_core.shell:Creating package script '/home/urc/new-GUI/install/gui_window/share/gui_window/package.sh'
[7.210s] INFO:colcon.colcon_core.shell:Creating package script '/home/urc/new-GUI/install/gui_window/share/gui_window/package.bash'
[7.211s] INFO:colcon.colcon_core.shell:Creating package script '/home/urc/new-GUI/install/gui_window/share/gui_window/package.zsh'
[7.211s] Level 1:colcon.colcon_core.environment:create_file_with_runtime_dependencies(/home/urc/new-GUI/install/gui_window/share/colcon-core/packages/gui_window)
[8.430s] DEBUG:colcon.colcon_core.event_handler.log_command:Invoked command in '/home/urc/new-GUI/build/urc_gui_lib' returned '0': CMAKE_PREFIX_PATH=/home/urc/new-GUI/install/theora_webcams:/home/urc/new-GUI/install/marker_interfacing:/home/urc/new-GUI/install/aruco_finder LD_LIBRARY_PATH=/home/urc/new-GUI/install/theora_webcams/lib:/home/urc/new-GUI/install/marker_interfacing/lib:/home/urc/new-GUI/install/aruco_finder/lib:/opt/ros/humble/opt/rviz_ogre_vendor/lib:/opt/ros/humble/lib/x86_64-linux-gnu:/opt/ros/humble/lib /usr/bin/cmake /home/urc/new-GUI/src/urc_gui_lib -DCATKIN_INSTALL_INTO_PREFIX_ROOT=0 -DCMAKE_INSTALL_PREFIX=/home/urc/new-GUI/install/urc_gui_lib
[8.430s] DEBUG:colcon.colcon_core.event_handler.log_command:Invoking command in '/home/urc/new-GUI/build/urc_gui_lib': CMAKE_PREFIX_PATH=/home/urc/new-GUI/install/theora_webcams:/home/urc/new-GUI/install/marker_interfacing:/home/urc/new-GUI/install/aruco_finder LD_LIBRARY_PATH=/home/urc/new-GUI/install/theora_webcams/lib:/home/urc/new-GUI/install/marker_interfacing/lib:/home/urc/new-GUI/install/aruco_finder/lib:/opt/ros/humble/opt/rviz_ogre_vendor/lib:/opt/ros/humble/lib/x86_64-linux-gnu:/opt/ros/humble/lib /usr/bin/cmake --build /home/urc/new-GUI/build/urc_gui_lib -- -j4 -l4
[8.484s] DEBUG:colcon.colcon_core.event_handler.log_command:Invoked command in '/home/urc/new-GUI/build/urc_gui_lib' returned '0': CMAKE_PREFIX_PATH=/home/urc/new-GUI/install/theora_webcams:/home/urc/new-GUI/install/marker_interfacing:/home/urc/new-GUI/install/aruco_finder LD_LIBRARY_PATH=/home/urc/new-GUI/install/theora_webcams/lib:/home/urc/new-GUI/install/marker_interfacing/lib:/home/urc/new-GUI/install/aruco_finder/lib:/opt/ros/humble/opt/rviz_ogre_vendor/lib:/opt/ros/humble/lib/x86_64-linux-gnu:/opt/ros/humble/lib /usr/bin/cmake --build /home/urc/new-GUI/build/urc_gui_lib -- -j4 -l4
[8.538s] DEBUG:colcon.colcon_core.event_handler.log_command:Invoking command in '/home/urc/new-GUI/build/urc_gui_lib': CMAKE_PREFIX_PATH=/home/urc/new-GUI/install/theora_webcams:/home/urc/new-GUI/install/marker_interfacing:/home/urc/new-GUI/install/aruco_finder LD_LIBRARY_PATH=/home/urc/new-GUI/install/theora_webcams/lib:/home/urc/new-GUI/install/marker_interfacing/lib:/home/urc/new-GUI/install/aruco_finder/lib:/opt/ros/humble/opt/rviz_ogre_vendor/lib:/opt/ros/humble/lib/x86_64-linux-gnu:/opt/ros/humble/lib /usr/bin/cmake --install /home/urc/new-GUI/build/urc_gui_lib
[8.553s] DEBUG:colcon.colcon_core.event_handler.log_command:Invoked command in '/home/urc/new-GUI/build/urc_gui_lib' returned '0': CMAKE_PREFIX_PATH=/home/urc/new-GUI/install/theora_webcams:/home/urc/new-GUI/install/marker_interfacing:/home/urc/new-GUI/install/aruco_finder LD_LIBRARY_PATH=/home/urc/new-GUI/install/theora_webcams/lib:/home/urc/new-GUI/install/marker_interfacing/lib:/home/urc/new-GUI/install/aruco_finder/lib:/opt/ros/humble/opt/rviz_ogre_vendor/lib:/opt/ros/humble/lib/x86_64-linux-gnu:/opt/ros/humble/lib /usr/bin/cmake --install /home/urc/new-GUI/build/urc_gui_lib
[8.580s] Level 1:colcon.colcon_core.shell:create_environment_hook('urc_gui_lib', 'ros_package_path')
[8.607s] INFO:colcon.colcon_core.shell:Creating environment hook '/home/urc/new-GUI/install/urc_gui_lib/share/urc_gui_lib/hook/ros_package_path.ps1'
[8.608s] INFO:colcon.colcon_core.shell:Creating environment descriptor '/home/urc/new-GUI/install/urc_gui_lib/share/urc_gui_lib/hook/ros_package_path.dsv'
[8.609s] INFO:colcon.colcon_core.shell:Creating environment hook '/home/urc/new-GUI/install/urc_gui_lib/share/urc_gui_lib/hook/ros_package_path.sh'
[8.610s] Level 1:colcon.colcon_core.shell:create_environment_hook('urc_gui_lib', 'pkg_config_path')
[8.636s] INFO:colcon.colcon_core.shell:Creating environment hook '/home/urc/new-GUI/install/urc_gui_lib/share/urc_gui_lib/hook/pkg_config_path.ps1'
[8.636s] INFO:colcon.colcon_core.shell:Creating environment descriptor '/home/urc/new-GUI/install/urc_gui_lib/share/urc_gui_lib/hook/pkg_config_path.dsv'
[8.637s] INFO:colcon.colcon_core.shell:Creating environment hook '/home/urc/new-GUI/install/urc_gui_lib/share/urc_gui_lib/hook/pkg_config_path.sh'
[8.640s] Level 1:colcon.colcon_core.shell:create_environment_hook('urc_gui_lib', 'pkg_config_path_multiarch')
[8.666s] INFO:colcon.colcon_core.shell:Creating environment hook '/home/urc/new-GUI/install/urc_gui_lib/share/urc_gui_lib/hook/pkg_config_path_multiarch.ps1'
[8.667s] INFO:colcon.colcon_core.shell:Creating environment descriptor '/home/urc/new-GUI/install/urc_gui_lib/share/urc_gui_lib/hook/pkg_config_path_multiarch.dsv'
[8.667s] INFO:colcon.colcon_core.shell:Creating environment hook '/home/urc/new-GUI/install/urc_gui_lib/share/urc_gui_lib/hook/pkg_config_path_multiarch.sh'
[8.696s] Level 1:colcon.colcon_core.environment:create_environment_scripts_only(urc_gui_lib)
[8.725s] Level 1:colcon.colcon_core.environment:checking '/home/urc/new-GUI/install/urc_gui_lib' for CMake module files
[8.727s] Level 1:colcon.colcon_core.environment:checking '/home/urc/new-GUI/install/urc_gui_lib' for CMake config files
[8.727s] Level 1:colcon.colcon_core.shell:create_environment_hook('urc_gui_lib', 'cmake_prefix_path')
[8.752s] INFO:colcon.colcon_core.shell:Creating environment hook '/home/urc/new-GUI/install/urc_gui_lib/share/urc_gui_lib/hook/cmake_prefix_path.ps1'
[8.753s] INFO:colcon.colcon_core.shell:Creating environment descriptor '/home/urc/new-GUI/install/urc_gui_lib/share/urc_gui_lib/hook/cmake_prefix_path.dsv'
[8.754s] INFO:colcon.colcon_core.shell:Creating environment hook '/home/urc/new-GUI/install/urc_gui_lib/share/urc_gui_lib/hook/cmake_prefix_path.sh'
[8.755s] Level 1:colcon.colcon_core.environment:checking '/home/urc/new-GUI/install/urc_gui_lib/bin'
[8.755s] Level 1:colcon.colcon_core.environment:checking '/home/urc/new-GUI/install/urc_gui_lib/lib/pkgconfig/urc_gui_lib.pc'
[8.755s] Level 1:colcon.colcon_core.environment:checking '/home/urc/new-GUI/install/urc_gui_lib/lib/python3.10/site-packages'
[8.756s] Level 1:colcon.colcon_core.environment:checking '/home/urc/new-GUI/install/urc_gui_lib/bin'
[8.781s] INFO:colcon.colcon_core.shell:Creating package script '/home/urc/new-GUI/install/urc_gui_lib/share/urc_gui_lib/package.ps1'
[8.782s] INFO:colcon.colcon_core.shell:Creating package descriptor '/home/urc/new-GUI/install/urc_gui_lib/share/urc_gui_lib/package.dsv'
[8.783s] INFO:colcon.colcon_core.shell:Creating package script '/home/urc/new-GUI/install/urc_gui_lib/share/urc_gui_lib/package.sh'
[8.784s] INFO:colcon.colcon_core.shell:Creating package script '/home/urc/new-GUI/install/urc_gui_lib/share/urc_gui_lib/package.bash'
[8.784s] INFO:colcon.colcon_core.shell:Creating package script '/home/urc/new-GUI/install/urc_gui_lib/share/urc_gui_lib/package.zsh'
[8.785s] Level 1:colcon.colcon_core.environment:create_file_with_runtime_dependencies(/home/urc/new-GUI/install/urc_gui_lib/share/colcon-core/packages/urc_gui_lib)
[8.786s] INFO:colcon.colcon_ros.task.catkin.build:Building ROS package in '/home/urc/new-GUI/src/rover_gui_lib' with build type 'catkin'
[8.786s] INFO:colcon.colcon_cmake.task.cmake.build:Building CMake package in '/home/urc/new-GUI/src/rover_gui_lib'
[8.812s] INFO:colcon.colcon_core.shell:Skip shell extension 'powershell' for command environment: Not usable outside of PowerShell
[8.812s] DEBUG:colcon.colcon_core.shell:Skip shell extension 'dsv' for command environment
[8.909s] DEBUG:colcon.colcon_core.event_handler.log_command:Invoking command in '/home/urc/new-GUI/build/rover_gui_lib': CMAKE_PREFIX_PATH=/home/urc/new-GUI/install/urc_gui_lib:/home/urc/new-GUI/install/theora_webcams:/home/urc/new-GUI/install/marker_interfacing:/home/urc/new-GUI/install/aruco_finder LD_LIBRARY_PATH=/home/urc/new-GUI/install/theora_webcams/lib:/home/urc/new-GUI/install/marker_interfacing/lib:/home/urc/new-GUI/install/aruco_finder/lib:/opt/ros/humble/opt/rviz_ogre_vendor/lib:/opt/ros/humble/lib/x86_64-linux-gnu:/opt/ros/humble/lib PKG_CONFIG_PATH=/home/urc/new-GUI/install/urc_gui_lib/lib/x86_64-linux-gnu/pkgconfig:/home/urc/new-GUI/install/urc_gui_lib/lib/pkgconfig ROS_PACKAGE_PATH=/home/urc/new-GUI/install/urc_gui_lib/share /usr/bin/cmake /home/urc/new-GUI/src/rover_gui_lib -DCATKIN_INSTALL_INTO_PREFIX_ROOT=0 -DCMAKE_INSTALL_PREFIX=/home/urc/new-GUI/install/rover_gui_lib
[12.388s] DEBUG:colcon.colcon_core.event_handler.log_command:Invoked command in '/home/urc/new-GUI/build/rover_gui_lib' returned '0': CMAKE_PREFIX_PATH=/home/urc/new-GUI/install/urc_gui_lib:/home/urc/new-GUI/install/theora_webcams:/home/urc/new-GUI/install/marker_interfacing:/home/urc/new-GUI/install/aruco_finder LD_LIBRARY_PATH=/home/urc/new-GUI/install/theora_webcams/lib:/home/urc/new-GUI/install/marker_interfacing/lib:/home/urc/new-GUI/install/aruco_finder/lib:/opt/ros/humble/opt/rviz_ogre_vendor/lib:/opt/ros/humble/lib/x86_64-linux-gnu:/opt/ros/humble/lib PKG_CONFIG_PATH=/home/urc/new-GUI/install/urc_gui_lib/lib/x86_64-linux-gnu/pkgconfig:/home/urc/new-GUI/install/urc_gui_lib/lib/pkgconfig ROS_PACKAGE_PATH=/home/urc/new-GUI/install/urc_gui_lib/share /usr/bin/cmake /home/urc/new-GUI/src/rover_gui_lib -DCATKIN_INSTALL_INTO_PREFIX_ROOT=0 -DCMAKE_INSTALL_PREFIX=/home/urc/new-GUI/install/rover_gui_lib
[12.397s] DEBUG:colcon.colcon_core.event_handler.log_command:Invoking command in '/home/urc/new-GUI/build/rover_gui_lib': CMAKE_PREFIX_PATH=/home/urc/new-GUI/install/urc_gui_lib:/home/urc/new-GUI/install/theora_webcams:/home/urc/new-GUI/install/marker_interfacing:/home/urc/new-GUI/install/aruco_finder LD_LIBRARY_PATH=/home/urc/new-GUI/install/theora_webcams/lib:/home/urc/new-GUI/install/marker_interfacing/lib:/home/urc/new-GUI/install/aruco_finder/lib:/opt/ros/humble/opt/rviz_ogre_vendor/lib:/opt/ros/humble/lib/x86_64-linux-gnu:/opt/ros/humble/lib PKG_CONFIG_PATH=/home/urc/new-GUI/install/urc_gui_lib/lib/x86_64-linux-gnu/pkgconfig:/home/urc/new-GUI/install/urc_gui_lib/lib/pkgconfig ROS_PACKAGE_PATH=/home/urc/new-GUI/install/urc_gui_lib/share /usr/bin/cmake --build /home/urc/new-GUI/build/rover_gui_lib -- -j4 -l4
[17.077s] DEBUG:colcon.colcon_core.event_handler.log_command:Invoked command in '/home/urc/new-GUI/build/rover_gui_lib' returned '0': CMAKE_PREFIX_PATH=/home/urc/new-GUI/install/urc_gui_lib:/home/urc/new-GUI/install/theora_webcams:/home/urc/new-GUI/install/marker_interfacing:/home/urc/new-GUI/install/aruco_finder LD_LIBRARY_PATH=/home/urc/new-GUI/install/theora_webcams/lib:/home/urc/new-GUI/install/marker_interfacing/lib:/home/urc/new-GUI/install/aruco_finder/lib:/opt/ros/humble/opt/rviz_ogre_vendor/lib:/opt/ros/humble/lib/x86_64-linux-gnu:/opt/ros/humble/lib PKG_CONFIG_PATH=/home/urc/new-GUI/install/urc_gui_lib/lib/x86_64-linux-gnu/pkgconfig:/home/urc/new-GUI/install/urc_gui_lib/lib/pkgconfig ROS_PACKAGE_PATH=/home/urc/new-GUI/install/urc_gui_lib/share /usr/bin/cmake --build /home/urc/new-GUI/build/rover_gui_lib -- -j4 -l4
[17.269s] DEBUG:colcon.colcon_core.event_handler.log_command:Invoking command in '/home/urc/new-GUI/build/rover_gui_lib': CMAKE_PREFIX_PATH=/home/urc/new-GUI/install/urc_gui_lib:/home/urc/new-GUI/install/theora_webcams:/home/urc/new-GUI/install/marker_interfacing:/home/urc/new-GUI/install/aruco_finder LD_LIBRARY_PATH=/home/urc/new-GUI/install/theora_webcams/lib:/home/urc/new-GUI/install/marker_interfacing/lib:/home/urc/new-GUI/install/aruco_finder/lib:/opt/ros/humble/opt/rviz_ogre_vendor/lib:/opt/ros/humble/lib/x86_64-linux-gnu:/opt/ros/humble/lib PKG_CONFIG_PATH=/home/urc/new-GUI/install/urc_gui_lib/lib/x86_64-linux-gnu/pkgconfig:/home/urc/new-GUI/install/urc_gui_lib/lib/pkgconfig ROS_PACKAGE_PATH=/home/urc/new-GUI/install/urc_gui_lib/share /usr/bin/cmake --install /home/urc/new-GUI/build/rover_gui_lib
[17.366s] DEBUG:colcon.colcon_core.event_handler.log_command:Invoked command in '/home/urc/new-GUI/build/rover_gui_lib' returned '0': CMAKE_PREFIX_PATH=/home/urc/new-GUI/install/urc_gui_lib:/home/urc/new-GUI/install/theora_webcams:/home/urc/new-GUI/install/marker_interfacing:/home/urc/new-GUI/install/aruco_finder LD_LIBRARY_PATH=/home/urc/new-GUI/install/theora_webcams/lib:/home/urc/new-GUI/install/marker_interfacing/lib:/home/urc/new-GUI/install/aruco_finder/lib:/opt/ros/humble/opt/rviz_ogre_vendor/lib:/opt/ros/humble/lib/x86_64-linux-gnu:/opt/ros/humble/lib PKG_CONFIG_PATH=/home/urc/new-GUI/install/urc_gui_lib/lib/x86_64-linux-gnu/pkgconfig:/home/urc/new-GUI/install/urc_gui_lib/lib/pkgconfig ROS_PACKAGE_PATH=/home/urc/new-GUI/install/urc_gui_lib/share /usr/bin/cmake --install /home/urc/new-GUI/build/rover_gui_lib
[17.476s] Level 1:colcon.colcon_core.shell:create_environment_hook('rover_gui_lib', 'ros_package_path')
[17.500s] INFO:colcon.colcon_core.shell:Creating environment hook '/home/urc/new-GUI/install/rover_gui_lib/share/rover_gui_lib/hook/ros_package_path.ps1'
[17.500s] INFO:colcon.colcon_core.shell:Creating environment descriptor '/home/urc/new-GUI/install/rover_gui_lib/share/rover_gui_lib/hook/ros_package_path.dsv'
[17.501s] INFO:colcon.colcon_core.shell:Creating environment hook '/home/urc/new-GUI/install/rover_gui_lib/share/rover_gui_lib/hook/ros_package_path.sh'
[17.501s] Level 1:colcon.colcon_ros.task.catkin:checking '/home/urc/new-GUI/install/rover_gui_lib/local/lib/python3.10/dist-packages'
[17.501s] Level 1:colcon.colcon_core.shell:create_environment_hook('rover_gui_lib', 'catkin_pythonpath')
[17.528s] INFO:colcon.colcon_core.shell:Creating environment hook '/home/urc/new-GUI/install/rover_gui_lib/share/rover_gui_lib/hook/catkin_pythonpath.ps1'
[17.529s] INFO:colcon.colcon_core.shell:Creating environment descriptor '/home/urc/new-GUI/install/rover_gui_lib/share/rover_gui_lib/hook/catkin_pythonpath.dsv'
[17.529s] INFO:colcon.colcon_core.shell:Creating environment hook '/home/urc/new-GUI/install/rover_gui_lib/share/rover_gui_lib/hook/catkin_pythonpath.sh'
[17.530s] Level 1:colcon.colcon_core.shell:create_environment_hook('rover_gui_lib', 'pkg_config_path')
[17.553s] INFO:colcon.colcon_core.shell:Creating environment hook '/home/urc/new-GUI/install/rover_gui_lib/share/rover_gui_lib/hook/pkg_config_path.ps1'
[17.553s] INFO:colcon.colcon_core.shell:Creating environment descriptor '/home/urc/new-GUI/install/rover_gui_lib/share/rover_gui_lib/hook/pkg_config_path.dsv'
[17.554s] INFO:colcon.colcon_core.shell:Creating environment hook '/home/urc/new-GUI/install/rover_gui_lib/share/rover_gui_lib/hook/pkg_config_path.sh'
[17.554s] Level 1:colcon.colcon_core.shell:create_environment_hook('rover_gui_lib', 'pkg_config_path_multiarch')
[17.577s] INFO:colcon.colcon_core.shell:Creating environment hook '/home/urc/new-GUI/install/rover_gui_lib/share/rover_gui_lib/hook/pkg_config_path_multiarch.ps1'
[17.578s] INFO:colcon.colcon_core.shell:Creating environment descriptor '/home/urc/new-GUI/install/rover_gui_lib/share/rover_gui_lib/hook/pkg_config_path_multiarch.dsv'
[17.578s] INFO:colcon.colcon_core.shell:Creating environment hook '/home/urc/new-GUI/install/rover_gui_lib/share/rover_gui_lib/hook/pkg_config_path_multiarch.sh'
[17.602s] Level 1:colcon.colcon_core.environment:create_environment_scripts_only(rover_gui_lib)
[17.628s] Level 1:colcon.colcon_core.environment:checking '/home/urc/new-GUI/install/rover_gui_lib' for CMake module files
[17.629s] Level 1:colcon.colcon_core.environment:checking '/home/urc/new-GUI/install/rover_gui_lib' for CMake config files
[17.629s] Level 1:colcon.colcon_core.shell:create_environment_hook('rover_gui_lib', 'cmake_prefix_path')
[17.653s] INFO:colcon.colcon_core.shell:Creating environment hook '/home/urc/new-GUI/install/rover_gui_lib/share/rover_gui_lib/hook/cmake_prefix_path.ps1'
[17.653s] INFO:colcon.colcon_core.shell:Creating environment descriptor '/home/urc/new-GUI/install/rover_gui_lib/share/rover_gui_lib/hook/cmake_prefix_path.dsv'
[17.654s] INFO:colcon.colcon_core.shell:Creating environment hook '/home/urc/new-GUI/install/rover_gui_lib/share/rover_gui_lib/hook/cmake_prefix_path.sh'
[17.654s] Level 1:colcon.colcon_core.environment:checking '/home/urc/new-GUI/install/rover_gui_lib/lib'
[17.654s] Level 1:colcon.colcon_core.shell:create_environment_hook('rover_gui_lib', 'ld_library_path_lib')
[17.677s] INFO:colcon.colcon_core.shell:Creating environment hook '/home/urc/new-GUI/install/rover_gui_lib/share/rover_gui_lib/hook/ld_library_path_lib.ps1'
[17.678s] INFO:colcon.colcon_core.shell:Creating environment descriptor '/home/urc/new-GUI/install/rover_gui_lib/share/rover_gui_lib/hook/ld_library_path_lib.dsv'
[17.678s] INFO:colcon.colcon_core.shell:Creating environment hook '/home/urc/new-GUI/install/rover_gui_lib/share/rover_gui_lib/hook/ld_library_path_lib.sh'
[17.679s] Level 1:colcon.colcon_core.environment:checking '/home/urc/new-GUI/install/rover_gui_lib/bin'
[17.679s] Level 1:colcon.colcon_core.environment:checking '/home/urc/new-GUI/install/rover_gui_lib/lib/pkgconfig/rover_gui_lib.pc'
[17.679s] Level 1:colcon.colcon_core.environment:checking '/home/urc/new-GUI/install/rover_gui_lib/lib/python3.10/site-packages'
[17.679s] Level 1:colcon.colcon_core.environment:checking '/home/urc/new-GUI/install/rover_gui_lib/bin'
[17.703s] INFO:colcon.colcon_core.shell:Creating package script '/home/urc/new-GUI/install/rover_gui_lib/share/rover_gui_lib/package.ps1'
[17.704s] INFO:colcon.colcon_core.shell:Creating package descriptor '/home/urc/new-GUI/install/rover_gui_lib/share/rover_gui_lib/package.dsv'
[17.705s] INFO:colcon.colcon_core.shell:Creating package script '/home/urc/new-GUI/install/rover_gui_lib/share/rover_gui_lib/package.sh'
[17.705s] INFO:colcon.colcon_core.shell:Creating package script '/home/urc/new-GUI/install/rover_gui_lib/share/rover_gui_lib/package.bash'
[17.707s] INFO:colcon.colcon_core.shell:Creating package script '/home/urc/new-GUI/install/rover_gui_lib/share/rover_gui_lib/package.zsh'
[17.708s] Level 1:colcon.colcon_core.environment:create_file_with_runtime_dependencies(/home/urc/new-GUI/install/rover_gui_lib/share/colcon-core/packages/rover_gui_lib)
[17.708s] DEBUG:colcon.colcon_parallel_executor.executor.parallel:closing loop
[17.708s] DEBUG:colcon.colcon_parallel_executor.executor.parallel:loop closed
[17.709s] DEBUG:colcon.colcon_parallel_executor.executor.parallel:run_until_complete finished with '0'
[17.709s] DEBUG:colcon.colcon_core.event_reactor:joining thread
[17.752s] INFO:colcon.colcon_core.plugin_system:Skipping extension 'colcon_notification.desktop_notification.terminal_notifier': Not used on non-Darwin systems
[17.752s] INFO:colcon.colcon_core.plugin_system:Skipping extension 'colcon_notification.desktop_notification.win32': Not used on non-Windows systems
[17.752s] INFO:colcon.colcon_notification.desktop_notification:Sending desktop notification using 'notify2'
[17.769s] DEBUG:colcon.colcon_core.event_reactor:joined thread
[17.796s] INFO:colcon.colcon_core.shell:Creating prefix script '/home/urc/new-GUI/install/local_setup.ps1'
[17.798s] INFO:colcon.colcon_core.shell:Creating prefix util module '/home/urc/new-GUI/install/_local_setup_util_ps1.py'
[17.801s] INFO:colcon.colcon_core.shell:Creating prefix chain script '/home/urc/new-GUI/install/setup.ps1'
[17.833s] INFO:colcon.colcon_core.shell:Creating prefix script '/home/urc/new-GUI/install/local_setup.sh'
[17.834s] INFO:colcon.colcon_core.shell:Creating prefix util module '/home/urc/new-GUI/install/_local_setup_util_sh.py'
[17.834s] INFO:colcon.colcon_core.shell:Creating prefix chain script '/home/urc/new-GUI/install/setup.sh'
[17.859s] INFO:colcon.colcon_core.shell:Creating prefix script '/home/urc/new-GUI/install/local_setup.bash'
[17.860s] INFO:colcon.colcon_core.shell:Creating prefix chain script '/home/urc/new-GUI/install/setup.bash'
[17.884s] INFO:colcon.colcon_core.shell:Creating prefix script '/home/urc/new-GUI/install/local_setup.zsh'
[17.885s] INFO:colcon.colcon_core.shell:Creating prefix chain script '/home/urc/new-GUI/install/setup.zsh'
