[0.629s] Invoking command in '/home/urc/new_GUI/build/aruco_finder': CMAKE_PREFIX_PATH=/home/urc/test_ws/install/turtle_test:/home/urc/test_ws/install/roslink_test:/home/urc/new_GUI/install/gui_window:/opt/ros/humble:${CMAKE_PREFIX_PATH} /usr/bin/cmake --build /home/urc/new_GUI/build/aruco_finder -- -j4 -l4
[1.004s] [  2%] Built target aruco_finder__cpp
[1.038s] [ 12%] Built target aruco_finder__rosidl_generator_c
[1.046s] [ 12%] Built target ament_cmake_python_copy_aruco_finder
[1.112s] [ 23%] Built target aruco_finder__rosidl_typesupport_cpp
[1.188s] [ 33%] Built target aruco_finder__rosidl_typesupport_fastrtps_cpp
[1.209s] [ 43%] Built target aruco_finder__rosidl_typesupport_fastrtps_c
[1.227s] [ 53%] Built target aruco_finder__rosidl_typesupport_introspection_cpp
[1.360s] [ 64%] Built target aruco_finder__rosidl_typesupport_introspection_c
[1.412s] [ 74%] Built target aruco_finder__rosidl_typesupport_c
[1.628s] [ 74%] Built target aruco_finder
[1.724s] [ 76%] Built target aruco_finder__py
[1.974s] [ 84%] Built target aruco_finder__rosidl_generator_py
[2.164s] [ 89%] Built target aruco_finder__rosidl_typesupport_introspection_c__pyext
[2.169s] [ 94%] Built target aruco_finder__rosidl_typesupport_fastrtps_c__pyext
[2.377s] [100%] Built target aruco_finder__rosidl_typesupport_c__pyext
[2.843s] running egg_info
[2.858s] writing aruco_finder.egg-info/PKG-INFO
[2.859s] writing dependency_links to aruco_finder.egg-info/dependency_links.txt
[2.859s] writing top-level names to aruco_finder.egg-info/top_level.txt
[2.863s] reading manifest file 'aruco_finder.egg-info/SOURCES.txt'
[2.873s] writing manifest file 'aruco_finder.egg-info/SOURCES.txt'
[2.982s] [100%] Built target ament_cmake_python_build_aruco_finder_egg
[3.031s] Invoked command in '/home/urc/new_GUI/build/aruco_finder' returned '0': CMAKE_PREFIX_PATH=/home/urc/test_ws/install/turtle_test:/home/urc/test_ws/install/roslink_test:/home/urc/new_GUI/install/gui_window:/opt/ros/humble:${CMAKE_PREFIX_PATH} /usr/bin/cmake --build /home/urc/new_GUI/build/aruco_finder -- -j4 -l4
[3.317s] Invoking command in '/home/urc/new_GUI/build/aruco_finder': CMAKE_PREFIX_PATH=/home/urc/test_ws/install/turtle_test:/home/urc/test_ws/install/roslink_test:/home/urc/new_GUI/install/gui_window:/opt/ros/humble:${CMAKE_PREFIX_PATH} /usr/bin/cmake --install /home/urc/new_GUI/build/aruco_finder
[3.336s] -- Install configuration: ""
[3.338s] -- Up-to-date: /home/urc/new_GUI/install/aruco_finder/share/ament_index/resource_index/rosidl_interfaces/aruco_finder
[3.339s] -- Up-to-date: /home/urc/new_GUI/install/aruco_finder/include/aruco_finder/aruco_finder
[3.339s] -- Up-to-date: /home/urc/new_GUI/install/aruco_finder/include/aruco_finder/aruco_finder/msg
[3.339s] -- Up-to-date: /home/urc/new_GUI/install/aruco_finder/include/aruco_finder/aruco_finder/msg/found_marker.h
[3.339s] -- Up-to-date: /home/urc/new_GUI/install/aruco_finder/include/aruco_finder/aruco_finder/msg/found_marker_list.h
[3.339s] -- Up-to-date: /home/urc/new_GUI/install/aruco_finder/include/aruco_finder/aruco_finder/msg/rosidl_generator_c__visibility_control.h
[3.339s] -- Up-to-date: /home/urc/new_GUI/install/aruco_finder/include/aruco_finder/aruco_finder/msg/detail
[3.339s] -- Up-to-date: /home/urc/new_GUI/install/aruco_finder/include/aruco_finder/aruco_finder/msg/detail/found_marker__functions.c
[3.339s] -- Up-to-date: /home/urc/new_GUI/install/aruco_finder/include/aruco_finder/aruco_finder/msg/detail/found_marker__functions.h
[3.340s] -- Up-to-date: /home/urc/new_GUI/install/aruco_finder/include/aruco_finder/aruco_finder/msg/detail/found_marker_list__struct.h
[3.340s] -- Up-to-date: /home/urc/new_GUI/install/aruco_finder/include/aruco_finder/aruco_finder/msg/detail/found_marker__struct.h
[3.340s] -- Up-to-date: /home/urc/new_GUI/install/aruco_finder/include/aruco_finder/aruco_finder/msg/detail/found_marker_list__functions.h
[3.340s] -- Up-to-date: /home/urc/new_GUI/install/aruco_finder/include/aruco_finder/aruco_finder/msg/detail/found_marker_list__type_support.h
[3.348s] -- Up-to-date: /home/urc/new_GUI/install/aruco_finder/include/aruco_finder/aruco_finder/msg/detail/found_marker__type_support.h
[3.348s] -- Up-to-date: /home/urc/new_GUI/install/aruco_finder/include/aruco_finder/aruco_finder/msg/detail/found_marker_list__functions.c
[3.348s] -- Up-to-date: /home/urc/new_GUI/install/aruco_finder/share/aruco_finder/environment/library_path.sh
[3.348s] -- Up-to-date: /home/urc/new_GUI/install/aruco_finder/share/aruco_finder/environment/library_path.dsv
[3.351s] -- Up-to-date: /home/urc/new_GUI/install/aruco_finder/lib/libaruco_finder__rosidl_generator_c.so
[3.351s] -- Up-to-date: /home/urc/new_GUI/install/aruco_finder/include/aruco_finder/aruco_finder
[3.352s] -- Up-to-date: /home/urc/new_GUI/install/aruco_finder/include/aruco_finder/aruco_finder/msg
[3.352s] -- Up-to-date: /home/urc/new_GUI/install/aruco_finder/include/aruco_finder/aruco_finder/msg/rosidl_typesupport_fastrtps_c__visibility_control.h
[3.352s] -- Up-to-date: /home/urc/new_GUI/install/aruco_finder/include/aruco_finder/aruco_finder/msg/detail
[3.352s] -- Up-to-date: /home/urc/new_GUI/install/aruco_finder/include/aruco_finder/aruco_finder/msg/detail/found_marker_list__rosidl_typesupport_fastrtps_c.h
[3.352s] -- Up-to-date: /home/urc/new_GUI/install/aruco_finder/include/aruco_finder/aruco_finder/msg/detail/found_marker__rosidl_typesupport_fastrtps_c.h
[3.352s] -- Up-to-date: /home/urc/new_GUI/install/aruco_finder/lib/libaruco_finder__rosidl_typesupport_fastrtps_c.so
[3.352s] -- Up-to-date: /home/urc/new_GUI/install/aruco_finder/include/aruco_finder/aruco_finder
[3.352s] -- Up-to-date: /home/urc/new_GUI/install/aruco_finder/include/aruco_finder/aruco_finder/msg
[3.353s] -- Up-to-date: /home/urc/new_GUI/install/aruco_finder/include/aruco_finder/aruco_finder/msg/rosidl_typesupport_introspection_c__visibility_control.h
[3.355s] -- Up-to-date: /home/urc/new_GUI/install/aruco_finder/include/aruco_finder/aruco_finder/msg/detail
[3.356s] -- Up-to-date: /home/urc/new_GUI/install/aruco_finder/include/aruco_finder/aruco_finder/msg/detail/found_marker__rosidl_typesupport_introspection_c.h
[3.356s] -- Up-to-date: /home/urc/new_GUI/install/aruco_finder/include/aruco_finder/aruco_finder/msg/detail/found_marker_list__type_support.c
[3.356s] -- Up-to-date: /home/urc/new_GUI/install/aruco_finder/include/aruco_finder/aruco_finder/msg/detail/found_marker__type_support.c
[3.356s] -- Up-to-date: /home/urc/new_GUI/install/aruco_finder/include/aruco_finder/aruco_finder/msg/detail/found_marker_list__rosidl_typesupport_introspection_c.h
[3.356s] -- Up-to-date: /home/urc/new_GUI/install/aruco_finder/lib/libaruco_finder__rosidl_typesupport_introspection_c.so
[3.356s] -- Up-to-date: /home/urc/new_GUI/install/aruco_finder/lib/libaruco_finder__rosidl_typesupport_c.so
[3.356s] -- Up-to-date: /home/urc/new_GUI/install/aruco_finder/include/aruco_finder/aruco_finder
[3.356s] -- Up-to-date: /home/urc/new_GUI/install/aruco_finder/include/aruco_finder/aruco_finder/msg
[3.356s] -- Up-to-date: /home/urc/new_GUI/install/aruco_finder/include/aruco_finder/aruco_finder/msg/found_marker.hpp
[3.357s] -- Up-to-date: /home/urc/new_GUI/install/aruco_finder/include/aruco_finder/aruco_finder/msg/found_marker_list.hpp
[3.357s] -- Up-to-date: /home/urc/new_GUI/install/aruco_finder/include/aruco_finder/aruco_finder/msg/detail
[3.357s] -- Up-to-date: /home/urc/new_GUI/install/aruco_finder/include/aruco_finder/aruco_finder/msg/detail/found_marker__builder.hpp
[3.357s] -- Up-to-date: /home/urc/new_GUI/install/aruco_finder/include/aruco_finder/aruco_finder/msg/detail/found_marker_list__struct.hpp
[3.357s] -- Up-to-date: /home/urc/new_GUI/install/aruco_finder/include/aruco_finder/aruco_finder/msg/detail/found_marker__traits.hpp
[3.357s] -- Up-to-date: /home/urc/new_GUI/install/aruco_finder/include/aruco_finder/aruco_finder/msg/detail/found_marker_list__builder.hpp
[3.357s] -- Up-to-date: /home/urc/new_GUI/install/aruco_finder/include/aruco_finder/aruco_finder/msg/detail/found_marker__struct.hpp
[3.358s] -- Up-to-date: /home/urc/new_GUI/install/aruco_finder/include/aruco_finder/aruco_finder/msg/detail/found_marker_list__traits.hpp
[3.358s] -- Up-to-date: /home/urc/new_GUI/install/aruco_finder/include/aruco_finder/aruco_finder
[3.358s] -- Up-to-date: /home/urc/new_GUI/install/aruco_finder/include/aruco_finder/aruco_finder/msg
[3.368s] -- Up-to-date: /home/urc/new_GUI/install/aruco_finder/include/aruco_finder/aruco_finder/msg/rosidl_typesupport_fastrtps_cpp__visibility_control.h
[3.368s] -- Up-to-date: /home/urc/new_GUI/install/aruco_finder/include/aruco_finder/aruco_finder/msg/detail
[3.368s] -- Up-to-date: /home/urc/new_GUI/install/aruco_finder/include/aruco_finder/aruco_finder/msg/detail/found_marker__rosidl_typesupport_fastrtps_cpp.hpp
[3.368s] -- Up-to-date: /home/urc/new_GUI/install/aruco_finder/include/aruco_finder/aruco_finder/msg/detail/found_marker_list__rosidl_typesupport_fastrtps_cpp.hpp
[3.368s] -- Up-to-date: /home/urc/new_GUI/install/aruco_finder/include/aruco_finder/aruco_finder/msg/detail/dds_fastrtps
[3.368s] -- Up-to-date: /home/urc/new_GUI/install/aruco_finder/lib/libaruco_finder__rosidl_typesupport_fastrtps_cpp.so
[3.369s] -- Up-to-date: /home/urc/new_GUI/install/aruco_finder/include/aruco_finder/aruco_finder
[3.369s] -- Up-to-date: /home/urc/new_GUI/install/aruco_finder/include/aruco_finder/aruco_finder/msg
[3.369s] -- Up-to-date: /home/urc/new_GUI/install/aruco_finder/include/aruco_finder/aruco_finder/msg/detail
[3.369s] -- Up-to-date: /home/urc/new_GUI/install/aruco_finder/include/aruco_finder/aruco_finder/msg/detail/found_marker_list__type_support.cpp
[3.369s] -- Up-to-date: /home/urc/new_GUI/install/aruco_finder/include/aruco_finder/aruco_finder/msg/detail/found_marker_list__rosidl_typesupport_introspection_cpp.hpp
[3.369s] -- Up-to-date: /home/urc/new_GUI/install/aruco_finder/include/aruco_finder/aruco_finder/msg/detail/found_marker__type_support.cpp
[3.369s] -- Up-to-date: /home/urc/new_GUI/install/aruco_finder/include/aruco_finder/aruco_finder/msg/detail/found_marker__rosidl_typesupport_introspection_cpp.hpp
[3.369s] -- Up-to-date: /home/urc/new_GUI/install/aruco_finder/lib/libaruco_finder__rosidl_typesupport_introspection_cpp.so
[3.369s] -- Up-to-date: /home/urc/new_GUI/install/aruco_finder/lib/libaruco_finder__rosidl_typesupport_cpp.so
[3.370s] -- Up-to-date: /home/urc/new_GUI/install/aruco_finder/share/aruco_finder/environment/pythonpath.sh
[3.370s] -- Up-to-date: /home/urc/new_GUI/install/aruco_finder/share/aruco_finder/environment/pythonpath.dsv
[3.370s] -- Up-to-date: /home/urc/new_GUI/install/aruco_finder/local/lib/python3.10/dist-packages/aruco_finder-0.0.0-py3.10.egg-info
[3.370s] -- Installing: /home/urc/new_GUI/install/aruco_finder/local/lib/python3.10/dist-packages/aruco_finder-0.0.0-py3.10.egg-info/PKG-INFO
[3.370s] -- Installing: /home/urc/new_GUI/install/aruco_finder/local/lib/python3.10/dist-packages/aruco_finder-0.0.0-py3.10.egg-info/dependency_links.txt
[3.370s] -- Installing: /home/urc/new_GUI/install/aruco_finder/local/lib/python3.10/dist-packages/aruco_finder-0.0.0-py3.10.egg-info/top_level.txt
[3.370s] -- Installing: /home/urc/new_GUI/install/aruco_finder/local/lib/python3.10/dist-packages/aruco_finder-0.0.0-py3.10.egg-info/SOURCES.txt
[3.370s] -- Up-to-date: /home/urc/new_GUI/install/aruco_finder/local/lib/python3.10/dist-packages/aruco_finder
[3.371s] -- Up-to-date: /home/urc/new_GUI/install/aruco_finder/local/lib/python3.10/dist-packages/aruco_finder/msg
[3.371s] -- Up-to-date: /home/urc/new_GUI/install/aruco_finder/local/lib/python3.10/dist-packages/aruco_finder/msg/_found_marker_list.py
[3.371s] -- Up-to-date: /home/urc/new_GUI/install/aruco_finder/local/lib/python3.10/dist-packages/aruco_finder/msg/__init__.py
[3.371s] -- Up-to-date: /home/urc/new_GUI/install/aruco_finder/local/lib/python3.10/dist-packages/aruco_finder/msg/_found_marker_list_s.c
[3.371s] -- Up-to-date: /home/urc/new_GUI/install/aruco_finder/local/lib/python3.10/dist-packages/aruco_finder/msg/_found_marker.py
[3.379s] -- Up-to-date: /home/urc/new_GUI/install/aruco_finder/local/lib/python3.10/dist-packages/aruco_finder/msg/_found_marker_s.c
[3.379s] -- Up-to-date: /home/urc/new_GUI/install/aruco_finder/local/lib/python3.10/dist-packages/aruco_finder/libaruco_finder__rosidl_generator_py.so
[3.379s] -- Up-to-date: /home/urc/new_GUI/install/aruco_finder/local/lib/python3.10/dist-packages/aruco_finder/__init__.py
[3.379s] -- Up-to-date: /home/urc/new_GUI/install/aruco_finder/local/lib/python3.10/dist-packages/aruco_finder/aruco_finder_s__rosidl_typesupport_introspection_c.cpython-310-x86_64-linux-gnu.so
[3.380s] -- Up-to-date: /home/urc/new_GUI/install/aruco_finder/local/lib/python3.10/dist-packages/aruco_finder/aruco_finder_s__rosidl_typesupport_c.cpython-310-x86_64-linux-gnu.so
[3.380s] -- Up-to-date: /home/urc/new_GUI/install/aruco_finder/local/lib/python3.10/dist-packages/aruco_finder/aruco_finder_s__rosidl_typesupport_fastrtps_c.cpython-310-x86_64-linux-gnu.so
[3.380s] -- Up-to-date: /home/urc/new_GUI/install/aruco_finder/local/lib/python3.10/dist-packages/aruco_finder/_aruco_finder_s.ep.rosidl_typesupport_c.c
[3.380s] -- Up-to-date: /home/urc/new_GUI/install/aruco_finder/local/lib/python3.10/dist-packages/aruco_finder/_aruco_finder_s.ep.rosidl_typesupport_fastrtps_c.c
[3.380s] -- Up-to-date: /home/urc/new_GUI/install/aruco_finder/local/lib/python3.10/dist-packages/aruco_finder/_aruco_finder_s.ep.rosidl_typesupport_introspection_c.c
[3.443s] Listing '/home/urc/new_GUI/install/aruco_finder/local/lib/python3.10/dist-packages/aruco_finder'...
[3.443s] Listing '/home/urc/new_GUI/install/aruco_finder/local/lib/python3.10/dist-packages/aruco_finder/msg'...
[3.451s] -- Up-to-date: /home/urc/new_GUI/install/aruco_finder/local/lib/python3.10/dist-packages/aruco_finder/aruco_finder_s__rosidl_typesupport_fastrtps_c.cpython-310-x86_64-linux-gnu.so
[3.452s] -- Up-to-date: /home/urc/new_GUI/install/aruco_finder/local/lib/python3.10/dist-packages/aruco_finder/aruco_finder_s__rosidl_typesupport_introspection_c.cpython-310-x86_64-linux-gnu.so
[3.452s] -- Up-to-date: /home/urc/new_GUI/install/aruco_finder/local/lib/python3.10/dist-packages/aruco_finder/aruco_finder_s__rosidl_typesupport_c.cpython-310-x86_64-linux-gnu.so
[3.453s] -- Up-to-date: /home/urc/new_GUI/install/aruco_finder/lib/libaruco_finder__rosidl_generator_py.so
[3.454s] -- Up-to-date: /home/urc/new_GUI/install/aruco_finder/share/aruco_finder/msg/FoundMarker.idl
[3.459s] -- Up-to-date: /home/urc/new_GUI/install/aruco_finder/share/aruco_finder/msg/FoundMarkerList.idl
[3.460s] -- Up-to-date: /home/urc/new_GUI/install/aruco_finder/share/aruco_finder/msg/FoundMarker.msg
[3.461s] -- Up-to-date: /home/urc/new_GUI/install/aruco_finder/share/aruco_finder/msg/FoundMarkerList.msg
[3.461s] -- Up-to-date: /home/urc/new_GUI/install/aruco_finder/share/ament_index/resource_index/package_run_dependencies/aruco_finder
[3.461s] -- Up-to-date: /home/urc/new_GUI/install/aruco_finder/share/ament_index/resource_index/parent_prefix_path/aruco_finder
[3.461s] -- Up-to-date: /home/urc/new_GUI/install/aruco_finder/share/aruco_finder/environment/ament_prefix_path.sh
[3.461s] -- Up-to-date: /home/urc/new_GUI/install/aruco_finder/share/aruco_finder/environment/ament_prefix_path.dsv
[3.461s] -- Up-to-date: /home/urc/new_GUI/install/aruco_finder/share/aruco_finder/environment/path.sh
[3.463s] -- Up-to-date: /home/urc/new_GUI/install/aruco_finder/share/aruco_finder/environment/path.dsv
[3.464s] -- Up-to-date: /home/urc/new_GUI/install/aruco_finder/share/aruco_finder/local_setup.bash
[3.464s] -- Up-to-date: /home/urc/new_GUI/install/aruco_finder/share/aruco_finder/local_setup.sh
[3.464s] -- Up-to-date: /home/urc/new_GUI/install/aruco_finder/share/aruco_finder/local_setup.zsh
[3.464s] -- Up-to-date: /home/urc/new_GUI/install/aruco_finder/share/aruco_finder/local_setup.dsv
[3.465s] -- Installing: /home/urc/new_GUI/install/aruco_finder/share/aruco_finder/package.dsv
[3.465s] -- Up-to-date: /home/urc/new_GUI/install/aruco_finder/share/ament_index/resource_index/packages/aruco_finder
[3.465s] -- Up-to-date: /home/urc/new_GUI/install/aruco_finder/share/aruco_finder/cmake/export_aruco_finder__rosidl_generator_cExport.cmake
[3.465s] -- Up-to-date: /home/urc/new_GUI/install/aruco_finder/share/aruco_finder/cmake/export_aruco_finder__rosidl_generator_cExport-noconfig.cmake
[3.465s] -- Up-to-date: /home/urc/new_GUI/install/aruco_finder/share/aruco_finder/cmake/export_aruco_finder__rosidl_typesupport_fastrtps_cExport.cmake
[3.465s] -- Up-to-date: /home/urc/new_GUI/install/aruco_finder/share/aruco_finder/cmake/export_aruco_finder__rosidl_typesupport_fastrtps_cExport-noconfig.cmake
[3.465s] -- Up-to-date: /home/urc/new_GUI/install/aruco_finder/share/aruco_finder/cmake/aruco_finder__rosidl_typesupport_introspection_cExport.cmake
[3.465s] -- Up-to-date: /home/urc/new_GUI/install/aruco_finder/share/aruco_finder/cmake/aruco_finder__rosidl_typesupport_introspection_cExport-noconfig.cmake
[3.465s] -- Up-to-date: /home/urc/new_GUI/install/aruco_finder/share/aruco_finder/cmake/aruco_finder__rosidl_typesupport_cExport.cmake
[3.466s] -- Up-to-date: /home/urc/new_GUI/install/aruco_finder/share/aruco_finder/cmake/aruco_finder__rosidl_typesupport_cExport-noconfig.cmake
[3.466s] -- Up-to-date: /home/urc/new_GUI/install/aruco_finder/share/aruco_finder/cmake/export_aruco_finder__rosidl_generator_cppExport.cmake
[3.466s] -- Up-to-date: /home/urc/new_GUI/install/aruco_finder/share/aruco_finder/cmake/export_aruco_finder__rosidl_typesupport_fastrtps_cppExport.cmake
[3.466s] -- Up-to-date: /home/urc/new_GUI/install/aruco_finder/share/aruco_finder/cmake/export_aruco_finder__rosidl_typesupport_fastrtps_cppExport-noconfig.cmake
[3.466s] -- Up-to-date: /home/urc/new_GUI/install/aruco_finder/share/aruco_finder/cmake/aruco_finder__rosidl_typesupport_introspection_cppExport.cmake
[3.466s] -- Up-to-date: /home/urc/new_GUI/install/aruco_finder/share/aruco_finder/cmake/aruco_finder__rosidl_typesupport_introspection_cppExport-noconfig.cmake
[3.466s] -- Up-to-date: /home/urc/new_GUI/install/aruco_finder/share/aruco_finder/cmake/aruco_finder__rosidl_typesupport_cppExport.cmake
[3.467s] -- Up-to-date: /home/urc/new_GUI/install/aruco_finder/share/aruco_finder/cmake/aruco_finder__rosidl_typesupport_cppExport-noconfig.cmake
[3.467s] -- Up-to-date: /home/urc/new_GUI/install/aruco_finder/share/aruco_finder/cmake/export_aruco_finder__rosidl_generator_pyExport.cmake
[3.467s] -- Up-to-date: /home/urc/new_GUI/install/aruco_finder/share/aruco_finder/cmake/export_aruco_finder__rosidl_generator_pyExport-noconfig.cmake
[3.467s] -- Up-to-date: /home/urc/new_GUI/install/aruco_finder/share/aruco_finder/cmake/rosidl_cmake-extras.cmake
[3.467s] -- Up-to-date: /home/urc/new_GUI/install/aruco_finder/share/aruco_finder/cmake/ament_cmake_export_dependencies-extras.cmake
[3.467s] -- Up-to-date: /home/urc/new_GUI/install/aruco_finder/share/aruco_finder/cmake/ament_cmake_export_include_directories-extras.cmake
[3.467s] -- Up-to-date: /home/urc/new_GUI/install/aruco_finder/share/aruco_finder/cmake/ament_cmake_export_libraries-extras.cmake
[3.468s] -- Up-to-date: /home/urc/new_GUI/install/aruco_finder/share/aruco_finder/cmake/ament_cmake_export_targets-extras.cmake
[3.468s] -- Up-to-date: /home/urc/new_GUI/install/aruco_finder/share/aruco_finder/cmake/rosidl_cmake_export_typesupport_targets-extras.cmake
[3.468s] -- Up-to-date: /home/urc/new_GUI/install/aruco_finder/share/aruco_finder/cmake/rosidl_cmake_export_typesupport_libraries-extras.cmake
[3.469s] -- Up-to-date: /home/urc/new_GUI/install/aruco_finder/share/aruco_finder/cmake/aruco_finderConfig.cmake
[3.469s] -- Up-to-date: /home/urc/new_GUI/install/aruco_finder/share/aruco_finder/cmake/aruco_finderConfig-version.cmake
[3.469s] -- Up-to-date: /home/urc/new_GUI/install/aruco_finder/share/aruco_finder/package.xml
[3.488s] Invoked command in '/home/urc/new_GUI/build/aruco_finder' returned '0': CMAKE_PREFIX_PATH=/home/urc/test_ws/install/turtle_test:/home/urc/test_ws/install/roslink_test:/home/urc/new_GUI/install/gui_window:/opt/ros/humble:${CMAKE_PREFIX_PATH} /usr/bin/cmake --install /home/urc/new_GUI/build/aruco_finder
