[1.826s] DEBUG:colcon:Command line arguments: ['/usr/bin/colcon', 'build', '--packages-select', 'gui_window']
[1.826s] DEBUG:colcon:Parsed command line arguments: Namespace(log_base=None, log_level=None, verb_name='build', build_base='build', install_base='install', merge_install=False, symlink_install=False, test_result_base=None, continue_on_error=False, executor='parallel', parallel_workers=4, event_handlers=None, ignore_user_meta=False, metas=['./colcon.meta'], base_paths=['.'], packages_ignore=None, packages_ignore_regex=None, paths=None, packages_up_to=None, packages_up_to_regex=None, packages_above=None, packages_above_and_dependencies=None, packages_above_depth=None, packages_select_by_dep=None, packages_skip_by_dep=None, packages_skip_up_to=None, packages_select_build_failed=False, packages_skip_build_finished=False, packages_select_test_failures=False, packages_skip_test_passed=False, packages_select=['gui_window'], packages_skip=None, packages_select_regex=None, packages_skip_regex=None, packages_start=None, packages_end=None, allow_overriding=[], cmake_args=None, cmake_target=None, cmake_target_skip_unavailable=False, cmake_clean_cache=False, cmake_clean_first=False, cmake_force_configure=False, ament_cmake_args=None, catkin_cmake_args=None, catkin_skip_building_tests=False, verb_parser=<colcon_defaults.argument_parser.defaults.DefaultArgumentsDecorator object at 0x7fa9c1ae9f60>, verb_extension=<colcon_core.verb.build.BuildVerb object at 0x7fa9c1d41cf0>, main=<bound method BuildVerb.main of <colcon_core.verb.build.BuildVerb object at 0x7fa9c1d41cf0>>)
[1.900s] Level 1:colcon.colcon_core.package_discovery:discover_packages(colcon_meta) check parameters
[1.900s] Level 1:colcon.colcon_core.package_discovery:discover_packages(recursive) check parameters
[1.900s] Level 1:colcon.colcon_core.package_discovery:discover_packages(ignore) check parameters
[1.900s] Level 1:colcon.colcon_core.package_discovery:discover_packages(path) check parameters
[1.901s] Level 1:colcon.colcon_core.package_discovery:discover_packages(colcon_meta) discover
[1.901s] Level 1:colcon.colcon_core.package_discovery:discover_packages(recursive) discover
[1.901s] INFO:colcon.colcon_core.package_discovery:Crawling recursively for packages in '/home/urc/new-GUI'
[1.902s] Level 1:colcon.colcon_core.package_identification:_identify(.) by extensions ['ignore', 'ignore_ament_install']
[1.902s] Level 1:colcon.colcon_core.package_identification:_identify(.) by extension 'ignore'
[1.902s] Level 1:colcon.colcon_core.package_identification:_identify(.) by extension 'ignore_ament_install'
[1.902s] Level 1:colcon.colcon_core.package_identification:_identify(.) by extensions ['colcon_pkg']
[1.903s] Level 1:colcon.colcon_core.package_identification:_identify(.) by extension 'colcon_pkg'
[1.903s] Level 1:colcon.colcon_core.package_identification:_identify(.) by extensions ['colcon_meta']
[1.903s] Level 1:colcon.colcon_core.package_identification:_identify(.) by extension 'colcon_meta'
[1.903s] Level 1:colcon.colcon_core.package_identification:_identify(.) by extensions ['ros']
[1.903s] Level 1:colcon.colcon_core.package_identification:_identify(.) by extension 'ros'
[1.920s] Level 1:colcon.colcon_core.package_identification:_identify(.) by extensions ['cmake', 'python']
[1.920s] Level 1:colcon.colcon_core.package_identification:_identify(.) by extension 'cmake'
[1.921s] Level 1:colcon.colcon_core.package_identification:_identify(.) by extension 'python'
[1.921s] Level 1:colcon.colcon_core.package_identification:_identify(.) by extensions ['python_setup_py']
[1.921s] Level 1:colcon.colcon_core.package_identification:_identify(.) by extension 'python_setup_py'
[1.921s] Level 1:colcon.colcon_core.package_identification:_identify(build) by extensions ['ignore', 'ignore_ament_install']
[1.922s] Level 1:colcon.colcon_core.package_identification:_identify(build) by extension 'ignore'
[1.922s] Level 1:colcon.colcon_core.package_identification:_identify(build) ignored
[1.922s] Level 1:colcon.colcon_core.package_identification:_identify(install) by extensions ['ignore', 'ignore_ament_install']
[1.922s] Level 1:colcon.colcon_core.package_identification:_identify(install) by extension 'ignore'
[1.923s] Level 1:colcon.colcon_core.package_identification:_identify(install) ignored
[1.928s] Level 1:colcon.colcon_core.package_identification:_identify(log) by extensions ['ignore', 'ignore_ament_install']
[1.928s] Level 1:colcon.colcon_core.package_identification:_identify(log) by extension 'ignore'
[1.929s] Level 1:colcon.colcon_core.package_identification:_identify(log) ignored
[1.929s] Level 1:colcon.colcon_core.package_identification:_identify(src) by extensions ['ignore', 'ignore_ament_install']
[1.930s] Level 1:colcon.colcon_core.package_identification:_identify(src) by extension 'ignore'
[1.930s] Level 1:colcon.colcon_core.package_identification:_identify(src) by extension 'ignore_ament_install'
[1.930s] Level 1:colcon.colcon_core.package_identification:_identify(src) by extensions ['colcon_pkg']
[1.931s] Level 1:colcon.colcon_core.package_identification:_identify(src) by extension 'colcon_pkg'
[1.931s] Level 1:colcon.colcon_core.package_identification:_identify(src) by extensions ['colcon_meta']
[1.932s] Level 1:colcon.colcon_core.package_identification:_identify(src) by extension 'colcon_meta'
[1.932s] Level 1:colcon.colcon_core.package_identification:_identify(src) by extensions ['ros']
[1.933s] Level 1:colcon.colcon_core.package_identification:_identify(src) by extension 'ros'
[1.933s] Level 1:colcon.colcon_core.package_identification:_identify(src) by extensions ['cmake', 'python']
[1.933s] Level 1:colcon.colcon_core.package_identification:_identify(src) by extension 'cmake'
[1.934s] Level 1:colcon.colcon_core.package_identification:_identify(src) by extension 'python'
[1.934s] Level 1:colcon.colcon_core.package_identification:_identify(src) by extensions ['python_setup_py']
[1.934s] Level 1:colcon.colcon_core.package_identification:_identify(src) by extension 'python_setup_py'
[1.935s] Level 1:colcon.colcon_core.package_identification:_identify(src/aruco_finder) by extensions ['ignore', 'ignore_ament_install']
[1.935s] Level 1:colcon.colcon_core.package_identification:_identify(src/aruco_finder) by extension 'ignore'
[1.935s] Level 1:colcon.colcon_core.package_identification:_identify(src/aruco_finder) by extension 'ignore_ament_install'
[1.936s] Level 1:colcon.colcon_core.package_identification:_identify(src/aruco_finder) by extensions ['colcon_pkg']
[1.936s] Level 1:colcon.colcon_core.package_identification:_identify(src/aruco_finder) by extension 'colcon_pkg'
[1.936s] Level 1:colcon.colcon_core.package_identification:_identify(src/aruco_finder) by extensions ['colcon_meta']
[1.936s] Level 1:colcon.colcon_core.package_identification:_identify(src/aruco_finder) by extension 'colcon_meta'
[1.937s] Level 1:colcon.colcon_core.package_identification:_identify(src/aruco_finder) by extensions ['ros']
[1.937s] Level 1:colcon.colcon_core.package_identification:_identify(src/aruco_finder) by extension 'ros'
[1.941s] DEBUG:colcon.colcon_core.package_identification:Package 'src/aruco_finder' with type 'ros.ament_cmake' and name 'aruco_finder'
[1.942s] Level 1:colcon.colcon_core.package_identification:_identify(src/gui_window) by extensions ['ignore', 'ignore_ament_install']
[1.942s] Level 1:colcon.colcon_core.package_identification:_identify(src/gui_window) by extension 'ignore'
[1.942s] Level 1:colcon.colcon_core.package_identification:_identify(src/gui_window) by extension 'ignore_ament_install'
[1.943s] Level 1:colcon.colcon_core.package_identification:_identify(src/gui_window) by extensions ['colcon_pkg']
[1.943s] Level 1:colcon.colcon_core.package_identification:_identify(src/gui_window) by extension 'colcon_pkg'
[1.943s] Level 1:colcon.colcon_core.package_identification:_identify(src/gui_window) by extensions ['colcon_meta']
[1.943s] Level 1:colcon.colcon_core.package_identification:_identify(src/gui_window) by extension 'colcon_meta'
[1.944s] Level 1:colcon.colcon_core.package_identification:_identify(src/gui_window) by extensions ['ros']
[1.944s] Level 1:colcon.colcon_core.package_identification:_identify(src/gui_window) by extension 'ros'
[1.946s] DEBUG:colcon.colcon_core.package_identification:Package 'src/gui_window' with type 'ros.ament_python' and name 'gui_window'
[1.947s] Level 1:colcon.colcon_core.package_identification:_identify(src/hockey_stick_arm) by extensions ['ignore', 'ignore_ament_install']
[1.947s] Level 1:colcon.colcon_core.package_identification:_identify(src/hockey_stick_arm) by extension 'ignore'
[1.947s] Level 1:colcon.colcon_core.package_identification:_identify(src/hockey_stick_arm) by extension 'ignore_ament_install'
[1.948s] Level 1:colcon.colcon_core.package_identification:_identify(src/hockey_stick_arm) by extensions ['colcon_pkg']
[1.948s] Level 1:colcon.colcon_core.package_identification:_identify(src/hockey_stick_arm) by extension 'colcon_pkg'
[1.949s] Level 1:colcon.colcon_core.package_identification:_identify(src/hockey_stick_arm) by extensions ['colcon_meta']
[1.949s] Level 1:colcon.colcon_core.package_identification:_identify(src/hockey_stick_arm) by extension 'colcon_meta'
[1.949s] Level 1:colcon.colcon_core.package_identification:_identify(src/hockey_stick_arm) by extensions ['ros']
[1.949s] Level 1:colcon.colcon_core.package_identification:_identify(src/hockey_stick_arm) by extension 'ros'
[1.951s] DEBUG:colcon.colcon_core.package_identification:Package 'src/hockey_stick_arm' with type 'ros.ament_cmake' and name 'hockey_stick_arm'
[1.951s] Level 1:colcon.colcon_core.package_identification:_identify(src/marker_interfacing) by extensions ['ignore', 'ignore_ament_install']
[1.951s] Level 1:colcon.colcon_core.package_identification:_identify(src/marker_interfacing) by extension 'ignore'
[1.952s] Level 1:colcon.colcon_core.package_identification:_identify(src/marker_interfacing) by extension 'ignore_ament_install'
[1.952s] Level 1:colcon.colcon_core.package_identification:_identify(src/marker_interfacing) by extensions ['colcon_pkg']
[1.952s] Level 1:colcon.colcon_core.package_identification:_identify(src/marker_interfacing) by extension 'colcon_pkg'
[1.952s] Level 1:colcon.colcon_core.package_identification:_identify(src/marker_interfacing) by extensions ['colcon_meta']
[1.953s] Level 1:colcon.colcon_core.package_identification:_identify(src/marker_interfacing) by extension 'colcon_meta'
[1.953s] Level 1:colcon.colcon_core.package_identification:_identify(src/marker_interfacing) by extensions ['ros']
[1.953s] Level 1:colcon.colcon_core.package_identification:_identify(src/marker_interfacing) by extension 'ros'
[1.956s] DEBUG:colcon.colcon_core.package_identification:Package 'src/marker_interfacing' with type 'ros.ament_cmake' and name 'marker_interfacing'
[1.956s] Level 1:colcon.colcon_core.package_identification:_identify(src/ocean_optics_spectrometer) by extensions ['ignore', 'ignore_ament_install']
[1.956s] Level 1:colcon.colcon_core.package_identification:_identify(src/ocean_optics_spectrometer) by extension 'ignore'
[1.957s] Level 1:colcon.colcon_core.package_identification:_identify(src/ocean_optics_spectrometer) by extension 'ignore_ament_install'
[1.957s] Level 1:colcon.colcon_core.package_identification:_identify(src/ocean_optics_spectrometer) by extensions ['colcon_pkg']
[1.957s] Level 1:colcon.colcon_core.package_identification:_identify(src/ocean_optics_spectrometer) by extension 'colcon_pkg'
[1.957s] Level 1:colcon.colcon_core.package_identification:_identify(src/ocean_optics_spectrometer) by extensions ['colcon_meta']
[1.958s] Level 1:colcon.colcon_core.package_identification:_identify(src/ocean_optics_spectrometer) by extension 'colcon_meta'
[1.958s] Level 1:colcon.colcon_core.package_identification:_identify(src/ocean_optics_spectrometer) by extensions ['ros']
[1.958s] Level 1:colcon.colcon_core.package_identification:_identify(src/ocean_optics_spectrometer) by extension 'ros'
[1.959s] DEBUG:colcon.colcon_core.package_identification:Package 'src/ocean_optics_spectrometer' with type 'ros.ament_cmake' and name 'ocean_optics_spectrometer'
[1.960s] Level 1:colcon.colcon_core.package_identification:_identify(src/rover_gui_lib) by extensions ['ignore', 'ignore_ament_install']
[1.960s] Level 1:colcon.colcon_core.package_identification:_identify(src/rover_gui_lib) by extension 'ignore'
[1.960s] Level 1:colcon.colcon_core.package_identification:_identify(src/rover_gui_lib) by extension 'ignore_ament_install'
[1.961s] Level 1:colcon.colcon_core.package_identification:_identify(src/rover_gui_lib) by extensions ['colcon_pkg']
[1.961s] Level 1:colcon.colcon_core.package_identification:_identify(src/rover_gui_lib) by extension 'colcon_pkg'
[1.961s] Level 1:colcon.colcon_core.package_identification:_identify(src/rover_gui_lib) by extensions ['colcon_meta']
[1.961s] Level 1:colcon.colcon_core.package_identification:_identify(src/rover_gui_lib) by extension 'colcon_meta'
[1.961s] Level 1:colcon.colcon_core.package_identification:_identify(src/rover_gui_lib) by extensions ['ros']
[1.962s] Level 1:colcon.colcon_core.package_identification:_identify(src/rover_gui_lib) by extension 'ros'
[1.963s] DEBUG:colcon.colcon_core.package_identification:Package 'src/rover_gui_lib' with type 'ros.catkin' and name 'rover_gui_lib'
[1.963s] Level 1:colcon.colcon_core.package_identification:_identify(src/science_servo_control) by extensions ['ignore', 'ignore_ament_install']
[1.964s] Level 1:colcon.colcon_core.package_identification:_identify(src/science_servo_control) by extension 'ignore'
[1.964s] Level 1:colcon.colcon_core.package_identification:_identify(src/science_servo_control) by extension 'ignore_ament_install'
[1.965s] Level 1:colcon.colcon_core.package_identification:_identify(src/science_servo_control) by extensions ['colcon_pkg']
[1.965s] Level 1:colcon.colcon_core.package_identification:_identify(src/science_servo_control) by extension 'colcon_pkg'
[1.965s] Level 1:colcon.colcon_core.package_identification:_identify(src/science_servo_control) by extensions ['colcon_meta']
[1.966s] Level 1:colcon.colcon_core.package_identification:_identify(src/science_servo_control) by extension 'colcon_meta'
[1.966s] Level 1:colcon.colcon_core.package_identification:_identify(src/science_servo_control) by extensions ['ros']
[1.966s] Level 1:colcon.colcon_core.package_identification:_identify(src/science_servo_control) by extension 'ros'
[1.968s] DEBUG:colcon.colcon_core.package_identification:Package 'src/science_servo_control' with type 'ros.ament_cmake' and name 'science_servo_control'
[1.968s] Level 1:colcon.colcon_core.package_identification:_identify(src/theora_webcams) by extensions ['ignore', 'ignore_ament_install']
[1.968s] Level 1:colcon.colcon_core.package_identification:_identify(src/theora_webcams) by extension 'ignore'
[1.969s] Level 1:colcon.colcon_core.package_identification:_identify(src/theora_webcams) by extension 'ignore_ament_install'
[1.969s] Level 1:colcon.colcon_core.package_identification:_identify(src/theora_webcams) by extensions ['colcon_pkg']
[1.969s] Level 1:colcon.colcon_core.package_identification:_identify(src/theora_webcams) by extension 'colcon_pkg'
[1.969s] Level 1:colcon.colcon_core.package_identification:_identify(src/theora_webcams) by extensions ['colcon_meta']
[1.969s] Level 1:colcon.colcon_core.package_identification:_identify(src/theora_webcams) by extension 'colcon_meta'
[1.970s] Level 1:colcon.colcon_core.package_identification:_identify(src/theora_webcams) by extensions ['ros']
[1.970s] Level 1:colcon.colcon_core.package_identification:_identify(src/theora_webcams) by extension 'ros'
[1.973s] DEBUG:colcon.colcon_core.package_identification:Package 'src/theora_webcams' with type 'ros.ament_cmake' and name 'theora_webcams'
[1.973s] Level 1:colcon.colcon_core.package_identification:_identify(src/urc_gui_lib) by extensions ['ignore', 'ignore_ament_install']
[1.973s] Level 1:colcon.colcon_core.package_identification:_identify(src/urc_gui_lib) by extension 'ignore'
[1.973s] Level 1:colcon.colcon_core.package_identification:_identify(src/urc_gui_lib) by extension 'ignore_ament_install'
[1.974s] Level 1:colcon.colcon_core.package_identification:_identify(src/urc_gui_lib) by extensions ['colcon_pkg']
[1.974s] Level 1:colcon.colcon_core.package_identification:_identify(src/urc_gui_lib) by extension 'colcon_pkg'
[1.974s] Level 1:colcon.colcon_core.package_identification:_identify(src/urc_gui_lib) by extensions ['colcon_meta']
[1.974s] Level 1:colcon.colcon_core.package_identification:_identify(src/urc_gui_lib) by extension 'colcon_meta'
[1.975s] Level 1:colcon.colcon_core.package_identification:_identify(src/urc_gui_lib) by extensions ['ros']
[1.975s] Level 1:colcon.colcon_core.package_identification:_identify(src/urc_gui_lib) by extension 'ros'
[1.979s] DEBUG:colcon.colcon_core.package_identification:Package 'src/urc_gui_lib' with type 'ros.catkin' and name 'urc_gui_lib'
[1.979s] Level 1:colcon.colcon_core.package_discovery:discover_packages(recursive) using defaults
[1.979s] Level 1:colcon.colcon_core.package_discovery:discover_packages(ignore) discover
[1.980s] Level 1:colcon.colcon_core.package_discovery:discover_packages(ignore) using defaults
[1.980s] Level 1:colcon.colcon_core.package_discovery:discover_packages(path) discover
[1.980s] Level 1:colcon.colcon_core.package_discovery:discover_packages(path) using defaults
[2.108s] INFO:colcon.colcon_core.package_selection:Skipping not selected package 'aruco_finder' in 'src/aruco_finder'
[2.109s] INFO:colcon.colcon_core.package_selection:Skipping not selected package 'hockey_stick_arm' in 'src/hockey_stick_arm'
[2.109s] INFO:colcon.colcon_core.package_selection:Skipping not selected package 'marker_interfacing' in 'src/marker_interfacing'
[2.109s] INFO:colcon.colcon_core.package_selection:Skipping not selected package 'ocean_optics_spectrometer' in 'src/ocean_optics_spectrometer'
[2.109s] INFO:colcon.colcon_core.package_selection:Skipping not selected package 'science_servo_control' in 'src/science_servo_control'
[2.109s] INFO:colcon.colcon_core.package_selection:Skipping not selected package 'theora_webcams' in 'src/theora_webcams'
[2.110s] INFO:colcon.colcon_core.package_selection:Skipping not selected package 'urc_gui_lib' in 'src/urc_gui_lib'
[2.110s] INFO:colcon.colcon_core.package_selection:Skipping not selected package 'rover_gui_lib' in 'src/rover_gui_lib'
[2.160s] Level 1:colcon.colcon_core.package_discovery:discover_packages(prefix_path) check parameters
[2.160s] Level 1:colcon.colcon_core.package_discovery:discover_packages(prefix_path) discover
[2.213s] DEBUG:colcon.colcon_installed_package_information.package_discovery:Found 9 installed packages in /home/urc/new-GUI/install
[2.255s] DEBUG:colcon.colcon_installed_package_information.package_discovery:Found 290 installed packages in /opt/ros/humble
[2.258s] Level 1:colcon.colcon_core.package_discovery:discover_packages(prefix_path) using defaults
[2.437s] Level 5:colcon.colcon_core.verb:set package 'gui_window' build argument 'cmake_args' from command line to 'None'
[2.438s] Level 5:colcon.colcon_core.verb:set package 'gui_window' build argument 'cmake_target' from command line to 'None'
[2.438s] Level 5:colcon.colcon_core.verb:set package 'gui_window' build argument 'cmake_target_skip_unavailable' from command line to 'False'
[2.438s] Level 5:colcon.colcon_core.verb:set package 'gui_window' build argument 'cmake_clean_cache' from command line to 'False'
[2.438s] Level 5:colcon.colcon_core.verb:set package 'gui_window' build argument 'cmake_clean_first' from command line to 'False'
[2.439s] Level 5:colcon.colcon_core.verb:set package 'gui_window' build argument 'cmake_force_configure' from command line to 'False'
[2.439s] Level 5:colcon.colcon_core.verb:set package 'gui_window' build argument 'ament_cmake_args' from command line to 'None'
[2.439s] Level 5:colcon.colcon_core.verb:set package 'gui_window' build argument 'catkin_cmake_args' from command line to 'None'
[2.439s] Level 5:colcon.colcon_core.verb:set package 'gui_window' build argument 'catkin_skip_building_tests' from command line to 'False'
[2.440s] DEBUG:colcon.colcon_core.verb:Building package 'gui_window' with the following arguments: {'ament_cmake_args': None, 'build_base': '/home/urc/new-GUI/build/gui_window', 'catkin_cmake_args': None, 'catkin_skip_building_tests': False, 'cmake_args': None, 'cmake_clean_cache': False, 'cmake_clean_first': False, 'cmake_force_configure': False, 'cmake_target': None, 'cmake_target_skip_unavailable': False, 'install_base': '/home/urc/new-GUI/install/gui_window', 'merge_install': False, 'path': '/home/urc/new-GUI/src/gui_window', 'symlink_install': False, 'test_result_base': None}
[2.467s] INFO:colcon.colcon_core.executor:Executing jobs using 'parallel' executor
[2.499s] DEBUG:colcon.colcon_parallel_executor.executor.parallel:run_until_complete
[2.499s] INFO:colcon.colcon_ros.task.ament_python.build:Building ROS package in '/home/urc/new-GUI/src/gui_window' with build type 'ament_python'
[2.500s] Level 1:colcon.colcon_core.shell:create_environment_hook('gui_window', 'ament_prefix_path')
[2.543s] INFO:colcon.colcon_core.plugin_system:Skipping extension 'colcon_core.shell.bat': Not used on non-Windows systems
[2.544s] INFO:colcon.colcon_core.shell:Creating environment hook '/home/urc/new-GUI/install/gui_window/share/gui_window/hook/ament_prefix_path.ps1'
[2.546s] INFO:colcon.colcon_core.shell:Creating environment descriptor '/home/urc/new-GUI/install/gui_window/share/gui_window/hook/ament_prefix_path.dsv'
[2.548s] INFO:colcon.colcon_core.shell:Creating environment hook '/home/urc/new-GUI/install/gui_window/share/gui_window/hook/ament_prefix_path.sh'
[2.577s] INFO:colcon.colcon_core.shell:Skip shell extension 'powershell' for command environment: Not usable outside of PowerShell
[2.578s] DEBUG:colcon.colcon_core.shell:Skip shell extension 'dsv' for command environment
[3.186s] INFO:colcon.colcon_core.task.python.build:Building Python package in '/home/urc/new-GUI/src/gui_window'
[3.216s] INFO:colcon.colcon_core.shell:Skip shell extension 'powershell' for command environment: Not usable outside of PowerShell
[3.216s] DEBUG:colcon.colcon_core.shell:Skip shell extension 'dsv' for command environment
[4.078s] DEBUG:colcon.colcon_core.event_handler.log_command:Invoking command in '/home/urc/new-GUI/src/gui_window': CMAKE_PREFIX_PATH=/home/urc/new-GUI/install/rover_gui_lib:/home/urc/new-GUI/install/urc_gui_lib:/home/urc/new-GUI/install/theora_webcams:/home/urc/new-GUI/install/ocean_optics_spectrometer:/home/urc/new-GUI/install/marker_interfacing:/home/urc/new-GUI/install/hockey_stick_arm:/home/urc/new-GUI/install/aruco_finder:/home/urc/new-GUI/install/science_servo_control LD_LIBRARY_PATH=/home/urc/new-GUI/install/rover_gui_lib/lib:/home/urc/new-GUI/install/theora_webcams/lib:/home/urc/new-GUI/install/ocean_optics_spectrometer/lib:/home/urc/new-GUI/install/marker_interfacing/lib:/home/urc/new-GUI/install/hockey_stick_arm/lib:/home/urc/new-GUI/install/aruco_finder/lib:/home/urc/new-GUI/install/science_servo_control/lib:/opt/ros/humble/opt/rviz_ogre_vendor/lib:/opt/ros/humble/lib/x86_64-linux-gnu:/opt/ros/humble/lib PYTHONPATH=/home/urc/new-GUI/build/gui_window/prefix_override:/home/urc/new-GUI/install/gui_window/lib/python3.10/site-packages:${PYTHONPATH} /usr/bin/python3 setup.py egg_info --egg-base ../../build/gui_window build --build-base /home/urc/new-GUI/build/gui_window/build install --record /home/urc/new-GUI/build/gui_window/install.log --single-version-externally-managed
[4.693s] DEBUG:colcon.colcon_core.event_handler.log_command:Invoked command in '/home/urc/new-GUI/src/gui_window' returned '0': CMAKE_PREFIX_PATH=/home/urc/new-GUI/install/rover_gui_lib:/home/urc/new-GUI/install/urc_gui_lib:/home/urc/new-GUI/install/theora_webcams:/home/urc/new-GUI/install/ocean_optics_spectrometer:/home/urc/new-GUI/install/marker_interfacing:/home/urc/new-GUI/install/hockey_stick_arm:/home/urc/new-GUI/install/aruco_finder:/home/urc/new-GUI/install/science_servo_control LD_LIBRARY_PATH=/home/urc/new-GUI/install/rover_gui_lib/lib:/home/urc/new-GUI/install/theora_webcams/lib:/home/urc/new-GUI/install/ocean_optics_spectrometer/lib:/home/urc/new-GUI/install/marker_interfacing/lib:/home/urc/new-GUI/install/hockey_stick_arm/lib:/home/urc/new-GUI/install/aruco_finder/lib:/home/urc/new-GUI/install/science_servo_control/lib:/opt/ros/humble/opt/rviz_ogre_vendor/lib:/opt/ros/humble/lib/x86_64-linux-gnu:/opt/ros/humble/lib PYTHONPATH=/home/urc/new-GUI/build/gui_window/prefix_override:/home/urc/new-GUI/install/gui_window/lib/python3.10/site-packages:${PYTHONPATH} /usr/bin/python3 setup.py egg_info --egg-base ../../build/gui_window build --build-base /home/urc/new-GUI/build/gui_window/build install --record /home/urc/new-GUI/build/gui_window/install.log --single-version-externally-managed
[4.728s] Level 1:colcon.colcon_core.environment:checking '/home/urc/new-GUI/install/gui_window' for CMake module files
[4.729s] Level 1:colcon.colcon_core.environment:checking '/home/urc/new-GUI/install/gui_window' for CMake config files
[4.730s] Level 1:colcon.colcon_core.environment:checking '/home/urc/new-GUI/install/gui_window/lib'
[4.731s] Level 1:colcon.colcon_core.environment:checking '/home/urc/new-GUI/install/gui_window/bin'
[4.731s] Level 1:colcon.colcon_core.environment:checking '/home/urc/new-GUI/install/gui_window/lib/pkgconfig/gui_window.pc'
[4.732s] Level 1:colcon.colcon_core.environment:checking '/home/urc/new-GUI/install/gui_window/lib/python3.10/site-packages'
[4.732s] Level 1:colcon.colcon_core.shell:create_environment_hook('gui_window', 'pythonpath')
[4.757s] INFO:colcon.colcon_core.shell:Creating environment hook '/home/urc/new-GUI/install/gui_window/share/gui_window/hook/pythonpath.ps1'
[4.757s] INFO:colcon.colcon_core.shell:Creating environment descriptor '/home/urc/new-GUI/install/gui_window/share/gui_window/hook/pythonpath.dsv'
[4.758s] INFO:colcon.colcon_core.shell:Creating environment hook '/home/urc/new-GUI/install/gui_window/share/gui_window/hook/pythonpath.sh'
[4.759s] Level 1:colcon.colcon_core.environment:checking '/home/urc/new-GUI/install/gui_window/bin'
[4.759s] Level 1:colcon.colcon_core.environment:create_environment_scripts_only(gui_window)
[4.784s] INFO:colcon.colcon_core.shell:Creating package script '/home/urc/new-GUI/install/gui_window/share/gui_window/package.ps1'
[4.786s] INFO:colcon.colcon_core.shell:Creating package descriptor '/home/urc/new-GUI/install/gui_window/share/gui_window/package.dsv'
[4.787s] INFO:colcon.colcon_core.shell:Creating package script '/home/urc/new-GUI/install/gui_window/share/gui_window/package.sh'
[4.793s] INFO:colcon.colcon_core.shell:Creating package script '/home/urc/new-GUI/install/gui_window/share/gui_window/package.bash'
[4.794s] INFO:colcon.colcon_core.shell:Creating package script '/home/urc/new-GUI/install/gui_window/share/gui_window/package.zsh'
[4.795s] Level 1:colcon.colcon_core.environment:create_file_with_runtime_dependencies(/home/urc/new-GUI/install/gui_window/share/colcon-core/packages/gui_window)
[4.796s] DEBUG:colcon.colcon_parallel_executor.executor.parallel:closing loop
[4.796s] DEBUG:colcon.colcon_parallel_executor.executor.parallel:loop closed
[4.796s] DEBUG:colcon.colcon_parallel_executor.executor.parallel:run_until_complete finished with '0'
[4.796s] DEBUG:colcon.colcon_core.event_reactor:joining thread
[4.832s] INFO:colcon.colcon_core.plugin_system:Skipping extension 'colcon_notification.desktop_notification.terminal_notifier': Not used on non-Darwin systems
[4.832s] INFO:colcon.colcon_core.plugin_system:Skipping extension 'colcon_notification.desktop_notification.win32': Not used on non-Windows systems
[4.833s] INFO:colcon.colcon_notification.desktop_notification:Sending desktop notification using 'notify2'
[4.849s] DEBUG:colcon.colcon_core.event_reactor:joined thread
[4.888s] INFO:colcon.colcon_core.shell:Creating prefix script '/home/urc/new-GUI/install/local_setup.ps1'
[4.893s] INFO:colcon.colcon_core.shell:Creating prefix util module '/home/urc/new-GUI/install/_local_setup_util_ps1.py'
[4.897s] INFO:colcon.colcon_core.shell:Creating prefix chain script '/home/urc/new-GUI/install/setup.ps1'
[4.937s] INFO:colcon.colcon_core.shell:Creating prefix script '/home/urc/new-GUI/install/local_setup.sh'
[4.938s] INFO:colcon.colcon_core.shell:Creating prefix util module '/home/urc/new-GUI/install/_local_setup_util_sh.py'
[4.939s] INFO:colcon.colcon_core.shell:Creating prefix chain script '/home/urc/new-GUI/install/setup.sh'
[4.969s] INFO:colcon.colcon_core.shell:Creating prefix script '/home/urc/new-GUI/install/local_setup.bash'
[4.970s] INFO:colcon.colcon_core.shell:Creating prefix chain script '/home/urc/new-GUI/install/setup.bash'
[4.999s] INFO:colcon.colcon_core.shell:Creating prefix script '/home/urc/new-GUI/install/local_setup.zsh'
[5.001s] INFO:colcon.colcon_core.shell:Creating prefix chain script '/home/urc/new-GUI/install/setup.zsh'
