[0.690s] Invoking command in '/home/urc/new-GUI/build/theora_webcams': CMAKE_PREFIX_PATH=/opt/ros/humble /usr/bin/cmake /home/urc/new-GUI/src/theora_webcams -DCMAKE_INSTALL_PREFIX=/home/urc/new-GUI/install/theora_webcams
[0.706s] -- Found ament_cmake: 1.3.5 (/opt/ros/humble/share/ament_cmake/cmake)
[0.959s] -- Found ament_lint_auto: 0.12.8 (/opt/ros/humble/share/ament_lint_auto/cmake)
[1.106s] [33mCMake Warning at CMakeLists.txt:243 (find_package):
[1.106s]   By not providing "Findroscpp.cmake" in CMAKE_MODULE_PATH this project has
[1.106s]   asked CMake to find a package configuration file provided by "roscpp", but
[1.106s]   CMake did not find one.
[1.106s] 
[1.106s]   Could not find a package configuration file provided by "roscpp" with any
[1.106s]   of the following names:
[1.107s] 
[1.107s]     roscppConfig.cmake
[1.108s]     roscpp-config.cmake
[1.108s] 
[1.108s]   Add the installation prefix of "roscpp" to CMAKE_PREFIX_PATH or set
[1.108s]   "roscpp_DIR" to a directory containing one of the above files.  If "roscpp"
[1.108s]   provides a separate development package or SDK, be sure it has been
[1.108s]   installed.
[1.109s] 
[1.109s] [0m
[1.117s] -- Found sensor_msgs: 4.2.3 (/opt/ros/humble/share/sensor_msgs/cmake)
[1.180s] -- Found rosidl_generator_c: 3.1.5 (/opt/ros/humble/share/rosidl_generator_c/cmake)
[1.193s] -- Found rosidl_adapter: 3.1.5 (/opt/ros/humble/share/rosidl_adapter/cmake)
[1.208s] -- Found rosidl_generator_cpp: 3.1.5 (/opt/ros/humble/share/rosidl_generator_cpp/cmake)
[1.232s] -- Using all available rosidl_typesupport_c: rosidl_typesupport_fastrtps_c;rosidl_typesupport_introspection_c
[1.276s] -- Using all available rosidl_typesupport_cpp: rosidl_typesupport_fastrtps_cpp;rosidl_typesupport_introspection_cpp
[1.739s] -- Found cv_bridge: 3.2.1 (/opt/ros/humble/share/cv_bridge/cmake)
[1.783s] -- Found image_transport: 3.1.7 (/opt/ros/humble/share/image_transport/cmake)
[1.930s] -- Found rmw_implementation_cmake: 6.1.1 (/opt/ros/humble/share/rmw_implementation_cmake/cmake)
[1.937s] -- Found rmw_fastrtps_cpp: 6.2.4 (/opt/ros/humble/share/rmw_fastrtps_cpp/cmake)
[2.116s] -- Found OpenSSL: /usr/lib/x86_64-linux-gnu/libcrypto.so (found version "3.0.2")  
[2.162s] -- Found FastRTPS: /opt/ros/humble/include  
[2.247s] -- Using RMW implementation 'rmw_fastrtps_cpp' as default
[2.269s] -- Looking for pthread.h
[2.392s] -- Looking for pthread.h - found
[2.392s] -- Performing Test CMAKE_HAVE_LIBC_PTHREAD
[2.513s] -- Performing Test CMAKE_HAVE_LIBC_PTHREAD - Success
[2.514s] -- Found Threads: TRUE  
[2.989s] [33mCMake Warning at CMakeLists.txt:248 (find_package):
[2.989s]   By not providing "Findcamera_info_manager.cmake" in CMAKE_MODULE_PATH this
[2.990s]   project has asked CMake to find a package configuration file provided by
[2.990s]   "camera_info_manager", but CMake did not find one.
[2.990s] 
[2.990s]   Could not find a package configuration file provided by
[2.990s]   "camera_info_manager" with any of the following names:
[2.990s] 
[2.991s]     camera_info_managerConfig.cmake
[2.991s]     camera_info_manager-config.cmake
[2.992s] 
[2.992s]   Add the installation prefix of "camera_info_manager" to CMAKE_PREFIX_PATH
[2.992s]   or set "camera_info_manager_DIR" to a directory containing one of the above
[2.992s]   files.  If "camera_info_manager" provides a separate development package or
[2.992s]   SDK, be sure it has been installed.
[2.992s] 
[2.993s] [0m
[3.007s] [33mCMake Warning at CMakeLists.txt:249 (find_package):
[3.007s]   By not providing "Findmessage_generation.cmake" in CMAKE_MODULE_PATH this
[3.007s]   project has asked CMake to find a package configuration file provided by
[3.007s]   "message_generation", but CMake did not find one.
[3.007s] 
[3.007s]   Could not find a package configuration file provided by
[3.008s]   "message_generation" with any of the following names:
[3.008s] 
[3.008s]     message_generationConfig.cmake
[3.008s]     message_generation-config.cmake
[3.008s] 
[3.008s]   Add the installation prefix of "message_generation" to CMAKE_PREFIX_PATH or
[3.008s]   set "message_generation_DIR" to a directory containing one of the above
[3.008s]   files.  If "message_generation" provides a separate development package or
[3.009s]   SDK, be sure it has been installed.
[3.009s] 
[3.009s] [0m
[3.025s] [33mCMake Warning at CMakeLists.txt:250 (find_package):
[3.025s]   By not providing "Findmessage_runtime.cmake" in CMAKE_MODULE_PATH this
[3.025s]   project has asked CMake to find a package configuration file provided by
[3.025s]   "message_runtime", but CMake did not find one.
[3.025s] 
[3.025s]   Could not find a package configuration file provided by "message_runtime"
[3.026s]   with any of the following names:
[3.026s] 
[3.026s]     message_runtimeConfig.cmake
[3.026s]     message_runtime-config.cmake
[3.026s] 
[3.026s]   Add the installation prefix of "message_runtime" to CMAKE_PREFIX_PATH or
[3.026s]   set "message_runtime_DIR" to a directory containing one of the above files.
[3.027s]   If "message_runtime" provides a separate development package or SDK, be
[3.027s]   sure it has been installed.
[3.027s] 
[3.027s] [0m
[3.030s] -- Configuring incomplete, errors occurred!
[3.030s] See also "/home/urc/new-GUI/build/theora_webcams/CMakeFiles/CMakeOutput.log".
[3.031s] [31mCMake Error at /opt/ros/humble/share/rosidl_cmake/cmake/rosidl_generate_interfaces.cmake:93 (message):
[3.031s]   rosidl_generate_interfaces() the passed file 'msg/.msg' doesn't exist
[3.031s]   relative to the CMAKE_CURRENT_SOURCE_DIR
[3.032s]   '/home/urc/new-GUI/src/theora_webcams'
[3.032s] Call Stack (most recent call first):
[3.032s]   CMakeLists.txt:252 (rosidl_generate_interfaces)
[3.032s] 
[3.032s] [0m
