[0.281s] Invoking command in '/home/urc/new-GUI/build/geographic_msgs': CMAKE_PREFIX_PATH=/opt/ros/humble /usr/bin/cmake --build /home/urc/new-GUI/build/geographic_msgs -- -j4 -l4
[1.017s] [  3%] Built target geographic_msgs__cpp
[1.017s] [ 12%] Built target geographic_msgs__rosidl_generator_c
[1.017s] [ 12%] Built target ament_cmake_python_symlink_geographic_msgs
[1.017s] [ 22%] Built target geographic_msgs__rosidl_typesupport_cpp
[1.018s] [ 32%] Built target geographic_msgs__rosidl_typesupport_introspection_cpp
[1.018s] [ 41%] Built target geographic_msgs__rosidl_typesupport_fastrtps_cpp
[1.018s] [ 51%] Built target geographic_msgs__rosidl_typesupport_fastrtps_c
[1.018s] [ 61%] Built target geographic_msgs__rosidl_typesupport_introspection_c
[1.018s] [ 70%] Built target geographic_msgs__rosidl_typesupport_c
[1.018s] [ 70%] Built target geographic_msgs
[1.018s] [ 74%] Built target geographic_msgs__py
[1.018s] [ 80%] Built target geographic_msgs__rosidl_generator_py
[1.019s] [ 87%] Built target geographic_msgs__rosidl_typesupport_introspection_c__pyext
[1.019s] [ 93%] Built target geographic_msgs__rosidl_typesupport_fastrtps_c__pyext
[1.019s] [100%] Built target geographic_msgs__rosidl_typesupport_c__pyext
[1.020s] running egg_info
[1.020s] writing geographic_msgs.egg-info/PKG-INFO
[1.021s] writing dependency_links to geographic_msgs.egg-info/dependency_links.txt
[1.021s] writing top-level names to geographic_msgs.egg-info/top_level.txt
[1.021s] reading manifest file 'geographic_msgs.egg-info/SOURCES.txt'
[1.023s] writing manifest file 'geographic_msgs.egg-info/SOURCES.txt'
[1.152s] [100%] Built target ament_cmake_python_build_geographic_msgs_egg
