[0.177s] Invoking command in '/home/urc/new-GUI/build/science_servo_control': CMAKE_PREFIX_PATH=/opt/ros/humble /usr/bin/cmake --build /home/urc/new-GUI/build/science_servo_control -- -j4 -l4
[0.420s] -- Found ament_cmake: 1.3.5 (/opt/ros/humble/share/ament_cmake/cmake)
[1.142s] -- Found ament_lint_auto: 0.12.8 (/opt/ros/humble/share/ament_lint_auto/cmake)
[1.388s] -- Found rosidl_default_generators: 1.2.0 (/opt/ros/humble/share/rosidl_default_generators/cmake)
[1.388s] -- Using all available rosidl_typesupport_c: rosidl_typesupport_fastrtps_c;rosidl_typesupport_introspection_c
[1.404s] -- Found rosidl_adapter: 3.1.5 (/opt/ros/humble/share/rosidl_adapter/cmake)
[1.513s] -- Using all available rosidl_typesupport_cpp: rosidl_typesupport_fastrtps_cpp;rosidl_typesupport_introspection_cpp
[1.607s] -- Found rclcpp: 16.0.6 (/opt/ros/humble/share/rclcpp/cmake)
[1.889s] -- Found rmw_implementation_cmake: 6.1.1 (/opt/ros/humble/share/rmw_implementation_cmake/cmake)
[1.893s] -- Found rmw_fastrtps_cpp: 6.2.4 (/opt/ros/humble/share/rmw_fastrtps_cpp/cmake)
[2.373s] -- Using RMW implementation 'rmw_fastrtps_cpp' as default
[3.098s] -- Found rclpy: 3.3.10 (/opt/ros/humble/share/rclpy/cmake)
[4.223s] -- Found ament_cmake_ros: 0.10.0 (/opt/ros/humble/share/ament_cmake_ros/cmake)
[5.105s] -- Using all available rosidl_typesupport_c: rosidl_typesupport_fastrtps_c;rosidl_typesupport_introspection_c
[5.933s] -- Using all available rosidl_typesupport_cpp: rosidl_typesupport_fastrtps_cpp;rosidl_typesupport_introspection_cpp
[5.973s] -- Found python_cmake_module: 0.10.0 (/opt/ros/humble/share/python_cmake_module/cmake)
[6.019s] -- Using PYTHON_EXECUTABLE: /usr/bin/python3
[6.019s] -- Using PYTHON_INCLUDE_DIRS: /usr/include/python3.10
[6.019s] -- Using PYTHON_LIBRARIES: /usr/lib/x86_64-linux-gnu/libpython3.10.so
[6.198s] -- Added test 'flake8' to check Python code syntax and style conventions
[6.198s] -- Added test 'lint_cmake' to check CMake code style
[6.198s] -- Added test 'pep257' to check Python code against some of the docstring style conventions in PEP 257
[6.213s] -- Added test 'xmllint' to check XML markup files
[6.225s] -- Configuring done
[6.479s] -- Generating done
[6.487s] -- Build files have been written to: /home/urc/new-GUI/build/science_servo_control
[6.678s] [  0%] Built target science_servo_control__cpp
[6.697s] [35m[1mConsolidate compiler generated dependencies of target science_servo_control__rosidl_generator_c[0m
[6.739s] [35m[1mConsolidate compiler generated dependencies of target science_servo_control__rosidl_typesupport_fastrtps_cpp[0m
[6.759s] [  0%] Built target ament_cmake_python_copy_science_servo_control
[6.790s] [35m[1mConsolidate compiler generated dependencies of target science_servo_control__rosidl_typesupport_cpp[0m
[6.824s] [35m[1mConsolidate compiler generated dependencies of target science_servo_control__rosidl_typesupport_introspection_cpp[0m
[6.836s] [ 12%] Built target science_servo_control__rosidl_generator_c
[6.940s] [ 24%] Built target science_servo_control__rosidl_typesupport_fastrtps_cpp
[6.945s] [ 36%] Built target science_servo_control__rosidl_typesupport_cpp
[7.011s] [ 48%] Built target science_servo_control__rosidl_typesupport_introspection_cpp
[7.076s] [35m[1mConsolidate compiler generated dependencies of target science_servo_control__rosidl_typesupport_fastrtps_c[0m
[7.095s] [35m[1mConsolidate compiler generated dependencies of target science_servo_control__rosidl_typesupport_c[0m
[7.099s] [35m[1mConsolidate compiler generated dependencies of target science_servo_control__rosidl_typesupport_introspection_c[0m
[7.178s] [ 60%] Built target science_servo_control__rosidl_typesupport_c
[7.222s] [ 72%] Built target science_servo_control__rosidl_typesupport_fastrtps_c
[7.228s] [ 84%] Built target science_servo_control__rosidl_typesupport_introspection_c
[7.333s] [ 84%] Built target science_servo_control
[7.434s] [ 85%] Built target science_servo_control__py
[7.493s] [35m[1mConsolidate compiler generated dependencies of target science_servo_control__rosidl_generator_py[0m
[7.666s] [ 96%] Built target science_servo_control__rosidl_generator_py
[7.743s] [35m[1mConsolidate compiler generated dependencies of target science_servo_control__rosidl_typesupport_fastrtps_c__pyext[0m
[7.791s] [35m[1mConsolidate compiler generated dependencies of target science_servo_control__rosidl_typesupport_introspection_c__pyext[0m
[7.811s] [35m[1mConsolidate compiler generated dependencies of target science_servo_control__rosidl_typesupport_c__pyext[0m
[7.835s] [ 97%] Built target science_servo_control__rosidl_typesupport_fastrtps_c__pyext
[7.880s] [ 99%] Built target science_servo_control__rosidl_typesupport_introspection_c__pyext
[7.904s] [100%] Built target science_servo_control__rosidl_typesupport_c__pyext
[8.351s] running egg_info
[8.352s] writing science_servo_control.egg-info/PKG-INFO
[8.353s] writing dependency_links to science_servo_control.egg-info/dependency_links.txt
[8.353s] writing top-level names to science_servo_control.egg-info/top_level.txt
[8.358s] reading manifest file 'science_servo_control.egg-info/SOURCES.txt'
[8.361s] writing manifest file 'science_servo_control.egg-info/SOURCES.txt'
[8.461s] [100%] Built target ament_cmake_python_build_science_servo_control_egg
[8.529s] Invoked command in '/home/urc/new-GUI/build/science_servo_control' returned '0': CMAKE_PREFIX_PATH=/opt/ros/humble /usr/bin/cmake --build /home/urc/new-GUI/build/science_servo_control -- -j4 -l4
[9.694s] Invoking command in '/home/urc/new-GUI/build/science_servo_control': CMAKE_PREFIX_PATH=/opt/ros/humble /usr/bin/cmake --install /home/urc/new-GUI/build/science_servo_control
[9.716s] -- Install configuration: ""
[9.718s] -- Up-to-date: /home/urc/new-GUI/install/science_servo_control/share/ament_index/resource_index/rosidl_interfaces/science_servo_control
[9.718s] -- Up-to-date: /home/urc/new-GUI/install/science_servo_control/include/science_servo_control/science_servo_control
[9.718s] -- Up-to-date: /home/urc/new-GUI/install/science_servo_control/include/science_servo_control/science_servo_control/msg
[9.718s] -- Up-to-date: /home/urc/new-GUI/install/science_servo_control/include/science_servo_control/science_servo_control/msg/rosidl_generator_c__visibility_control.h
[9.718s] -- Up-to-date: /home/urc/new-GUI/install/science_servo_control/include/science_servo_control/science_servo_control/srv
[9.718s] -- Up-to-date: /home/urc/new-GUI/install/science_servo_control/include/science_servo_control/science_servo_control/srv/raise_linear_actuator.h
[9.719s] -- Up-to-date: /home/urc/new-GUI/install/science_servo_control/include/science_servo_control/science_servo_control/srv/spin_centrifuge.h
[9.719s] -- Up-to-date: /home/urc/new-GUI/install/science_servo_control/include/science_servo_control/science_servo_control/srv/read_drum_position.h
[9.719s] -- Up-to-date: /home/urc/new-GUI/install/science_servo_control/include/science_servo_control/science_servo_control/srv/move_cuvette.h
[9.719s] -- Up-to-date: /home/urc/new-GUI/install/science_servo_control/include/science_servo_control/science_servo_control/srv/reboot_drum.h
[9.719s] -- Up-to-date: /home/urc/new-GUI/install/science_servo_control/include/science_servo_control/science_servo_control/srv/seal_drum.h
[9.719s] -- Up-to-date: /home/urc/new-GUI/install/science_servo_control/include/science_servo_control/science_servo_control/srv/lower_linear_actuator.h
[9.719s] -- Up-to-date: /home/urc/new-GUI/install/science_servo_control/include/science_servo_control/science_servo_control/srv/pre_mix_drum.h
[9.719s] -- Up-to-date: /home/urc/new-GUI/install/science_servo_control/include/science_servo_control/science_servo_control/srv/move_pump.h
[9.720s] -- Up-to-date: /home/urc/new-GUI/install/science_servo_control/include/science_servo_control/science_servo_control/srv/mix_sample.h
[9.720s] -- Up-to-date: /home/urc/new-GUI/install/science_servo_control/include/science_servo_control/science_servo_control/srv/scoop_sample.h
[9.720s] -- Up-to-date: /home/urc/new-GUI/install/science_servo_control/include/science_servo_control/science_servo_control/srv/free_move_drum.h
[9.720s] -- Up-to-date: /home/urc/new-GUI/install/science_servo_control/include/science_servo_control/science_servo_control/srv/detail
[9.720s] -- Up-to-date: /home/urc/new-GUI/install/science_servo_control/include/science_servo_control/science_servo_control/srv/detail/reboot_drum__type_support.h
[9.720s] -- Up-to-date: /home/urc/new-GUI/install/science_servo_control/include/science_servo_control/science_servo_control/srv/detail/pre_seal_drum__struct.h
[9.720s] -- Up-to-date: /home/urc/new-GUI/install/science_servo_control/include/science_servo_control/science_servo_control/srv/detail/scoop_sample__type_support.h
[9.721s] -- Up-to-date: /home/urc/new-GUI/install/science_servo_control/include/science_servo_control/science_servo_control/srv/detail/move_cuvette__struct.h
[9.721s] -- Up-to-date: /home/urc/new-GUI/install/science_servo_control/include/science_servo_control/science_servo_control/srv/detail/mix_sample__functions.h
[9.721s] -- Up-to-date: /home/urc/new-GUI/install/science_servo_control/include/science_servo_control/science_servo_control/srv/detail/write_gpio__functions.c
[9.721s] -- Up-to-date: /home/urc/new-GUI/install/science_servo_control/include/science_servo_control/science_servo_control/srv/detail/pre_mix_drum__functions.h
[9.721s] -- Up-to-date: /home/urc/new-GUI/install/science_servo_control/include/science_servo_control/science_servo_control/srv/detail/move_linear_actuator__functions.h
[9.721s] -- Up-to-date: /home/urc/new-GUI/install/science_servo_control/include/science_servo_control/science_servo_control/srv/detail/raise_linear_actuator__struct.h
[9.722s] -- Up-to-date: /home/urc/new-GUI/install/science_servo_control/include/science_servo_control/science_servo_control/srv/detail/move_cuvette__functions.h
[9.722s] -- Up-to-date: /home/urc/new-GUI/install/science_servo_control/include/science_servo_control/science_servo_control/srv/detail/spin_centrifuge__functions.h
[9.722s] -- Up-to-date: /home/urc/new-GUI/install/science_servo_control/include/science_servo_control/science_servo_control/srv/detail/move_linear_actuator__functions.c
[9.722s] -- Up-to-date: /home/urc/new-GUI/install/science_servo_control/include/science_servo_control/science_servo_control/srv/detail/move_pump__type_support.h
[9.722s] -- Up-to-date: /home/urc/new-GUI/install/science_servo_control/include/science_servo_control/science_servo_control/srv/detail/move_cuvette__type_support.h
[9.722s] -- Up-to-date: /home/urc/new-GUI/install/science_servo_control/include/science_servo_control/science_servo_control/srv/detail/mix_sample__struct.h
[9.722s] -- Up-to-date: /home/urc/new-GUI/install/science_servo_control/include/science_servo_control/science_servo_control/srv/detail/seal_drum__functions.h
[9.722s] -- Up-to-date: /home/urc/new-GUI/install/science_servo_control/include/science_servo_control/science_servo_control/srv/detail/move_linear_actuator__type_support.h
[9.723s] -- Up-to-date: /home/urc/new-GUI/install/science_servo_control/include/science_servo_control/science_servo_control/srv/detail/pre_seal_drum__type_support.h
[9.723s] -- Up-to-date: /home/urc/new-GUI/install/science_servo_control/include/science_servo_control/science_servo_control/srv/detail/pre_mix_drum__struct.h
[9.723s] -- Up-to-date: /home/urc/new-GUI/install/science_servo_control/include/science_servo_control/science_servo_control/srv/detail/seal_drum__struct.h
[9.723s] -- Up-to-date: /home/urc/new-GUI/install/science_servo_control/include/science_servo_control/science_servo_control/srv/detail/free_move_drum__type_support.h
[9.723s] -- Up-to-date: /home/urc/new-GUI/install/science_servo_control/include/science_servo_control/science_servo_control/srv/detail/move_pump__functions.h
[9.723s] -- Up-to-date: /home/urc/new-GUI/install/science_servo_control/include/science_servo_control/science_servo_control/srv/detail/raise_linear_actuator__type_support.h
[9.723s] -- Up-to-date: /home/urc/new-GUI/install/science_servo_control/include/science_servo_control/science_servo_control/srv/detail/move_pump__functions.c
[9.724s] -- Up-to-date: /home/urc/new-GUI/install/science_servo_control/include/science_servo_control/science_servo_control/srv/detail/scoop_sample__struct.h
[9.724s] -- Up-to-date: /home/urc/new-GUI/install/science_servo_control/include/science_servo_control/science_servo_control/srv/detail/move_linear_actuator__struct.h
[9.724s] -- Up-to-date: /home/urc/new-GUI/install/science_servo_control/include/science_servo_control/science_servo_control/srv/detail/seal_drum__functions.c
[9.724s] -- Up-to-date: /home/urc/new-GUI/install/science_servo_control/include/science_servo_control/science_servo_control/srv/detail/read_drum_position__type_support.h
[9.733s] -- Up-to-date: /home/urc/new-GUI/install/science_servo_control/include/science_servo_control/science_servo_control/srv/detail/lower_linear_actuator__functions.c
[9.734s] -- Up-to-date: /home/urc/new-GUI/install/science_servo_control/include/science_servo_control/science_servo_control/srv/detail/lower_linear_actuator__struct.h
[9.734s] -- Up-to-date: /home/urc/new-GUI/install/science_servo_control/include/science_servo_control/science_servo_control/srv/detail/spin_centrifuge__struct.h
[9.735s] -- Up-to-date: /home/urc/new-GUI/install/science_servo_control/include/science_servo_control/science_servo_control/srv/detail/lower_linear_actuator__type_support.h
[9.735s] -- Up-to-date: /home/urc/new-GUI/install/science_servo_control/include/science_servo_control/science_servo_control/srv/detail/reboot_drum__struct.h
[9.736s] -- Up-to-date: /home/urc/new-GUI/install/science_servo_control/include/science_servo_control/science_servo_control/srv/detail/free_move_drum__struct.h
[9.736s] -- Up-to-date: /home/urc/new-GUI/install/science_servo_control/include/science_servo_control/science_servo_control/srv/detail/pre_seal_drum__functions.c
[9.736s] -- Up-to-date: /home/urc/new-GUI/install/science_servo_control/include/science_servo_control/science_servo_control/srv/detail/spin_centrifuge__functions.c
[9.736s] -- Up-to-date: /home/urc/new-GUI/install/science_servo_control/include/science_servo_control/science_servo_control/srv/detail/write_gpio__struct.h
[9.736s] -- Up-to-date: /home/urc/new-GUI/install/science_servo_control/include/science_servo_control/science_servo_control/srv/detail/scoop_sample__functions.h
[9.736s] -- Up-to-date: /home/urc/new-GUI/install/science_servo_control/include/science_servo_control/science_servo_control/srv/detail/lower_linear_actuator__functions.h
[9.737s] -- Up-to-date: /home/urc/new-GUI/install/science_servo_control/include/science_servo_control/science_servo_control/srv/detail/read_drum_position__functions.c
[9.737s] -- Up-to-date: /home/urc/new-GUI/install/science_servo_control/include/science_servo_control/science_servo_control/srv/detail/move_pump__struct.h
[9.737s] -- Up-to-date: /home/urc/new-GUI/install/science_servo_control/include/science_servo_control/science_servo_control/srv/detail/move_cuvette__functions.c
[9.737s] -- Up-to-date: /home/urc/new-GUI/install/science_servo_control/include/science_servo_control/science_servo_control/srv/detail/seal_drum__type_support.h
[9.737s] -- Up-to-date: /home/urc/new-GUI/install/science_servo_control/include/science_servo_control/science_servo_control/srv/detail/raise_linear_actuator__functions.h
[9.737s] -- Up-to-date: /home/urc/new-GUI/install/science_servo_control/include/science_servo_control/science_servo_control/srv/detail/mix_sample__functions.c
[9.737s] -- Up-to-date: /home/urc/new-GUI/install/science_servo_control/include/science_servo_control/science_servo_control/srv/detail/read_drum_position__struct.h
[9.738s] -- Up-to-date: /home/urc/new-GUI/install/science_servo_control/include/science_servo_control/science_servo_control/srv/detail/reboot_drum__functions.c
[9.738s] -- Up-to-date: /home/urc/new-GUI/install/science_servo_control/include/science_servo_control/science_servo_control/srv/detail/free_move_drum__functions.c
[9.738s] -- Up-to-date: /home/urc/new-GUI/install/science_servo_control/include/science_servo_control/science_servo_control/srv/detail/write_gpio__type_support.h
[9.738s] -- Up-to-date: /home/urc/new-GUI/install/science_servo_control/include/science_servo_control/science_servo_control/srv/detail/pre_seal_drum__functions.h
[9.738s] -- Up-to-date: /home/urc/new-GUI/install/science_servo_control/include/science_servo_control/science_servo_control/srv/detail/spin_centrifuge__type_support.h
[9.738s] -- Up-to-date: /home/urc/new-GUI/install/science_servo_control/include/science_servo_control/science_servo_control/srv/detail/read_drum_position__functions.h
[9.738s] -- Up-to-date: /home/urc/new-GUI/install/science_servo_control/include/science_servo_control/science_servo_control/srv/detail/reboot_drum__functions.h
[9.738s] -- Up-to-date: /home/urc/new-GUI/install/science_servo_control/include/science_servo_control/science_servo_control/srv/detail/pre_mix_drum__type_support.h
[9.738s] -- Up-to-date: /home/urc/new-GUI/install/science_servo_control/include/science_servo_control/science_servo_control/srv/detail/pre_mix_drum__functions.c
[9.738s] -- Up-to-date: /home/urc/new-GUI/install/science_servo_control/include/science_servo_control/science_servo_control/srv/detail/write_gpio__functions.h
[9.739s] -- Up-to-date: /home/urc/new-GUI/install/science_servo_control/include/science_servo_control/science_servo_control/srv/detail/scoop_sample__functions.c
[9.739s] -- Up-to-date: /home/urc/new-GUI/install/science_servo_control/include/science_servo_control/science_servo_control/srv/detail/raise_linear_actuator__functions.c
[9.739s] -- Up-to-date: /home/urc/new-GUI/install/science_servo_control/include/science_servo_control/science_servo_control/srv/detail/mix_sample__type_support.h
[9.739s] -- Up-to-date: /home/urc/new-GUI/install/science_servo_control/include/science_servo_control/science_servo_control/srv/detail/free_move_drum__functions.h
[9.739s] -- Up-to-date: /home/urc/new-GUI/install/science_servo_control/include/science_servo_control/science_servo_control/srv/move_linear_actuator.h
[9.739s] -- Up-to-date: /home/urc/new-GUI/install/science_servo_control/include/science_servo_control/science_servo_control/srv/pre_seal_drum.h
[9.739s] -- Up-to-date: /home/urc/new-GUI/install/science_servo_control/include/science_servo_control/science_servo_control/srv/write_gpio.h
[9.739s] -- Up-to-date: /home/urc/new-GUI/install/science_servo_control/share/science_servo_control/environment/library_path.sh
[9.739s] -- Installing: /home/urc/new-GUI/install/science_servo_control/share/science_servo_control/environment/library_path.dsv
[9.739s] -- Up-to-date: /home/urc/new-GUI/install/science_servo_control/lib/libscience_servo_control__rosidl_generator_c.so
[9.739s] -- Up-to-date: /home/urc/new-GUI/install/science_servo_control/include/science_servo_control/science_servo_control
[9.740s] -- Up-to-date: /home/urc/new-GUI/install/science_servo_control/include/science_servo_control/science_servo_control/msg
[9.740s] -- Up-to-date: /home/urc/new-GUI/install/science_servo_control/include/science_servo_control/science_servo_control/msg/rosidl_typesupport_fastrtps_c__visibility_control.h
[9.740s] -- Up-to-date: /home/urc/new-GUI/install/science_servo_control/include/science_servo_control/science_servo_control/srv
[9.740s] -- Up-to-date: /home/urc/new-GUI/install/science_servo_control/include/science_servo_control/science_servo_control/srv/detail
[9.741s] -- Up-to-date: /home/urc/new-GUI/install/science_servo_control/include/science_servo_control/science_servo_control/srv/detail/pre_mix_drum__rosidl_typesupport_fastrtps_c.h
[9.741s] -- Up-to-date: /home/urc/new-GUI/install/science_servo_control/include/science_servo_control/science_servo_control/srv/detail/scoop_sample__rosidl_typesupport_fastrtps_c.h
[9.741s] -- Up-to-date: /home/urc/new-GUI/install/science_servo_control/include/science_servo_control/science_servo_control/srv/detail/free_move_drum__rosidl_typesupport_fastrtps_c.h
[9.741s] -- Up-to-date: /home/urc/new-GUI/install/science_servo_control/include/science_servo_control/science_servo_control/srv/detail/move_pump__rosidl_typesupport_fastrtps_c.h
[9.741s] -- Up-to-date: /home/urc/new-GUI/install/science_servo_control/include/science_servo_control/science_servo_control/srv/detail/seal_drum__rosidl_typesupport_fastrtps_c.h
[9.741s] -- Up-to-date: /home/urc/new-GUI/install/science_servo_control/include/science_servo_control/science_servo_control/srv/detail/spin_centrifuge__rosidl_typesupport_fastrtps_c.h
[9.741s] -- Up-to-date: /home/urc/new-GUI/install/science_servo_control/include/science_servo_control/science_servo_control/srv/detail/reboot_drum__rosidl_typesupport_fastrtps_c.h
[9.741s] -- Up-to-date: /home/urc/new-GUI/install/science_servo_control/include/science_servo_control/science_servo_control/srv/detail/move_linear_actuator__rosidl_typesupport_fastrtps_c.h
[9.742s] -- Up-to-date: /home/urc/new-GUI/install/science_servo_control/include/science_servo_control/science_servo_control/srv/detail/lower_linear_actuator__rosidl_typesupport_fastrtps_c.h
[9.742s] -- Up-to-date: /home/urc/new-GUI/install/science_servo_control/include/science_servo_control/science_servo_control/srv/detail/move_cuvette__rosidl_typesupport_fastrtps_c.h
[9.747s] -- Up-to-date: /home/urc/new-GUI/install/science_servo_control/include/science_servo_control/science_servo_control/srv/detail/read_drum_position__rosidl_typesupport_fastrtps_c.h
[9.747s] -- Up-to-date: /home/urc/new-GUI/install/science_servo_control/include/science_servo_control/science_servo_control/srv/detail/mix_sample__rosidl_typesupport_fastrtps_c.h
[9.747s] -- Up-to-date: /home/urc/new-GUI/install/science_servo_control/include/science_servo_control/science_servo_control/srv/detail/pre_seal_drum__rosidl_typesupport_fastrtps_c.h
[9.747s] -- Up-to-date: /home/urc/new-GUI/install/science_servo_control/include/science_servo_control/science_servo_control/srv/detail/write_gpio__rosidl_typesupport_fastrtps_c.h
[9.747s] -- Up-to-date: /home/urc/new-GUI/install/science_servo_control/include/science_servo_control/science_servo_control/srv/detail/raise_linear_actuator__rosidl_typesupport_fastrtps_c.h
[9.747s] -- Up-to-date: /home/urc/new-GUI/install/science_servo_control/lib/libscience_servo_control__rosidl_typesupport_fastrtps_c.so
[9.747s] -- Up-to-date: /home/urc/new-GUI/install/science_servo_control/include/science_servo_control/science_servo_control
[9.748s] -- Up-to-date: /home/urc/new-GUI/install/science_servo_control/include/science_servo_control/science_servo_control/msg
[9.748s] -- Up-to-date: /home/urc/new-GUI/install/science_servo_control/include/science_servo_control/science_servo_control/msg/rosidl_typesupport_introspection_c__visibility_control.h
[9.748s] -- Up-to-date: /home/urc/new-GUI/install/science_servo_control/include/science_servo_control/science_servo_control/srv
[9.748s] -- Up-to-date: /home/urc/new-GUI/install/science_servo_control/include/science_servo_control/science_servo_control/srv/detail
[9.748s] -- Up-to-date: /home/urc/new-GUI/install/science_servo_control/include/science_servo_control/science_servo_control/srv/detail/scoop_sample__type_support.c
[9.748s] -- Up-to-date: /home/urc/new-GUI/install/science_servo_control/include/science_servo_control/science_servo_control/srv/detail/reboot_drum__rosidl_typesupport_introspection_c.h
[9.748s] -- Up-to-date: /home/urc/new-GUI/install/science_servo_control/include/science_servo_control/science_servo_control/srv/detail/pre_mix_drum__rosidl_typesupport_introspection_c.h
[9.749s] -- Up-to-date: /home/urc/new-GUI/install/science_servo_control/include/science_servo_control/science_servo_control/srv/detail/seal_drum__rosidl_typesupport_introspection_c.h
[9.749s] -- Up-to-date: /home/urc/new-GUI/install/science_servo_control/include/science_servo_control/science_servo_control/srv/detail/reboot_drum__type_support.c
[9.749s] -- Up-to-date: /home/urc/new-GUI/install/science_servo_control/include/science_servo_control/science_servo_control/srv/detail/spin_centrifuge__type_support.c
[9.749s] -- Up-to-date: /home/urc/new-GUI/install/science_servo_control/include/science_servo_control/science_servo_control/srv/detail/mix_sample__rosidl_typesupport_introspection_c.h
[9.749s] -- Up-to-date: /home/urc/new-GUI/install/science_servo_control/include/science_servo_control/science_servo_control/srv/detail/move_cuvette__rosidl_typesupport_introspection_c.h
[9.749s] -- Up-to-date: /home/urc/new-GUI/install/science_servo_control/include/science_servo_control/science_servo_control/srv/detail/move_cuvette__type_support.c
[9.749s] -- Up-to-date: /home/urc/new-GUI/install/science_servo_control/include/science_servo_control/science_servo_control/srv/detail/scoop_sample__rosidl_typesupport_introspection_c.h
[9.749s] -- Up-to-date: /home/urc/new-GUI/install/science_servo_control/include/science_servo_control/science_servo_control/srv/detail/spin_centrifuge__rosidl_typesupport_introspection_c.h
[9.749s] -- Up-to-date: /home/urc/new-GUI/install/science_servo_control/include/science_servo_control/science_servo_control/srv/detail/move_pump__type_support.c
[9.749s] -- Up-to-date: /home/urc/new-GUI/install/science_servo_control/include/science_servo_control/science_servo_control/srv/detail/read_drum_position__type_support.c
[9.750s] -- Up-to-date: /home/urc/new-GUI/install/science_servo_control/include/science_servo_control/science_servo_control/srv/detail/move_pump__rosidl_typesupport_introspection_c.h
[9.750s] -- Up-to-date: /home/urc/new-GUI/install/science_servo_control/include/science_servo_control/science_servo_control/srv/detail/write_gpio__rosidl_typesupport_introspection_c.h
[9.750s] -- Up-to-date: /home/urc/new-GUI/install/science_servo_control/include/science_servo_control/science_servo_control/srv/detail/lower_linear_actuator__type_support.c
[9.750s] -- Up-to-date: /home/urc/new-GUI/install/science_servo_control/include/science_servo_control/science_servo_control/srv/detail/move_linear_actuator__rosidl_typesupport_introspection_c.h
[9.750s] -- Up-to-date: /home/urc/new-GUI/install/science_servo_control/include/science_servo_control/science_servo_control/srv/detail/pre_seal_drum__type_support.c
[9.750s] -- Up-to-date: /home/urc/new-GUI/install/science_servo_control/include/science_servo_control/science_servo_control/srv/detail/raise_linear_actuator__type_support.c
[9.750s] -- Up-to-date: /home/urc/new-GUI/install/science_servo_control/include/science_servo_control/science_servo_control/srv/detail/move_linear_actuator__type_support.c
[9.750s] -- Up-to-date: /home/urc/new-GUI/install/science_servo_control/include/science_servo_control/science_servo_control/srv/detail/seal_drum__type_support.c
[9.750s] -- Up-to-date: /home/urc/new-GUI/install/science_servo_control/include/science_servo_control/science_servo_control/srv/detail/read_drum_position__rosidl_typesupport_introspection_c.h
[9.750s] -- Up-to-date: /home/urc/new-GUI/install/science_servo_control/include/science_servo_control/science_servo_control/srv/detail/free_move_drum__type_support.c
[9.751s] -- Up-to-date: /home/urc/new-GUI/install/science_servo_control/include/science_servo_control/science_servo_control/srv/detail/pre_mix_drum__type_support.c
[9.751s] -- Up-to-date: /home/urc/new-GUI/install/science_servo_control/include/science_servo_control/science_servo_control/srv/detail/write_gpio__type_support.c
[9.751s] -- Up-to-date: /home/urc/new-GUI/install/science_servo_control/include/science_servo_control/science_servo_control/srv/detail/free_move_drum__rosidl_typesupport_introspection_c.h
[9.751s] -- Up-to-date: /home/urc/new-GUI/install/science_servo_control/include/science_servo_control/science_servo_control/srv/detail/pre_seal_drum__rosidl_typesupport_introspection_c.h
[9.751s] -- Up-to-date: /home/urc/new-GUI/install/science_servo_control/include/science_servo_control/science_servo_control/srv/detail/mix_sample__type_support.c
[9.751s] -- Up-to-date: /home/urc/new-GUI/install/science_servo_control/include/science_servo_control/science_servo_control/srv/detail/lower_linear_actuator__rosidl_typesupport_introspection_c.h
[9.751s] -- Up-to-date: /home/urc/new-GUI/install/science_servo_control/include/science_servo_control/science_servo_control/srv/detail/raise_linear_actuator__rosidl_typesupport_introspection_c.h
[9.752s] -- Up-to-date: /home/urc/new-GUI/install/science_servo_control/lib/libscience_servo_control__rosidl_typesupport_introspection_c.so
[9.752s] -- Up-to-date: /home/urc/new-GUI/install/science_servo_control/lib/libscience_servo_control__rosidl_typesupport_c.so
[9.752s] -- Up-to-date: /home/urc/new-GUI/install/science_servo_control/include/science_servo_control/science_servo_control
[9.752s] -- Up-to-date: /home/urc/new-GUI/install/science_servo_control/include/science_servo_control/science_servo_control/srv
[9.752s] -- Up-to-date: /home/urc/new-GUI/install/science_servo_control/include/science_servo_control/science_servo_control/srv/free_move_drum.hpp
[9.761s] -- Up-to-date: /home/urc/new-GUI/install/science_servo_control/include/science_servo_control/science_servo_control/srv/move_cuvette.hpp
[9.761s] -- Up-to-date: /home/urc/new-GUI/install/science_servo_control/include/science_servo_control/science_servo_control/srv/move_pump.hpp
[9.761s] -- Up-to-date: /home/urc/new-GUI/install/science_servo_control/include/science_servo_control/science_servo_control/srv/seal_drum.hpp
[9.762s] -- Up-to-date: /home/urc/new-GUI/install/science_servo_control/include/science_servo_control/science_servo_control/srv/write_gpio.hpp
[9.762s] -- Up-to-date: /home/urc/new-GUI/install/science_servo_control/include/science_servo_control/science_servo_control/srv/read_drum_position.hpp
[9.762s] -- Up-to-date: /home/urc/new-GUI/install/science_servo_control/include/science_servo_control/science_servo_control/srv/scoop_sample.hpp
[9.762s] -- Up-to-date: /home/urc/new-GUI/install/science_servo_control/include/science_servo_control/science_servo_control/srv/mix_sample.hpp
[9.762s] -- Up-to-date: /home/urc/new-GUI/install/science_servo_control/include/science_servo_control/science_servo_control/srv/move_linear_actuator.hpp
[9.762s] -- Up-to-date: /home/urc/new-GUI/install/science_servo_control/include/science_servo_control/science_servo_control/srv/reboot_drum.hpp
[9.762s] -- Up-to-date: /home/urc/new-GUI/install/science_servo_control/include/science_servo_control/science_servo_control/srv/raise_linear_actuator.hpp
[9.762s] -- Up-to-date: /home/urc/new-GUI/install/science_servo_control/include/science_servo_control/science_servo_control/srv/lower_linear_actuator.hpp
[9.762s] -- Up-to-date: /home/urc/new-GUI/install/science_servo_control/include/science_servo_control/science_servo_control/srv/detail
[9.763s] -- Up-to-date: /home/urc/new-GUI/install/science_servo_control/include/science_servo_control/science_servo_control/srv/detail/reboot_drum__struct.hpp
[9.763s] -- Up-to-date: /home/urc/new-GUI/install/science_servo_control/include/science_servo_control/science_servo_control/srv/detail/spin_centrifuge__traits.hpp
[9.763s] -- Up-to-date: /home/urc/new-GUI/install/science_servo_control/include/science_servo_control/science_servo_control/srv/detail/move_pump__struct.hpp
[9.763s] -- Up-to-date: /home/urc/new-GUI/install/science_servo_control/include/science_servo_control/science_servo_control/srv/detail/read_drum_position__struct.hpp
[9.763s] -- Up-to-date: /home/urc/new-GUI/install/science_servo_control/include/science_servo_control/science_servo_control/srv/detail/mix_sample__traits.hpp
[9.763s] -- Up-to-date: /home/urc/new-GUI/install/science_servo_control/include/science_servo_control/science_servo_control/srv/detail/write_gpio__struct.hpp
[9.763s] -- Up-to-date: /home/urc/new-GUI/install/science_servo_control/include/science_servo_control/science_servo_control/srv/detail/pre_seal_drum__builder.hpp
[9.764s] -- Up-to-date: /home/urc/new-GUI/install/science_servo_control/include/science_servo_control/science_servo_control/srv/detail/lower_linear_actuator__struct.hpp
[9.764s] -- Up-to-date: /home/urc/new-GUI/install/science_servo_control/include/science_servo_control/science_servo_control/srv/detail/write_gpio__traits.hpp
[9.764s] -- Up-to-date: /home/urc/new-GUI/install/science_servo_control/include/science_servo_control/science_servo_control/srv/detail/reboot_drum__traits.hpp
[9.764s] -- Up-to-date: /home/urc/new-GUI/install/science_servo_control/include/science_servo_control/science_servo_control/srv/detail/scoop_sample__builder.hpp
[9.764s] -- Up-to-date: /home/urc/new-GUI/install/science_servo_control/include/science_servo_control/science_servo_control/srv/detail/pre_mix_drum__builder.hpp
[9.764s] -- Up-to-date: /home/urc/new-GUI/install/science_servo_control/include/science_servo_control/science_servo_control/srv/detail/pre_seal_drum__struct.hpp
[9.765s] -- Up-to-date: /home/urc/new-GUI/install/science_servo_control/include/science_servo_control/science_servo_control/srv/detail/mix_sample__struct.hpp
[9.765s] -- Up-to-date: /home/urc/new-GUI/install/science_servo_control/include/science_servo_control/science_servo_control/srv/detail/free_move_drum__builder.hpp
[9.765s] -- Up-to-date: /home/urc/new-GUI/install/science_servo_control/include/science_servo_control/science_servo_control/srv/detail/spin_centrifuge__struct.hpp
[9.765s] -- Up-to-date: /home/urc/new-GUI/install/science_servo_control/include/science_servo_control/science_servo_control/srv/detail/pre_seal_drum__traits.hpp
[9.765s] -- Up-to-date: /home/urc/new-GUI/install/science_servo_control/include/science_servo_control/science_servo_control/srv/detail/move_cuvette__builder.hpp
[9.765s] -- Up-to-date: /home/urc/new-GUI/install/science_servo_control/include/science_servo_control/science_servo_control/srv/detail/lower_linear_actuator__traits.hpp
[9.766s] -- Up-to-date: /home/urc/new-GUI/install/science_servo_control/include/science_servo_control/science_servo_control/srv/detail/seal_drum__traits.hpp
[9.766s] -- Up-to-date: /home/urc/new-GUI/install/science_servo_control/include/science_servo_control/science_servo_control/srv/detail/move_cuvette__traits.hpp
[9.766s] -- Up-to-date: /home/urc/new-GUI/install/science_servo_control/include/science_servo_control/science_servo_control/srv/detail/reboot_drum__builder.hpp
[9.766s] -- Up-to-date: /home/urc/new-GUI/install/science_servo_control/include/science_servo_control/science_servo_control/srv/detail/scoop_sample__traits.hpp
[9.766s] -- Up-to-date: /home/urc/new-GUI/install/science_servo_control/include/science_servo_control/science_servo_control/srv/detail/read_drum_position__builder.hpp
[9.766s] -- Up-to-date: /home/urc/new-GUI/install/science_servo_control/include/science_servo_control/science_servo_control/srv/detail/move_pump__builder.hpp
[9.767s] -- Up-to-date: /home/urc/new-GUI/install/science_servo_control/include/science_servo_control/science_servo_control/srv/detail/write_gpio__builder.hpp
[9.767s] -- Up-to-date: /home/urc/new-GUI/install/science_servo_control/include/science_servo_control/science_servo_control/srv/detail/read_drum_position__traits.hpp
[9.767s] -- Up-to-date: /home/urc/new-GUI/install/science_servo_control/include/science_servo_control/science_servo_control/srv/detail/move_cuvette__struct.hpp
[9.767s] -- Up-to-date: /home/urc/new-GUI/install/science_servo_control/include/science_servo_control/science_servo_control/srv/detail/raise_linear_actuator__struct.hpp
[9.767s] -- Up-to-date: /home/urc/new-GUI/install/science_servo_control/include/science_servo_control/science_servo_control/srv/detail/seal_drum__builder.hpp
[9.768s] -- Up-to-date: /home/urc/new-GUI/install/science_servo_control/include/science_servo_control/science_servo_control/srv/detail/mix_sample__builder.hpp
[9.768s] -- Up-to-date: /home/urc/new-GUI/install/science_servo_control/include/science_servo_control/science_servo_control/srv/detail/pre_mix_drum__struct.hpp
[9.768s] -- Up-to-date: /home/urc/new-GUI/install/science_servo_control/include/science_servo_control/science_servo_control/srv/detail/free_move_drum__traits.hpp
[9.768s] -- Up-to-date: /home/urc/new-GUI/install/science_servo_control/include/science_servo_control/science_servo_control/srv/detail/seal_drum__struct.hpp
[9.768s] -- Up-to-date: /home/urc/new-GUI/install/science_servo_control/include/science_servo_control/science_servo_control/srv/detail/spin_centrifuge__builder.hpp
[9.772s] -- Up-to-date: /home/urc/new-GUI/install/science_servo_control/include/science_servo_control/science_servo_control/srv/detail/free_move_drum__struct.hpp
[9.773s] -- Up-to-date: /home/urc/new-GUI/install/science_servo_control/include/science_servo_control/science_servo_control/srv/detail/lower_linear_actuator__builder.hpp
[9.773s] -- Up-to-date: /home/urc/new-GUI/install/science_servo_control/include/science_servo_control/science_servo_control/srv/detail/raise_linear_actuator__traits.hpp
[9.773s] -- Up-to-date: /home/urc/new-GUI/install/science_servo_control/include/science_servo_control/science_servo_control/srv/detail/move_linear_actuator__builder.hpp
[9.773s] -- Up-to-date: /home/urc/new-GUI/install/science_servo_control/include/science_servo_control/science_servo_control/srv/detail/move_linear_actuator__traits.hpp
[9.773s] -- Up-to-date: /home/urc/new-GUI/install/science_servo_control/include/science_servo_control/science_servo_control/srv/detail/raise_linear_actuator__builder.hpp
[9.773s] -- Up-to-date: /home/urc/new-GUI/install/science_servo_control/include/science_servo_control/science_servo_control/srv/detail/scoop_sample__struct.hpp
[9.774s] -- Up-to-date: /home/urc/new-GUI/install/science_servo_control/include/science_servo_control/science_servo_control/srv/detail/move_pump__traits.hpp
[9.774s] -- Up-to-date: /home/urc/new-GUI/install/science_servo_control/include/science_servo_control/science_servo_control/srv/detail/pre_mix_drum__traits.hpp
[9.774s] -- Up-to-date: /home/urc/new-GUI/install/science_servo_control/include/science_servo_control/science_servo_control/srv/detail/move_linear_actuator__struct.hpp
[9.774s] -- Up-to-date: /home/urc/new-GUI/install/science_servo_control/include/science_servo_control/science_servo_control/srv/pre_mix_drum.hpp
[9.774s] -- Up-to-date: /home/urc/new-GUI/install/science_servo_control/include/science_servo_control/science_servo_control/srv/pre_seal_drum.hpp
[9.774s] -- Up-to-date: /home/urc/new-GUI/install/science_servo_control/include/science_servo_control/science_servo_control/srv/spin_centrifuge.hpp
[9.774s] -- Up-to-date: /home/urc/new-GUI/install/science_servo_control/include/science_servo_control/science_servo_control
[9.775s] -- Up-to-date: /home/urc/new-GUI/install/science_servo_control/include/science_servo_control/science_servo_control/msg
[9.775s] -- Up-to-date: /home/urc/new-GUI/install/science_servo_control/include/science_servo_control/science_servo_control/msg/rosidl_typesupport_fastrtps_cpp__visibility_control.h
[9.775s] -- Up-to-date: /home/urc/new-GUI/install/science_servo_control/include/science_servo_control/science_servo_control/srv
[9.775s] -- Up-to-date: /home/urc/new-GUI/install/science_servo_control/include/science_servo_control/science_servo_control/srv/detail
[9.775s] -- Up-to-date: /home/urc/new-GUI/install/science_servo_control/include/science_servo_control/science_servo_control/srv/detail/raise_linear_actuator__rosidl_typesupport_fastrtps_cpp.hpp
[9.775s] -- Up-to-date: /home/urc/new-GUI/install/science_servo_control/include/science_servo_control/science_servo_control/srv/detail/free_move_drum__rosidl_typesupport_fastrtps_cpp.hpp
[9.775s] -- Up-to-date: /home/urc/new-GUI/install/science_servo_control/include/science_servo_control/science_servo_control/srv/detail/read_drum_position__rosidl_typesupport_fastrtps_cpp.hpp
[9.775s] -- Up-to-date: /home/urc/new-GUI/install/science_servo_control/include/science_servo_control/science_servo_control/srv/detail/move_linear_actuator__rosidl_typesupport_fastrtps_cpp.hpp
[9.776s] -- Up-to-date: /home/urc/new-GUI/install/science_servo_control/include/science_servo_control/science_servo_control/srv/detail/seal_drum__rosidl_typesupport_fastrtps_cpp.hpp
[9.776s] -- Up-to-date: /home/urc/new-GUI/install/science_servo_control/include/science_servo_control/science_servo_control/srv/detail/lower_linear_actuator__rosidl_typesupport_fastrtps_cpp.hpp
[9.776s] -- Up-to-date: /home/urc/new-GUI/install/science_servo_control/include/science_servo_control/science_servo_control/srv/detail/pre_mix_drum__rosidl_typesupport_fastrtps_cpp.hpp
[9.776s] -- Up-to-date: /home/urc/new-GUI/install/science_servo_control/include/science_servo_control/science_servo_control/srv/detail/pre_seal_drum__rosidl_typesupport_fastrtps_cpp.hpp
[9.776s] -- Up-to-date: /home/urc/new-GUI/install/science_servo_control/include/science_servo_control/science_servo_control/srv/detail/spin_centrifuge__rosidl_typesupport_fastrtps_cpp.hpp
[9.776s] -- Up-to-date: /home/urc/new-GUI/install/science_servo_control/include/science_servo_control/science_servo_control/srv/detail/write_gpio__rosidl_typesupport_fastrtps_cpp.hpp
[9.776s] -- Up-to-date: /home/urc/new-GUI/install/science_servo_control/include/science_servo_control/science_servo_control/srv/detail/dds_fastrtps
[9.777s] -- Up-to-date: /home/urc/new-GUI/install/science_servo_control/include/science_servo_control/science_servo_control/srv/detail/mix_sample__rosidl_typesupport_fastrtps_cpp.hpp
[9.777s] -- Up-to-date: /home/urc/new-GUI/install/science_servo_control/include/science_servo_control/science_servo_control/srv/detail/scoop_sample__rosidl_typesupport_fastrtps_cpp.hpp
[9.777s] -- Up-to-date: /home/urc/new-GUI/install/science_servo_control/include/science_servo_control/science_servo_control/srv/detail/move_cuvette__rosidl_typesupport_fastrtps_cpp.hpp
[9.777s] -- Up-to-date: /home/urc/new-GUI/install/science_servo_control/include/science_servo_control/science_servo_control/srv/detail/reboot_drum__rosidl_typesupport_fastrtps_cpp.hpp
[9.778s] -- Up-to-date: /home/urc/new-GUI/install/science_servo_control/include/science_servo_control/science_servo_control/srv/detail/move_pump__rosidl_typesupport_fastrtps_cpp.hpp
[9.778s] -- Up-to-date: /home/urc/new-GUI/install/science_servo_control/lib/libscience_servo_control__rosidl_typesupport_fastrtps_cpp.so
[9.778s] -- Up-to-date: /home/urc/new-GUI/install/science_servo_control/include/science_servo_control/science_servo_control
[9.778s] -- Up-to-date: /home/urc/new-GUI/install/science_servo_control/include/science_servo_control/science_servo_control/srv
[9.778s] -- Up-to-date: /home/urc/new-GUI/install/science_servo_control/include/science_servo_control/science_servo_control/srv/detail
[9.778s] -- Up-to-date: /home/urc/new-GUI/install/science_servo_control/include/science_servo_control/science_servo_control/srv/detail/spin_centrifuge__type_support.cpp
[9.779s] -- Up-to-date: /home/urc/new-GUI/install/science_servo_control/include/science_servo_control/science_servo_control/srv/detail/pre_seal_drum__type_support.cpp
[9.779s] -- Up-to-date: /home/urc/new-GUI/install/science_servo_control/include/science_servo_control/science_servo_control/srv/detail/move_linear_actuator__rosidl_typesupport_introspection_cpp.hpp
[9.779s] -- Up-to-date: /home/urc/new-GUI/install/science_servo_control/include/science_servo_control/science_servo_control/srv/detail/move_cuvette__rosidl_typesupport_introspection_cpp.hpp
[9.779s] -- Up-to-date: /home/urc/new-GUI/install/science_servo_control/include/science_servo_control/science_servo_control/srv/detail/move_pump__rosidl_typesupport_introspection_cpp.hpp
[9.779s] -- Up-to-date: /home/urc/new-GUI/install/science_servo_control/include/science_servo_control/science_servo_control/srv/detail/free_move_drum__type_support.cpp
[9.779s] -- Up-to-date: /home/urc/new-GUI/install/science_servo_control/include/science_servo_control/science_servo_control/srv/detail/read_drum_position__rosidl_typesupport_introspection_cpp.hpp
[9.779s] -- Up-to-date: /home/urc/new-GUI/install/science_servo_control/include/science_servo_control/science_servo_control/srv/detail/move_pump__type_support.cpp
[9.779s] -- Up-to-date: /home/urc/new-GUI/install/science_servo_control/include/science_servo_control/science_servo_control/srv/detail/mix_sample__rosidl_typesupport_introspection_cpp.hpp
[9.779s] -- Up-to-date: /home/urc/new-GUI/install/science_servo_control/include/science_servo_control/science_servo_control/srv/detail/pre_seal_drum__rosidl_typesupport_introspection_cpp.hpp
[9.780s] -- Up-to-date: /home/urc/new-GUI/install/science_servo_control/include/science_servo_control/science_servo_control/srv/detail/move_linear_actuator__type_support.cpp
[9.780s] -- Up-to-date: /home/urc/new-GUI/install/science_servo_control/include/science_servo_control/science_servo_control/srv/detail/read_drum_position__type_support.cpp
[9.780s] -- Up-to-date: /home/urc/new-GUI/install/science_servo_control/include/science_servo_control/science_servo_control/srv/detail/reboot_drum__rosidl_typesupport_introspection_cpp.hpp
[9.780s] -- Up-to-date: /home/urc/new-GUI/install/science_servo_control/include/science_servo_control/science_servo_control/srv/detail/scoop_sample__type_support.cpp
[9.780s] -- Up-to-date: /home/urc/new-GUI/install/science_servo_control/include/science_servo_control/science_servo_control/srv/detail/move_cuvette__type_support.cpp
[9.780s] -- Up-to-date: /home/urc/new-GUI/install/science_servo_control/include/science_servo_control/science_servo_control/srv/detail/seal_drum__rosidl_typesupport_introspection_cpp.hpp
[9.788s] -- Up-to-date: /home/urc/new-GUI/install/science_servo_control/include/science_servo_control/science_servo_control/srv/detail/free_move_drum__rosidl_typesupport_introspection_cpp.hpp
[9.789s] -- Up-to-date: /home/urc/new-GUI/install/science_servo_control/include/science_servo_control/science_servo_control/srv/detail/spin_centrifuge__rosidl_typesupport_introspection_cpp.hpp
[9.789s] -- Up-to-date: /home/urc/new-GUI/install/science_servo_control/include/science_servo_control/science_servo_control/srv/detail/scoop_sample__rosidl_typesupport_introspection_cpp.hpp
[9.789s] -- Up-to-date: /home/urc/new-GUI/install/science_servo_control/include/science_servo_control/science_servo_control/srv/detail/pre_mix_drum__rosidl_typesupport_introspection_cpp.hpp
[9.789s] -- Up-to-date: /home/urc/new-GUI/install/science_servo_control/include/science_servo_control/science_servo_control/srv/detail/lower_linear_actuator__rosidl_typesupport_introspection_cpp.hpp
[9.789s] -- Up-to-date: /home/urc/new-GUI/install/science_servo_control/include/science_servo_control/science_servo_control/srv/detail/pre_mix_drum__type_support.cpp
[9.789s] -- Up-to-date: /home/urc/new-GUI/install/science_servo_control/include/science_servo_control/science_servo_control/srv/detail/reboot_drum__type_support.cpp
[9.790s] -- Up-to-date: /home/urc/new-GUI/install/science_servo_control/include/science_servo_control/science_servo_control/srv/detail/seal_drum__type_support.cpp
[9.790s] -- Up-to-date: /home/urc/new-GUI/install/science_servo_control/include/science_servo_control/science_servo_control/srv/detail/write_gpio__type_support.cpp
[9.790s] -- Up-to-date: /home/urc/new-GUI/install/science_servo_control/include/science_servo_control/science_servo_control/srv/detail/lower_linear_actuator__type_support.cpp
[9.790s] -- Up-to-date: /home/urc/new-GUI/install/science_servo_control/include/science_servo_control/science_servo_control/srv/detail/raise_linear_actuator__type_support.cpp
[9.790s] -- Up-to-date: /home/urc/new-GUI/install/science_servo_control/include/science_servo_control/science_servo_control/srv/detail/mix_sample__type_support.cpp
[9.790s] -- Up-to-date: /home/urc/new-GUI/install/science_servo_control/include/science_servo_control/science_servo_control/srv/detail/write_gpio__rosidl_typesupport_introspection_cpp.hpp
[9.790s] -- Up-to-date: /home/urc/new-GUI/install/science_servo_control/include/science_servo_control/science_servo_control/srv/detail/raise_linear_actuator__rosidl_typesupport_introspection_cpp.hpp
[9.790s] -- Up-to-date: /home/urc/new-GUI/install/science_servo_control/lib/libscience_servo_control__rosidl_typesupport_introspection_cpp.so
[9.790s] -- Up-to-date: /home/urc/new-GUI/install/science_servo_control/lib/libscience_servo_control__rosidl_typesupport_cpp.so
[9.790s] -- Up-to-date: /home/urc/new-GUI/install/science_servo_control/share/science_servo_control/environment/pythonpath.sh
[9.791s] -- Installing: /home/urc/new-GUI/install/science_servo_control/share/science_servo_control/environment/pythonpath.dsv
[9.791s] -- Up-to-date: /home/urc/new-GUI/install/science_servo_control/local/lib/python3.10/dist-packages/science_servo_control-0.0.0-py3.10.egg-info
[9.791s] -- Installing: /home/urc/new-GUI/install/science_servo_control/local/lib/python3.10/dist-packages/science_servo_control-0.0.0-py3.10.egg-info/PKG-INFO
[9.791s] -- Installing: /home/urc/new-GUI/install/science_servo_control/local/lib/python3.10/dist-packages/science_servo_control-0.0.0-py3.10.egg-info/dependency_links.txt
[9.791s] -- Installing: /home/urc/new-GUI/install/science_servo_control/local/lib/python3.10/dist-packages/science_servo_control-0.0.0-py3.10.egg-info/top_level.txt
[9.791s] -- Installing: /home/urc/new-GUI/install/science_servo_control/local/lib/python3.10/dist-packages/science_servo_control-0.0.0-py3.10.egg-info/SOURCES.txt
[9.791s] -- Up-to-date: /home/urc/new-GUI/install/science_servo_control/local/lib/python3.10/dist-packages/science_servo_control
[9.791s] -- Up-to-date: /home/urc/new-GUI/install/science_servo_control/local/lib/python3.10/dist-packages/science_servo_control/_science_servo_control_s.ep.rosidl_typesupport_fastrtps_c.c
[9.791s] -- Up-to-date: /home/urc/new-GUI/install/science_servo_control/local/lib/python3.10/dist-packages/science_servo_control/libscience_servo_control__rosidl_generator_py.so
[9.791s] -- Up-to-date: /home/urc/new-GUI/install/science_servo_control/local/lib/python3.10/dist-packages/science_servo_control/science_servo_control_s__rosidl_typesupport_fastrtps_c.cpython-310-x86_64-linux-gnu.so
[9.792s] -- Up-to-date: /home/urc/new-GUI/install/science_servo_control/local/lib/python3.10/dist-packages/science_servo_control/science_servo_control_s__rosidl_typesupport_c.cpython-310-x86_64-linux-gnu.so
[9.792s] -- Installing: /home/urc/new-GUI/install/science_servo_control/local/lib/python3.10/dist-packages/science_servo_control/__init__.py
[9.792s] -- Up-to-date: /home/urc/new-GUI/install/science_servo_control/local/lib/python3.10/dist-packages/science_servo_control/science_servo_control_s__rosidl_typesupport_introspection_c.cpython-310-x86_64-linux-gnu.so
[9.792s] -- Up-to-date: /home/urc/new-GUI/install/science_servo_control/local/lib/python3.10/dist-packages/science_servo_control/srv
[9.792s] -- Up-to-date: /home/urc/new-GUI/install/science_servo_control/local/lib/python3.10/dist-packages/science_servo_control/srv/_write_gpio.py
[9.792s] -- Up-to-date: /home/urc/new-GUI/install/science_servo_control/local/lib/python3.10/dist-packages/science_servo_control/srv/_write_gpio_s.c
[9.792s] -- Up-to-date: /home/urc/new-GUI/install/science_servo_control/local/lib/python3.10/dist-packages/science_servo_control/srv/_spin_centrifuge.py
[9.792s] -- Up-to-date: /home/urc/new-GUI/install/science_servo_control/local/lib/python3.10/dist-packages/science_servo_control/srv/_mix_sample_s.c
[9.792s] -- Up-to-date: /home/urc/new-GUI/install/science_servo_control/local/lib/python3.10/dist-packages/science_servo_control/srv/_move_pump.py
[9.793s] -- Up-to-date: /home/urc/new-GUI/install/science_servo_control/local/lib/python3.10/dist-packages/science_servo_control/srv/_read_drum_position_s.c
[9.793s] -- Up-to-date: /home/urc/new-GUI/install/science_servo_control/local/lib/python3.10/dist-packages/science_servo_control/srv/_raise_linear_actuator.py
[9.793s] -- Up-to-date: /home/urc/new-GUI/install/science_servo_control/local/lib/python3.10/dist-packages/science_servo_control/srv/_scoop_sample_s.c
[9.793s] -- Up-to-date: /home/urc/new-GUI/install/science_servo_control/local/lib/python3.10/dist-packages/science_servo_control/srv/__init__.py
[9.793s] -- Up-to-date: /home/urc/new-GUI/install/science_servo_control/local/lib/python3.10/dist-packages/science_servo_control/srv/_seal_drum.py
[9.793s] -- Up-to-date: /home/urc/new-GUI/install/science_servo_control/local/lib/python3.10/dist-packages/science_servo_control/srv/_pre_seal_drum.py
[9.793s] -- Up-to-date: /home/urc/new-GUI/install/science_servo_control/local/lib/python3.10/dist-packages/science_servo_control/srv/_spin_centrifuge_s.c
[9.793s] -- Up-to-date: /home/urc/new-GUI/install/science_servo_control/local/lib/python3.10/dist-packages/science_servo_control/srv/_seal_drum_s.c
[9.793s] -- Up-to-date: /home/urc/new-GUI/install/science_servo_control/local/lib/python3.10/dist-packages/science_servo_control/srv/_move_linear_actuator.py
[9.794s] -- Up-to-date: /home/urc/new-GUI/install/science_servo_control/local/lib/python3.10/dist-packages/science_servo_control/srv/_lower_linear_actuator.py
[9.794s] -- Up-to-date: /home/urc/new-GUI/install/science_servo_control/local/lib/python3.10/dist-packages/science_servo_control/srv/_mix_sample.py
[9.794s] -- Up-to-date: /home/urc/new-GUI/install/science_servo_control/local/lib/python3.10/dist-packages/science_servo_control/srv/_lower_linear_actuator_s.c
[9.794s] -- Up-to-date: /home/urc/new-GUI/install/science_servo_control/local/lib/python3.10/dist-packages/science_servo_control/srv/_scoop_sample.py
[9.794s] -- Up-to-date: /home/urc/new-GUI/install/science_servo_control/local/lib/python3.10/dist-packages/science_servo_control/srv/_free_move_drum.py
[9.794s] -- Up-to-date: /home/urc/new-GUI/install/science_servo_control/local/lib/python3.10/dist-packages/science_servo_control/srv/_move_pump_s.c
[9.794s] -- Up-to-date: /home/urc/new-GUI/install/science_servo_control/local/lib/python3.10/dist-packages/science_servo_control/srv/_move_cuvette.py
[9.794s] -- Up-to-date: /home/urc/new-GUI/install/science_servo_control/local/lib/python3.10/dist-packages/science_servo_control/srv/_pre_mix_drum_s.c
[9.795s] -- Up-to-date: /home/urc/new-GUI/install/science_servo_control/local/lib/python3.10/dist-packages/science_servo_control/srv/_free_move_drum_s.c
[9.795s] -- Up-to-date: /home/urc/new-GUI/install/science_servo_control/local/lib/python3.10/dist-packages/science_servo_control/srv/_move_cuvette_s.c
[9.795s] -- Up-to-date: /home/urc/new-GUI/install/science_servo_control/local/lib/python3.10/dist-packages/science_servo_control/srv/_reboot_drum.py
[9.795s] -- Up-to-date: /home/urc/new-GUI/install/science_servo_control/local/lib/python3.10/dist-packages/science_servo_control/srv/_pre_mix_drum.py
[9.795s] -- Up-to-date: /home/urc/new-GUI/install/science_servo_control/local/lib/python3.10/dist-packages/science_servo_control/srv/_reboot_drum_s.c
[9.795s] -- Up-to-date: /home/urc/new-GUI/install/science_servo_control/local/lib/python3.10/dist-packages/science_servo_control/srv/_read_drum_position.py
[9.795s] -- Up-to-date: /home/urc/new-GUI/install/science_servo_control/local/lib/python3.10/dist-packages/science_servo_control/srv/_pre_seal_drum_s.c
[9.795s] -- Up-to-date: /home/urc/new-GUI/install/science_servo_control/local/lib/python3.10/dist-packages/science_servo_control/srv/_raise_linear_actuator_s.c
[9.796s] -- Up-to-date: /home/urc/new-GUI/install/science_servo_control/local/lib/python3.10/dist-packages/science_servo_control/srv/_move_linear_actuator_s.c
[9.796s] -- Up-to-date: /home/urc/new-GUI/install/science_servo_control/local/lib/python3.10/dist-packages/science_servo_control/_science_servo_control_s.ep.rosidl_typesupport_introspection_c.c
[9.796s] -- Up-to-date: /home/urc/new-GUI/install/science_servo_control/local/lib/python3.10/dist-packages/science_servo_control/_science_servo_control_s.ep.rosidl_typesupport_c.c
[9.819s] Listing '/home/urc/new-GUI/install/science_servo_control/local/lib/python3.10/dist-packages/science_servo_control'...
[9.820s] Compiling '/home/urc/new-GUI/install/science_servo_control/local/lib/python3.10/dist-packages/science_servo_control/__init__.py'...
[9.820s] Listing '/home/urc/new-GUI/install/science_servo_control/local/lib/python3.10/dist-packages/science_servo_control/srv'...
[9.830s] -- Up-to-date: /home/urc/new-GUI/install/science_servo_control/local/lib/python3.10/dist-packages/science_servo_control/science_servo_control_s__rosidl_typesupport_fastrtps_c.cpython-310-x86_64-linux-gnu.so
[9.831s] -- Up-to-date: /home/urc/new-GUI/install/science_servo_control/local/lib/python3.10/dist-packages/science_servo_control/science_servo_control_s__rosidl_typesupport_introspection_c.cpython-310-x86_64-linux-gnu.so
[9.831s] -- Up-to-date: /home/urc/new-GUI/install/science_servo_control/local/lib/python3.10/dist-packages/science_servo_control/science_servo_control_s__rosidl_typesupport_c.cpython-310-x86_64-linux-gnu.so
[9.832s] -- Up-to-date: /home/urc/new-GUI/install/science_servo_control/lib/libscience_servo_control__rosidl_generator_py.so
[9.832s] -- Up-to-date: /home/urc/new-GUI/install/science_servo_control/share/science_servo_control/srv/LowerLinearActuator.idl
[9.833s] -- Up-to-date: /home/urc/new-GUI/install/science_servo_control/share/science_servo_control/srv/FreeMoveDrum.idl
[9.833s] -- Up-to-date: /home/urc/new-GUI/install/science_servo_control/share/science_servo_control/srv/MixSample.idl
[9.833s] -- Up-to-date: /home/urc/new-GUI/install/science_servo_control/share/science_servo_control/srv/MoveCuvette.idl
[9.834s] -- Up-to-date: /home/urc/new-GUI/install/science_servo_control/share/science_servo_control/srv/MoveLinearActuator.idl
[9.834s] -- Up-to-date: /home/urc/new-GUI/install/science_servo_control/share/science_servo_control/srv/MovePump.idl
[9.835s] -- Up-to-date: /home/urc/new-GUI/install/science_servo_control/share/science_servo_control/srv/PreMixDrum.idl
[9.835s] -- Up-to-date: /home/urc/new-GUI/install/science_servo_control/share/science_servo_control/srv/PreSealDrum.idl
[9.835s] -- Up-to-date: /home/urc/new-GUI/install/science_servo_control/share/science_servo_control/srv/RaiseLinearActuator.idl
[9.836s] -- Up-to-date: /home/urc/new-GUI/install/science_servo_control/share/science_servo_control/srv/ReadDrumPosition.idl
[9.836s] -- Up-to-date: /home/urc/new-GUI/install/science_servo_control/share/science_servo_control/srv/RebootDrum.idl
[9.836s] -- Up-to-date: /home/urc/new-GUI/install/science_servo_control/share/science_servo_control/srv/ScoopSample.idl
[9.837s] -- Up-to-date: /home/urc/new-GUI/install/science_servo_control/share/science_servo_control/srv/SealDrum.idl
[9.837s] -- Up-to-date: /home/urc/new-GUI/install/science_servo_control/share/science_servo_control/srv/SpinCentrifuge.idl
[9.837s] -- Up-to-date: /home/urc/new-GUI/install/science_servo_control/share/science_servo_control/srv/WriteGPIO.idl
[9.837s] -- Up-to-date: /home/urc/new-GUI/install/science_servo_control/share/science_servo_control/srv/LowerLinearActuator.srv
[9.837s] -- Up-to-date: /home/urc/new-GUI/install/science_servo_control/share/science_servo_control/srv/LowerLinearActuator_Request.msg
[9.837s] -- Up-to-date: /home/urc/new-GUI/install/science_servo_control/share/science_servo_control/srv/LowerLinearActuator_Response.msg
[9.837s] -- Up-to-date: /home/urc/new-GUI/install/science_servo_control/share/science_servo_control/srv/FreeMoveDrum.srv
[9.838s] -- Up-to-date: /home/urc/new-GUI/install/science_servo_control/share/science_servo_control/srv/FreeMoveDrum_Request.msg
[9.838s] -- Up-to-date: /home/urc/new-GUI/install/science_servo_control/share/science_servo_control/srv/FreeMoveDrum_Response.msg
[9.838s] -- Up-to-date: /home/urc/new-GUI/install/science_servo_control/share/science_servo_control/srv/MixSample.srv
[9.838s] -- Up-to-date: /home/urc/new-GUI/install/science_servo_control/share/science_servo_control/srv/MixSample_Request.msg
[9.838s] -- Up-to-date: /home/urc/new-GUI/install/science_servo_control/share/science_servo_control/srv/MixSample_Response.msg
[9.838s] -- Up-to-date: /home/urc/new-GUI/install/science_servo_control/share/science_servo_control/srv/MoveCuvette.srv
[9.838s] -- Up-to-date: /home/urc/new-GUI/install/science_servo_control/share/science_servo_control/srv/MoveCuvette_Request.msg
[9.839s] -- Up-to-date: /home/urc/new-GUI/install/science_servo_control/share/science_servo_control/srv/MoveCuvette_Response.msg
[9.839s] -- Up-to-date: /home/urc/new-GUI/install/science_servo_control/share/science_servo_control/srv/MoveLinearActuator.srv
[9.839s] -- Up-to-date: /home/urc/new-GUI/install/science_servo_control/share/science_servo_control/srv/MoveLinearActuator_Request.msg
[9.839s] -- Up-to-date: /home/urc/new-GUI/install/science_servo_control/share/science_servo_control/srv/MoveLinearActuator_Response.msg
[9.839s] -- Up-to-date: /home/urc/new-GUI/install/science_servo_control/share/science_servo_control/srv/MovePump.srv
[9.839s] -- Up-to-date: /home/urc/new-GUI/install/science_servo_control/share/science_servo_control/srv/MovePump_Request.msg
[9.839s] -- Up-to-date: /home/urc/new-GUI/install/science_servo_control/share/science_servo_control/srv/MovePump_Response.msg
[9.840s] -- Up-to-date: /home/urc/new-GUI/install/science_servo_control/share/science_servo_control/srv/PreMixDrum.srv
[9.840s] -- Up-to-date: /home/urc/new-GUI/install/science_servo_control/share/science_servo_control/srv/PreMixDrum_Request.msg
[9.840s] -- Up-to-date: /home/urc/new-GUI/install/science_servo_control/share/science_servo_control/srv/PreMixDrum_Response.msg
[9.840s] -- Up-to-date: /home/urc/new-GUI/install/science_servo_control/share/science_servo_control/srv/PreSealDrum.srv
[9.840s] -- Up-to-date: /home/urc/new-GUI/install/science_servo_control/share/science_servo_control/srv/PreSealDrum_Request.msg
[9.840s] -- Up-to-date: /home/urc/new-GUI/install/science_servo_control/share/science_servo_control/srv/PreSealDrum_Response.msg
[9.840s] -- Up-to-date: /home/urc/new-GUI/install/science_servo_control/share/science_servo_control/srv/RaiseLinearActuator.srv
[9.841s] -- Up-to-date: /home/urc/new-GUI/install/science_servo_control/share/science_servo_control/srv/RaiseLinearActuator_Request.msg
[9.843s] -- Up-to-date: /home/urc/new-GUI/install/science_servo_control/share/science_servo_control/srv/RaiseLinearActuator_Response.msg
[9.843s] -- Up-to-date: /home/urc/new-GUI/install/science_servo_control/share/science_servo_control/srv/ReadDrumPosition.srv
[9.844s] -- Up-to-date: /home/urc/new-GUI/install/science_servo_control/share/science_servo_control/srv/ReadDrumPosition_Request.msg
[9.844s] -- Up-to-date: /home/urc/new-GUI/install/science_servo_control/share/science_servo_control/srv/ReadDrumPosition_Response.msg
[9.845s] -- Up-to-date: /home/urc/new-GUI/install/science_servo_control/share/science_servo_control/srv/RebootDrum.srv
[9.845s] -- Up-to-date: /home/urc/new-GUI/install/science_servo_control/share/science_servo_control/srv/RebootDrum_Request.msg
[9.845s] -- Up-to-date: /home/urc/new-GUI/install/science_servo_control/share/science_servo_control/srv/RebootDrum_Response.msg
[9.845s] -- Up-to-date: /home/urc/new-GUI/install/science_servo_control/share/science_servo_control/srv/ScoopSample.srv
[9.845s] -- Up-to-date: /home/urc/new-GUI/install/science_servo_control/share/science_servo_control/srv/ScoopSample_Request.msg
[9.846s] -- Up-to-date: /home/urc/new-GUI/install/science_servo_control/share/science_servo_control/srv/ScoopSample_Response.msg
[9.846s] -- Up-to-date: /home/urc/new-GUI/install/science_servo_control/share/science_servo_control/srv/SealDrum.srv
[9.846s] -- Up-to-date: /home/urc/new-GUI/install/science_servo_control/share/science_servo_control/srv/SealDrum_Request.msg
[9.846s] -- Up-to-date: /home/urc/new-GUI/install/science_servo_control/share/science_servo_control/srv/SealDrum_Response.msg
[9.846s] -- Up-to-date: /home/urc/new-GUI/install/science_servo_control/share/science_servo_control/srv/SpinCentrifuge.srv
[9.846s] -- Up-to-date: /home/urc/new-GUI/install/science_servo_control/share/science_servo_control/srv/SpinCentrifuge_Request.msg
[9.847s] -- Up-to-date: /home/urc/new-GUI/install/science_servo_control/share/science_servo_control/srv/SpinCentrifuge_Response.msg
[9.847s] -- Up-to-date: /home/urc/new-GUI/install/science_servo_control/share/science_servo_control/srv/WriteGPIO.srv
[9.847s] -- Up-to-date: /home/urc/new-GUI/install/science_servo_control/share/science_servo_control/srv/WriteGPIO_Request.msg
[9.847s] -- Up-to-date: /home/urc/new-GUI/install/science_servo_control/share/science_servo_control/srv/WriteGPIO_Response.msg
[9.847s] -- Up-to-date: /home/urc/new-GUI/install/science_servo_control/share/ament_index/resource_index/package_run_dependencies/science_servo_control
[9.847s] -- Up-to-date: /home/urc/new-GUI/install/science_servo_control/share/ament_index/resource_index/parent_prefix_path/science_servo_control
[9.847s] -- Up-to-date: /home/urc/new-GUI/install/science_servo_control/share/science_servo_control/environment/ament_prefix_path.sh
[9.848s] -- Installing: /home/urc/new-GUI/install/science_servo_control/share/science_servo_control/environment/ament_prefix_path.dsv
[9.848s] -- Up-to-date: /home/urc/new-GUI/install/science_servo_control/share/science_servo_control/environment/path.sh
[9.848s] -- Installing: /home/urc/new-GUI/install/science_servo_control/share/science_servo_control/environment/path.dsv
[9.848s] -- Up-to-date: /home/urc/new-GUI/install/science_servo_control/share/science_servo_control/local_setup.bash
[9.848s] -- Up-to-date: /home/urc/new-GUI/install/science_servo_control/share/science_servo_control/local_setup.sh
[9.848s] -- Up-to-date: /home/urc/new-GUI/install/science_servo_control/share/science_servo_control/local_setup.zsh
[9.848s] -- Installing: /home/urc/new-GUI/install/science_servo_control/share/science_servo_control/local_setup.dsv
[9.849s] -- Installing: /home/urc/new-GUI/install/science_servo_control/share/science_servo_control/package.dsv
[9.849s] -- Up-to-date: /home/urc/new-GUI/install/science_servo_control/share/ament_index/resource_index/packages/science_servo_control
[9.849s] -- Up-to-date: /home/urc/new-GUI/install/science_servo_control/share/science_servo_control/cmake/export_science_servo_control__rosidl_generator_cExport.cmake
[9.849s] -- Up-to-date: /home/urc/new-GUI/install/science_servo_control/share/science_servo_control/cmake/export_science_servo_control__rosidl_generator_cExport-noconfig.cmake
[9.849s] -- Up-to-date: /home/urc/new-GUI/install/science_servo_control/share/science_servo_control/cmake/export_science_servo_control__rosidl_typesupport_fastrtps_cExport.cmake
[9.849s] -- Up-to-date: /home/urc/new-GUI/install/science_servo_control/share/science_servo_control/cmake/export_science_servo_control__rosidl_typesupport_fastrtps_cExport-noconfig.cmake
[9.849s] -- Up-to-date: /home/urc/new-GUI/install/science_servo_control/share/science_servo_control/cmake/science_servo_control__rosidl_typesupport_introspection_cExport.cmake
[9.849s] -- Up-to-date: /home/urc/new-GUI/install/science_servo_control/share/science_servo_control/cmake/science_servo_control__rosidl_typesupport_introspection_cExport-noconfig.cmake
[9.849s] -- Up-to-date: /home/urc/new-GUI/install/science_servo_control/share/science_servo_control/cmake/science_servo_control__rosidl_typesupport_cExport.cmake
[9.849s] -- Up-to-date: /home/urc/new-GUI/install/science_servo_control/share/science_servo_control/cmake/science_servo_control__rosidl_typesupport_cExport-noconfig.cmake
[9.849s] -- Up-to-date: /home/urc/new-GUI/install/science_servo_control/share/science_servo_control/cmake/export_science_servo_control__rosidl_generator_cppExport.cmake
[9.850s] -- Up-to-date: /home/urc/new-GUI/install/science_servo_control/share/science_servo_control/cmake/export_science_servo_control__rosidl_typesupport_fastrtps_cppExport.cmake
[9.850s] -- Up-to-date: /home/urc/new-GUI/install/science_servo_control/share/science_servo_control/cmake/export_science_servo_control__rosidl_typesupport_fastrtps_cppExport-noconfig.cmake
[9.850s] -- Up-to-date: /home/urc/new-GUI/install/science_servo_control/share/science_servo_control/cmake/science_servo_control__rosidl_typesupport_introspection_cppExport.cmake
[9.850s] -- Up-to-date: /home/urc/new-GUI/install/science_servo_control/share/science_servo_control/cmake/science_servo_control__rosidl_typesupport_introspection_cppExport-noconfig.cmake
[9.850s] -- Up-to-date: /home/urc/new-GUI/install/science_servo_control/share/science_servo_control/cmake/science_servo_control__rosidl_typesupport_cppExport.cmake
[9.850s] -- Up-to-date: /home/urc/new-GUI/install/science_servo_control/share/science_servo_control/cmake/science_servo_control__rosidl_typesupport_cppExport-noconfig.cmake
[9.850s] -- Up-to-date: /home/urc/new-GUI/install/science_servo_control/share/science_servo_control/cmake/export_science_servo_control__rosidl_generator_pyExport.cmake
[9.850s] -- Up-to-date: /home/urc/new-GUI/install/science_servo_control/share/science_servo_control/cmake/export_science_servo_control__rosidl_generator_pyExport-noconfig.cmake
[9.850s] -- Up-to-date: /home/urc/new-GUI/install/science_servo_control/share/science_servo_control/cmake/rosidl_cmake-extras.cmake
[9.850s] -- Up-to-date: /home/urc/new-GUI/install/science_servo_control/share/science_servo_control/cmake/ament_cmake_export_dependencies-extras.cmake
[9.851s] -- Up-to-date: /home/urc/new-GUI/install/science_servo_control/share/science_servo_control/cmake/ament_cmake_export_include_directories-extras.cmake
[9.851s] -- Up-to-date: /home/urc/new-GUI/install/science_servo_control/share/science_servo_control/cmake/ament_cmake_export_libraries-extras.cmake
[9.851s] -- Up-to-date: /home/urc/new-GUI/install/science_servo_control/share/science_servo_control/cmake/ament_cmake_export_targets-extras.cmake
[9.851s] -- Up-to-date: /home/urc/new-GUI/install/science_servo_control/share/science_servo_control/cmake/rosidl_cmake_export_typesupport_targets-extras.cmake
[9.851s] -- Up-to-date: /home/urc/new-GUI/install/science_servo_control/share/science_servo_control/cmake/rosidl_cmake_export_typesupport_libraries-extras.cmake
[9.851s] -- Up-to-date: /home/urc/new-GUI/install/science_servo_control/share/science_servo_control/cmake/science_servo_controlConfig.cmake
[9.851s] -- Up-to-date: /home/urc/new-GUI/install/science_servo_control/share/science_servo_control/cmake/science_servo_controlConfig-version.cmake
[9.871s] -- Up-to-date: /home/urc/new-GUI/install/science_servo_control/share/science_servo_control/package.xml
[9.872s] Invoked command in '/home/urc/new-GUI/build/science_servo_control' returned '0': CMAKE_PREFIX_PATH=/opt/ros/humble /usr/bin/cmake --install /home/urc/new-GUI/build/science_servo_control
