[2.042s] DEBUG:colcon:Command line arguments: ['/usr/bin/colcon', 'build', '--packages-select', 'gui_window']
[2.042s] DEBUG:colcon:Parsed command line arguments: Namespace(log_base=None, log_level=None, verb_name='build', build_base='build', install_base='install', merge_install=False, symlink_install=False, test_result_base=None, continue_on_error=False, executor='parallel', parallel_workers=4, event_handlers=None, ignore_user_meta=False, metas=['./colcon.meta'], base_paths=['.'], packages_ignore=None, packages_ignore_regex=None, paths=None, packages_up_to=None, packages_up_to_regex=None, packages_above=None, packages_above_and_dependencies=None, packages_above_depth=None, packages_select_by_dep=None, packages_skip_by_dep=None, packages_skip_up_to=None, packages_select_build_failed=False, packages_skip_build_finished=False, packages_select_test_failures=False, packages_skip_test_passed=False, packages_select=['gui_window'], packages_skip=None, packages_select_regex=None, packages_skip_regex=None, packages_start=None, packages_end=None, allow_overriding=[], cmake_args=None, cmake_target=None, cmake_target_skip_unavailable=False, cmake_clean_cache=False, cmake_clean_first=False, cmake_force_configure=False, ament_cmake_args=None, catkin_cmake_args=None, catkin_skip_building_tests=False, verb_parser=<colcon_defaults.argument_parser.defaults.DefaultArgumentsDecorator object at 0x7fd553a87910>, verb_extension=<colcon_core.verb.build.BuildVerb object at 0x7fd553d462c0>, main=<bound method BuildVerb.main of <colcon_core.verb.build.BuildVerb object at 0x7fd553d462c0>>)
[2.146s] Level 1:colcon.colcon_core.package_discovery:discover_packages(colcon_meta) check parameters
[2.146s] Level 1:colcon.colcon_core.package_discovery:discover_packages(recursive) check parameters
[2.146s] Level 1:colcon.colcon_core.package_discovery:discover_packages(ignore) check parameters
[2.146s] Level 1:colcon.colcon_core.package_discovery:discover_packages(path) check parameters
[2.146s] Level 1:colcon.colcon_core.package_discovery:discover_packages(colcon_meta) discover
[2.146s] Level 1:colcon.colcon_core.package_discovery:discover_packages(recursive) discover
[2.146s] INFO:colcon.colcon_core.package_discovery:Crawling recursively for packages in '/home/urc/new_GUI'
[2.146s] Level 1:colcon.colcon_core.package_identification:_identify(.) by extensions ['ignore', 'ignore_ament_install']
[2.147s] Level 1:colcon.colcon_core.package_identification:_identify(.) by extension 'ignore'
[2.147s] Level 1:colcon.colcon_core.package_identification:_identify(.) by extension 'ignore_ament_install'
[2.147s] Level 1:colcon.colcon_core.package_identification:_identify(.) by extensions ['colcon_pkg']
[2.147s] Level 1:colcon.colcon_core.package_identification:_identify(.) by extension 'colcon_pkg'
[2.147s] Level 1:colcon.colcon_core.package_identification:_identify(.) by extensions ['colcon_meta']
[2.147s] Level 1:colcon.colcon_core.package_identification:_identify(.) by extension 'colcon_meta'
[2.147s] Level 1:colcon.colcon_core.package_identification:_identify(.) by extensions ['ros']
[2.147s] Level 1:colcon.colcon_core.package_identification:_identify(.) by extension 'ros'
[2.168s] Level 1:colcon.colcon_core.package_identification:_identify(.) by extensions ['cmake', 'python']
[2.168s] Level 1:colcon.colcon_core.package_identification:_identify(.) by extension 'cmake'
[2.168s] Level 1:colcon.colcon_core.package_identification:_identify(.) by extension 'python'
[2.168s] Level 1:colcon.colcon_core.package_identification:_identify(.) by extensions ['python_setup_py']
[2.168s] Level 1:colcon.colcon_core.package_identification:_identify(.) by extension 'python_setup_py'
[2.168s] Level 1:colcon.colcon_core.package_identification:_identify(build) by extensions ['ignore', 'ignore_ament_install']
[2.169s] Level 1:colcon.colcon_core.package_identification:_identify(build) by extension 'ignore'
[2.169s] Level 1:colcon.colcon_core.package_identification:_identify(build) ignored
[2.169s] Level 1:colcon.colcon_core.package_identification:_identify(install) by extensions ['ignore', 'ignore_ament_install']
[2.169s] Level 1:colcon.colcon_core.package_identification:_identify(install) by extension 'ignore'
[2.169s] Level 1:colcon.colcon_core.package_identification:_identify(install) ignored
[2.170s] Level 1:colcon.colcon_core.package_identification:_identify(log) by extensions ['ignore', 'ignore_ament_install']
[2.170s] Level 1:colcon.colcon_core.package_identification:_identify(log) by extension 'ignore'
[2.170s] Level 1:colcon.colcon_core.package_identification:_identify(log) ignored
[2.170s] Level 1:colcon.colcon_core.package_identification:_identify(src) by extensions ['ignore', 'ignore_ament_install']
[2.170s] Level 1:colcon.colcon_core.package_identification:_identify(src) by extension 'ignore'
[2.170s] Level 1:colcon.colcon_core.package_identification:_identify(src) by extension 'ignore_ament_install'
[2.170s] Level 1:colcon.colcon_core.package_identification:_identify(src) by extensions ['colcon_pkg']
[2.170s] Level 1:colcon.colcon_core.package_identification:_identify(src) by extension 'colcon_pkg'
[2.170s] Level 1:colcon.colcon_core.package_identification:_identify(src) by extensions ['colcon_meta']
[2.170s] Level 1:colcon.colcon_core.package_identification:_identify(src) by extension 'colcon_meta'
[2.171s] Level 1:colcon.colcon_core.package_identification:_identify(src) by extensions ['ros']
[2.171s] Level 1:colcon.colcon_core.package_identification:_identify(src) by extension 'ros'
[2.171s] Level 1:colcon.colcon_core.package_identification:_identify(src) by extensions ['cmake', 'python']
[2.171s] Level 1:colcon.colcon_core.package_identification:_identify(src) by extension 'cmake'
[2.171s] Level 1:colcon.colcon_core.package_identification:_identify(src) by extension 'python'
[2.171s] Level 1:colcon.colcon_core.package_identification:_identify(src) by extensions ['python_setup_py']
[2.171s] Level 1:colcon.colcon_core.package_identification:_identify(src) by extension 'python_setup_py'
[2.171s] Level 1:colcon.colcon_core.package_identification:_identify(src/aruco_finder) by extensions ['ignore', 'ignore_ament_install']
[2.171s] Level 1:colcon.colcon_core.package_identification:_identify(src/aruco_finder) by extension 'ignore'
[2.171s] Level 1:colcon.colcon_core.package_identification:_identify(src/aruco_finder) by extension 'ignore_ament_install'
[2.171s] Level 1:colcon.colcon_core.package_identification:_identify(src/aruco_finder) by extensions ['colcon_pkg']
[2.171s] Level 1:colcon.colcon_core.package_identification:_identify(src/aruco_finder) by extension 'colcon_pkg'
[2.171s] Level 1:colcon.colcon_core.package_identification:_identify(src/aruco_finder) by extensions ['colcon_meta']
[2.172s] Level 1:colcon.colcon_core.package_identification:_identify(src/aruco_finder) by extension 'colcon_meta'
[2.172s] Level 1:colcon.colcon_core.package_identification:_identify(src/aruco_finder) by extensions ['ros']
[2.172s] Level 1:colcon.colcon_core.package_identification:_identify(src/aruco_finder) by extension 'ros'
[2.179s] DEBUG:colcon.colcon_core.package_identification:Package 'src/aruco_finder' with type 'ros.ament_cmake' and name 'aruco_finder'
[2.180s] Level 1:colcon.colcon_core.package_identification:_identify(src/gui_window) by extensions ['ignore', 'ignore_ament_install']
[2.180s] Level 1:colcon.colcon_core.package_identification:_identify(src/gui_window) by extension 'ignore'
[2.180s] Level 1:colcon.colcon_core.package_identification:_identify(src/gui_window) by extension 'ignore_ament_install'
[2.180s] Level 1:colcon.colcon_core.package_identification:_identify(src/gui_window) by extensions ['colcon_pkg']
[2.180s] Level 1:colcon.colcon_core.package_identification:_identify(src/gui_window) by extension 'colcon_pkg'
[2.181s] Level 1:colcon.colcon_core.package_identification:_identify(src/gui_window) by extensions ['colcon_meta']
[2.181s] Level 1:colcon.colcon_core.package_identification:_identify(src/gui_window) by extension 'colcon_meta'
[2.181s] Level 1:colcon.colcon_core.package_identification:_identify(src/gui_window) by extensions ['ros']
[2.181s] Level 1:colcon.colcon_core.package_identification:_identify(src/gui_window) by extension 'ros'
[2.183s] DEBUG:colcon.colcon_core.package_identification:Package 'src/gui_window' with type 'ros.ament_python' and name 'gui_window'
[2.183s] Level 1:colcon.colcon_core.package_identification:_identify(src/hockey_stick_arm) by extensions ['ignore', 'ignore_ament_install']
[2.184s] Level 1:colcon.colcon_core.package_identification:_identify(src/hockey_stick_arm) by extension 'ignore'
[2.184s] Level 1:colcon.colcon_core.package_identification:_identify(src/hockey_stick_arm) by extension 'ignore_ament_install'
[2.184s] Level 1:colcon.colcon_core.package_identification:_identify(src/hockey_stick_arm) by extensions ['colcon_pkg']
[2.184s] Level 1:colcon.colcon_core.package_identification:_identify(src/hockey_stick_arm) by extension 'colcon_pkg'
[2.184s] Level 1:colcon.colcon_core.package_identification:_identify(src/hockey_stick_arm) by extensions ['colcon_meta']
[2.184s] Level 1:colcon.colcon_core.package_identification:_identify(src/hockey_stick_arm) by extension 'colcon_meta'
[2.184s] Level 1:colcon.colcon_core.package_identification:_identify(src/hockey_stick_arm) by extensions ['ros']
[2.184s] Level 1:colcon.colcon_core.package_identification:_identify(src/hockey_stick_arm) by extension 'ros'
[2.186s] DEBUG:colcon.colcon_core.package_identification:Package 'src/hockey_stick_arm' with type 'ros.ament_cmake' and name 'hockey_stick_arm'
[2.186s] Level 1:colcon.colcon_core.package_identification:_identify(src/marker_interfacing) by extensions ['ignore', 'ignore_ament_install']
[2.186s] Level 1:colcon.colcon_core.package_identification:_identify(src/marker_interfacing) by extension 'ignore'
[2.186s] Level 1:colcon.colcon_core.package_identification:_identify(src/marker_interfacing) by extension 'ignore_ament_install'
[2.187s] Level 1:colcon.colcon_core.package_identification:_identify(src/marker_interfacing) by extensions ['colcon_pkg']
[2.187s] Level 1:colcon.colcon_core.package_identification:_identify(src/marker_interfacing) by extension 'colcon_pkg'
[2.187s] Level 1:colcon.colcon_core.package_identification:_identify(src/marker_interfacing) by extensions ['colcon_meta']
[2.187s] Level 1:colcon.colcon_core.package_identification:_identify(src/marker_interfacing) by extension 'colcon_meta'
[2.187s] Level 1:colcon.colcon_core.package_identification:_identify(src/marker_interfacing) by extensions ['ros']
[2.187s] Level 1:colcon.colcon_core.package_identification:_identify(src/marker_interfacing) by extension 'ros'
[2.189s] DEBUG:colcon.colcon_core.package_identification:Package 'src/marker_interfacing' with type 'ros.ament_cmake' and name 'marker_interfacing'
[2.189s] Level 1:colcon.colcon_core.package_identification:_identify(src/ocean_optics_spectrometer) by extensions ['ignore', 'ignore_ament_install']
[2.190s] Level 1:colcon.colcon_core.package_identification:_identify(src/ocean_optics_spectrometer) by extension 'ignore'
[2.190s] Level 1:colcon.colcon_core.package_identification:_identify(src/ocean_optics_spectrometer) by extension 'ignore_ament_install'
[2.190s] Level 1:colcon.colcon_core.package_identification:_identify(src/ocean_optics_spectrometer) by extensions ['colcon_pkg']
[2.190s] Level 1:colcon.colcon_core.package_identification:_identify(src/ocean_optics_spectrometer) by extension 'colcon_pkg'
[2.190s] Level 1:colcon.colcon_core.package_identification:_identify(src/ocean_optics_spectrometer) by extensions ['colcon_meta']
[2.190s] Level 1:colcon.colcon_core.package_identification:_identify(src/ocean_optics_spectrometer) by extension 'colcon_meta'
[2.190s] Level 1:colcon.colcon_core.package_identification:_identify(src/ocean_optics_spectrometer) by extensions ['ros']
[2.191s] Level 1:colcon.colcon_core.package_identification:_identify(src/ocean_optics_spectrometer) by extension 'ros'
[2.193s] DEBUG:colcon.colcon_core.package_identification:Package 'src/ocean_optics_spectrometer' with type 'ros.ament_cmake' and name 'ocean_optics_spectrometer'
[2.194s] Level 1:colcon.colcon_core.package_identification:_identify(src/rover_gui_lib) by extensions ['ignore', 'ignore_ament_install']
[2.194s] Level 1:colcon.colcon_core.package_identification:_identify(src/rover_gui_lib) by extension 'ignore'
[2.194s] Level 1:colcon.colcon_core.package_identification:_identify(src/rover_gui_lib) by extension 'ignore_ament_install'
[2.195s] Level 1:colcon.colcon_core.package_identification:_identify(src/rover_gui_lib) by extensions ['colcon_pkg']
[2.195s] Level 1:colcon.colcon_core.package_identification:_identify(src/rover_gui_lib) by extension 'colcon_pkg'
[2.195s] Level 1:colcon.colcon_core.package_identification:_identify(src/rover_gui_lib) by extensions ['colcon_meta']
[2.195s] Level 1:colcon.colcon_core.package_identification:_identify(src/rover_gui_lib) by extension 'colcon_meta'
[2.195s] Level 1:colcon.colcon_core.package_identification:_identify(src/rover_gui_lib) by extensions ['ros']
[2.195s] Level 1:colcon.colcon_core.package_identification:_identify(src/rover_gui_lib) by extension 'ros'
[2.197s] DEBUG:colcon.colcon_core.package_identification:Package 'src/rover_gui_lib' with type 'ros.catkin' and name 'rover_gui_lib'
[2.197s] Level 1:colcon.colcon_core.package_identification:_identify(src/science_servo_control) by extensions ['ignore', 'ignore_ament_install']
[2.197s] Level 1:colcon.colcon_core.package_identification:_identify(src/science_servo_control) by extension 'ignore'
[2.198s] Level 1:colcon.colcon_core.package_identification:_identify(src/science_servo_control) by extension 'ignore_ament_install'
[2.198s] Level 1:colcon.colcon_core.package_identification:_identify(src/science_servo_control) by extensions ['colcon_pkg']
[2.198s] Level 1:colcon.colcon_core.package_identification:_identify(src/science_servo_control) by extension 'colcon_pkg'
[2.198s] Level 1:colcon.colcon_core.package_identification:_identify(src/science_servo_control) by extensions ['colcon_meta']
[2.198s] Level 1:colcon.colcon_core.package_identification:_identify(src/science_servo_control) by extension 'colcon_meta'
[2.198s] Level 1:colcon.colcon_core.package_identification:_identify(src/science_servo_control) by extensions ['ros']
[2.198s] Level 1:colcon.colcon_core.package_identification:_identify(src/science_servo_control) by extension 'ros'
[2.200s] DEBUG:colcon.colcon_core.package_identification:Package 'src/science_servo_control' with type 'ros.ament_cmake' and name 'science_servo_control'
[2.200s] Level 1:colcon.colcon_core.package_identification:_identify(src/theora_webcams) by extensions ['ignore', 'ignore_ament_install']
[2.200s] Level 1:colcon.colcon_core.package_identification:_identify(src/theora_webcams) by extension 'ignore'
[2.200s] Level 1:colcon.colcon_core.package_identification:_identify(src/theora_webcams) by extension 'ignore_ament_install'
[2.201s] Level 1:colcon.colcon_core.package_identification:_identify(src/theora_webcams) by extensions ['colcon_pkg']
[2.201s] Level 1:colcon.colcon_core.package_identification:_identify(src/theora_webcams) by extension 'colcon_pkg'
[2.201s] Level 1:colcon.colcon_core.package_identification:_identify(src/theora_webcams) by extensions ['colcon_meta']
[2.201s] Level 1:colcon.colcon_core.package_identification:_identify(src/theora_webcams) by extension 'colcon_meta'
[2.201s] Level 1:colcon.colcon_core.package_identification:_identify(src/theora_webcams) by extensions ['ros']
[2.201s] Level 1:colcon.colcon_core.package_identification:_identify(src/theora_webcams) by extension 'ros'
[2.204s] DEBUG:colcon.colcon_core.package_identification:Package 'src/theora_webcams' with type 'ros.ament_cmake' and name 'theora_webcams'
[2.204s] Level 1:colcon.colcon_core.package_identification:_identify(src/urc_gui_lib) by extensions ['ignore', 'ignore_ament_install']
[2.204s] Level 1:colcon.colcon_core.package_identification:_identify(src/urc_gui_lib) by extension 'ignore'
[2.204s] Level 1:colcon.colcon_core.package_identification:_identify(src/urc_gui_lib) by extension 'ignore_ament_install'
[2.204s] Level 1:colcon.colcon_core.package_identification:_identify(src/urc_gui_lib) by extensions ['colcon_pkg']
[2.204s] Level 1:colcon.colcon_core.package_identification:_identify(src/urc_gui_lib) by extension 'colcon_pkg'
[2.204s] Level 1:colcon.colcon_core.package_identification:_identify(src/urc_gui_lib) by extensions ['colcon_meta']
[2.205s] Level 1:colcon.colcon_core.package_identification:_identify(src/urc_gui_lib) by extension 'colcon_meta'
[2.205s] Level 1:colcon.colcon_core.package_identification:_identify(src/urc_gui_lib) by extensions ['ros']
[2.205s] Level 1:colcon.colcon_core.package_identification:_identify(src/urc_gui_lib) by extension 'ros'
[2.207s] DEBUG:colcon.colcon_core.package_identification:Package 'src/urc_gui_lib' with type 'ros.catkin' and name 'urc_gui_lib'
[2.208s] Level 1:colcon.colcon_core.package_discovery:discover_packages(recursive) using defaults
[2.208s] Level 1:colcon.colcon_core.package_discovery:discover_packages(ignore) discover
[2.208s] Level 1:colcon.colcon_core.package_discovery:discover_packages(ignore) using defaults
[2.208s] Level 1:colcon.colcon_core.package_discovery:discover_packages(path) discover
[2.208s] Level 1:colcon.colcon_core.package_discovery:discover_packages(path) using defaults
[2.376s] INFO:colcon.colcon_core.package_selection:Skipping not selected package 'aruco_finder' in 'src/aruco_finder'
[2.376s] INFO:colcon.colcon_core.package_selection:Skipping not selected package 'hockey_stick_arm' in 'src/hockey_stick_arm'
[2.376s] INFO:colcon.colcon_core.package_selection:Skipping not selected package 'marker_interfacing' in 'src/marker_interfacing'
[2.376s] INFO:colcon.colcon_core.package_selection:Skipping not selected package 'ocean_optics_spectrometer' in 'src/ocean_optics_spectrometer'
[2.376s] INFO:colcon.colcon_core.package_selection:Skipping not selected package 'science_servo_control' in 'src/science_servo_control'
[2.376s] INFO:colcon.colcon_core.package_selection:Skipping not selected package 'theora_webcams' in 'src/theora_webcams'
[2.376s] INFO:colcon.colcon_core.package_selection:Skipping not selected package 'urc_gui_lib' in 'src/urc_gui_lib'
[2.376s] INFO:colcon.colcon_core.package_selection:Skipping not selected package 'rover_gui_lib' in 'src/rover_gui_lib'
[2.448s] Level 1:colcon.colcon_core.package_discovery:discover_packages(prefix_path) check parameters
[2.448s] Level 1:colcon.colcon_core.package_discovery:discover_packages(prefix_path) discover
[2.538s] DEBUG:colcon.colcon_installed_package_information.package_discovery:Found 9 installed packages in /home/urc/new_GUI/install
[2.572s] DEBUG:colcon.colcon_installed_package_information.package_discovery:Found 290 installed packages in /opt/ros/humble
[2.575s] Level 1:colcon.colcon_core.package_discovery:discover_packages(prefix_path) using defaults
[2.848s] Level 5:colcon.colcon_core.verb:set package 'gui_window' build argument 'cmake_args' from command line to 'None'
[2.849s] Level 5:colcon.colcon_core.verb:set package 'gui_window' build argument 'cmake_target' from command line to 'None'
[2.849s] Level 5:colcon.colcon_core.verb:set package 'gui_window' build argument 'cmake_target_skip_unavailable' from command line to 'False'
[2.849s] Level 5:colcon.colcon_core.verb:set package 'gui_window' build argument 'cmake_clean_cache' from command line to 'False'
[2.849s] Level 5:colcon.colcon_core.verb:set package 'gui_window' build argument 'cmake_clean_first' from command line to 'False'
[2.849s] Level 5:colcon.colcon_core.verb:set package 'gui_window' build argument 'cmake_force_configure' from command line to 'False'
[2.849s] Level 5:colcon.colcon_core.verb:set package 'gui_window' build argument 'ament_cmake_args' from command line to 'None'
[2.849s] Level 5:colcon.colcon_core.verb:set package 'gui_window' build argument 'catkin_cmake_args' from command line to 'None'
[2.849s] Level 5:colcon.colcon_core.verb:set package 'gui_window' build argument 'catkin_skip_building_tests' from command line to 'False'
[2.849s] DEBUG:colcon.colcon_core.verb:Building package 'gui_window' with the following arguments: {'ament_cmake_args': None, 'build_base': '/home/urc/new_GUI/build/gui_window', 'catkin_cmake_args': None, 'catkin_skip_building_tests': False, 'cmake_args': None, 'cmake_clean_cache': False, 'cmake_clean_first': False, 'cmake_force_configure': False, 'cmake_target': None, 'cmake_target_skip_unavailable': False, 'install_base': '/home/urc/new_GUI/install/gui_window', 'merge_install': False, 'path': '/home/urc/new_GUI/src/gui_window', 'symlink_install': False, 'test_result_base': None}
[2.883s] INFO:colcon.colcon_core.executor:Executing jobs using 'parallel' executor
[2.924s] DEBUG:colcon.colcon_parallel_executor.executor.parallel:run_until_complete
[2.924s] INFO:colcon.colcon_ros.task.ament_python.build:Building ROS package in '/home/urc/new_GUI/src/gui_window' with build type 'ament_python'
[2.925s] Level 1:colcon.colcon_core.shell:create_environment_hook('gui_window', 'ament_prefix_path')
[2.961s] INFO:colcon.colcon_core.plugin_system:Skipping extension 'colcon_core.shell.bat': Not used on non-Windows systems
[2.962s] INFO:colcon.colcon_core.shell:Creating environment hook '/home/urc/new_GUI/install/gui_window/share/gui_window/hook/ament_prefix_path.ps1'
[2.963s] INFO:colcon.colcon_core.shell:Creating environment descriptor '/home/urc/new_GUI/install/gui_window/share/gui_window/hook/ament_prefix_path.dsv'
[2.964s] INFO:colcon.colcon_core.shell:Creating environment hook '/home/urc/new_GUI/install/gui_window/share/gui_window/hook/ament_prefix_path.sh'
[2.995s] INFO:colcon.colcon_core.shell:Skip shell extension 'powershell' for command environment: Not usable outside of PowerShell
[2.996s] DEBUG:colcon.colcon_core.shell:Skip shell extension 'dsv' for command environment
[3.784s] INFO:colcon.colcon_core.task.python.build:Building Python package in '/home/urc/new_GUI/src/gui_window'
[3.820s] INFO:colcon.colcon_core.shell:Skip shell extension 'powershell' for command environment: Not usable outside of PowerShell
[3.825s] DEBUG:colcon.colcon_core.shell:Skip shell extension 'dsv' for command environment
[4.781s] DEBUG:colcon.colcon_core.event_handler.log_command:Invoking command in '/home/urc/new_GUI/src/gui_window': CMAKE_PREFIX_PATH=/home/urc/new_GUI/install/rover_gui_lib:/home/urc/new_GUI/install/urc_gui_lib:/home/urc/new_GUI/install/theora_webcams:/home/urc/new_GUI/install/ocean_optics_spectrometer:/home/urc/new_GUI/install/marker_interfacing:/home/urc/new_GUI/install/hockey_stick_arm:/home/urc/new_GUI/install/aruco_finder:/home/urc/new_GUI/install/science_servo_control LD_LIBRARY_PATH=/home/urc/new_GUI/install/rover_gui_lib/lib:/home/urc/new_GUI/install/theora_webcams/lib:/home/urc/new_GUI/install/ocean_optics_spectrometer/lib:/home/urc/new_GUI/install/marker_interfacing/lib:/home/urc/new_GUI/install/hockey_stick_arm/lib:/home/urc/new_GUI/install/aruco_finder/lib:/home/urc/new_GUI/install/science_servo_control/lib:/opt/ros/humble/opt/rviz_ogre_vendor/lib:/opt/ros/humble/lib/x86_64-linux-gnu:/opt/ros/humble/lib PYTHONPATH=/home/urc/new_GUI/build/gui_window/prefix_override:/home/urc/new_GUI/install/gui_window/lib/python3.10/site-packages:/home/urc/new_GUI/install/rover_gui_lib/local/lib/python3.10/dist-packages:/home/urc/new_GUI/install/gui_window/lib/python3.10/site-packages:/home/urc/new_GUI/install/theora_webcams/local/lib/python3.10/dist-packages:/home/urc/new_GUI/install/science_servo_control/local/lib/python3.10/dist-packages:/home/urc/new_GUI/install/ocean_optics_spectrometer/local/lib/python3.10/dist-packages:/home/urc/new_GUI/install/marker_interfacing/local/lib/python3.10/dist-packages:/home/urc/new_GUI/install/hockey_stick_arm/local/lib/python3.10/dist-packages:/home/urc/new_GUI/install/aruco_finder/local/lib/python3.10/dist-packages:/opt/ros/humble/lib/python3.10/site-packages:/opt/ros/humble/local/lib/python3.10/dist-packages /usr/bin/python3 setup.py egg_info --egg-base ../../build/gui_window build --build-base /home/urc/new_GUI/build/gui_window/build install --record /home/urc/new_GUI/build/gui_window/install.log --single-version-externally-managed
[5.395s] DEBUG:colcon.colcon_core.event_handler.log_command:Invoked command in '/home/urc/new_GUI/src/gui_window' returned '0': CMAKE_PREFIX_PATH=/home/urc/new_GUI/install/rover_gui_lib:/home/urc/new_GUI/install/urc_gui_lib:/home/urc/new_GUI/install/theora_webcams:/home/urc/new_GUI/install/ocean_optics_spectrometer:/home/urc/new_GUI/install/marker_interfacing:/home/urc/new_GUI/install/hockey_stick_arm:/home/urc/new_GUI/install/aruco_finder:/home/urc/new_GUI/install/science_servo_control LD_LIBRARY_PATH=/home/urc/new_GUI/install/rover_gui_lib/lib:/home/urc/new_GUI/install/theora_webcams/lib:/home/urc/new_GUI/install/ocean_optics_spectrometer/lib:/home/urc/new_GUI/install/marker_interfacing/lib:/home/urc/new_GUI/install/hockey_stick_arm/lib:/home/urc/new_GUI/install/aruco_finder/lib:/home/urc/new_GUI/install/science_servo_control/lib:/opt/ros/humble/opt/rviz_ogre_vendor/lib:/opt/ros/humble/lib/x86_64-linux-gnu:/opt/ros/humble/lib PYTHONPATH=/home/urc/new_GUI/build/gui_window/prefix_override:/home/urc/new_GUI/install/gui_window/lib/python3.10/site-packages:/home/urc/new_GUI/install/rover_gui_lib/local/lib/python3.10/dist-packages:/home/urc/new_GUI/install/gui_window/lib/python3.10/site-packages:/home/urc/new_GUI/install/theora_webcams/local/lib/python3.10/dist-packages:/home/urc/new_GUI/install/science_servo_control/local/lib/python3.10/dist-packages:/home/urc/new_GUI/install/ocean_optics_spectrometer/local/lib/python3.10/dist-packages:/home/urc/new_GUI/install/marker_interfacing/local/lib/python3.10/dist-packages:/home/urc/new_GUI/install/hockey_stick_arm/local/lib/python3.10/dist-packages:/home/urc/new_GUI/install/aruco_finder/local/lib/python3.10/dist-packages:/opt/ros/humble/lib/python3.10/site-packages:/opt/ros/humble/local/lib/python3.10/dist-packages /usr/bin/python3 setup.py egg_info --egg-base ../../build/gui_window build --build-base /home/urc/new_GUI/build/gui_window/build install --record /home/urc/new_GUI/build/gui_window/install.log --single-version-externally-managed
[5.434s] Level 1:colcon.colcon_core.environment:checking '/home/urc/new_GUI/install/gui_window' for CMake module files
[5.435s] Level 1:colcon.colcon_core.environment:checking '/home/urc/new_GUI/install/gui_window' for CMake config files
[5.437s] Level 1:colcon.colcon_core.environment:checking '/home/urc/new_GUI/install/gui_window/lib'
[5.437s] Level 1:colcon.colcon_core.environment:checking '/home/urc/new_GUI/install/gui_window/bin'
[5.437s] Level 1:colcon.colcon_core.environment:checking '/home/urc/new_GUI/install/gui_window/lib/pkgconfig/gui_window.pc'
[5.438s] Level 1:colcon.colcon_core.environment:checking '/home/urc/new_GUI/install/gui_window/lib/python3.10/site-packages'
[5.438s] Level 1:colcon.colcon_core.shell:create_environment_hook('gui_window', 'pythonpath')
[5.474s] INFO:colcon.colcon_core.shell:Creating environment hook '/home/urc/new_GUI/install/gui_window/share/gui_window/hook/pythonpath.ps1'
[5.475s] INFO:colcon.colcon_core.shell:Creating environment descriptor '/home/urc/new_GUI/install/gui_window/share/gui_window/hook/pythonpath.dsv'
[5.476s] INFO:colcon.colcon_core.shell:Creating environment hook '/home/urc/new_GUI/install/gui_window/share/gui_window/hook/pythonpath.sh'
[5.477s] Level 1:colcon.colcon_core.environment:checking '/home/urc/new_GUI/install/gui_window/bin'
[5.478s] Level 1:colcon.colcon_core.environment:create_environment_scripts_only(gui_window)
[5.510s] INFO:colcon.colcon_core.shell:Creating package script '/home/urc/new_GUI/install/gui_window/share/gui_window/package.ps1'
[5.512s] INFO:colcon.colcon_core.shell:Creating package descriptor '/home/urc/new_GUI/install/gui_window/share/gui_window/package.dsv'
[5.513s] INFO:colcon.colcon_core.shell:Creating package script '/home/urc/new_GUI/install/gui_window/share/gui_window/package.sh'
[5.515s] INFO:colcon.colcon_core.shell:Creating package script '/home/urc/new_GUI/install/gui_window/share/gui_window/package.bash'
[5.516s] INFO:colcon.colcon_core.shell:Creating package script '/home/urc/new_GUI/install/gui_window/share/gui_window/package.zsh'
[5.518s] Level 1:colcon.colcon_core.environment:create_file_with_runtime_dependencies(/home/urc/new_GUI/install/gui_window/share/colcon-core/packages/gui_window)
[5.519s] DEBUG:colcon.colcon_parallel_executor.executor.parallel:closing loop
[5.519s] DEBUG:colcon.colcon_parallel_executor.executor.parallel:loop closed
[5.519s] DEBUG:colcon.colcon_parallel_executor.executor.parallel:run_until_complete finished with '0'
[5.519s] DEBUG:colcon.colcon_core.event_reactor:joining thread
[5.570s] INFO:colcon.colcon_core.plugin_system:Skipping extension 'colcon_notification.desktop_notification.terminal_notifier': Not used on non-Darwin systems
[5.570s] INFO:colcon.colcon_core.plugin_system:Skipping extension 'colcon_notification.desktop_notification.win32': Not used on non-Windows systems
[5.570s] INFO:colcon.colcon_notification.desktop_notification:Sending desktop notification using 'notify2'
[5.584s] DEBUG:colcon.colcon_core.event_reactor:joined thread
[5.633s] INFO:colcon.colcon_core.shell:Creating prefix script '/home/urc/new_GUI/install/local_setup.ps1'
[5.635s] INFO:colcon.colcon_core.shell:Creating prefix util module '/home/urc/new_GUI/install/_local_setup_util_ps1.py'
[5.637s] INFO:colcon.colcon_core.shell:Creating prefix chain script '/home/urc/new_GUI/install/setup.ps1'
[5.679s] INFO:colcon.colcon_core.shell:Creating prefix script '/home/urc/new_GUI/install/local_setup.sh'
[5.681s] INFO:colcon.colcon_core.shell:Creating prefix util module '/home/urc/new_GUI/install/_local_setup_util_sh.py'
[5.682s] INFO:colcon.colcon_core.shell:Creating prefix chain script '/home/urc/new_GUI/install/setup.sh'
[5.717s] INFO:colcon.colcon_core.shell:Creating prefix script '/home/urc/new_GUI/install/local_setup.bash'
[5.719s] INFO:colcon.colcon_core.shell:Creating prefix chain script '/home/urc/new_GUI/install/setup.bash'
[5.769s] INFO:colcon.colcon_core.shell:Creating prefix script '/home/urc/new_GUI/install/local_setup.zsh'
[5.770s] INFO:colcon.colcon_core.shell:Creating prefix chain script '/home/urc/new_GUI/install/setup.zsh'
