[1.293s] Invoking command in '/home/urc/new-GUI/src/gui_window': AMENT_PREFIX_PATH=/home/urc/new-GUI/install/marker_interfacing:${AMENT_PREFIX_PATH} CMAKE_PREFIX_PATH=/home/urc/new-GUI/install/theora_webcams:/home/urc/new-GUI/install/marker_interfacing:/home/urc/new-GUI/install/aruco_finder LD_LIBRARY_PATH=/home/urc/new-GUI/install/theora_webcams/lib:/home/urc/new-GUI/install/marker_interfacing/lib:/home/urc/new-GUI/install/aruco_finder/lib:/opt/ros/humble/opt/rviz_ogre_vendor/lib:/opt/ros/humble/lib/x86_64-linux-gnu:/opt/ros/humble/lib PYTHONPATH=/home/urc/new-GUI/build/gui_window/prefix_override:/home/urc/new-GUI/install/gui_window/lib/python3.10/site-packages:/home/urc/new-GUI/install/marker_interfacing/local/lib/python3.10/dist-packages:${PYTHONPATH} /usr/bin/python3 setup.py egg_info --egg-base ../../build/gui_window build --build-base /home/urc/new-GUI/build/gui_window/build install --record /home/urc/new-GUI/build/gui_window/install.log --single-version-externally-managed
[1.727s] running egg_info
[1.728s] writing ../../build/gui_window/gui_window.egg-info/PKG-INFO
[1.730s] writing dependency_links to ../../build/gui_window/gui_window.egg-info/dependency_links.txt
[1.730s] writing entry points to ../../build/gui_window/gui_window.egg-info/entry_points.txt
[1.730s] writing requirements to ../../build/gui_window/gui_window.egg-info/requires.txt
[1.730s] writing top-level names to ../../build/gui_window/gui_window.egg-info/top_level.txt
[1.735s] reading manifest file '../../build/gui_window/gui_window.egg-info/SOURCES.txt'
[1.739s] writing manifest file '../../build/gui_window/gui_window.egg-info/SOURCES.txt'
[1.739s] running build
[1.739s] running build_py
[1.747s] running install
[1.747s] running install_lib
[1.753s] running install_data
[1.754s] running install_egg_info
[1.756s] removing '/home/urc/new-GUI/install/gui_window/lib/python3.10/site-packages/gui_window-0.0.0-py3.10.egg-info' (and everything under it)
[1.757s] Copying ../../build/gui_window/gui_window.egg-info to /home/urc/new-GUI/install/gui_window/lib/python3.10/site-packages/gui_window-0.0.0-py3.10.egg-info
[1.757s] running install_scripts
[1.788s] Installing gui script to /home/urc/new-GUI/install/gui_window/lib/gui_window
[1.792s] writing list of installed files to '/home/urc/new-GUI/build/gui_window/install.log'
[1.829s] Invoked command in '/home/urc/new-GUI/src/gui_window' returned '0': AMENT_PREFIX_PATH=/home/urc/new-GUI/install/marker_interfacing:${AMENT_PREFIX_PATH} CMAKE_PREFIX_PATH=/home/urc/new-GUI/install/theora_webcams:/home/urc/new-GUI/install/marker_interfacing:/home/urc/new-GUI/install/aruco_finder LD_LIBRARY_PATH=/home/urc/new-GUI/install/theora_webcams/lib:/home/urc/new-GUI/install/marker_interfacing/lib:/home/urc/new-GUI/install/aruco_finder/lib:/opt/ros/humble/opt/rviz_ogre_vendor/lib:/opt/ros/humble/lib/x86_64-linux-gnu:/opt/ros/humble/lib PYTHONPATH=/home/urc/new-GUI/build/gui_window/prefix_override:/home/urc/new-GUI/install/gui_window/lib/python3.10/site-packages:/home/urc/new-GUI/install/marker_interfacing/local/lib/python3.10/dist-packages:${PYTHONPATH} /usr/bin/python3 setup.py egg_info --egg-base ../../build/gui_window build --build-base /home/urc/new-GUI/build/gui_window/build install --record /home/urc/new-GUI/build/gui_window/install.log --single-version-externally-managed
