[1.634s] Invoking command in '/home/urc/new-GUI/src/gui_window': PYTHONPATH=/home/urc/new-GUI/build/gui_window/prefix_override:/home/urc/new-GUI/install/gui_window/lib/python3.10/site-packages:${PYTHONPATH} /usr/bin/python3 setup.py egg_info --egg-base ../../build/gui_window build --build-base /home/urc/new-GUI/build/gui_window/build install --record /home/urc/new-GUI/build/gui_window/install.log --single-version-externally-managed
[2.218s] running egg_info
[2.218s] writing ../../build/gui_window/gui_window.egg-info/PKG-INFO
[2.218s] writing dependency_links to ../../build/gui_window/gui_window.egg-info/dependency_links.txt
[2.218s] writing entry points to ../../build/gui_window/gui_window.egg-info/entry_points.txt
[2.218s] writing requirements to ../../build/gui_window/gui_window.egg-info/requires.txt
[2.218s] writing top-level names to ../../build/gui_window/gui_window.egg-info/top_level.txt
[2.224s] reading manifest file '../../build/gui_window/gui_window.egg-info/SOURCES.txt'
[2.228s] writing manifest file '../../build/gui_window/gui_window.egg-info/SOURCES.txt'
[2.230s] running build
[2.230s] running build_py
[2.240s] running install
[2.242s] running install_lib
[2.248s] running install_data
[2.249s] running install_egg_info
[2.252s] removing '/home/urc/new-GUI/install/gui_window/lib/python3.10/site-packages/gui_window-0.0.0-py3.10.egg-info' (and everything under it)
[2.257s] Copying ../../build/gui_window/gui_window.egg-info to /home/urc/new-GUI/install/gui_window/lib/python3.10/site-packages/gui_window-0.0.0-py3.10.egg-info
[2.259s] running install_scripts
[2.299s] Installing gui script to /home/urc/new-GUI/install/gui_window/lib/gui_window
[2.301s] writing list of installed files to '/home/urc/new-GUI/build/gui_window/install.log'
[2.362s] Invoked command in '/home/urc/new-GUI/src/gui_window' returned '0': PYTHONPATH=/home/urc/new-GUI/build/gui_window/prefix_override:/home/urc/new-GUI/install/gui_window/lib/python3.10/site-packages:${PYTHONPATH} /usr/bin/python3 setup.py egg_info --egg-base ../../build/gui_window build --build-base /home/urc/new-GUI/build/gui_window/build install --record /home/urc/new-GUI/build/gui_window/install.log --single-version-externally-managed
