[5.550s] DEBUG:colcon:Command line arguments: ['/usr/bin/colcon', 'build']
[5.551s] DEBUG:colcon:Parsed command line arguments: Namespace(log_base=None, log_level=None, verb_name='build', build_base='build', install_base='install', merge_install=False, symlink_install=False, test_result_base=None, continue_on_error=False, executor='parallel', parallel_workers=4, event_handlers=None, ignore_user_meta=False, metas=['./colcon.meta'], base_paths=['.'], packages_ignore=None, packages_ignore_regex=None, paths=None, packages_up_to=None, packages_up_to_regex=None, packages_above=None, packages_above_and_dependencies=None, packages_above_depth=None, packages_select_by_dep=None, packages_skip_by_dep=None, packages_skip_up_to=None, packages_select_build_failed=False, packages_skip_build_finished=False, packages_select_test_failures=False, packages_skip_test_passed=False, packages_select=None, packages_skip=None, packages_select_regex=None, packages_skip_regex=None, packages_start=None, packages_end=None, allow_overriding=[], cmake_args=None, cmake_target=None, cmake_target_skip_unavailable=False, cmake_clean_cache=False, cmake_clean_first=False, cmake_force_configure=False, ament_cmake_args=None, catkin_cmake_args=None, catkin_skip_building_tests=False, verb_parser=<colcon_defaults.argument_parser.defaults.DefaultArgumentsDecorator object at 0x7f26332c1e10>, verb_extension=<colcon_core.verb.build.BuildVerb object at 0x7f26336d9a50>, main=<bound method BuildVerb.main of <colcon_core.verb.build.BuildVerb object at 0x7f26336d9a50>>)
[5.648s] Level 1:colcon.colcon_core.package_discovery:discover_packages(colcon_meta) check parameters
[5.648s] Level 1:colcon.colcon_core.package_discovery:discover_packages(recursive) check parameters
[5.648s] Level 1:colcon.colcon_core.package_discovery:discover_packages(ignore) check parameters
[5.648s] Level 1:colcon.colcon_core.package_discovery:discover_packages(path) check parameters
[5.648s] Level 1:colcon.colcon_core.package_discovery:discover_packages(colcon_meta) discover
[5.648s] Level 1:colcon.colcon_core.package_discovery:discover_packages(recursive) discover
[5.648s] INFO:colcon.colcon_core.package_discovery:Crawling recursively for packages in '/home/urc/new-GUI'
[5.648s] Level 1:colcon.colcon_core.package_identification:_identify(.) by extensions ['ignore', 'ignore_ament_install']
[5.648s] Level 1:colcon.colcon_core.package_identification:_identify(.) by extension 'ignore'
[5.648s] Level 1:colcon.colcon_core.package_identification:_identify(.) by extension 'ignore_ament_install'
[5.649s] Level 1:colcon.colcon_core.package_identification:_identify(.) by extensions ['colcon_pkg']
[5.649s] Level 1:colcon.colcon_core.package_identification:_identify(.) by extension 'colcon_pkg'
[5.649s] Level 1:colcon.colcon_core.package_identification:_identify(.) by extensions ['colcon_meta']
[5.649s] Level 1:colcon.colcon_core.package_identification:_identify(.) by extension 'colcon_meta'
[5.649s] Level 1:colcon.colcon_core.package_identification:_identify(.) by extensions ['ros']
[5.649s] Level 1:colcon.colcon_core.package_identification:_identify(.) by extension 'ros'
[5.668s] Level 1:colcon.colcon_core.package_identification:_identify(.) by extensions ['cmake', 'python']
[5.668s] Level 1:colcon.colcon_core.package_identification:_identify(.) by extension 'cmake'
[5.668s] Level 1:colcon.colcon_core.package_identification:_identify(.) by extension 'python'
[5.668s] Level 1:colcon.colcon_core.package_identification:_identify(.) by extensions ['python_setup_py']
[5.668s] Level 1:colcon.colcon_core.package_identification:_identify(.) by extension 'python_setup_py'
[5.668s] Level 1:colcon.colcon_core.package_identification:_identify(build) by extensions ['ignore', 'ignore_ament_install']
[5.668s] Level 1:colcon.colcon_core.package_identification:_identify(build) by extension 'ignore'
[5.668s] Level 1:colcon.colcon_core.package_identification:_identify(build) ignored
[5.668s] Level 1:colcon.colcon_core.package_identification:_identify(install) by extensions ['ignore', 'ignore_ament_install']
[5.669s] Level 1:colcon.colcon_core.package_identification:_identify(install) by extension 'ignore'
[5.669s] Level 1:colcon.colcon_core.package_identification:_identify(install) ignored
[5.669s] Level 1:colcon.colcon_core.package_identification:_identify(log) by extensions ['ignore', 'ignore_ament_install']
[5.669s] Level 1:colcon.colcon_core.package_identification:_identify(log) by extension 'ignore'
[5.669s] Level 1:colcon.colcon_core.package_identification:_identify(log) ignored
[5.669s] Level 1:colcon.colcon_core.package_identification:_identify(src) by extensions ['ignore', 'ignore_ament_install']
[5.669s] Level 1:colcon.colcon_core.package_identification:_identify(src) by extension 'ignore'
[5.669s] Level 1:colcon.colcon_core.package_identification:_identify(src) by extension 'ignore_ament_install'
[5.670s] Level 1:colcon.colcon_core.package_identification:_identify(src) by extensions ['colcon_pkg']
[5.670s] Level 1:colcon.colcon_core.package_identification:_identify(src) by extension 'colcon_pkg'
[5.670s] Level 1:colcon.colcon_core.package_identification:_identify(src) by extensions ['colcon_meta']
[5.670s] Level 1:colcon.colcon_core.package_identification:_identify(src) by extension 'colcon_meta'
[5.670s] Level 1:colcon.colcon_core.package_identification:_identify(src) by extensions ['ros']
[5.670s] Level 1:colcon.colcon_core.package_identification:_identify(src) by extension 'ros'
[5.670s] Level 1:colcon.colcon_core.package_identification:_identify(src) by extensions ['cmake', 'python']
[5.670s] Level 1:colcon.colcon_core.package_identification:_identify(src) by extension 'cmake'
[5.670s] Level 1:colcon.colcon_core.package_identification:_identify(src) by extension 'python'
[5.670s] Level 1:colcon.colcon_core.package_identification:_identify(src) by extensions ['python_setup_py']
[5.670s] Level 1:colcon.colcon_core.package_identification:_identify(src) by extension 'python_setup_py'
[5.670s] Level 1:colcon.colcon_core.package_identification:_identify(src/aruco_finder) by extensions ['ignore', 'ignore_ament_install']
[5.670s] Level 1:colcon.colcon_core.package_identification:_identify(src/aruco_finder) by extension 'ignore'
[5.671s] Level 1:colcon.colcon_core.package_identification:_identify(src/aruco_finder) by extension 'ignore_ament_install'
[5.671s] Level 1:colcon.colcon_core.package_identification:_identify(src/aruco_finder) by extensions ['colcon_pkg']
[5.671s] Level 1:colcon.colcon_core.package_identification:_identify(src/aruco_finder) by extension 'colcon_pkg'
[5.671s] Level 1:colcon.colcon_core.package_identification:_identify(src/aruco_finder) by extensions ['colcon_meta']
[5.671s] Level 1:colcon.colcon_core.package_identification:_identify(src/aruco_finder) by extension 'colcon_meta'
[5.671s] Level 1:colcon.colcon_core.package_identification:_identify(src/aruco_finder) by extensions ['ros']
[5.671s] Level 1:colcon.colcon_core.package_identification:_identify(src/aruco_finder) by extension 'ros'
[5.677s] DEBUG:colcon.colcon_core.package_identification:Package 'src/aruco_finder' with type 'ros.ament_cmake' and name 'aruco_finder'
[5.677s] Level 1:colcon.colcon_core.package_identification:_identify(src/gui_window) by extensions ['ignore', 'ignore_ament_install']
[5.678s] Level 1:colcon.colcon_core.package_identification:_identify(src/gui_window) by extension 'ignore'
[5.678s] Level 1:colcon.colcon_core.package_identification:_identify(src/gui_window) by extension 'ignore_ament_install'
[5.678s] Level 1:colcon.colcon_core.package_identification:_identify(src/gui_window) by extensions ['colcon_pkg']
[5.678s] Level 1:colcon.colcon_core.package_identification:_identify(src/gui_window) by extension 'colcon_pkg'
[5.678s] Level 1:colcon.colcon_core.package_identification:_identify(src/gui_window) by extensions ['colcon_meta']
[5.678s] Level 1:colcon.colcon_core.package_identification:_identify(src/gui_window) by extension 'colcon_meta'
[5.678s] Level 1:colcon.colcon_core.package_identification:_identify(src/gui_window) by extensions ['ros']
[5.678s] Level 1:colcon.colcon_core.package_identification:_identify(src/gui_window) by extension 'ros'
[5.679s] DEBUG:colcon.colcon_core.package_identification:Package 'src/gui_window' with type 'ros.ament_python' and name 'gui_window'
[5.679s] Level 1:colcon.colcon_core.package_identification:_identify(src/marker_interfacing) by extensions ['ignore', 'ignore_ament_install']
[5.679s] Level 1:colcon.colcon_core.package_identification:_identify(src/marker_interfacing) by extension 'ignore'
[5.680s] Level 1:colcon.colcon_core.package_identification:_identify(src/marker_interfacing) by extension 'ignore_ament_install'
[5.680s] Level 1:colcon.colcon_core.package_identification:_identify(src/marker_interfacing) by extensions ['colcon_pkg']
[5.680s] Level 1:colcon.colcon_core.package_identification:_identify(src/marker_interfacing) by extension 'colcon_pkg'
[5.680s] Level 1:colcon.colcon_core.package_identification:_identify(src/marker_interfacing) by extensions ['colcon_meta']
[5.680s] Level 1:colcon.colcon_core.package_identification:_identify(src/marker_interfacing) by extension 'colcon_meta'
[5.680s] Level 1:colcon.colcon_core.package_identification:_identify(src/marker_interfacing) by extensions ['ros']
[5.680s] Level 1:colcon.colcon_core.package_identification:_identify(src/marker_interfacing) by extension 'ros'
[5.682s] DEBUG:colcon.colcon_core.package_identification:Package 'src/marker_interfacing' with type 'ros.ament_cmake' and name 'marker_interfacing'
[5.682s] Level 1:colcon.colcon_core.package_identification:_identify(src/rover_gui_lib) by extensions ['ignore', 'ignore_ament_install']
[5.682s] Level 1:colcon.colcon_core.package_identification:_identify(src/rover_gui_lib) by extension 'ignore'
[5.682s] Level 1:colcon.colcon_core.package_identification:_identify(src/rover_gui_lib) by extension 'ignore_ament_install'
[5.682s] Level 1:colcon.colcon_core.package_identification:_identify(src/rover_gui_lib) by extensions ['colcon_pkg']
[5.682s] Level 1:colcon.colcon_core.package_identification:_identify(src/rover_gui_lib) by extension 'colcon_pkg'
[5.682s] Level 1:colcon.colcon_core.package_identification:_identify(src/rover_gui_lib) by extensions ['colcon_meta']
[5.682s] Level 1:colcon.colcon_core.package_identification:_identify(src/rover_gui_lib) by extension 'colcon_meta'
[5.682s] Level 1:colcon.colcon_core.package_identification:_identify(src/rover_gui_lib) by extensions ['ros']
[5.682s] Level 1:colcon.colcon_core.package_identification:_identify(src/rover_gui_lib) by extension 'ros'
[5.683s] DEBUG:colcon.colcon_core.package_identification:Package 'src/rover_gui_lib' with type 'ros.catkin' and name 'rover_gui_lib'
[5.683s] Level 1:colcon.colcon_core.package_identification:_identify(src/theora_webcams) by extensions ['ignore', 'ignore_ament_install']
[5.684s] Level 1:colcon.colcon_core.package_identification:_identify(src/theora_webcams) by extension 'ignore'
[5.684s] Level 1:colcon.colcon_core.package_identification:_identify(src/theora_webcams) by extension 'ignore_ament_install'
[5.684s] Level 1:colcon.colcon_core.package_identification:_identify(src/theora_webcams) by extensions ['colcon_pkg']
[5.684s] Level 1:colcon.colcon_core.package_identification:_identify(src/theora_webcams) by extension 'colcon_pkg'
[5.684s] Level 1:colcon.colcon_core.package_identification:_identify(src/theora_webcams) by extensions ['colcon_meta']
[5.684s] Level 1:colcon.colcon_core.package_identification:_identify(src/theora_webcams) by extension 'colcon_meta'
[5.684s] Level 1:colcon.colcon_core.package_identification:_identify(src/theora_webcams) by extensions ['ros']
[5.684s] Level 1:colcon.colcon_core.package_identification:_identify(src/theora_webcams) by extension 'ros'
[5.687s] DEBUG:colcon.colcon_core.package_identification:Package 'src/theora_webcams' with type 'ros.ament_cmake' and name 'theora_webcams'
[5.687s] Level 1:colcon.colcon_core.package_identification:_identify(src/urc_gui_lib) by extensions ['ignore', 'ignore_ament_install']
[5.687s] Level 1:colcon.colcon_core.package_identification:_identify(src/urc_gui_lib) by extension 'ignore'
[5.687s] Level 1:colcon.colcon_core.package_identification:_identify(src/urc_gui_lib) by extension 'ignore_ament_install'
[5.687s] Level 1:colcon.colcon_core.package_identification:_identify(src/urc_gui_lib) by extensions ['colcon_pkg']
[5.688s] Level 1:colcon.colcon_core.package_identification:_identify(src/urc_gui_lib) by extension 'colcon_pkg'
[5.688s] Level 1:colcon.colcon_core.package_identification:_identify(src/urc_gui_lib) by extensions ['colcon_meta']
[5.688s] Level 1:colcon.colcon_core.package_identification:_identify(src/urc_gui_lib) by extension 'colcon_meta'
[5.688s] Level 1:colcon.colcon_core.package_identification:_identify(src/urc_gui_lib) by extensions ['ros']
[5.688s] Level 1:colcon.colcon_core.package_identification:_identify(src/urc_gui_lib) by extension 'ros'
[5.689s] DEBUG:colcon.colcon_core.package_identification:Package 'src/urc_gui_lib' with type 'ros.catkin' and name 'urc_gui_lib'
[5.689s] Level 1:colcon.colcon_core.package_discovery:discover_packages(recursive) using defaults
[5.689s] Level 1:colcon.colcon_core.package_discovery:discover_packages(ignore) discover
[5.689s] Level 1:colcon.colcon_core.package_discovery:discover_packages(ignore) using defaults
[5.689s] Level 1:colcon.colcon_core.package_discovery:discover_packages(path) discover
[5.689s] Level 1:colcon.colcon_core.package_discovery:discover_packages(path) using defaults
[5.838s] Level 1:colcon.colcon_core.package_discovery:discover_packages(prefix_path) check parameters
[5.839s] Level 1:colcon.colcon_core.package_discovery:discover_packages(prefix_path) discover
[5.888s] DEBUG:colcon.colcon_installed_package_information.package_discovery:Found 6 installed packages in /home/urc/new-GUI/install
[5.920s] DEBUG:colcon.colcon_installed_package_information.package_discovery:Found 290 installed packages in /opt/ros/humble
[5.933s] Level 1:colcon.colcon_core.package_discovery:discover_packages(prefix_path) using defaults
[6.086s] Level 5:colcon.colcon_core.verb:set package 'aruco_finder' build argument 'cmake_args' from command line to 'None'
[6.086s] Level 5:colcon.colcon_core.verb:set package 'aruco_finder' build argument 'cmake_target' from command line to 'None'
[6.086s] Level 5:colcon.colcon_core.verb:set package 'aruco_finder' build argument 'cmake_target_skip_unavailable' from command line to 'False'
[6.086s] Level 5:colcon.colcon_core.verb:set package 'aruco_finder' build argument 'cmake_clean_cache' from command line to 'False'
[6.086s] Level 5:colcon.colcon_core.verb:set package 'aruco_finder' build argument 'cmake_clean_first' from command line to 'False'
[6.086s] Level 5:colcon.colcon_core.verb:set package 'aruco_finder' build argument 'cmake_force_configure' from command line to 'False'
[6.086s] Level 5:colcon.colcon_core.verb:set package 'aruco_finder' build argument 'ament_cmake_args' from command line to 'None'
[6.086s] Level 5:colcon.colcon_core.verb:set package 'aruco_finder' build argument 'catkin_cmake_args' from command line to 'None'
[6.086s] Level 5:colcon.colcon_core.verb:set package 'aruco_finder' build argument 'catkin_skip_building_tests' from command line to 'False'
[6.086s] DEBUG:colcon.colcon_core.verb:Building package 'aruco_finder' with the following arguments: {'ament_cmake_args': None, 'build_base': '/home/urc/new-GUI/build/aruco_finder', 'catkin_cmake_args': None, 'catkin_skip_building_tests': False, 'cmake_args': None, 'cmake_clean_cache': False, 'cmake_clean_first': False, 'cmake_force_configure': False, 'cmake_target': None, 'cmake_target_skip_unavailable': False, 'install_base': '/home/urc/new-GUI/install/aruco_finder', 'merge_install': False, 'path': '/home/urc/new-GUI/src/aruco_finder', 'symlink_install': False, 'test_result_base': None}
[6.114s] Level 5:colcon.colcon_core.verb:set package 'marker_interfacing' build argument 'cmake_args' from command line to 'None'
[6.114s] Level 5:colcon.colcon_core.verb:set package 'marker_interfacing' build argument 'cmake_target' from command line to 'None'
[6.114s] Level 5:colcon.colcon_core.verb:set package 'marker_interfacing' build argument 'cmake_target_skip_unavailable' from command line to 'False'
[6.114s] Level 5:colcon.colcon_core.verb:set package 'marker_interfacing' build argument 'cmake_clean_cache' from command line to 'False'
[6.114s] Level 5:colcon.colcon_core.verb:set package 'marker_interfacing' build argument 'cmake_clean_first' from command line to 'False'
[6.114s] Level 5:colcon.colcon_core.verb:set package 'marker_interfacing' build argument 'cmake_force_configure' from command line to 'False'
[6.114s] Level 5:colcon.colcon_core.verb:set package 'marker_interfacing' build argument 'ament_cmake_args' from command line to 'None'
[6.114s] Level 5:colcon.colcon_core.verb:set package 'marker_interfacing' build argument 'catkin_cmake_args' from command line to 'None'
[6.114s] Level 5:colcon.colcon_core.verb:set package 'marker_interfacing' build argument 'catkin_skip_building_tests' from command line to 'False'
[6.114s] DEBUG:colcon.colcon_core.verb:Building package 'marker_interfacing' with the following arguments: {'ament_cmake_args': None, 'build_base': '/home/urc/new-GUI/build/marker_interfacing', 'catkin_cmake_args': None, 'catkin_skip_building_tests': False, 'cmake_args': None, 'cmake_clean_cache': False, 'cmake_clean_first': False, 'cmake_force_configure': False, 'cmake_target': None, 'cmake_target_skip_unavailable': False, 'install_base': '/home/urc/new-GUI/install/marker_interfacing', 'merge_install': False, 'path': '/home/urc/new-GUI/src/marker_interfacing', 'symlink_install': False, 'test_result_base': None}
[6.137s] Level 5:colcon.colcon_core.verb:set package 'theora_webcams' build argument 'cmake_args' from command line to 'None'
[6.137s] Level 5:colcon.colcon_core.verb:set package 'theora_webcams' build argument 'cmake_target' from command line to 'None'
[6.137s] Level 5:colcon.colcon_core.verb:set package 'theora_webcams' build argument 'cmake_target_skip_unavailable' from command line to 'False'
[6.138s] Level 5:colcon.colcon_core.verb:set package 'theora_webcams' build argument 'cmake_clean_cache' from command line to 'False'
[6.138s] Level 5:colcon.colcon_core.verb:set package 'theora_webcams' build argument 'cmake_clean_first' from command line to 'False'
[6.138s] Level 5:colcon.colcon_core.verb:set package 'theora_webcams' build argument 'cmake_force_configure' from command line to 'False'
[6.138s] Level 5:colcon.colcon_core.verb:set package 'theora_webcams' build argument 'ament_cmake_args' from command line to 'None'
[6.138s] Level 5:colcon.colcon_core.verb:set package 'theora_webcams' build argument 'catkin_cmake_args' from command line to 'None'
[6.138s] Level 5:colcon.colcon_core.verb:set package 'theora_webcams' build argument 'catkin_skip_building_tests' from command line to 'False'
[6.138s] DEBUG:colcon.colcon_core.verb:Building package 'theora_webcams' with the following arguments: {'ament_cmake_args': None, 'build_base': '/home/urc/new-GUI/build/theora_webcams', 'catkin_cmake_args': None, 'catkin_skip_building_tests': False, 'cmake_args': None, 'cmake_clean_cache': False, 'cmake_clean_first': False, 'cmake_force_configure': False, 'cmake_target': None, 'cmake_target_skip_unavailable': False, 'install_base': '/home/urc/new-GUI/install/theora_webcams', 'merge_install': False, 'path': '/home/urc/new-GUI/src/theora_webcams', 'symlink_install': False, 'test_result_base': None}
[6.166s] Level 5:colcon.colcon_core.verb:set package 'gui_window' build argument 'cmake_args' from command line to 'None'
[6.166s] Level 5:colcon.colcon_core.verb:set package 'gui_window' build argument 'cmake_target' from command line to 'None'
[6.166s] Level 5:colcon.colcon_core.verb:set package 'gui_window' build argument 'cmake_target_skip_unavailable' from command line to 'False'
[6.167s] Level 5:colcon.colcon_core.verb:set package 'gui_window' build argument 'cmake_clean_cache' from command line to 'False'
[6.167s] Level 5:colcon.colcon_core.verb:set package 'gui_window' build argument 'cmake_clean_first' from command line to 'False'
[6.167s] Level 5:colcon.colcon_core.verb:set package 'gui_window' build argument 'cmake_force_configure' from command line to 'False'
[6.167s] Level 5:colcon.colcon_core.verb:set package 'gui_window' build argument 'ament_cmake_args' from command line to 'None'
[6.167s] Level 5:colcon.colcon_core.verb:set package 'gui_window' build argument 'catkin_cmake_args' from command line to 'None'
[6.167s] Level 5:colcon.colcon_core.verb:set package 'gui_window' build argument 'catkin_skip_building_tests' from command line to 'False'
[6.167s] DEBUG:colcon.colcon_core.verb:Building package 'gui_window' with the following arguments: {'ament_cmake_args': None, 'build_base': '/home/urc/new-GUI/build/gui_window', 'catkin_cmake_args': None, 'catkin_skip_building_tests': False, 'cmake_args': None, 'cmake_clean_cache': False, 'cmake_clean_first': False, 'cmake_force_configure': False, 'cmake_target': None, 'cmake_target_skip_unavailable': False, 'install_base': '/home/urc/new-GUI/install/gui_window', 'merge_install': False, 'path': '/home/urc/new-GUI/src/gui_window', 'symlink_install': False, 'test_result_base': None}
[6.191s] Level 5:colcon.colcon_core.verb:set package 'urc_gui_lib' build argument 'cmake_args' from command line to 'None'
[6.191s] Level 5:colcon.colcon_core.verb:set package 'urc_gui_lib' build argument 'cmake_target' from command line to 'None'
[6.191s] Level 5:colcon.colcon_core.verb:set package 'urc_gui_lib' build argument 'cmake_target_skip_unavailable' from command line to 'False'
[6.192s] Level 5:colcon.colcon_core.verb:set package 'urc_gui_lib' build argument 'cmake_clean_cache' from command line to 'False'
[6.192s] Level 5:colcon.colcon_core.verb:set package 'urc_gui_lib' build argument 'cmake_clean_first' from command line to 'False'
[6.192s] Level 5:colcon.colcon_core.verb:set package 'urc_gui_lib' build argument 'cmake_force_configure' from command line to 'False'
[6.192s] Level 5:colcon.colcon_core.verb:set package 'urc_gui_lib' build argument 'ament_cmake_args' from command line to 'None'
[6.192s] Level 5:colcon.colcon_core.verb:set package 'urc_gui_lib' build argument 'catkin_cmake_args' from command line to 'None'
[6.192s] Level 5:colcon.colcon_core.verb:set package 'urc_gui_lib' build argument 'catkin_skip_building_tests' from command line to 'False'
[6.192s] DEBUG:colcon.colcon_core.verb:Building package 'urc_gui_lib' with the following arguments: {'ament_cmake_args': None, 'build_base': '/home/urc/new-GUI/build/urc_gui_lib', 'catkin_cmake_args': None, 'catkin_skip_building_tests': False, 'cmake_args': None, 'cmake_clean_cache': False, 'cmake_clean_first': False, 'cmake_force_configure': False, 'cmake_target': None, 'cmake_target_skip_unavailable': False, 'install_base': '/home/urc/new-GUI/install/urc_gui_lib', 'merge_install': False, 'path': '/home/urc/new-GUI/src/urc_gui_lib', 'symlink_install': False, 'test_result_base': None}
[6.219s] Level 5:colcon.colcon_core.verb:set package 'rover_gui_lib' build argument 'cmake_args' from command line to 'None'
[6.219s] Level 5:colcon.colcon_core.verb:set package 'rover_gui_lib' build argument 'cmake_target' from command line to 'None'
[6.219s] Level 5:colcon.colcon_core.verb:set package 'rover_gui_lib' build argument 'cmake_target_skip_unavailable' from command line to 'False'
[6.219s] Level 5:colcon.colcon_core.verb:set package 'rover_gui_lib' build argument 'cmake_clean_cache' from command line to 'False'
[6.219s] Level 5:colcon.colcon_core.verb:set package 'rover_gui_lib' build argument 'cmake_clean_first' from command line to 'False'
[6.219s] Level 5:colcon.colcon_core.verb:set package 'rover_gui_lib' build argument 'cmake_force_configure' from command line to 'False'
[6.219s] Level 5:colcon.colcon_core.verb:set package 'rover_gui_lib' build argument 'ament_cmake_args' from command line to 'None'
[6.220s] Level 5:colcon.colcon_core.verb:set package 'rover_gui_lib' build argument 'catkin_cmake_args' from command line to 'None'
[6.220s] Level 5:colcon.colcon_core.verb:set package 'rover_gui_lib' build argument 'catkin_skip_building_tests' from command line to 'False'
[6.220s] DEBUG:colcon.colcon_core.verb:Building package 'rover_gui_lib' with the following arguments: {'ament_cmake_args': None, 'build_base': '/home/urc/new-GUI/build/rover_gui_lib', 'catkin_cmake_args': None, 'catkin_skip_building_tests': False, 'cmake_args': None, 'cmake_clean_cache': False, 'cmake_clean_first': False, 'cmake_force_configure': False, 'cmake_target': None, 'cmake_target_skip_unavailable': False, 'install_base': '/home/urc/new-GUI/install/rover_gui_lib', 'merge_install': False, 'path': '/home/urc/new-GUI/src/rover_gui_lib', 'symlink_install': False, 'test_result_base': None}
[6.246s] INFO:colcon.colcon_core.executor:Executing jobs using 'parallel' executor
[6.271s] DEBUG:colcon.colcon_parallel_executor.executor.parallel:run_until_complete
[6.272s] INFO:colcon.colcon_ros.task.ament_cmake.build:Building ROS package in '/home/urc/new-GUI/src/aruco_finder' with build type 'ament_cmake'
[6.272s] INFO:colcon.colcon_cmake.task.cmake.build:Building CMake package in '/home/urc/new-GUI/src/aruco_finder'
[6.305s] INFO:colcon.colcon_core.plugin_system:Skipping extension 'colcon_core.shell.bat': Not used on non-Windows systems
[6.306s] INFO:colcon.colcon_core.shell:Skip shell extension 'powershell' for command environment: Not usable outside of PowerShell
[6.306s] DEBUG:colcon.colcon_core.shell:Skip shell extension 'dsv' for command environment
[6.388s] INFO:colcon.colcon_ros.task.ament_cmake.build:Building ROS package in '/home/urc/new-GUI/src/marker_interfacing' with build type 'ament_cmake'
[6.389s] INFO:colcon.colcon_cmake.task.cmake.build:Building CMake package in '/home/urc/new-GUI/src/marker_interfacing'
[6.415s] INFO:colcon.colcon_core.shell:Skip shell extension 'powershell' for command environment: Not usable outside of PowerShell
[6.415s] DEBUG:colcon.colcon_core.shell:Skip shell extension 'dsv' for command environment
[6.500s] INFO:colcon.colcon_ros.task.ament_cmake.build:Building ROS package in '/home/urc/new-GUI/src/theora_webcams' with build type 'ament_cmake'
[6.500s] INFO:colcon.colcon_cmake.task.cmake.build:Building CMake package in '/home/urc/new-GUI/src/theora_webcams'
[6.536s] INFO:colcon.colcon_core.shell:Skip shell extension 'powershell' for command environment: Not usable outside of PowerShell
[6.537s] DEBUG:colcon.colcon_core.shell:Skip shell extension 'dsv' for command environment
[6.632s] DEBUG:colcon.colcon_core.event_handler.log_command:Invoking command in '/home/urc/new-GUI/build/aruco_finder': CMAKE_PREFIX_PATH=/home/urc/new-GUI/install/gui_window:/opt/ros/humble:${CMAKE_PREFIX_PATH} /usr/bin/cmake --build /home/urc/new-GUI/build/aruco_finder -- -j4 -l4
[6.642s] DEBUG:colcon.colcon_core.event_handler.log_command:Invoking command in '/home/urc/new-GUI/build/marker_interfacing': CMAKE_PREFIX_PATH=/home/urc/new-GUI/install/gui_window:/opt/ros/humble:${CMAKE_PREFIX_PATH} /usr/bin/cmake --build /home/urc/new-GUI/build/marker_interfacing -- -j4 -l4
[6.650s] DEBUG:colcon.colcon_core.event_handler.log_command:Invoking command in '/home/urc/new-GUI/build/theora_webcams': CMAKE_PREFIX_PATH=/home/urc/new-GUI/install/gui_window:/opt/ros/humble:${CMAKE_PREFIX_PATH} /usr/bin/cmake --build /home/urc/new-GUI/build/theora_webcams -- -j4 -l4
[8.117s] DEBUG:colcon.colcon_core.event_handler.log_command:Invoked command in '/home/urc/new-GUI/build/theora_webcams' returned '0': CMAKE_PREFIX_PATH=/home/urc/new-GUI/install/gui_window:/opt/ros/humble:${CMAKE_PREFIX_PATH} /usr/bin/cmake --build /home/urc/new-GUI/build/theora_webcams -- -j4 -l4
[8.119s] DEBUG:colcon.colcon_core.event_handler.log_command:Invoked command in '/home/urc/new-GUI/build/marker_interfacing' returned '0': CMAKE_PREFIX_PATH=/home/urc/new-GUI/install/gui_window:/opt/ros/humble:${CMAKE_PREFIX_PATH} /usr/bin/cmake --build /home/urc/new-GUI/build/marker_interfacing -- -j4 -l4
[8.169s] DEBUG:colcon.colcon_core.event_handler.log_command:Invoked command in '/home/urc/new-GUI/build/aruco_finder' returned '0': CMAKE_PREFIX_PATH=/home/urc/new-GUI/install/gui_window:/opt/ros/humble:${CMAKE_PREFIX_PATH} /usr/bin/cmake --build /home/urc/new-GUI/build/aruco_finder -- -j4 -l4
[8.316s] DEBUG:colcon.colcon_core.event_handler.log_command:Invoking command in '/home/urc/new-GUI/build/aruco_finder': CMAKE_PREFIX_PATH=/home/urc/new-GUI/install/gui_window:/opt/ros/humble:${CMAKE_PREFIX_PATH} /usr/bin/cmake --install /home/urc/new-GUI/build/aruco_finder
[8.481s] Level 1:colcon.colcon_core.environment:create_environment_scripts_only(aruco_finder)
[8.494s] DEBUG:colcon.colcon_core.event_handler.log_command:Invoked command in '/home/urc/new-GUI/build/aruco_finder' returned '0': CMAKE_PREFIX_PATH=/home/urc/new-GUI/install/gui_window:/opt/ros/humble:${CMAKE_PREFIX_PATH} /usr/bin/cmake --install /home/urc/new-GUI/build/aruco_finder
[8.525s] Level 1:colcon.colcon_core.environment:checking '/home/urc/new-GUI/install/aruco_finder' for CMake module files
[8.526s] Level 1:colcon.colcon_core.environment:checking '/home/urc/new-GUI/install/aruco_finder' for CMake config files
[8.528s] Level 1:colcon.colcon_core.shell:create_environment_hook('aruco_finder', 'cmake_prefix_path')
[8.569s] INFO:colcon.colcon_core.shell:Creating environment hook '/home/urc/new-GUI/install/aruco_finder/share/aruco_finder/hook/cmake_prefix_path.ps1'
[8.572s] INFO:colcon.colcon_core.shell:Creating environment descriptor '/home/urc/new-GUI/install/aruco_finder/share/aruco_finder/hook/cmake_prefix_path.dsv'
[8.574s] INFO:colcon.colcon_core.shell:Creating environment hook '/home/urc/new-GUI/install/aruco_finder/share/aruco_finder/hook/cmake_prefix_path.sh'
[8.576s] Level 1:colcon.colcon_core.environment:checking '/home/urc/new-GUI/install/aruco_finder/lib'
[8.576s] Level 1:colcon.colcon_core.shell:create_environment_hook('aruco_finder', 'ld_library_path_lib')
[8.639s] INFO:colcon.colcon_core.shell:Creating environment hook '/home/urc/new-GUI/install/aruco_finder/share/aruco_finder/hook/ld_library_path_lib.ps1'
[8.639s] INFO:colcon.colcon_core.shell:Creating environment descriptor '/home/urc/new-GUI/install/aruco_finder/share/aruco_finder/hook/ld_library_path_lib.dsv'
[8.640s] INFO:colcon.colcon_core.shell:Creating environment hook '/home/urc/new-GUI/install/aruco_finder/share/aruco_finder/hook/ld_library_path_lib.sh'
[8.641s] Level 1:colcon.colcon_core.environment:checking '/home/urc/new-GUI/install/aruco_finder/bin'
[8.641s] Level 1:colcon.colcon_core.environment:checking '/home/urc/new-GUI/install/aruco_finder/lib/pkgconfig/aruco_finder.pc'
[8.641s] Level 1:colcon.colcon_core.environment:checking '/home/urc/new-GUI/install/aruco_finder/lib/python3.10/site-packages'
[8.642s] Level 1:colcon.colcon_core.environment:checking '/home/urc/new-GUI/install/aruco_finder/bin'
[8.694s] INFO:colcon.colcon_core.shell:Creating package script '/home/urc/new-GUI/install/aruco_finder/share/aruco_finder/package.ps1'
[8.698s] INFO:colcon.colcon_core.shell:Creating package descriptor '/home/urc/new-GUI/install/aruco_finder/share/aruco_finder/package.dsv'
[8.709s] INFO:colcon.colcon_core.shell:Creating package script '/home/urc/new-GUI/install/aruco_finder/share/aruco_finder/package.sh'
[8.712s] INFO:colcon.colcon_core.shell:Creating package script '/home/urc/new-GUI/install/aruco_finder/share/aruco_finder/package.bash'
[8.716s] INFO:colcon.colcon_core.shell:Creating package script '/home/urc/new-GUI/install/aruco_finder/share/aruco_finder/package.zsh'
[8.728s] Level 1:colcon.colcon_core.environment:create_file_with_runtime_dependencies(/home/urc/new-GUI/install/aruco_finder/share/colcon-core/packages/aruco_finder)
[8.766s] DEBUG:colcon.colcon_core.event_handler.log_command:Invoking command in '/home/urc/new-GUI/build/theora_webcams': CMAKE_PREFIX_PATH=/home/urc/new-GUI/install/gui_window:/opt/ros/humble:${CMAKE_PREFIX_PATH} /usr/bin/cmake --install /home/urc/new-GUI/build/theora_webcams
[8.990s] Level 1:colcon.colcon_core.environment:create_environment_scripts_only(theora_webcams)
[8.994s] DEBUG:colcon.colcon_core.event_handler.log_command:Invoked command in '/home/urc/new-GUI/build/theora_webcams' returned '0': CMAKE_PREFIX_PATH=/home/urc/new-GUI/install/gui_window:/opt/ros/humble:${CMAKE_PREFIX_PATH} /usr/bin/cmake --install /home/urc/new-GUI/build/theora_webcams
[9.022s] Level 1:colcon.colcon_core.environment:checking '/home/urc/new-GUI/install/theora_webcams' for CMake module files
[9.023s] Level 1:colcon.colcon_core.environment:checking '/home/urc/new-GUI/install/theora_webcams' for CMake config files
[9.027s] Level 1:colcon.colcon_core.shell:create_environment_hook('theora_webcams', 'cmake_prefix_path')
[9.071s] INFO:colcon.colcon_core.shell:Creating environment hook '/home/urc/new-GUI/install/theora_webcams/share/theora_webcams/hook/cmake_prefix_path.ps1'
[9.072s] INFO:colcon.colcon_core.shell:Creating environment descriptor '/home/urc/new-GUI/install/theora_webcams/share/theora_webcams/hook/cmake_prefix_path.dsv'
[9.073s] INFO:colcon.colcon_core.shell:Creating environment hook '/home/urc/new-GUI/install/theora_webcams/share/theora_webcams/hook/cmake_prefix_path.sh'
[9.074s] Level 1:colcon.colcon_core.environment:checking '/home/urc/new-GUI/install/theora_webcams/lib'
[9.074s] Level 1:colcon.colcon_core.shell:create_environment_hook('theora_webcams', 'ld_library_path_lib')
[9.111s] INFO:colcon.colcon_core.shell:Creating environment hook '/home/urc/new-GUI/install/theora_webcams/share/theora_webcams/hook/ld_library_path_lib.ps1'
[9.112s] INFO:colcon.colcon_core.shell:Creating environment descriptor '/home/urc/new-GUI/install/theora_webcams/share/theora_webcams/hook/ld_library_path_lib.dsv'
[9.113s] INFO:colcon.colcon_core.shell:Creating environment hook '/home/urc/new-GUI/install/theora_webcams/share/theora_webcams/hook/ld_library_path_lib.sh'
[9.113s] Level 1:colcon.colcon_core.environment:checking '/home/urc/new-GUI/install/theora_webcams/bin'
[9.114s] Level 1:colcon.colcon_core.environment:checking '/home/urc/new-GUI/install/theora_webcams/lib/pkgconfig/theora_webcams.pc'
[9.114s] Level 1:colcon.colcon_core.environment:checking '/home/urc/new-GUI/install/theora_webcams/lib/python3.10/site-packages'
[9.114s] Level 1:colcon.colcon_core.environment:checking '/home/urc/new-GUI/install/theora_webcams/bin'
[9.153s] INFO:colcon.colcon_core.shell:Creating package script '/home/urc/new-GUI/install/theora_webcams/share/theora_webcams/package.ps1'
[9.154s] INFO:colcon.colcon_core.shell:Creating package descriptor '/home/urc/new-GUI/install/theora_webcams/share/theora_webcams/package.dsv'
[9.156s] INFO:colcon.colcon_core.shell:Creating package script '/home/urc/new-GUI/install/theora_webcams/share/theora_webcams/package.sh'
[9.157s] INFO:colcon.colcon_core.shell:Creating package script '/home/urc/new-GUI/install/theora_webcams/share/theora_webcams/package.bash'
[9.158s] INFO:colcon.colcon_core.shell:Creating package script '/home/urc/new-GUI/install/theora_webcams/share/theora_webcams/package.zsh'
[9.158s] Level 1:colcon.colcon_core.environment:create_file_with_runtime_dependencies(/home/urc/new-GUI/install/theora_webcams/share/colcon-core/packages/theora_webcams)
[9.226s] Level 1:colcon.colcon_core.environment:create_environment_scripts_only(aruco_finder)
[9.278s] Level 1:colcon.colcon_core.environment:checking '/home/urc/new-GUI/install/aruco_finder' for CMake module files
[9.280s] Level 1:colcon.colcon_core.environment:checking '/home/urc/new-GUI/install/aruco_finder' for CMake config files
[9.282s] Level 1:colcon.colcon_core.shell:create_environment_hook('aruco_finder', 'cmake_prefix_path')
[9.328s] INFO:colcon.colcon_core.shell:Creating environment hook '/home/urc/new-GUI/install/aruco_finder/share/aruco_finder/hook/cmake_prefix_path.ps1'
[9.330s] INFO:colcon.colcon_core.shell:Creating environment descriptor '/home/urc/new-GUI/install/aruco_finder/share/aruco_finder/hook/cmake_prefix_path.dsv'
[9.331s] INFO:colcon.colcon_core.shell:Creating environment hook '/home/urc/new-GUI/install/aruco_finder/share/aruco_finder/hook/cmake_prefix_path.sh'
[9.336s] Level 1:colcon.colcon_core.environment:checking '/home/urc/new-GUI/install/aruco_finder/lib'
[9.336s] Level 1:colcon.colcon_core.shell:create_environment_hook('aruco_finder', 'ld_library_path_lib')
[9.385s] INFO:colcon.colcon_core.shell:Creating environment hook '/home/urc/new-GUI/install/aruco_finder/share/aruco_finder/hook/ld_library_path_lib.ps1'
[9.386s] INFO:colcon.colcon_core.shell:Creating environment descriptor '/home/urc/new-GUI/install/aruco_finder/share/aruco_finder/hook/ld_library_path_lib.dsv'
[9.387s] INFO:colcon.colcon_core.shell:Creating environment hook '/home/urc/new-GUI/install/aruco_finder/share/aruco_finder/hook/ld_library_path_lib.sh'
[9.387s] Level 1:colcon.colcon_core.environment:checking '/home/urc/new-GUI/install/aruco_finder/bin'
[9.388s] Level 1:colcon.colcon_core.environment:checking '/home/urc/new-GUI/install/aruco_finder/lib/pkgconfig/aruco_finder.pc'
[9.389s] Level 1:colcon.colcon_core.environment:checking '/home/urc/new-GUI/install/aruco_finder/lib/python3.10/site-packages'
[9.390s] Level 1:colcon.colcon_core.environment:checking '/home/urc/new-GUI/install/aruco_finder/bin'
[9.419s] INFO:colcon.colcon_core.shell:Creating package script '/home/urc/new-GUI/install/aruco_finder/share/aruco_finder/package.ps1'
[9.420s] INFO:colcon.colcon_core.shell:Creating package descriptor '/home/urc/new-GUI/install/aruco_finder/share/aruco_finder/package.dsv'
[9.421s] INFO:colcon.colcon_core.shell:Creating package script '/home/urc/new-GUI/install/aruco_finder/share/aruco_finder/package.sh'
[9.421s] INFO:colcon.colcon_core.shell:Creating package script '/home/urc/new-GUI/install/aruco_finder/share/aruco_finder/package.bash'
[9.422s] INFO:colcon.colcon_core.shell:Creating package script '/home/urc/new-GUI/install/aruco_finder/share/aruco_finder/package.zsh'
[9.422s] Level 1:colcon.colcon_core.environment:create_file_with_runtime_dependencies(/home/urc/new-GUI/install/aruco_finder/share/colcon-core/packages/aruco_finder)
[9.428s] DEBUG:colcon.colcon_core.event_handler.log_command:Invoking command in '/home/urc/new-GUI/build/marker_interfacing': CMAKE_PREFIX_PATH=/home/urc/new-GUI/install/gui_window:/opt/ros/humble:${CMAKE_PREFIX_PATH} /usr/bin/cmake --install /home/urc/new-GUI/build/marker_interfacing
[9.702s] Level 1:colcon.colcon_core.environment:create_environment_scripts_only(marker_interfacing)
[9.706s] DEBUG:colcon.colcon_core.event_handler.log_command:Invoked command in '/home/urc/new-GUI/build/marker_interfacing' returned '0': CMAKE_PREFIX_PATH=/home/urc/new-GUI/install/gui_window:/opt/ros/humble:${CMAKE_PREFIX_PATH} /usr/bin/cmake --install /home/urc/new-GUI/build/marker_interfacing
[9.750s] Level 1:colcon.colcon_core.environment:checking '/home/urc/new-GUI/install/marker_interfacing' for CMake module files
[9.751s] Level 1:colcon.colcon_core.environment:checking '/home/urc/new-GUI/install/marker_interfacing' for CMake config files
[9.755s] Level 1:colcon.colcon_core.shell:create_environment_hook('marker_interfacing', 'cmake_prefix_path')
[9.804s] INFO:colcon.colcon_core.shell:Creating environment hook '/home/urc/new-GUI/install/marker_interfacing/share/marker_interfacing/hook/cmake_prefix_path.ps1'
[9.805s] INFO:colcon.colcon_core.shell:Creating environment descriptor '/home/urc/new-GUI/install/marker_interfacing/share/marker_interfacing/hook/cmake_prefix_path.dsv'
[9.806s] INFO:colcon.colcon_core.shell:Creating environment hook '/home/urc/new-GUI/install/marker_interfacing/share/marker_interfacing/hook/cmake_prefix_path.sh'
[9.807s] Level 1:colcon.colcon_core.environment:checking '/home/urc/new-GUI/install/marker_interfacing/lib'
[9.807s] Level 1:colcon.colcon_core.shell:create_environment_hook('marker_interfacing', 'ld_library_path_lib')
[9.867s] INFO:colcon.colcon_core.shell:Creating environment hook '/home/urc/new-GUI/install/marker_interfacing/share/marker_interfacing/hook/ld_library_path_lib.ps1'
[9.868s] INFO:colcon.colcon_core.shell:Creating environment descriptor '/home/urc/new-GUI/install/marker_interfacing/share/marker_interfacing/hook/ld_library_path_lib.dsv'
[9.869s] INFO:colcon.colcon_core.shell:Creating environment hook '/home/urc/new-GUI/install/marker_interfacing/share/marker_interfacing/hook/ld_library_path_lib.sh'
[9.872s] Level 1:colcon.colcon_core.environment:checking '/home/urc/new-GUI/install/marker_interfacing/bin'
[9.872s] Level 1:colcon.colcon_core.environment:checking '/home/urc/new-GUI/install/marker_interfacing/lib/pkgconfig/marker_interfacing.pc'
[9.873s] Level 1:colcon.colcon_core.environment:checking '/home/urc/new-GUI/install/marker_interfacing/lib/python3.10/site-packages'
[9.874s] Level 1:colcon.colcon_core.environment:checking '/home/urc/new-GUI/install/marker_interfacing/bin'
[9.910s] INFO:colcon.colcon_core.shell:Creating package script '/home/urc/new-GUI/install/marker_interfacing/share/marker_interfacing/package.ps1'
[9.911s] INFO:colcon.colcon_core.shell:Creating package descriptor '/home/urc/new-GUI/install/marker_interfacing/share/marker_interfacing/package.dsv'
[9.911s] INFO:colcon.colcon_core.shell:Creating package script '/home/urc/new-GUI/install/marker_interfacing/share/marker_interfacing/package.sh'
[9.912s] INFO:colcon.colcon_core.shell:Creating package script '/home/urc/new-GUI/install/marker_interfacing/share/marker_interfacing/package.bash'
[9.913s] INFO:colcon.colcon_core.shell:Creating package script '/home/urc/new-GUI/install/marker_interfacing/share/marker_interfacing/package.zsh'
[9.913s] Level 1:colcon.colcon_core.environment:create_file_with_runtime_dependencies(/home/urc/new-GUI/install/marker_interfacing/share/colcon-core/packages/marker_interfacing)
[10.042s] Level 1:colcon.colcon_core.environment:create_environment_scripts_only(theora_webcams)
[10.079s] Level 1:colcon.colcon_core.environment:checking '/home/urc/new-GUI/install/theora_webcams' for CMake module files
[10.081s] Level 1:colcon.colcon_core.environment:checking '/home/urc/new-GUI/install/theora_webcams' for CMake config files
[10.083s] Level 1:colcon.colcon_core.shell:create_environment_hook('theora_webcams', 'cmake_prefix_path')
[10.116s] INFO:colcon.colcon_core.shell:Creating environment hook '/home/urc/new-GUI/install/theora_webcams/share/theora_webcams/hook/cmake_prefix_path.ps1'
[10.117s] INFO:colcon.colcon_core.shell:Creating environment descriptor '/home/urc/new-GUI/install/theora_webcams/share/theora_webcams/hook/cmake_prefix_path.dsv'
[10.118s] INFO:colcon.colcon_core.shell:Creating environment hook '/home/urc/new-GUI/install/theora_webcams/share/theora_webcams/hook/cmake_prefix_path.sh'
[10.119s] Level 1:colcon.colcon_core.environment:checking '/home/urc/new-GUI/install/theora_webcams/lib'
[10.119s] Level 1:colcon.colcon_core.shell:create_environment_hook('theora_webcams', 'ld_library_path_lib')
[10.148s] INFO:colcon.colcon_core.shell:Creating environment hook '/home/urc/new-GUI/install/theora_webcams/share/theora_webcams/hook/ld_library_path_lib.ps1'
[10.150s] INFO:colcon.colcon_core.shell:Creating environment descriptor '/home/urc/new-GUI/install/theora_webcams/share/theora_webcams/hook/ld_library_path_lib.dsv'
[10.151s] INFO:colcon.colcon_core.shell:Creating environment hook '/home/urc/new-GUI/install/theora_webcams/share/theora_webcams/hook/ld_library_path_lib.sh'
[10.152s] Level 1:colcon.colcon_core.environment:checking '/home/urc/new-GUI/install/theora_webcams/bin'
[10.152s] Level 1:colcon.colcon_core.environment:checking '/home/urc/new-GUI/install/theora_webcams/lib/pkgconfig/theora_webcams.pc'
[10.152s] Level 1:colcon.colcon_core.environment:checking '/home/urc/new-GUI/install/theora_webcams/lib/python3.10/site-packages'
[10.153s] Level 1:colcon.colcon_core.environment:checking '/home/urc/new-GUI/install/theora_webcams/bin'
[10.188s] INFO:colcon.colcon_core.shell:Creating package script '/home/urc/new-GUI/install/theora_webcams/share/theora_webcams/package.ps1'
[10.190s] INFO:colcon.colcon_core.shell:Creating package descriptor '/home/urc/new-GUI/install/theora_webcams/share/theora_webcams/package.dsv'
[10.191s] INFO:colcon.colcon_core.shell:Creating package script '/home/urc/new-GUI/install/theora_webcams/share/theora_webcams/package.sh'
[10.193s] INFO:colcon.colcon_core.shell:Creating package script '/home/urc/new-GUI/install/theora_webcams/share/theora_webcams/package.bash'
[10.195s] INFO:colcon.colcon_core.shell:Creating package script '/home/urc/new-GUI/install/theora_webcams/share/theora_webcams/package.zsh'
[10.197s] Level 1:colcon.colcon_core.environment:create_file_with_runtime_dependencies(/home/urc/new-GUI/install/theora_webcams/share/colcon-core/packages/theora_webcams)
[10.530s] Level 1:colcon.colcon_core.environment:create_environment_scripts_only(marker_interfacing)
[10.559s] Level 1:colcon.colcon_core.environment:checking '/home/urc/new-GUI/install/marker_interfacing' for CMake module files
[10.561s] Level 1:colcon.colcon_core.environment:checking '/home/urc/new-GUI/install/marker_interfacing' for CMake config files
[10.562s] Level 1:colcon.colcon_core.shell:create_environment_hook('marker_interfacing', 'cmake_prefix_path')
[10.592s] INFO:colcon.colcon_core.shell:Creating environment hook '/home/urc/new-GUI/install/marker_interfacing/share/marker_interfacing/hook/cmake_prefix_path.ps1'
[10.592s] INFO:colcon.colcon_core.shell:Creating environment descriptor '/home/urc/new-GUI/install/marker_interfacing/share/marker_interfacing/hook/cmake_prefix_path.dsv'
[10.593s] INFO:colcon.colcon_core.shell:Creating environment hook '/home/urc/new-GUI/install/marker_interfacing/share/marker_interfacing/hook/cmake_prefix_path.sh'
[10.593s] Level 1:colcon.colcon_core.environment:checking '/home/urc/new-GUI/install/marker_interfacing/lib'
[10.594s] Level 1:colcon.colcon_core.shell:create_environment_hook('marker_interfacing', 'ld_library_path_lib')
[10.637s] INFO:colcon.colcon_core.shell:Creating environment hook '/home/urc/new-GUI/install/marker_interfacing/share/marker_interfacing/hook/ld_library_path_lib.ps1'
[10.638s] INFO:colcon.colcon_core.shell:Creating environment descriptor '/home/urc/new-GUI/install/marker_interfacing/share/marker_interfacing/hook/ld_library_path_lib.dsv'
[10.639s] INFO:colcon.colcon_core.shell:Creating environment hook '/home/urc/new-GUI/install/marker_interfacing/share/marker_interfacing/hook/ld_library_path_lib.sh'
[10.640s] Level 1:colcon.colcon_core.environment:checking '/home/urc/new-GUI/install/marker_interfacing/bin'
[10.640s] Level 1:colcon.colcon_core.environment:checking '/home/urc/new-GUI/install/marker_interfacing/lib/pkgconfig/marker_interfacing.pc'
[10.641s] Level 1:colcon.colcon_core.environment:checking '/home/urc/new-GUI/install/marker_interfacing/lib/python3.10/site-packages'
[10.641s] Level 1:colcon.colcon_core.environment:checking '/home/urc/new-GUI/install/marker_interfacing/bin'
[10.686s] INFO:colcon.colcon_core.shell:Creating package script '/home/urc/new-GUI/install/marker_interfacing/share/marker_interfacing/package.ps1'
[10.687s] INFO:colcon.colcon_core.shell:Creating package descriptor '/home/urc/new-GUI/install/marker_interfacing/share/marker_interfacing/package.dsv'
[10.688s] INFO:colcon.colcon_core.shell:Creating package script '/home/urc/new-GUI/install/marker_interfacing/share/marker_interfacing/package.sh'
[10.689s] INFO:colcon.colcon_core.shell:Creating package script '/home/urc/new-GUI/install/marker_interfacing/share/marker_interfacing/package.bash'
[10.689s] INFO:colcon.colcon_core.shell:Creating package script '/home/urc/new-GUI/install/marker_interfacing/share/marker_interfacing/package.zsh'
[10.690s] Level 1:colcon.colcon_core.environment:create_file_with_runtime_dependencies(/home/urc/new-GUI/install/marker_interfacing/share/colcon-core/packages/marker_interfacing)
[10.690s] INFO:colcon.colcon_ros.task.catkin.build:Building ROS package in '/home/urc/new-GUI/src/urc_gui_lib' with build type 'catkin'
[10.691s] INFO:colcon.colcon_cmake.task.cmake.build:Building CMake package in '/home/urc/new-GUI/src/urc_gui_lib'
[10.742s] INFO:colcon.colcon_core.shell:Skip shell extension 'powershell' for command environment: Not usable outside of PowerShell
[10.742s] DEBUG:colcon.colcon_core.shell:Skip shell extension 'dsv' for command environment
[10.861s] INFO:colcon.colcon_ros.task.ament_python.build:Building ROS package in '/home/urc/new-GUI/src/gui_window' with build type 'ament_python'
[10.862s] Level 1:colcon.colcon_core.shell:create_environment_hook('gui_window', 'ament_prefix_path')
[10.934s] INFO:colcon.colcon_core.shell:Creating environment hook '/home/urc/new-GUI/install/gui_window/share/gui_window/hook/ament_prefix_path.ps1'
[10.935s] INFO:colcon.colcon_core.shell:Creating environment descriptor '/home/urc/new-GUI/install/gui_window/share/gui_window/hook/ament_prefix_path.dsv'
[10.935s] INFO:colcon.colcon_core.shell:Creating environment hook '/home/urc/new-GUI/install/gui_window/share/gui_window/hook/ament_prefix_path.sh'
[10.974s] INFO:colcon.colcon_core.shell:Skip shell extension 'powershell' for command environment: Not usable outside of PowerShell
[10.975s] DEBUG:colcon.colcon_core.shell:Skip shell extension 'dsv' for command environment
[11.085s] DEBUG:colcon.colcon_core.event_handler.log_command:Invoking command in '/home/urc/new-GUI/build/urc_gui_lib': CMAKE_PREFIX_PATH=/home/urc/new-GUI/install/theora_webcams:/home/urc/new-GUI/install/marker_interfacing:/home/urc/new-GUI/install/aruco_finder:/home/urc/new-GUI/install/rover_gui_lib:/home/urc/new-GUI/install/urc_gui_lib LD_LIBRARY_PATH=/home/urc/new-GUI/install/theora_webcams/lib:/home/urc/new-GUI/install/marker_interfacing/lib:/home/urc/new-GUI/install/aruco_finder/lib:/home/urc/new-GUI/install/rover_gui_lib/lib:/opt/ros/humble/opt/rviz_ogre_vendor/lib:/opt/ros/humble/lib/x86_64-linux-gnu:/opt/ros/humble/lib /usr/bin/cmake --build /home/urc/new-GUI/build/urc_gui_lib -- -j4 -l4
[11.612s] INFO:colcon.colcon_core.task.python.build:Building Python package in '/home/urc/new-GUI/src/gui_window'
[11.640s] INFO:colcon.colcon_core.shell:Skip shell extension 'powershell' for command environment: Not usable outside of PowerShell
[11.640s] DEBUG:colcon.colcon_core.shell:Skip shell extension 'dsv' for command environment
[11.733s] DEBUG:colcon.colcon_core.event_handler.log_command:Invoked command in '/home/urc/new-GUI/build/urc_gui_lib' returned '0': CMAKE_PREFIX_PATH=/home/urc/new-GUI/install/theora_webcams:/home/urc/new-GUI/install/marker_interfacing:/home/urc/new-GUI/install/aruco_finder:/home/urc/new-GUI/install/rover_gui_lib:/home/urc/new-GUI/install/urc_gui_lib LD_LIBRARY_PATH=/home/urc/new-GUI/install/theora_webcams/lib:/home/urc/new-GUI/install/marker_interfacing/lib:/home/urc/new-GUI/install/aruco_finder/lib:/home/urc/new-GUI/install/rover_gui_lib/lib:/opt/ros/humble/opt/rviz_ogre_vendor/lib:/opt/ros/humble/lib/x86_64-linux-gnu:/opt/ros/humble/lib /usr/bin/cmake --build /home/urc/new-GUI/build/urc_gui_lib -- -j4 -l4
[11.866s] DEBUG:colcon.colcon_core.event_handler.log_command:Invoking command in '/home/urc/new-GUI/build/urc_gui_lib': CMAKE_PREFIX_PATH=/home/urc/new-GUI/install/theora_webcams:/home/urc/new-GUI/install/marker_interfacing:/home/urc/new-GUI/install/aruco_finder:/home/urc/new-GUI/install/rover_gui_lib:/home/urc/new-GUI/install/urc_gui_lib LD_LIBRARY_PATH=/home/urc/new-GUI/install/theora_webcams/lib:/home/urc/new-GUI/install/marker_interfacing/lib:/home/urc/new-GUI/install/aruco_finder/lib:/home/urc/new-GUI/install/rover_gui_lib/lib:/opt/ros/humble/opt/rviz_ogre_vendor/lib:/opt/ros/humble/lib/x86_64-linux-gnu:/opt/ros/humble/lib /usr/bin/cmake --install /home/urc/new-GUI/build/urc_gui_lib
[11.883s] DEBUG:colcon.colcon_core.event_handler.log_command:Invoked command in '/home/urc/new-GUI/build/urc_gui_lib' returned '0': CMAKE_PREFIX_PATH=/home/urc/new-GUI/install/theora_webcams:/home/urc/new-GUI/install/marker_interfacing:/home/urc/new-GUI/install/aruco_finder:/home/urc/new-GUI/install/rover_gui_lib:/home/urc/new-GUI/install/urc_gui_lib LD_LIBRARY_PATH=/home/urc/new-GUI/install/theora_webcams/lib:/home/urc/new-GUI/install/marker_interfacing/lib:/home/urc/new-GUI/install/aruco_finder/lib:/home/urc/new-GUI/install/rover_gui_lib/lib:/opt/ros/humble/opt/rviz_ogre_vendor/lib:/opt/ros/humble/lib/x86_64-linux-gnu:/opt/ros/humble/lib /usr/bin/cmake --install /home/urc/new-GUI/build/urc_gui_lib
[11.946s] Level 1:colcon.colcon_core.shell:create_environment_hook('urc_gui_lib', 'ros_package_path')
[11.992s] INFO:colcon.colcon_core.shell:Creating environment hook '/home/urc/new-GUI/install/urc_gui_lib/share/urc_gui_lib/hook/ros_package_path.ps1'
[12.002s] INFO:colcon.colcon_core.shell:Creating environment descriptor '/home/urc/new-GUI/install/urc_gui_lib/share/urc_gui_lib/hook/ros_package_path.dsv'
[12.004s] INFO:colcon.colcon_core.shell:Creating environment hook '/home/urc/new-GUI/install/urc_gui_lib/share/urc_gui_lib/hook/ros_package_path.sh'
[12.006s] Level 1:colcon.colcon_core.shell:create_environment_hook('urc_gui_lib', 'pkg_config_path')
[12.041s] INFO:colcon.colcon_core.shell:Creating environment hook '/home/urc/new-GUI/install/urc_gui_lib/share/urc_gui_lib/hook/pkg_config_path.ps1'
[12.043s] INFO:colcon.colcon_core.shell:Creating environment descriptor '/home/urc/new-GUI/install/urc_gui_lib/share/urc_gui_lib/hook/pkg_config_path.dsv'
[12.043s] INFO:colcon.colcon_core.shell:Creating environment hook '/home/urc/new-GUI/install/urc_gui_lib/share/urc_gui_lib/hook/pkg_config_path.sh'
[12.061s] Level 1:colcon.colcon_core.shell:create_environment_hook('urc_gui_lib', 'pkg_config_path_multiarch')
[12.108s] INFO:colcon.colcon_core.shell:Creating environment hook '/home/urc/new-GUI/install/urc_gui_lib/share/urc_gui_lib/hook/pkg_config_path_multiarch.ps1'
[12.109s] INFO:colcon.colcon_core.shell:Creating environment descriptor '/home/urc/new-GUI/install/urc_gui_lib/share/urc_gui_lib/hook/pkg_config_path_multiarch.dsv'
[12.110s] INFO:colcon.colcon_core.shell:Creating environment hook '/home/urc/new-GUI/install/urc_gui_lib/share/urc_gui_lib/hook/pkg_config_path_multiarch.sh'
[12.145s] Level 1:colcon.colcon_core.environment:create_environment_scripts_only(urc_gui_lib)
[12.176s] Level 1:colcon.colcon_core.environment:checking '/home/urc/new-GUI/install/urc_gui_lib' for CMake module files
[12.176s] Level 1:colcon.colcon_core.environment:checking '/home/urc/new-GUI/install/urc_gui_lib' for CMake config files
[12.182s] Level 1:colcon.colcon_core.shell:create_environment_hook('urc_gui_lib', 'cmake_prefix_path')
[12.232s] INFO:colcon.colcon_core.shell:Creating environment hook '/home/urc/new-GUI/install/urc_gui_lib/share/urc_gui_lib/hook/cmake_prefix_path.ps1'
[12.232s] INFO:colcon.colcon_core.shell:Creating environment descriptor '/home/urc/new-GUI/install/urc_gui_lib/share/urc_gui_lib/hook/cmake_prefix_path.dsv'
[12.234s] INFO:colcon.colcon_core.shell:Creating environment hook '/home/urc/new-GUI/install/urc_gui_lib/share/urc_gui_lib/hook/cmake_prefix_path.sh'
[12.235s] Level 1:colcon.colcon_core.environment:checking '/home/urc/new-GUI/install/urc_gui_lib/bin'
[12.235s] Level 1:colcon.colcon_core.environment:checking '/home/urc/new-GUI/install/urc_gui_lib/lib/pkgconfig/urc_gui_lib.pc'
[12.235s] Level 1:colcon.colcon_core.environment:checking '/home/urc/new-GUI/install/urc_gui_lib/lib/python3.10/site-packages'
[12.238s] Level 1:colcon.colcon_core.environment:checking '/home/urc/new-GUI/install/urc_gui_lib/bin'
[12.265s] INFO:colcon.colcon_core.shell:Creating package script '/home/urc/new-GUI/install/urc_gui_lib/share/urc_gui_lib/package.ps1'
[12.266s] INFO:colcon.colcon_core.shell:Creating package descriptor '/home/urc/new-GUI/install/urc_gui_lib/share/urc_gui_lib/package.dsv'
[12.266s] INFO:colcon.colcon_core.shell:Creating package script '/home/urc/new-GUI/install/urc_gui_lib/share/urc_gui_lib/package.sh'
[12.267s] INFO:colcon.colcon_core.shell:Creating package script '/home/urc/new-GUI/install/urc_gui_lib/share/urc_gui_lib/package.bash'
[12.269s] INFO:colcon.colcon_core.shell:Creating package script '/home/urc/new-GUI/install/urc_gui_lib/share/urc_gui_lib/package.zsh'
[12.269s] Level 1:colcon.colcon_core.environment:create_file_with_runtime_dependencies(/home/urc/new-GUI/install/urc_gui_lib/share/colcon-core/packages/urc_gui_lib)
[12.270s] INFO:colcon.colcon_ros.task.catkin.build:Building ROS package in '/home/urc/new-GUI/src/rover_gui_lib' with build type 'catkin'
[12.270s] INFO:colcon.colcon_cmake.task.cmake.build:Building CMake package in '/home/urc/new-GUI/src/rover_gui_lib'
[12.305s] INFO:colcon.colcon_core.shell:Skip shell extension 'powershell' for command environment: Not usable outside of PowerShell
[12.305s] DEBUG:colcon.colcon_core.shell:Skip shell extension 'dsv' for command environment
[12.455s] DEBUG:colcon.colcon_core.event_handler.log_command:Invoking command in '/home/urc/new-GUI/build/rover_gui_lib': CMAKE_PREFIX_PATH=/home/urc/new-GUI/install/urc_gui_lib:/home/urc/new-GUI/install/theora_webcams:/home/urc/new-GUI/install/marker_interfacing:/home/urc/new-GUI/install/aruco_finder:/home/urc/new-GUI/install/rover_gui_lib LD_LIBRARY_PATH=/home/urc/new-GUI/install/theora_webcams/lib:/home/urc/new-GUI/install/marker_interfacing/lib:/home/urc/new-GUI/install/aruco_finder/lib:/home/urc/new-GUI/install/rover_gui_lib/lib:/opt/ros/humble/opt/rviz_ogre_vendor/lib:/opt/ros/humble/lib/x86_64-linux-gnu:/opt/ros/humble/lib PKG_CONFIG_PATH=/home/urc/new-GUI/install/urc_gui_lib/lib/x86_64-linux-gnu/pkgconfig:/home/urc/new-GUI/install/urc_gui_lib/lib/pkgconfig:/home/urc/new-GUI/install/rover_gui_lib/lib/x86_64-linux-gnu/pkgconfig:/home/urc/new-GUI/install/rover_gui_lib/lib/pkgconfig ROS_PACKAGE_PATH=/home/urc/new-GUI/install/urc_gui_lib/share:/home/urc/new-GUI/install/rover_gui_lib/share /usr/bin/cmake --build /home/urc/new-GUI/build/rover_gui_lib -- -j4 -l4
[12.881s] DEBUG:colcon.colcon_core.event_handler.log_command:Invoking command in '/home/urc/new-GUI/src/gui_window': CMAKE_PREFIX_PATH=/home/urc/new-GUI/install/theora_webcams:/home/urc/new-GUI/install/marker_interfacing:/home/urc/new-GUI/install/aruco_finder:/home/urc/new-GUI/install/rover_gui_lib:/home/urc/new-GUI/install/urc_gui_lib LD_LIBRARY_PATH=/home/urc/new-GUI/install/theora_webcams/lib:/home/urc/new-GUI/install/marker_interfacing/lib:/home/urc/new-GUI/install/aruco_finder/lib:/home/urc/new-GUI/install/rover_gui_lib/lib:/opt/ros/humble/opt/rviz_ogre_vendor/lib:/opt/ros/humble/lib/x86_64-linux-gnu:/opt/ros/humble/lib PYTHONPATH=/home/urc/new-GUI/build/gui_window/prefix_override:/home/urc/new-GUI/install/gui_window/lib/python3.10/site-packages:${PYTHONPATH} /usr/bin/python3 setup.py egg_info --egg-base ../../build/gui_window build --build-base /home/urc/new-GUI/build/gui_window/build install --record /home/urc/new-GUI/build/gui_window/install.log --single-version-externally-managed
[13.821s] DEBUG:colcon.colcon_core.event_handler.log_command:Invoked command in '/home/urc/new-GUI/src/gui_window' returned '0': CMAKE_PREFIX_PATH=/home/urc/new-GUI/install/theora_webcams:/home/urc/new-GUI/install/marker_interfacing:/home/urc/new-GUI/install/aruco_finder:/home/urc/new-GUI/install/rover_gui_lib:/home/urc/new-GUI/install/urc_gui_lib LD_LIBRARY_PATH=/home/urc/new-GUI/install/theora_webcams/lib:/home/urc/new-GUI/install/marker_interfacing/lib:/home/urc/new-GUI/install/aruco_finder/lib:/home/urc/new-GUI/install/rover_gui_lib/lib:/opt/ros/humble/opt/rviz_ogre_vendor/lib:/opt/ros/humble/lib/x86_64-linux-gnu:/opt/ros/humble/lib PYTHONPATH=/home/urc/new-GUI/build/gui_window/prefix_override:/home/urc/new-GUI/install/gui_window/lib/python3.10/site-packages:${PYTHONPATH} /usr/bin/python3 setup.py egg_info --egg-base ../../build/gui_window build --build-base /home/urc/new-GUI/build/gui_window/build install --record /home/urc/new-GUI/build/gui_window/install.log --single-version-externally-managed
[13.903s] Level 1:colcon.colcon_core.environment:checking '/home/urc/new-GUI/install/gui_window' for CMake module files
[13.916s] Level 1:colcon.colcon_core.environment:checking '/home/urc/new-GUI/install/gui_window' for CMake config files
[13.917s] Level 1:colcon.colcon_core.environment:checking '/home/urc/new-GUI/install/gui_window/lib'
[13.918s] Level 1:colcon.colcon_core.environment:checking '/home/urc/new-GUI/install/gui_window/bin'
[13.918s] Level 1:colcon.colcon_core.environment:checking '/home/urc/new-GUI/install/gui_window/lib/pkgconfig/gui_window.pc'
[13.918s] Level 1:colcon.colcon_core.environment:checking '/home/urc/new-GUI/install/gui_window/lib/python3.10/site-packages'
[13.918s] Level 1:colcon.colcon_core.shell:create_environment_hook('gui_window', 'pythonpath')
[13.965s] INFO:colcon.colcon_core.shell:Creating environment hook '/home/urc/new-GUI/install/gui_window/share/gui_window/hook/pythonpath.ps1'
[13.966s] INFO:colcon.colcon_core.shell:Creating environment descriptor '/home/urc/new-GUI/install/gui_window/share/gui_window/hook/pythonpath.dsv'
[13.966s] INFO:colcon.colcon_core.shell:Creating environment hook '/home/urc/new-GUI/install/gui_window/share/gui_window/hook/pythonpath.sh'
[13.967s] Level 1:colcon.colcon_core.environment:checking '/home/urc/new-GUI/install/gui_window/bin'
[13.967s] Level 1:colcon.colcon_core.environment:create_environment_scripts_only(gui_window)
[14.005s] INFO:colcon.colcon_core.shell:Creating package script '/home/urc/new-GUI/install/gui_window/share/gui_window/package.ps1'
[14.006s] INFO:colcon.colcon_core.shell:Creating package descriptor '/home/urc/new-GUI/install/gui_window/share/gui_window/package.dsv'
[14.006s] INFO:colcon.colcon_core.shell:Creating package script '/home/urc/new-GUI/install/gui_window/share/gui_window/package.sh'
[14.007s] INFO:colcon.colcon_core.shell:Creating package script '/home/urc/new-GUI/install/gui_window/share/gui_window/package.bash'
[14.007s] INFO:colcon.colcon_core.shell:Creating package script '/home/urc/new-GUI/install/gui_window/share/gui_window/package.zsh'
[14.008s] Level 1:colcon.colcon_core.environment:create_file_with_runtime_dependencies(/home/urc/new-GUI/install/gui_window/share/colcon-core/packages/gui_window)
[17.402s] DEBUG:colcon.colcon_core.event_handler.log_command:Invoked command in '/home/urc/new-GUI/build/rover_gui_lib' returned '0': CMAKE_PREFIX_PATH=/home/urc/new-GUI/install/urc_gui_lib:/home/urc/new-GUI/install/theora_webcams:/home/urc/new-GUI/install/marker_interfacing:/home/urc/new-GUI/install/aruco_finder:/home/urc/new-GUI/install/rover_gui_lib LD_LIBRARY_PATH=/home/urc/new-GUI/install/theora_webcams/lib:/home/urc/new-GUI/install/marker_interfacing/lib:/home/urc/new-GUI/install/aruco_finder/lib:/home/urc/new-GUI/install/rover_gui_lib/lib:/opt/ros/humble/opt/rviz_ogre_vendor/lib:/opt/ros/humble/lib/x86_64-linux-gnu:/opt/ros/humble/lib PKG_CONFIG_PATH=/home/urc/new-GUI/install/urc_gui_lib/lib/x86_64-linux-gnu/pkgconfig:/home/urc/new-GUI/install/urc_gui_lib/lib/pkgconfig:/home/urc/new-GUI/install/rover_gui_lib/lib/x86_64-linux-gnu/pkgconfig:/home/urc/new-GUI/install/rover_gui_lib/lib/pkgconfig ROS_PACKAGE_PATH=/home/urc/new-GUI/install/urc_gui_lib/share:/home/urc/new-GUI/install/rover_gui_lib/share /usr/bin/cmake --build /home/urc/new-GUI/build/rover_gui_lib -- -j4 -l4
[17.726s] DEBUG:colcon.colcon_core.event_handler.log_command:Invoking command in '/home/urc/new-GUI/build/rover_gui_lib': CMAKE_PREFIX_PATH=/home/urc/new-GUI/install/urc_gui_lib:/home/urc/new-GUI/install/theora_webcams:/home/urc/new-GUI/install/marker_interfacing:/home/urc/new-GUI/install/aruco_finder:/home/urc/new-GUI/install/rover_gui_lib LD_LIBRARY_PATH=/home/urc/new-GUI/install/theora_webcams/lib:/home/urc/new-GUI/install/marker_interfacing/lib:/home/urc/new-GUI/install/aruco_finder/lib:/home/urc/new-GUI/install/rover_gui_lib/lib:/opt/ros/humble/opt/rviz_ogre_vendor/lib:/opt/ros/humble/lib/x86_64-linux-gnu:/opt/ros/humble/lib PKG_CONFIG_PATH=/home/urc/new-GUI/install/urc_gui_lib/lib/x86_64-linux-gnu/pkgconfig:/home/urc/new-GUI/install/urc_gui_lib/lib/pkgconfig:/home/urc/new-GUI/install/rover_gui_lib/lib/x86_64-linux-gnu/pkgconfig:/home/urc/new-GUI/install/rover_gui_lib/lib/pkgconfig ROS_PACKAGE_PATH=/home/urc/new-GUI/install/urc_gui_lib/share:/home/urc/new-GUI/install/rover_gui_lib/share /usr/bin/cmake --install /home/urc/new-GUI/build/rover_gui_lib
[17.868s] DEBUG:colcon.colcon_core.event_handler.log_command:Invoked command in '/home/urc/new-GUI/build/rover_gui_lib' returned '0': CMAKE_PREFIX_PATH=/home/urc/new-GUI/install/urc_gui_lib:/home/urc/new-GUI/install/theora_webcams:/home/urc/new-GUI/install/marker_interfacing:/home/urc/new-GUI/install/aruco_finder:/home/urc/new-GUI/install/rover_gui_lib LD_LIBRARY_PATH=/home/urc/new-GUI/install/theora_webcams/lib:/home/urc/new-GUI/install/marker_interfacing/lib:/home/urc/new-GUI/install/aruco_finder/lib:/home/urc/new-GUI/install/rover_gui_lib/lib:/opt/ros/humble/opt/rviz_ogre_vendor/lib:/opt/ros/humble/lib/x86_64-linux-gnu:/opt/ros/humble/lib PKG_CONFIG_PATH=/home/urc/new-GUI/install/urc_gui_lib/lib/x86_64-linux-gnu/pkgconfig:/home/urc/new-GUI/install/urc_gui_lib/lib/pkgconfig:/home/urc/new-GUI/install/rover_gui_lib/lib/x86_64-linux-gnu/pkgconfig:/home/urc/new-GUI/install/rover_gui_lib/lib/pkgconfig ROS_PACKAGE_PATH=/home/urc/new-GUI/install/urc_gui_lib/share:/home/urc/new-GUI/install/rover_gui_lib/share /usr/bin/cmake --install /home/urc/new-GUI/build/rover_gui_lib
[18.047s] Level 1:colcon.colcon_core.shell:create_environment_hook('rover_gui_lib', 'ros_package_path')
[18.080s] INFO:colcon.colcon_core.shell:Creating environment hook '/home/urc/new-GUI/install/rover_gui_lib/share/rover_gui_lib/hook/ros_package_path.ps1'
[18.081s] INFO:colcon.colcon_core.shell:Creating environment descriptor '/home/urc/new-GUI/install/rover_gui_lib/share/rover_gui_lib/hook/ros_package_path.dsv'
[18.085s] INFO:colcon.colcon_core.shell:Creating environment hook '/home/urc/new-GUI/install/rover_gui_lib/share/rover_gui_lib/hook/ros_package_path.sh'
[18.086s] Level 1:colcon.colcon_ros.task.catkin:checking '/home/urc/new-GUI/install/rover_gui_lib/local/lib/python3.10/dist-packages'
[18.086s] Level 1:colcon.colcon_core.shell:create_environment_hook('rover_gui_lib', 'catkin_pythonpath')
[18.119s] INFO:colcon.colcon_core.shell:Creating environment hook '/home/urc/new-GUI/install/rover_gui_lib/share/rover_gui_lib/hook/catkin_pythonpath.ps1'
[18.119s] INFO:colcon.colcon_core.shell:Creating environment descriptor '/home/urc/new-GUI/install/rover_gui_lib/share/rover_gui_lib/hook/catkin_pythonpath.dsv'
[18.120s] INFO:colcon.colcon_core.shell:Creating environment hook '/home/urc/new-GUI/install/rover_gui_lib/share/rover_gui_lib/hook/catkin_pythonpath.sh'
[18.121s] Level 1:colcon.colcon_core.shell:create_environment_hook('rover_gui_lib', 'pkg_config_path')
[18.155s] INFO:colcon.colcon_core.shell:Creating environment hook '/home/urc/new-GUI/install/rover_gui_lib/share/rover_gui_lib/hook/pkg_config_path.ps1'
[18.156s] INFO:colcon.colcon_core.shell:Creating environment descriptor '/home/urc/new-GUI/install/rover_gui_lib/share/rover_gui_lib/hook/pkg_config_path.dsv'
[18.157s] INFO:colcon.colcon_core.shell:Creating environment hook '/home/urc/new-GUI/install/rover_gui_lib/share/rover_gui_lib/hook/pkg_config_path.sh'
[18.157s] Level 1:colcon.colcon_core.shell:create_environment_hook('rover_gui_lib', 'pkg_config_path_multiarch')
[18.192s] INFO:colcon.colcon_core.shell:Creating environment hook '/home/urc/new-GUI/install/rover_gui_lib/share/rover_gui_lib/hook/pkg_config_path_multiarch.ps1'
[18.193s] INFO:colcon.colcon_core.shell:Creating environment descriptor '/home/urc/new-GUI/install/rover_gui_lib/share/rover_gui_lib/hook/pkg_config_path_multiarch.dsv'
[18.194s] INFO:colcon.colcon_core.shell:Creating environment hook '/home/urc/new-GUI/install/rover_gui_lib/share/rover_gui_lib/hook/pkg_config_path_multiarch.sh'
[18.226s] Level 1:colcon.colcon_core.environment:create_environment_scripts_only(rover_gui_lib)
[18.252s] Level 1:colcon.colcon_core.environment:checking '/home/urc/new-GUI/install/rover_gui_lib' for CMake module files
[18.253s] Level 1:colcon.colcon_core.environment:checking '/home/urc/new-GUI/install/rover_gui_lib' for CMake config files
[18.254s] Level 1:colcon.colcon_core.shell:create_environment_hook('rover_gui_lib', 'cmake_prefix_path')
[18.281s] INFO:colcon.colcon_core.shell:Creating environment hook '/home/urc/new-GUI/install/rover_gui_lib/share/rover_gui_lib/hook/cmake_prefix_path.ps1'
[18.282s] INFO:colcon.colcon_core.shell:Creating environment descriptor '/home/urc/new-GUI/install/rover_gui_lib/share/rover_gui_lib/hook/cmake_prefix_path.dsv'
[18.284s] INFO:colcon.colcon_core.shell:Creating environment hook '/home/urc/new-GUI/install/rover_gui_lib/share/rover_gui_lib/hook/cmake_prefix_path.sh'
[18.287s] Level 1:colcon.colcon_core.environment:checking '/home/urc/new-GUI/install/rover_gui_lib/lib'
[18.287s] Level 1:colcon.colcon_core.shell:create_environment_hook('rover_gui_lib', 'ld_library_path_lib')
[18.316s] INFO:colcon.colcon_core.shell:Creating environment hook '/home/urc/new-GUI/install/rover_gui_lib/share/rover_gui_lib/hook/ld_library_path_lib.ps1'
[18.317s] INFO:colcon.colcon_core.shell:Creating environment descriptor '/home/urc/new-GUI/install/rover_gui_lib/share/rover_gui_lib/hook/ld_library_path_lib.dsv'
[18.317s] INFO:colcon.colcon_core.shell:Creating environment hook '/home/urc/new-GUI/install/rover_gui_lib/share/rover_gui_lib/hook/ld_library_path_lib.sh'
[18.318s] Level 1:colcon.colcon_core.environment:checking '/home/urc/new-GUI/install/rover_gui_lib/bin'
[18.318s] Level 1:colcon.colcon_core.environment:checking '/home/urc/new-GUI/install/rover_gui_lib/lib/pkgconfig/rover_gui_lib.pc'
[18.318s] Level 1:colcon.colcon_core.environment:checking '/home/urc/new-GUI/install/rover_gui_lib/lib/python3.10/site-packages'
[18.319s] Level 1:colcon.colcon_core.environment:checking '/home/urc/new-GUI/install/rover_gui_lib/bin'
[18.350s] INFO:colcon.colcon_core.shell:Creating package script '/home/urc/new-GUI/install/rover_gui_lib/share/rover_gui_lib/package.ps1'
[18.351s] INFO:colcon.colcon_core.shell:Creating package descriptor '/home/urc/new-GUI/install/rover_gui_lib/share/rover_gui_lib/package.dsv'
[18.352s] INFO:colcon.colcon_core.shell:Creating package script '/home/urc/new-GUI/install/rover_gui_lib/share/rover_gui_lib/package.sh'
[18.353s] INFO:colcon.colcon_core.shell:Creating package script '/home/urc/new-GUI/install/rover_gui_lib/share/rover_gui_lib/package.bash'
[18.354s] INFO:colcon.colcon_core.shell:Creating package script '/home/urc/new-GUI/install/rover_gui_lib/share/rover_gui_lib/package.zsh'
[18.354s] Level 1:colcon.colcon_core.environment:create_file_with_runtime_dependencies(/home/urc/new-GUI/install/rover_gui_lib/share/colcon-core/packages/rover_gui_lib)
[18.355s] DEBUG:colcon.colcon_parallel_executor.executor.parallel:closing loop
[18.355s] DEBUG:colcon.colcon_parallel_executor.executor.parallel:loop closed
[18.355s] DEBUG:colcon.colcon_parallel_executor.executor.parallel:run_until_complete finished with '0'
[18.355s] DEBUG:colcon.colcon_core.event_reactor:joining thread
[18.423s] INFO:colcon.colcon_core.plugin_system:Skipping extension 'colcon_notification.desktop_notification.terminal_notifier': Not used on non-Darwin systems
[18.423s] INFO:colcon.colcon_core.plugin_system:Skipping extension 'colcon_notification.desktop_notification.win32': Not used on non-Windows systems
[18.423s] INFO:colcon.colcon_notification.desktop_notification:Sending desktop notification using 'notify2'
[18.506s] DEBUG:colcon.colcon_core.event_reactor:joined thread
[18.543s] INFO:colcon.colcon_core.shell:Creating prefix script '/home/urc/new-GUI/install/local_setup.ps1'
[18.567s] INFO:colcon.colcon_core.shell:Creating prefix util module '/home/urc/new-GUI/install/_local_setup_util_ps1.py'
[18.586s] INFO:colcon.colcon_core.shell:Creating prefix chain script '/home/urc/new-GUI/install/setup.ps1'
[18.628s] INFO:colcon.colcon_core.shell:Creating prefix script '/home/urc/new-GUI/install/local_setup.sh'
[18.629s] INFO:colcon.colcon_core.shell:Creating prefix util module '/home/urc/new-GUI/install/_local_setup_util_sh.py'
[18.630s] INFO:colcon.colcon_core.shell:Creating prefix chain script '/home/urc/new-GUI/install/setup.sh'
[18.667s] INFO:colcon.colcon_core.shell:Creating prefix script '/home/urc/new-GUI/install/local_setup.bash'
[18.669s] INFO:colcon.colcon_core.shell:Creating prefix chain script '/home/urc/new-GUI/install/setup.bash'
[18.706s] INFO:colcon.colcon_core.shell:Creating prefix script '/home/urc/new-GUI/install/local_setup.zsh'
[18.707s] INFO:colcon.colcon_core.shell:Creating prefix chain script '/home/urc/new-GUI/install/setup.zsh'
