[2.082s] DEBUG:colcon:Command line arguments: ['/usr/bin/colcon', 'build', '--packages-select', 'gui_window']
[2.082s] DEBUG:colcon:Parsed command line arguments: Namespace(log_base=None, log_level=None, verb_name='build', build_base='build', install_base='install', merge_install=False, symlink_install=False, test_result_base=None, continue_on_error=False, executor='parallel', parallel_workers=4, event_handlers=None, ignore_user_meta=False, metas=['./colcon.meta'], base_paths=['.'], packages_ignore=None, packages_ignore_regex=None, paths=None, packages_up_to=None, packages_up_to_regex=None, packages_above=None, packages_above_and_dependencies=None, packages_above_depth=None, packages_select_by_dep=None, packages_skip_by_dep=None, packages_skip_up_to=None, packages_select_build_failed=False, packages_skip_build_finished=False, packages_select_test_failures=False, packages_skip_test_passed=False, packages_select=['gui_window'], packages_skip=None, packages_select_regex=None, packages_skip_regex=None, packages_start=None, packages_end=None, allow_overriding=[], cmake_args=None, cmake_target=None, cmake_target_skip_unavailable=False, cmake_clean_cache=False, cmake_clean_first=False, cmake_force_configure=False, ament_cmake_args=None, catkin_cmake_args=None, catkin_skip_building_tests=False, verb_parser=<colcon_defaults.argument_parser.defaults.DefaultArgumentsDecorator object at 0x7f6f93bf6050>, verb_extension=<colcon_core.verb.build.BuildVerb object at 0x7f6f93e4dcf0>, main=<bound method BuildVerb.main of <colcon_core.verb.build.BuildVerb object at 0x7f6f93e4dcf0>>)
[2.206s] Level 1:colcon.colcon_core.package_discovery:discover_packages(colcon_meta) check parameters
[2.206s] Level 1:colcon.colcon_core.package_discovery:discover_packages(recursive) check parameters
[2.206s] Level 1:colcon.colcon_core.package_discovery:discover_packages(ignore) check parameters
[2.206s] Level 1:colcon.colcon_core.package_discovery:discover_packages(path) check parameters
[2.206s] Level 1:colcon.colcon_core.package_discovery:discover_packages(colcon_meta) discover
[2.206s] Level 1:colcon.colcon_core.package_discovery:discover_packages(recursive) discover
[2.207s] INFO:colcon.colcon_core.package_discovery:Crawling recursively for packages in '/home/urc/new-GUI'
[2.207s] Level 1:colcon.colcon_core.package_identification:_identify(.) by extensions ['ignore', 'ignore_ament_install']
[2.207s] Level 1:colcon.colcon_core.package_identification:_identify(.) by extension 'ignore'
[2.207s] Level 1:colcon.colcon_core.package_identification:_identify(.) by extension 'ignore_ament_install'
[2.207s] Level 1:colcon.colcon_core.package_identification:_identify(.) by extensions ['colcon_pkg']
[2.207s] Level 1:colcon.colcon_core.package_identification:_identify(.) by extension 'colcon_pkg'
[2.207s] Level 1:colcon.colcon_core.package_identification:_identify(.) by extensions ['colcon_meta']
[2.207s] Level 1:colcon.colcon_core.package_identification:_identify(.) by extension 'colcon_meta'
[2.207s] Level 1:colcon.colcon_core.package_identification:_identify(.) by extensions ['ros']
[2.207s] Level 1:colcon.colcon_core.package_identification:_identify(.) by extension 'ros'
[2.226s] Level 1:colcon.colcon_core.package_identification:_identify(.) by extensions ['cmake', 'python']
[2.226s] Level 1:colcon.colcon_core.package_identification:_identify(.) by extension 'cmake'
[2.226s] Level 1:colcon.colcon_core.package_identification:_identify(.) by extension 'python'
[2.226s] Level 1:colcon.colcon_core.package_identification:_identify(.) by extensions ['python_setup_py']
[2.226s] Level 1:colcon.colcon_core.package_identification:_identify(.) by extension 'python_setup_py'
[2.226s] Level 1:colcon.colcon_core.package_identification:_identify(build) by extensions ['ignore', 'ignore_ament_install']
[2.226s] Level 1:colcon.colcon_core.package_identification:_identify(build) by extension 'ignore'
[2.226s] Level 1:colcon.colcon_core.package_identification:_identify(build) ignored
[2.227s] Level 1:colcon.colcon_core.package_identification:_identify(install) by extensions ['ignore', 'ignore_ament_install']
[2.227s] Level 1:colcon.colcon_core.package_identification:_identify(install) by extension 'ignore'
[2.227s] Level 1:colcon.colcon_core.package_identification:_identify(install) ignored
[2.227s] Level 1:colcon.colcon_core.package_identification:_identify(log) by extensions ['ignore', 'ignore_ament_install']
[2.227s] Level 1:colcon.colcon_core.package_identification:_identify(log) by extension 'ignore'
[2.228s] Level 1:colcon.colcon_core.package_identification:_identify(log) ignored
[2.228s] Level 1:colcon.colcon_core.package_identification:_identify(src) by extensions ['ignore', 'ignore_ament_install']
[2.228s] Level 1:colcon.colcon_core.package_identification:_identify(src) by extension 'ignore'
[2.228s] Level 1:colcon.colcon_core.package_identification:_identify(src) by extension 'ignore_ament_install'
[2.228s] Level 1:colcon.colcon_core.package_identification:_identify(src) by extensions ['colcon_pkg']
[2.228s] Level 1:colcon.colcon_core.package_identification:_identify(src) by extension 'colcon_pkg'
[2.228s] Level 1:colcon.colcon_core.package_identification:_identify(src) by extensions ['colcon_meta']
[2.228s] Level 1:colcon.colcon_core.package_identification:_identify(src) by extension 'colcon_meta'
[2.228s] Level 1:colcon.colcon_core.package_identification:_identify(src) by extensions ['ros']
[2.228s] Level 1:colcon.colcon_core.package_identification:_identify(src) by extension 'ros'
[2.228s] Level 1:colcon.colcon_core.package_identification:_identify(src) by extensions ['cmake', 'python']
[2.228s] Level 1:colcon.colcon_core.package_identification:_identify(src) by extension 'cmake'
[2.228s] Level 1:colcon.colcon_core.package_identification:_identify(src) by extension 'python'
[2.229s] Level 1:colcon.colcon_core.package_identification:_identify(src) by extensions ['python_setup_py']
[2.229s] Level 1:colcon.colcon_core.package_identification:_identify(src) by extension 'python_setup_py'
[2.229s] Level 1:colcon.colcon_core.package_identification:_identify(src/aruco_finder) by extensions ['ignore', 'ignore_ament_install']
[2.229s] Level 1:colcon.colcon_core.package_identification:_identify(src/aruco_finder) by extension 'ignore'
[2.229s] Level 1:colcon.colcon_core.package_identification:_identify(src/aruco_finder) by extension 'ignore_ament_install'
[2.229s] Level 1:colcon.colcon_core.package_identification:_identify(src/aruco_finder) by extensions ['colcon_pkg']
[2.229s] Level 1:colcon.colcon_core.package_identification:_identify(src/aruco_finder) by extension 'colcon_pkg'
[2.229s] Level 1:colcon.colcon_core.package_identification:_identify(src/aruco_finder) by extensions ['colcon_meta']
[2.229s] Level 1:colcon.colcon_core.package_identification:_identify(src/aruco_finder) by extension 'colcon_meta'
[2.229s] Level 1:colcon.colcon_core.package_identification:_identify(src/aruco_finder) by extensions ['ros']
[2.229s] Level 1:colcon.colcon_core.package_identification:_identify(src/aruco_finder) by extension 'ros'
[2.234s] DEBUG:colcon.colcon_core.package_identification:Package 'src/aruco_finder' with type 'ros.ament_cmake' and name 'aruco_finder'
[2.234s] Level 1:colcon.colcon_core.package_identification:_identify(src/gui_window) by extensions ['ignore', 'ignore_ament_install']
[2.234s] Level 1:colcon.colcon_core.package_identification:_identify(src/gui_window) by extension 'ignore'
[2.234s] Level 1:colcon.colcon_core.package_identification:_identify(src/gui_window) by extension 'ignore_ament_install'
[2.234s] Level 1:colcon.colcon_core.package_identification:_identify(src/gui_window) by extensions ['colcon_pkg']
[2.234s] Level 1:colcon.colcon_core.package_identification:_identify(src/gui_window) by extension 'colcon_pkg'
[2.234s] Level 1:colcon.colcon_core.package_identification:_identify(src/gui_window) by extensions ['colcon_meta']
[2.234s] Level 1:colcon.colcon_core.package_identification:_identify(src/gui_window) by extension 'colcon_meta'
[2.234s] Level 1:colcon.colcon_core.package_identification:_identify(src/gui_window) by extensions ['ros']
[2.234s] Level 1:colcon.colcon_core.package_identification:_identify(src/gui_window) by extension 'ros'
[2.236s] DEBUG:colcon.colcon_core.package_identification:Package 'src/gui_window' with type 'ros.ament_python' and name 'gui_window'
[2.236s] Level 1:colcon.colcon_core.package_identification:_identify(src/hockey_stick_arm) by extensions ['ignore', 'ignore_ament_install']
[2.236s] Level 1:colcon.colcon_core.package_identification:_identify(src/hockey_stick_arm) by extension 'ignore'
[2.236s] Level 1:colcon.colcon_core.package_identification:_identify(src/hockey_stick_arm) by extension 'ignore_ament_install'
[2.236s] Level 1:colcon.colcon_core.package_identification:_identify(src/hockey_stick_arm) by extensions ['colcon_pkg']
[2.236s] Level 1:colcon.colcon_core.package_identification:_identify(src/hockey_stick_arm) by extension 'colcon_pkg'
[2.236s] Level 1:colcon.colcon_core.package_identification:_identify(src/hockey_stick_arm) by extensions ['colcon_meta']
[2.236s] Level 1:colcon.colcon_core.package_identification:_identify(src/hockey_stick_arm) by extension 'colcon_meta'
[2.236s] Level 1:colcon.colcon_core.package_identification:_identify(src/hockey_stick_arm) by extensions ['ros']
[2.236s] Level 1:colcon.colcon_core.package_identification:_identify(src/hockey_stick_arm) by extension 'ros'
[2.238s] DEBUG:colcon.colcon_core.package_identification:Package 'src/hockey_stick_arm' with type 'ros.ament_cmake' and name 'hockey_stick_arm'
[2.238s] Level 1:colcon.colcon_core.package_identification:_identify(src/marker_interfacing) by extensions ['ignore', 'ignore_ament_install']
[2.238s] Level 1:colcon.colcon_core.package_identification:_identify(src/marker_interfacing) by extension 'ignore'
[2.238s] Level 1:colcon.colcon_core.package_identification:_identify(src/marker_interfacing) by extension 'ignore_ament_install'
[2.238s] Level 1:colcon.colcon_core.package_identification:_identify(src/marker_interfacing) by extensions ['colcon_pkg']
[2.238s] Level 1:colcon.colcon_core.package_identification:_identify(src/marker_interfacing) by extension 'colcon_pkg'
[2.238s] Level 1:colcon.colcon_core.package_identification:_identify(src/marker_interfacing) by extensions ['colcon_meta']
[2.238s] Level 1:colcon.colcon_core.package_identification:_identify(src/marker_interfacing) by extension 'colcon_meta'
[2.238s] Level 1:colcon.colcon_core.package_identification:_identify(src/marker_interfacing) by extensions ['ros']
[2.238s] Level 1:colcon.colcon_core.package_identification:_identify(src/marker_interfacing) by extension 'ros'
[2.240s] DEBUG:colcon.colcon_core.package_identification:Package 'src/marker_interfacing' with type 'ros.ament_cmake' and name 'marker_interfacing'
[2.240s] Level 1:colcon.colcon_core.package_identification:_identify(src/ocean_optics_spectrometer) by extensions ['ignore', 'ignore_ament_install']
[2.241s] Level 1:colcon.colcon_core.package_identification:_identify(src/ocean_optics_spectrometer) by extension 'ignore'
[2.241s] Level 1:colcon.colcon_core.package_identification:_identify(src/ocean_optics_spectrometer) by extension 'ignore_ament_install'
[2.241s] Level 1:colcon.colcon_core.package_identification:_identify(src/ocean_optics_spectrometer) by extensions ['colcon_pkg']
[2.241s] Level 1:colcon.colcon_core.package_identification:_identify(src/ocean_optics_spectrometer) by extension 'colcon_pkg'
[2.241s] Level 1:colcon.colcon_core.package_identification:_identify(src/ocean_optics_spectrometer) by extensions ['colcon_meta']
[2.241s] Level 1:colcon.colcon_core.package_identification:_identify(src/ocean_optics_spectrometer) by extension 'colcon_meta'
[2.241s] Level 1:colcon.colcon_core.package_identification:_identify(src/ocean_optics_spectrometer) by extensions ['ros']
[2.241s] Level 1:colcon.colcon_core.package_identification:_identify(src/ocean_optics_spectrometer) by extension 'ros'
[2.242s] DEBUG:colcon.colcon_core.package_identification:Package 'src/ocean_optics_spectrometer' with type 'ros.ament_cmake' and name 'ocean_optics_spectrometer'
[2.242s] Level 1:colcon.colcon_core.package_identification:_identify(src/rover_gui_lib) by extensions ['ignore', 'ignore_ament_install']
[2.242s] Level 1:colcon.colcon_core.package_identification:_identify(src/rover_gui_lib) by extension 'ignore'
[2.242s] Level 1:colcon.colcon_core.package_identification:_identify(src/rover_gui_lib) by extension 'ignore_ament_install'
[2.242s] Level 1:colcon.colcon_core.package_identification:_identify(src/rover_gui_lib) by extensions ['colcon_pkg']
[2.242s] Level 1:colcon.colcon_core.package_identification:_identify(src/rover_gui_lib) by extension 'colcon_pkg'
[2.242s] Level 1:colcon.colcon_core.package_identification:_identify(src/rover_gui_lib) by extensions ['colcon_meta']
[2.242s] Level 1:colcon.colcon_core.package_identification:_identify(src/rover_gui_lib) by extension 'colcon_meta'
[2.242s] Level 1:colcon.colcon_core.package_identification:_identify(src/rover_gui_lib) by extensions ['ros']
[2.242s] Level 1:colcon.colcon_core.package_identification:_identify(src/rover_gui_lib) by extension 'ros'
[2.243s] DEBUG:colcon.colcon_core.package_identification:Package 'src/rover_gui_lib' with type 'ros.catkin' and name 'rover_gui_lib'
[2.243s] Level 1:colcon.colcon_core.package_identification:_identify(src/science_servo_control) by extensions ['ignore', 'ignore_ament_install']
[2.244s] Level 1:colcon.colcon_core.package_identification:_identify(src/science_servo_control) by extension 'ignore'
[2.244s] Level 1:colcon.colcon_core.package_identification:_identify(src/science_servo_control) by extension 'ignore_ament_install'
[2.244s] Level 1:colcon.colcon_core.package_identification:_identify(src/science_servo_control) by extensions ['colcon_pkg']
[2.244s] Level 1:colcon.colcon_core.package_identification:_identify(src/science_servo_control) by extension 'colcon_pkg'
[2.244s] Level 1:colcon.colcon_core.package_identification:_identify(src/science_servo_control) by extensions ['colcon_meta']
[2.244s] Level 1:colcon.colcon_core.package_identification:_identify(src/science_servo_control) by extension 'colcon_meta'
[2.244s] Level 1:colcon.colcon_core.package_identification:_identify(src/science_servo_control) by extensions ['ros']
[2.244s] Level 1:colcon.colcon_core.package_identification:_identify(src/science_servo_control) by extension 'ros'
[2.245s] DEBUG:colcon.colcon_core.package_identification:Package 'src/science_servo_control' with type 'ros.ament_cmake' and name 'science_servo_control'
[2.245s] Level 1:colcon.colcon_core.package_identification:_identify(src/theora_webcams) by extensions ['ignore', 'ignore_ament_install']
[2.245s] Level 1:colcon.colcon_core.package_identification:_identify(src/theora_webcams) by extension 'ignore'
[2.245s] Level 1:colcon.colcon_core.package_identification:_identify(src/theora_webcams) by extension 'ignore_ament_install'
[2.245s] Level 1:colcon.colcon_core.package_identification:_identify(src/theora_webcams) by extensions ['colcon_pkg']
[2.246s] Level 1:colcon.colcon_core.package_identification:_identify(src/theora_webcams) by extension 'colcon_pkg'
[2.246s] Level 1:colcon.colcon_core.package_identification:_identify(src/theora_webcams) by extensions ['colcon_meta']
[2.246s] Level 1:colcon.colcon_core.package_identification:_identify(src/theora_webcams) by extension 'colcon_meta'
[2.246s] Level 1:colcon.colcon_core.package_identification:_identify(src/theora_webcams) by extensions ['ros']
[2.246s] Level 1:colcon.colcon_core.package_identification:_identify(src/theora_webcams) by extension 'ros'
[2.250s] DEBUG:colcon.colcon_core.package_identification:Package 'src/theora_webcams' with type 'ros.ament_cmake' and name 'theora_webcams'
[2.250s] Level 1:colcon.colcon_core.package_identification:_identify(src/urc_gui_lib) by extensions ['ignore', 'ignore_ament_install']
[2.250s] Level 1:colcon.colcon_core.package_identification:_identify(src/urc_gui_lib) by extension 'ignore'
[2.251s] Level 1:colcon.colcon_core.package_identification:_identify(src/urc_gui_lib) by extension 'ignore_ament_install'
[2.251s] Level 1:colcon.colcon_core.package_identification:_identify(src/urc_gui_lib) by extensions ['colcon_pkg']
[2.251s] Level 1:colcon.colcon_core.package_identification:_identify(src/urc_gui_lib) by extension 'colcon_pkg'
[2.251s] Level 1:colcon.colcon_core.package_identification:_identify(src/urc_gui_lib) by extensions ['colcon_meta']
[2.251s] Level 1:colcon.colcon_core.package_identification:_identify(src/urc_gui_lib) by extension 'colcon_meta'
[2.251s] Level 1:colcon.colcon_core.package_identification:_identify(src/urc_gui_lib) by extensions ['ros']
[2.251s] Level 1:colcon.colcon_core.package_identification:_identify(src/urc_gui_lib) by extension 'ros'
[2.253s] DEBUG:colcon.colcon_core.package_identification:Package 'src/urc_gui_lib' with type 'ros.catkin' and name 'urc_gui_lib'
[2.253s] Level 1:colcon.colcon_core.package_discovery:discover_packages(recursive) using defaults
[2.253s] Level 1:colcon.colcon_core.package_discovery:discover_packages(ignore) discover
[2.253s] Level 1:colcon.colcon_core.package_discovery:discover_packages(ignore) using defaults
[2.253s] Level 1:colcon.colcon_core.package_discovery:discover_packages(path) discover
[2.253s] Level 1:colcon.colcon_core.package_discovery:discover_packages(path) using defaults
[2.376s] INFO:colcon.colcon_core.package_selection:Skipping not selected package 'aruco_finder' in 'src/aruco_finder'
[2.376s] INFO:colcon.colcon_core.package_selection:Skipping not selected package 'hockey_stick_arm' in 'src/hockey_stick_arm'
[2.376s] INFO:colcon.colcon_core.package_selection:Skipping not selected package 'marker_interfacing' in 'src/marker_interfacing'
[2.376s] INFO:colcon.colcon_core.package_selection:Skipping not selected package 'ocean_optics_spectrometer' in 'src/ocean_optics_spectrometer'
[2.376s] INFO:colcon.colcon_core.package_selection:Skipping not selected package 'science_servo_control' in 'src/science_servo_control'
[2.376s] INFO:colcon.colcon_core.package_selection:Skipping not selected package 'theora_webcams' in 'src/theora_webcams'
[2.376s] INFO:colcon.colcon_core.package_selection:Skipping not selected package 'urc_gui_lib' in 'src/urc_gui_lib'
[2.376s] INFO:colcon.colcon_core.package_selection:Skipping not selected package 'rover_gui_lib' in 'src/rover_gui_lib'
[2.424s] Level 1:colcon.colcon_core.package_discovery:discover_packages(prefix_path) check parameters
[2.424s] Level 1:colcon.colcon_core.package_discovery:discover_packages(prefix_path) discover
[2.485s] DEBUG:colcon.colcon_installed_package_information.package_discovery:Found 9 installed packages in /home/urc/new-GUI/install
[2.521s] DEBUG:colcon.colcon_installed_package_information.package_discovery:Found 290 installed packages in /opt/ros/humble
[2.523s] Level 1:colcon.colcon_core.package_discovery:discover_packages(prefix_path) using defaults
[2.745s] Level 5:colcon.colcon_core.verb:set package 'gui_window' build argument 'cmake_args' from command line to 'None'
[2.745s] Level 5:colcon.colcon_core.verb:set package 'gui_window' build argument 'cmake_target' from command line to 'None'
[2.745s] Level 5:colcon.colcon_core.verb:set package 'gui_window' build argument 'cmake_target_skip_unavailable' from command line to 'False'
[2.745s] Level 5:colcon.colcon_core.verb:set package 'gui_window' build argument 'cmake_clean_cache' from command line to 'False'
[2.745s] Level 5:colcon.colcon_core.verb:set package 'gui_window' build argument 'cmake_clean_first' from command line to 'False'
[2.745s] Level 5:colcon.colcon_core.verb:set package 'gui_window' build argument 'cmake_force_configure' from command line to 'False'
[2.745s] Level 5:colcon.colcon_core.verb:set package 'gui_window' build argument 'ament_cmake_args' from command line to 'None'
[2.745s] Level 5:colcon.colcon_core.verb:set package 'gui_window' build argument 'catkin_cmake_args' from command line to 'None'
[2.745s] Level 5:colcon.colcon_core.verb:set package 'gui_window' build argument 'catkin_skip_building_tests' from command line to 'False'
[2.745s] DEBUG:colcon.colcon_core.verb:Building package 'gui_window' with the following arguments: {'ament_cmake_args': None, 'build_base': '/home/urc/new-GUI/build/gui_window', 'catkin_cmake_args': None, 'catkin_skip_building_tests': False, 'cmake_args': None, 'cmake_clean_cache': False, 'cmake_clean_first': False, 'cmake_force_configure': False, 'cmake_target': None, 'cmake_target_skip_unavailable': False, 'install_base': '/home/urc/new-GUI/install/gui_window', 'merge_install': False, 'path': '/home/urc/new-GUI/src/gui_window', 'symlink_install': False, 'test_result_base': None}
[2.768s] INFO:colcon.colcon_core.executor:Executing jobs using 'parallel' executor
[2.793s] DEBUG:colcon.colcon_parallel_executor.executor.parallel:run_until_complete
[2.794s] INFO:colcon.colcon_ros.task.ament_python.build:Building ROS package in '/home/urc/new-GUI/src/gui_window' with build type 'ament_python'
[2.794s] Level 1:colcon.colcon_core.shell:create_environment_hook('gui_window', 'ament_prefix_path')
[2.829s] INFO:colcon.colcon_core.plugin_system:Skipping extension 'colcon_core.shell.bat': Not used on non-Windows systems
[2.829s] INFO:colcon.colcon_core.shell:Creating environment hook '/home/urc/new-GUI/install/gui_window/share/gui_window/hook/ament_prefix_path.ps1'
[2.831s] INFO:colcon.colcon_core.shell:Creating environment descriptor '/home/urc/new-GUI/install/gui_window/share/gui_window/hook/ament_prefix_path.dsv'
[2.832s] INFO:colcon.colcon_core.shell:Creating environment hook '/home/urc/new-GUI/install/gui_window/share/gui_window/hook/ament_prefix_path.sh'
[2.862s] INFO:colcon.colcon_core.shell:Skip shell extension 'powershell' for command environment: Not usable outside of PowerShell
[2.862s] DEBUG:colcon.colcon_core.shell:Skip shell extension 'dsv' for command environment
[3.424s] INFO:colcon.colcon_core.task.python.build:Building Python package in '/home/urc/new-GUI/src/gui_window'
[3.454s] INFO:colcon.colcon_core.shell:Skip shell extension 'powershell' for command environment: Not usable outside of PowerShell
[3.454s] DEBUG:colcon.colcon_core.shell:Skip shell extension 'dsv' for command environment
[4.188s] DEBUG:colcon.colcon_core.event_handler.log_command:Invoking command in '/home/urc/new-GUI/src/gui_window': CMAKE_PREFIX_PATH=/home/urc/new-GUI/install/rover_gui_lib:/home/urc/new-GUI/install/urc_gui_lib:/home/urc/new-GUI/install/theora_webcams:/home/urc/new-GUI/install/ocean_optics_spectrometer:/home/urc/new-GUI/install/marker_interfacing:/home/urc/new-GUI/install/hockey_stick_arm:/home/urc/new-GUI/install/aruco_finder:/home/urc/new-GUI/install/science_servo_control LD_LIBRARY_PATH=/home/urc/new-GUI/install/rover_gui_lib/lib:/home/urc/new-GUI/install/theora_webcams/lib:/home/urc/new-GUI/install/ocean_optics_spectrometer/lib:/home/urc/new-GUI/install/marker_interfacing/lib:/home/urc/new-GUI/install/hockey_stick_arm/lib:/home/urc/new-GUI/install/aruco_finder/lib:/home/urc/new-GUI/install/science_servo_control/lib:/opt/ros/humble/opt/rviz_ogre_vendor/lib:/opt/ros/humble/lib/x86_64-linux-gnu:/opt/ros/humble/lib PYTHONPATH=/home/urc/new-GUI/build/gui_window/prefix_override:/home/urc/new-GUI/install/gui_window/lib/python3.10/site-packages:/home/urc/new-GUI/install/rover_gui_lib/local/lib/python3.10/dist-packages:/home/urc/new-GUI/install/gui_window/lib/python3.10/site-packages:/home/urc/new-GUI/install/theora_webcams/local/lib/python3.10/dist-packages:/home/urc/new-GUI/install/science_servo_control/local/lib/python3.10/dist-packages:/home/urc/new-GUI/install/ocean_optics_spectrometer/local/lib/python3.10/dist-packages:/home/urc/new-GUI/install/marker_interfacing/local/lib/python3.10/dist-packages:/home/urc/new-GUI/install/hockey_stick_arm/local/lib/python3.10/dist-packages:/home/urc/new-GUI/install/aruco_finder/local/lib/python3.10/dist-packages:/opt/ros/humble/lib/python3.10/site-packages:/opt/ros/humble/local/lib/python3.10/dist-packages /usr/bin/python3 setup.py egg_info --egg-base ../../build/gui_window build --build-base /home/urc/new-GUI/build/gui_window/build install --record /home/urc/new-GUI/build/gui_window/install.log --single-version-externally-managed
[4.815s] DEBUG:colcon.colcon_core.event_handler.log_command:Invoked command in '/home/urc/new-GUI/src/gui_window' returned '0': CMAKE_PREFIX_PATH=/home/urc/new-GUI/install/rover_gui_lib:/home/urc/new-GUI/install/urc_gui_lib:/home/urc/new-GUI/install/theora_webcams:/home/urc/new-GUI/install/ocean_optics_spectrometer:/home/urc/new-GUI/install/marker_interfacing:/home/urc/new-GUI/install/hockey_stick_arm:/home/urc/new-GUI/install/aruco_finder:/home/urc/new-GUI/install/science_servo_control LD_LIBRARY_PATH=/home/urc/new-GUI/install/rover_gui_lib/lib:/home/urc/new-GUI/install/theora_webcams/lib:/home/urc/new-GUI/install/ocean_optics_spectrometer/lib:/home/urc/new-GUI/install/marker_interfacing/lib:/home/urc/new-GUI/install/hockey_stick_arm/lib:/home/urc/new-GUI/install/aruco_finder/lib:/home/urc/new-GUI/install/science_servo_control/lib:/opt/ros/humble/opt/rviz_ogre_vendor/lib:/opt/ros/humble/lib/x86_64-linux-gnu:/opt/ros/humble/lib PYTHONPATH=/home/urc/new-GUI/build/gui_window/prefix_override:/home/urc/new-GUI/install/gui_window/lib/python3.10/site-packages:/home/urc/new-GUI/install/rover_gui_lib/local/lib/python3.10/dist-packages:/home/urc/new-GUI/install/gui_window/lib/python3.10/site-packages:/home/urc/new-GUI/install/theora_webcams/local/lib/python3.10/dist-packages:/home/urc/new-GUI/install/science_servo_control/local/lib/python3.10/dist-packages:/home/urc/new-GUI/install/ocean_optics_spectrometer/local/lib/python3.10/dist-packages:/home/urc/new-GUI/install/marker_interfacing/local/lib/python3.10/dist-packages:/home/urc/new-GUI/install/hockey_stick_arm/local/lib/python3.10/dist-packages:/home/urc/new-GUI/install/aruco_finder/local/lib/python3.10/dist-packages:/opt/ros/humble/lib/python3.10/site-packages:/opt/ros/humble/local/lib/python3.10/dist-packages /usr/bin/python3 setup.py egg_info --egg-base ../../build/gui_window build --build-base /home/urc/new-GUI/build/gui_window/build install --record /home/urc/new-GUI/build/gui_window/install.log --single-version-externally-managed
[4.849s] Level 1:colcon.colcon_core.environment:checking '/home/urc/new-GUI/install/gui_window' for CMake module files
[4.849s] Level 1:colcon.colcon_core.environment:checking '/home/urc/new-GUI/install/gui_window' for CMake config files
[4.851s] Level 1:colcon.colcon_core.environment:checking '/home/urc/new-GUI/install/gui_window/lib'
[4.851s] Level 1:colcon.colcon_core.environment:checking '/home/urc/new-GUI/install/gui_window/bin'
[4.851s] Level 1:colcon.colcon_core.environment:checking '/home/urc/new-GUI/install/gui_window/lib/pkgconfig/gui_window.pc'
[4.851s] Level 1:colcon.colcon_core.environment:checking '/home/urc/new-GUI/install/gui_window/lib/python3.10/site-packages'
[4.852s] Level 1:colcon.colcon_core.shell:create_environment_hook('gui_window', 'pythonpath')
[4.877s] INFO:colcon.colcon_core.shell:Creating environment hook '/home/urc/new-GUI/install/gui_window/share/gui_window/hook/pythonpath.ps1'
[4.878s] INFO:colcon.colcon_core.shell:Creating environment descriptor '/home/urc/new-GUI/install/gui_window/share/gui_window/hook/pythonpath.dsv'
[4.879s] INFO:colcon.colcon_core.shell:Creating environment hook '/home/urc/new-GUI/install/gui_window/share/gui_window/hook/pythonpath.sh'
[4.880s] Level 1:colcon.colcon_core.environment:checking '/home/urc/new-GUI/install/gui_window/bin'
[4.880s] Level 1:colcon.colcon_core.environment:create_environment_scripts_only(gui_window)
[4.905s] INFO:colcon.colcon_core.shell:Creating package script '/home/urc/new-GUI/install/gui_window/share/gui_window/package.ps1'
[4.907s] INFO:colcon.colcon_core.shell:Creating package descriptor '/home/urc/new-GUI/install/gui_window/share/gui_window/package.dsv'
[4.908s] INFO:colcon.colcon_core.shell:Creating package script '/home/urc/new-GUI/install/gui_window/share/gui_window/package.sh'
[4.909s] INFO:colcon.colcon_core.shell:Creating package script '/home/urc/new-GUI/install/gui_window/share/gui_window/package.bash'
[4.910s] INFO:colcon.colcon_core.shell:Creating package script '/home/urc/new-GUI/install/gui_window/share/gui_window/package.zsh'
[4.911s] Level 1:colcon.colcon_core.environment:create_file_with_runtime_dependencies(/home/urc/new-GUI/install/gui_window/share/colcon-core/packages/gui_window)
[4.912s] DEBUG:colcon.colcon_parallel_executor.executor.parallel:closing loop
[4.912s] DEBUG:colcon.colcon_parallel_executor.executor.parallel:loop closed
[4.912s] DEBUG:colcon.colcon_parallel_executor.executor.parallel:run_until_complete finished with '0'
[4.912s] DEBUG:colcon.colcon_core.event_reactor:joining thread
[4.959s] INFO:colcon.colcon_core.plugin_system:Skipping extension 'colcon_notification.desktop_notification.terminal_notifier': Not used on non-Darwin systems
[4.959s] INFO:colcon.colcon_core.plugin_system:Skipping extension 'colcon_notification.desktop_notification.win32': Not used on non-Windows systems
[4.959s] INFO:colcon.colcon_notification.desktop_notification:Sending desktop notification using 'notify2'
[4.991s] DEBUG:colcon.colcon_core.event_reactor:joined thread
[5.019s] INFO:colcon.colcon_core.shell:Creating prefix script '/home/urc/new-GUI/install/local_setup.ps1'
[5.023s] INFO:colcon.colcon_core.shell:Creating prefix util module '/home/urc/new-GUI/install/_local_setup_util_ps1.py'
[5.026s] INFO:colcon.colcon_core.shell:Creating prefix chain script '/home/urc/new-GUI/install/setup.ps1'
[5.063s] INFO:colcon.colcon_core.shell:Creating prefix script '/home/urc/new-GUI/install/local_setup.sh'
[5.064s] INFO:colcon.colcon_core.shell:Creating prefix util module '/home/urc/new-GUI/install/_local_setup_util_sh.py'
[5.065s] INFO:colcon.colcon_core.shell:Creating prefix chain script '/home/urc/new-GUI/install/setup.sh'
[5.090s] INFO:colcon.colcon_core.shell:Creating prefix script '/home/urc/new-GUI/install/local_setup.bash'
[5.091s] INFO:colcon.colcon_core.shell:Creating prefix chain script '/home/urc/new-GUI/install/setup.bash'
[5.118s] INFO:colcon.colcon_core.shell:Creating prefix script '/home/urc/new-GUI/install/local_setup.zsh'
[5.119s] INFO:colcon.colcon_core.shell:Creating prefix chain script '/home/urc/new-GUI/install/setup.zsh'
