[0.369s] Invoking command in '/home/urc/new-GUI/build/aruco_finder': CMAKE_PREFIX_PATH=/home/urc/new-GUI/install/theora_webcams:/home/urc/new-GUI/install/gui_window:/opt/ros/humble:/home/urc/new-GUI/install/geographic_msgs:/home/urc/new-GUI/install/aruco_finder /usr/bin/cmake --build /home/urc/new-GUI/build/aruco_finder -- -j4 -l4
[0.932s] [ 10%] Built target aruco_finder__rosidl_generator_c
[0.932s] [ 12%] Built target aruco_finder__cpp
[0.932s] [ 12%] Built target ament_cmake_python_copy_aruco_finder
[0.933s] [ 23%] Built target aruco_finder__rosidl_typesupport_introspection_c
[0.933s] [ 35%] Built target aruco_finder__rosidl_typesupport_fastrtps_c
[0.933s] [ 43%] Built target aruco_finder__rosidl_typesupport_fastrtps_cpp
[0.933s] [ 53%] Built target aruco_finder__rosidl_typesupport_c
[0.933s] [ 64%] Built target aruco_finder__rosidl_typesupport_introspection_cpp
[0.933s] [ 74%] Built target aruco_finder__rosidl_typesupport_cpp
[0.933s] [ 74%] Built target aruco_finder
[0.933s] [ 76%] Built target aruco_finder__py
[0.933s] [ 84%] Built target aruco_finder__rosidl_generator_py
[0.934s] [ 89%] Built target aruco_finder__rosidl_typesupport_fastrtps_c__pyext
[0.934s] [ 94%] Built target aruco_finder__rosidl_typesupport_introspection_c__pyext
[0.934s] [100%] Built target aruco_finder__rosidl_typesupport_c__pyext
[0.944s] running egg_info
[0.944s] writing aruco_finder.egg-info/PKG-INFO
[0.944s] writing dependency_links to aruco_finder.egg-info/dependency_links.txt
[0.944s] writing top-level names to aruco_finder.egg-info/top_level.txt
[0.948s] reading manifest file 'aruco_finder.egg-info/SOURCES.txt'
[0.949s] writing manifest file 'aruco_finder.egg-info/SOURCES.txt'
[1.004s] [100%] Built target ament_cmake_python_build_aruco_finder_egg
[1.021s] Invoked command in '/home/urc/new-GUI/build/aruco_finder' returned '0': CMAKE_PREFIX_PATH=/home/urc/new-GUI/install/theora_webcams:/home/urc/new-GUI/install/gui_window:/opt/ros/humble:/home/urc/new-GUI/install/geographic_msgs:/home/urc/new-GUI/install/aruco_finder /usr/bin/cmake --build /home/urc/new-GUI/build/aruco_finder -- -j4 -l4
[1.142s] Invoking command in '/home/urc/new-GUI/build/aruco_finder': CMAKE_PREFIX_PATH=/home/urc/new-GUI/install/theora_webcams:/home/urc/new-GUI/install/gui_window:/opt/ros/humble:/home/urc/new-GUI/install/geographic_msgs:/home/urc/new-GUI/install/aruco_finder /usr/bin/cmake --install /home/urc/new-GUI/build/aruco_finder
[1.154s] -- Install configuration: ""
[1.155s] -- Up-to-date: /home/urc/new-GUI/install/aruco_finder/share/ament_index/resource_index/rosidl_interfaces/aruco_finder
[1.155s] -- Up-to-date: /home/urc/new-GUI/install/aruco_finder/include/aruco_finder/aruco_finder
[1.156s] -- Up-to-date: /home/urc/new-GUI/install/aruco_finder/include/aruco_finder/aruco_finder/msg
[1.157s] -- Up-to-date: /home/urc/new-GUI/install/aruco_finder/include/aruco_finder/aruco_finder/msg/found_marker.h
[1.157s] -- Up-to-date: /home/urc/new-GUI/install/aruco_finder/include/aruco_finder/aruco_finder/msg/found_marker_list.h
[1.157s] -- Up-to-date: /home/urc/new-GUI/install/aruco_finder/include/aruco_finder/aruco_finder/msg/rosidl_generator_c__visibility_control.h
[1.157s] -- Up-to-date: /home/urc/new-GUI/install/aruco_finder/include/aruco_finder/aruco_finder/msg/detail
[1.158s] -- Up-to-date: /home/urc/new-GUI/install/aruco_finder/include/aruco_finder/aruco_finder/msg/detail/found_marker__functions.c
[1.158s] -- Up-to-date: /home/urc/new-GUI/install/aruco_finder/include/aruco_finder/aruco_finder/msg/detail/found_marker__functions.h
[1.158s] -- Up-to-date: /home/urc/new-GUI/install/aruco_finder/include/aruco_finder/aruco_finder/msg/detail/found_marker_list__struct.h
[1.158s] -- Up-to-date: /home/urc/new-GUI/install/aruco_finder/include/aruco_finder/aruco_finder/msg/detail/found_marker__struct.h
[1.165s] -- Up-to-date: /home/urc/new-GUI/install/aruco_finder/include/aruco_finder/aruco_finder/msg/detail/found_marker_list__functions.h
[1.166s] -- Up-to-date: /home/urc/new-GUI/install/aruco_finder/include/aruco_finder/aruco_finder/msg/detail/found_marker_list__type_support.h
[1.166s] -- Up-to-date: /home/urc/new-GUI/install/aruco_finder/include/aruco_finder/aruco_finder/msg/detail/found_marker__type_support.h
[1.166s] -- Up-to-date: /home/urc/new-GUI/install/aruco_finder/include/aruco_finder/aruco_finder/msg/detail/found_marker_list__functions.c
[1.166s] -- Up-to-date: /home/urc/new-GUI/install/aruco_finder/share/aruco_finder/environment/library_path.sh
[1.166s] -- Up-to-date: /home/urc/new-GUI/install/aruco_finder/share/aruco_finder/environment/library_path.dsv
[1.166s] -- Up-to-date: /home/urc/new-GUI/install/aruco_finder/lib/libaruco_finder__rosidl_generator_c.so
[1.167s] -- Up-to-date: /home/urc/new-GUI/install/aruco_finder/include/aruco_finder/aruco_finder
[1.167s] -- Up-to-date: /home/urc/new-GUI/install/aruco_finder/include/aruco_finder/aruco_finder/msg
[1.167s] -- Up-to-date: /home/urc/new-GUI/install/aruco_finder/include/aruco_finder/aruco_finder/msg/rosidl_typesupport_fastrtps_c__visibility_control.h
[1.168s] -- Up-to-date: /home/urc/new-GUI/install/aruco_finder/include/aruco_finder/aruco_finder/msg/detail
[1.168s] -- Up-to-date: /home/urc/new-GUI/install/aruco_finder/include/aruco_finder/aruco_finder/msg/detail/found_marker_list__rosidl_typesupport_fastrtps_c.h
[1.168s] -- Up-to-date: /home/urc/new-GUI/install/aruco_finder/include/aruco_finder/aruco_finder/msg/detail/found_marker__rosidl_typesupport_fastrtps_c.h
[1.168s] -- Up-to-date: /home/urc/new-GUI/install/aruco_finder/lib/libaruco_finder__rosidl_typesupport_fastrtps_c.so
[1.168s] -- Up-to-date: /home/urc/new-GUI/install/aruco_finder/include/aruco_finder/aruco_finder
[1.168s] -- Up-to-date: /home/urc/new-GUI/install/aruco_finder/include/aruco_finder/aruco_finder/msg
[1.168s] -- Up-to-date: /home/urc/new-GUI/install/aruco_finder/include/aruco_finder/aruco_finder/msg/rosidl_typesupport_introspection_c__visibility_control.h
[1.168s] -- Up-to-date: /home/urc/new-GUI/install/aruco_finder/include/aruco_finder/aruco_finder/msg/detail
[1.168s] -- Up-to-date: /home/urc/new-GUI/install/aruco_finder/include/aruco_finder/aruco_finder/msg/detail/found_marker__rosidl_typesupport_introspection_c.h
[1.168s] -- Up-to-date: /home/urc/new-GUI/install/aruco_finder/include/aruco_finder/aruco_finder/msg/detail/found_marker_list__type_support.c
[1.168s] -- Up-to-date: /home/urc/new-GUI/install/aruco_finder/include/aruco_finder/aruco_finder/msg/detail/found_marker__type_support.c
[1.168s] -- Up-to-date: /home/urc/new-GUI/install/aruco_finder/include/aruco_finder/aruco_finder/msg/detail/found_marker_list__rosidl_typesupport_introspection_c.h
[1.169s] -- Up-to-date: /home/urc/new-GUI/install/aruco_finder/lib/libaruco_finder__rosidl_typesupport_introspection_c.so
[1.169s] -- Up-to-date: /home/urc/new-GUI/install/aruco_finder/lib/libaruco_finder__rosidl_typesupport_c.so
[1.169s] -- Up-to-date: /home/urc/new-GUI/install/aruco_finder/include/aruco_finder/aruco_finder
[1.169s] -- Up-to-date: /home/urc/new-GUI/install/aruco_finder/include/aruco_finder/aruco_finder/msg
[1.169s] -- Up-to-date: /home/urc/new-GUI/install/aruco_finder/include/aruco_finder/aruco_finder/msg/found_marker.hpp
[1.169s] -- Up-to-date: /home/urc/new-GUI/install/aruco_finder/include/aruco_finder/aruco_finder/msg/found_marker_list.hpp
[1.169s] -- Up-to-date: /home/urc/new-GUI/install/aruco_finder/include/aruco_finder/aruco_finder/msg/detail
[1.169s] -- Up-to-date: /home/urc/new-GUI/install/aruco_finder/include/aruco_finder/aruco_finder/msg/detail/found_marker__builder.hpp
[1.169s] -- Up-to-date: /home/urc/new-GUI/install/aruco_finder/include/aruco_finder/aruco_finder/msg/detail/found_marker_list__struct.hpp
[1.169s] -- Up-to-date: /home/urc/new-GUI/install/aruco_finder/include/aruco_finder/aruco_finder/msg/detail/found_marker__traits.hpp
[1.169s] -- Up-to-date: /home/urc/new-GUI/install/aruco_finder/include/aruco_finder/aruco_finder/msg/detail/found_marker_list__builder.hpp
[1.169s] -- Up-to-date: /home/urc/new-GUI/install/aruco_finder/include/aruco_finder/aruco_finder/msg/detail/found_marker__struct.hpp
[1.169s] -- Up-to-date: /home/urc/new-GUI/install/aruco_finder/include/aruco_finder/aruco_finder/msg/detail/found_marker_list__traits.hpp
[1.169s] -- Up-to-date: /home/urc/new-GUI/install/aruco_finder/include/aruco_finder/aruco_finder
[1.184s] -- Up-to-date: /home/urc/new-GUI/install/aruco_finder/include/aruco_finder/aruco_finder/msg
[1.184s] -- Up-to-date: /home/urc/new-GUI/install/aruco_finder/include/aruco_finder/aruco_finder/msg/rosidl_typesupport_fastrtps_cpp__visibility_control.h
[1.184s] -- Up-to-date: /home/urc/new-GUI/install/aruco_finder/include/aruco_finder/aruco_finder/msg/detail
[1.184s] -- Up-to-date: /home/urc/new-GUI/install/aruco_finder/include/aruco_finder/aruco_finder/msg/detail/found_marker__rosidl_typesupport_fastrtps_cpp.hpp
[1.185s] -- Up-to-date: /home/urc/new-GUI/install/aruco_finder/include/aruco_finder/aruco_finder/msg/detail/found_marker_list__rosidl_typesupport_fastrtps_cpp.hpp
[1.185s] -- Up-to-date: /home/urc/new-GUI/install/aruco_finder/include/aruco_finder/aruco_finder/msg/detail/dds_fastrtps
[1.186s] -- Up-to-date: /home/urc/new-GUI/install/aruco_finder/lib/libaruco_finder__rosidl_typesupport_fastrtps_cpp.so
[1.186s] -- Up-to-date: /home/urc/new-GUI/install/aruco_finder/include/aruco_finder/aruco_finder
[1.186s] -- Up-to-date: /home/urc/new-GUI/install/aruco_finder/include/aruco_finder/aruco_finder/msg
[1.186s] -- Up-to-date: /home/urc/new-GUI/install/aruco_finder/include/aruco_finder/aruco_finder/msg/detail
[1.187s] -- Up-to-date: /home/urc/new-GUI/install/aruco_finder/include/aruco_finder/aruco_finder/msg/detail/found_marker_list__type_support.cpp
[1.187s] -- Up-to-date: /home/urc/new-GUI/install/aruco_finder/include/aruco_finder/aruco_finder/msg/detail/found_marker_list__rosidl_typesupport_introspection_cpp.hpp
[1.187s] -- Up-to-date: /home/urc/new-GUI/install/aruco_finder/include/aruco_finder/aruco_finder/msg/detail/found_marker__type_support.cpp
[1.188s] -- Up-to-date: /home/urc/new-GUI/install/aruco_finder/include/aruco_finder/aruco_finder/msg/detail/found_marker__rosidl_typesupport_introspection_cpp.hpp
[1.188s] -- Up-to-date: /home/urc/new-GUI/install/aruco_finder/lib/libaruco_finder__rosidl_typesupport_introspection_cpp.so
[1.189s] -- Up-to-date: /home/urc/new-GUI/install/aruco_finder/lib/libaruco_finder__rosidl_typesupport_cpp.so
[1.189s] -- Up-to-date: /home/urc/new-GUI/install/aruco_finder/share/aruco_finder/environment/pythonpath.sh
[1.189s] -- Up-to-date: /home/urc/new-GUI/install/aruco_finder/share/aruco_finder/environment/pythonpath.dsv
[1.190s] -- Up-to-date: /home/urc/new-GUI/install/aruco_finder/local/lib/python3.10/dist-packages/aruco_finder-0.0.0-py3.10.egg-info
[1.190s] -- Installing: /home/urc/new-GUI/install/aruco_finder/local/lib/python3.10/dist-packages/aruco_finder-0.0.0-py3.10.egg-info/PKG-INFO
[1.190s] -- Installing: /home/urc/new-GUI/install/aruco_finder/local/lib/python3.10/dist-packages/aruco_finder-0.0.0-py3.10.egg-info/dependency_links.txt
[1.191s] -- Installing: /home/urc/new-GUI/install/aruco_finder/local/lib/python3.10/dist-packages/aruco_finder-0.0.0-py3.10.egg-info/top_level.txt
[1.191s] -- Installing: /home/urc/new-GUI/install/aruco_finder/local/lib/python3.10/dist-packages/aruco_finder-0.0.0-py3.10.egg-info/SOURCES.txt
[1.191s] -- Up-to-date: /home/urc/new-GUI/install/aruco_finder/local/lib/python3.10/dist-packages/aruco_finder
[1.191s] -- Up-to-date: /home/urc/new-GUI/install/aruco_finder/local/lib/python3.10/dist-packages/aruco_finder/msg
[1.191s] -- Up-to-date: /home/urc/new-GUI/install/aruco_finder/local/lib/python3.10/dist-packages/aruco_finder/msg/_found_marker_list.py
[1.192s] -- Up-to-date: /home/urc/new-GUI/install/aruco_finder/local/lib/python3.10/dist-packages/aruco_finder/msg/__init__.py
[1.192s] -- Up-to-date: /home/urc/new-GUI/install/aruco_finder/local/lib/python3.10/dist-packages/aruco_finder/msg/_found_marker_list_s.c
[1.192s] -- Up-to-date: /home/urc/new-GUI/install/aruco_finder/local/lib/python3.10/dist-packages/aruco_finder/msg/_found_marker.py
[1.192s] -- Up-to-date: /home/urc/new-GUI/install/aruco_finder/local/lib/python3.10/dist-packages/aruco_finder/msg/_found_marker_s.c
[1.193s] -- Up-to-date: /home/urc/new-GUI/install/aruco_finder/local/lib/python3.10/dist-packages/aruco_finder/libaruco_finder__rosidl_generator_py.so
[1.193s] -- Up-to-date: /home/urc/new-GUI/install/aruco_finder/local/lib/python3.10/dist-packages/aruco_finder/__init__.py
[1.193s] -- Up-to-date: /home/urc/new-GUI/install/aruco_finder/local/lib/python3.10/dist-packages/aruco_finder/aruco_finder_s__rosidl_typesupport_introspection_c.cpython-310-x86_64-linux-gnu.so
[1.193s] -- Up-to-date: /home/urc/new-GUI/install/aruco_finder/local/lib/python3.10/dist-packages/aruco_finder/aruco_finder_s__rosidl_typesupport_c.cpython-310-x86_64-linux-gnu.so
[1.193s] -- Up-to-date: /home/urc/new-GUI/install/aruco_finder/local/lib/python3.10/dist-packages/aruco_finder/aruco_finder_s__rosidl_typesupport_fastrtps_c.cpython-310-x86_64-linux-gnu.so
[1.193s] -- Up-to-date: /home/urc/new-GUI/install/aruco_finder/local/lib/python3.10/dist-packages/aruco_finder/_aruco_finder_s.ep.rosidl_typesupport_c.c
[1.194s] -- Up-to-date: /home/urc/new-GUI/install/aruco_finder/local/lib/python3.10/dist-packages/aruco_finder/_aruco_finder_s.ep.rosidl_typesupport_fastrtps_c.c
[1.194s] -- Up-to-date: /home/urc/new-GUI/install/aruco_finder/local/lib/python3.10/dist-packages/aruco_finder/_aruco_finder_s.ep.rosidl_typesupport_introspection_c.c
[1.239s] Listing '/home/urc/new-GUI/install/aruco_finder/local/lib/python3.10/dist-packages/aruco_finder'...
[1.239s] Listing '/home/urc/new-GUI/install/aruco_finder/local/lib/python3.10/dist-packages/aruco_finder/msg'...
[1.246s] -- Up-to-date: /home/urc/new-GUI/install/aruco_finder/local/lib/python3.10/dist-packages/aruco_finder/aruco_finder_s__rosidl_typesupport_fastrtps_c.cpython-310-x86_64-linux-gnu.so
[1.246s] -- Up-to-date: /home/urc/new-GUI/install/aruco_finder/local/lib/python3.10/dist-packages/aruco_finder/aruco_finder_s__rosidl_typesupport_introspection_c.cpython-310-x86_64-linux-gnu.so
[1.246s] -- Up-to-date: /home/urc/new-GUI/install/aruco_finder/local/lib/python3.10/dist-packages/aruco_finder/aruco_finder_s__rosidl_typesupport_c.cpython-310-x86_64-linux-gnu.so
[1.247s] -- Up-to-date: /home/urc/new-GUI/install/aruco_finder/lib/libaruco_finder__rosidl_generator_py.so
[1.247s] -- Up-to-date: /home/urc/new-GUI/install/aruco_finder/share/aruco_finder/msg/FoundMarker.idl
[1.247s] -- Up-to-date: /home/urc/new-GUI/install/aruco_finder/share/aruco_finder/msg/FoundMarkerList.idl
[1.248s] -- Up-to-date: /home/urc/new-GUI/install/aruco_finder/share/aruco_finder/msg/FoundMarker.msg
[1.248s] -- Up-to-date: /home/urc/new-GUI/install/aruco_finder/share/aruco_finder/msg/FoundMarkerList.msg
[1.248s] -- Up-to-date: /home/urc/new-GUI/install/aruco_finder/share/ament_index/resource_index/package_run_dependencies/aruco_finder
[1.249s] -- Up-to-date: /home/urc/new-GUI/install/aruco_finder/share/ament_index/resource_index/parent_prefix_path/aruco_finder
[1.249s] -- Up-to-date: /home/urc/new-GUI/install/aruco_finder/share/aruco_finder/environment/ament_prefix_path.sh
[1.249s] -- Up-to-date: /home/urc/new-GUI/install/aruco_finder/share/aruco_finder/environment/ament_prefix_path.dsv
[1.249s] -- Up-to-date: /home/urc/new-GUI/install/aruco_finder/share/aruco_finder/environment/path.sh
[1.250s] -- Up-to-date: /home/urc/new-GUI/install/aruco_finder/share/aruco_finder/environment/path.dsv
[1.250s] -- Up-to-date: /home/urc/new-GUI/install/aruco_finder/share/aruco_finder/local_setup.bash
[1.250s] -- Up-to-date: /home/urc/new-GUI/install/aruco_finder/share/aruco_finder/local_setup.sh
[1.250s] -- Up-to-date: /home/urc/new-GUI/install/aruco_finder/share/aruco_finder/local_setup.zsh
[1.251s] -- Up-to-date: /home/urc/new-GUI/install/aruco_finder/share/aruco_finder/local_setup.dsv
[1.251s] -- Installing: /home/urc/new-GUI/install/aruco_finder/share/aruco_finder/package.dsv
[1.252s] -- Up-to-date: /home/urc/new-GUI/install/aruco_finder/share/ament_index/resource_index/packages/aruco_finder
[1.253s] -- Up-to-date: /home/urc/new-GUI/install/aruco_finder/share/aruco_finder/cmake/export_aruco_finder__rosidl_generator_cExport.cmake
[1.254s] -- Up-to-date: /home/urc/new-GUI/install/aruco_finder/share/aruco_finder/cmake/export_aruco_finder__rosidl_generator_cExport-noconfig.cmake
[1.255s] -- Up-to-date: /home/urc/new-GUI/install/aruco_finder/share/aruco_finder/cmake/export_aruco_finder__rosidl_typesupport_fastrtps_cExport.cmake
[1.255s] -- Up-to-date: /home/urc/new-GUI/install/aruco_finder/share/aruco_finder/cmake/export_aruco_finder__rosidl_typesupport_fastrtps_cExport-noconfig.cmake
[1.255s] -- Up-to-date: /home/urc/new-GUI/install/aruco_finder/share/aruco_finder/cmake/aruco_finder__rosidl_typesupport_introspection_cExport.cmake
[1.256s] -- Up-to-date: /home/urc/new-GUI/install/aruco_finder/share/aruco_finder/cmake/aruco_finder__rosidl_typesupport_introspection_cExport-noconfig.cmake
[1.256s] -- Up-to-date: /home/urc/new-GUI/install/aruco_finder/share/aruco_finder/cmake/aruco_finder__rosidl_typesupport_cExport.cmake
[1.256s] -- Up-to-date: /home/urc/new-GUI/install/aruco_finder/share/aruco_finder/cmake/aruco_finder__rosidl_typesupport_cExport-noconfig.cmake
[1.256s] -- Up-to-date: /home/urc/new-GUI/install/aruco_finder/share/aruco_finder/cmake/export_aruco_finder__rosidl_generator_cppExport.cmake
[1.256s] -- Up-to-date: /home/urc/new-GUI/install/aruco_finder/share/aruco_finder/cmake/export_aruco_finder__rosidl_typesupport_fastrtps_cppExport.cmake
[1.256s] -- Up-to-date: /home/urc/new-GUI/install/aruco_finder/share/aruco_finder/cmake/export_aruco_finder__rosidl_typesupport_fastrtps_cppExport-noconfig.cmake
[1.256s] -- Up-to-date: /home/urc/new-GUI/install/aruco_finder/share/aruco_finder/cmake/aruco_finder__rosidl_typesupport_introspection_cppExport.cmake
[1.257s] -- Up-to-date: /home/urc/new-GUI/install/aruco_finder/share/aruco_finder/cmake/aruco_finder__rosidl_typesupport_introspection_cppExport-noconfig.cmake
[1.257s] -- Up-to-date: /home/urc/new-GUI/install/aruco_finder/share/aruco_finder/cmake/aruco_finder__rosidl_typesupport_cppExport.cmake
[1.259s] -- Up-to-date: /home/urc/new-GUI/install/aruco_finder/share/aruco_finder/cmake/aruco_finder__rosidl_typesupport_cppExport-noconfig.cmake
[1.260s] -- Up-to-date: /home/urc/new-GUI/install/aruco_finder/share/aruco_finder/cmake/export_aruco_finder__rosidl_generator_pyExport.cmake
[1.260s] -- Up-to-date: /home/urc/new-GUI/install/aruco_finder/share/aruco_finder/cmake/export_aruco_finder__rosidl_generator_pyExport-noconfig.cmake
[1.260s] -- Up-to-date: /home/urc/new-GUI/install/aruco_finder/share/aruco_finder/cmake/rosidl_cmake-extras.cmake
[1.260s] -- Up-to-date: /home/urc/new-GUI/install/aruco_finder/share/aruco_finder/cmake/ament_cmake_export_dependencies-extras.cmake
[1.260s] -- Up-to-date: /home/urc/new-GUI/install/aruco_finder/share/aruco_finder/cmake/ament_cmake_export_include_directories-extras.cmake
[1.260s] -- Up-to-date: /home/urc/new-GUI/install/aruco_finder/share/aruco_finder/cmake/ament_cmake_export_libraries-extras.cmake
[1.260s] -- Up-to-date: /home/urc/new-GUI/install/aruco_finder/share/aruco_finder/cmake/ament_cmake_export_targets-extras.cmake
[1.260s] -- Up-to-date: /home/urc/new-GUI/install/aruco_finder/share/aruco_finder/cmake/rosidl_cmake_export_typesupport_targets-extras.cmake
[1.260s] -- Up-to-date: /home/urc/new-GUI/install/aruco_finder/share/aruco_finder/cmake/rosidl_cmake_export_typesupport_libraries-extras.cmake
[1.261s] -- Up-to-date: /home/urc/new-GUI/install/aruco_finder/share/aruco_finder/cmake/aruco_finderConfig.cmake
[1.261s] -- Up-to-date: /home/urc/new-GUI/install/aruco_finder/share/aruco_finder/cmake/aruco_finderConfig-version.cmake
[1.261s] -- Up-to-date: /home/urc/new-GUI/install/aruco_finder/share/aruco_finder/package.xml
[1.288s] Invoked command in '/home/urc/new-GUI/build/aruco_finder' returned '0': CMAKE_PREFIX_PATH=/home/urc/new-GUI/install/theora_webcams:/home/urc/new-GUI/install/gui_window:/opt/ros/humble:/home/urc/new-GUI/install/geographic_msgs:/home/urc/new-GUI/install/aruco_finder /usr/bin/cmake --install /home/urc/new-GUI/build/aruco_finder
