[0.296s] Invoking command in '/home/urc/new-GUI/build/urc_gui_lib': CMAKE_PREFIX_PATH=/home/urc/new-GUI/install/theora_webcams:/home/urc/new-GUI/install/marker_interfacing:/home/urc/new-GUI/install/aruco_finder:/home/urc/new-GUI/install/rover_gui_lib:/home/urc/new-GUI/install/urc_gui_lib LD_LIBRARY_PATH=/home/urc/new-GUI/install/theora_webcams/lib:/home/urc/new-GUI/install/marker_interfacing/lib:/home/urc/new-GUI/install/aruco_finder/lib:/home/urc/new-GUI/install/rover_gui_lib/lib:/opt/ros/humble/opt/rviz_ogre_vendor/lib:/opt/ros/humble/lib/x86_64-linux-gnu:/opt/ros/humble/lib /usr/bin/cmake --build /home/urc/new-GUI/build/urc_gui_lib -- -j4 -l4
[1.000s] Invoked command in '/home/urc/new-GUI/build/urc_gui_lib' returned '0': CMAKE_PREFIX_PATH=/home/urc/new-GUI/install/theora_webcams:/home/urc/new-GUI/install/marker_interfacing:/home/urc/new-GUI/install/aruco_finder:/home/urc/new-GUI/install/rover_gui_lib:/home/urc/new-GUI/install/urc_gui_lib LD_LIBRARY_PATH=/home/urc/new-GUI/install/theora_webcams/lib:/home/urc/new-GUI/install/marker_interfacing/lib:/home/urc/new-GUI/install/aruco_finder/lib:/home/urc/new-GUI/install/rover_gui_lib/lib:/opt/ros/humble/opt/rviz_ogre_vendor/lib:/opt/ros/humble/lib/x86_64-linux-gnu:/opt/ros/humble/lib /usr/bin/cmake --build /home/urc/new-GUI/build/urc_gui_lib -- -j4 -l4
[1.164s] Invoking command in '/home/urc/new-GUI/build/urc_gui_lib': CMAKE_PREFIX_PATH=/home/urc/new-GUI/install/theora_webcams:/home/urc/new-GUI/install/marker_interfacing:/home/urc/new-GUI/install/aruco_finder:/home/urc/new-GUI/install/rover_gui_lib:/home/urc/new-GUI/install/urc_gui_lib LD_LIBRARY_PATH=/home/urc/new-GUI/install/theora_webcams/lib:/home/urc/new-GUI/install/marker_interfacing/lib:/home/urc/new-GUI/install/aruco_finder/lib:/home/urc/new-GUI/install/rover_gui_lib/lib:/opt/ros/humble/opt/rviz_ogre_vendor/lib:/opt/ros/humble/lib/x86_64-linux-gnu:/opt/ros/humble/lib /usr/bin/cmake --install /home/urc/new-GUI/build/urc_gui_lib
[1.190s] -- Install configuration: ""
[1.190s] -- Up-to-date: /home/urc/new-GUI/install/urc_gui_lib/share/ament_index/resource_index/package_run_dependencies/urc_gui_lib
[1.190s] -- Up-to-date: /home/urc/new-GUI/install/urc_gui_lib/share/ament_index/resource_index/parent_prefix_path/urc_gui_lib
[1.190s] -- Up-to-date: /home/urc/new-GUI/install/urc_gui_lib/share/urc_gui_lib/environment/ament_prefix_path.sh
[1.190s] -- Up-to-date: /home/urc/new-GUI/install/urc_gui_lib/share/urc_gui_lib/environment/ament_prefix_path.dsv
[1.191s] -- Up-to-date: /home/urc/new-GUI/install/urc_gui_lib/share/urc_gui_lib/environment/path.sh
[1.191s] -- Up-to-date: /home/urc/new-GUI/install/urc_gui_lib/share/urc_gui_lib/environment/path.dsv
[1.191s] -- Up-to-date: /home/urc/new-GUI/install/urc_gui_lib/share/urc_gui_lib/local_setup.bash
[1.191s] -- Up-to-date: /home/urc/new-GUI/install/urc_gui_lib/share/urc_gui_lib/local_setup.sh
[1.191s] -- Up-to-date: /home/urc/new-GUI/install/urc_gui_lib/share/urc_gui_lib/local_setup.zsh
[1.191s] -- Up-to-date: /home/urc/new-GUI/install/urc_gui_lib/share/urc_gui_lib/local_setup.dsv
[1.191s] -- Installing: /home/urc/new-GUI/install/urc_gui_lib/share/urc_gui_lib/package.dsv
[1.192s] -- Up-to-date: /home/urc/new-GUI/install/urc_gui_lib/share/ament_index/resource_index/packages/urc_gui_lib
[1.192s] -- Up-to-date: /home/urc/new-GUI/install/urc_gui_lib/share/urc_gui_lib/cmake/urc_gui_libConfig.cmake
[1.192s] -- Up-to-date: /home/urc/new-GUI/install/urc_gui_lib/share/urc_gui_lib/cmake/urc_gui_libConfig-version.cmake
[1.192s] -- Up-to-date: /home/urc/new-GUI/install/urc_gui_lib/share/urc_gui_lib/package.xml
[1.205s] Invoked command in '/home/urc/new-GUI/build/urc_gui_lib' returned '0': CMAKE_PREFIX_PATH=/home/urc/new-GUI/install/theora_webcams:/home/urc/new-GUI/install/marker_interfacing:/home/urc/new-GUI/install/aruco_finder:/home/urc/new-GUI/install/rover_gui_lib:/home/urc/new-GUI/install/urc_gui_lib LD_LIBRARY_PATH=/home/urc/new-GUI/install/theora_webcams/lib:/home/urc/new-GUI/install/marker_interfacing/lib:/home/urc/new-GUI/install/aruco_finder/lib:/home/urc/new-GUI/install/rover_gui_lib/lib:/opt/ros/humble/opt/rviz_ogre_vendor/lib:/opt/ros/humble/lib/x86_64-linux-gnu:/opt/ros/humble/lib /usr/bin/cmake --install /home/urc/new-GUI/build/urc_gui_lib
