[1.910s] DEBUG:colcon:Command line arguments: ['/usr/bin/colcon', 'build', '--packages-select', 'gui_window']
[1.910s] DEBUG:colcon:Parsed command line arguments: Namespace(log_base=None, log_level=None, verb_name='build', build_base='build', install_base='install', merge_install=False, symlink_install=False, test_result_base=None, continue_on_error=False, executor='parallel', parallel_workers=4, event_handlers=None, ignore_user_meta=False, metas=['./colcon.meta'], base_paths=['.'], packages_ignore=None, packages_ignore_regex=None, paths=None, packages_up_to=None, packages_up_to_regex=None, packages_above=None, packages_above_and_dependencies=None, packages_above_depth=None, packages_select_by_dep=None, packages_skip_by_dep=None, packages_skip_up_to=None, packages_select_build_failed=False, packages_skip_build_finished=False, packages_select_test_failures=False, packages_skip_test_passed=False, packages_select=['gui_window'], packages_skip=None, packages_select_regex=None, packages_skip_regex=None, packages_start=None, packages_end=None, allow_overriding=[], cmake_args=None, cmake_target=None, cmake_target_skip_unavailable=False, cmake_clean_cache=False, cmake_clean_first=False, cmake_force_configure=False, ament_cmake_args=None, catkin_cmake_args=None, catkin_skip_building_tests=False, verb_parser=<colcon_defaults.argument_parser.defaults.DefaultArgumentsDecorator object at 0x7f7efd0189d0>, verb_extension=<colcon_core.verb.build.BuildVerb object at 0x7f7efd44eb90>, main=<bound method BuildVerb.main of <colcon_core.verb.build.BuildVerb object at 0x7f7efd44eb90>>)
[2.077s] Level 1:colcon.colcon_core.package_discovery:discover_packages(colcon_meta) check parameters
[2.077s] Level 1:colcon.colcon_core.package_discovery:discover_packages(recursive) check parameters
[2.077s] Level 1:colcon.colcon_core.package_discovery:discover_packages(ignore) check parameters
[2.077s] Level 1:colcon.colcon_core.package_discovery:discover_packages(path) check parameters
[2.077s] Level 1:colcon.colcon_core.package_discovery:discover_packages(colcon_meta) discover
[2.077s] Level 1:colcon.colcon_core.package_discovery:discover_packages(recursive) discover
[2.077s] INFO:colcon.colcon_core.package_discovery:Crawling recursively for packages in '/home/urc/new-GUI'
[2.078s] Level 1:colcon.colcon_core.package_identification:_identify(.) by extensions ['ignore', 'ignore_ament_install']
[2.078s] Level 1:colcon.colcon_core.package_identification:_identify(.) by extension 'ignore'
[2.078s] Level 1:colcon.colcon_core.package_identification:_identify(.) by extension 'ignore_ament_install'
[2.078s] Level 1:colcon.colcon_core.package_identification:_identify(.) by extensions ['colcon_pkg']
[2.078s] Level 1:colcon.colcon_core.package_identification:_identify(.) by extension 'colcon_pkg'
[2.078s] Level 1:colcon.colcon_core.package_identification:_identify(.) by extensions ['colcon_meta']
[2.078s] Level 1:colcon.colcon_core.package_identification:_identify(.) by extension 'colcon_meta'
[2.078s] Level 1:colcon.colcon_core.package_identification:_identify(.) by extensions ['ros']
[2.078s] Level 1:colcon.colcon_core.package_identification:_identify(.) by extension 'ros'
[2.095s] Level 1:colcon.colcon_core.package_identification:_identify(.) by extensions ['cmake', 'python']
[2.095s] Level 1:colcon.colcon_core.package_identification:_identify(.) by extension 'cmake'
[2.095s] Level 1:colcon.colcon_core.package_identification:_identify(.) by extension 'python'
[2.095s] Level 1:colcon.colcon_core.package_identification:_identify(.) by extensions ['python_setup_py']
[2.095s] Level 1:colcon.colcon_core.package_identification:_identify(.) by extension 'python_setup_py'
[2.095s] Level 1:colcon.colcon_core.package_identification:_identify(build) by extensions ['ignore', 'ignore_ament_install']
[2.095s] Level 1:colcon.colcon_core.package_identification:_identify(build) by extension 'ignore'
[2.095s] Level 1:colcon.colcon_core.package_identification:_identify(build) ignored
[2.096s] Level 1:colcon.colcon_core.package_identification:_identify(install) by extensions ['ignore', 'ignore_ament_install']
[2.096s] Level 1:colcon.colcon_core.package_identification:_identify(install) by extension 'ignore'
[2.096s] Level 1:colcon.colcon_core.package_identification:_identify(install) ignored
[2.096s] Level 1:colcon.colcon_core.package_identification:_identify(log) by extensions ['ignore', 'ignore_ament_install']
[2.096s] Level 1:colcon.colcon_core.package_identification:_identify(log) by extension 'ignore'
[2.096s] Level 1:colcon.colcon_core.package_identification:_identify(log) ignored
[2.096s] Level 1:colcon.colcon_core.package_identification:_identify(src) by extensions ['ignore', 'ignore_ament_install']
[2.096s] Level 1:colcon.colcon_core.package_identification:_identify(src) by extension 'ignore'
[2.096s] Level 1:colcon.colcon_core.package_identification:_identify(src) by extension 'ignore_ament_install'
[2.097s] Level 1:colcon.colcon_core.package_identification:_identify(src) by extensions ['colcon_pkg']
[2.097s] Level 1:colcon.colcon_core.package_identification:_identify(src) by extension 'colcon_pkg'
[2.097s] Level 1:colcon.colcon_core.package_identification:_identify(src) by extensions ['colcon_meta']
[2.097s] Level 1:colcon.colcon_core.package_identification:_identify(src) by extension 'colcon_meta'
[2.097s] Level 1:colcon.colcon_core.package_identification:_identify(src) by extensions ['ros']
[2.097s] Level 1:colcon.colcon_core.package_identification:_identify(src) by extension 'ros'
[2.097s] Level 1:colcon.colcon_core.package_identification:_identify(src) by extensions ['cmake', 'python']
[2.097s] Level 1:colcon.colcon_core.package_identification:_identify(src) by extension 'cmake'
[2.097s] Level 1:colcon.colcon_core.package_identification:_identify(src) by extension 'python'
[2.097s] Level 1:colcon.colcon_core.package_identification:_identify(src) by extensions ['python_setup_py']
[2.097s] Level 1:colcon.colcon_core.package_identification:_identify(src) by extension 'python_setup_py'
[2.097s] Level 1:colcon.colcon_core.package_identification:_identify(src/aruco_finder) by extensions ['ignore', 'ignore_ament_install']
[2.097s] Level 1:colcon.colcon_core.package_identification:_identify(src/aruco_finder) by extension 'ignore'
[2.097s] Level 1:colcon.colcon_core.package_identification:_identify(src/aruco_finder) by extension 'ignore_ament_install'
[2.097s] Level 1:colcon.colcon_core.package_identification:_identify(src/aruco_finder) by extensions ['colcon_pkg']
[2.098s] Level 1:colcon.colcon_core.package_identification:_identify(src/aruco_finder) by extension 'colcon_pkg'
[2.098s] Level 1:colcon.colcon_core.package_identification:_identify(src/aruco_finder) by extensions ['colcon_meta']
[2.098s] Level 1:colcon.colcon_core.package_identification:_identify(src/aruco_finder) by extension 'colcon_meta'
[2.098s] Level 1:colcon.colcon_core.package_identification:_identify(src/aruco_finder) by extensions ['ros']
[2.098s] Level 1:colcon.colcon_core.package_identification:_identify(src/aruco_finder) by extension 'ros'
[2.102s] DEBUG:colcon.colcon_core.package_identification:Package 'src/aruco_finder' with type 'ros.ament_cmake' and name 'aruco_finder'
[2.102s] Level 1:colcon.colcon_core.package_identification:_identify(src/gui_window) by extensions ['ignore', 'ignore_ament_install']
[2.102s] Level 1:colcon.colcon_core.package_identification:_identify(src/gui_window) by extension 'ignore'
[2.102s] Level 1:colcon.colcon_core.package_identification:_identify(src/gui_window) by extension 'ignore_ament_install'
[2.102s] Level 1:colcon.colcon_core.package_identification:_identify(src/gui_window) by extensions ['colcon_pkg']
[2.102s] Level 1:colcon.colcon_core.package_identification:_identify(src/gui_window) by extension 'colcon_pkg'
[2.103s] Level 1:colcon.colcon_core.package_identification:_identify(src/gui_window) by extensions ['colcon_meta']
[2.103s] Level 1:colcon.colcon_core.package_identification:_identify(src/gui_window) by extension 'colcon_meta'
[2.103s] Level 1:colcon.colcon_core.package_identification:_identify(src/gui_window) by extensions ['ros']
[2.103s] Level 1:colcon.colcon_core.package_identification:_identify(src/gui_window) by extension 'ros'
[2.104s] DEBUG:colcon.colcon_core.package_identification:Package 'src/gui_window' with type 'ros.ament_python' and name 'gui_window'
[2.104s] Level 1:colcon.colcon_core.package_identification:_identify(src/theora_webcams) by extensions ['ignore', 'ignore_ament_install']
[2.104s] Level 1:colcon.colcon_core.package_identification:_identify(src/theora_webcams) by extension 'ignore'
[2.104s] Level 1:colcon.colcon_core.package_identification:_identify(src/theora_webcams) by extension 'ignore_ament_install'
[2.104s] Level 1:colcon.colcon_core.package_identification:_identify(src/theora_webcams) by extensions ['colcon_pkg']
[2.104s] Level 1:colcon.colcon_core.package_identification:_identify(src/theora_webcams) by extension 'colcon_pkg'
[2.104s] Level 1:colcon.colcon_core.package_identification:_identify(src/theora_webcams) by extensions ['colcon_meta']
[2.104s] Level 1:colcon.colcon_core.package_identification:_identify(src/theora_webcams) by extension 'colcon_meta'
[2.105s] Level 1:colcon.colcon_core.package_identification:_identify(src/theora_webcams) by extensions ['ros']
[2.105s] Level 1:colcon.colcon_core.package_identification:_identify(src/theora_webcams) by extension 'ros'
[2.107s] DEBUG:colcon.colcon_core.package_identification:Package 'src/theora_webcams' with type 'ros.ament_cmake' and name 'theora_webcams'
[2.107s] Level 1:colcon.colcon_core.package_discovery:discover_packages(recursive) using defaults
[2.107s] Level 1:colcon.colcon_core.package_discovery:discover_packages(ignore) discover
[2.107s] Level 1:colcon.colcon_core.package_discovery:discover_packages(ignore) using defaults
[2.107s] Level 1:colcon.colcon_core.package_discovery:discover_packages(path) discover
[2.107s] Level 1:colcon.colcon_core.package_discovery:discover_packages(path) using defaults
[2.218s] INFO:colcon.colcon_core.package_selection:Skipping not selected package 'aruco_finder' in 'src/aruco_finder'
[2.218s] INFO:colcon.colcon_core.package_selection:Skipping not selected package 'theora_webcams' in 'src/theora_webcams'
[2.267s] Level 1:colcon.colcon_core.package_discovery:discover_packages(prefix_path) check parameters
[2.267s] Level 1:colcon.colcon_core.package_discovery:discover_packages(prefix_path) discover
[2.318s] DEBUG:colcon.colcon_installed_package_information.package_discovery:Found 3 installed packages in /home/urc/new-GUI/install
[2.347s] DEBUG:colcon.colcon_installed_package_information.package_discovery:Found 289 installed packages in /opt/ros/humble
[2.365s] Level 1:colcon.colcon_core.package_discovery:discover_packages(prefix_path) using defaults
[2.542s] Level 5:colcon.colcon_core.verb:set package 'gui_window' build argument 'cmake_args' from command line to 'None'
[2.542s] Level 5:colcon.colcon_core.verb:set package 'gui_window' build argument 'cmake_target' from command line to 'None'
[2.542s] Level 5:colcon.colcon_core.verb:set package 'gui_window' build argument 'cmake_target_skip_unavailable' from command line to 'False'
[2.542s] Level 5:colcon.colcon_core.verb:set package 'gui_window' build argument 'cmake_clean_cache' from command line to 'False'
[2.542s] Level 5:colcon.colcon_core.verb:set package 'gui_window' build argument 'cmake_clean_first' from command line to 'False'
[2.542s] Level 5:colcon.colcon_core.verb:set package 'gui_window' build argument 'cmake_force_configure' from command line to 'False'
[2.542s] Level 5:colcon.colcon_core.verb:set package 'gui_window' build argument 'ament_cmake_args' from command line to 'None'
[2.542s] Level 5:colcon.colcon_core.verb:set package 'gui_window' build argument 'catkin_cmake_args' from command line to 'None'
[2.542s] Level 5:colcon.colcon_core.verb:set package 'gui_window' build argument 'catkin_skip_building_tests' from command line to 'False'
[2.542s] DEBUG:colcon.colcon_core.verb:Building package 'gui_window' with the following arguments: {'ament_cmake_args': None, 'build_base': '/home/urc/new-GUI/build/gui_window', 'catkin_cmake_args': None, 'catkin_skip_building_tests': False, 'cmake_args': None, 'cmake_clean_cache': False, 'cmake_clean_first': False, 'cmake_force_configure': False, 'cmake_target': None, 'cmake_target_skip_unavailable': False, 'install_base': '/home/urc/new-GUI/install/gui_window', 'merge_install': False, 'path': '/home/urc/new-GUI/src/gui_window', 'symlink_install': False, 'test_result_base': None}
[2.570s] INFO:colcon.colcon_core.executor:Executing jobs using 'parallel' executor
[2.595s] DEBUG:colcon.colcon_parallel_executor.executor.parallel:run_until_complete
[2.595s] INFO:colcon.colcon_ros.task.ament_python.build:Building ROS package in '/home/urc/new-GUI/src/gui_window' with build type 'ament_python'
[2.596s] Level 1:colcon.colcon_core.shell:create_environment_hook('gui_window', 'ament_prefix_path')
[2.625s] INFO:colcon.colcon_core.plugin_system:Skipping extension 'colcon_core.shell.bat': Not used on non-Windows systems
[2.625s] INFO:colcon.colcon_core.shell:Creating environment hook '/home/urc/new-GUI/install/gui_window/share/gui_window/hook/ament_prefix_path.ps1'
[2.626s] INFO:colcon.colcon_core.shell:Creating environment descriptor '/home/urc/new-GUI/install/gui_window/share/gui_window/hook/ament_prefix_path.dsv'
[2.627s] INFO:colcon.colcon_core.shell:Creating environment hook '/home/urc/new-GUI/install/gui_window/share/gui_window/hook/ament_prefix_path.sh'
[2.653s] INFO:colcon.colcon_core.shell:Skip shell extension 'powershell' for command environment: Not usable outside of PowerShell
[2.653s] DEBUG:colcon.colcon_core.shell:Skip shell extension 'dsv' for command environment
[3.290s] INFO:colcon.colcon_core.task.python.build:Building Python package in '/home/urc/new-GUI/src/gui_window'
[3.316s] INFO:colcon.colcon_core.shell:Skip shell extension 'powershell' for command environment: Not usable outside of PowerShell
[3.316s] DEBUG:colcon.colcon_core.shell:Skip shell extension 'dsv' for command environment
[4.195s] DEBUG:colcon.colcon_core.event_handler.log_command:Invoking command in '/home/urc/new-GUI/src/gui_window': PYTHONPATH=/home/urc/new-GUI/build/gui_window/prefix_override:/home/urc/new-GUI/install/gui_window/lib/python3.10/site-packages:${PYTHONPATH} /usr/bin/python3 setup.py egg_info --egg-base ../../build/gui_window build --build-base /home/urc/new-GUI/build/gui_window/build install --record /home/urc/new-GUI/build/gui_window/install.log --single-version-externally-managed
[4.804s] DEBUG:colcon.colcon_core.event_handler.log_command:Invoked command in '/home/urc/new-GUI/src/gui_window' returned '0': PYTHONPATH=/home/urc/new-GUI/build/gui_window/prefix_override:/home/urc/new-GUI/install/gui_window/lib/python3.10/site-packages:${PYTHONPATH} /usr/bin/python3 setup.py egg_info --egg-base ../../build/gui_window build --build-base /home/urc/new-GUI/build/gui_window/build install --record /home/urc/new-GUI/build/gui_window/install.log --single-version-externally-managed
[4.850s] Level 1:colcon.colcon_core.environment:checking '/home/urc/new-GUI/install/gui_window' for CMake module files
[4.852s] Level 1:colcon.colcon_core.environment:checking '/home/urc/new-GUI/install/gui_window' for CMake config files
[4.854s] Level 1:colcon.colcon_core.environment:checking '/home/urc/new-GUI/install/gui_window/lib'
[4.854s] Level 1:colcon.colcon_core.environment:checking '/home/urc/new-GUI/install/gui_window/bin'
[4.854s] Level 1:colcon.colcon_core.environment:checking '/home/urc/new-GUI/install/gui_window/lib/pkgconfig/gui_window.pc'
[4.855s] Level 1:colcon.colcon_core.environment:checking '/home/urc/new-GUI/install/gui_window/lib/python3.10/site-packages'
[4.855s] Level 1:colcon.colcon_core.shell:create_environment_hook('gui_window', 'pythonpath')
[4.880s] INFO:colcon.colcon_core.shell:Creating environment hook '/home/urc/new-GUI/install/gui_window/share/gui_window/hook/pythonpath.ps1'
[4.881s] INFO:colcon.colcon_core.shell:Creating environment descriptor '/home/urc/new-GUI/install/gui_window/share/gui_window/hook/pythonpath.dsv'
[4.882s] INFO:colcon.colcon_core.shell:Creating environment hook '/home/urc/new-GUI/install/gui_window/share/gui_window/hook/pythonpath.sh'
[4.883s] Level 1:colcon.colcon_core.environment:checking '/home/urc/new-GUI/install/gui_window/bin'
[4.883s] Level 1:colcon.colcon_core.environment:create_environment_scripts_only(gui_window)
[4.912s] INFO:colcon.colcon_core.shell:Creating package script '/home/urc/new-GUI/install/gui_window/share/gui_window/package.ps1'
[4.914s] INFO:colcon.colcon_core.shell:Creating package descriptor '/home/urc/new-GUI/install/gui_window/share/gui_window/package.dsv'
[4.915s] INFO:colcon.colcon_core.shell:Creating package script '/home/urc/new-GUI/install/gui_window/share/gui_window/package.sh'
[4.917s] INFO:colcon.colcon_core.shell:Creating package script '/home/urc/new-GUI/install/gui_window/share/gui_window/package.bash'
[4.919s] INFO:colcon.colcon_core.shell:Creating package script '/home/urc/new-GUI/install/gui_window/share/gui_window/package.zsh'
[4.921s] Level 1:colcon.colcon_core.environment:create_file_with_runtime_dependencies(/home/urc/new-GUI/install/gui_window/share/colcon-core/packages/gui_window)
[4.922s] DEBUG:colcon.colcon_parallel_executor.executor.parallel:closing loop
[4.922s] DEBUG:colcon.colcon_parallel_executor.executor.parallel:loop closed
[4.923s] DEBUG:colcon.colcon_parallel_executor.executor.parallel:run_until_complete finished with '0'
[4.923s] DEBUG:colcon.colcon_core.event_reactor:joining thread
[4.973s] INFO:colcon.colcon_core.plugin_system:Skipping extension 'colcon_notification.desktop_notification.terminal_notifier': Not used on non-Darwin systems
[4.973s] INFO:colcon.colcon_core.plugin_system:Skipping extension 'colcon_notification.desktop_notification.win32': Not used on non-Windows systems
[4.974s] INFO:colcon.colcon_notification.desktop_notification:Sending desktop notification using 'notify2'
[4.996s] DEBUG:colcon.colcon_core.event_reactor:joined thread
[5.023s] INFO:colcon.colcon_core.shell:Creating prefix script '/home/urc/new-GUI/install/local_setup.ps1'
[5.025s] INFO:colcon.colcon_core.shell:Creating prefix util module '/home/urc/new-GUI/install/_local_setup_util_ps1.py'
[5.028s] INFO:colcon.colcon_core.shell:Creating prefix chain script '/home/urc/new-GUI/install/setup.ps1'
[5.056s] INFO:colcon.colcon_core.shell:Creating prefix script '/home/urc/new-GUI/install/local_setup.sh'
[5.056s] INFO:colcon.colcon_core.shell:Creating prefix util module '/home/urc/new-GUI/install/_local_setup_util_sh.py'
[5.057s] INFO:colcon.colcon_core.shell:Creating prefix chain script '/home/urc/new-GUI/install/setup.sh'
[5.083s] INFO:colcon.colcon_core.shell:Creating prefix script '/home/urc/new-GUI/install/local_setup.bash'
[5.084s] INFO:colcon.colcon_core.shell:Creating prefix chain script '/home/urc/new-GUI/install/setup.bash'
[5.111s] INFO:colcon.colcon_core.shell:Creating prefix script '/home/urc/new-GUI/install/local_setup.zsh'
[5.112s] INFO:colcon.colcon_core.shell:Creating prefix chain script '/home/urc/new-GUI/install/setup.zsh'
