[2.316s] Invoking command in '/home/urc/new_GUI/src/gui_window': CMAKE_PREFIX_PATH=/home/urc/new_GUI/install/rover_gui_lib:/home/urc/new_GUI/install/urc_gui_lib:/home/urc/new_GUI/install/theora_webcams:/home/urc/new_GUI/install/ocean_optics_spectrometer:/home/urc/new_GUI/install/marker_interfacing:/home/urc/new_GUI/install/hockey_stick_arm:/home/urc/new_GUI/install/aruco_finder:/home/urc/new_GUI/install/science_servo_control LD_LIBRARY_PATH=/home/urc/new_GUI/install/rover_gui_lib/lib:/home/urc/new_GUI/install/theora_webcams/lib:/home/urc/new_GUI/install/ocean_optics_spectrometer/lib:/home/urc/new_GUI/install/marker_interfacing/lib:/home/urc/new_GUI/install/hockey_stick_arm/lib:/home/urc/new_GUI/install/aruco_finder/lib:/home/urc/new_GUI/install/science_servo_control/lib:/opt/ros/humble/opt/rviz_ogre_vendor/lib:/opt/ros/humble/lib/x86_64-linux-gnu:/opt/ros/humble/lib PYTHONPATH=/home/urc/new_GUI/build/gui_window/prefix_override:/home/urc/new_GUI/install/gui_window/lib/python3.10/site-packages:/home/urc/new_GUI/install/rover_gui_lib/local/lib/python3.10/dist-packages:/home/urc/new_GUI/install/gui_window/lib/python3.10/site-packages:/home/urc/new_GUI/install/theora_webcams/local/lib/python3.10/dist-packages:/home/urc/new_GUI/install/science_servo_control/local/lib/python3.10/dist-packages:/home/urc/new_GUI/install/ocean_optics_spectrometer/local/lib/python3.10/dist-packages:/home/urc/new_GUI/install/marker_interfacing/local/lib/python3.10/dist-packages:/home/urc/new_GUI/install/hockey_stick_arm/local/lib/python3.10/dist-packages:/home/urc/new_GUI/install/aruco_finder/local/lib/python3.10/dist-packages:/home/urc/test_ws/install/turtle_test/lib/python3.10/site-packages:/home/urc/test_ws/install/roslink_test/lib/python3.10/site-packages:/opt/ros/humble/lib/python3.10/site-packages:/opt/ros/humble/local/lib/python3.10/dist-packages /usr/bin/python3 setup.py egg_info --egg-base ../../build/gui_window build --build-base /home/urc/new_GUI/build/gui_window/build install --record /home/urc/new_GUI/build/gui_window/install.log --single-version-externally-managed
[2.825s] running egg_info
[2.826s] writing ../../build/gui_window/gui_window.egg-info/PKG-INFO
[2.826s] writing dependency_links to ../../build/gui_window/gui_window.egg-info/dependency_links.txt
[2.826s] writing entry points to ../../build/gui_window/gui_window.egg-info/entry_points.txt
[2.826s] writing requirements to ../../build/gui_window/gui_window.egg-info/requires.txt
[2.826s] writing top-level names to ../../build/gui_window/gui_window.egg-info/top_level.txt
[2.833s] reading manifest file '../../build/gui_window/gui_window.egg-info/SOURCES.txt'
[2.886s] writing manifest file '../../build/gui_window/gui_window.egg-info/SOURCES.txt'
[2.886s] running build
[2.886s] running build_py
[2.887s] copying gui_window/urc_gui_common/ros_link.py -> /home/urc/new_GUI/build/gui_window/build/lib/gui_window/urc_gui_common
[2.894s] running install
[2.894s] running install_lib
[2.895s] copying /home/urc/new_GUI/build/gui_window/build/lib/gui_window/urc_gui_common/ros_link.py -> /home/urc/new_GUI/install/gui_window/lib/python3.10/site-packages/gui_window/urc_gui_common
[2.899s] byte-compiling /home/urc/new_GUI/install/gui_window/lib/python3.10/site-packages/gui_window/urc_gui_common/ros_link.py to ros_link.cpython-310.pyc
[2.902s] running install_data
[2.907s] running install_egg_info
[2.908s] removing '/home/urc/new_GUI/install/gui_window/lib/python3.10/site-packages/gui_window-0.0.0-py3.10.egg-info' (and everything under it)
[2.908s] Copying ../../build/gui_window/gui_window.egg-info to /home/urc/new_GUI/install/gui_window/lib/python3.10/site-packages/gui_window-0.0.0-py3.10.egg-info
[2.958s] running install_scripts
[2.988s] Installing gui script to /home/urc/new_GUI/install/gui_window/lib/gui_window
[2.992s] writing list of installed files to '/home/urc/new_GUI/build/gui_window/install.log'
[3.056s] Invoked command in '/home/urc/new_GUI/src/gui_window' returned '0': CMAKE_PREFIX_PATH=/home/urc/new_GUI/install/rover_gui_lib:/home/urc/new_GUI/install/urc_gui_lib:/home/urc/new_GUI/install/theora_webcams:/home/urc/new_GUI/install/ocean_optics_spectrometer:/home/urc/new_GUI/install/marker_interfacing:/home/urc/new_GUI/install/hockey_stick_arm:/home/urc/new_GUI/install/aruco_finder:/home/urc/new_GUI/install/science_servo_control LD_LIBRARY_PATH=/home/urc/new_GUI/install/rover_gui_lib/lib:/home/urc/new_GUI/install/theora_webcams/lib:/home/urc/new_GUI/install/ocean_optics_spectrometer/lib:/home/urc/new_GUI/install/marker_interfacing/lib:/home/urc/new_GUI/install/hockey_stick_arm/lib:/home/urc/new_GUI/install/aruco_finder/lib:/home/urc/new_GUI/install/science_servo_control/lib:/opt/ros/humble/opt/rviz_ogre_vendor/lib:/opt/ros/humble/lib/x86_64-linux-gnu:/opt/ros/humble/lib PYTHONPATH=/home/urc/new_GUI/build/gui_window/prefix_override:/home/urc/new_GUI/install/gui_window/lib/python3.10/site-packages:/home/urc/new_GUI/install/rover_gui_lib/local/lib/python3.10/dist-packages:/home/urc/new_GUI/install/gui_window/lib/python3.10/site-packages:/home/urc/new_GUI/install/theora_webcams/local/lib/python3.10/dist-packages:/home/urc/new_GUI/install/science_servo_control/local/lib/python3.10/dist-packages:/home/urc/new_GUI/install/ocean_optics_spectrometer/local/lib/python3.10/dist-packages:/home/urc/new_GUI/install/marker_interfacing/local/lib/python3.10/dist-packages:/home/urc/new_GUI/install/hockey_stick_arm/local/lib/python3.10/dist-packages:/home/urc/new_GUI/install/aruco_finder/local/lib/python3.10/dist-packages:/home/urc/test_ws/install/turtle_test/lib/python3.10/site-packages:/home/urc/test_ws/install/roslink_test/lib/python3.10/site-packages:/opt/ros/humble/lib/python3.10/site-packages:/opt/ros/humble/local/lib/python3.10/dist-packages /usr/bin/python3 setup.py egg_info --egg-base ../../build/gui_window build --build-base /home/urc/new_GUI/build/gui_window/build install --record /home/urc/new_GUI/build/gui_window/install.log --single-version-externally-managed
