[1.987s] Invoking command in '/home/urc/new-GUI/src/gui_window': CMAKE_PREFIX_PATH=/home/urc/new-GUI/install/theora_webcams:/home/urc/new-GUI/install/marker_interfacing:/home/urc/new-GUI/install/aruco_finder:/home/urc/new-GUI/install/rover_gui_lib:/home/urc/new-GUI/install/urc_gui_lib LD_LIBRARY_PATH=/home/urc/new-GUI/install/theora_webcams/lib:/home/urc/new-GUI/install/marker_interfacing/lib:/home/urc/new-GUI/install/aruco_finder/lib:/home/urc/new-GUI/install/rover_gui_lib/lib:/opt/ros/humble/opt/rviz_ogre_vendor/lib:/opt/ros/humble/lib/x86_64-linux-gnu:/opt/ros/humble/lib PYTHONPATH=/home/urc/new-GUI/build/gui_window/prefix_override:/home/urc/new-GUI/install/gui_window/lib/python3.10/site-packages:${PYTHONPATH} /usr/bin/python3 setup.py egg_info --egg-base ../../build/gui_window build --build-base /home/urc/new-GUI/build/gui_window/build install --record /home/urc/new-GUI/build/gui_window/install.log --single-version-externally-managed
[2.772s] running egg_info
[2.781s] writing ../../build/gui_window/gui_window.egg-info/PKG-INFO
[2.781s] writing dependency_links to ../../build/gui_window/gui_window.egg-info/dependency_links.txt
[2.781s] writing entry points to ../../build/gui_window/gui_window.egg-info/entry_points.txt
[2.781s] writing requirements to ../../build/gui_window/gui_window.egg-info/requires.txt
[2.781s] writing top-level names to ../../build/gui_window/gui_window.egg-info/top_level.txt
[2.783s] reading manifest file '../../build/gui_window/gui_window.egg-info/SOURCES.txt'
[2.787s] writing manifest file '../../build/gui_window/gui_window.egg-info/SOURCES.txt'
[2.788s] running build
[2.788s] running build_py
[2.789s] copying gui_window/urc_gui_common/camera_link.py -> /home/urc/new-GUI/build/gui_window/build/lib/gui_window/urc_gui_common
[2.791s] copying gui_window/urc_gui_common/tabs/map.py -> /home/urc/new-GUI/build/gui_window/build/lib/gui_window/urc_gui_common/tabs
[2.796s] running install
[2.798s] running install_lib
[2.799s] copying /home/urc/new-GUI/build/gui_window/build/lib/gui_window/urc_gui_common/camera_link.py -> /home/urc/new-GUI/install/gui_window/lib/python3.10/site-packages/gui_window/urc_gui_common
[2.799s] copying /home/urc/new-GUI/build/gui_window/build/lib/gui_window/urc_gui_common/tabs/map.py -> /home/urc/new-GUI/install/gui_window/lib/python3.10/site-packages/gui_window/urc_gui_common/tabs
[2.805s] byte-compiling /home/urc/new-GUI/install/gui_window/lib/python3.10/site-packages/gui_window/urc_gui_common/camera_link.py to camera_link.cpython-310.pyc
[2.809s] byte-compiling /home/urc/new-GUI/install/gui_window/lib/python3.10/site-packages/gui_window/urc_gui_common/tabs/map.py to map.cpython-310.pyc
[2.818s] running install_data
[2.819s] running install_egg_info
[2.823s] removing '/home/urc/new-GUI/install/gui_window/lib/python3.10/site-packages/gui_window-0.0.0-py3.10.egg-info' (and everything under it)
[2.833s] Copying ../../build/gui_window/gui_window.egg-info to /home/urc/new-GUI/install/gui_window/lib/python3.10/site-packages/gui_window-0.0.0-py3.10.egg-info
[2.835s] running install_scripts
[2.872s] Installing gui script to /home/urc/new-GUI/install/gui_window/lib/gui_window
[2.876s] writing list of installed files to '/home/urc/new-GUI/build/gui_window/install.log'
[2.927s] Invoked command in '/home/urc/new-GUI/src/gui_window' returned '0': CMAKE_PREFIX_PATH=/home/urc/new-GUI/install/theora_webcams:/home/urc/new-GUI/install/marker_interfacing:/home/urc/new-GUI/install/aruco_finder:/home/urc/new-GUI/install/rover_gui_lib:/home/urc/new-GUI/install/urc_gui_lib LD_LIBRARY_PATH=/home/urc/new-GUI/install/theora_webcams/lib:/home/urc/new-GUI/install/marker_interfacing/lib:/home/urc/new-GUI/install/aruco_finder/lib:/home/urc/new-GUI/install/rover_gui_lib/lib:/opt/ros/humble/opt/rviz_ogre_vendor/lib:/opt/ros/humble/lib/x86_64-linux-gnu:/opt/ros/humble/lib PYTHONPATH=/home/urc/new-GUI/build/gui_window/prefix_override:/home/urc/new-GUI/install/gui_window/lib/python3.10/site-packages:${PYTHONPATH} /usr/bin/python3 setup.py egg_info --egg-base ../../build/gui_window build --build-base /home/urc/new-GUI/build/gui_window/build install --record /home/urc/new-GUI/build/gui_window/install.log --single-version-externally-managed
