[33mCMake Warning at CMakeLists.txt:237 (find_package):
  By not providing "Findroscpp.cmake" in CMAKE_MODULE_PATH this project has
  asked CMake to find a package configuration file provided by "roscpp", but
  CMake did not find one.

  Could not find a package configuration file provided by "roscpp" with any
  of the following names:

    roscppConfig.cmake
    roscpp-config.cmake

  Add the installation prefix of "roscpp" to CMAKE_PREFIX_PATH or set
  "roscpp_DIR" to a directory containing one of the above files.  If "roscpp"
  provides a separate development package or SDK, be sure it has been
  installed.

[0m
[33mCMake Warning at CMakeLists.txt:240 (find_package):
  By not providing "Findfiducial_msgs.cmake" in CMAKE_MODULE_PATH this
  project has asked CMake to find a package configuration file provided by
  "fiducial_msgs", but CMake did not find one.

  Could not find a package configuration file provided by "fiducial_msgs"
  with any of the following names:

    fiducial_msgsConfig.cmake
    fiducial_msgs-config.cmake

  Add the installation prefix of "fiducial_msgs" to CMAKE_PREFIX_PATH or set
  "fiducial_msgs_DIR" to a directory containing one of the above files.  If
  "fiducial_msgs" provides a separate development package or SDK, be sure it
  has been installed.

[0m
[31mCMake Error at /opt/ros/humble/share/rosidl_cmake/cmake/rosidl_generate_interfaces.cmake:162 (message):
  rosidl_generate_interfaces() the passed dependency 'fiducial_msgs' has not
  been found before using find_package()
Call Stack (most recent call first):
  CMakeLists.txt:242 (rosidl_generate_interfaces)

[0m
