[0.208s] Invoking command in '/home/urc/new-GUI/build/science_servo_control': CMAKE_PREFIX_PATH=/opt/ros/humble /usr/bin/cmake /home/urc/new-GUI/src/science_servo_control-main -DCMAKE_INSTALL_PREFIX=/home/urc/new-GUI/install/science_servo_control
[0.378s] -- The C compiler identification is GNU 11.4.0
[0.573s] -- The CXX compiler identification is GNU 11.4.0
[0.595s] -- Detecting C compiler ABI info
[0.823s] -- Detecting C compiler ABI info - done
[0.881s] -- Check for working C compiler: /usr/bin/cc - skipped
[0.881s] -- Detecting C compile features
[0.881s] -- Detecting C compile features - done
[0.896s] -- Detecting CXX compiler ABI info
[1.114s] -- Detecting CXX compiler ABI info - done
[1.170s] -- Check for working CXX compiler: /usr/bin/c++ - skipped
[1.170s] -- Detecting CXX compile features
[1.170s] -- Detecting CXX compile features - done
[1.173s] -- Found ament_cmake: 1.3.5 (/opt/ros/humble/share/ament_cmake/cmake)
[1.902s] -- Found Python3: /usr/bin/python3.10 (found version "3.10.12") found components: Interpreter 
[2.216s] -- Found ament_lint_auto: 0.12.8 (/opt/ros/humble/share/ament_lint_auto/cmake)
[2.396s] [31mCMake Error at /opt/ros/humble/share/ament_cmake_core/cmake/core/ament_package_xml.cmake:53 (message):
[2.396s]   ament_package_xml() package name 'science_servo_control' in '/package.xml'
[2.396s]   does not match current PROJECT_NAME 'aruco_finder'.  You must call
[2.396s]   project() with the same package name before.
[2.396s] Call Stack (most recent call first):
[2.396s]   /opt/ros/humble/share/ament_lint_auto/cmake/ament_lint_auto_find_test_dependencies.cmake:31 (ament_package_xml)
[2.397s]   CMakeLists.txt:27 (ament_lint_auto_find_test_dependencies)
[2.397s] 
[2.397s] [0m
[2.397s] -- Configuring incomplete, errors occurred!
[2.397s] See also "/home/urc/new-GUI/build/science_servo_control/CMakeFiles/CMakeOutput.log".
[2.411s] Invoked command in '/home/urc/new-GUI/build/science_servo_control' returned '1': CMAKE_PREFIX_PATH=/opt/ros/humble /usr/bin/cmake /home/urc/new-GUI/src/science_servo_control-main -DCMAKE_INSTALL_PREFIX=/home/urc/new-GUI/install/science_servo_control
